000	INIT	0x2003	LRI	Reg0	0X03	RESET TERMINAL COMMAND	
001			0x7002	IOW	Reg0	IO_02	WRITE VDU CMD REG	
002			0x2003	LRI	Reg0	0X03	RESET UART COMMAND	
003			0x7000	IOW	Reg0	IO_00	WRITE UART CMD REG	
004			0x2020	LRI	Reg0	0X20	TX CTRLS RTS	
005			0x7002	IOW	Reg0	IO_02	WRITE VDU CMD REG	
006			0x200C	LRI	Reg0	0X0C	SCREEN CLEAR	
007			0x7003	IOW	Reg0	IO_03	WRITE OUT SCREEN	
008			0x2020	LRI	Reg0	0X20	TX CTRLS RTS	
009			0x7000	IOW	Reg0	IO_00	WRITE UART CMD REG	
00a	START	0xA00D	JSR	KB2PDP			KEYBOARD TO PDP-8	
00b			0xA014	JSR	PDP2VDU			PDP-8 TO VGA	
00c			0xE00A	JMP	START			LOOP FOREVER	
00d	KB2PDP	0x6004	IOR	Reg0	IO_04	READ KBD STATUS	
00e			0x8001	ARI	Reg0	0X01	MASK RX DATA PRESENT BIT	
00f			0xC004	BEZ	NOKDBD			NO KBD DATA	
010			0x6005	IOR	Reg0	IO_05	READ KBD DATA	
011			0x9080	ORI	Reg0	0X80	MARK PARITY	
012			0x7001	IOW	Reg0	IO_01	WRITE TO UART DATA	
013	NOKDBD	0xB000	RTS					DONE KEYBOARD TO UART	
014	PDP2VDU	0x6000	IOR	Reg0	IO_00	PDP-11 TO VDU	
015			0x8001	ARI	Reg0	0X01	MASK RX DATA PRESENT BIT	
016			0xC004	BEZ	NOPDPD			NO UART DATA	
017			0x6001	IOR	Reg0	IO_01	READ UART DATA	
018			0x807F	ARI	Reg0	0X7F	8 TO 7 BITS	
019			0x7003	IOW	Reg0	IO_03	WRITE OUT SCREEN	
01a	NOPDPD	0xB000	RTS					DONE UART TO VGA	
