ARM GAS  C:\Users\DGILLI~1\AppData\Local\Temp\ccg6FrKC.s 			page 1


   1              		.syntax unified
   2              		.cpu cortex-m3
   3              		.fpu softvfp
   4              		.eabi_attribute 20, 1
   5              		.eabi_attribute 21, 1
   6              		.eabi_attribute 23, 3
   7              		.eabi_attribute 24, 1
   8              		.eabi_attribute 25, 1
   9              		.eabi_attribute 26, 1
  10              		.eabi_attribute 30, 1
  11              		.eabi_attribute 34, 1
  12              		.eabi_attribute 18, 4
  13              		.thumb
  14              		.syntax unified
  15              		.file	"MEM_CTRL.c"
  16              		.text
  17              	.Ltext0:
  18              		.cfi_sections	.debug_frame
  19              		.section	.text.MEM_CTRL_Write,"ax",%progbits
  20              		.align	2
  21              		.global	MEM_CTRL_Write
  22              		.thumb
  23              		.thumb_func
  24              		.type	MEM_CTRL_Write, %function
  25              	MEM_CTRL_Write:
  26              	.LFB0:
  27              		.file 1 "Generated_Source\\PSoC5\\MEM_CTRL.c"
   1:Generated_Source\PSoC5/MEM_CTRL.c **** /*******************************************************************************
   2:Generated_Source\PSoC5/MEM_CTRL.c **** * File Name: MEM_CTRL.c  
   3:Generated_Source\PSoC5/MEM_CTRL.c **** * Version 1.80
   4:Generated_Source\PSoC5/MEM_CTRL.c **** *
   5:Generated_Source\PSoC5/MEM_CTRL.c **** * Description:
   6:Generated_Source\PSoC5/MEM_CTRL.c **** *  This file contains API to enable firmware control of a Control Register.
   7:Generated_Source\PSoC5/MEM_CTRL.c **** *
   8:Generated_Source\PSoC5/MEM_CTRL.c **** * Note:
   9:Generated_Source\PSoC5/MEM_CTRL.c **** *
  10:Generated_Source\PSoC5/MEM_CTRL.c **** ********************************************************************************
  11:Generated_Source\PSoC5/MEM_CTRL.c **** * Copyright 2008-2015, Cypress Semiconductor Corporation.  All rights reserved.
  12:Generated_Source\PSoC5/MEM_CTRL.c **** * You may use this file only in accordance with the license, terms, conditions, 
  13:Generated_Source\PSoC5/MEM_CTRL.c **** * disclaimers, and limitations in the end user license agreement accompanying 
  14:Generated_Source\PSoC5/MEM_CTRL.c **** * the software package with which this file was provided.
  15:Generated_Source\PSoC5/MEM_CTRL.c **** *******************************************************************************/
  16:Generated_Source\PSoC5/MEM_CTRL.c **** 
  17:Generated_Source\PSoC5/MEM_CTRL.c **** #include "MEM_CTRL.h"
  18:Generated_Source\PSoC5/MEM_CTRL.c **** 
  19:Generated_Source\PSoC5/MEM_CTRL.c **** /* Check for removal by optimization */
  20:Generated_Source\PSoC5/MEM_CTRL.c **** #if !defined(MEM_CTRL_Sync_ctrl_reg__REMOVED)
  21:Generated_Source\PSoC5/MEM_CTRL.c **** 
  22:Generated_Source\PSoC5/MEM_CTRL.c ****     
  23:Generated_Source\PSoC5/MEM_CTRL.c **** /*******************************************************************************
  24:Generated_Source\PSoC5/MEM_CTRL.c **** * Function Name: MEM_CTRL_Write
  25:Generated_Source\PSoC5/MEM_CTRL.c **** ********************************************************************************
  26:Generated_Source\PSoC5/MEM_CTRL.c **** *
  27:Generated_Source\PSoC5/MEM_CTRL.c **** * Summary:
  28:Generated_Source\PSoC5/MEM_CTRL.c **** *  Write a byte to the Control Register.
  29:Generated_Source\PSoC5/MEM_CTRL.c **** *
  30:Generated_Source\PSoC5/MEM_CTRL.c **** * Parameters:
ARM GAS  C:\Users\DGILLI~1\AppData\Local\Temp\ccg6FrKC.s 			page 2


  31:Generated_Source\PSoC5/MEM_CTRL.c **** *  control:  The value to be assigned to the Control Register.
  32:Generated_Source\PSoC5/MEM_CTRL.c **** *
  33:Generated_Source\PSoC5/MEM_CTRL.c **** * Return:
  34:Generated_Source\PSoC5/MEM_CTRL.c **** *  None.
  35:Generated_Source\PSoC5/MEM_CTRL.c **** *
  36:Generated_Source\PSoC5/MEM_CTRL.c **** *******************************************************************************/
  37:Generated_Source\PSoC5/MEM_CTRL.c **** void MEM_CTRL_Write(uint8 control) 
  38:Generated_Source\PSoC5/MEM_CTRL.c **** {
  28              		.loc 1 38 0
  29              		.cfi_startproc
  30              		@ args = 0, pretend = 0, frame = 0
  31              		@ frame_needed = 0, uses_anonymous_args = 0
  32              		@ link register save eliminated.
  33              	.LVL0:
  39:Generated_Source\PSoC5/MEM_CTRL.c ****     MEM_CTRL_Control = control;
  34              		.loc 1 39 0
  35 0000 014B     		ldr	r3, .L2
  36 0002 1870     		strb	r0, [r3]
  37 0004 7047     		bx	lr
  38              	.L3:
  39 0006 00BF     		.align	2
  40              	.L2:
  41 0008 74650040 		.word	1073767796
  42              		.cfi_endproc
  43              	.LFE0:
  44              		.size	MEM_CTRL_Write, .-MEM_CTRL_Write
  45              		.section	.text.MEM_CTRL_Read,"ax",%progbits
  46              		.align	2
  47              		.global	MEM_CTRL_Read
  48              		.thumb
  49              		.thumb_func
  50              		.type	MEM_CTRL_Read, %function
  51              	MEM_CTRL_Read:
  52              	.LFB1:
  40:Generated_Source\PSoC5/MEM_CTRL.c **** }
  41:Generated_Source\PSoC5/MEM_CTRL.c **** 
  42:Generated_Source\PSoC5/MEM_CTRL.c **** 
  43:Generated_Source\PSoC5/MEM_CTRL.c **** /*******************************************************************************
  44:Generated_Source\PSoC5/MEM_CTRL.c **** * Function Name: MEM_CTRL_Read
  45:Generated_Source\PSoC5/MEM_CTRL.c **** ********************************************************************************
  46:Generated_Source\PSoC5/MEM_CTRL.c **** *
  47:Generated_Source\PSoC5/MEM_CTRL.c **** * Summary:
  48:Generated_Source\PSoC5/MEM_CTRL.c **** *  Reads the current value assigned to the Control Register.
  49:Generated_Source\PSoC5/MEM_CTRL.c **** *
  50:Generated_Source\PSoC5/MEM_CTRL.c **** * Parameters:
  51:Generated_Source\PSoC5/MEM_CTRL.c **** *  None.
  52:Generated_Source\PSoC5/MEM_CTRL.c **** *
  53:Generated_Source\PSoC5/MEM_CTRL.c **** * Return:
  54:Generated_Source\PSoC5/MEM_CTRL.c **** *  Returns the current value in the Control Register.
  55:Generated_Source\PSoC5/MEM_CTRL.c **** *
  56:Generated_Source\PSoC5/MEM_CTRL.c **** *******************************************************************************/
  57:Generated_Source\PSoC5/MEM_CTRL.c **** uint8 MEM_CTRL_Read(void) 
  58:Generated_Source\PSoC5/MEM_CTRL.c **** {
  53              		.loc 1 58 0
  54              		.cfi_startproc
  55              		@ args = 0, pretend = 0, frame = 0
  56              		@ frame_needed = 0, uses_anonymous_args = 0
ARM GAS  C:\Users\DGILLI~1\AppData\Local\Temp\ccg6FrKC.s 			page 3


  57              		@ link register save eliminated.
  59:Generated_Source\PSoC5/MEM_CTRL.c ****     return MEM_CTRL_Control;
  58              		.loc 1 59 0
  59 0000 014B     		ldr	r3, .L5
  60 0002 1878     		ldrb	r0, [r3]	@ zero_extendqisi2
  60:Generated_Source\PSoC5/MEM_CTRL.c **** }
  61              		.loc 1 60 0
  62 0004 7047     		bx	lr
  63              	.L6:
  64 0006 00BF     		.align	2
  65              	.L5:
  66 0008 74650040 		.word	1073767796
  67              		.cfi_endproc
  68              	.LFE1:
  69              		.size	MEM_CTRL_Read, .-MEM_CTRL_Read
  70              		.text
  71              	.Letext0:
  72              		.file 2 "Generated_Source\\PSoC5\\cytypes.h"
  73              		.section	.debug_info,"",%progbits
  74              	.Ldebug_info0:
  75 0000 D2000000 		.4byte	0xd2
  76 0004 0400     		.2byte	0x4
  77 0006 00000000 		.4byte	.Ldebug_abbrev0
  78 000a 04       		.byte	0x4
  79 000b 01       		.uleb128 0x1
  80 000c 23000000 		.4byte	.LASF14
  81 0010 0C       		.byte	0xc
  82 0011 F1000000 		.4byte	.LASF15
  83 0015 1A010000 		.4byte	.LASF16
  84 0019 00000000 		.4byte	.Ldebug_ranges0+0
  85 001d 00000000 		.4byte	0
  86 0021 00000000 		.4byte	.Ldebug_line0
  87 0025 02       		.uleb128 0x2
  88 0026 01       		.byte	0x1
  89 0027 06       		.byte	0x6
  90 0028 CE010000 		.4byte	.LASF0
  91 002c 02       		.uleb128 0x2
  92 002d 01       		.byte	0x1
  93 002e 08       		.byte	0x8
  94 002f 15000000 		.4byte	.LASF1
  95 0033 02       		.uleb128 0x2
  96 0034 02       		.byte	0x2
  97 0035 05       		.byte	0x5
  98 0036 B5010000 		.4byte	.LASF2
  99 003a 02       		.uleb128 0x2
 100 003b 02       		.byte	0x2
 101 003c 07       		.byte	0x7
 102 003d D6000000 		.4byte	.LASF3
 103 0041 02       		.uleb128 0x2
 104 0042 04       		.byte	0x4
 105 0043 05       		.byte	0x5
 106 0044 C5010000 		.4byte	.LASF4
 107 0048 02       		.uleb128 0x2
 108 0049 04       		.byte	0x4
 109 004a 07       		.byte	0x7
 110 004b C4000000 		.4byte	.LASF5
 111 004f 02       		.uleb128 0x2
ARM GAS  C:\Users\DGILLI~1\AppData\Local\Temp\ccg6FrKC.s 			page 4


 112 0050 08       		.byte	0x8
 113 0051 05       		.byte	0x5
 114 0052 A2010000 		.4byte	.LASF6
 115 0056 02       		.uleb128 0x2
 116 0057 08       		.byte	0x8
 117 0058 07       		.byte	0x7
 118 0059 8B010000 		.4byte	.LASF7
 119 005d 03       		.uleb128 0x3
 120 005e 04       		.byte	0x4
 121 005f 05       		.byte	0x5
 122 0060 696E7400 		.ascii	"int\000"
 123 0064 02       		.uleb128 0x2
 124 0065 04       		.byte	0x4
 125 0066 07       		.byte	0x7
 126 0067 7E010000 		.4byte	.LASF8
 127 006b 04       		.uleb128 0x4
 128 006c BF010000 		.4byte	.LASF12
 129 0070 02       		.byte	0x2
 130 0071 E401     		.2byte	0x1e4
 131 0073 2C000000 		.4byte	0x2c
 132 0077 02       		.uleb128 0x2
 133 0078 04       		.byte	0x4
 134 0079 04       		.byte	0x4
 135 007a 0F000000 		.4byte	.LASF9
 136 007e 02       		.uleb128 0x2
 137 007f 08       		.byte	0x8
 138 0080 04       		.byte	0x4
 139 0081 13010000 		.4byte	.LASF10
 140 0085 02       		.uleb128 0x2
 141 0086 01       		.byte	0x1
 142 0087 08       		.byte	0x8
 143 0088 B0010000 		.4byte	.LASF11
 144 008c 04       		.uleb128 0x4
 145 008d B1000000 		.4byte	.LASF13
 146 0091 02       		.byte	0x2
 147 0092 8E02     		.2byte	0x28e
 148 0094 98000000 		.4byte	0x98
 149 0098 05       		.uleb128 0x5
 150 0099 6B000000 		.4byte	0x6b
 151 009d 06       		.uleb128 0x6
 152 009e 00000000 		.4byte	.LASF17
 153 00a2 01       		.byte	0x1
 154 00a3 25       		.byte	0x25
 155 00a4 00000000 		.4byte	.LFB0
 156 00a8 0C000000 		.4byte	.LFE0-.LFB0
 157 00ac 01       		.uleb128 0x1
 158 00ad 9C       		.byte	0x9c
 159 00ae C0000000 		.4byte	0xc0
 160 00b2 07       		.uleb128 0x7
 161 00b3 E9000000 		.4byte	.LASF18
 162 00b7 01       		.byte	0x1
 163 00b8 25       		.byte	0x25
 164 00b9 6B000000 		.4byte	0x6b
 165 00bd 01       		.uleb128 0x1
 166 00be 50       		.byte	0x50
 167 00bf 00       		.byte	0
 168 00c0 08       		.uleb128 0x8
ARM GAS  C:\Users\DGILLI~1\AppData\Local\Temp\ccg6FrKC.s 			page 5


 169 00c1 B6000000 		.4byte	.LASF19
 170 00c5 01       		.byte	0x1
 171 00c6 39       		.byte	0x39
 172 00c7 6B000000 		.4byte	0x6b
 173 00cb 00000000 		.4byte	.LFB1
 174 00cf 0C000000 		.4byte	.LFE1-.LFB1
 175 00d3 01       		.uleb128 0x1
 176 00d4 9C       		.byte	0x9c
 177 00d5 00       		.byte	0
 178              		.section	.debug_abbrev,"",%progbits
 179              	.Ldebug_abbrev0:
 180 0000 01       		.uleb128 0x1
 181 0001 11       		.uleb128 0x11
 182 0002 01       		.byte	0x1
 183 0003 25       		.uleb128 0x25
 184 0004 0E       		.uleb128 0xe
 185 0005 13       		.uleb128 0x13
 186 0006 0B       		.uleb128 0xb
 187 0007 03       		.uleb128 0x3
 188 0008 0E       		.uleb128 0xe
 189 0009 1B       		.uleb128 0x1b
 190 000a 0E       		.uleb128 0xe
 191 000b 55       		.uleb128 0x55
 192 000c 17       		.uleb128 0x17
 193 000d 11       		.uleb128 0x11
 194 000e 01       		.uleb128 0x1
 195 000f 10       		.uleb128 0x10
 196 0010 17       		.uleb128 0x17
 197 0011 00       		.byte	0
 198 0012 00       		.byte	0
 199 0013 02       		.uleb128 0x2
 200 0014 24       		.uleb128 0x24
 201 0015 00       		.byte	0
 202 0016 0B       		.uleb128 0xb
 203 0017 0B       		.uleb128 0xb
 204 0018 3E       		.uleb128 0x3e
 205 0019 0B       		.uleb128 0xb
 206 001a 03       		.uleb128 0x3
 207 001b 0E       		.uleb128 0xe
 208 001c 00       		.byte	0
 209 001d 00       		.byte	0
 210 001e 03       		.uleb128 0x3
 211 001f 24       		.uleb128 0x24
 212 0020 00       		.byte	0
 213 0021 0B       		.uleb128 0xb
 214 0022 0B       		.uleb128 0xb
 215 0023 3E       		.uleb128 0x3e
 216 0024 0B       		.uleb128 0xb
 217 0025 03       		.uleb128 0x3
 218 0026 08       		.uleb128 0x8
 219 0027 00       		.byte	0
 220 0028 00       		.byte	0
 221 0029 04       		.uleb128 0x4
 222 002a 16       		.uleb128 0x16
 223 002b 00       		.byte	0
 224 002c 03       		.uleb128 0x3
 225 002d 0E       		.uleb128 0xe
ARM GAS  C:\Users\DGILLI~1\AppData\Local\Temp\ccg6FrKC.s 			page 6


 226 002e 3A       		.uleb128 0x3a
 227 002f 0B       		.uleb128 0xb
 228 0030 3B       		.uleb128 0x3b
 229 0031 05       		.uleb128 0x5
 230 0032 49       		.uleb128 0x49
 231 0033 13       		.uleb128 0x13
 232 0034 00       		.byte	0
 233 0035 00       		.byte	0
 234 0036 05       		.uleb128 0x5
 235 0037 35       		.uleb128 0x35
 236 0038 00       		.byte	0
 237 0039 49       		.uleb128 0x49
 238 003a 13       		.uleb128 0x13
 239 003b 00       		.byte	0
 240 003c 00       		.byte	0
 241 003d 06       		.uleb128 0x6
 242 003e 2E       		.uleb128 0x2e
 243 003f 01       		.byte	0x1
 244 0040 3F       		.uleb128 0x3f
 245 0041 19       		.uleb128 0x19
 246 0042 03       		.uleb128 0x3
 247 0043 0E       		.uleb128 0xe
 248 0044 3A       		.uleb128 0x3a
 249 0045 0B       		.uleb128 0xb
 250 0046 3B       		.uleb128 0x3b
 251 0047 0B       		.uleb128 0xb
 252 0048 27       		.uleb128 0x27
 253 0049 19       		.uleb128 0x19
 254 004a 11       		.uleb128 0x11
 255 004b 01       		.uleb128 0x1
 256 004c 12       		.uleb128 0x12
 257 004d 06       		.uleb128 0x6
 258 004e 40       		.uleb128 0x40
 259 004f 18       		.uleb128 0x18
 260 0050 9742     		.uleb128 0x2117
 261 0052 19       		.uleb128 0x19
 262 0053 01       		.uleb128 0x1
 263 0054 13       		.uleb128 0x13
 264 0055 00       		.byte	0
 265 0056 00       		.byte	0
 266 0057 07       		.uleb128 0x7
 267 0058 05       		.uleb128 0x5
 268 0059 00       		.byte	0
 269 005a 03       		.uleb128 0x3
 270 005b 0E       		.uleb128 0xe
 271 005c 3A       		.uleb128 0x3a
 272 005d 0B       		.uleb128 0xb
 273 005e 3B       		.uleb128 0x3b
 274 005f 0B       		.uleb128 0xb
 275 0060 49       		.uleb128 0x49
 276 0061 13       		.uleb128 0x13
 277 0062 02       		.uleb128 0x2
 278 0063 18       		.uleb128 0x18
 279 0064 00       		.byte	0
 280 0065 00       		.byte	0
 281 0066 08       		.uleb128 0x8
 282 0067 2E       		.uleb128 0x2e
ARM GAS  C:\Users\DGILLI~1\AppData\Local\Temp\ccg6FrKC.s 			page 7


 283 0068 00       		.byte	0
 284 0069 3F       		.uleb128 0x3f
 285 006a 19       		.uleb128 0x19
 286 006b 03       		.uleb128 0x3
 287 006c 0E       		.uleb128 0xe
 288 006d 3A       		.uleb128 0x3a
 289 006e 0B       		.uleb128 0xb
 290 006f 3B       		.uleb128 0x3b
 291 0070 0B       		.uleb128 0xb
 292 0071 27       		.uleb128 0x27
 293 0072 19       		.uleb128 0x19
 294 0073 49       		.uleb128 0x49
 295 0074 13       		.uleb128 0x13
 296 0075 11       		.uleb128 0x11
 297 0076 01       		.uleb128 0x1
 298 0077 12       		.uleb128 0x12
 299 0078 06       		.uleb128 0x6
 300 0079 40       		.uleb128 0x40
 301 007a 18       		.uleb128 0x18
 302 007b 9742     		.uleb128 0x2117
 303 007d 19       		.uleb128 0x19
 304 007e 00       		.byte	0
 305 007f 00       		.byte	0
 306 0080 00       		.byte	0
 307              		.section	.debug_aranges,"",%progbits
 308 0000 24000000 		.4byte	0x24
 309 0004 0200     		.2byte	0x2
 310 0006 00000000 		.4byte	.Ldebug_info0
 311 000a 04       		.byte	0x4
 312 000b 00       		.byte	0
 313 000c 0000     		.2byte	0
 314 000e 0000     		.2byte	0
 315 0010 00000000 		.4byte	.LFB0
 316 0014 0C000000 		.4byte	.LFE0-.LFB0
 317 0018 00000000 		.4byte	.LFB1
 318 001c 0C000000 		.4byte	.LFE1-.LFB1
 319 0020 00000000 		.4byte	0
 320 0024 00000000 		.4byte	0
 321              		.section	.debug_ranges,"",%progbits
 322              	.Ldebug_ranges0:
 323 0000 00000000 		.4byte	.LFB0
 324 0004 0C000000 		.4byte	.LFE0
 325 0008 00000000 		.4byte	.LFB1
 326 000c 0C000000 		.4byte	.LFE1
 327 0010 00000000 		.4byte	0
 328 0014 00000000 		.4byte	0
 329              		.section	.debug_line,"",%progbits
 330              	.Ldebug_line0:
 331 0000 6C000000 		.section	.debug_str,"MS",%progbits,1
 331      02004500 
 331      00000201 
 331      FB0E0D00 
 331      01010101 
 332              	.LASF17:
 333 0000 4D454D5F 		.ascii	"MEM_CTRL_Write\000"
 333      4354524C 
 333      5F577269 
ARM GAS  C:\Users\DGILLI~1\AppData\Local\Temp\ccg6FrKC.s 			page 8


 333      746500
 334              	.LASF9:
 335 000f 666C6F61 		.ascii	"float\000"
 335      7400
 336              	.LASF1:
 337 0015 756E7369 		.ascii	"unsigned char\000"
 337      676E6564 
 337      20636861 
 337      7200
 338              	.LASF14:
 339 0023 474E5520 		.ascii	"GNU C11 5.4.1 20160609 (release) [ARM/embedded-5-br"
 339      43313120 
 339      352E342E 
 339      31203230 
 339      31363036 
 340 0056 616E6368 		.ascii	"anch revision 237715] -mcpu=cortex-m3 -mthumb -g -O"
 340      20726576 
 340      6973696F 
 340      6E203233 
 340      37373135 
 341 0089 67202D66 		.ascii	"g -ffunction-sections -ffat-lto-objects\000"
 341      66756E63 
 341      74696F6E 
 341      2D736563 
 341      74696F6E 
 342              	.LASF13:
 343 00b1 72656738 		.ascii	"reg8\000"
 343      00
 344              	.LASF19:
 345 00b6 4D454D5F 		.ascii	"MEM_CTRL_Read\000"
 345      4354524C 
 345      5F526561 
 345      6400
 346              	.LASF5:
 347 00c4 6C6F6E67 		.ascii	"long unsigned int\000"
 347      20756E73 
 347      69676E65 
 347      6420696E 
 347      7400
 348              	.LASF3:
 349 00d6 73686F72 		.ascii	"short unsigned int\000"
 349      7420756E 
 349      7369676E 
 349      65642069 
 349      6E7400
 350              	.LASF18:
 351 00e9 636F6E74 		.ascii	"control\000"
 351      726F6C00 
 352              	.LASF15:
 353 00f1 47656E65 		.ascii	"Generated_Source\\PSoC5\\MEM_CTRL.c\000"
 353      72617465 
 353      645F536F 
 353      75726365 
 353      5C50536F 
 354              	.LASF10:
 355 0113 646F7562 		.ascii	"double\000"
 355      6C6500
ARM GAS  C:\Users\DGILLI~1\AppData\Local\Temp\ccg6FrKC.s 			page 9


 356              	.LASF16:
 357 011a 433A5C55 		.ascii	"C:\\Users\\dgilliland\\Documents\\GitHub\\Retro-Com"
 357      73657273 
 357      5C646769 
 357      6C6C696C 
 357      616E645C 
 358 0148 70757465 		.ascii	"puters\\Z80\\PSOC\\PSOC_Design_Files\\DG_3Chip_PSoC"
 358      72735C5A 
 358      38305C50 
 358      534F435C 
 358      50534F43 
 359 0177 2E637964 		.ascii	".cydsn\000"
 359      736E00
 360              	.LASF8:
 361 017e 756E7369 		.ascii	"unsigned int\000"
 361      676E6564 
 361      20696E74 
 361      00
 362              	.LASF7:
 363 018b 6C6F6E67 		.ascii	"long long unsigned int\000"
 363      206C6F6E 
 363      6720756E 
 363      7369676E 
 363      65642069 
 364              	.LASF6:
 365 01a2 6C6F6E67 		.ascii	"long long int\000"
 365      206C6F6E 
 365      6720696E 
 365      7400
 366              	.LASF11:
 367 01b0 63686172 		.ascii	"char\000"
 367      00
 368              	.LASF2:
 369 01b5 73686F72 		.ascii	"short int\000"
 369      7420696E 
 369      7400
 370              	.LASF12:
 371 01bf 75696E74 		.ascii	"uint8\000"
 371      3800
 372              	.LASF4:
 373 01c5 6C6F6E67 		.ascii	"long int\000"
 373      20696E74 
 373      00
 374              	.LASF0:
 375 01ce 7369676E 		.ascii	"signed char\000"
 375      65642063 
 375      68617200 
 376              		.ident	"GCC: (GNU Tools for ARM Embedded Processors) 5.4.1 20160609 (release) [ARM/embedded-5-bran
