ARM GAS  C:\Users\HPz420\AppData\Local\Temp\ccFu0w0L.s 			page 1


   1              		.syntax unified
   2              		.cpu cortex-m3
   3              		.fpu softvfp
   4              		.eabi_attribute 20, 1
   5              		.eabi_attribute 21, 1
   6              		.eabi_attribute 23, 3
   7              		.eabi_attribute 24, 1
   8              		.eabi_attribute 25, 1
   9              		.eabi_attribute 26, 1
  10              		.eabi_attribute 30, 1
  11              		.eabi_attribute 34, 1
  12              		.eabi_attribute 18, 4
  13              		.thumb
  14              		.syntax unified
  15              		.file	"UART_1_PM.c"
  16              		.text
  17              	.Ltext0:
  18              		.cfi_sections	.debug_frame
  19              		.section	.text.UART_1_SaveConfig,"ax",%progbits
  20              		.align	2
  21              		.global	UART_1_SaveConfig
  22              		.thumb
  23              		.thumb_func
  24              		.type	UART_1_SaveConfig, %function
  25              	UART_1_SaveConfig:
  26              	.LFB0:
  27              		.file 1 "Generated_Source\\PSoC5\\UART_1_PM.c"
   1:Generated_Source\PSoC5/UART_1_PM.c **** /*******************************************************************************
   2:Generated_Source\PSoC5/UART_1_PM.c **** * File Name: UART_1_PM.c
   3:Generated_Source\PSoC5/UART_1_PM.c **** * Version 2.50
   4:Generated_Source\PSoC5/UART_1_PM.c **** *
   5:Generated_Source\PSoC5/UART_1_PM.c **** * Description:
   6:Generated_Source\PSoC5/UART_1_PM.c **** *  This file provides Sleep/WakeUp APIs functionality.
   7:Generated_Source\PSoC5/UART_1_PM.c **** *
   8:Generated_Source\PSoC5/UART_1_PM.c **** * Note:
   9:Generated_Source\PSoC5/UART_1_PM.c **** *
  10:Generated_Source\PSoC5/UART_1_PM.c **** ********************************************************************************
  11:Generated_Source\PSoC5/UART_1_PM.c **** * Copyright 2008-2015, Cypress Semiconductor Corporation.  All rights reserved.
  12:Generated_Source\PSoC5/UART_1_PM.c **** * You may use this file only in accordance with the license, terms, conditions,
  13:Generated_Source\PSoC5/UART_1_PM.c **** * disclaimers, and limitations in the end user license agreement accompanying
  14:Generated_Source\PSoC5/UART_1_PM.c **** * the software package with which this file was provided.
  15:Generated_Source\PSoC5/UART_1_PM.c **** *******************************************************************************/
  16:Generated_Source\PSoC5/UART_1_PM.c **** 
  17:Generated_Source\PSoC5/UART_1_PM.c **** #include "UART_1.h"
  18:Generated_Source\PSoC5/UART_1_PM.c **** 
  19:Generated_Source\PSoC5/UART_1_PM.c **** 
  20:Generated_Source\PSoC5/UART_1_PM.c **** /***************************************
  21:Generated_Source\PSoC5/UART_1_PM.c **** * Local data allocation
  22:Generated_Source\PSoC5/UART_1_PM.c **** ***************************************/
  23:Generated_Source\PSoC5/UART_1_PM.c **** 
  24:Generated_Source\PSoC5/UART_1_PM.c **** static UART_1_BACKUP_STRUCT  UART_1_backup =
  25:Generated_Source\PSoC5/UART_1_PM.c **** {
  26:Generated_Source\PSoC5/UART_1_PM.c ****     /* enableState - disabled */
  27:Generated_Source\PSoC5/UART_1_PM.c ****     0u,
  28:Generated_Source\PSoC5/UART_1_PM.c **** };
  29:Generated_Source\PSoC5/UART_1_PM.c **** 
  30:Generated_Source\PSoC5/UART_1_PM.c **** 
ARM GAS  C:\Users\HPz420\AppData\Local\Temp\ccFu0w0L.s 			page 2


  31:Generated_Source\PSoC5/UART_1_PM.c **** 
  32:Generated_Source\PSoC5/UART_1_PM.c **** /*******************************************************************************
  33:Generated_Source\PSoC5/UART_1_PM.c **** * Function Name: UART_1_SaveConfig
  34:Generated_Source\PSoC5/UART_1_PM.c **** ********************************************************************************
  35:Generated_Source\PSoC5/UART_1_PM.c **** *
  36:Generated_Source\PSoC5/UART_1_PM.c **** * Summary:
  37:Generated_Source\PSoC5/UART_1_PM.c **** *  This function saves the component nonretention control register.
  38:Generated_Source\PSoC5/UART_1_PM.c **** *  Does not save the FIFO which is a set of nonretention registers.
  39:Generated_Source\PSoC5/UART_1_PM.c **** *  This function is called by the UART_1_Sleep() function.
  40:Generated_Source\PSoC5/UART_1_PM.c **** *
  41:Generated_Source\PSoC5/UART_1_PM.c **** * Parameters:
  42:Generated_Source\PSoC5/UART_1_PM.c **** *  None.
  43:Generated_Source\PSoC5/UART_1_PM.c **** *
  44:Generated_Source\PSoC5/UART_1_PM.c **** * Return:
  45:Generated_Source\PSoC5/UART_1_PM.c **** *  None.
  46:Generated_Source\PSoC5/UART_1_PM.c **** *
  47:Generated_Source\PSoC5/UART_1_PM.c **** * Global Variables:
  48:Generated_Source\PSoC5/UART_1_PM.c **** *  UART_1_backup - modified when non-retention registers are saved.
  49:Generated_Source\PSoC5/UART_1_PM.c **** *
  50:Generated_Source\PSoC5/UART_1_PM.c **** * Reentrant:
  51:Generated_Source\PSoC5/UART_1_PM.c **** *  No.
  52:Generated_Source\PSoC5/UART_1_PM.c **** *
  53:Generated_Source\PSoC5/UART_1_PM.c **** *******************************************************************************/
  54:Generated_Source\PSoC5/UART_1_PM.c **** void UART_1_SaveConfig(void)
  55:Generated_Source\PSoC5/UART_1_PM.c **** {
  28              		.loc 1 55 0
  29              		.cfi_startproc
  30              		@ args = 0, pretend = 0, frame = 0
  31              		@ frame_needed = 0, uses_anonymous_args = 0
  32              		@ link register save eliminated.
  56:Generated_Source\PSoC5/UART_1_PM.c ****     #if(UART_1_CONTROL_REG_REMOVED == 0u)
  57:Generated_Source\PSoC5/UART_1_PM.c ****         UART_1_backup.cr = UART_1_CONTROL_REG;
  33              		.loc 1 57 0
  34 0000 024B     		ldr	r3, .L2
  35 0002 1A78     		ldrb	r2, [r3]	@ zero_extendqisi2
  36 0004 024B     		ldr	r3, .L2+4
  37 0006 5A70     		strb	r2, [r3, #1]
  38 0008 7047     		bx	lr
  39              	.L3:
  40 000a 00BF     		.align	2
  41              	.L2:
  42 000c 73640040 		.word	1073767539
  43 0010 00000000 		.word	.LANCHOR0
  44              		.cfi_endproc
  45              	.LFE0:
  46              		.size	UART_1_SaveConfig, .-UART_1_SaveConfig
  47              		.section	.text.UART_1_RestoreConfig,"ax",%progbits
  48              		.align	2
  49              		.global	UART_1_RestoreConfig
  50              		.thumb
  51              		.thumb_func
  52              		.type	UART_1_RestoreConfig, %function
  53              	UART_1_RestoreConfig:
  54              	.LFB1:
  58:Generated_Source\PSoC5/UART_1_PM.c ****     #endif /* End UART_1_CONTROL_REG_REMOVED */
  59:Generated_Source\PSoC5/UART_1_PM.c **** }
  60:Generated_Source\PSoC5/UART_1_PM.c **** 
ARM GAS  C:\Users\HPz420\AppData\Local\Temp\ccFu0w0L.s 			page 3


  61:Generated_Source\PSoC5/UART_1_PM.c **** 
  62:Generated_Source\PSoC5/UART_1_PM.c **** /*******************************************************************************
  63:Generated_Source\PSoC5/UART_1_PM.c **** * Function Name: UART_1_RestoreConfig
  64:Generated_Source\PSoC5/UART_1_PM.c **** ********************************************************************************
  65:Generated_Source\PSoC5/UART_1_PM.c **** *
  66:Generated_Source\PSoC5/UART_1_PM.c **** * Summary:
  67:Generated_Source\PSoC5/UART_1_PM.c **** *  Restores the nonretention control register except FIFO.
  68:Generated_Source\PSoC5/UART_1_PM.c **** *  Does not restore the FIFO which is a set of nonretention registers.
  69:Generated_Source\PSoC5/UART_1_PM.c **** *
  70:Generated_Source\PSoC5/UART_1_PM.c **** * Parameters:
  71:Generated_Source\PSoC5/UART_1_PM.c **** *  None.
  72:Generated_Source\PSoC5/UART_1_PM.c **** *
  73:Generated_Source\PSoC5/UART_1_PM.c **** * Return:
  74:Generated_Source\PSoC5/UART_1_PM.c **** *  None.
  75:Generated_Source\PSoC5/UART_1_PM.c **** *
  76:Generated_Source\PSoC5/UART_1_PM.c **** * Global Variables:
  77:Generated_Source\PSoC5/UART_1_PM.c **** *  UART_1_backup - used when non-retention registers are restored.
  78:Generated_Source\PSoC5/UART_1_PM.c **** *
  79:Generated_Source\PSoC5/UART_1_PM.c **** * Reentrant:
  80:Generated_Source\PSoC5/UART_1_PM.c **** *  No.
  81:Generated_Source\PSoC5/UART_1_PM.c **** *
  82:Generated_Source\PSoC5/UART_1_PM.c **** * Notes:
  83:Generated_Source\PSoC5/UART_1_PM.c **** *  If this function is called without calling UART_1_SaveConfig() 
  84:Generated_Source\PSoC5/UART_1_PM.c **** *  first, the data loaded may be incorrect.
  85:Generated_Source\PSoC5/UART_1_PM.c **** *
  86:Generated_Source\PSoC5/UART_1_PM.c **** *******************************************************************************/
  87:Generated_Source\PSoC5/UART_1_PM.c **** void UART_1_RestoreConfig(void)
  88:Generated_Source\PSoC5/UART_1_PM.c **** {
  55              		.loc 1 88 0
  56              		.cfi_startproc
  57              		@ args = 0, pretend = 0, frame = 0
  58              		@ frame_needed = 0, uses_anonymous_args = 0
  59              		@ link register save eliminated.
  89:Generated_Source\PSoC5/UART_1_PM.c ****     #if(UART_1_CONTROL_REG_REMOVED == 0u)
  90:Generated_Source\PSoC5/UART_1_PM.c ****         UART_1_CONTROL_REG = UART_1_backup.cr;
  60              		.loc 1 90 0
  61 0000 024B     		ldr	r3, .L5
  62 0002 5A78     		ldrb	r2, [r3, #1]	@ zero_extendqisi2
  63 0004 024B     		ldr	r3, .L5+4
  64 0006 1A70     		strb	r2, [r3]
  65 0008 7047     		bx	lr
  66              	.L6:
  67 000a 00BF     		.align	2
  68              	.L5:
  69 000c 00000000 		.word	.LANCHOR0
  70 0010 73640040 		.word	1073767539
  71              		.cfi_endproc
  72              	.LFE1:
  73              		.size	UART_1_RestoreConfig, .-UART_1_RestoreConfig
  74              		.section	.text.UART_1_Sleep,"ax",%progbits
  75              		.align	2
  76              		.global	UART_1_Sleep
  77              		.thumb
  78              		.thumb_func
  79              		.type	UART_1_Sleep, %function
  80              	UART_1_Sleep:
  81              	.LFB2:
ARM GAS  C:\Users\HPz420\AppData\Local\Temp\ccFu0w0L.s 			page 4


  91:Generated_Source\PSoC5/UART_1_PM.c ****     #endif /* End UART_1_CONTROL_REG_REMOVED */
  92:Generated_Source\PSoC5/UART_1_PM.c **** }
  93:Generated_Source\PSoC5/UART_1_PM.c **** 
  94:Generated_Source\PSoC5/UART_1_PM.c **** 
  95:Generated_Source\PSoC5/UART_1_PM.c **** /*******************************************************************************
  96:Generated_Source\PSoC5/UART_1_PM.c **** * Function Name: UART_1_Sleep
  97:Generated_Source\PSoC5/UART_1_PM.c **** ********************************************************************************
  98:Generated_Source\PSoC5/UART_1_PM.c **** *
  99:Generated_Source\PSoC5/UART_1_PM.c **** * Summary:
 100:Generated_Source\PSoC5/UART_1_PM.c **** *  This is the preferred API to prepare the component for sleep. 
 101:Generated_Source\PSoC5/UART_1_PM.c **** *  The UART_1_Sleep() API saves the current component state. Then it
 102:Generated_Source\PSoC5/UART_1_PM.c **** *  calls the UART_1_Stop() function and calls 
 103:Generated_Source\PSoC5/UART_1_PM.c **** *  UART_1_SaveConfig() to save the hardware configuration.
 104:Generated_Source\PSoC5/UART_1_PM.c **** *  Call the UART_1_Sleep() function before calling the CyPmSleep() 
 105:Generated_Source\PSoC5/UART_1_PM.c **** *  or the CyPmHibernate() function. 
 106:Generated_Source\PSoC5/UART_1_PM.c **** *
 107:Generated_Source\PSoC5/UART_1_PM.c **** * Parameters:
 108:Generated_Source\PSoC5/UART_1_PM.c **** *  None.
 109:Generated_Source\PSoC5/UART_1_PM.c **** *
 110:Generated_Source\PSoC5/UART_1_PM.c **** * Return:
 111:Generated_Source\PSoC5/UART_1_PM.c **** *  None.
 112:Generated_Source\PSoC5/UART_1_PM.c **** *
 113:Generated_Source\PSoC5/UART_1_PM.c **** * Global Variables:
 114:Generated_Source\PSoC5/UART_1_PM.c **** *  UART_1_backup - modified when non-retention registers are saved.
 115:Generated_Source\PSoC5/UART_1_PM.c **** *
 116:Generated_Source\PSoC5/UART_1_PM.c **** * Reentrant:
 117:Generated_Source\PSoC5/UART_1_PM.c **** *  No.
 118:Generated_Source\PSoC5/UART_1_PM.c **** *
 119:Generated_Source\PSoC5/UART_1_PM.c **** *******************************************************************************/
 120:Generated_Source\PSoC5/UART_1_PM.c **** void UART_1_Sleep(void)
 121:Generated_Source\PSoC5/UART_1_PM.c **** {
  82              		.loc 1 121 0
  83              		.cfi_startproc
  84              		@ args = 0, pretend = 0, frame = 0
  85              		@ frame_needed = 0, uses_anonymous_args = 0
  86 0000 08B5     		push	{r3, lr}
  87              		.cfi_def_cfa_offset 8
  88              		.cfi_offset 3, -8
  89              		.cfi_offset 14, -4
 122:Generated_Source\PSoC5/UART_1_PM.c ****     #if(UART_1_RX_ENABLED || UART_1_HD_ENABLED)
 123:Generated_Source\PSoC5/UART_1_PM.c ****         if((UART_1_RXSTATUS_ACTL_REG  & UART_1_INT_ENABLE) != 0u)
  90              		.loc 1 123 0
  91 0002 084B     		ldr	r3, .L11
  92 0004 1B78     		ldrb	r3, [r3]	@ zero_extendqisi2
  93 0006 13F0100F 		tst	r3, #16
  94 000a 03D0     		beq	.L8
 124:Generated_Source\PSoC5/UART_1_PM.c ****         {
 125:Generated_Source\PSoC5/UART_1_PM.c ****             UART_1_backup.enableState = 1u;
  95              		.loc 1 125 0
  96 000c 0122     		movs	r2, #1
  97 000e 064B     		ldr	r3, .L11+4
  98 0010 1A70     		strb	r2, [r3]
  99 0012 02E0     		b	.L9
 100              	.L8:
 126:Generated_Source\PSoC5/UART_1_PM.c ****         }
 127:Generated_Source\PSoC5/UART_1_PM.c ****         else
 128:Generated_Source\PSoC5/UART_1_PM.c ****         {
ARM GAS  C:\Users\HPz420\AppData\Local\Temp\ccFu0w0L.s 			page 5


 129:Generated_Source\PSoC5/UART_1_PM.c ****             UART_1_backup.enableState = 0u;
 101              		.loc 1 129 0
 102 0014 0022     		movs	r2, #0
 103 0016 044B     		ldr	r3, .L11+4
 104 0018 1A70     		strb	r2, [r3]
 105              	.L9:
 130:Generated_Source\PSoC5/UART_1_PM.c ****         }
 131:Generated_Source\PSoC5/UART_1_PM.c ****     #else
 132:Generated_Source\PSoC5/UART_1_PM.c ****         if((UART_1_TXSTATUS_ACTL_REG  & UART_1_INT_ENABLE) !=0u)
 133:Generated_Source\PSoC5/UART_1_PM.c ****         {
 134:Generated_Source\PSoC5/UART_1_PM.c ****             UART_1_backup.enableState = 1u;
 135:Generated_Source\PSoC5/UART_1_PM.c ****         }
 136:Generated_Source\PSoC5/UART_1_PM.c ****         else
 137:Generated_Source\PSoC5/UART_1_PM.c ****         {
 138:Generated_Source\PSoC5/UART_1_PM.c ****             UART_1_backup.enableState = 0u;
 139:Generated_Source\PSoC5/UART_1_PM.c ****         }
 140:Generated_Source\PSoC5/UART_1_PM.c ****     #endif /* End UART_1_RX_ENABLED || UART_1_HD_ENABLED*/
 141:Generated_Source\PSoC5/UART_1_PM.c **** 
 142:Generated_Source\PSoC5/UART_1_PM.c ****     UART_1_Stop();
 106              		.loc 1 142 0
 107 001a FFF7FEFF 		bl	UART_1_Stop
 108              	.LVL0:
 143:Generated_Source\PSoC5/UART_1_PM.c ****     UART_1_SaveConfig();
 109              		.loc 1 143 0
 110 001e FFF7FEFF 		bl	UART_1_SaveConfig
 111              	.LVL1:
 112 0022 08BD     		pop	{r3, pc}
 113              	.L12:
 114              		.align	2
 115              	.L11:
 116 0024 96640040 		.word	1073767574
 117 0028 00000000 		.word	.LANCHOR0
 118              		.cfi_endproc
 119              	.LFE2:
 120              		.size	UART_1_Sleep, .-UART_1_Sleep
 121              		.section	.text.UART_1_Wakeup,"ax",%progbits
 122              		.align	2
 123              		.global	UART_1_Wakeup
 124              		.thumb
 125              		.thumb_func
 126              		.type	UART_1_Wakeup, %function
 127              	UART_1_Wakeup:
 128              	.LFB3:
 144:Generated_Source\PSoC5/UART_1_PM.c **** }
 145:Generated_Source\PSoC5/UART_1_PM.c **** 
 146:Generated_Source\PSoC5/UART_1_PM.c **** 
 147:Generated_Source\PSoC5/UART_1_PM.c **** /*******************************************************************************
 148:Generated_Source\PSoC5/UART_1_PM.c **** * Function Name: UART_1_Wakeup
 149:Generated_Source\PSoC5/UART_1_PM.c **** ********************************************************************************
 150:Generated_Source\PSoC5/UART_1_PM.c **** *
 151:Generated_Source\PSoC5/UART_1_PM.c **** * Summary:
 152:Generated_Source\PSoC5/UART_1_PM.c **** *  This is the preferred API to restore the component to the state when 
 153:Generated_Source\PSoC5/UART_1_PM.c **** *  UART_1_Sleep() was called. The UART_1_Wakeup() function
 154:Generated_Source\PSoC5/UART_1_PM.c **** *  calls the UART_1_RestoreConfig() function to restore the 
 155:Generated_Source\PSoC5/UART_1_PM.c **** *  configuration. If the component was enabled before the 
 156:Generated_Source\PSoC5/UART_1_PM.c **** *  UART_1_Sleep() function was called, the UART_1_Wakeup()
 157:Generated_Source\PSoC5/UART_1_PM.c **** *  function will also re-enable the component.
ARM GAS  C:\Users\HPz420\AppData\Local\Temp\ccFu0w0L.s 			page 6


 158:Generated_Source\PSoC5/UART_1_PM.c **** *
 159:Generated_Source\PSoC5/UART_1_PM.c **** * Parameters:
 160:Generated_Source\PSoC5/UART_1_PM.c **** *  None.
 161:Generated_Source\PSoC5/UART_1_PM.c **** *
 162:Generated_Source\PSoC5/UART_1_PM.c **** * Return:
 163:Generated_Source\PSoC5/UART_1_PM.c **** *  None.
 164:Generated_Source\PSoC5/UART_1_PM.c **** *
 165:Generated_Source\PSoC5/UART_1_PM.c **** * Global Variables:
 166:Generated_Source\PSoC5/UART_1_PM.c **** *  UART_1_backup - used when non-retention registers are restored.
 167:Generated_Source\PSoC5/UART_1_PM.c **** *
 168:Generated_Source\PSoC5/UART_1_PM.c **** * Reentrant:
 169:Generated_Source\PSoC5/UART_1_PM.c **** *  No.
 170:Generated_Source\PSoC5/UART_1_PM.c **** *
 171:Generated_Source\PSoC5/UART_1_PM.c **** *******************************************************************************/
 172:Generated_Source\PSoC5/UART_1_PM.c **** void UART_1_Wakeup(void)
 173:Generated_Source\PSoC5/UART_1_PM.c **** {
 129              		.loc 1 173 0
 130              		.cfi_startproc
 131              		@ args = 0, pretend = 0, frame = 0
 132              		@ frame_needed = 0, uses_anonymous_args = 0
 133 0000 08B5     		push	{r3, lr}
 134              		.cfi_def_cfa_offset 8
 135              		.cfi_offset 3, -8
 136              		.cfi_offset 14, -4
 174:Generated_Source\PSoC5/UART_1_PM.c ****     UART_1_RestoreConfig();
 137              		.loc 1 174 0
 138 0002 FFF7FEFF 		bl	UART_1_RestoreConfig
 139              	.LVL2:
 175:Generated_Source\PSoC5/UART_1_PM.c ****     #if( (UART_1_RX_ENABLED) || (UART_1_HD_ENABLED) )
 176:Generated_Source\PSoC5/UART_1_PM.c ****         UART_1_ClearRxBuffer();
 140              		.loc 1 176 0
 141 0006 FFF7FEFF 		bl	UART_1_ClearRxBuffer
 142              	.LVL3:
 177:Generated_Source\PSoC5/UART_1_PM.c ****     #endif /* End (UART_1_RX_ENABLED) || (UART_1_HD_ENABLED) */
 178:Generated_Source\PSoC5/UART_1_PM.c ****     #if(UART_1_TX_ENABLED || UART_1_HD_ENABLED)
 179:Generated_Source\PSoC5/UART_1_PM.c ****         UART_1_ClearTxBuffer();
 143              		.loc 1 179 0
 144 000a FFF7FEFF 		bl	UART_1_ClearTxBuffer
 145              	.LVL4:
 180:Generated_Source\PSoC5/UART_1_PM.c ****     #endif /* End UART_1_TX_ENABLED || UART_1_HD_ENABLED */
 181:Generated_Source\PSoC5/UART_1_PM.c **** 
 182:Generated_Source\PSoC5/UART_1_PM.c ****     if(UART_1_backup.enableState != 0u)
 146              		.loc 1 182 0
 147 000e 034B     		ldr	r3, .L16
 148 0010 1B78     		ldrb	r3, [r3]	@ zero_extendqisi2
 149 0012 0BB1     		cbz	r3, .L13
 183:Generated_Source\PSoC5/UART_1_PM.c ****     {
 184:Generated_Source\PSoC5/UART_1_PM.c ****         UART_1_Enable();
 150              		.loc 1 184 0
 151 0014 FFF7FEFF 		bl	UART_1_Enable
 152              	.LVL5:
 153              	.L13:
 154 0018 08BD     		pop	{r3, pc}
 155              	.L17:
 156 001a 00BF     		.align	2
 157              	.L16:
 158 001c 00000000 		.word	.LANCHOR0
ARM GAS  C:\Users\HPz420\AppData\Local\Temp\ccFu0w0L.s 			page 7


 159              		.cfi_endproc
 160              	.LFE3:
 161              		.size	UART_1_Wakeup, .-UART_1_Wakeup
 162              		.bss
 163              		.align	2
 164              		.set	.LANCHOR0,. + 0
 165              		.type	UART_1_backup, %object
 166              		.size	UART_1_backup, 2
 167              	UART_1_backup:
 168 0000 0000     		.space	2
 169              		.text
 170              	.Letext0:
 171              		.file 2 "Generated_Source\\PSoC5\\cytypes.h"
 172              		.file 3 "Generated_Source\\PSoC5\\UART_1.h"
 173              		.section	.debug_info,"",%progbits
 174              	.Ldebug_info0:
 175 0000 98010000 		.4byte	0x198
 176 0004 0400     		.2byte	0x4
 177 0006 00000000 		.4byte	.Ldebug_abbrev0
 178 000a 04       		.byte	0x4
 179 000b 01       		.uleb128 0x1
 180 000c 5F000000 		.4byte	.LASF26
 181 0010 0C       		.byte	0xc
 182 0011 D9010000 		.4byte	.LASF27
 183 0015 2B010000 		.4byte	.LASF28
 184 0019 00000000 		.4byte	.Ldebug_ranges0+0
 185 001d 00000000 		.4byte	0
 186 0021 00000000 		.4byte	.Ldebug_line0
 187 0025 02       		.uleb128 0x2
 188 0026 01       		.byte	0x1
 189 0027 06       		.byte	0x6
 190 0028 77020000 		.4byte	.LASF0
 191 002c 02       		.uleb128 0x2
 192 002d 01       		.byte	0x1
 193 002e 08       		.byte	0x8
 194 002f 51000000 		.4byte	.LASF1
 195 0033 02       		.uleb128 0x2
 196 0034 02       		.byte	0x2
 197 0035 05       		.byte	0x5
 198 0036 16020000 		.4byte	.LASF2
 199 003a 02       		.uleb128 0x2
 200 003b 02       		.byte	0x2
 201 003c 07       		.byte	0x7
 202 003d 15000000 		.4byte	.LASF3
 203 0041 02       		.uleb128 0x2
 204 0042 04       		.byte	0x4
 205 0043 05       		.byte	0x5
 206 0044 42020000 		.4byte	.LASF4
 207 0048 02       		.uleb128 0x2
 208 0049 04       		.byte	0x4
 209 004a 07       		.byte	0x7
 210 004b FE000000 		.4byte	.LASF5
 211 004f 02       		.uleb128 0x2
 212 0050 08       		.byte	0x8
 213 0051 05       		.byte	0x5
 214 0052 CB010000 		.4byte	.LASF6
 215 0056 02       		.uleb128 0x2
ARM GAS  C:\Users\HPz420\AppData\Local\Temp\ccFu0w0L.s 			page 8


 216 0057 08       		.byte	0x8
 217 0058 07       		.byte	0x7
 218 0059 9F010000 		.4byte	.LASF7
 219 005d 03       		.uleb128 0x3
 220 005e 04       		.byte	0x4
 221 005f 05       		.byte	0x5
 222 0060 696E7400 		.ascii	"int\000"
 223 0064 02       		.uleb128 0x2
 224 0065 04       		.byte	0x4
 225 0066 07       		.byte	0x7
 226 0067 92010000 		.4byte	.LASF8
 227 006b 04       		.uleb128 0x4
 228 006c 10010000 		.4byte	.LASF12
 229 0070 02       		.byte	0x2
 230 0071 E401     		.2byte	0x1e4
 231 0073 2C000000 		.4byte	0x2c
 232 0077 02       		.uleb128 0x2
 233 0078 04       		.byte	0x4
 234 0079 04       		.byte	0x4
 235 007a 4B000000 		.4byte	.LASF9
 236 007e 02       		.uleb128 0x2
 237 007f 08       		.byte	0x8
 238 0080 04       		.byte	0x4
 239 0081 16010000 		.4byte	.LASF10
 240 0085 02       		.uleb128 0x2
 241 0086 01       		.byte	0x1
 242 0087 08       		.byte	0x8
 243 0088 FC010000 		.4byte	.LASF11
 244 008c 04       		.uleb128 0x4
 245 008d ED000000 		.4byte	.LASF13
 246 0091 02       		.byte	0x2
 247 0092 8E02     		.2byte	0x28e
 248 0094 98000000 		.4byte	0x98
 249 0098 05       		.uleb128 0x5
 250 0099 6B000000 		.4byte	0x6b
 251 009d 02       		.uleb128 0x2
 252 009e 08       		.byte	0x8
 253 009f 04       		.byte	0x4
 254 00a0 B6010000 		.4byte	.LASF14
 255 00a4 02       		.uleb128 0x2
 256 00a5 04       		.byte	0x4
 257 00a6 07       		.byte	0x7
 258 00a7 C2010000 		.4byte	.LASF15
 259 00ab 06       		.uleb128 0x6
 260 00ac 01020000 		.4byte	.LASF29
 261 00b0 02       		.byte	0x2
 262 00b1 03       		.byte	0x3
 263 00b2 45       		.byte	0x45
 264 00b3 CF000000 		.4byte	0xcf
 265 00b7 07       		.uleb128 0x7
 266 00b8 4B020000 		.4byte	.LASF16
 267 00bc 03       		.byte	0x3
 268 00bd 47       		.byte	0x47
 269 00be 6B000000 		.4byte	0x6b
 270 00c2 00       		.byte	0
 271 00c3 08       		.uleb128 0x8
 272 00c4 637200   		.ascii	"cr\000"
ARM GAS  C:\Users\HPz420\AppData\Local\Temp\ccFu0w0L.s 			page 9


 273 00c7 03       		.byte	0x3
 274 00c8 4A       		.byte	0x4a
 275 00c9 6B000000 		.4byte	0x6b
 276 00cd 01       		.byte	0x1
 277 00ce 00       		.byte	0
 278 00cf 09       		.uleb128 0x9
 279 00d0 83020000 		.4byte	.LASF17
 280 00d4 03       		.byte	0x3
 281 00d5 4D       		.byte	0x4d
 282 00d6 AB000000 		.4byte	0xab
 283 00da 0A       		.uleb128 0xa
 284 00db 65020000 		.4byte	.LASF18
 285 00df 01       		.byte	0x1
 286 00e0 36       		.byte	0x36
 287 00e1 00000000 		.4byte	.LFB0
 288 00e5 14000000 		.4byte	.LFE0-.LFB0
 289 00e9 01       		.uleb128 0x1
 290 00ea 9C       		.byte	0x9c
 291 00eb 0A       		.uleb128 0xa
 292 00ec 00000000 		.4byte	.LASF19
 293 00f0 01       		.byte	0x1
 294 00f1 57       		.byte	0x57
 295 00f2 00000000 		.4byte	.LFB1
 296 00f6 14000000 		.4byte	.LFE1-.LFB1
 297 00fa 01       		.uleb128 0x1
 298 00fb 9C       		.byte	0x9c
 299 00fc 0B       		.uleb128 0xb
 300 00fd 20020000 		.4byte	.LASF20
 301 0101 01       		.byte	0x1
 302 0102 78       		.byte	0x78
 303 0103 00000000 		.4byte	.LFB2
 304 0107 2C000000 		.4byte	.LFE2-.LFB2
 305 010b 01       		.uleb128 0x1
 306 010c 9C       		.byte	0x9c
 307 010d 24010000 		.4byte	0x124
 308 0111 0C       		.uleb128 0xc
 309 0112 1E000000 		.4byte	.LVL0
 310 0116 6F010000 		.4byte	0x16f
 311 011a 0C       		.uleb128 0xc
 312 011b 22000000 		.4byte	.LVL1
 313 011f DA000000 		.4byte	0xda
 314 0123 00       		.byte	0
 315 0124 0B       		.uleb128 0xb
 316 0125 1D010000 		.4byte	.LASF21
 317 0129 01       		.byte	0x1
 318 012a AC       		.byte	0xac
 319 012b 00000000 		.4byte	.LFB3
 320 012f 20000000 		.4byte	.LFE3-.LFB3
 321 0133 01       		.uleb128 0x1
 322 0134 9C       		.byte	0x9c
 323 0135 5E010000 		.4byte	0x15e
 324 0139 0C       		.uleb128 0xc
 325 013a 06000000 		.4byte	.LVL2
 326 013e EB000000 		.4byte	0xeb
 327 0142 0C       		.uleb128 0xc
 328 0143 0A000000 		.4byte	.LVL3
 329 0147 7A010000 		.4byte	0x17a
ARM GAS  C:\Users\HPz420\AppData\Local\Temp\ccFu0w0L.s 			page 10


 330 014b 0C       		.uleb128 0xc
 331 014c 0E000000 		.4byte	.LVL4
 332 0150 85010000 		.4byte	0x185
 333 0154 0C       		.uleb128 0xc
 334 0155 18000000 		.4byte	.LVL5
 335 0159 90010000 		.4byte	0x190
 336 015d 00       		.byte	0
 337 015e 0D       		.uleb128 0xd
 338 015f 3D000000 		.4byte	.LASF30
 339 0163 01       		.byte	0x1
 340 0164 18       		.byte	0x18
 341 0165 CF000000 		.4byte	0xcf
 342 0169 05       		.uleb128 0x5
 343 016a 03       		.byte	0x3
 344 016b 00000000 		.4byte	UART_1_backup
 345 016f 0E       		.uleb128 0xe
 346 0170 F2000000 		.4byte	.LASF22
 347 0174 F2000000 		.4byte	.LASF22
 348 0178 03       		.byte	0x3
 349 0179 55       		.byte	0x55
 350 017a 0E       		.uleb128 0xe
 351 017b 28000000 		.4byte	.LASF23
 352 017f 28000000 		.4byte	.LASF23
 353 0183 03       		.byte	0x3
 354 0184 75       		.byte	0x75
 355 0185 0E       		.uleb128 0xe
 356 0186 2D020000 		.4byte	.LASF24
 357 018a 2D020000 		.4byte	.LASF24
 358 018e 03       		.byte	0x3
 359 018f 8F       		.byte	0x8f
 360 0190 0E       		.uleb128 0xe
 361 0191 57020000 		.4byte	.LASF25
 362 0195 57020000 		.4byte	.LASF25
 363 0199 03       		.byte	0x3
 364 019a 5A       		.byte	0x5a
 365 019b 00       		.byte	0
 366              		.section	.debug_abbrev,"",%progbits
 367              	.Ldebug_abbrev0:
 368 0000 01       		.uleb128 0x1
 369 0001 11       		.uleb128 0x11
 370 0002 01       		.byte	0x1
 371 0003 25       		.uleb128 0x25
 372 0004 0E       		.uleb128 0xe
 373 0005 13       		.uleb128 0x13
 374 0006 0B       		.uleb128 0xb
 375 0007 03       		.uleb128 0x3
 376 0008 0E       		.uleb128 0xe
 377 0009 1B       		.uleb128 0x1b
 378 000a 0E       		.uleb128 0xe
 379 000b 55       		.uleb128 0x55
 380 000c 17       		.uleb128 0x17
 381 000d 11       		.uleb128 0x11
 382 000e 01       		.uleb128 0x1
 383 000f 10       		.uleb128 0x10
 384 0010 17       		.uleb128 0x17
 385 0011 00       		.byte	0
 386 0012 00       		.byte	0
ARM GAS  C:\Users\HPz420\AppData\Local\Temp\ccFu0w0L.s 			page 11


 387 0013 02       		.uleb128 0x2
 388 0014 24       		.uleb128 0x24
 389 0015 00       		.byte	0
 390 0016 0B       		.uleb128 0xb
 391 0017 0B       		.uleb128 0xb
 392 0018 3E       		.uleb128 0x3e
 393 0019 0B       		.uleb128 0xb
 394 001a 03       		.uleb128 0x3
 395 001b 0E       		.uleb128 0xe
 396 001c 00       		.byte	0
 397 001d 00       		.byte	0
 398 001e 03       		.uleb128 0x3
 399 001f 24       		.uleb128 0x24
 400 0020 00       		.byte	0
 401 0021 0B       		.uleb128 0xb
 402 0022 0B       		.uleb128 0xb
 403 0023 3E       		.uleb128 0x3e
 404 0024 0B       		.uleb128 0xb
 405 0025 03       		.uleb128 0x3
 406 0026 08       		.uleb128 0x8
 407 0027 00       		.byte	0
 408 0028 00       		.byte	0
 409 0029 04       		.uleb128 0x4
 410 002a 16       		.uleb128 0x16
 411 002b 00       		.byte	0
 412 002c 03       		.uleb128 0x3
 413 002d 0E       		.uleb128 0xe
 414 002e 3A       		.uleb128 0x3a
 415 002f 0B       		.uleb128 0xb
 416 0030 3B       		.uleb128 0x3b
 417 0031 05       		.uleb128 0x5
 418 0032 49       		.uleb128 0x49
 419 0033 13       		.uleb128 0x13
 420 0034 00       		.byte	0
 421 0035 00       		.byte	0
 422 0036 05       		.uleb128 0x5
 423 0037 35       		.uleb128 0x35
 424 0038 00       		.byte	0
 425 0039 49       		.uleb128 0x49
 426 003a 13       		.uleb128 0x13
 427 003b 00       		.byte	0
 428 003c 00       		.byte	0
 429 003d 06       		.uleb128 0x6
 430 003e 13       		.uleb128 0x13
 431 003f 01       		.byte	0x1
 432 0040 03       		.uleb128 0x3
 433 0041 0E       		.uleb128 0xe
 434 0042 0B       		.uleb128 0xb
 435 0043 0B       		.uleb128 0xb
 436 0044 3A       		.uleb128 0x3a
 437 0045 0B       		.uleb128 0xb
 438 0046 3B       		.uleb128 0x3b
 439 0047 0B       		.uleb128 0xb
 440 0048 01       		.uleb128 0x1
 441 0049 13       		.uleb128 0x13
 442 004a 00       		.byte	0
 443 004b 00       		.byte	0
ARM GAS  C:\Users\HPz420\AppData\Local\Temp\ccFu0w0L.s 			page 12


 444 004c 07       		.uleb128 0x7
 445 004d 0D       		.uleb128 0xd
 446 004e 00       		.byte	0
 447 004f 03       		.uleb128 0x3
 448 0050 0E       		.uleb128 0xe
 449 0051 3A       		.uleb128 0x3a
 450 0052 0B       		.uleb128 0xb
 451 0053 3B       		.uleb128 0x3b
 452 0054 0B       		.uleb128 0xb
 453 0055 49       		.uleb128 0x49
 454 0056 13       		.uleb128 0x13
 455 0057 38       		.uleb128 0x38
 456 0058 0B       		.uleb128 0xb
 457 0059 00       		.byte	0
 458 005a 00       		.byte	0
 459 005b 08       		.uleb128 0x8
 460 005c 0D       		.uleb128 0xd
 461 005d 00       		.byte	0
 462 005e 03       		.uleb128 0x3
 463 005f 08       		.uleb128 0x8
 464 0060 3A       		.uleb128 0x3a
 465 0061 0B       		.uleb128 0xb
 466 0062 3B       		.uleb128 0x3b
 467 0063 0B       		.uleb128 0xb
 468 0064 49       		.uleb128 0x49
 469 0065 13       		.uleb128 0x13
 470 0066 38       		.uleb128 0x38
 471 0067 0B       		.uleb128 0xb
 472 0068 00       		.byte	0
 473 0069 00       		.byte	0
 474 006a 09       		.uleb128 0x9
 475 006b 16       		.uleb128 0x16
 476 006c 00       		.byte	0
 477 006d 03       		.uleb128 0x3
 478 006e 0E       		.uleb128 0xe
 479 006f 3A       		.uleb128 0x3a
 480 0070 0B       		.uleb128 0xb
 481 0071 3B       		.uleb128 0x3b
 482 0072 0B       		.uleb128 0xb
 483 0073 49       		.uleb128 0x49
 484 0074 13       		.uleb128 0x13
 485 0075 00       		.byte	0
 486 0076 00       		.byte	0
 487 0077 0A       		.uleb128 0xa
 488 0078 2E       		.uleb128 0x2e
 489 0079 00       		.byte	0
 490 007a 3F       		.uleb128 0x3f
 491 007b 19       		.uleb128 0x19
 492 007c 03       		.uleb128 0x3
 493 007d 0E       		.uleb128 0xe
 494 007e 3A       		.uleb128 0x3a
 495 007f 0B       		.uleb128 0xb
 496 0080 3B       		.uleb128 0x3b
 497 0081 0B       		.uleb128 0xb
 498 0082 27       		.uleb128 0x27
 499 0083 19       		.uleb128 0x19
 500 0084 11       		.uleb128 0x11
ARM GAS  C:\Users\HPz420\AppData\Local\Temp\ccFu0w0L.s 			page 13


 501 0085 01       		.uleb128 0x1
 502 0086 12       		.uleb128 0x12
 503 0087 06       		.uleb128 0x6
 504 0088 40       		.uleb128 0x40
 505 0089 18       		.uleb128 0x18
 506 008a 9742     		.uleb128 0x2117
 507 008c 19       		.uleb128 0x19
 508 008d 00       		.byte	0
 509 008e 00       		.byte	0
 510 008f 0B       		.uleb128 0xb
 511 0090 2E       		.uleb128 0x2e
 512 0091 01       		.byte	0x1
 513 0092 3F       		.uleb128 0x3f
 514 0093 19       		.uleb128 0x19
 515 0094 03       		.uleb128 0x3
 516 0095 0E       		.uleb128 0xe
 517 0096 3A       		.uleb128 0x3a
 518 0097 0B       		.uleb128 0xb
 519 0098 3B       		.uleb128 0x3b
 520 0099 0B       		.uleb128 0xb
 521 009a 27       		.uleb128 0x27
 522 009b 19       		.uleb128 0x19
 523 009c 11       		.uleb128 0x11
 524 009d 01       		.uleb128 0x1
 525 009e 12       		.uleb128 0x12
 526 009f 06       		.uleb128 0x6
 527 00a0 40       		.uleb128 0x40
 528 00a1 18       		.uleb128 0x18
 529 00a2 9742     		.uleb128 0x2117
 530 00a4 19       		.uleb128 0x19
 531 00a5 01       		.uleb128 0x1
 532 00a6 13       		.uleb128 0x13
 533 00a7 00       		.byte	0
 534 00a8 00       		.byte	0
 535 00a9 0C       		.uleb128 0xc
 536 00aa 898201   		.uleb128 0x4109
 537 00ad 00       		.byte	0
 538 00ae 11       		.uleb128 0x11
 539 00af 01       		.uleb128 0x1
 540 00b0 31       		.uleb128 0x31
 541 00b1 13       		.uleb128 0x13
 542 00b2 00       		.byte	0
 543 00b3 00       		.byte	0
 544 00b4 0D       		.uleb128 0xd
 545 00b5 34       		.uleb128 0x34
 546 00b6 00       		.byte	0
 547 00b7 03       		.uleb128 0x3
 548 00b8 0E       		.uleb128 0xe
 549 00b9 3A       		.uleb128 0x3a
 550 00ba 0B       		.uleb128 0xb
 551 00bb 3B       		.uleb128 0x3b
 552 00bc 0B       		.uleb128 0xb
 553 00bd 49       		.uleb128 0x49
 554 00be 13       		.uleb128 0x13
 555 00bf 02       		.uleb128 0x2
 556 00c0 18       		.uleb128 0x18
 557 00c1 00       		.byte	0
ARM GAS  C:\Users\HPz420\AppData\Local\Temp\ccFu0w0L.s 			page 14


 558 00c2 00       		.byte	0
 559 00c3 0E       		.uleb128 0xe
 560 00c4 2E       		.uleb128 0x2e
 561 00c5 00       		.byte	0
 562 00c6 3F       		.uleb128 0x3f
 563 00c7 19       		.uleb128 0x19
 564 00c8 3C       		.uleb128 0x3c
 565 00c9 19       		.uleb128 0x19
 566 00ca 6E       		.uleb128 0x6e
 567 00cb 0E       		.uleb128 0xe
 568 00cc 03       		.uleb128 0x3
 569 00cd 0E       		.uleb128 0xe
 570 00ce 3A       		.uleb128 0x3a
 571 00cf 0B       		.uleb128 0xb
 572 00d0 3B       		.uleb128 0x3b
 573 00d1 0B       		.uleb128 0xb
 574 00d2 00       		.byte	0
 575 00d3 00       		.byte	0
 576 00d4 00       		.byte	0
 577              		.section	.debug_aranges,"",%progbits
 578 0000 34000000 		.4byte	0x34
 579 0004 0200     		.2byte	0x2
 580 0006 00000000 		.4byte	.Ldebug_info0
 581 000a 04       		.byte	0x4
 582 000b 00       		.byte	0
 583 000c 0000     		.2byte	0
 584 000e 0000     		.2byte	0
 585 0010 00000000 		.4byte	.LFB0
 586 0014 14000000 		.4byte	.LFE0-.LFB0
 587 0018 00000000 		.4byte	.LFB1
 588 001c 14000000 		.4byte	.LFE1-.LFB1
 589 0020 00000000 		.4byte	.LFB2
 590 0024 2C000000 		.4byte	.LFE2-.LFB2
 591 0028 00000000 		.4byte	.LFB3
 592 002c 20000000 		.4byte	.LFE3-.LFB3
 593 0030 00000000 		.4byte	0
 594 0034 00000000 		.4byte	0
 595              		.section	.debug_ranges,"",%progbits
 596              	.Ldebug_ranges0:
 597 0000 00000000 		.4byte	.LFB0
 598 0004 14000000 		.4byte	.LFE0
 599 0008 00000000 		.4byte	.LFB1
 600 000c 14000000 		.4byte	.LFE1
 601 0010 00000000 		.4byte	.LFB2
 602 0014 2C000000 		.4byte	.LFE2
 603 0018 00000000 		.4byte	.LFB3
 604 001c 20000000 		.4byte	.LFE3
 605 0020 00000000 		.4byte	0
 606 0024 00000000 		.4byte	0
 607              		.section	.debug_line,"",%progbits
 608              	.Ldebug_line0:
 609 0000 A5000000 		.section	.debug_str,"MS",%progbits,1
 609      02005200 
 609      00000201 
 609      FB0E0D00 
 609      01010101 
 610              	.LASF19:
ARM GAS  C:\Users\HPz420\AppData\Local\Temp\ccFu0w0L.s 			page 15


 611 0000 55415254 		.ascii	"UART_1_RestoreConfig\000"
 611      5F315F52 
 611      6573746F 
 611      7265436F 
 611      6E666967 
 612              	.LASF3:
 613 0015 73686F72 		.ascii	"short unsigned int\000"
 613      7420756E 
 613      7369676E 
 613      65642069 
 613      6E7400
 614              	.LASF23:
 615 0028 55415254 		.ascii	"UART_1_ClearRxBuffer\000"
 615      5F315F43 
 615      6C656172 
 615      52784275 
 615      66666572 
 616              	.LASF30:
 617 003d 55415254 		.ascii	"UART_1_backup\000"
 617      5F315F62 
 617      61636B75 
 617      7000
 618              	.LASF9:
 619 004b 666C6F61 		.ascii	"float\000"
 619      7400
 620              	.LASF1:
 621 0051 756E7369 		.ascii	"unsigned char\000"
 621      676E6564 
 621      20636861 
 621      7200
 622              	.LASF26:
 623 005f 474E5520 		.ascii	"GNU C11 5.4.1 20160609 (release) [ARM/embedded-5-br"
 623      43313120 
 623      352E342E 
 623      31203230 
 623      31363036 
 624 0092 616E6368 		.ascii	"anch revision 237715] -mcpu=cortex-m3 -mthumb -g -O"
 624      20726576 
 624      6973696F 
 624      6E203233 
 624      37373135 
 625 00c5 67202D66 		.ascii	"g -ffunction-sections -ffat-lto-objects\000"
 625      66756E63 
 625      74696F6E 
 625      2D736563 
 625      74696F6E 
 626              	.LASF13:
 627 00ed 72656738 		.ascii	"reg8\000"
 627      00
 628              	.LASF22:
 629 00f2 55415254 		.ascii	"UART_1_Stop\000"
 629      5F315F53 
 629      746F7000 
 630              	.LASF5:
 631 00fe 6C6F6E67 		.ascii	"long unsigned int\000"
 631      20756E73 
 631      69676E65 
ARM GAS  C:\Users\HPz420\AppData\Local\Temp\ccFu0w0L.s 			page 16


 631      6420696E 
 631      7400
 632              	.LASF12:
 633 0110 75696E74 		.ascii	"uint8\000"
 633      3800
 634              	.LASF10:
 635 0116 646F7562 		.ascii	"double\000"
 635      6C6500
 636              	.LASF21:
 637 011d 55415254 		.ascii	"UART_1_Wakeup\000"
 637      5F315F57 
 637      616B6575 
 637      7000
 638              	.LASF28:
 639 012b 433A5C55 		.ascii	"C:\\Users\\HPz420\\Documents\\GitHub\\Retro-Compute"
 639      73657273 
 639      5C48507A 
 639      3432305C 
 639      446F6375 
 640 0159 72735C5A 		.ascii	"rs\\Z80\\PSOC\\PSOC_Design_Files\\Workspace01\\Z80_"
 640      38305C50 
 640      534F435C 
 640      50534F43 
 640      5F446573 
 641 0187 3350696E 		.ascii	"3Pin.cydsn\000"
 641      2E637964 
 641      736E00
 642              	.LASF8:
 643 0192 756E7369 		.ascii	"unsigned int\000"
 643      676E6564 
 643      20696E74 
 643      00
 644              	.LASF7:
 645 019f 6C6F6E67 		.ascii	"long long unsigned int\000"
 645      206C6F6E 
 645      6720756E 
 645      7369676E 
 645      65642069 
 646              	.LASF14:
 647 01b6 6C6F6E67 		.ascii	"long double\000"
 647      20646F75 
 647      626C6500 
 648              	.LASF15:
 649 01c2 73697A65 		.ascii	"sizetype\000"
 649      74797065 
 649      00
 650              	.LASF6:
 651 01cb 6C6F6E67 		.ascii	"long long int\000"
 651      206C6F6E 
 651      6720696E 
 651      7400
 652              	.LASF27:
 653 01d9 47656E65 		.ascii	"Generated_Source\\PSoC5\\UART_1_PM.c\000"
 653      72617465 
 653      645F536F 
 653      75726365 
 653      5C50536F 
ARM GAS  C:\Users\HPz420\AppData\Local\Temp\ccFu0w0L.s 			page 17


 654              	.LASF11:
 655 01fc 63686172 		.ascii	"char\000"
 655      00
 656              	.LASF29:
 657 0201 55415254 		.ascii	"UART_1_backupStruct_\000"
 657      5F315F62 
 657      61636B75 
 657      70537472 
 657      7563745F 
 658              	.LASF2:
 659 0216 73686F72 		.ascii	"short int\000"
 659      7420696E 
 659      7400
 660              	.LASF20:
 661 0220 55415254 		.ascii	"UART_1_Sleep\000"
 661      5F315F53 
 661      6C656570 
 661      00
 662              	.LASF24:
 663 022d 55415254 		.ascii	"UART_1_ClearTxBuffer\000"
 663      5F315F43 
 663      6C656172 
 663      54784275 
 663      66666572 
 664              	.LASF4:
 665 0242 6C6F6E67 		.ascii	"long int\000"
 665      20696E74 
 665      00
 666              	.LASF16:
 667 024b 656E6162 		.ascii	"enableState\000"
 667      6C655374 
 667      61746500 
 668              	.LASF25:
 669 0257 55415254 		.ascii	"UART_1_Enable\000"
 669      5F315F45 
 669      6E61626C 
 669      6500
 670              	.LASF18:
 671 0265 55415254 		.ascii	"UART_1_SaveConfig\000"
 671      5F315F53 
 671      61766543 
 671      6F6E6669 
 671      6700
 672              	.LASF0:
 673 0277 7369676E 		.ascii	"signed char\000"
 673      65642063 
 673      68617200 
 674              	.LASF17:
 675 0283 55415254 		.ascii	"UART_1_BACKUP_STRUCT\000"
 675      5F315F42 
 675      41434B55 
 675      505F5354 
 675      52554354 
 676              		.ident	"GCC: (GNU Tools for ARM Embedded Processors) 5.4.1 20160609 (release) [ARM/embedded-5-bran
