ARM GAS  C:\Users\DGILLI~1\AppData\Local\Temp\ccX3Ovb3.s 			page 1


   1              		.syntax unified
   2              		.cpu cortex-m3
   3              		.fpu softvfp
   4              		.eabi_attribute 20, 1
   5              		.eabi_attribute 21, 1
   6              		.eabi_attribute 23, 3
   7              		.eabi_attribute 24, 1
   8              		.eabi_attribute 25, 1
   9              		.eabi_attribute 26, 1
  10              		.eabi_attribute 30, 1
  11              		.eabi_attribute 34, 1
  12              		.eabi_attribute 18, 4
  13              		.thumb
  14              		.syntax unified
  15              		.file	"USBUART_1_descr.c"
  16              		.text
  17              	.Ltext0:
  18              		.cfi_sections	.debug_frame
  19              		.comm	USBUART_1_idSerialNumberStringDescriptor,34,4
  20              		.global	USBUART_1_TABLE
  21              		.global	USBUART_1_DEVICE0_TABLE
  22              		.global	USBUART_1_DEVICE0_CONFIGURATION0_TABLE
  23              		.global	USBUART_1_DEVICE0_CONFIGURATION0_INTERFACE_CLASS
  24              		.global	USBUART_1_DEVICE0_CONFIGURATION0_EP_SETTINGS_TABLE
  25              		.global	USBUART_1_SN_STRING_DESCRIPTOR
  26              		.global	USBUART_1_STRING_DESCRIPTORS
  27              		.global	USBUART_1_DEVICE0_CONFIGURATION0_DESCR
  28              		.global	USBUART_1_DEVICE0_DESCR
  29              		.section	.rodata
  30              		.align	2
  31              		.type	USBUART_1_TABLE, %object
  32              		.size	USBUART_1_TABLE, 8
  33              	USBUART_1_TABLE:
  34 0000 01       		.byte	1
  35 0001 000000   		.space	3
  36 0004 00000000 		.word	USBUART_1_DEVICE0_TABLE
  37              		.type	USBUART_1_DEVICE0_TABLE, %object
  38              		.size	USBUART_1_DEVICE0_TABLE, 24
  39              	USBUART_1_DEVICE0_TABLE:
  40 0008 01       		.byte	1
  41 0009 000000   		.space	3
  42 000c 00000000 		.word	USBUART_1_DEVICE0_DESCR
  43 0010 00       		.byte	0
  44 0011 000000   		.space	3
  45 0014 00000000 		.word	0
  46 0018 01       		.byte	1
  47 0019 000000   		.space	3
  48 001c 00000000 		.word	USBUART_1_DEVICE0_CONFIGURATION0_TABLE
  49              		.type	USBUART_1_DEVICE0_CONFIGURATION0_TABLE, %object
  50              		.size	USBUART_1_DEVICE0_CONFIGURATION0_TABLE, 40
  51              	USBUART_1_DEVICE0_CONFIGURATION0_TABLE:
  52 0020 01       		.byte	1
  53 0021 000000   		.space	3
  54 0024 00000000 		.word	USBUART_1_DEVICE0_CONFIGURATION0_DESCR
  55 0028 03       		.byte	3
  56 0029 000000   		.space	3
  57 002c 00000000 		.word	USBUART_1_DEVICE0_CONFIGURATION0_EP_SETTINGS_TABLE
ARM GAS  C:\Users\DGILLI~1\AppData\Local\Temp\ccX3Ovb3.s 			page 2


  58 0030 00       		.byte	0
  59 0031 000000   		.space	3
  60 0034 00000000 		.word	0
  61 0038 00       		.byte	0
  62 0039 000000   		.space	3
  63 003c 00000000 		.word	0
  64 0040 00       		.byte	0
  65 0041 000000   		.space	3
  66 0044 00000000 		.word	USBUART_1_DEVICE0_CONFIGURATION0_INTERFACE_CLASS
  67              		.type	USBUART_1_DEVICE0_CONFIGURATION0_INTERFACE_CLASS, %object
  68              		.size	USBUART_1_DEVICE0_CONFIGURATION0_INTERFACE_CLASS, 2
  69              	USBUART_1_DEVICE0_CONFIGURATION0_INTERFACE_CLASS:
  70 0048 02       		.byte	2
  71 0049 0A       		.byte	10
  72 004a 0000     		.space	2
  73              		.type	USBUART_1_DEVICE0_CONFIGURATION0_EP_SETTINGS_TABLE, %object
  74              		.size	USBUART_1_DEVICE0_CONFIGURATION0_EP_SETTINGS_TABLE, 24
  75              	USBUART_1_DEVICE0_CONFIGURATION0_EP_SETTINGS_TABLE:
  76 004c 00       		.byte	0
  77 004d 00       		.byte	0
  78 004e 81       		.byte	-127
  79 004f 03       		.byte	3
  80 0050 0800     		.short	8
  81 0052 02       		.byte	2
  82 0053 00       		.space	1
  83 0054 01       		.byte	1
  84 0055 00       		.byte	0
  85 0056 82       		.byte	-126
  86 0057 02       		.byte	2
  87 0058 4000     		.short	64
  88 005a 0A       		.byte	10
  89 005b 00       		.space	1
  90 005c 01       		.byte	1
  91 005d 00       		.byte	0
  92 005e 03       		.byte	3
  93 005f 02       		.byte	2
  94 0060 4000     		.short	64
  95 0062 0A       		.byte	10
  96 0063 00       		.space	1
  97              		.type	USBUART_1_SN_STRING_DESCRIPTOR, %object
  98              		.size	USBUART_1_SN_STRING_DESCRIPTOR, 2
  99              	USBUART_1_SN_STRING_DESCRIPTOR:
 100 0064 02       		.byte	2
 101 0065 03       		.byte	3
 102 0066 0000     		.space	2
 103              		.type	USBUART_1_STRING_DESCRIPTORS, %object
 104              		.size	USBUART_1_STRING_DESCRIPTORS, 159
 105              	USBUART_1_STRING_DESCRIPTORS:
 106 0068 04       		.byte	4
 107 0069 03       		.byte	3
 108 006a 09       		.byte	9
 109 006b 04       		.byte	4
 110 006c 2C       		.byte	44
 111 006d 03       		.byte	3
 112 006e 43       		.byte	67
 113 006f 00       		.byte	0
 114 0070 79       		.byte	121
ARM GAS  C:\Users\DGILLI~1\AppData\Local\Temp\ccX3Ovb3.s 			page 3


 115 0071 00       		.byte	0
 116 0072 70       		.byte	112
 117 0073 00       		.byte	0
 118 0074 72       		.byte	114
 119 0075 00       		.byte	0
 120 0076 65       		.byte	101
 121 0077 00       		.byte	0
 122 0078 73       		.byte	115
 123 0079 00       		.byte	0
 124 007a 73       		.byte	115
 125 007b 00       		.byte	0
 126 007c 20       		.byte	32
 127 007d 00       		.byte	0
 128 007e 53       		.byte	83
 129 007f 00       		.byte	0
 130 0080 65       		.byte	101
 131 0081 00       		.byte	0
 132 0082 6D       		.byte	109
 133 0083 00       		.byte	0
 134 0084 69       		.byte	105
 135 0085 00       		.byte	0
 136 0086 63       		.byte	99
 137 0087 00       		.byte	0
 138 0088 6F       		.byte	111
 139 0089 00       		.byte	0
 140 008a 6E       		.byte	110
 141 008b 00       		.byte	0
 142 008c 64       		.byte	100
 143 008d 00       		.byte	0
 144 008e 75       		.byte	117
 145 008f 00       		.byte	0
 146 0090 63       		.byte	99
 147 0091 00       		.byte	0
 148 0092 74       		.byte	116
 149 0093 00       		.byte	0
 150 0094 6F       		.byte	111
 151 0095 00       		.byte	0
 152 0096 72       		.byte	114
 153 0097 00       		.byte	0
 154 0098 10       		.byte	16
 155 0099 03       		.byte	3
 156 009a 55       		.byte	85
 157 009b 00       		.byte	0
 158 009c 53       		.byte	83
 159 009d 00       		.byte	0
 160 009e 42       		.byte	66
 161 009f 00       		.byte	0
 162 00a0 55       		.byte	85
 163 00a1 00       		.byte	0
 164 00a2 41       		.byte	65
 165 00a3 00       		.byte	0
 166 00a4 52       		.byte	82
 167 00a5 00       		.byte	0
 168 00a6 54       		.byte	84
 169 00a7 00       		.byte	0
 170 00a8 38       		.byte	56
 171 00a9 03       		.byte	3
ARM GAS  C:\Users\DGILLI~1\AppData\Local\Temp\ccX3Ovb3.s 			page 4


 172 00aa 43       		.byte	67
 173 00ab 00       		.byte	0
 174 00ac 44       		.byte	68
 175 00ad 00       		.byte	0
 176 00ae 43       		.byte	67
 177 00af 00       		.byte	0
 178 00b0 20       		.byte	32
 179 00b1 00       		.byte	0
 180 00b2 43       		.byte	67
 181 00b3 00       		.byte	0
 182 00b4 6F       		.byte	111
 183 00b5 00       		.byte	0
 184 00b6 6D       		.byte	109
 185 00b7 00       		.byte	0
 186 00b8 6D       		.byte	109
 187 00b9 00       		.byte	0
 188 00ba 75       		.byte	117
 189 00bb 00       		.byte	0
 190 00bc 6E       		.byte	110
 191 00bd 00       		.byte	0
 192 00be 69       		.byte	105
 193 00bf 00       		.byte	0
 194 00c0 63       		.byte	99
 195 00c1 00       		.byte	0
 196 00c2 61       		.byte	97
 197 00c3 00       		.byte	0
 198 00c4 74       		.byte	116
 199 00c5 00       		.byte	0
 200 00c6 69       		.byte	105
 201 00c7 00       		.byte	0
 202 00c8 6F       		.byte	111
 203 00c9 00       		.byte	0
 204 00ca 6E       		.byte	110
 205 00cb 00       		.byte	0
 206 00cc 20       		.byte	32
 207 00cd 00       		.byte	0
 208 00ce 49       		.byte	73
 209 00cf 00       		.byte	0
 210 00d0 6E       		.byte	110
 211 00d1 00       		.byte	0
 212 00d2 74       		.byte	116
 213 00d3 00       		.byte	0
 214 00d4 65       		.byte	101
 215 00d5 00       		.byte	0
 216 00d6 72       		.byte	114
 217 00d7 00       		.byte	0
 218 00d8 66       		.byte	102
 219 00d9 00       		.byte	0
 220 00da 61       		.byte	97
 221 00db 00       		.byte	0
 222 00dc 63       		.byte	99
 223 00dd 00       		.byte	0
 224 00de 65       		.byte	101
 225 00df 00       		.byte	0
 226 00e0 26       		.byte	38
 227 00e1 03       		.byte	3
 228 00e2 43       		.byte	67
ARM GAS  C:\Users\DGILLI~1\AppData\Local\Temp\ccX3Ovb3.s 			page 5


 229 00e3 00       		.byte	0
 230 00e4 44       		.byte	68
 231 00e5 00       		.byte	0
 232 00e6 43       		.byte	67
 233 00e7 00       		.byte	0
 234 00e8 20       		.byte	32
 235 00e9 00       		.byte	0
 236 00ea 44       		.byte	68
 237 00eb 00       		.byte	0
 238 00ec 61       		.byte	97
 239 00ed 00       		.byte	0
 240 00ee 74       		.byte	116
 241 00ef 00       		.byte	0
 242 00f0 61       		.byte	97
 243 00f1 00       		.byte	0
 244 00f2 20       		.byte	32
 245 00f3 00       		.byte	0
 246 00f4 49       		.byte	73
 247 00f5 00       		.byte	0
 248 00f6 6E       		.byte	110
 249 00f7 00       		.byte	0
 250 00f8 74       		.byte	116
 251 00f9 00       		.byte	0
 252 00fa 65       		.byte	101
 253 00fb 00       		.byte	0
 254 00fc 72       		.byte	114
 255 00fd 00       		.byte	0
 256 00fe 66       		.byte	102
 257 00ff 00       		.byte	0
 258 0100 61       		.byte	97
 259 0101 00       		.byte	0
 260 0102 63       		.byte	99
 261 0103 00       		.byte	0
 262 0104 65       		.byte	101
 263 0105 00       		.byte	0
 264 0106 00       		.byte	0
 265 0107 00       		.space	1
 266              		.type	USBUART_1_DEVICE0_CONFIGURATION0_DESCR, %object
 267              		.size	USBUART_1_DEVICE0_CONFIGURATION0_DESCR, 67
 268              	USBUART_1_DEVICE0_CONFIGURATION0_DESCR:
 269 0108 09       		.byte	9
 270 0109 02       		.byte	2
 271 010a 43       		.byte	67
 272 010b 00       		.byte	0
 273 010c 02       		.byte	2
 274 010d 01       		.byte	1
 275 010e 01       		.byte	1
 276 010f 80       		.byte	-128
 277 0110 32       		.byte	50
 278 0111 09       		.byte	9
 279 0112 04       		.byte	4
 280 0113 00       		.byte	0
 281 0114 00       		.byte	0
 282 0115 01       		.byte	1
 283 0116 02       		.byte	2
 284 0117 02       		.byte	2
 285 0118 01       		.byte	1
ARM GAS  C:\Users\DGILLI~1\AppData\Local\Temp\ccX3Ovb3.s 			page 6


 286 0119 03       		.byte	3
 287 011a 05       		.byte	5
 288 011b 24       		.byte	36
 289 011c 00       		.byte	0
 290 011d 10       		.byte	16
 291 011e 01       		.byte	1
 292 011f 04       		.byte	4
 293 0120 24       		.byte	36
 294 0121 02       		.byte	2
 295 0122 02       		.byte	2
 296 0123 05       		.byte	5
 297 0124 24       		.byte	36
 298 0125 06       		.byte	6
 299 0126 00       		.byte	0
 300 0127 01       		.byte	1
 301 0128 05       		.byte	5
 302 0129 24       		.byte	36
 303 012a 01       		.byte	1
 304 012b 00       		.byte	0
 305 012c 01       		.byte	1
 306 012d 07       		.byte	7
 307 012e 05       		.byte	5
 308 012f 81       		.byte	-127
 309 0130 03       		.byte	3
 310 0131 08       		.byte	8
 311 0132 00       		.byte	0
 312 0133 0A       		.byte	10
 313 0134 09       		.byte	9
 314 0135 04       		.byte	4
 315 0136 01       		.byte	1
 316 0137 00       		.byte	0
 317 0138 02       		.byte	2
 318 0139 0A       		.byte	10
 319 013a 00       		.byte	0
 320 013b 00       		.byte	0
 321 013c 04       		.byte	4
 322 013d 07       		.byte	7
 323 013e 05       		.byte	5
 324 013f 82       		.byte	-126
 325 0140 02       		.byte	2
 326 0141 40       		.byte	64
 327 0142 00       		.byte	0
 328 0143 00       		.byte	0
 329 0144 07       		.byte	7
 330 0145 05       		.byte	5
 331 0146 03       		.byte	3
 332 0147 02       		.byte	2
 333 0148 40       		.byte	64
 334 0149 00       		.byte	0
 335 014a 00       		.byte	0
 336 014b 00       		.space	1
 337              		.type	USBUART_1_DEVICE0_DESCR, %object
 338              		.size	USBUART_1_DEVICE0_DESCR, 18
 339              	USBUART_1_DEVICE0_DESCR:
 340 014c 12       		.byte	18
 341 014d 01       		.byte	1
 342 014e 00       		.byte	0
ARM GAS  C:\Users\DGILLI~1\AppData\Local\Temp\ccX3Ovb3.s 			page 7


 343 014f 02       		.byte	2
 344 0150 02       		.byte	2
 345 0151 00       		.byte	0
 346 0152 00       		.byte	0
 347 0153 08       		.byte	8
 348 0154 B4       		.byte	-76
 349 0155 04       		.byte	4
 350 0156 32       		.byte	50
 351 0157 F2       		.byte	-14
 352 0158 01       		.byte	1
 353 0159 00       		.byte	0
 354 015a 01       		.byte	1
 355 015b 02       		.byte	2
 356 015c 80       		.byte	-128
 357 015d 01       		.byte	1
 358              		.text
 359              	.Letext0:
 360              		.file 1 "Generated_Source\\PSoC5\\cytypes.h"
 361              		.file 2 "Generated_Source\\PSoC5\\USBUART_1.h"
 362              		.file 3 "Generated_Source\\PSoC5\\USBUART_1_descr.c"
 363              		.section	.debug_info,"",%progbits
 364              	.Ldebug_info0:
 365 0000 9F020000 		.4byte	0x29f
 366 0004 0400     		.2byte	0x4
 367 0006 00000000 		.4byte	.Ldebug_abbrev0
 368 000a 04       		.byte	0x4
 369 000b 01       		.uleb128 0x1
 370 000c FA000000 		.4byte	.LASF35
 371 0010 0C       		.byte	0xc
 372 0011 73030000 		.4byte	.LASF36
 373 0015 08030000 		.4byte	.LASF37
 374 0019 00000000 		.4byte	.Ldebug_line0
 375 001d 02       		.uleb128 0x2
 376 001e 01       		.byte	0x1
 377 001f 06       		.byte	0x6
 378 0020 FC020000 		.4byte	.LASF0
 379 0024 02       		.uleb128 0x2
 380 0025 01       		.byte	0x1
 381 0026 08       		.byte	0x8
 382 0027 EC000000 		.4byte	.LASF1
 383 002b 02       		.uleb128 0x2
 384 002c 02       		.byte	0x2
 385 002d 05       		.byte	0x5
 386 002e E2010000 		.4byte	.LASF2
 387 0032 02       		.uleb128 0x2
 388 0033 02       		.byte	0x2
 389 0034 07       		.byte	0x7
 390 0035 73000000 		.4byte	.LASF3
 391 0039 02       		.uleb128 0x2
 392 003a 04       		.byte	0x4
 393 003b 05       		.byte	0x5
 394 003c E7020000 		.4byte	.LASF4
 395 0040 02       		.uleb128 0x2
 396 0041 04       		.byte	0x4
 397 0042 07       		.byte	0x7
 398 0043 93010000 		.4byte	.LASF5
 399 0047 02       		.uleb128 0x2
ARM GAS  C:\Users\DGILLI~1\AppData\Local\Temp\ccX3Ovb3.s 			page 8


 400 0048 08       		.byte	0x8
 401 0049 05       		.byte	0x5
 402 004a 3F020000 		.4byte	.LASF6
 403 004e 02       		.uleb128 0x2
 404 004f 08       		.byte	0x8
 405 0050 07       		.byte	0x7
 406 0051 00020000 		.4byte	.LASF7
 407 0055 03       		.uleb128 0x3
 408 0056 04       		.byte	0x4
 409 0057 05       		.byte	0x5
 410 0058 696E7400 		.ascii	"int\000"
 411 005c 02       		.uleb128 0x2
 412 005d 04       		.byte	0x4
 413 005e 07       		.byte	0x7
 414 005f F3010000 		.4byte	.LASF8
 415 0063 04       		.uleb128 0x4
 416 0064 A4020000 		.4byte	.LASF9
 417 0068 01       		.byte	0x1
 418 0069 E401     		.2byte	0x1e4
 419 006b 24000000 		.4byte	0x24
 420 006f 04       		.uleb128 0x4
 421 0070 EC010000 		.4byte	.LASF10
 422 0074 01       		.byte	0x1
 423 0075 E501     		.2byte	0x1e5
 424 0077 32000000 		.4byte	0x32
 425 007b 02       		.uleb128 0x2
 426 007c 04       		.byte	0x4
 427 007d 04       		.byte	0x4
 428 007e B4000000 		.4byte	.LASF11
 429 0082 02       		.uleb128 0x2
 430 0083 08       		.byte	0x8
 431 0084 04       		.byte	0x4
 432 0085 DB010000 		.4byte	.LASF12
 433 0089 02       		.uleb128 0x2
 434 008a 01       		.byte	0x1
 435 008b 08       		.byte	0x8
 436 008c 4D020000 		.4byte	.LASF13
 437 0090 02       		.uleb128 0x2
 438 0091 08       		.byte	0x8
 439 0092 04       		.byte	0x4
 440 0093 F0020000 		.4byte	.LASF14
 441 0097 02       		.uleb128 0x2
 442 0098 04       		.byte	0x4
 443 0099 07       		.byte	0x7
 444 009a 36020000 		.4byte	.LASF15
 445 009e 05       		.uleb128 0x5
 446 009f 08       		.byte	0x8
 447 00a0 02       		.byte	0x2
 448 00a1 9A       		.byte	0x9a
 449 00a2 EF000000 		.4byte	0xef
 450 00a6 06       		.uleb128 0x6
 451 00a7 AA020000 		.4byte	.LASF16
 452 00ab 02       		.byte	0x2
 453 00ac 9C       		.byte	0x9c
 454 00ad 63000000 		.4byte	0x63
 455 00b1 00       		.byte	0
 456 00b2 06       		.uleb128 0x6
ARM GAS  C:\Users\DGILLI~1\AppData\Local\Temp\ccX3Ovb3.s 			page 9


 457 00b3 E1000000 		.4byte	.LASF17
 458 00b7 02       		.byte	0x2
 459 00b8 9D       		.byte	0x9d
 460 00b9 63000000 		.4byte	0x63
 461 00bd 01       		.byte	0x1
 462 00be 06       		.uleb128 0x6
 463 00bf A5010000 		.4byte	.LASF18
 464 00c3 02       		.byte	0x2
 465 00c4 9E       		.byte	0x9e
 466 00c5 63000000 		.4byte	0x63
 467 00c9 02       		.byte	0x2
 468 00ca 06       		.uleb128 0x6
 469 00cb 88010000 		.4byte	.LASF19
 470 00cf 02       		.byte	0x2
 471 00d0 9F       		.byte	0x9f
 472 00d1 63000000 		.4byte	0x63
 473 00d5 03       		.byte	0x3
 474 00d6 06       		.uleb128 0x6
 475 00d7 58020000 		.4byte	.LASF20
 476 00db 02       		.byte	0x2
 477 00dc A0       		.byte	0xa0
 478 00dd 6F000000 		.4byte	0x6f
 479 00e1 04       		.byte	0x4
 480 00e2 06       		.uleb128 0x6
 481 00e3 52020000 		.4byte	.LASF21
 482 00e7 02       		.byte	0x2
 483 00e8 A1       		.byte	0xa1
 484 00e9 63000000 		.4byte	0x63
 485 00ed 06       		.byte	0x6
 486 00ee 00       		.byte	0
 487 00ef 07       		.uleb128 0x7
 488 00f0 96000000 		.4byte	.LASF22
 489 00f4 02       		.byte	0x2
 490 00f5 A2       		.byte	0xa2
 491 00f6 9E000000 		.4byte	0x9e
 492 00fa 05       		.uleb128 0x5
 493 00fb 08       		.byte	0x8
 494 00fc 02       		.byte	0x2
 495 00fd B1       		.byte	0xb1
 496 00fe 19010000 		.4byte	0x119
 497 0102 08       		.uleb128 0x8
 498 0103 6300     		.ascii	"c\000"
 499 0105 02       		.byte	0x2
 500 0106 B3       		.byte	0xb3
 501 0107 63000000 		.4byte	0x63
 502 010b 00       		.byte	0
 503 010c 06       		.uleb128 0x6
 504 010d 2F020000 		.4byte	.LASF23
 505 0111 02       		.byte	0x2
 506 0112 B4       		.byte	0xb4
 507 0113 19010000 		.4byte	0x119
 508 0117 04       		.byte	0x4
 509 0118 00       		.byte	0
 510 0119 09       		.uleb128 0x9
 511 011a 04       		.byte	0x4
 512 011b 1F010000 		.4byte	0x11f
 513 011f 0A       		.uleb128 0xa
ARM GAS  C:\Users\DGILLI~1\AppData\Local\Temp\ccX3Ovb3.s 			page 10


 514 0120 07       		.uleb128 0x7
 515 0121 86000000 		.4byte	.LASF24
 516 0125 02       		.byte	0x2
 517 0126 B5       		.byte	0xb5
 518 0127 FA000000 		.4byte	0xfa
 519 012b 0B       		.uleb128 0xb
 520 012c 3B010000 		.4byte	0x13b
 521 0130 3B010000 		.4byte	0x13b
 522 0134 0C       		.uleb128 0xc
 523 0135 97000000 		.4byte	0x97
 524 0139 11       		.byte	0x11
 525 013a 00       		.byte	0
 526 013b 0D       		.uleb128 0xd
 527 013c 63000000 		.4byte	0x63
 528 0140 0E       		.uleb128 0xe
 529 0141 8C020000 		.4byte	.LASF25
 530 0145 03       		.byte	0x3
 531 0146 24       		.byte	0x24
 532 0147 51010000 		.4byte	0x151
 533 014b 05       		.uleb128 0x5
 534 014c 03       		.byte	0x3
 535 014d 00000000 		.4byte	USBUART_1_DEVICE0_DESCR
 536 0151 0D       		.uleb128 0xd
 537 0152 2B010000 		.4byte	0x12b
 538 0156 0B       		.uleb128 0xb
 539 0157 3B010000 		.4byte	0x13b
 540 015b 66010000 		.4byte	0x166
 541 015f 0C       		.uleb128 0xc
 542 0160 97000000 		.4byte	0x97
 543 0164 42       		.byte	0x42
 544 0165 00       		.byte	0
 545 0166 0E       		.uleb128 0xe
 546 0167 BA000000 		.4byte	.LASF26
 547 016b 03       		.byte	0x3
 548 016c 37       		.byte	0x37
 549 016d 77010000 		.4byte	0x177
 550 0171 05       		.uleb128 0x5
 551 0172 03       		.byte	0x3
 552 0173 00000000 		.4byte	USBUART_1_DEVICE0_CONFIGURATION0_DESCR
 553 0177 0D       		.uleb128 0xd
 554 0178 56010000 		.4byte	0x156
 555 017c 0B       		.uleb128 0xb
 556 017d 8C010000 		.4byte	0x18c
 557 0181 8C010000 		.4byte	0x18c
 558 0185 0C       		.uleb128 0xc
 559 0186 97000000 		.4byte	0x97
 560 018a 02       		.byte	0x2
 561 018b 00       		.byte	0
 562 018c 0D       		.uleb128 0xd
 563 018d EF000000 		.4byte	0xef
 564 0191 0E       		.uleb128 0xe
 565 0192 B4020000 		.4byte	.LASF27
 566 0196 03       		.byte	0x3
 567 0197 D8       		.byte	0xd8
 568 0198 A2010000 		.4byte	0x1a2
 569 019c 05       		.uleb128 0x5
 570 019d 03       		.byte	0x3
ARM GAS  C:\Users\DGILLI~1\AppData\Local\Temp\ccX3Ovb3.s 			page 11


 571 019e 00000000 		.4byte	USBUART_1_DEVICE0_CONFIGURATION0_EP_SETTINGS_TABLE
 572 01a2 0D       		.uleb128 0xd
 573 01a3 7C010000 		.4byte	0x17c
 574 01a7 0B       		.uleb128 0xb
 575 01a8 3B010000 		.4byte	0x13b
 576 01ac B7010000 		.4byte	0x1b7
 577 01b0 0C       		.uleb128 0xc
 578 01b1 97000000 		.4byte	0x97
 579 01b5 01       		.byte	0x1
 580 01b6 00       		.byte	0
 581 01b7 0E       		.uleb128 0xe
 582 01b8 AA010000 		.4byte	.LASF28
 583 01bc 03       		.byte	0x3
 584 01bd DE       		.byte	0xde
 585 01be C8010000 		.4byte	0x1c8
 586 01c2 05       		.uleb128 0x5
 587 01c3 03       		.byte	0x3
 588 01c4 00000000 		.4byte	USBUART_1_DEVICE0_CONFIGURATION0_INTERFACE_CLASS
 589 01c8 0D       		.uleb128 0xd
 590 01c9 A7010000 		.4byte	0x1a7
 591 01cd 0B       		.uleb128 0xb
 592 01ce DD010000 		.4byte	0x1dd
 593 01d2 DD010000 		.4byte	0x1dd
 594 01d6 0C       		.uleb128 0xc
 595 01d7 97000000 		.4byte	0x97
 596 01db 04       		.byte	0x4
 597 01dc 00       		.byte	0
 598 01dd 0D       		.uleb128 0xd
 599 01de 20010000 		.4byte	0x120
 600 01e2 0E       		.uleb128 0xe
 601 01e3 4C000000 		.4byte	.LASF29
 602 01e7 03       		.byte	0x3
 603 01e8 E6       		.byte	0xe6
 604 01e9 F3010000 		.4byte	0x1f3
 605 01ed 05       		.uleb128 0x5
 606 01ee 03       		.byte	0x3
 607 01ef 00000000 		.4byte	USBUART_1_DEVICE0_CONFIGURATION0_TABLE
 608 01f3 0D       		.uleb128 0xd
 609 01f4 CD010000 		.4byte	0x1cd
 610 01f8 0B       		.uleb128 0xb
 611 01f9 DD010000 		.4byte	0x1dd
 612 01fd 08020000 		.4byte	0x208
 613 0201 0C       		.uleb128 0xc
 614 0202 97000000 		.4byte	0x97
 615 0206 02       		.byte	0x2
 616 0207 00       		.byte	0
 617 0208 0E       		.uleb128 0xe
 618 0209 17020000 		.4byte	.LASF30
 619 020d 03       		.byte	0x3
 620 020e F1       		.byte	0xf1
 621 020f 19020000 		.4byte	0x219
 622 0213 05       		.uleb128 0x5
 623 0214 03       		.byte	0x3
 624 0215 00000000 		.4byte	USBUART_1_DEVICE0_TABLE
 625 0219 0D       		.uleb128 0xd
 626 021a F8010000 		.4byte	0x1f8
 627 021e 0B       		.uleb128 0xb
ARM GAS  C:\Users\DGILLI~1\AppData\Local\Temp\ccX3Ovb3.s 			page 12


 628 021f DD010000 		.4byte	0x1dd
 629 0223 2E020000 		.4byte	0x22e
 630 0227 0C       		.uleb128 0xc
 631 0228 97000000 		.4byte	0x97
 632 022c 00       		.byte	0
 633 022d 00       		.byte	0
 634 022e 0E       		.uleb128 0xe
 635 022f 3C000000 		.4byte	.LASF31
 636 0233 03       		.byte	0x3
 637 0234 F9       		.byte	0xf9
 638 0235 3F020000 		.4byte	0x23f
 639 0239 05       		.uleb128 0x5
 640 023a 03       		.byte	0x3
 641 023b 00000000 		.4byte	USBUART_1_TABLE
 642 023f 0D       		.uleb128 0xd
 643 0240 1E020000 		.4byte	0x21e
 644 0244 0E       		.uleb128 0xe
 645 0245 00000000 		.4byte	.LASF32
 646 0249 03       		.byte	0x3
 647 024a C9       		.byte	0xc9
 648 024b 55020000 		.4byte	0x255
 649 024f 05       		.uleb128 0x5
 650 0250 03       		.byte	0x3
 651 0251 00000000 		.4byte	USBUART_1_SN_STRING_DESCRIPTOR
 652 0255 0D       		.uleb128 0xd
 653 0256 A7010000 		.4byte	0x1a7
 654 025a 0B       		.uleb128 0xb
 655 025b 3B010000 		.4byte	0x13b
 656 025f 6A020000 		.4byte	0x26a
 657 0263 0C       		.uleb128 0xc
 658 0264 97000000 		.4byte	0x97
 659 0268 9E       		.byte	0x9e
 660 0269 00       		.byte	0
 661 026a 0E       		.uleb128 0xe
 662 026b 1F000000 		.4byte	.LASF33
 663 026f 03       		.byte	0x3
 664 0270 96       		.byte	0x96
 665 0271 7B020000 		.4byte	0x27b
 666 0275 05       		.uleb128 0x5
 667 0276 03       		.byte	0x3
 668 0277 00000000 		.4byte	USBUART_1_STRING_DESCRIPTORS
 669 027b 0D       		.uleb128 0xd
 670 027c 5A020000 		.4byte	0x25a
 671 0280 0B       		.uleb128 0xb
 672 0281 63000000 		.4byte	0x63
 673 0285 90020000 		.4byte	0x290
 674 0289 0C       		.uleb128 0xc
 675 028a 97000000 		.4byte	0x97
 676 028e 21       		.byte	0x21
 677 028f 00       		.byte	0
 678 0290 0F       		.uleb128 0xf
 679 0291 63020000 		.4byte	.LASF34
 680 0295 03       		.byte	0x3
 681 0296 2701     		.2byte	0x127
 682 0298 80020000 		.4byte	0x280
 683 029c 05       		.uleb128 0x5
 684 029d 03       		.byte	0x3
ARM GAS  C:\Users\DGILLI~1\AppData\Local\Temp\ccX3Ovb3.s 			page 13


 685 029e 00000000 		.4byte	USBUART_1_idSerialNumberStringDescriptor
 686 02a2 00       		.byte	0
 687              		.section	.debug_abbrev,"",%progbits
 688              	.Ldebug_abbrev0:
 689 0000 01       		.uleb128 0x1
 690 0001 11       		.uleb128 0x11
 691 0002 01       		.byte	0x1
 692 0003 25       		.uleb128 0x25
 693 0004 0E       		.uleb128 0xe
 694 0005 13       		.uleb128 0x13
 695 0006 0B       		.uleb128 0xb
 696 0007 03       		.uleb128 0x3
 697 0008 0E       		.uleb128 0xe
 698 0009 1B       		.uleb128 0x1b
 699 000a 0E       		.uleb128 0xe
 700 000b 10       		.uleb128 0x10
 701 000c 17       		.uleb128 0x17
 702 000d 00       		.byte	0
 703 000e 00       		.byte	0
 704 000f 02       		.uleb128 0x2
 705 0010 24       		.uleb128 0x24
 706 0011 00       		.byte	0
 707 0012 0B       		.uleb128 0xb
 708 0013 0B       		.uleb128 0xb
 709 0014 3E       		.uleb128 0x3e
 710 0015 0B       		.uleb128 0xb
 711 0016 03       		.uleb128 0x3
 712 0017 0E       		.uleb128 0xe
 713 0018 00       		.byte	0
 714 0019 00       		.byte	0
 715 001a 03       		.uleb128 0x3
 716 001b 24       		.uleb128 0x24
 717 001c 00       		.byte	0
 718 001d 0B       		.uleb128 0xb
 719 001e 0B       		.uleb128 0xb
 720 001f 3E       		.uleb128 0x3e
 721 0020 0B       		.uleb128 0xb
 722 0021 03       		.uleb128 0x3
 723 0022 08       		.uleb128 0x8
 724 0023 00       		.byte	0
 725 0024 00       		.byte	0
 726 0025 04       		.uleb128 0x4
 727 0026 16       		.uleb128 0x16
 728 0027 00       		.byte	0
 729 0028 03       		.uleb128 0x3
 730 0029 0E       		.uleb128 0xe
 731 002a 3A       		.uleb128 0x3a
 732 002b 0B       		.uleb128 0xb
 733 002c 3B       		.uleb128 0x3b
 734 002d 05       		.uleb128 0x5
 735 002e 49       		.uleb128 0x49
 736 002f 13       		.uleb128 0x13
 737 0030 00       		.byte	0
 738 0031 00       		.byte	0
 739 0032 05       		.uleb128 0x5
 740 0033 13       		.uleb128 0x13
 741 0034 01       		.byte	0x1
ARM GAS  C:\Users\DGILLI~1\AppData\Local\Temp\ccX3Ovb3.s 			page 14


 742 0035 0B       		.uleb128 0xb
 743 0036 0B       		.uleb128 0xb
 744 0037 3A       		.uleb128 0x3a
 745 0038 0B       		.uleb128 0xb
 746 0039 3B       		.uleb128 0x3b
 747 003a 0B       		.uleb128 0xb
 748 003b 01       		.uleb128 0x1
 749 003c 13       		.uleb128 0x13
 750 003d 00       		.byte	0
 751 003e 00       		.byte	0
 752 003f 06       		.uleb128 0x6
 753 0040 0D       		.uleb128 0xd
 754 0041 00       		.byte	0
 755 0042 03       		.uleb128 0x3
 756 0043 0E       		.uleb128 0xe
 757 0044 3A       		.uleb128 0x3a
 758 0045 0B       		.uleb128 0xb
 759 0046 3B       		.uleb128 0x3b
 760 0047 0B       		.uleb128 0xb
 761 0048 49       		.uleb128 0x49
 762 0049 13       		.uleb128 0x13
 763 004a 38       		.uleb128 0x38
 764 004b 0B       		.uleb128 0xb
 765 004c 00       		.byte	0
 766 004d 00       		.byte	0
 767 004e 07       		.uleb128 0x7
 768 004f 16       		.uleb128 0x16
 769 0050 00       		.byte	0
 770 0051 03       		.uleb128 0x3
 771 0052 0E       		.uleb128 0xe
 772 0053 3A       		.uleb128 0x3a
 773 0054 0B       		.uleb128 0xb
 774 0055 3B       		.uleb128 0x3b
 775 0056 0B       		.uleb128 0xb
 776 0057 49       		.uleb128 0x49
 777 0058 13       		.uleb128 0x13
 778 0059 00       		.byte	0
 779 005a 00       		.byte	0
 780 005b 08       		.uleb128 0x8
 781 005c 0D       		.uleb128 0xd
 782 005d 00       		.byte	0
 783 005e 03       		.uleb128 0x3
 784 005f 08       		.uleb128 0x8
 785 0060 3A       		.uleb128 0x3a
 786 0061 0B       		.uleb128 0xb
 787 0062 3B       		.uleb128 0x3b
 788 0063 0B       		.uleb128 0xb
 789 0064 49       		.uleb128 0x49
 790 0065 13       		.uleb128 0x13
 791 0066 38       		.uleb128 0x38
 792 0067 0B       		.uleb128 0xb
 793 0068 00       		.byte	0
 794 0069 00       		.byte	0
 795 006a 09       		.uleb128 0x9
 796 006b 0F       		.uleb128 0xf
 797 006c 00       		.byte	0
 798 006d 0B       		.uleb128 0xb
ARM GAS  C:\Users\DGILLI~1\AppData\Local\Temp\ccX3Ovb3.s 			page 15


 799 006e 0B       		.uleb128 0xb
 800 006f 49       		.uleb128 0x49
 801 0070 13       		.uleb128 0x13
 802 0071 00       		.byte	0
 803 0072 00       		.byte	0
 804 0073 0A       		.uleb128 0xa
 805 0074 26       		.uleb128 0x26
 806 0075 00       		.byte	0
 807 0076 00       		.byte	0
 808 0077 00       		.byte	0
 809 0078 0B       		.uleb128 0xb
 810 0079 01       		.uleb128 0x1
 811 007a 01       		.byte	0x1
 812 007b 49       		.uleb128 0x49
 813 007c 13       		.uleb128 0x13
 814 007d 01       		.uleb128 0x1
 815 007e 13       		.uleb128 0x13
 816 007f 00       		.byte	0
 817 0080 00       		.byte	0
 818 0081 0C       		.uleb128 0xc
 819 0082 21       		.uleb128 0x21
 820 0083 00       		.byte	0
 821 0084 49       		.uleb128 0x49
 822 0085 13       		.uleb128 0x13
 823 0086 2F       		.uleb128 0x2f
 824 0087 0B       		.uleb128 0xb
 825 0088 00       		.byte	0
 826 0089 00       		.byte	0
 827 008a 0D       		.uleb128 0xd
 828 008b 26       		.uleb128 0x26
 829 008c 00       		.byte	0
 830 008d 49       		.uleb128 0x49
 831 008e 13       		.uleb128 0x13
 832 008f 00       		.byte	0
 833 0090 00       		.byte	0
 834 0091 0E       		.uleb128 0xe
 835 0092 34       		.uleb128 0x34
 836 0093 00       		.byte	0
 837 0094 03       		.uleb128 0x3
 838 0095 0E       		.uleb128 0xe
 839 0096 3A       		.uleb128 0x3a
 840 0097 0B       		.uleb128 0xb
 841 0098 3B       		.uleb128 0x3b
 842 0099 0B       		.uleb128 0xb
 843 009a 49       		.uleb128 0x49
 844 009b 13       		.uleb128 0x13
 845 009c 3F       		.uleb128 0x3f
 846 009d 19       		.uleb128 0x19
 847 009e 02       		.uleb128 0x2
 848 009f 18       		.uleb128 0x18
 849 00a0 00       		.byte	0
 850 00a1 00       		.byte	0
 851 00a2 0F       		.uleb128 0xf
 852 00a3 34       		.uleb128 0x34
 853 00a4 00       		.byte	0
 854 00a5 03       		.uleb128 0x3
 855 00a6 0E       		.uleb128 0xe
ARM GAS  C:\Users\DGILLI~1\AppData\Local\Temp\ccX3Ovb3.s 			page 16


 856 00a7 3A       		.uleb128 0x3a
 857 00a8 0B       		.uleb128 0xb
 858 00a9 3B       		.uleb128 0x3b
 859 00aa 05       		.uleb128 0x5
 860 00ab 49       		.uleb128 0x49
 861 00ac 13       		.uleb128 0x13
 862 00ad 3F       		.uleb128 0x3f
 863 00ae 19       		.uleb128 0x19
 864 00af 02       		.uleb128 0x2
 865 00b0 18       		.uleb128 0x18
 866 00b1 00       		.byte	0
 867 00b2 00       		.byte	0
 868 00b3 00       		.byte	0
 869              		.section	.debug_aranges,"",%progbits
 870 0000 14000000 		.4byte	0x14
 871 0004 0200     		.2byte	0x2
 872 0006 00000000 		.4byte	.Ldebug_info0
 873 000a 04       		.byte	0x4
 874 000b 00       		.byte	0
 875 000c 0000     		.2byte	0
 876 000e 0000     		.2byte	0
 877 0010 00000000 		.4byte	0
 878 0014 00000000 		.4byte	0
 879              		.section	.debug_line,"",%progbits
 880              	.Ldebug_line0:
 881 0000 61000000 		.section	.debug_str,"MS",%progbits,1
 881      02005B00 
 881      00000201 
 881      FB0E0D00 
 881      01010101 
 882              	.LASF32:
 883 0000 55534255 		.ascii	"USBUART_1_SN_STRING_DESCRIPTOR\000"
 883      4152545F 
 883      315F534E 
 883      5F535452 
 883      494E475F 
 884              	.LASF33:
 885 001f 55534255 		.ascii	"USBUART_1_STRING_DESCRIPTORS\000"
 885      4152545F 
 885      315F5354 
 885      52494E47 
 885      5F444553 
 886              	.LASF31:
 887 003c 55534255 		.ascii	"USBUART_1_TABLE\000"
 887      4152545F 
 887      315F5441 
 887      424C4500 
 888              	.LASF29:
 889 004c 55534255 		.ascii	"USBUART_1_DEVICE0_CONFIGURATION0_TABLE\000"
 889      4152545F 
 889      315F4445 
 889      56494345 
 889      305F434F 
 890              	.LASF3:
 891 0073 73686F72 		.ascii	"short unsigned int\000"
 891      7420756E 
 891      7369676E 
ARM GAS  C:\Users\DGILLI~1\AppData\Local\Temp\ccX3Ovb3.s 			page 17


 891      65642069 
 891      6E7400
 892              	.LASF24:
 893 0086 545F5553 		.ascii	"T_USBUART_1_LUT\000"
 893      42554152 
 893      545F315F 
 893      4C555400 
 894              	.LASF22:
 895 0096 545F5553 		.ascii	"T_USBUART_1_EP_SETTINGS_BLOCK\000"
 895      42554152 
 895      545F315F 
 895      45505F53 
 895      45545449 
 896              	.LASF11:
 897 00b4 666C6F61 		.ascii	"float\000"
 897      7400
 898              	.LASF26:
 899 00ba 55534255 		.ascii	"USBUART_1_DEVICE0_CONFIGURATION0_DESCR\000"
 899      4152545F 
 899      315F4445 
 899      56494345 
 899      305F434F 
 900              	.LASF17:
 901 00e1 616C7453 		.ascii	"altSetting\000"
 901      65747469 
 901      6E6700
 902              	.LASF1:
 903 00ec 756E7369 		.ascii	"unsigned char\000"
 903      676E6564 
 903      20636861 
 903      7200
 904              	.LASF35:
 905 00fa 474E5520 		.ascii	"GNU C11 5.4.1 20160609 (release) [ARM/embedded-5-br"
 905      43313120 
 905      352E342E 
 905      31203230 
 905      31363036 
 906 012d 616E6368 		.ascii	"anch revision 237715] -mcpu=cortex-m3 -mthumb -g -O"
 906      20726576 
 906      6973696F 
 906      6E203233 
 906      37373135 
 907 0160 67202D66 		.ascii	"g -ffunction-sections -ffat-lto-objects\000"
 907      66756E63 
 907      74696F6E 
 907      2D736563 
 907      74696F6E 
 908              	.LASF19:
 909 0188 61747472 		.ascii	"attributes\000"
 909      69627574 
 909      657300
 910              	.LASF5:
 911 0193 6C6F6E67 		.ascii	"long unsigned int\000"
 911      20756E73 
 911      69676E65 
 911      6420696E 
 911      7400
ARM GAS  C:\Users\DGILLI~1\AppData\Local\Temp\ccX3Ovb3.s 			page 18


 912              	.LASF18:
 913 01a5 61646472 		.ascii	"addr\000"
 913      00
 914              	.LASF28:
 915 01aa 55534255 		.ascii	"USBUART_1_DEVICE0_CONFIGURATION0_INTERFACE_CLASS\000"
 915      4152545F 
 915      315F4445 
 915      56494345 
 915      305F434F 
 916              	.LASF12:
 917 01db 646F7562 		.ascii	"double\000"
 917      6C6500
 918              	.LASF2:
 919 01e2 73686F72 		.ascii	"short int\000"
 919      7420696E 
 919      7400
 920              	.LASF10:
 921 01ec 75696E74 		.ascii	"uint16\000"
 921      313600
 922              	.LASF8:
 923 01f3 756E7369 		.ascii	"unsigned int\000"
 923      676E6564 
 923      20696E74 
 923      00
 924              	.LASF7:
 925 0200 6C6F6E67 		.ascii	"long long unsigned int\000"
 925      206C6F6E 
 925      6720756E 
 925      7369676E 
 925      65642069 
 926              	.LASF30:
 927 0217 55534255 		.ascii	"USBUART_1_DEVICE0_TABLE\000"
 927      4152545F 
 927      315F4445 
 927      56494345 
 927      305F5441 
 928              	.LASF23:
 929 022f 705F6C69 		.ascii	"p_list\000"
 929      737400
 930              	.LASF15:
 931 0236 73697A65 		.ascii	"sizetype\000"
 931      74797065 
 931      00
 932              	.LASF6:
 933 023f 6C6F6E67 		.ascii	"long long int\000"
 933      206C6F6E 
 933      6720696E 
 933      7400
 934              	.LASF13:
 935 024d 63686172 		.ascii	"char\000"
 935      00
 936              	.LASF21:
 937 0252 624D6973 		.ascii	"bMisc\000"
 937      6300
 938              	.LASF20:
 939 0258 62756666 		.ascii	"bufferSize\000"
 939      65725369 
ARM GAS  C:\Users\DGILLI~1\AppData\Local\Temp\ccX3Ovb3.s 			page 19


 939      7A6500
 940              	.LASF34:
 941 0263 55534255 		.ascii	"USBUART_1_idSerialNumberStringDescriptor\000"
 941      4152545F 
 941      315F6964 
 941      53657269 
 941      616C4E75 
 942              	.LASF25:
 943 028c 55534255 		.ascii	"USBUART_1_DEVICE0_DESCR\000"
 943      4152545F 
 943      315F4445 
 943      56494345 
 943      305F4445 
 944              	.LASF9:
 945 02a4 75696E74 		.ascii	"uint8\000"
 945      3800
 946              	.LASF16:
 947 02aa 696E7465 		.ascii	"interface\000"
 947      72666163 
 947      6500
 948              	.LASF27:
 949 02b4 55534255 		.ascii	"USBUART_1_DEVICE0_CONFIGURATION0_EP_SETTINGS_TABLE\000"
 949      4152545F 
 949      315F4445 
 949      56494345 
 949      305F434F 
 950              	.LASF4:
 951 02e7 6C6F6E67 		.ascii	"long int\000"
 951      20696E74 
 951      00
 952              	.LASF14:
 953 02f0 6C6F6E67 		.ascii	"long double\000"
 953      20646F75 
 953      626C6500 
 954              	.LASF0:
 955 02fc 7369676E 		.ascii	"signed char\000"
 955      65642063 
 955      68617200 
 956              	.LASF37:
 957 0308 433A5C55 		.ascii	"C:\\Users\\dgilliland\\Documents\\GitHub\\Retro-Com"
 957      73657273 
 957      5C646769 
 957      6C6C696C 
 957      616E645C 
 958 0336 70757465 		.ascii	"puters\\Z80\\PSOC\\PSOC_Design_Files\\Workspace01\\"
 958      72735C5A 
 958      38305C50 
 958      534F435C 
 958      50534F43 
 959 0364 5A38305F 		.ascii	"Z80_3Pin.cydsn\000"
 959      3350696E 
 959      2E637964 
 959      736E00
 960              	.LASF36:
 961 0373 47656E65 		.ascii	"Generated_Source\\PSoC5\\USBUART_1_descr.c\000"
 961      72617465 
 961      645F536F 
ARM GAS  C:\Users\DGILLI~1\AppData\Local\Temp\ccX3Ovb3.s 			page 20


 961      75726365 
 961      5C50536F 
 962              		.ident	"GCC: (GNU Tools for ARM Embedded Processors) 5.4.1 20160609 (release) [ARM/embedded-5-bran
