Analysis & Synthesis report for top
Tue Aug 27 21:14:54 2019
Quartus II Version 8.1 Build 163 10/28/2008 SJ Full Version


---------------------
; Table of Contents ;
---------------------
  1. Legal Notice
  2. Analysis & Synthesis Summary
  3. Analysis & Synthesis Settings
  4. Analysis & Synthesis Source Files Read
  5. Analysis & Synthesis Resource Usage Summary
  6. Analysis & Synthesis Resource Utilization by Entity
  7. Analysis & Synthesis Messages



----------------
; Legal Notice ;
----------------
Copyright (C) 1991-2008 Altera Corporation
Your use of Altera Corporation's design tools, logic functions 
and other software and tools, and its AMPP partner logic 
functions, and any output files from any of the foregoing 
(including device programming or simulation files), and any 
associated documentation or information are expressly subject 
to the terms and conditions of the Altera Program License 
Subscription Agreement, Altera MegaCore Function License 
Agreement, or other applicable license agreement, including, 
without limitation, that your use is for the sole purpose of 
programming logic devices manufactured by Altera and sold by 
Altera or its authorized distributors.  Please refer to the 
applicable agreement for further details.



+------------------------------------------------------------------------+
; Analysis & Synthesis Summary                                           ;
+-----------------------------+------------------------------------------+
; Analysis & Synthesis Status ; Successful - Tue Aug 27 21:14:54 2019    ;
; Quartus II Version          ; 8.1 Build 163 10/28/2008 SJ Full Version ;
; Revision Name               ; top                                      ;
; Top-level Entity Name       ; top                                      ;
; Family                      ; MAX7000S                                 ;
; Total macrocells            ; 27                                       ;
; Total pins                  ; 32                                       ;
+-----------------------------+------------------------------------------+


+--------------------------------------------------------------------------------------------------+
; Analysis & Synthesis Settings                                                                    ;
+----------------------------------------------------------------+-----------------+---------------+
; Option                                                         ; Setting         ; Default Value ;
+----------------------------------------------------------------+-----------------+---------------+
; Device                                                         ; EPM7064SLC44-10 ;               ;
; Top-level entity name                                          ; top             ; top           ;
; Family name                                                    ; MAX7000S        ; Stratix II    ;
; Use Generated Physical Constraints File                        ; Off             ;               ;
; Use smart compilation                                          ; Off             ; Off           ;
; Create Debugging Nodes for IP Cores                            ; Off             ; Off           ;
; Preserve fewer node names                                      ; On              ; On            ;
; Disable OpenCore Plus hardware evaluation                      ; Off             ; Off           ;
; Verilog Version                                                ; Verilog_2001    ; Verilog_2001  ;
; VHDL Version                                                   ; VHDL93          ; VHDL93        ;
; State Machine Processing                                       ; Auto            ; Auto          ;
; Safe State Machine                                             ; Off             ; Off           ;
; Extract Verilog State Machines                                 ; On              ; On            ;
; Extract VHDL State Machines                                    ; On              ; On            ;
; Ignore Verilog initial constructs                              ; Off             ; Off           ;
; Iteration limit for constant Verilog loops                     ; 5000            ; 5000          ;
; Iteration limit for non-constant Verilog loops                 ; 250             ; 250           ;
; Add Pass-Through Logic to Inferred RAMs                        ; On              ; On            ;
; Parallel Synthesis                                             ; Off             ; Off           ;
; NOT Gate Push-Back                                             ; On              ; On            ;
; Power-Up Don't Care                                            ; On              ; On            ;
; Remove Duplicate Registers                                     ; On              ; On            ;
; Ignore CARRY Buffers                                           ; Off             ; Off           ;
; Ignore CASCADE Buffers                                         ; Off             ; Off           ;
; Ignore GLOBAL Buffers                                          ; Off             ; Off           ;
; Ignore ROW GLOBAL Buffers                                      ; Off             ; Off           ;
; Ignore LCELL Buffers                                           ; Auto            ; Auto          ;
; Ignore SOFT Buffers                                            ; Off             ; Off           ;
; Limit AHDL Integers to 32 Bits                                 ; Off             ; Off           ;
; Optimization Technique                                         ; Speed           ; Speed         ;
; Allow XOR Gate Usage                                           ; On              ; On            ;
; Auto Logic Cell Insertion                                      ; On              ; On            ;
; Parallel Expander Chain Length                                 ; 4               ; 4             ;
; Auto Parallel Expanders                                        ; On              ; On            ;
; Auto Open-Drain Pins                                           ; On              ; On            ;
; Auto Resource Sharing                                          ; Off             ; Off           ;
; Maximum Fan-in Per Macrocell                                   ; 100             ; 100           ;
; Use LogicLock Constraints during Resource Balancing            ; On              ; On            ;
; Ignore translate_off and synthesis_off directives              ; Off             ; Off           ;
; Show Parameter Settings Tables in Synthesis Report             ; On              ; On            ;
; HDL message level                                              ; Level2          ; Level2        ;
; Suppress Register Optimization Related Messages                ; Off             ; Off           ;
; Number of Removed Registers Reported in Synthesis Report       ; 100             ; 100           ;
; Number of Inverted Registers Reported in Synthesis Report      ; 100             ; 100           ;
; Block Design Naming                                            ; Auto            ; Auto          ;
; Synthesis Effort                                               ; Auto            ; Auto          ;
; Allows Asynchronous Clear Usage For Shift Register Replacement ; On              ; On            ;
; Analysis & Synthesis Message Level                             ; Medium          ; Medium        ;
+----------------------------------------------------------------+-----------------+---------------+


+--------------------------------------------------------------------------------------------------------------------------------------+
; Analysis & Synthesis Source Files Read                                                                                               ;
+----------------------------------+-----------------+------------------------------------+--------------------------------------------+
; File Name with User-Entered Path ; Used in Netlist ; File Type                          ; File Name with Absolute Path               ;
+----------------------------------+-----------------+------------------------------------+--------------------------------------------+
; top.bdf                          ; yes             ; User Block Diagram/Schematic File  ; C:/quartwrk81/HomeProjects/K80/top.bdf     ;
; IOMap.bdf                        ; yes             ; User Block Diagram/Schematic File  ; C:/quartwrk81/HomeProjects/K80/IOMap.bdf   ;
; BankReg.bdf                      ; yes             ; User Block Diagram/Schematic File  ; C:/quartwrk81/HomeProjects/K80/BankReg.bdf ;
+----------------------------------+-----------------+------------------------------------+--------------------------------------------+


+---------------------------------------------+
; Analysis & Synthesis Resource Usage Summary ;
+----------------------+----------------------+
; Resource             ; Usage                ;
+----------------------+----------------------+
; Logic cells          ; 27                   ;
; Total registers      ; 14                   ;
; I/O pins             ; 32                   ;
; Maximum fan-out node ; nM1                  ;
; Maximum fan-out      ; 17                   ;
; Total fan-out        ; 259                  ;
; Average fan-out      ; 4.39                 ;
+----------------------+----------------------+


+-------------------------------------------------------------------------------------+
; Analysis & Synthesis Resource Utilization by Entity                                 ;
+----------------------------+------------+------+---------------------+--------------+
; Compilation Hierarchy Node ; Macrocells ; Pins ; Full Hierarchy Name ; Library Name ;
+----------------------------+------------+------+---------------------+--------------+
; |top                       ; 27         ; 32   ; |top                ; work         ;
;    |BankReg:inst14|        ; 12         ; 0    ; |top|BankReg:inst14 ; work         ;
;    |IOMap:inst|            ; 2          ; 0    ; |top|IOMap:inst     ; work         ;
+----------------------------+------------+------+---------------------+--------------+


+-------------------------------+
; Analysis & Synthesis Messages ;
+-------------------------------+
Info: *******************************************************************
Info: Running Quartus II Analysis & Synthesis
    Info: Version 8.1 Build 163 10/28/2008 SJ Full Version
    Info: Processing started: Tue Aug 27 21:14:48 2019
Info: Command: quartus_map --read_settings_files=on --write_settings_files=off top -c top
Info: Found 1 design units, including 1 entities, in source file top.bdf
    Info: Found entity 1: top
Info: Found 1 design units, including 1 entities, in source file IOMap.bdf
    Info: Found entity 1: IOMap
Info: Found 1 design units, including 1 entities, in source file BankReg.bdf
    Info: Found entity 1: BankReg
Info: Elaborating entity "top" for the top level hierarchy
Warning: Primitive "DFF" of instance "inst4" not used
Info: Elaborating entity "IOMap" for hierarchy "IOMap:inst"
Warning: Pin "nRD" not connected
Info: Elaborating entity "BankReg" for hierarchy "BankReg:inst14"
Warning: Output pins are stuck at VCC or GND
    Warning (13410): Pin "Bank[3]" is stuck at GND
Info: Promoted pin-driven signal(s) to global signal
    Info: Promoted clear signal driven by pin "nRESET" to global clear signal
    Info: Promoted clock signal driven by pin "CLK" to global clock signal
Info: Implemented 59 device resources after synthesis - the final resource count might be different
    Info: Implemented 16 input pins
    Info: Implemented 12 output pins
    Info: Implemented 4 bidirectional pins
    Info: Implemented 27 macrocells
Info: Quartus II Analysis & Synthesis was successful. 0 errors, 4 warnings
    Info: Peak virtual memory: 199 megabytes
    Info: Processing ended: Tue Aug 27 21:14:54 2019
    Info: Elapsed time: 00:00:06
    Info: Total CPU time (on all processors): 00:00:01


