Fitter report for top
Tue Aug 27 21:15:01 2019
Quartus II Version 8.1 Build 163 10/28/2008 SJ Full Version


---------------------
; Table of Contents ;
---------------------
  1. Legal Notice
  2. Fitter Summary
  3. Fitter Settings
  4. Pin-Out File
  5. Fitter Resource Usage Summary
  6. Input Pins
  7. Output Pins
  8. Bidir Pins
  9. All Package Pins
 10. I/O Standard
 11. Dedicated Inputs I/O
 12. Output Pin Default Load For Reported TCO
 13. Fitter Resource Utilization by Entity
 14. Control Signals
 15. Global & Other Fast Signals
 16. Non-Global High Fan-Out Signals
 17. Interconnect Usage Summary
 18. LAB Macrocells
 19. Logic Cell Interconnection
 20. Fitter Device Options
 21. Fitter Messages



----------------
; Legal Notice ;
----------------
Copyright (C) 1991-2008 Altera Corporation
Your use of Altera Corporation's design tools, logic functions 
and other software and tools, and its AMPP partner logic 
functions, and any output files from any of the foregoing 
(including device programming or simulation files), and any 
associated documentation or information are expressly subject 
to the terms and conditions of the Altera Program License 
Subscription Agreement, Altera MegaCore Function License 
Agreement, or other applicable license agreement, including, 
without limitation, that your use is for the sole purpose of 
programming logic devices manufactured by Altera and sold by 
Altera or its authorized distributors.  Please refer to the 
applicable agreement for further details.



+------------------------------------------------------------------+
; Fitter Summary                                                   ;
+-----------------------+------------------------------------------+
; Fitter Status         ; Successful - Tue Aug 27 21:15:01 2019    ;
; Quartus II Version    ; 8.1 Build 163 10/28/2008 SJ Full Version ;
; Revision Name         ; top                                      ;
; Top-level Entity Name ; top                                      ;
; Family                ; MAX7000S                                 ;
; Device                ; EPM7064SLC44-10                          ;
; Timing Models         ; Final                                    ;
; Total macrocells      ; 27 / 64 ( 42 % )                         ;
; Total pins            ; 36 / 36 ( 100 % )                        ;
+-----------------------+------------------------------------------+


+----------------------------------------------------------------------------------+
; Fitter Settings                                                                  ;
+------------------------------------------------+-----------------+---------------+
; Option                                         ; Setting         ; Default Value ;
+------------------------------------------------+-----------------+---------------+
; Device                                         ; EPM7064SLC44-10 ;               ;
; Fitter Effort                                  ; Standard Fit    ; Auto Fit      ;
; Use smart compilation                          ; Off             ; Off           ;
; Use TimeQuest Timing Analyzer                  ; Off             ; Off           ;
; Optimize Timing for ECOs                       ; Off             ; Off           ;
; Regenerate full fit report during ECO compiles ; Off             ; Off           ;
; Optimize IOC Register Placement for Timing     ; On              ; On            ;
; Limit to One Fitting Attempt                   ; Off             ; Off           ;
; Fitter Initial Placement Seed                  ; 1               ; 1             ;
; Slow Slew Rate                                 ; Off             ; Off           ;
+------------------------------------------------+-----------------+---------------+


+--------------+
; Pin-Out File ;
+--------------+
The pin-out file can be found in C:/quartwrk81/HomeProjects/K80/top.pin.


+-------------------------------------------------------+
; Fitter Resource Usage Summary                         ;
+-----------------------------------+-------------------+
; Resource                          ; Usage             ;
+-----------------------------------+-------------------+
; Logic cells                       ; 27 / 64 ( 42 % )  ;
; Registers                         ; 14 / 64 ( 22 % )  ;
; Number of pterms used             ; 49                ;
; User inserted logic elements      ; 0                 ;
; I/O pins                          ; 36 / 36 ( 100 % ) ;
;     -- Clock pins                 ; 2 / 2 ( 100 % )   ;
;     -- Dedicated input pins       ; 2 / 2 ( 100 % )   ;
; Global signals                    ; 2                 ;
; Shareable expanders               ; 0 / 64 ( 0 % )    ;
; Parallel expanders                ; 0 / 60 ( 0 % )    ;
; Cells using turbo bit             ; 27 / 64 ( 42 % )  ;
; Maximum fan-out node              ; nM1               ;
; Maximum fan-out                   ; 17                ;
; Highest non-global fan-out signal ; nM1               ;
; Highest non-global fan-out        ; 17                ;
; Total fan-out                     ; 259               ;
; Average fan-out                   ; 4.11              ;
+-----------------------------------+-------------------+


+----------------------------------------------------------------------------------------------------------------------------------------------+
; Input Pins                                                                                                                                   ;
+--------+-------+----------+-----+-----------------------+--------------------+--------+----------------+--------------+----------------------+
; Name   ; Pin # ; I/O Bank ; LAB ; Combinational Fan-Out ; Registered Fan-Out ; Global ; Input Register ; I/O Standard ; Location assigned by ;
+--------+-------+----------+-----+-----------------------+--------------------+--------+----------------+--------------+----------------------+
; A14    ; 29    ; --       ; 3   ; 5                     ; 0                  ; no     ; no             ; TTL          ; User                 ;
; A15    ; 41    ; --       ; 4   ; 5                     ; 0                  ; no     ; no             ; TTL          ; User                 ;
; A[0]   ; 31    ; --       ; 3   ; 14                    ; 0                  ; no     ; no             ; TTL          ; User                 ;
; A[1]   ; 33    ; --       ; 4   ; 14                    ; 0                  ; no     ; no             ; TTL          ; User                 ;
; A[2]   ; 36    ; --       ; 4   ; 14                    ; 0                  ; no     ; no             ; TTL          ; User                 ;
; A[3]   ; 37    ; --       ; 4   ; 16                    ; 0                  ; no     ; no             ; TTL          ; User                 ;
; A[4]   ; 27    ; --       ; 3   ; 17                    ; 0                  ; no     ; no             ; TTL          ; User                 ;
; A[5]   ; 28    ; --       ; 3   ; 17                    ; 0                  ; no     ; no             ; TTL          ; User                 ;
; A[6]   ; 40    ; --       ; 4   ; 17                    ; 0                  ; no     ; no             ; TTL          ; User                 ;
; A[7]   ; 34    ; --       ; 4   ; 17                    ; 0                  ; no     ; no             ; TTL          ; User                 ;
; CLK    ; 2     ; --       ; --  ; 14                    ; 0                  ; yes    ; no             ; TTL          ; User                 ;
; nIORQ  ; 44    ; --       ; --  ; 16                    ; 0                  ; no     ; no             ; TTL          ; User                 ;
; nM1    ; 43    ; --       ; --  ; 17                    ; 0                  ; no     ; no             ; TTL          ; User                 ;
; nRD    ; 39    ; --       ; 4   ; 4                     ; 0                  ; no     ; no             ; TTL          ; User                 ;
; nRESET ; 1     ; --       ; --  ; 13                    ; 0                  ; yes    ; no             ; TTL          ; User                 ;
; nWR    ; 4     ; --       ; 1   ; 14                    ; 0                  ; no     ; no             ; TTL          ; User                 ;
+--------+-------+----------+-----+-----------------------+--------------------+--------+----------------+--------------+----------------------+


+------------------------------------------------------------------------------------------------------------------------------------------------+
; Output Pins                                                                                                                                    ;
+---------+-------+----------+-----+-----------------+----------------+------------+---------------+--------------+----------------------+-------+
; Name    ; Pin # ; I/O Bank ; LAB ; Output Register ; Slow Slew Rate ; Open Drain ; TRI Primitive ; I/O Standard ; Location assigned by ; Load  ;
+---------+-------+----------+-----+-----------------+----------------+------------+---------------+--------------+----------------------+-------+
; Bank[0] ; 24    ; --       ; 3   ; no              ; no             ; no         ; no            ; TTL          ; User                 ; 10 pF ;
; Bank[1] ; 26    ; --       ; 3   ; no              ; no             ; no         ; no            ; TTL          ; User                 ; 10 pF ;
; Bank[2] ; 25    ; --       ; 3   ; no              ; no             ; no         ; no            ; TTL          ; User                 ; 10 pF ;
; Bank[3] ; 5     ; --       ; 1   ; no              ; no             ; no         ; no            ; TTL          ; User                 ; 10 pF ;
; RTCCLK  ; 6     ; --       ; 1   ; no              ; no             ; no         ; no            ; TTL          ; User                 ; 10 pF ;
; RTCEN   ; 8     ; --       ; 1   ; no              ; no             ; no         ; no            ; TTL          ; User                 ; 10 pF ;
; nCFCS   ; 9     ; --       ; 1   ; no              ; no             ; no         ; no            ; TTL          ; User                 ; 10 pF ;
; nCFRD   ; 17    ; --       ; 2   ; no              ; no             ; no         ; no            ; TTL          ; User                 ; 10 pF ;
; nCFWR   ; 16    ; --       ; 2   ; no              ; no             ; no         ; no            ; TTL          ; User                 ; 10 pF ;
; nCSKIO  ; 19    ; --       ; 2   ; no              ; no             ; no         ; no            ; TTL          ; User                 ; 10 pF ;
; nRAMOE  ; 14    ; --       ; 2   ; no              ; no             ; no         ; no            ; TTL          ; User                 ; 10 pF ;
; nROMOE  ; 18    ; --       ; 2   ; no              ; no             ; no         ; no            ; TTL          ; User                 ; 10 pF ;
+---------+-------+----------+-----+-----------------+----------------+------------+---------------+--------------+----------------------+-------+


+-----------------------------------------------------------------------------------------------------------------------------------------------------------------------------------------------------+
; Bidir Pins                                                                                                                                                                                          ;
+-------+-------+----------+-----+-----------------------+--------------------+--------+----------------+-----------------+----------------+------------+--------------+----------------------+-------+
; Name  ; Pin # ; I/O Bank ; LAB ; Combinational Fan-Out ; Registered Fan-Out ; Global ; Input Register ; Output Register ; Slow Slew Rate ; Open Drain ; I/O Standard ; Location assigned by ; Load  ;
+-------+-------+----------+-----+-----------------------+--------------------+--------+----------------+-----------------+----------------+------------+--------------+----------------------+-------+
; D[0]  ; 20    ; --       ; 2   ; 5                     ; 0                  ; no     ; no             ; no              ; no             ; no         ; TTL          ; User                 ; 10 pF ;
; D[1]  ; 21    ; --       ; 2   ; 4                     ; 0                  ; no     ; no             ; no              ; no             ; yes        ; TTL          ; User                 ; 10 pF ;
; D[2]  ; 12    ; --       ; 1   ; 4                     ; 0                  ; no     ; no             ; no              ; no             ; yes        ; TTL          ; User                 ; 10 pF ;
; RTCIO ; 11    ; --       ; 1   ; 1                     ; 0                  ; no     ; no             ; no              ; no             ; yes        ; TTL          ; User                 ; 10 pF ;
+-------+-------+----------+-----+-----------------------+--------------------+--------+----------------+-----------------+----------------+------------+--------------+----------------------+-------+


+-------------------------------------------------------------------------------------------------------+
; All Package Pins                                                                                      ;
+----------+------------+----------+----------------+--------+--------------+---------+-----------------+
; Location ; Pad Number ; I/O Bank ; Pin Name/Usage ; Dir.   ; I/O Standard ; Voltage ; User Assignment ;
+----------+------------+----------+----------------+--------+--------------+---------+-----------------+
; 1        ; 0          ; --       ; nRESET         ; input  ; TTL          ;         ; Y               ;
; 2        ; 1          ; --       ; CLK            ; input  ; TTL          ;         ; Y               ;
; 3        ; 2          ; --       ; VCC            ; power  ;              ;         ;                 ;
; 4        ; 3          ; --       ; nWR            ; input  ; TTL          ;         ; Y               ;
; 5        ; 4          ; --       ; Bank[3]        ; output ; TTL          ;         ; Y               ;
; 6        ; 5          ; --       ; RTCCLK         ; output ; TTL          ;         ; Y               ;
; 7        ; 6          ; --       ; TDI            ; input  ; TTL          ;         ; N               ;
; 8        ; 7          ; --       ; RTCEN          ; output ; TTL          ;         ; Y               ;
; 9        ; 8          ; --       ; nCFCS          ; output ; TTL          ;         ; Y               ;
; 10       ; 9          ; --       ; GND            ; gnd    ;              ;         ;                 ;
; 11       ; 10         ; --       ; RTCIO          ; bidir  ; TTL          ;         ; Y               ;
; 12       ; 11         ; --       ; D[2]           ; bidir  ; TTL          ;         ; Y               ;
; 13       ; 12         ; --       ; TMS            ; input  ; TTL          ;         ; N               ;
; 14       ; 13         ; --       ; nRAMOE         ; output ; TTL          ;         ; Y               ;
; 15       ; 14         ; --       ; VCC            ; power  ;              ;         ;                 ;
; 16       ; 15         ; --       ; nCFWR          ; output ; TTL          ;         ; Y               ;
; 17       ; 16         ; --       ; nCFRD          ; output ; TTL          ;         ; Y               ;
; 18       ; 17         ; --       ; nROMOE         ; output ; TTL          ;         ; Y               ;
; 19       ; 18         ; --       ; nCSKIO         ; output ; TTL          ;         ; Y               ;
; 20       ; 19         ; --       ; D[0]           ; bidir  ; TTL          ;         ; Y               ;
; 21       ; 20         ; --       ; D[1]           ; bidir  ; TTL          ;         ; Y               ;
; 22       ; 21         ; --       ; GND            ; gnd    ;              ;         ;                 ;
; 23       ; 22         ; --       ; VCC            ; power  ;              ;         ;                 ;
; 24       ; 23         ; --       ; Bank[0]        ; output ; TTL          ;         ; Y               ;
; 25       ; 24         ; --       ; Bank[2]        ; output ; TTL          ;         ; Y               ;
; 26       ; 25         ; --       ; Bank[1]        ; output ; TTL          ;         ; Y               ;
; 27       ; 26         ; --       ; A[4]           ; input  ; TTL          ;         ; Y               ;
; 28       ; 27         ; --       ; A[5]           ; input  ; TTL          ;         ; Y               ;
; 29       ; 28         ; --       ; A14            ; input  ; TTL          ;         ; Y               ;
; 30       ; 29         ; --       ; GND            ; gnd    ;              ;         ;                 ;
; 31       ; 30         ; --       ; A[0]           ; input  ; TTL          ;         ; Y               ;
; 32       ; 31         ; --       ; TCK            ; input  ; TTL          ;         ; N               ;
; 33       ; 32         ; --       ; A[1]           ; input  ; TTL          ;         ; Y               ;
; 34       ; 33         ; --       ; A[7]           ; input  ; TTL          ;         ; Y               ;
; 35       ; 34         ; --       ; VCC            ; power  ;              ;         ;                 ;
; 36       ; 35         ; --       ; A[2]           ; input  ; TTL          ;         ; Y               ;
; 37       ; 36         ; --       ; A[3]           ; input  ; TTL          ;         ; Y               ;
; 38       ; 37         ; --       ; TDO            ; output ; TTL          ;         ; N               ;
; 39       ; 38         ; --       ; nRD            ; input  ; TTL          ;         ; Y               ;
; 40       ; 39         ; --       ; A[6]           ; input  ; TTL          ;         ; Y               ;
; 41       ; 40         ; --       ; A15            ; input  ; TTL          ;         ; Y               ;
; 42       ; 41         ; --       ; GND            ; gnd    ;              ;         ;                 ;
; 43       ; 42         ; --       ; nM1            ; input  ; TTL          ;         ; Y               ;
; 44       ; 43         ; --       ; nIORQ          ; input  ; TTL          ;         ; Y               ;
+----------+------------+----------+----------------+--------+--------------+---------+-----------------+
Note: Pin directions (input, output or bidir) are based on device operating in user mode.


+--------------------------------------------------------------------------------------------------+
; I/O Standard                                                                                     ;
+--------------+------------+----------------------+-------------------+-------------------+-------+
; I/O Standard ; Input Vref ; Dedicated Input Pins ; Pins in I/O Bank1 ; Pins in I/O Bank2 ; Total ;
+--------------+------------+----------------------+-------------------+-------------------+-------+
; TTL          ; -          ; 4                    ; 0                 ; 0                 ; 4     ;
+--------------+------------+----------------------+-------------------+-------------------+-------+


+----------------------------------------------------------------------+
; Dedicated Inputs I/O                                                 ;
+--------+-------+-------+-------+--------------+------------+---------+
; Name   ; Pin # ; Type  ; VCCIO ; I/O Standard ; Input Vref ; Current ;
+--------+-------+-------+-------+--------------+------------+---------+
; CLK    ; 2     ; Input ; --    ; TTL          ; -          ; 0 mA    ;
; nIORQ  ; 44    ; Input ; --    ; TTL          ; -          ; 0 mA    ;
; nM1    ; 43    ; Input ; --    ; TTL          ; -          ; 0 mA    ;
; nRESET ; 1     ; Input ; --    ; TTL          ; -          ; 0 mA    ;
+--------+-------+-------+-------+--------------+------------+---------+


+-----------------------------------------------+
; Output Pin Default Load For Reported TCO      ;
+--------------+-------+------------------------+
; I/O Standard ; Load  ; Termination Resistance ;
+--------------+-------+------------------------+
; TTL          ; 10 pF ; Not Available          ;
+--------------+-------+------------------------+
Note: User assignments will override these defaults. The user specified values are listed in the Output Pins and Bidir Pins tables.


+-------------------------------------------------------------------------------------+
; Fitter Resource Utilization by Entity                                               ;
+----------------------------+------------+------+---------------------+--------------+
; Compilation Hierarchy Node ; Macrocells ; Pins ; Full Hierarchy Name ; Library Name ;
+----------------------------+------------+------+---------------------+--------------+
; |top                       ; 27         ; 36   ; |top                ; work         ;
;    |BankReg:inst14|        ; 12         ; 0    ; |top|BankReg:inst14 ; work         ;
;    |IOMap:inst|            ; 2          ; 0    ; |top|IOMap:inst     ; work         ;
+----------------------------+------------+------+---------------------+--------------+


+-----------------------------------------------------------------------------------------------+
; Control Signals                                                                               ;
+--------+----------+---------+--------------+--------+----------------------+------------------+
; Name   ; Location ; Fan-Out ; Usage        ; Global ; Global Resource Used ; Global Line Name ;
+--------+----------+---------+--------------+--------+----------------------+------------------+
; A[0]   ; PIN_31   ; 14      ; Clock enable ; no     ; --                   ; --               ;
; A[1]   ; PIN_33   ; 14      ; Clock enable ; no     ; --                   ; --               ;
; A[2]   ; PIN_36   ; 14      ; Clock enable ; no     ; --                   ; --               ;
; A[3]   ; PIN_37   ; 16      ; Clock enable ; no     ; --                   ; --               ;
; A[4]   ; PIN_27   ; 17      ; Clock enable ; no     ; --                   ; --               ;
; A[5]   ; PIN_28   ; 17      ; Clock enable ; no     ; --                   ; --               ;
; A[6]   ; PIN_40   ; 17      ; Clock enable ; no     ; --                   ; --               ;
; A[7]   ; PIN_34   ; 17      ; Clock enable ; no     ; --                   ; --               ;
; CLK    ; PIN_2    ; 14      ; Clock        ; yes    ; On                   ; --               ;
; nIORQ  ; PIN_44   ; 16      ; Clock enable ; no     ; --                   ; --               ;
; nM1    ; PIN_43   ; 17      ; Clock enable ; no     ; --                   ; --               ;
; nRESET ; PIN_1    ; 13      ; Async. clear ; yes    ; On                   ; --               ;
; nWR    ; PIN_4    ; 14      ; Clock enable ; no     ; --                   ; --               ;
+--------+----------+---------+--------------+--------+----------------------+------------------+


+-----------------------------------------------------------------------+
; Global & Other Fast Signals                                           ;
+--------+----------+---------+----------------------+------------------+
; Name   ; Location ; Fan-Out ; Global Resource Used ; Global Line Name ;
+--------+----------+---------+----------------------+------------------+
; CLK    ; PIN_2    ; 14      ; On                   ; --               ;
; nRESET ; PIN_1    ; 13      ; On                   ; --               ;
+--------+----------+---------+----------------------+------------------+


+---------------------------------------+
; Non-Global High Fan-Out Signals       ;
+-----------------------------+---------+
; Name                        ; Fan-Out ;
+-----------------------------+---------+
; A[4]                        ; 17      ;
; A[5]                        ; 17      ;
; A[6]                        ; 17      ;
; A[7]                        ; 17      ;
; nM1                         ; 17      ;
; A[3]                        ; 16      ;
; nIORQ                       ; 16      ;
; A[0]                        ; 14      ;
; A[1]                        ; 14      ;
; A[2]                        ; 14      ;
; nWR                         ; 14      ;
; D~2                         ; 5       ;
; A15                         ; 5       ;
; A14                         ; 5       ;
; D~1                         ; 4       ;
; D~0                         ; 4       ;
; nRD                         ; 4       ;
; inst31~15                   ; 3       ;
; inst18                      ; 2       ;
; inst3                       ; 2       ;
; RTCIO~0                     ; 1       ;
; ~GND~0                      ; 1       ;
; BankReg:inst14|inst6[0]~197 ; 1       ;
; inst21~24                   ; 1       ;
; inst22~10                   ; 1       ;
; BankReg:inst14|inst[0]      ; 1       ;
; BankReg:inst14|inst14[0]    ; 1       ;
; BankReg:inst14|inst10[0]    ; 1       ;
; BankReg:inst14|inst6[1]~192 ; 1       ;
; BankReg:inst14|inst6[2]~187 ; 1       ;
; BankReg:inst14|inst[1]      ; 1       ;
; BankReg:inst14|inst14[1]    ; 1       ;
; BankReg:inst14|inst10[1]    ; 1       ;
; inst11                      ; 1       ;
; BankReg:inst14|inst[2]      ; 1       ;
; BankReg:inst14|inst14[2]    ; 1       ;
; BankReg:inst14|inst10[2]    ; 1       ;
; inst12                      ; 1       ;
; inst10                      ; 1       ;
; inst5~8                     ; 1       ;
; inst6~8                     ; 1       ;
; IOMap:inst|inst17~10        ; 1       ;
; IOMap:inst|inst7~45         ; 1       ;
; RTCIO~3                     ; 1       ;
; inst31~17                   ; 1       ;
+-----------------------------+---------+


+------------------------------------------------+
; Interconnect Usage Summary                     ;
+----------------------------+-------------------+
; Interconnect Resource Type ; Usage             ;
+----------------------------+-------------------+
; Output enables             ; 1 / 6 ( 17 % )    ;
; PIA buffers                ; 41 / 144 ( 28 % ) ;
+----------------------------+-------------------+


+----------------------------------------------------------------------+
; LAB Macrocells                                                       ;
+----------------------------------------+-----------------------------+
; Number of Macrocells  (Average = 6.75) ; Number of LABs  (Total = 3) ;
+----------------------------------------+-----------------------------+
; 0                                      ; 1                           ;
; 1                                      ; 0                           ;
; 2                                      ; 0                           ;
; 3                                      ; 1                           ;
; 4                                      ; 0                           ;
; 5                                      ; 0                           ;
; 6                                      ; 0                           ;
; 7                                      ; 0                           ;
; 8                                      ; 1                           ;
; 9                                      ; 0                           ;
; 10                                     ; 0                           ;
; 11                                     ; 0                           ;
; 12                                     ; 0                           ;
; 13                                     ; 0                           ;
; 14                                     ; 0                           ;
; 15                                     ; 0                           ;
; 16                                     ; 1                           ;
+----------------------------------------+-----------------------------+


+---------------------------------------------------------------------------------------------------------------------------------------+
; Logic Cell Interconnection                                                                                                            ;
+-----+------------+--------------------------------------------------------------------------------------+-----------------------------+
; LAB ; Logic Cell ; Input                                                                                ; Output                      ;
+-----+------------+--------------------------------------------------------------------------------------+-----------------------------+
;  A  ; LC1        ; nRD, nIORQ, nM1, A[0], A[1], A[3], A[2], A[7], A[5], A[6], A[4]                      ; D[2], inst31~17, D[0]       ;
;  A  ; LC4        ; A[7], A[5], A[6], A[4], nM1, A[3]                                                    ; nCFCS                       ;
;  A  ; LC3        ; CLK, nRESET, D[0], A[0], A[1], nWR, nIORQ, nM1, A[3], A[2], A[7], A[5], A[6], A[4]   ; RTCIO                       ;
;  A  ; LC5        ; CLK, nRESET, D[2], A[0], A[1], nWR, nIORQ, nM1, A[3], A[2], A[7], A[5], A[6], A[4]   ; RTCEN                       ;
;  A  ; LC15       ; CLK, nRESET, D[2], A[0], A[1], nWR, nIORQ, nM1, A[3], A[2], A[7], A[5], A[6], A[4]   ; BankReg:inst14|inst6[2]~187 ;
;  A  ; LC12       ; CLK, nRESET, D[2], A[0], A[1], nWR, nIORQ, nM1, A[3], A[2], A[7], A[5], A[6], A[4]   ; BankReg:inst14|inst6[2]~187 ;
;  A  ; LC6        ; CLK, nRESET, D[2], A[0], A[1], nWR, nIORQ, nM1, A[3], A[2], A[7], A[5], A[6], A[4]   ; BankReg:inst14|inst6[2]~187 ;
;  A  ; LC11       ; CLK, nRESET, D[1], A[0], A[1], nWR, nIORQ, nM1, A[3], A[2], A[7], A[5], A[6], A[4]   ; RTCCLK                      ;
;  A  ; LC16       ; CLK, nRESET, D[1], A[0], A[1], nWR, nIORQ, nM1, A[3], A[2], A[7], A[5], A[6], A[4]   ; BankReg:inst14|inst6[1]~192 ;
;  A  ; LC13       ; CLK, nRESET, D[1], A[0], A[1], nWR, nIORQ, nM1, A[3], A[2], A[7], A[5], A[6], A[4]   ; BankReg:inst14|inst6[1]~192 ;
;  A  ; LC10       ; CLK, nRESET, D[1], A[0], A[1], nWR, nIORQ, nM1, A[3], A[2], A[7], A[5], A[6], A[4]   ; BankReg:inst14|inst6[1]~192 ;
;  A  ; LC8        ; CLK, nRESET, D[0], A[3], A[2], A[7], A[5], A[6], A[4], nWR, nIORQ, nM1, A[0], A[1]   ; inst22~10, inst21~24        ;
;  A  ; LC7        ; CLK, nRESET, D[0], A[0], A[1], nWR, nIORQ, nM1, A[3], A[2], A[7], A[5], A[6], A[4]   ; BankReg:inst14|inst6[0]~197 ;
;  A  ; LC9        ; CLK, nRESET, D[0], A[0], A[1], nWR, nIORQ, nM1, A[3], A[2], A[7], A[5], A[6], A[4]   ; BankReg:inst14|inst6[0]~197 ;
;  A  ; LC2        ; CLK, nRESET, D[0], A[0], A[1], nWR, nIORQ, nM1, A[3], A[2], A[7], A[5], A[6], A[4]   ; BankReg:inst14|inst6[0]~197 ;
;  A  ; LC14       ;                                                                                      ; Bank[3]                     ;
;  B  ; LC17       ; inst31~15                                                                            ; D[1]                        ;
;  B  ; LC19       ; RTCIO                                                                                ; D[0]                        ;
;  B  ; LC20       ; A[7], nIORQ, A[5], A[6], A[4], nM1                                                   ; nCSKIO                      ;
;  B  ; LC18       ; CLK, nIORQ, A[7], A[5], A[6], A[4], nM1, A[3]                                        ; inst6~8, inst5~8            ;
;  B  ; LC24       ; nRD, inst3                                                                           ; nCFRD                       ;
;  B  ; LC25       ; inst3, nWR                                                                           ; nCFWR                       ;
;  B  ; LC30       ; inst18, A15, A14, nRD                                                                ; nRAMOE                      ;
;  B  ; LC21       ; nRD, inst18, A15, A14                                                                ; nROMOE                      ;
;  C  ; LC35       ; BankReg:inst14|inst10[2], A14, BankReg:inst14|inst14[2], A15, BankReg:inst14|inst[2] ; Bank[2]                     ;
;  C  ; LC36       ; BankReg:inst14|inst10[1], A14, BankReg:inst14|inst14[1], A15, BankReg:inst14|inst[1] ; Bank[1]                     ;
;  C  ; LC33       ; BankReg:inst14|inst10[0], A14, BankReg:inst14|inst14[0], A15, BankReg:inst14|inst[0] ; Bank[0]                     ;
+-----+------------+--------------------------------------------------------------------------------------+-----------------------------+


+---------------------------------------------------------------+
; Fitter Device Options                                         ;
+----------------------------------------------+----------------+
; Option                                       ; Setting        ;
+----------------------------------------------+----------------+
; Enable user-supplied start-up clock (CLKUSR) ; Off            ;
; Enable device-wide reset (DEV_CLRn)          ; Off            ;
; Enable device-wide output enable (DEV_OE)    ; Off            ;
; Enable INIT_DONE output                      ; Off            ;
; Configuration scheme                         ; Passive Serial ;
; Security bit                                 ; Off            ;
; Base pin-out file on sameframe device        ; Off            ;
+----------------------------------------------+----------------+


+-----------------+
; Fitter Messages ;
+-----------------+
Info: *******************************************************************
Info: Running Quartus II Fitter
    Info: Version 8.1 Build 163 10/28/2008 SJ Full Version
    Info: Processing started: Tue Aug 27 21:14:59 2019
Info: Command: quartus_fit --read_settings_files=off --write_settings_files=off top -c top
Info: Parallel compilation is enabled and will use 4 of the 4 processors detected
Info: Selected device EPM7064SLC44-10 for design "top"
Warning: I/O standard setting for individual pin "CLK" not supported for selected device family -- setting I/O standard for pins according to device-wide I/O standard
Info: Parallel compilation was enabled but no parallel operations were performed
Info: Quartus II Fitter was successful. 0 errors, 1 warning
    Info: Peak virtual memory: 212 megabytes
    Info: Processing ended: Tue Aug 27 21:15:02 2019
    Info: Elapsed time: 00:00:03
    Info: Total CPU time (on all processors): 00:00:01


