ca65 V2.17 - Git de519b9
Main file   : command.s
Current file: command.s

000000r 1               ;
000000r 1               ; File generated by cc65 v 2.17 - Git de519b9
000000r 1               ;
000000r 1               	.fopt		compiler,"cc65 v 2.17 - Git de519b9"
000000r 1               	.setcpu		"6502"
000000r 1               	.smart		on
000000r 1               	.autoimport	on
000000r 1               	.case		on
000000r 1               	.debuginfo	off
000000r 1               	.importzp	sp, sreg, regsave, regbank
000000r 1               	.importzp	tmp1, tmp2, tmp3, tmp4, ptr1, ptr2, ptr3, ptr4
000000r 1               	.macpack	longbranch
000000r 2               .macro  jeq     Target
000000r 2                       .if     .match(Target, 0)
000000r 2                       bne     *+5
000000r 2                       jmp     Target
000000r 2                       .elseif .def(Target) .and .const((*-2)-(Target)) .and ((*+2)-(Target) <= 127)
000000r 2                               beq     Target
000000r 2                       .else
000000r 2                               bne     *+5
000000r 2                               jmp     Target
000000r 2                       .endif
000000r 2               .endmacro
000000r 2               .macro  jne     Target
000000r 2                       .if     .match(Target, 0)
000000r 2                               beq     *+5
000000r 2                               jmp     Target
000000r 2                       .elseif .def(Target) .and .const((*-2)-(Target)) .and ((*+2)-(Target) <= 127)
000000r 2                               bne     Target
000000r 2                       .else
000000r 2                               beq     *+5
000000r 2                               jmp     Target
000000r 2                       .endif
000000r 2               .endmacro
000000r 2               .macro  jmi     Target
000000r 2                       .if     .match(Target, 0)
000000r 2                               bpl     *+5
000000r 2                               jmp     Target
000000r 2                       .elseif .def(Target) .and .const((*-2)-(Target)) .and ((*+2)-(Target) <= 127)
000000r 2                               bmi     Target
000000r 2                       .else
000000r 2                               bpl     *+5
000000r 2                               jmp     Target
000000r 2                       .endif
000000r 2               .endmacro
000000r 2               .macro  jpl     Target
000000r 2                       .if     .match(Target, 0)
000000r 2                               bmi     *+5
000000r 2                               jmp     Target
000000r 2                       .elseif .def(Target) .and .const((*-2)-(Target)) .and ((*+2)-(Target) <= 127)
000000r 2                               bpl     Target
000000r 2                       .else
000000r 2                               bmi     *+5
000000r 2                               jmp     Target
000000r 2                       .endif
000000r 2               .endmacro
000000r 2               .macro  jcs     Target
000000r 2                       .if     .match(Target, 0)
000000r 2                               bcc     *+5
000000r 2                               jmp     Target
000000r 2                       .elseif .def(Target) .and .const((*-2)-(Target)) .and ((*+2)-(Target) <= 127)
000000r 2                               bcs     Target
000000r 2                       .else
000000r 2                               bcc     *+5
000000r 2                               jmp     Target
000000r 2                       .endif
000000r 2               .endmacro
000000r 2               .macro  jcc     Target
000000r 2                       .if     .match(Target, 0)
000000r 2                               bcs     *+5
000000r 2                               jmp     Target
000000r 2                       .elseif .def(Target) .and .const((*-2)-(Target)) .and ((*+2)-(Target) <= 127)
000000r 2                               bcc     Target
000000r 2                       .else
000000r 2                               bcs     *+5
000000r 2                               jmp     Target
000000r 2                       .endif
000000r 2               .endmacro
000000r 2               .macro  jvs     Target
000000r 2                       .if     .match(Target, 0)
000000r 2                               bvc     *+5
000000r 2                               jmp     Target
000000r 2                       .elseif .def(Target) .and .const((*-2)-(Target)) .and ((*+2)-(Target) <= 127)
000000r 2                               bvs     Target
000000r 2                       .else
000000r 2                               bvc     *+5
000000r 2                               jmp     Target
000000r 2                       .endif
000000r 2               .endmacro
000000r 2               .macro  jvc     Target
000000r 2                       .if     .match(Target, 0)
000000r 2                               bvs     *+5
000000r 2                               jmp     Target
000000r 2                       .elseif .def(Target) .and .const((*-2)-(Target)) .and ((*+2)-(Target) <= 127)
000000r 2                               bvc     Target
000000r 2                       .else
000000r 2                               bvs     *+5
000000r 2                               jmp     Target
000000r 2                       .endif
000000r 2               .endmacro
000000r 2               
000000r 1               	.forceimport	__STARTUP__
000000r 1               	.import		_clrscr
000000r 1               	.import		_cprintf
000000r 1               	.import		_cgetc
000000r 1               	.import		_text
000000r 1               	.export		_main
000000r 1               
000000r 1               .segment	"RODATA"
000000r 1               
000000r 1               L0004:
000000r 1  25 73 0D 0A  	.byte	$25,$73,$0D,$0A,$50,$72,$65,$73,$73,$20,$3C,$52,$45,$54,$55,$52
000004r 1  50 72 65 73  
000008r 1  73 20 3C 52  
000010r 1  4E 3E 2E 0D  	.byte	$4E,$3E,$2E,$0D,$0A,$00
000014r 1  0A 00        
000016r 1               
000016r 1               ; ---------------------------------------------------------------
000016r 1               ; int __near__ main (void)
000016r 1               ; ---------------------------------------------------------------
000016r 1               
000016r 1               .segment	"CODE"
000000r 1               
000000r 1               .proc	_main: near
000000r 1               
000000r 1               .segment	"CODE"
000000r 1               
000000r 1  20 rr rr     	jsr     _clrscr
000003r 1  A9 rr        	lda     #<(L0004)
000005r 1  A2 rr        	ldx     #>(L0004)
000007r 1  20 rr rr     	jsr     pushax
00000Ar 1  A9 rr        	lda     #<(_text)
00000Cr 1  A2 rr        	ldx     #>(_text)
00000Er 1  20 rr rr     	jsr     pushax
000011r 1  A0 04        	ldy     #$04
000013r 1  20 rr rr     	jsr     _cprintf
000016r 1  20 rr rr     	jsr     _cgetc
000019r 1  A2 00        	ldx     #$00
00001Br 1  A9 00        	lda     #$00
00001Dr 1  4C rr rr     	jmp     L0001
000020r 1  60           L0001:	rts
000021r 1               
000021r 1               .endproc
000021r 1               
000021r 1               
