
SYMBOLS                                   PAL8-VB0  06-SEP-90 PAGE 181

ABFLAG 0002      CNTRLE 0005      CREST2 0430      DMSEND 0351
ABMSG  4000      CNTRLF 0006      CRLF   4411      DMSER  6730
ABORT  4266      CNTRLG 0007      CSTUFF 5316      DMWAST 0357
ABORT2 4303      CNTRLH 0010      CTLCTS 6466      DM1AND 0710
ABORT3 4317      CNTRLI 0011      CURSEQ 0037      DM1AN2 5722
ABORT9 4321      CNTRLJ 0012      DATWOR 3502      DM1INI 0200
AIWCNT 3501      CNTRLK 0013      DAY    0006      DM1LIS 0600
AIWLUP 3437      CNTRLL 0014      DAYMSG 2145      DM1POR 0234
AIWNUM 2404      CNTRLM 0015      DCAC   3200      DM1SEC 0707
AIWSTO 3440      CNTRLN 0016      DCADAT 3433      DM2INI 0213
AIWTES 3442      CNTRLO 0017      DEFCK  0061      DM2LIS 0467
ALPHA  3247      CNTRLP 0020      DEFDEV 1456      DM234  0360
ALPHA1 3262      CNTRLQ 0021      DEFEOL 0055      DM2460 0361
ALPNM1 3245      CNTRLR 0022      DEFMAX 0136      DM2516 0362
ALPNUM 3237      CNTRLS 0023      DEFQCT 0043      DM3425 0363
AND377 0166      CNTRLT 0024      DELETE 0177      DM50   0332
BININP 0027      CNTRLU 0025      DEVNAM 1460      DNERMS 4071
BRATE  0007      CNTRLV 0026      DEVNUM 0071      DOTAB  6415
BRKXMT 2514      CNTRLW 0027      DEV30  0000      DOUO   6460
BUFCHE 5105      CNTRLX 0030      DEV40  0001      DOUP   6455
BUFFLD 0010      CNTRLY 0031      DFDEV  1437      DPARS  1400
BUFPTR 3761      CNTRLZ 0032      DGROUP 0020      DPAR1  1415
BUFSIZ 0200      COLUMN 0013      DIRBUF 2400      DPAR10 1453
CHKCLR 6453      COM    0017      DIRFLD 0010      DPAR11 1454
CHKUP  6432      COMIN  0630      DIRLIN 2402      DPAR13 1455
CKSUM  0522      COMOUT 0672      DIRREC 3407      DPAR2  1434
CKSUM1 0535      COMWAI 0676      DIRXR  0012      DPAR4  1442
CLCL   6136      CONBUF 3200      DISPAT 0452      DPAR8  1450
CLDMZA 0204      CONCLE 5703      DISPA2 0462      DSFLMS 4105
CLEAR  4521      CONINS 5365      DMIFLD 0010      DUMBCF 6312
CLEAR0 0437      CONNLU 5021      DMINIT 0324      DUMBFL 6310
CLEAR5 0450      CONNMS 4023      DMIOUT 0354      DUMBIE 6315
CLEAR6 0451      CONOUT 5302      DMIPOR 0400      DUMBSF 6311
CLOOP  0200      CONPUT 5676      DMISET 0346      DVNUM  1464
CLOOP1 0217      CONREM 5366      DMISKP 0352      DVNUM5 1500
CLOOP7 0227      CONRES 5705      DMI01  0325      DVNUM9 1507
CLOOP9 0235      CONSRV 5000      DMI02  0326      ECHOFL 5153
CLOSE  0004      CONTEM 5341      DMI03  0327      ECHOSW 0014
CLOSER 4027      CONTES 5330      DMI04  0330      EIGHTB 4422
CLOSIT 4015      CONTLS 5701      DMI05  0331      EIGHT1 4426
CLOSLU 4013      CONTMS 4042      DMI06  0332      EIGHT2 4435
CLOSMS 2040      CONTSF 5677      DMI07  0333      EIGHT5 4437
CLSK   6131      CONUPD 5341      DMI08  0334      EIGHT6 4440
CLSK8A 6137      CONWAI 5367      DMI09  0335      EMPENT 3465
CMDTBL 6000      CON2MS 4050      DMI10  0336      ENTER  0003
CMERMS 4011      CON3MS 4062      DMI11  0337      ENTSTR 2405
CMOUT1 0706      CORESE 5014      DMI12  0340      ESCAPE 0035
CMOUT2 0707      COUTIN 6601      DMI13  0341      ESCFLA 5154
CMOUT3 0711      CPUIDL 2357      DMI14  0342      ESCH   5150
CMOUT4 0712      CPULIS 2042      DMI15  0343      ESCHAR 0101
CMRESE 0674      CPUMSG 4064      DMI16  0344      ESCLIS 5144
CNTRLA 0001      CPUPRM 2277      DMI17  0345      ESCLOS 5113
CNTRLB 0002      CPUTEM 6750      DMPOMS 2147      ESCOMP 5102
CNTRLC 0003      CPUTMS 2134      DMPPMS 2171      ESCPRN 4673
CNTRLD 0004      CRESET 0420      DMPRZA 6640      ESCTEM 4707

SYMBOLS                                   PAL8-VB0  06-SEP-90 PAGE 181-1

ESCTYP 5071      FSERMS 4165      IER31  3123      INPS22 3071
ESPRIN 4704      FSWIT  2134      IFL    6300      INPS30 3116
EXITKE 7577      GENMSG 0001      IIE    6305      INPS40 3124
FCLEMS 4114      GETBYT 3600      ILINK  2200      INPS50 3137
FCMP1  2160      GETCOR 3607      ILINK0 2203      INPS80 3155
FCMP2  2161      GETEND 3663      ILINK1 2217      INPS81 3156
FEND1  1251      GETEOF 3661      ILINK2 2241      INPS90 3200
FEND2  1256      GETFLO 0664      ILINK3 2246      INPS91 3213
FETCH  0001      GETFL1 0665      ILINK4 2253      INPUT  6400
FILBUF 2000      GETIR  0611      ILINK6 2257      INPWAI 6401
FILCLO 4000      GETIR1 0627      ILINK7 2260      INQUIR 0012
FILECN 2400      GETLOO 3614      ILINK8 2261      INREAD 0640
FILENG 3512      GETNEW 3605      ILINK9 2262      INSKIP 0636
FILFND 2506      GETREC 3610      IMAL8  7075      INSTAT 0656
FILMOD 0075      GETSOH 0600      IMAOMN 7047      INTPC  0000
FILN8  4471      GETSRV 2600      IMAUNK 7101      IOCLUP 0241
FILN8C 4521      GETSWT 4454      IMA12  7072      IOTCNT 0306
FINSRV 1530      GETUPZ 3656      IMA5   7100      IPORT0 0030
FIN10  1546      GET6   4517      IMA61  7061      IPORT1 0034
FIN2   1537      GET6F  0061      IMA610 7067      IRB    6306
FIN20  1550      GET6P  0060      IMA612 7066      IRS    6304
FIN5   1542      GET60  4441      IMA8   7077      ISF    6301
FLD1AD 4000      GSRV10 2625      IMA8A  7070      ISZC   2200
FLEN   0070      GSRV12 2630      IMA8E  7071      JMPC   5200
FLENGT 4026      GSRV15 2633      IMA8I  7074      JMPIC  5600
FLEXIT 3477      GSRV20 2636      IMA8IL 7034      JMSC   4200
FLOW   0001      GSRV21 2643      IMA8L  7073      JMSIC  4600
FLOWAI 0702      GSRV22 2644      IMA8S  7076      KCCIOT 6032
FLOWFL 0102      GSRV40 2647      INCHAR 0015      KCCZAP 6501
FMATC  2155      GSRV50 2651      INCHK  0741      KCCZP2 6546
FMATCH 2107      GSRV80 2654      INERTA 3222      KERRLU 5115
FMATF  2156      GSRV90 2626      INFLAG 0020      KERRMS 4375
FMATP  2154      HADR   1520      INIDAT 6364      KERROR 5122
FMATT  2157      HANDNU 1527      INIECH 0000      KEY    0003
FMAT1  2122      HELPMS 4202      INIFLG 0063      KEYBUF 3000
FMAT2  2150      HELPSR 2263      INIOPB 0516      KEYCHE 5221
FMODE  0177      HFETCH 1510      INITEN 0053      KEYDSP 0026
FNAME  3513      HNDADR 0053      INITIA 6600      KEYERR 0103
FNBLK  2510      HNDLR  6600      INITMS 2210      KEYGET 5247
FNDEND 1247      HOLDBF 1000      INITPR 6615      KEYGEX 5274
FNERMS 4127      IAAC   6171      INI612 6674      KEYGNO 5300
FNPTR  0065      IACA   6167      INLUP  0634      KEYINP 5200
FORCEP 0054      ICF    6302      INLUP1 0637      KEYINS 5370
FPACK  4512      ICLOSE 0001      INMSG2 2242      KEYLAT 5155
FPACK0 0240      ICTLZF 4033      INMSG3 2243      KEYPRS 1261
FPACK2 0261      IER02  3020      INOP1  6303      KEYREM 5371
FPACK3 0274      IER05  3027      INOP2  6307      KEYTEM 5341
FPACK4 0312      IER10  3032      INPERR 3141      KEYUPD 5224
FP1    0321      IER11  3034      INPSRV 3000      KGREAD 5252
FP2    0322      IER20  3040      INPS01 3012      KGTEST 5250
FP3    0323      IER21  3044      INPS02 3015      KMODE  0016
FRECMS 4142      IER22  3074      INPS03 3020      KP10   1270
FRSTRE 2401      IER23  3055      INPS05 3023      KP20   1272
FSBLK  0067      IER24  3063      INPS10 3027      KP40   1307
FSENMS 4154      IER30  3121      INPS20 3035      KP45   1322

SYMBOLS                                   PAL8-VB0  06-SEP-90 PAGE 181-2

KP50   1323      MREC   0003      OLS    6316      PRMTMS 4457
KP90   1325      MRS    6364      ON     0000      PROMID 4464
KRBIOT 6036      MSB    6363      ONOP1  6313      PRQ3   6236
KRSIOT 6034      MSEND  0002      ONOP2  6317      PRSERR 0055
KRSZAP 6472      MSF    6361      OPBUF  0466      PRTINI 0255
KSERRO 5244      MSGFLD 0010      OPBUF1 0476      PSEND  0300
KSFIOT 6031      MSGOUT 4665      OPBUF2 0512      PSETF1 0262
KSFLOC 6470      NAKPAK 2551      OPC    6314      PSETF2 0275
KWATCL 5277      NAM    1663      OPORT0 0031      PSKIP  0301
KWATSE 5276      NAMBUF 2560      OPORT1 0035      PSR    6363
LATEST 0017      NAM0   1664      OPRE   1134      PTABLE 0030
LCLMSG 2000      NAM1   1677      OPRE1  1160      PUPSTA 5156
LEDERL 0000      NAM2   1705      OPRE2  1162      PUTBYT 3671
LINBUF 2727      NAM3   1707      OPRE3  1165      PUTC   3646
LINC   6141      NAM4   1713      OP1    0514      PUTCOR 3753
LININP 2000      NAM9   1721      OP2    0515      PUTERR 3703
LINSIZ 0040      NEXTSE 3403      ORIGNA 0000      PUTINI 3706
LIN1   2003      NL0000 7200      OTIME  0751      PUTLOO 3714
LIN10  2056      NL0001 7201      OUTCHA 5072      PUTNEW 3712
LIN2   2032      NL0002 7326      OUTEMP 0630      PUTNEX 3701
LIN5   2037      NL0003 7325      OUTFLA 0021      PUTONE 3631
LIN50  2062      NL0004 7307      OWAIT  0715      PUTREC 3754
LOOKLU 3416      NL0006 7327      OWASTE 0752      PWASTE 0307
LOOKUP 0002      NL0010 7215      PACKIT 2101      P7AGN  6506
LOOK1  1336      NL0100 7203      PACK6  4516      P7CH   6406
LOOK2  1337      NL3776 7354      PACK6F 0057      P7CHAR 6504
LOOK3  1340      NL3777 7350      PACK6P 0056      P7ECHO 6424
LOWER  0000      NL4000 7330      PACK6T 2106      P7OFF  6515
LOWERC 0143      NL5777 7352      PACK60 2063      P7OUT  6535
LPTR   0031      NL6000 7333      PAGCNT 0002      P7TEMP 6561
LUKUP  3400      NL7775 7346      PAKCKS 0036      P7TLS  6540
L11    6522      NL7776 7344      PAKPTR 0035      P7TSF  6536
MACHIN 7000      NL7777 7240      PCON   0036      QFLAG  0040
MACHTE 7102      NODATA 6376      PC8A   7050      RACD   6367
MESMOV 6734      NOECHO 5077      PDP    0002      RATE   0007
MESMVL 6742      NOESCA 5063      PDUMRD 0274      RCAPAS 0052
MFIE   6365      NOESEN 5104      PFNAM  1600      RCHAR  0023
MFL    6360      NOFINI 4412      PFNAM3 1633      RCHKT  0050
MFSK   6361      NOLOCA 5041      PFNAM7 1651      REC    0040
MIE    6365      NOSP   1231      PFNAM9 1655      RECSRV 2663
MLC    6362      NOSP1  1234      PFN10  1660      RECS10 2704
MMOVCN 6751      NOSP3  1244      PFN11  1661      RECS20 2706
MONMSG 2246      NOTFND 4442      PFN15  1662      RECS30 2712
MONTH  0011      NOTYET 0646      PLOAD  0303      RECS60 2715
MOVE   4520      NOWAIT 0705      PMR    6364      RECS80 2717
MOVE0  1341      NUMRC  3263      PORT   0000      RECS90 2726
MOVE1  1345      NUMRC1 3276      PORTCO 0036      REMBUF 3600
MOVE4  0062      NXTFIL 3462      PORTIN 0030      REMCHE 5653
MOVE5  1354      OCLOSE 0000      PORTOU 0031      REMCLE 5730
MOVE6  1355      OCTLZF 3762      PRETEM 1167      REMINE 5440
MOV8   4457      ODNAME 0073      PRGFLD 0000      REMINP 5400
MOV8P  4470      ODNUMB 0074      PRIPAK 2275      REMINS 0107
MPRESE 6367      ODT    0004      PRI8B  4514      REMOTE 0000
MPSCC  6366      OFF    0001      PRI8B0 4400      REMOUT 5600
MQ     0064      OFFLG  0072      PRI8B1 4405      REMPUT 5721

SYMBOLS                                   PAL8-VB0  06-SEP-90 PAGE 181-3

REMREM 0110      RKSFIO 6401      SCRCRL 4651      SNDSV1 2434
REMRES 5535      RKSF0  6301      SCRFLI 4655      SNERTA 2467
REMTEM 5637      RKSF1  6341      SCRIBE 4600      SP     1213
REMTES 5626      RMAXL  0041      SCRLUP 4612      SPACAR 0416
REMTLS 5726      RMPTEM 5705      SCRPRL 4647      SPACK  4511
REMTSF 5724      RMPUT0 5725      SCRPRN 4625      SPACK0 0400
REMUPD 5637      RMPUT1 5727      SCRPTR 4712      SPRINT 0000
REMWAI 0105      RMPUT2 5731      SDERMS 4657      SPZAP  6642
REM8B  4515      RNPAD  0043      SEN    0041      SP1    1216
REM8B0 4411      ROUTIN 6612      SER1   2411      SP3    1226
REM8B1 4416      RPACK  4513      SER2   2417      SRCHLU 3345
REOL   0045      RPADC  0044      SER3   2424      SRCHTA 3340
REPADR 0233      RPERMS 4635      SER4   2430      SRVFIN 1555
REPLAC 0220      RQBIN  0047      SER5   2441      STACK  0131
REPLUP 0222      RQCTL  0046      SER6   2446      STATE  0032
RERRMS 4507      RRBUF  6062      SER7   2454      STATT  0101
RESET  0013      RRDTA  6066      SETBAU 0206      STBRK  0102
RETARG 0233      RREPT  0051      SETINI 4246      STDAT  0104
RETCNT 0005      RRLEN  6063      SHFEMS 4701      STEOF  0132
RETRY  0033      RRSEQ  6064      SLFLAG 2507      STEOT  0102
REVDAT 4464      RRTYP  6065      SLOOP  4076      STERR  0105
REVDGR 0400      RSBIOT 6413      SLOP01 4101      STFIL  0106
REVISI 0007      RSBUF  6222      SLOP05 4112      STGEN  0107
RFLNMS 4521      RSCREN 4603      SLOP10 4115      STNAK  0116
RHFEMS 4541      RSCRIB 4665      SLOP15 4120      STRIN  0122
RIDEMS 4564      RSDTA  6226      SLOP20 4127      STSIN  0123
RIERMS 4616      RSLEN  6223      SLOP25 4132      S00    2451
RIERTS 5136      RSSEQ  6224      SLOP35 4135      TABLEJ 0003
RINBUF 3400      RSTUFF 5614      SLOP90 4200      TADC   1200
RINCHE 5442      RSTYP  6225      SLOP92 4205      TEMP   0022
RINERR 0104      RTCF0  6312      SMFL   6360      TEMPTR 3631
RINGET 5502      RTCF1  6352      SNDEMS 4722      TENTRY 3471
RINGEX 5527      RTERMI 6221      SNDERR 2461      TESTCH 5157
RINGNO 5533      RTFL0  6310      SNDI00 4222      TESTKE 5033
RINGT0 5504      RTFL1  6350      SNDI02 4226      THIRD  3701
RINGT1 5506      RTIE0  6315      SNDI05 4231      THLPMS 2255
RINGT2 5507      RTIE1  6355      SNDI10 4234      TIMEOU 0664
RING2  5507      RTIME  0042      SNDI80 4241      TLSIOT 6046
RININI 6613      RTLSIO 6416      SNDNAK 2526      TRYDM1 6710
RININS 5552      RTLS0  6316      SNDP   1723      TRYDM2 6723
RINREA 5505      RTLS1  6356      SNDPRO 4034      TSFIOT 6041
RINREM 5553      RTRYC  0034      SNDP1  1733      TST612 6635
RINTEM 5554      RTSFIO 6411      SNDP10 4053      TTY    0004
RINTES 5503      RTSF0  6311      SNDP11 4056      UCADDR 0077
RINUPD 5445      RTSF1  6351      SNDP12 4061      UMSG   0000
RINWAI 0106      RWATCL 5532      SNDP15 4064      UPADDR 0100
RKCC0  6302      RWATSE 5531      SNDP2  1734      UPCPRT 6544
RKCC1  6342      R3L    7014      SNDP20 4064      UPERMS 4733
RKFL0  6300      SBOOT  7600      SNDP3  1735      UPONLY 0076
RKFL1  6340      SCANTP 1260      SNDP4  1744      UPPERC 0103
RKIE0  6305      SCAN1  0024      SNDP5  1741      UPRINT 6550
RKIE1  6345      SCAN2  0025      SNDP9  1747      UPSTAT 0723
RKRBIO 6406      SCNEL  1200      SNDP96 4212      UQWAIT 6447
RKRB0  6306      SCRCAS 4710      SNDP98 4217      USEP0  0211
RKRB1  6346      SCRCHA 4711      SNDSRV 2400      USER   0000

SYMBOLS                                   PAL8-VB0  06-SEP-90 PAGE 181-4

USR    7700      
USRENT 0200      
USRFLD 0010      
USRIN  0010      
USRLOA 0000      
VERSIO 0012      
WASTIM 0672      
WCON0  6362      
WCON1  6366      
WILDF  0066      
WRIPAK 3277      
WRITE  4000      
W10    3306      
W20    3321      
W25    3324      
W30    3330      
W35    3331      
W60    3334      
W90    3336      
W92    3337      
XR0    0010      
XR1    0011      
YEAR   0132      
YEARMS 2274      



ERRORS DETECTED: 0
LINKS GENERATED: 0



