ARM GAS  C:\Users\DGILLI~1\AppData\Local\Temp\ccux36g3.s 			page 1


   1              		.syntax unified
   2              		.cpu cortex-m0plus
   3              		.fpu softvfp
   4              		.eabi_attribute 20, 1
   5              		.eabi_attribute 21, 1
   6              		.eabi_attribute 23, 3
   7              		.eabi_attribute 24, 1
   8              		.eabi_attribute 25, 1
   9              		.eabi_attribute 26, 1
  10              		.eabi_attribute 30, 1
  11              		.eabi_attribute 34, 0
  12              		.eabi_attribute 18, 4
  13              		.thumb
  14              		.syntax unified
  15              		.file	"I2CS_SCB_IRQ.c"
  16              		.text
  17              	.Ltext0:
  18              		.cfi_sections	.debug_frame
  19              		.section	.text.I2CS_SCB_IRQ_Interrupt,"ax",%progbits
  20              		.align	2
  21              		.global	I2CS_SCB_IRQ_Interrupt
  22              		.code	16
  23              		.thumb_func
  24              		.type	I2CS_SCB_IRQ_Interrupt, %function
  25              	I2CS_SCB_IRQ_Interrupt:
  26              	.LFB4:
  27              		.file 1 "Generated_Source\\PSoC4\\I2CS_SCB_IRQ.c"
   1:Generated_Source\PSoC4/I2CS_SCB_IRQ.c **** /*******************************************************************************
   2:Generated_Source\PSoC4/I2CS_SCB_IRQ.c **** * File Name: I2CS_SCB_IRQ.c  
   3:Generated_Source\PSoC4/I2CS_SCB_IRQ.c **** * Version 1.70
   4:Generated_Source\PSoC4/I2CS_SCB_IRQ.c **** *
   5:Generated_Source\PSoC4/I2CS_SCB_IRQ.c **** *  Description:
   6:Generated_Source\PSoC4/I2CS_SCB_IRQ.c **** *   API for controlling the state of an interrupt.
   7:Generated_Source\PSoC4/I2CS_SCB_IRQ.c **** *
   8:Generated_Source\PSoC4/I2CS_SCB_IRQ.c **** *
   9:Generated_Source\PSoC4/I2CS_SCB_IRQ.c **** *  Note:
  10:Generated_Source\PSoC4/I2CS_SCB_IRQ.c **** *
  11:Generated_Source\PSoC4/I2CS_SCB_IRQ.c **** ********************************************************************************
  12:Generated_Source\PSoC4/I2CS_SCB_IRQ.c **** * Copyright 2008-2015, Cypress Semiconductor Corporation.  All rights reserved.
  13:Generated_Source\PSoC4/I2CS_SCB_IRQ.c **** * You may use this file only in accordance with the license, terms, conditions, 
  14:Generated_Source\PSoC4/I2CS_SCB_IRQ.c **** * disclaimers, and limitations in the end user license agreement accompanying 
  15:Generated_Source\PSoC4/I2CS_SCB_IRQ.c **** * the software package with which this file was provided.
  16:Generated_Source\PSoC4/I2CS_SCB_IRQ.c **** *******************************************************************************/
  17:Generated_Source\PSoC4/I2CS_SCB_IRQ.c **** 
  18:Generated_Source\PSoC4/I2CS_SCB_IRQ.c **** 
  19:Generated_Source\PSoC4/I2CS_SCB_IRQ.c **** #include <cydevice_trm.h>
  20:Generated_Source\PSoC4/I2CS_SCB_IRQ.c **** #include <CyLib.h>
  21:Generated_Source\PSoC4/I2CS_SCB_IRQ.c **** #include <I2CS_SCB_IRQ.h>
  22:Generated_Source\PSoC4/I2CS_SCB_IRQ.c **** #include "cyapicallbacks.h"
  23:Generated_Source\PSoC4/I2CS_SCB_IRQ.c **** 
  24:Generated_Source\PSoC4/I2CS_SCB_IRQ.c **** #if !defined(I2CS_SCB_IRQ__REMOVED) /* Check for removal by optimization */
  25:Generated_Source\PSoC4/I2CS_SCB_IRQ.c **** 
  26:Generated_Source\PSoC4/I2CS_SCB_IRQ.c **** /*******************************************************************************
  27:Generated_Source\PSoC4/I2CS_SCB_IRQ.c **** *  Place your includes, defines and code here 
  28:Generated_Source\PSoC4/I2CS_SCB_IRQ.c **** ********************************************************************************/
  29:Generated_Source\PSoC4/I2CS_SCB_IRQ.c **** /* `#START I2CS_SCB_IRQ_intc` */
  30:Generated_Source\PSoC4/I2CS_SCB_IRQ.c **** 
ARM GAS  C:\Users\DGILLI~1\AppData\Local\Temp\ccux36g3.s 			page 2


  31:Generated_Source\PSoC4/I2CS_SCB_IRQ.c **** /* `#END` */
  32:Generated_Source\PSoC4/I2CS_SCB_IRQ.c **** 
  33:Generated_Source\PSoC4/I2CS_SCB_IRQ.c **** extern cyisraddress CyRamVectors[CYINT_IRQ_BASE + CY_NUM_INTERRUPTS];
  34:Generated_Source\PSoC4/I2CS_SCB_IRQ.c **** 
  35:Generated_Source\PSoC4/I2CS_SCB_IRQ.c **** /* Declared in startup, used to set unused interrupts to. */
  36:Generated_Source\PSoC4/I2CS_SCB_IRQ.c **** CY_ISR_PROTO(IntDefaultHandler);
  37:Generated_Source\PSoC4/I2CS_SCB_IRQ.c **** 
  38:Generated_Source\PSoC4/I2CS_SCB_IRQ.c **** 
  39:Generated_Source\PSoC4/I2CS_SCB_IRQ.c **** /*******************************************************************************
  40:Generated_Source\PSoC4/I2CS_SCB_IRQ.c **** * Function Name: I2CS_SCB_IRQ_Start
  41:Generated_Source\PSoC4/I2CS_SCB_IRQ.c **** ********************************************************************************
  42:Generated_Source\PSoC4/I2CS_SCB_IRQ.c **** *
  43:Generated_Source\PSoC4/I2CS_SCB_IRQ.c **** * Summary:
  44:Generated_Source\PSoC4/I2CS_SCB_IRQ.c **** *  Set up the interrupt and enable it. This function disables the interrupt, 
  45:Generated_Source\PSoC4/I2CS_SCB_IRQ.c **** *  sets the default interrupt vector, sets the priority from the value in the
  46:Generated_Source\PSoC4/I2CS_SCB_IRQ.c **** *  Design Wide Resources Interrupt Editor, then enables the interrupt to the 
  47:Generated_Source\PSoC4/I2CS_SCB_IRQ.c **** *  interrupt controller.
  48:Generated_Source\PSoC4/I2CS_SCB_IRQ.c **** *
  49:Generated_Source\PSoC4/I2CS_SCB_IRQ.c **** * Parameters:  
  50:Generated_Source\PSoC4/I2CS_SCB_IRQ.c **** *   None
  51:Generated_Source\PSoC4/I2CS_SCB_IRQ.c **** *
  52:Generated_Source\PSoC4/I2CS_SCB_IRQ.c **** * Return:
  53:Generated_Source\PSoC4/I2CS_SCB_IRQ.c **** *   None
  54:Generated_Source\PSoC4/I2CS_SCB_IRQ.c **** *
  55:Generated_Source\PSoC4/I2CS_SCB_IRQ.c **** *******************************************************************************/
  56:Generated_Source\PSoC4/I2CS_SCB_IRQ.c **** void I2CS_SCB_IRQ_Start(void)
  57:Generated_Source\PSoC4/I2CS_SCB_IRQ.c **** {
  58:Generated_Source\PSoC4/I2CS_SCB_IRQ.c ****     /* For all we know the interrupt is active. */
  59:Generated_Source\PSoC4/I2CS_SCB_IRQ.c ****     I2CS_SCB_IRQ_Disable();
  60:Generated_Source\PSoC4/I2CS_SCB_IRQ.c **** 
  61:Generated_Source\PSoC4/I2CS_SCB_IRQ.c ****     /* Set the ISR to point to the I2CS_SCB_IRQ Interrupt. */
  62:Generated_Source\PSoC4/I2CS_SCB_IRQ.c ****     I2CS_SCB_IRQ_SetVector(&I2CS_SCB_IRQ_Interrupt);
  63:Generated_Source\PSoC4/I2CS_SCB_IRQ.c **** 
  64:Generated_Source\PSoC4/I2CS_SCB_IRQ.c ****     /* Set the priority. */
  65:Generated_Source\PSoC4/I2CS_SCB_IRQ.c ****     I2CS_SCB_IRQ_SetPriority((uint8)I2CS_SCB_IRQ_INTC_PRIOR_NUMBER);
  66:Generated_Source\PSoC4/I2CS_SCB_IRQ.c **** 
  67:Generated_Source\PSoC4/I2CS_SCB_IRQ.c ****     /* Enable it. */
  68:Generated_Source\PSoC4/I2CS_SCB_IRQ.c ****     I2CS_SCB_IRQ_Enable();
  69:Generated_Source\PSoC4/I2CS_SCB_IRQ.c **** }
  70:Generated_Source\PSoC4/I2CS_SCB_IRQ.c **** 
  71:Generated_Source\PSoC4/I2CS_SCB_IRQ.c **** 
  72:Generated_Source\PSoC4/I2CS_SCB_IRQ.c **** /*******************************************************************************
  73:Generated_Source\PSoC4/I2CS_SCB_IRQ.c **** * Function Name: I2CS_SCB_IRQ_StartEx
  74:Generated_Source\PSoC4/I2CS_SCB_IRQ.c **** ********************************************************************************
  75:Generated_Source\PSoC4/I2CS_SCB_IRQ.c **** *
  76:Generated_Source\PSoC4/I2CS_SCB_IRQ.c **** * Summary:
  77:Generated_Source\PSoC4/I2CS_SCB_IRQ.c **** *  Sets up the interrupt and enables it. This function disables the interrupt,
  78:Generated_Source\PSoC4/I2CS_SCB_IRQ.c **** *  sets the interrupt vector based on the address passed in, sets the priority 
  79:Generated_Source\PSoC4/I2CS_SCB_IRQ.c **** *  from the value in the Design Wide Resources Interrupt Editor, then enables 
  80:Generated_Source\PSoC4/I2CS_SCB_IRQ.c **** *  the interrupt to the interrupt controller.
  81:Generated_Source\PSoC4/I2CS_SCB_IRQ.c **** *  
  82:Generated_Source\PSoC4/I2CS_SCB_IRQ.c **** *  When defining ISR functions, the CY_ISR and CY_ISR_PROTO macros should be 
  83:Generated_Source\PSoC4/I2CS_SCB_IRQ.c **** *  used to provide consistent definition across compilers:
  84:Generated_Source\PSoC4/I2CS_SCB_IRQ.c **** *  
  85:Generated_Source\PSoC4/I2CS_SCB_IRQ.c **** *  Function definition example:
  86:Generated_Source\PSoC4/I2CS_SCB_IRQ.c **** *   CY_ISR(MyISR)
  87:Generated_Source\PSoC4/I2CS_SCB_IRQ.c **** *   {
ARM GAS  C:\Users\DGILLI~1\AppData\Local\Temp\ccux36g3.s 			page 3


  88:Generated_Source\PSoC4/I2CS_SCB_IRQ.c **** *   }
  89:Generated_Source\PSoC4/I2CS_SCB_IRQ.c **** *   Function prototype example:
  90:Generated_Source\PSoC4/I2CS_SCB_IRQ.c **** *   CY_ISR_PROTO(MyISR);
  91:Generated_Source\PSoC4/I2CS_SCB_IRQ.c **** *
  92:Generated_Source\PSoC4/I2CS_SCB_IRQ.c **** * Parameters:  
  93:Generated_Source\PSoC4/I2CS_SCB_IRQ.c **** *   address: Address of the ISR to set in the interrupt vector table.
  94:Generated_Source\PSoC4/I2CS_SCB_IRQ.c **** *
  95:Generated_Source\PSoC4/I2CS_SCB_IRQ.c **** * Return:
  96:Generated_Source\PSoC4/I2CS_SCB_IRQ.c **** *   None
  97:Generated_Source\PSoC4/I2CS_SCB_IRQ.c **** *
  98:Generated_Source\PSoC4/I2CS_SCB_IRQ.c **** *******************************************************************************/
  99:Generated_Source\PSoC4/I2CS_SCB_IRQ.c **** void I2CS_SCB_IRQ_StartEx(cyisraddress address)
 100:Generated_Source\PSoC4/I2CS_SCB_IRQ.c **** {
 101:Generated_Source\PSoC4/I2CS_SCB_IRQ.c ****     /* For all we know the interrupt is active. */
 102:Generated_Source\PSoC4/I2CS_SCB_IRQ.c ****     I2CS_SCB_IRQ_Disable();
 103:Generated_Source\PSoC4/I2CS_SCB_IRQ.c **** 
 104:Generated_Source\PSoC4/I2CS_SCB_IRQ.c ****     /* Set the ISR to point to the I2CS_SCB_IRQ Interrupt. */
 105:Generated_Source\PSoC4/I2CS_SCB_IRQ.c ****     I2CS_SCB_IRQ_SetVector(address);
 106:Generated_Source\PSoC4/I2CS_SCB_IRQ.c **** 
 107:Generated_Source\PSoC4/I2CS_SCB_IRQ.c ****     /* Set the priority. */
 108:Generated_Source\PSoC4/I2CS_SCB_IRQ.c ****     I2CS_SCB_IRQ_SetPriority((uint8)I2CS_SCB_IRQ_INTC_PRIOR_NUMBER);
 109:Generated_Source\PSoC4/I2CS_SCB_IRQ.c **** 
 110:Generated_Source\PSoC4/I2CS_SCB_IRQ.c ****     /* Enable it. */
 111:Generated_Source\PSoC4/I2CS_SCB_IRQ.c ****     I2CS_SCB_IRQ_Enable();
 112:Generated_Source\PSoC4/I2CS_SCB_IRQ.c **** }
 113:Generated_Source\PSoC4/I2CS_SCB_IRQ.c **** 
 114:Generated_Source\PSoC4/I2CS_SCB_IRQ.c **** 
 115:Generated_Source\PSoC4/I2CS_SCB_IRQ.c **** /*******************************************************************************
 116:Generated_Source\PSoC4/I2CS_SCB_IRQ.c **** * Function Name: I2CS_SCB_IRQ_Stop
 117:Generated_Source\PSoC4/I2CS_SCB_IRQ.c **** ********************************************************************************
 118:Generated_Source\PSoC4/I2CS_SCB_IRQ.c **** *
 119:Generated_Source\PSoC4/I2CS_SCB_IRQ.c **** * Summary:
 120:Generated_Source\PSoC4/I2CS_SCB_IRQ.c **** *   Disables and removes the interrupt.
 121:Generated_Source\PSoC4/I2CS_SCB_IRQ.c **** *
 122:Generated_Source\PSoC4/I2CS_SCB_IRQ.c **** * Parameters:  
 123:Generated_Source\PSoC4/I2CS_SCB_IRQ.c **** *   None
 124:Generated_Source\PSoC4/I2CS_SCB_IRQ.c **** *
 125:Generated_Source\PSoC4/I2CS_SCB_IRQ.c **** * Return:
 126:Generated_Source\PSoC4/I2CS_SCB_IRQ.c **** *   None
 127:Generated_Source\PSoC4/I2CS_SCB_IRQ.c **** *
 128:Generated_Source\PSoC4/I2CS_SCB_IRQ.c **** *******************************************************************************/
 129:Generated_Source\PSoC4/I2CS_SCB_IRQ.c **** void I2CS_SCB_IRQ_Stop(void)
 130:Generated_Source\PSoC4/I2CS_SCB_IRQ.c **** {
 131:Generated_Source\PSoC4/I2CS_SCB_IRQ.c ****     /* Disable this interrupt. */
 132:Generated_Source\PSoC4/I2CS_SCB_IRQ.c ****     I2CS_SCB_IRQ_Disable();
 133:Generated_Source\PSoC4/I2CS_SCB_IRQ.c **** 
 134:Generated_Source\PSoC4/I2CS_SCB_IRQ.c ****     /* Set the ISR to point to the passive one. */
 135:Generated_Source\PSoC4/I2CS_SCB_IRQ.c ****     I2CS_SCB_IRQ_SetVector(&IntDefaultHandler);
 136:Generated_Source\PSoC4/I2CS_SCB_IRQ.c **** }
 137:Generated_Source\PSoC4/I2CS_SCB_IRQ.c **** 
 138:Generated_Source\PSoC4/I2CS_SCB_IRQ.c **** 
 139:Generated_Source\PSoC4/I2CS_SCB_IRQ.c **** /*******************************************************************************
 140:Generated_Source\PSoC4/I2CS_SCB_IRQ.c **** * Function Name: I2CS_SCB_IRQ_Interrupt
 141:Generated_Source\PSoC4/I2CS_SCB_IRQ.c **** ********************************************************************************
 142:Generated_Source\PSoC4/I2CS_SCB_IRQ.c **** *
 143:Generated_Source\PSoC4/I2CS_SCB_IRQ.c **** * Summary:
 144:Generated_Source\PSoC4/I2CS_SCB_IRQ.c **** *   The default Interrupt Service Routine for I2CS_SCB_IRQ.
ARM GAS  C:\Users\DGILLI~1\AppData\Local\Temp\ccux36g3.s 			page 4


 145:Generated_Source\PSoC4/I2CS_SCB_IRQ.c **** *
 146:Generated_Source\PSoC4/I2CS_SCB_IRQ.c **** *   Add custom code between the START and END comments to keep the next version
 147:Generated_Source\PSoC4/I2CS_SCB_IRQ.c **** *   of this file from over-writing your code.
 148:Generated_Source\PSoC4/I2CS_SCB_IRQ.c **** *
 149:Generated_Source\PSoC4/I2CS_SCB_IRQ.c **** *   Note You may use either the default ISR by using this API, or you may define
 150:Generated_Source\PSoC4/I2CS_SCB_IRQ.c **** *   your own separate ISR through ISR_StartEx().
 151:Generated_Source\PSoC4/I2CS_SCB_IRQ.c **** *
 152:Generated_Source\PSoC4/I2CS_SCB_IRQ.c **** * Parameters:  
 153:Generated_Source\PSoC4/I2CS_SCB_IRQ.c **** *   None
 154:Generated_Source\PSoC4/I2CS_SCB_IRQ.c **** *
 155:Generated_Source\PSoC4/I2CS_SCB_IRQ.c **** * Return:
 156:Generated_Source\PSoC4/I2CS_SCB_IRQ.c **** *   None
 157:Generated_Source\PSoC4/I2CS_SCB_IRQ.c **** *
 158:Generated_Source\PSoC4/I2CS_SCB_IRQ.c **** *******************************************************************************/
 159:Generated_Source\PSoC4/I2CS_SCB_IRQ.c **** CY_ISR(I2CS_SCB_IRQ_Interrupt)
 160:Generated_Source\PSoC4/I2CS_SCB_IRQ.c **** {
  28              		.loc 1 160 0
  29              		.cfi_startproc
  30              		@ args = 0, pretend = 0, frame = 0
  31              		@ frame_needed = 0, uses_anonymous_args = 0
  32              		@ link register save eliminated.
 161:Generated_Source\PSoC4/I2CS_SCB_IRQ.c ****     #ifdef I2CS_SCB_IRQ_INTERRUPT_INTERRUPT_CALLBACK
 162:Generated_Source\PSoC4/I2CS_SCB_IRQ.c ****         I2CS_SCB_IRQ_Interrupt_InterruptCallback();
 163:Generated_Source\PSoC4/I2CS_SCB_IRQ.c ****     #endif /* I2CS_SCB_IRQ_INTERRUPT_INTERRUPT_CALLBACK */ 
 164:Generated_Source\PSoC4/I2CS_SCB_IRQ.c **** 
 165:Generated_Source\PSoC4/I2CS_SCB_IRQ.c ****     /*  Place your Interrupt code here. */
 166:Generated_Source\PSoC4/I2CS_SCB_IRQ.c ****     /* `#START I2CS_SCB_IRQ_Interrupt` */
 167:Generated_Source\PSoC4/I2CS_SCB_IRQ.c **** 
 168:Generated_Source\PSoC4/I2CS_SCB_IRQ.c ****     /* `#END` */
 169:Generated_Source\PSoC4/I2CS_SCB_IRQ.c **** }
  33              		.loc 1 169 0
  34              		@ sp needed
  35 0000 7047     		bx	lr
  36              		.cfi_endproc
  37              	.LFE4:
  38              		.size	I2CS_SCB_IRQ_Interrupt, .-I2CS_SCB_IRQ_Interrupt
  39 0002 C046     		.section	.text.I2CS_SCB_IRQ_SetVector,"ax",%progbits
  40              		.align	2
  41              		.global	I2CS_SCB_IRQ_SetVector
  42              		.code	16
  43              		.thumb_func
  44              		.type	I2CS_SCB_IRQ_SetVector, %function
  45              	I2CS_SCB_IRQ_SetVector:
  46              	.LFB5:
 170:Generated_Source\PSoC4/I2CS_SCB_IRQ.c **** 
 171:Generated_Source\PSoC4/I2CS_SCB_IRQ.c **** 
 172:Generated_Source\PSoC4/I2CS_SCB_IRQ.c **** /*******************************************************************************
 173:Generated_Source\PSoC4/I2CS_SCB_IRQ.c **** * Function Name: I2CS_SCB_IRQ_SetVector
 174:Generated_Source\PSoC4/I2CS_SCB_IRQ.c **** ********************************************************************************
 175:Generated_Source\PSoC4/I2CS_SCB_IRQ.c **** *
 176:Generated_Source\PSoC4/I2CS_SCB_IRQ.c **** * Summary:
 177:Generated_Source\PSoC4/I2CS_SCB_IRQ.c **** *   Change the ISR vector for the Interrupt. Note calling I2CS_SCB_IRQ_Start
 178:Generated_Source\PSoC4/I2CS_SCB_IRQ.c **** *   will override any effect this method would have had. To set the vector 
 179:Generated_Source\PSoC4/I2CS_SCB_IRQ.c **** *   before the component has been started use I2CS_SCB_IRQ_StartEx instead.
 180:Generated_Source\PSoC4/I2CS_SCB_IRQ.c **** * 
 181:Generated_Source\PSoC4/I2CS_SCB_IRQ.c **** *   When defining ISR functions, the CY_ISR and CY_ISR_PROTO macros should be 
 182:Generated_Source\PSoC4/I2CS_SCB_IRQ.c **** *   used to provide consistent definition across compilers:
ARM GAS  C:\Users\DGILLI~1\AppData\Local\Temp\ccux36g3.s 			page 5


 183:Generated_Source\PSoC4/I2CS_SCB_IRQ.c **** *
 184:Generated_Source\PSoC4/I2CS_SCB_IRQ.c **** *   Function definition example:
 185:Generated_Source\PSoC4/I2CS_SCB_IRQ.c **** *   CY_ISR(MyISR)
 186:Generated_Source\PSoC4/I2CS_SCB_IRQ.c **** *   {
 187:Generated_Source\PSoC4/I2CS_SCB_IRQ.c **** *   }
 188:Generated_Source\PSoC4/I2CS_SCB_IRQ.c **** *
 189:Generated_Source\PSoC4/I2CS_SCB_IRQ.c **** *   Function prototype example:
 190:Generated_Source\PSoC4/I2CS_SCB_IRQ.c **** *     CY_ISR_PROTO(MyISR);
 191:Generated_Source\PSoC4/I2CS_SCB_IRQ.c **** *
 192:Generated_Source\PSoC4/I2CS_SCB_IRQ.c **** * Parameters:
 193:Generated_Source\PSoC4/I2CS_SCB_IRQ.c **** *   address: Address of the ISR to set in the interrupt vector table.
 194:Generated_Source\PSoC4/I2CS_SCB_IRQ.c **** *
 195:Generated_Source\PSoC4/I2CS_SCB_IRQ.c **** * Return:
 196:Generated_Source\PSoC4/I2CS_SCB_IRQ.c **** *   None
 197:Generated_Source\PSoC4/I2CS_SCB_IRQ.c **** *
 198:Generated_Source\PSoC4/I2CS_SCB_IRQ.c **** *******************************************************************************/
 199:Generated_Source\PSoC4/I2CS_SCB_IRQ.c **** void I2CS_SCB_IRQ_SetVector(cyisraddress address)
 200:Generated_Source\PSoC4/I2CS_SCB_IRQ.c **** {
  47              		.loc 1 200 0
  48              		.cfi_startproc
  49              		@ args = 0, pretend = 0, frame = 0
  50              		@ frame_needed = 0, uses_anonymous_args = 0
  51              		@ link register save eliminated.
  52              	.LVL0:
 201:Generated_Source\PSoC4/I2CS_SCB_IRQ.c ****     CyRamVectors[CYINT_IRQ_BASE + I2CS_SCB_IRQ__INTC_NUMBER] = address;
  53              		.loc 1 201 0
  54 0000 014B     		ldr	r3, .L3
  55 0002 D865     		str	r0, [r3, #92]
 202:Generated_Source\PSoC4/I2CS_SCB_IRQ.c **** }
  56              		.loc 1 202 0
  57              		@ sp needed
  58 0004 7047     		bx	lr
  59              	.L4:
  60 0006 C046     		.align	2
  61              	.L3:
  62 0008 00000000 		.word	CyRamVectors
  63              		.cfi_endproc
  64              	.LFE5:
  65              		.size	I2CS_SCB_IRQ_SetVector, .-I2CS_SCB_IRQ_SetVector
  66              		.section	.text.I2CS_SCB_IRQ_GetVector,"ax",%progbits
  67              		.align	2
  68              		.global	I2CS_SCB_IRQ_GetVector
  69              		.code	16
  70              		.thumb_func
  71              		.type	I2CS_SCB_IRQ_GetVector, %function
  72              	I2CS_SCB_IRQ_GetVector:
  73              	.LFB6:
 203:Generated_Source\PSoC4/I2CS_SCB_IRQ.c **** 
 204:Generated_Source\PSoC4/I2CS_SCB_IRQ.c **** 
 205:Generated_Source\PSoC4/I2CS_SCB_IRQ.c **** /*******************************************************************************
 206:Generated_Source\PSoC4/I2CS_SCB_IRQ.c **** * Function Name: I2CS_SCB_IRQ_GetVector
 207:Generated_Source\PSoC4/I2CS_SCB_IRQ.c **** ********************************************************************************
 208:Generated_Source\PSoC4/I2CS_SCB_IRQ.c **** *
 209:Generated_Source\PSoC4/I2CS_SCB_IRQ.c **** * Summary:
 210:Generated_Source\PSoC4/I2CS_SCB_IRQ.c **** *   Gets the "address" of the current ISR vector for the Interrupt.
 211:Generated_Source\PSoC4/I2CS_SCB_IRQ.c **** *
 212:Generated_Source\PSoC4/I2CS_SCB_IRQ.c **** * Parameters:
ARM GAS  C:\Users\DGILLI~1\AppData\Local\Temp\ccux36g3.s 			page 6


 213:Generated_Source\PSoC4/I2CS_SCB_IRQ.c **** *   None
 214:Generated_Source\PSoC4/I2CS_SCB_IRQ.c **** *
 215:Generated_Source\PSoC4/I2CS_SCB_IRQ.c **** * Return:
 216:Generated_Source\PSoC4/I2CS_SCB_IRQ.c **** *   Address of the ISR in the interrupt vector table.
 217:Generated_Source\PSoC4/I2CS_SCB_IRQ.c **** *
 218:Generated_Source\PSoC4/I2CS_SCB_IRQ.c **** *******************************************************************************/
 219:Generated_Source\PSoC4/I2CS_SCB_IRQ.c **** cyisraddress I2CS_SCB_IRQ_GetVector(void)
 220:Generated_Source\PSoC4/I2CS_SCB_IRQ.c **** {
  74              		.loc 1 220 0
  75              		.cfi_startproc
  76              		@ args = 0, pretend = 0, frame = 0
  77              		@ frame_needed = 0, uses_anonymous_args = 0
  78              		@ link register save eliminated.
 221:Generated_Source\PSoC4/I2CS_SCB_IRQ.c ****     return CyRamVectors[CYINT_IRQ_BASE + I2CS_SCB_IRQ__INTC_NUMBER];
  79              		.loc 1 221 0
  80 0000 014B     		ldr	r3, .L6
  81 0002 D86D     		ldr	r0, [r3, #92]
 222:Generated_Source\PSoC4/I2CS_SCB_IRQ.c **** }
  82              		.loc 1 222 0
  83              		@ sp needed
  84 0004 7047     		bx	lr
  85              	.L7:
  86 0006 C046     		.align	2
  87              	.L6:
  88 0008 00000000 		.word	CyRamVectors
  89              		.cfi_endproc
  90              	.LFE6:
  91              		.size	I2CS_SCB_IRQ_GetVector, .-I2CS_SCB_IRQ_GetVector
  92              		.section	.text.I2CS_SCB_IRQ_SetPriority,"ax",%progbits
  93              		.align	2
  94              		.global	I2CS_SCB_IRQ_SetPriority
  95              		.code	16
  96              		.thumb_func
  97              		.type	I2CS_SCB_IRQ_SetPriority, %function
  98              	I2CS_SCB_IRQ_SetPriority:
  99              	.LFB7:
 223:Generated_Source\PSoC4/I2CS_SCB_IRQ.c **** 
 224:Generated_Source\PSoC4/I2CS_SCB_IRQ.c **** 
 225:Generated_Source\PSoC4/I2CS_SCB_IRQ.c **** /*******************************************************************************
 226:Generated_Source\PSoC4/I2CS_SCB_IRQ.c **** * Function Name: I2CS_SCB_IRQ_SetPriority
 227:Generated_Source\PSoC4/I2CS_SCB_IRQ.c **** ********************************************************************************
 228:Generated_Source\PSoC4/I2CS_SCB_IRQ.c **** *
 229:Generated_Source\PSoC4/I2CS_SCB_IRQ.c **** * Summary:
 230:Generated_Source\PSoC4/I2CS_SCB_IRQ.c **** *   Sets the Priority of the Interrupt. 
 231:Generated_Source\PSoC4/I2CS_SCB_IRQ.c **** *
 232:Generated_Source\PSoC4/I2CS_SCB_IRQ.c **** *   Note calling I2CS_SCB_IRQ_Start or I2CS_SCB_IRQ_StartEx will 
 233:Generated_Source\PSoC4/I2CS_SCB_IRQ.c **** *   override any effect this API would have had. This API should only be called
 234:Generated_Source\PSoC4/I2CS_SCB_IRQ.c **** *   after I2CS_SCB_IRQ_Start or I2CS_SCB_IRQ_StartEx has been called. 
 235:Generated_Source\PSoC4/I2CS_SCB_IRQ.c **** *   To set the initial priority for the component, use the Design-Wide Resources
 236:Generated_Source\PSoC4/I2CS_SCB_IRQ.c **** *   Interrupt Editor.
 237:Generated_Source\PSoC4/I2CS_SCB_IRQ.c **** *
 238:Generated_Source\PSoC4/I2CS_SCB_IRQ.c **** *   Note This API has no effect on Non-maskable interrupt NMI).
 239:Generated_Source\PSoC4/I2CS_SCB_IRQ.c **** *
 240:Generated_Source\PSoC4/I2CS_SCB_IRQ.c **** * Parameters:
 241:Generated_Source\PSoC4/I2CS_SCB_IRQ.c **** *   priority: Priority of the interrupt, 0 being the highest priority
 242:Generated_Source\PSoC4/I2CS_SCB_IRQ.c **** *             PSoC 3 and PSoC 5LP: Priority is from 0 to 7.
 243:Generated_Source\PSoC4/I2CS_SCB_IRQ.c **** *             PSoC 4: Priority is from 0 to 3.
ARM GAS  C:\Users\DGILLI~1\AppData\Local\Temp\ccux36g3.s 			page 7


 244:Generated_Source\PSoC4/I2CS_SCB_IRQ.c **** *
 245:Generated_Source\PSoC4/I2CS_SCB_IRQ.c **** * Return:
 246:Generated_Source\PSoC4/I2CS_SCB_IRQ.c **** *   None
 247:Generated_Source\PSoC4/I2CS_SCB_IRQ.c **** *
 248:Generated_Source\PSoC4/I2CS_SCB_IRQ.c **** *******************************************************************************/
 249:Generated_Source\PSoC4/I2CS_SCB_IRQ.c **** void I2CS_SCB_IRQ_SetPriority(uint8 priority)
 250:Generated_Source\PSoC4/I2CS_SCB_IRQ.c **** {
 100              		.loc 1 250 0
 101              		.cfi_startproc
 102              		@ args = 0, pretend = 0, frame = 0
 103              		@ frame_needed = 0, uses_anonymous_args = 0
 104              	.LVL1:
 105 0000 10B5     		push	{r4, lr}
 106              		.cfi_def_cfa_offset 8
 107              		.cfi_offset 4, -8
 108              		.cfi_offset 14, -4
 109 0002 0400     		movs	r4, r0
 110              	.LVL2:
 251:Generated_Source\PSoC4/I2CS_SCB_IRQ.c **** 	uint8 interruptState;
 252:Generated_Source\PSoC4/I2CS_SCB_IRQ.c ****     uint32 priorityOffset = ((I2CS_SCB_IRQ__INTC_NUMBER % 4u) * 8u) + 6u;
 253:Generated_Source\PSoC4/I2CS_SCB_IRQ.c ****     
 254:Generated_Source\PSoC4/I2CS_SCB_IRQ.c **** 	interruptState = CyEnterCriticalSection();
 111              		.loc 1 254 0
 112 0004 FFF7FEFF 		bl	CyEnterCriticalSection
 113              	.LVL3:
 255:Generated_Source\PSoC4/I2CS_SCB_IRQ.c ****     *I2CS_SCB_IRQ_INTC_PRIOR = (*I2CS_SCB_IRQ_INTC_PRIOR & (uint32)(~I2CS_SCB_IRQ__INTC_PRIOR_MASK)
 114              		.loc 1 255 0
 115 0008 044A     		ldr	r2, .L9
 116 000a 1368     		ldr	r3, [r2]
 117 000c 9B00     		lsls	r3, r3, #2
 118 000e 9B08     		lsrs	r3, r3, #2
 256:Generated_Source\PSoC4/I2CS_SCB_IRQ.c ****                                     ((uint32)priority << priorityOffset);
 119              		.loc 1 256 0
 120 0010 A407     		lsls	r4, r4, #30
 255:Generated_Source\PSoC4/I2CS_SCB_IRQ.c ****     *I2CS_SCB_IRQ_INTC_PRIOR = (*I2CS_SCB_IRQ_INTC_PRIOR & (uint32)(~I2CS_SCB_IRQ__INTC_PRIOR_MASK)
 121              		.loc 1 255 0
 122 0012 1C43     		orrs	r4, r3
 123 0014 1460     		str	r4, [r2]
 257:Generated_Source\PSoC4/I2CS_SCB_IRQ.c **** 	CyExitCriticalSection(interruptState);
 124              		.loc 1 257 0
 125 0016 FFF7FEFF 		bl	CyExitCriticalSection
 126              	.LVL4:
 258:Generated_Source\PSoC4/I2CS_SCB_IRQ.c **** }
 127              		.loc 1 258 0
 128              		@ sp needed
 129 001a 10BD     		pop	{r4, pc}
 130              	.L10:
 131              		.align	2
 132              	.L9:
 133 001c 04E400E0 		.word	-536812540
 134              		.cfi_endproc
 135              	.LFE7:
 136              		.size	I2CS_SCB_IRQ_SetPriority, .-I2CS_SCB_IRQ_SetPriority
 137              		.section	.text.I2CS_SCB_IRQ_GetPriority,"ax",%progbits
 138              		.align	2
 139              		.global	I2CS_SCB_IRQ_GetPriority
 140              		.code	16
ARM GAS  C:\Users\DGILLI~1\AppData\Local\Temp\ccux36g3.s 			page 8


 141              		.thumb_func
 142              		.type	I2CS_SCB_IRQ_GetPriority, %function
 143              	I2CS_SCB_IRQ_GetPriority:
 144              	.LFB8:
 259:Generated_Source\PSoC4/I2CS_SCB_IRQ.c **** 
 260:Generated_Source\PSoC4/I2CS_SCB_IRQ.c **** 
 261:Generated_Source\PSoC4/I2CS_SCB_IRQ.c **** /*******************************************************************************
 262:Generated_Source\PSoC4/I2CS_SCB_IRQ.c **** * Function Name: I2CS_SCB_IRQ_GetPriority
 263:Generated_Source\PSoC4/I2CS_SCB_IRQ.c **** ********************************************************************************
 264:Generated_Source\PSoC4/I2CS_SCB_IRQ.c **** *
 265:Generated_Source\PSoC4/I2CS_SCB_IRQ.c **** * Summary:
 266:Generated_Source\PSoC4/I2CS_SCB_IRQ.c **** *   Gets the Priority of the Interrupt.
 267:Generated_Source\PSoC4/I2CS_SCB_IRQ.c **** *
 268:Generated_Source\PSoC4/I2CS_SCB_IRQ.c **** * Parameters:
 269:Generated_Source\PSoC4/I2CS_SCB_IRQ.c **** *   None
 270:Generated_Source\PSoC4/I2CS_SCB_IRQ.c **** *
 271:Generated_Source\PSoC4/I2CS_SCB_IRQ.c **** * Return:
 272:Generated_Source\PSoC4/I2CS_SCB_IRQ.c **** *   Priority of the interrupt, 0 being the highest priority
 273:Generated_Source\PSoC4/I2CS_SCB_IRQ.c **** *    PSoC 3 and PSoC 5LP: Priority is from 0 to 7.
 274:Generated_Source\PSoC4/I2CS_SCB_IRQ.c **** *    PSoC 4: Priority is from 0 to 3.
 275:Generated_Source\PSoC4/I2CS_SCB_IRQ.c **** *
 276:Generated_Source\PSoC4/I2CS_SCB_IRQ.c **** *******************************************************************************/
 277:Generated_Source\PSoC4/I2CS_SCB_IRQ.c **** uint8 I2CS_SCB_IRQ_GetPriority(void)
 278:Generated_Source\PSoC4/I2CS_SCB_IRQ.c **** {
 145              		.loc 1 278 0
 146              		.cfi_startproc
 147              		@ args = 0, pretend = 0, frame = 0
 148              		@ frame_needed = 0, uses_anonymous_args = 0
 149              		@ link register save eliminated.
 150              	.LVL5:
 279:Generated_Source\PSoC4/I2CS_SCB_IRQ.c ****     uint32 priority;
 280:Generated_Source\PSoC4/I2CS_SCB_IRQ.c **** 	uint32 priorityOffset = ((I2CS_SCB_IRQ__INTC_NUMBER % 4u) * 8u) + 6u;
 281:Generated_Source\PSoC4/I2CS_SCB_IRQ.c **** 
 282:Generated_Source\PSoC4/I2CS_SCB_IRQ.c ****     priority = (*I2CS_SCB_IRQ_INTC_PRIOR & I2CS_SCB_IRQ__INTC_PRIOR_MASK) >> priorityOffset;
 151              		.loc 1 282 0
 152 0000 014B     		ldr	r3, .L12
 153 0002 1868     		ldr	r0, [r3]
 154              	.LVL6:
 283:Generated_Source\PSoC4/I2CS_SCB_IRQ.c **** 
 284:Generated_Source\PSoC4/I2CS_SCB_IRQ.c ****     return (uint8)priority;
 155              		.loc 1 284 0
 156 0004 800F     		lsrs	r0, r0, #30
 157              	.LVL7:
 285:Generated_Source\PSoC4/I2CS_SCB_IRQ.c **** }
 158              		.loc 1 285 0
 159              		@ sp needed
 160 0006 7047     		bx	lr
 161              	.L13:
 162              		.align	2
 163              	.L12:
 164 0008 04E400E0 		.word	-536812540
 165              		.cfi_endproc
 166              	.LFE8:
 167              		.size	I2CS_SCB_IRQ_GetPriority, .-I2CS_SCB_IRQ_GetPriority
 168              		.section	.text.I2CS_SCB_IRQ_Enable,"ax",%progbits
 169              		.align	2
 170              		.global	I2CS_SCB_IRQ_Enable
ARM GAS  C:\Users\DGILLI~1\AppData\Local\Temp\ccux36g3.s 			page 9


 171              		.code	16
 172              		.thumb_func
 173              		.type	I2CS_SCB_IRQ_Enable, %function
 174              	I2CS_SCB_IRQ_Enable:
 175              	.LFB9:
 286:Generated_Source\PSoC4/I2CS_SCB_IRQ.c **** 
 287:Generated_Source\PSoC4/I2CS_SCB_IRQ.c **** 
 288:Generated_Source\PSoC4/I2CS_SCB_IRQ.c **** /*******************************************************************************
 289:Generated_Source\PSoC4/I2CS_SCB_IRQ.c **** * Function Name: I2CS_SCB_IRQ_Enable
 290:Generated_Source\PSoC4/I2CS_SCB_IRQ.c **** ********************************************************************************
 291:Generated_Source\PSoC4/I2CS_SCB_IRQ.c **** *
 292:Generated_Source\PSoC4/I2CS_SCB_IRQ.c **** * Summary:
 293:Generated_Source\PSoC4/I2CS_SCB_IRQ.c **** *   Enables the interrupt to the interrupt controller. Do not call this function
 294:Generated_Source\PSoC4/I2CS_SCB_IRQ.c **** *   unless ISR_Start() has been called or the functionality of the ISR_Start() 
 295:Generated_Source\PSoC4/I2CS_SCB_IRQ.c **** *   function, which sets the vector and the priority, has been called.
 296:Generated_Source\PSoC4/I2CS_SCB_IRQ.c **** *
 297:Generated_Source\PSoC4/I2CS_SCB_IRQ.c **** * Parameters:
 298:Generated_Source\PSoC4/I2CS_SCB_IRQ.c **** *   None
 299:Generated_Source\PSoC4/I2CS_SCB_IRQ.c **** *
 300:Generated_Source\PSoC4/I2CS_SCB_IRQ.c **** * Return:
 301:Generated_Source\PSoC4/I2CS_SCB_IRQ.c **** *   None
 302:Generated_Source\PSoC4/I2CS_SCB_IRQ.c **** *
 303:Generated_Source\PSoC4/I2CS_SCB_IRQ.c **** *******************************************************************************/
 304:Generated_Source\PSoC4/I2CS_SCB_IRQ.c **** void I2CS_SCB_IRQ_Enable(void)
 305:Generated_Source\PSoC4/I2CS_SCB_IRQ.c **** {
 176              		.loc 1 305 0
 177              		.cfi_startproc
 178              		@ args = 0, pretend = 0, frame = 0
 179              		@ frame_needed = 0, uses_anonymous_args = 0
 180              		@ link register save eliminated.
 306:Generated_Source\PSoC4/I2CS_SCB_IRQ.c ****     /* Enable the general interrupt. */
 307:Generated_Source\PSoC4/I2CS_SCB_IRQ.c ****     *I2CS_SCB_IRQ_INTC_SET_EN = I2CS_SCB_IRQ__INTC_MASK;
 181              		.loc 1 307 0
 182 0000 8022     		movs	r2, #128
 183 0002 014B     		ldr	r3, .L15
 184 0004 1A60     		str	r2, [r3]
 308:Generated_Source\PSoC4/I2CS_SCB_IRQ.c **** }
 185              		.loc 1 308 0
 186              		@ sp needed
 187 0006 7047     		bx	lr
 188              	.L16:
 189              		.align	2
 190              	.L15:
 191 0008 00E100E0 		.word	-536813312
 192              		.cfi_endproc
 193              	.LFE9:
 194              		.size	I2CS_SCB_IRQ_Enable, .-I2CS_SCB_IRQ_Enable
 195              		.section	.text.I2CS_SCB_IRQ_GetState,"ax",%progbits
 196              		.align	2
 197              		.global	I2CS_SCB_IRQ_GetState
 198              		.code	16
 199              		.thumb_func
 200              		.type	I2CS_SCB_IRQ_GetState, %function
 201              	I2CS_SCB_IRQ_GetState:
 202              	.LFB10:
 309:Generated_Source\PSoC4/I2CS_SCB_IRQ.c **** 
 310:Generated_Source\PSoC4/I2CS_SCB_IRQ.c **** 
ARM GAS  C:\Users\DGILLI~1\AppData\Local\Temp\ccux36g3.s 			page 10


 311:Generated_Source\PSoC4/I2CS_SCB_IRQ.c **** /*******************************************************************************
 312:Generated_Source\PSoC4/I2CS_SCB_IRQ.c **** * Function Name: I2CS_SCB_IRQ_GetState
 313:Generated_Source\PSoC4/I2CS_SCB_IRQ.c **** ********************************************************************************
 314:Generated_Source\PSoC4/I2CS_SCB_IRQ.c **** *
 315:Generated_Source\PSoC4/I2CS_SCB_IRQ.c **** * Summary:
 316:Generated_Source\PSoC4/I2CS_SCB_IRQ.c **** *   Gets the state (enabled, disabled) of the Interrupt.
 317:Generated_Source\PSoC4/I2CS_SCB_IRQ.c **** *
 318:Generated_Source\PSoC4/I2CS_SCB_IRQ.c **** * Parameters:
 319:Generated_Source\PSoC4/I2CS_SCB_IRQ.c **** *   None
 320:Generated_Source\PSoC4/I2CS_SCB_IRQ.c **** *
 321:Generated_Source\PSoC4/I2CS_SCB_IRQ.c **** * Return:
 322:Generated_Source\PSoC4/I2CS_SCB_IRQ.c **** *   1 if enabled, 0 if disabled.
 323:Generated_Source\PSoC4/I2CS_SCB_IRQ.c **** *
 324:Generated_Source\PSoC4/I2CS_SCB_IRQ.c **** *******************************************************************************/
 325:Generated_Source\PSoC4/I2CS_SCB_IRQ.c **** uint8 I2CS_SCB_IRQ_GetState(void)
 326:Generated_Source\PSoC4/I2CS_SCB_IRQ.c **** {
 203              		.loc 1 326 0
 204              		.cfi_startproc
 205              		@ args = 0, pretend = 0, frame = 0
 206              		@ frame_needed = 0, uses_anonymous_args = 0
 207              		@ link register save eliminated.
 327:Generated_Source\PSoC4/I2CS_SCB_IRQ.c ****     /* Get the state of the general interrupt. */
 328:Generated_Source\PSoC4/I2CS_SCB_IRQ.c ****     return ((*I2CS_SCB_IRQ_INTC_SET_EN & (uint32)I2CS_SCB_IRQ__INTC_MASK) != 0u) ? 1u:0u;
 208              		.loc 1 328 0
 209 0000 034B     		ldr	r3, .L20
 210 0002 1B68     		ldr	r3, [r3]
 211 0004 1B06     		lsls	r3, r3, #24
 212 0006 01D5     		bpl	.L19
 213 0008 0120     		movs	r0, #1
 214 000a 00E0     		b	.L18
 215              	.L19:
 216 000c 0020     		movs	r0, #0
 217              	.L18:
 329:Generated_Source\PSoC4/I2CS_SCB_IRQ.c **** }
 218              		.loc 1 329 0 discriminator 4
 219              		@ sp needed
 220 000e 7047     		bx	lr
 221              	.L21:
 222              		.align	2
 223              	.L20:
 224 0010 00E100E0 		.word	-536813312
 225              		.cfi_endproc
 226              	.LFE10:
 227              		.size	I2CS_SCB_IRQ_GetState, .-I2CS_SCB_IRQ_GetState
 228              		.section	.text.I2CS_SCB_IRQ_Disable,"ax",%progbits
 229              		.align	2
 230              		.global	I2CS_SCB_IRQ_Disable
 231              		.code	16
 232              		.thumb_func
 233              		.type	I2CS_SCB_IRQ_Disable, %function
 234              	I2CS_SCB_IRQ_Disable:
 235              	.LFB11:
 330:Generated_Source\PSoC4/I2CS_SCB_IRQ.c **** 
 331:Generated_Source\PSoC4/I2CS_SCB_IRQ.c **** 
 332:Generated_Source\PSoC4/I2CS_SCB_IRQ.c **** /*******************************************************************************
 333:Generated_Source\PSoC4/I2CS_SCB_IRQ.c **** * Function Name: I2CS_SCB_IRQ_Disable
 334:Generated_Source\PSoC4/I2CS_SCB_IRQ.c **** ********************************************************************************
ARM GAS  C:\Users\DGILLI~1\AppData\Local\Temp\ccux36g3.s 			page 11


 335:Generated_Source\PSoC4/I2CS_SCB_IRQ.c **** *
 336:Generated_Source\PSoC4/I2CS_SCB_IRQ.c **** * Summary:
 337:Generated_Source\PSoC4/I2CS_SCB_IRQ.c **** *   Disables the Interrupt in the interrupt controller.
 338:Generated_Source\PSoC4/I2CS_SCB_IRQ.c **** *
 339:Generated_Source\PSoC4/I2CS_SCB_IRQ.c **** * Parameters:
 340:Generated_Source\PSoC4/I2CS_SCB_IRQ.c **** *   None
 341:Generated_Source\PSoC4/I2CS_SCB_IRQ.c **** *
 342:Generated_Source\PSoC4/I2CS_SCB_IRQ.c **** * Return:
 343:Generated_Source\PSoC4/I2CS_SCB_IRQ.c **** *   None
 344:Generated_Source\PSoC4/I2CS_SCB_IRQ.c **** *
 345:Generated_Source\PSoC4/I2CS_SCB_IRQ.c **** *******************************************************************************/
 346:Generated_Source\PSoC4/I2CS_SCB_IRQ.c **** void I2CS_SCB_IRQ_Disable(void)
 347:Generated_Source\PSoC4/I2CS_SCB_IRQ.c **** {
 236              		.loc 1 347 0
 237              		.cfi_startproc
 238              		@ args = 0, pretend = 0, frame = 0
 239              		@ frame_needed = 0, uses_anonymous_args = 0
 240              		@ link register save eliminated.
 348:Generated_Source\PSoC4/I2CS_SCB_IRQ.c ****     /* Disable the general interrupt. */
 349:Generated_Source\PSoC4/I2CS_SCB_IRQ.c ****     *I2CS_SCB_IRQ_INTC_CLR_EN = I2CS_SCB_IRQ__INTC_MASK;
 241              		.loc 1 349 0
 242 0000 8022     		movs	r2, #128
 243 0002 014B     		ldr	r3, .L23
 244 0004 1A60     		str	r2, [r3]
 350:Generated_Source\PSoC4/I2CS_SCB_IRQ.c **** }
 245              		.loc 1 350 0
 246              		@ sp needed
 247 0006 7047     		bx	lr
 248              	.L24:
 249              		.align	2
 250              	.L23:
 251 0008 80E100E0 		.word	-536813184
 252              		.cfi_endproc
 253              	.LFE11:
 254              		.size	I2CS_SCB_IRQ_Disable, .-I2CS_SCB_IRQ_Disable
 255              		.section	.text.I2CS_SCB_IRQ_Start,"ax",%progbits
 256              		.align	2
 257              		.global	I2CS_SCB_IRQ_Start
 258              		.code	16
 259              		.thumb_func
 260              		.type	I2CS_SCB_IRQ_Start, %function
 261              	I2CS_SCB_IRQ_Start:
 262              	.LFB1:
  57:Generated_Source\PSoC4/I2CS_SCB_IRQ.c ****     /* For all we know the interrupt is active. */
 263              		.loc 1 57 0
 264              		.cfi_startproc
 265              		@ args = 0, pretend = 0, frame = 0
 266              		@ frame_needed = 0, uses_anonymous_args = 0
 267 0000 10B5     		push	{r4, lr}
 268              		.cfi_def_cfa_offset 8
 269              		.cfi_offset 4, -8
 270              		.cfi_offset 14, -4
  59:Generated_Source\PSoC4/I2CS_SCB_IRQ.c **** 
 271              		.loc 1 59 0
 272 0002 FFF7FEFF 		bl	I2CS_SCB_IRQ_Disable
 273              	.LVL8:
  62:Generated_Source\PSoC4/I2CS_SCB_IRQ.c **** 
ARM GAS  C:\Users\DGILLI~1\AppData\Local\Temp\ccux36g3.s 			page 12


 274              		.loc 1 62 0
 275 0006 0448     		ldr	r0, .L26
 276 0008 FFF7FEFF 		bl	I2CS_SCB_IRQ_SetVector
 277              	.LVL9:
  65:Generated_Source\PSoC4/I2CS_SCB_IRQ.c **** 
 278              		.loc 1 65 0
 279 000c 0320     		movs	r0, #3
 280 000e FFF7FEFF 		bl	I2CS_SCB_IRQ_SetPriority
 281              	.LVL10:
  68:Generated_Source\PSoC4/I2CS_SCB_IRQ.c **** }
 282              		.loc 1 68 0
 283 0012 FFF7FEFF 		bl	I2CS_SCB_IRQ_Enable
 284              	.LVL11:
  69:Generated_Source\PSoC4/I2CS_SCB_IRQ.c **** 
 285              		.loc 1 69 0
 286              		@ sp needed
 287 0016 10BD     		pop	{r4, pc}
 288              	.L27:
 289              		.align	2
 290              	.L26:
 291 0018 00000000 		.word	I2CS_SCB_IRQ_Interrupt
 292              		.cfi_endproc
 293              	.LFE1:
 294              		.size	I2CS_SCB_IRQ_Start, .-I2CS_SCB_IRQ_Start
 295              		.section	.text.I2CS_SCB_IRQ_StartEx,"ax",%progbits
 296              		.align	2
 297              		.global	I2CS_SCB_IRQ_StartEx
 298              		.code	16
 299              		.thumb_func
 300              		.type	I2CS_SCB_IRQ_StartEx, %function
 301              	I2CS_SCB_IRQ_StartEx:
 302              	.LFB2:
 100:Generated_Source\PSoC4/I2CS_SCB_IRQ.c ****     /* For all we know the interrupt is active. */
 303              		.loc 1 100 0
 304              		.cfi_startproc
 305              		@ args = 0, pretend = 0, frame = 0
 306              		@ frame_needed = 0, uses_anonymous_args = 0
 307              	.LVL12:
 308 0000 10B5     		push	{r4, lr}
 309              		.cfi_def_cfa_offset 8
 310              		.cfi_offset 4, -8
 311              		.cfi_offset 14, -4
 312 0002 0400     		movs	r4, r0
 102:Generated_Source\PSoC4/I2CS_SCB_IRQ.c **** 
 313              		.loc 1 102 0
 314 0004 FFF7FEFF 		bl	I2CS_SCB_IRQ_Disable
 315              	.LVL13:
 105:Generated_Source\PSoC4/I2CS_SCB_IRQ.c **** 
 316              		.loc 1 105 0
 317 0008 2000     		movs	r0, r4
 318 000a FFF7FEFF 		bl	I2CS_SCB_IRQ_SetVector
 319              	.LVL14:
 108:Generated_Source\PSoC4/I2CS_SCB_IRQ.c **** 
 320              		.loc 1 108 0
 321 000e 0320     		movs	r0, #3
 322 0010 FFF7FEFF 		bl	I2CS_SCB_IRQ_SetPriority
 323              	.LVL15:
ARM GAS  C:\Users\DGILLI~1\AppData\Local\Temp\ccux36g3.s 			page 13


 111:Generated_Source\PSoC4/I2CS_SCB_IRQ.c **** }
 324              		.loc 1 111 0
 325 0014 FFF7FEFF 		bl	I2CS_SCB_IRQ_Enable
 326              	.LVL16:
 112:Generated_Source\PSoC4/I2CS_SCB_IRQ.c **** 
 327              		.loc 1 112 0
 328              		@ sp needed
 329              	.LVL17:
 330 0018 10BD     		pop	{r4, pc}
 331              		.cfi_endproc
 332              	.LFE2:
 333              		.size	I2CS_SCB_IRQ_StartEx, .-I2CS_SCB_IRQ_StartEx
 334 001a C046     		.section	.text.I2CS_SCB_IRQ_Stop,"ax",%progbits
 335              		.align	2
 336              		.global	I2CS_SCB_IRQ_Stop
 337              		.code	16
 338              		.thumb_func
 339              		.type	I2CS_SCB_IRQ_Stop, %function
 340              	I2CS_SCB_IRQ_Stop:
 341              	.LFB3:
 130:Generated_Source\PSoC4/I2CS_SCB_IRQ.c ****     /* Disable this interrupt. */
 342              		.loc 1 130 0
 343              		.cfi_startproc
 344              		@ args = 0, pretend = 0, frame = 0
 345              		@ frame_needed = 0, uses_anonymous_args = 0
 346 0000 10B5     		push	{r4, lr}
 347              		.cfi_def_cfa_offset 8
 348              		.cfi_offset 4, -8
 349              		.cfi_offset 14, -4
 132:Generated_Source\PSoC4/I2CS_SCB_IRQ.c **** 
 350              		.loc 1 132 0
 351 0002 FFF7FEFF 		bl	I2CS_SCB_IRQ_Disable
 352              	.LVL18:
 135:Generated_Source\PSoC4/I2CS_SCB_IRQ.c **** }
 353              		.loc 1 135 0
 354 0006 0248     		ldr	r0, .L30
 355 0008 FFF7FEFF 		bl	I2CS_SCB_IRQ_SetVector
 356              	.LVL19:
 136:Generated_Source\PSoC4/I2CS_SCB_IRQ.c **** 
 357              		.loc 1 136 0
 358              		@ sp needed
 359 000c 10BD     		pop	{r4, pc}
 360              	.L31:
 361 000e C046     		.align	2
 362              	.L30:
 363 0010 00000000 		.word	IntDefaultHandler
 364              		.cfi_endproc
 365              	.LFE3:
 366              		.size	I2CS_SCB_IRQ_Stop, .-I2CS_SCB_IRQ_Stop
 367              		.section	.text.I2CS_SCB_IRQ_SetPending,"ax",%progbits
 368              		.align	2
 369              		.global	I2CS_SCB_IRQ_SetPending
 370              		.code	16
 371              		.thumb_func
 372              		.type	I2CS_SCB_IRQ_SetPending, %function
 373              	I2CS_SCB_IRQ_SetPending:
 374              	.LFB12:
ARM GAS  C:\Users\DGILLI~1\AppData\Local\Temp\ccux36g3.s 			page 14


 351:Generated_Source\PSoC4/I2CS_SCB_IRQ.c **** 
 352:Generated_Source\PSoC4/I2CS_SCB_IRQ.c **** 
 353:Generated_Source\PSoC4/I2CS_SCB_IRQ.c **** /*******************************************************************************
 354:Generated_Source\PSoC4/I2CS_SCB_IRQ.c **** * Function Name: I2CS_SCB_IRQ_SetPending
 355:Generated_Source\PSoC4/I2CS_SCB_IRQ.c **** ********************************************************************************
 356:Generated_Source\PSoC4/I2CS_SCB_IRQ.c **** *
 357:Generated_Source\PSoC4/I2CS_SCB_IRQ.c **** * Summary:
 358:Generated_Source\PSoC4/I2CS_SCB_IRQ.c **** *   Causes the Interrupt to enter the pending state, a software method of
 359:Generated_Source\PSoC4/I2CS_SCB_IRQ.c **** *   generating the interrupt.
 360:Generated_Source\PSoC4/I2CS_SCB_IRQ.c **** *
 361:Generated_Source\PSoC4/I2CS_SCB_IRQ.c **** * Parameters:
 362:Generated_Source\PSoC4/I2CS_SCB_IRQ.c **** *   None
 363:Generated_Source\PSoC4/I2CS_SCB_IRQ.c **** *
 364:Generated_Source\PSoC4/I2CS_SCB_IRQ.c **** * Return:
 365:Generated_Source\PSoC4/I2CS_SCB_IRQ.c **** *   None
 366:Generated_Source\PSoC4/I2CS_SCB_IRQ.c **** *
 367:Generated_Source\PSoC4/I2CS_SCB_IRQ.c **** * Side Effects:
 368:Generated_Source\PSoC4/I2CS_SCB_IRQ.c **** *   If interrupts are enabled and the interrupt is set up properly, the ISR is
 369:Generated_Source\PSoC4/I2CS_SCB_IRQ.c **** *   entered (depending on the priority of this interrupt and other pending 
 370:Generated_Source\PSoC4/I2CS_SCB_IRQ.c **** *   interrupts).
 371:Generated_Source\PSoC4/I2CS_SCB_IRQ.c **** *
 372:Generated_Source\PSoC4/I2CS_SCB_IRQ.c **** *******************************************************************************/
 373:Generated_Source\PSoC4/I2CS_SCB_IRQ.c **** void I2CS_SCB_IRQ_SetPending(void)
 374:Generated_Source\PSoC4/I2CS_SCB_IRQ.c **** {
 375              		.loc 1 374 0
 376              		.cfi_startproc
 377              		@ args = 0, pretend = 0, frame = 0
 378              		@ frame_needed = 0, uses_anonymous_args = 0
 379              		@ link register save eliminated.
 375:Generated_Source\PSoC4/I2CS_SCB_IRQ.c ****     *I2CS_SCB_IRQ_INTC_SET_PD = I2CS_SCB_IRQ__INTC_MASK;
 380              		.loc 1 375 0
 381 0000 8022     		movs	r2, #128
 382 0002 014B     		ldr	r3, .L33
 383 0004 1A60     		str	r2, [r3]
 376:Generated_Source\PSoC4/I2CS_SCB_IRQ.c **** }
 384              		.loc 1 376 0
 385              		@ sp needed
 386 0006 7047     		bx	lr
 387              	.L34:
 388              		.align	2
 389              	.L33:
 390 0008 00E200E0 		.word	-536813056
 391              		.cfi_endproc
 392              	.LFE12:
 393              		.size	I2CS_SCB_IRQ_SetPending, .-I2CS_SCB_IRQ_SetPending
 394              		.section	.text.I2CS_SCB_IRQ_ClearPending,"ax",%progbits
 395              		.align	2
 396              		.global	I2CS_SCB_IRQ_ClearPending
 397              		.code	16
 398              		.thumb_func
 399              		.type	I2CS_SCB_IRQ_ClearPending, %function
 400              	I2CS_SCB_IRQ_ClearPending:
 401              	.LFB13:
 377:Generated_Source\PSoC4/I2CS_SCB_IRQ.c **** 
 378:Generated_Source\PSoC4/I2CS_SCB_IRQ.c **** 
 379:Generated_Source\PSoC4/I2CS_SCB_IRQ.c **** /*******************************************************************************
 380:Generated_Source\PSoC4/I2CS_SCB_IRQ.c **** * Function Name: I2CS_SCB_IRQ_ClearPending
ARM GAS  C:\Users\DGILLI~1\AppData\Local\Temp\ccux36g3.s 			page 15


 381:Generated_Source\PSoC4/I2CS_SCB_IRQ.c **** ********************************************************************************
 382:Generated_Source\PSoC4/I2CS_SCB_IRQ.c **** *
 383:Generated_Source\PSoC4/I2CS_SCB_IRQ.c **** * Summary:
 384:Generated_Source\PSoC4/I2CS_SCB_IRQ.c **** *   Clears a pending interrupt in the interrupt controller.
 385:Generated_Source\PSoC4/I2CS_SCB_IRQ.c **** *
 386:Generated_Source\PSoC4/I2CS_SCB_IRQ.c **** *   Note Some interrupt sources are clear-on-read and require the block 
 387:Generated_Source\PSoC4/I2CS_SCB_IRQ.c **** *   interrupt/status register to be read/cleared with the appropriate block API 
 388:Generated_Source\PSoC4/I2CS_SCB_IRQ.c **** *   (GPIO, UART, and so on). Otherwise the ISR will continue to remain in 
 389:Generated_Source\PSoC4/I2CS_SCB_IRQ.c **** *   pending state even though the interrupt itself is cleared using this API.
 390:Generated_Source\PSoC4/I2CS_SCB_IRQ.c **** *
 391:Generated_Source\PSoC4/I2CS_SCB_IRQ.c **** * Parameters:
 392:Generated_Source\PSoC4/I2CS_SCB_IRQ.c **** *   None
 393:Generated_Source\PSoC4/I2CS_SCB_IRQ.c **** *
 394:Generated_Source\PSoC4/I2CS_SCB_IRQ.c **** * Return:
 395:Generated_Source\PSoC4/I2CS_SCB_IRQ.c **** *   None
 396:Generated_Source\PSoC4/I2CS_SCB_IRQ.c **** *
 397:Generated_Source\PSoC4/I2CS_SCB_IRQ.c **** *******************************************************************************/
 398:Generated_Source\PSoC4/I2CS_SCB_IRQ.c **** void I2CS_SCB_IRQ_ClearPending(void)
 399:Generated_Source\PSoC4/I2CS_SCB_IRQ.c **** {
 402              		.loc 1 399 0
 403              		.cfi_startproc
 404              		@ args = 0, pretend = 0, frame = 0
 405              		@ frame_needed = 0, uses_anonymous_args = 0
 406              		@ link register save eliminated.
 400:Generated_Source\PSoC4/I2CS_SCB_IRQ.c ****     *I2CS_SCB_IRQ_INTC_CLR_PD = I2CS_SCB_IRQ__INTC_MASK;
 407              		.loc 1 400 0
 408 0000 8022     		movs	r2, #128
 409 0002 014B     		ldr	r3, .L36
 410 0004 1A60     		str	r2, [r3]
 401:Generated_Source\PSoC4/I2CS_SCB_IRQ.c **** }
 411              		.loc 1 401 0
 412              		@ sp needed
 413 0006 7047     		bx	lr
 414              	.L37:
 415              		.align	2
 416              	.L36:
 417 0008 80E200E0 		.word	-536812928
 418              		.cfi_endproc
 419              	.LFE13:
 420              		.size	I2CS_SCB_IRQ_ClearPending, .-I2CS_SCB_IRQ_ClearPending
 421              		.text
 422              	.Letext0:
 423              		.file 2 "Generated_Source\\PSoC4/cytypes.h"
 424              		.file 3 "Generated_Source\\PSoC4/CyLib.h"
 425              		.section	.debug_info,"",%progbits
 426              	.Ldebug_info0:
 427 0000 01030000 		.4byte	0x301
 428 0004 0400     		.2byte	0x4
 429 0006 00000000 		.4byte	.Ldebug_abbrev0
 430 000a 04       		.byte	0x4
 431 000b 01       		.uleb128 0x1
 432 000c 74000000 		.4byte	.LASF36
 433 0010 0C       		.byte	0xc
 434 0011 17000000 		.4byte	.LASF37
 435 0015 06010000 		.4byte	.LASF38
 436 0019 00000000 		.4byte	.Ldebug_ranges0+0
 437 001d 00000000 		.4byte	0
ARM GAS  C:\Users\DGILLI~1\AppData\Local\Temp\ccux36g3.s 			page 16


 438 0021 00000000 		.4byte	.Ldebug_line0
 439 0025 02       		.uleb128 0x2
 440 0026 01       		.byte	0x1
 441 0027 06       		.byte	0x6
 442 0028 69030000 		.4byte	.LASF0
 443 002c 02       		.uleb128 0x2
 444 002d 01       		.byte	0x1
 445 002e 08       		.byte	0x8
 446 002f B5010000 		.4byte	.LASF1
 447 0033 02       		.uleb128 0x2
 448 0034 02       		.byte	0x2
 449 0035 05       		.byte	0x5
 450 0036 16030000 		.4byte	.LASF2
 451 003a 02       		.uleb128 0x2
 452 003b 02       		.byte	0x2
 453 003c 07       		.byte	0x7
 454 003d 61000000 		.4byte	.LASF3
 455 0041 02       		.uleb128 0x2
 456 0042 04       		.byte	0x4
 457 0043 05       		.byte	0x5
 458 0044 35030000 		.4byte	.LASF4
 459 0048 02       		.uleb128 0x2
 460 0049 04       		.byte	0x4
 461 004a 07       		.byte	0x7
 462 004b D2010000 		.4byte	.LASF5
 463 004f 02       		.uleb128 0x2
 464 0050 08       		.byte	0x8
 465 0051 05       		.byte	0x5
 466 0052 EB020000 		.4byte	.LASF6
 467 0056 02       		.uleb128 0x2
 468 0057 08       		.byte	0x8
 469 0058 07       		.byte	0x7
 470 0059 89010000 		.4byte	.LASF7
 471 005d 03       		.uleb128 0x3
 472 005e 04       		.byte	0x4
 473 005f 05       		.byte	0x5
 474 0060 696E7400 		.ascii	"int\000"
 475 0064 02       		.uleb128 0x2
 476 0065 04       		.byte	0x4
 477 0066 07       		.byte	0x7
 478 0067 53020000 		.4byte	.LASF8
 479 006b 04       		.uleb128 0x4
 480 006c 20030000 		.4byte	.LASF9
 481 0070 02       		.byte	0x2
 482 0071 E401     		.2byte	0x1e4
 483 0073 2C000000 		.4byte	0x2c
 484 0077 04       		.uleb128 0x4
 485 0078 35020000 		.4byte	.LASF10
 486 007c 02       		.byte	0x2
 487 007d E601     		.2byte	0x1e6
 488 007f 48000000 		.4byte	0x48
 489 0083 02       		.uleb128 0x2
 490 0084 04       		.byte	0x4
 491 0085 04       		.byte	0x4
 492 0086 83010000 		.4byte	.LASF11
 493 008a 02       		.uleb128 0x2
 494 008b 08       		.byte	0x8
ARM GAS  C:\Users\DGILLI~1\AppData\Local\Temp\ccux36g3.s 			page 17


 495 008c 04       		.byte	0x4
 496 008d 2E020000 		.4byte	.LASF12
 497 0091 02       		.uleb128 0x2
 498 0092 01       		.byte	0x1
 499 0093 08       		.byte	0x8
 500 0094 11030000 		.4byte	.LASF13
 501 0098 04       		.uleb128 0x4
 502 0099 3E030000 		.4byte	.LASF14
 503 009d 02       		.byte	0x2
 504 009e 9002     		.2byte	0x290
 505 00a0 A4000000 		.4byte	0xa4
 506 00a4 05       		.uleb128 0x5
 507 00a5 77000000 		.4byte	0x77
 508 00a9 04       		.uleb128 0x4
 509 00aa AC020000 		.4byte	.LASF15
 510 00ae 02       		.byte	0x2
 511 00af A002     		.2byte	0x2a0
 512 00b1 B5000000 		.4byte	0xb5
 513 00b5 06       		.uleb128 0x6
 514 00b6 04       		.byte	0x4
 515 00b7 BB000000 		.4byte	0xbb
 516 00bb 07       		.uleb128 0x7
 517 00bc 02       		.uleb128 0x2
 518 00bd 08       		.byte	0x8
 519 00be 04       		.byte	0x4
 520 00bf 44030000 		.4byte	.LASF16
 521 00c3 02       		.uleb128 0x2
 522 00c4 04       		.byte	0x4
 523 00c5 07       		.byte	0x7
 524 00c6 D0020000 		.4byte	.LASF17
 525 00ca 08       		.uleb128 0x8
 526 00cb 3D000000 		.4byte	.LASF24
 527 00cf 01       		.byte	0x1
 528 00d0 9F       		.byte	0x9f
 529 00d1 00000000 		.4byte	.LFB4
 530 00d5 02000000 		.4byte	.LFE4-.LFB4
 531 00d9 01       		.uleb128 0x1
 532 00da 9C       		.byte	0x9c
 533 00db 09       		.uleb128 0x9
 534 00dc B9020000 		.4byte	.LASF18
 535 00e0 01       		.byte	0x1
 536 00e1 C7       		.byte	0xc7
 537 00e2 00000000 		.4byte	.LFB5
 538 00e6 0C000000 		.4byte	.LFE5-.LFB5
 539 00ea 01       		.uleb128 0x1
 540 00eb 9C       		.byte	0x9c
 541 00ec FE000000 		.4byte	0xfe
 542 00f0 0A       		.uleb128 0xa
 543 00f1 75020000 		.4byte	.LASF20
 544 00f5 01       		.byte	0x1
 545 00f6 C7       		.byte	0xc7
 546 00f7 A9000000 		.4byte	0xa9
 547 00fb 01       		.uleb128 0x1
 548 00fc 50       		.byte	0x50
 549 00fd 00       		.byte	0
 550 00fe 0B       		.uleb128 0xb
 551 00ff 00000000 		.4byte	.LASF26
ARM GAS  C:\Users\DGILLI~1\AppData\Local\Temp\ccux36g3.s 			page 18


 552 0103 01       		.byte	0x1
 553 0104 DB       		.byte	0xdb
 554 0105 A9000000 		.4byte	0xa9
 555 0109 00000000 		.4byte	.LFB6
 556 010d 0C000000 		.4byte	.LFE6-.LFB6
 557 0111 01       		.uleb128 0x1
 558 0112 9C       		.byte	0x9c
 559 0113 09       		.uleb128 0x9
 560 0114 50030000 		.4byte	.LASF19
 561 0118 01       		.byte	0x1
 562 0119 F9       		.byte	0xf9
 563 011a 00000000 		.4byte	.LFB7
 564 011e 20000000 		.4byte	.LFE7-.LFB7
 565 0122 01       		.uleb128 0x1
 566 0123 9C       		.byte	0x9c
 567 0124 65010000 		.4byte	0x165
 568 0128 0C       		.uleb128 0xc
 569 0129 FE010000 		.4byte	.LASF21
 570 012d 01       		.byte	0x1
 571 012e F9       		.byte	0xf9
 572 012f 6B000000 		.4byte	0x6b
 573 0133 00000000 		.4byte	.LLST0
 574 0137 0D       		.uleb128 0xd
 575 0138 C3010000 		.4byte	.LASF22
 576 013c 01       		.byte	0x1
 577 013d FB       		.byte	0xfb
 578 013e 6B000000 		.4byte	0x6b
 579 0142 21000000 		.4byte	.LLST1
 580 0146 0E       		.uleb128 0xe
 581 0147 26030000 		.4byte	.LASF23
 582 014b 01       		.byte	0x1
 583 014c FC       		.byte	0xfc
 584 014d 77000000 		.4byte	0x77
 585 0151 1E       		.byte	0x1e
 586 0152 0F       		.uleb128 0xf
 587 0153 08000000 		.4byte	.LVL3
 588 0157 EE020000 		.4byte	0x2ee
 589 015b 0F       		.uleb128 0xf
 590 015c 1A000000 		.4byte	.LVL4
 591 0160 F9020000 		.4byte	0x2f9
 592 0164 00       		.byte	0
 593 0165 10       		.uleb128 0x10
 594 0166 93020000 		.4byte	.LASF39
 595 016a 01       		.byte	0x1
 596 016b 1501     		.2byte	0x115
 597 016d 6B000000 		.4byte	0x6b
 598 0171 00000000 		.4byte	.LFB8
 599 0175 0C000000 		.4byte	.LFE8-.LFB8
 600 0179 01       		.uleb128 0x1
 601 017a 9C       		.byte	0x9c
 602 017b 9D010000 		.4byte	0x19d
 603 017f 11       		.uleb128 0x11
 604 0180 FE010000 		.4byte	.LASF21
 605 0184 01       		.byte	0x1
 606 0185 1701     		.2byte	0x117
 607 0187 77000000 		.4byte	0x77
 608 018b 34000000 		.4byte	.LLST2
ARM GAS  C:\Users\DGILLI~1\AppData\Local\Temp\ccux36g3.s 			page 19


 609 018f 12       		.uleb128 0x12
 610 0190 26030000 		.4byte	.LASF23
 611 0194 01       		.byte	0x1
 612 0195 1801     		.2byte	0x118
 613 0197 77000000 		.4byte	0x77
 614 019b 1E       		.byte	0x1e
 615 019c 00       		.byte	0
 616 019d 13       		.uleb128 0x13
 617 019e 1A020000 		.4byte	.LASF25
 618 01a2 01       		.byte	0x1
 619 01a3 3001     		.2byte	0x130
 620 01a5 00000000 		.4byte	.LFB9
 621 01a9 0C000000 		.4byte	.LFE9-.LFB9
 622 01ad 01       		.uleb128 0x1
 623 01ae 9C       		.byte	0x9c
 624 01af 14       		.uleb128 0x14
 625 01b0 75030000 		.4byte	.LASF27
 626 01b4 01       		.byte	0x1
 627 01b5 4501     		.2byte	0x145
 628 01b7 6B000000 		.4byte	0x6b
 629 01bb 00000000 		.4byte	.LFB10
 630 01bf 14000000 		.4byte	.LFE10-.LFB10
 631 01c3 01       		.uleb128 0x1
 632 01c4 9C       		.byte	0x9c
 633 01c5 13       		.uleb128 0x13
 634 01c6 60020000 		.4byte	.LASF28
 635 01ca 01       		.byte	0x1
 636 01cb 5A01     		.2byte	0x15a
 637 01cd 00000000 		.4byte	.LFB11
 638 01d1 0C000000 		.4byte	.LFE11-.LFB11
 639 01d5 01       		.uleb128 0x1
 640 01d6 9C       		.byte	0x9c
 641 01d7 09       		.uleb128 0x9
 642 01d8 07020000 		.4byte	.LASF29
 643 01dc 01       		.byte	0x1
 644 01dd 38       		.byte	0x38
 645 01de 00000000 		.4byte	.LFB1
 646 01e2 1C000000 		.4byte	.LFE1-.LFB1
 647 01e6 01       		.uleb128 0x1
 648 01e7 9C       		.byte	0x9c
 649 01e8 29020000 		.4byte	0x229
 650 01ec 0F       		.uleb128 0xf
 651 01ed 06000000 		.4byte	.LVL8
 652 01f1 C5010000 		.4byte	0x1c5
 653 01f5 15       		.uleb128 0x15
 654 01f6 0C000000 		.4byte	.LVL9
 655 01fa DB000000 		.4byte	0xdb
 656 01fe 0C020000 		.4byte	0x20c
 657 0202 16       		.uleb128 0x16
 658 0203 01       		.uleb128 0x1
 659 0204 50       		.byte	0x50
 660 0205 05       		.uleb128 0x5
 661 0206 03       		.byte	0x3
 662 0207 00000000 		.4byte	I2CS_SCB_IRQ_Interrupt
 663 020b 00       		.byte	0
 664 020c 15       		.uleb128 0x15
 665 020d 12000000 		.4byte	.LVL10
ARM GAS  C:\Users\DGILLI~1\AppData\Local\Temp\ccux36g3.s 			page 20


 666 0211 13010000 		.4byte	0x113
 667 0215 1F020000 		.4byte	0x21f
 668 0219 16       		.uleb128 0x16
 669 021a 01       		.uleb128 0x1
 670 021b 50       		.byte	0x50
 671 021c 01       		.uleb128 0x1
 672 021d 33       		.byte	0x33
 673 021e 00       		.byte	0
 674 021f 0F       		.uleb128 0xf
 675 0220 16000000 		.4byte	.LVL11
 676 0224 9D010000 		.4byte	0x19d
 677 0228 00       		.byte	0
 678 0229 09       		.uleb128 0x9
 679 022a A0010000 		.4byte	.LASF30
 680 022e 01       		.byte	0x1
 681 022f 63       		.byte	0x63
 682 0230 00000000 		.4byte	.LFB2
 683 0234 1A000000 		.4byte	.LFE2-.LFB2
 684 0238 01       		.uleb128 0x1
 685 0239 9C       		.byte	0x9c
 686 023a 87020000 		.4byte	0x287
 687 023e 0C       		.uleb128 0xc
 688 023f 75020000 		.4byte	.LASF20
 689 0243 01       		.byte	0x1
 690 0244 63       		.byte	0x63
 691 0245 A9000000 		.4byte	0xa9
 692 0249 56000000 		.4byte	.LLST3
 693 024d 0F       		.uleb128 0xf
 694 024e 08000000 		.4byte	.LVL13
 695 0252 C5010000 		.4byte	0x1c5
 696 0256 15       		.uleb128 0x15
 697 0257 0E000000 		.4byte	.LVL14
 698 025b DB000000 		.4byte	0xdb
 699 025f 6A020000 		.4byte	0x26a
 700 0263 16       		.uleb128 0x16
 701 0264 01       		.uleb128 0x1
 702 0265 50       		.byte	0x50
 703 0266 02       		.uleb128 0x2
 704 0267 74       		.byte	0x74
 705 0268 00       		.sleb128 0
 706 0269 00       		.byte	0
 707 026a 15       		.uleb128 0x15
 708 026b 14000000 		.4byte	.LVL15
 709 026f 13010000 		.4byte	0x113
 710 0273 7D020000 		.4byte	0x27d
 711 0277 16       		.uleb128 0x16
 712 0278 01       		.uleb128 0x1
 713 0279 50       		.byte	0x50
 714 027a 01       		.uleb128 0x1
 715 027b 33       		.byte	0x33
 716 027c 00       		.byte	0
 717 027d 0F       		.uleb128 0xf
 718 027e 18000000 		.4byte	.LVL16
 719 0282 9D010000 		.4byte	0x19d
 720 0286 00       		.byte	0
 721 0287 09       		.uleb128 0x9
 722 0288 D9020000 		.4byte	.LASF31
ARM GAS  C:\Users\DGILLI~1\AppData\Local\Temp\ccux36g3.s 			page 21


 723 028c 01       		.byte	0x1
 724 028d 81       		.byte	0x81
 725 028e 00000000 		.4byte	.LFB3
 726 0292 14000000 		.4byte	.LFE3-.LFB3
 727 0296 01       		.uleb128 0x1
 728 0297 9C       		.byte	0x9c
 729 0298 AF020000 		.4byte	0x2af
 730 029c 0F       		.uleb128 0xf
 731 029d 06000000 		.4byte	.LVL18
 732 02a1 C5010000 		.4byte	0x1c5
 733 02a5 0F       		.uleb128 0xf
 734 02a6 0C000000 		.4byte	.LVL19
 735 02aa DB000000 		.4byte	0xdb
 736 02ae 00       		.byte	0
 737 02af 13       		.uleb128 0x13
 738 02b0 F9020000 		.4byte	.LASF32
 739 02b4 01       		.byte	0x1
 740 02b5 7501     		.2byte	0x175
 741 02b7 00000000 		.4byte	.LFB12
 742 02bb 0C000000 		.4byte	.LFE12-.LFB12
 743 02bf 01       		.uleb128 0x1
 744 02c0 9C       		.byte	0x9c
 745 02c1 13       		.uleb128 0x13
 746 02c2 E4010000 		.4byte	.LASF33
 747 02c6 01       		.byte	0x1
 748 02c7 8E01     		.2byte	0x18e
 749 02c9 00000000 		.4byte	.LFB13
 750 02cd 0C000000 		.4byte	.LFE13-.LFB13
 751 02d1 01       		.uleb128 0x1
 752 02d2 9C       		.byte	0x9c
 753 02d3 17       		.uleb128 0x17
 754 02d4 A9000000 		.4byte	0xa9
 755 02d8 E3020000 		.4byte	0x2e3
 756 02dc 18       		.uleb128 0x18
 757 02dd C3000000 		.4byte	0xc3
 758 02e1 1F       		.byte	0x1f
 759 02e2 00       		.byte	0
 760 02e3 19       		.uleb128 0x19
 761 02e4 54000000 		.4byte	.LASF40
 762 02e8 01       		.byte	0x1
 763 02e9 21       		.byte	0x21
 764 02ea D3020000 		.4byte	0x2d3
 765 02ee 1A       		.uleb128 0x1a
 766 02ef 3C020000 		.4byte	.LASF34
 767 02f3 3C020000 		.4byte	.LASF34
 768 02f7 03       		.byte	0x3
 769 02f8 E5       		.byte	0xe5
 770 02f9 1A       		.uleb128 0x1a
 771 02fa 7D020000 		.4byte	.LASF35
 772 02fe 7D020000 		.4byte	.LASF35
 773 0302 03       		.byte	0x3
 774 0303 E6       		.byte	0xe6
 775 0304 00       		.byte	0
 776              		.section	.debug_abbrev,"",%progbits
 777              	.Ldebug_abbrev0:
 778 0000 01       		.uleb128 0x1
 779 0001 11       		.uleb128 0x11
ARM GAS  C:\Users\DGILLI~1\AppData\Local\Temp\ccux36g3.s 			page 22


 780 0002 01       		.byte	0x1
 781 0003 25       		.uleb128 0x25
 782 0004 0E       		.uleb128 0xe
 783 0005 13       		.uleb128 0x13
 784 0006 0B       		.uleb128 0xb
 785 0007 03       		.uleb128 0x3
 786 0008 0E       		.uleb128 0xe
 787 0009 1B       		.uleb128 0x1b
 788 000a 0E       		.uleb128 0xe
 789 000b 55       		.uleb128 0x55
 790 000c 17       		.uleb128 0x17
 791 000d 11       		.uleb128 0x11
 792 000e 01       		.uleb128 0x1
 793 000f 10       		.uleb128 0x10
 794 0010 17       		.uleb128 0x17
 795 0011 00       		.byte	0
 796 0012 00       		.byte	0
 797 0013 02       		.uleb128 0x2
 798 0014 24       		.uleb128 0x24
 799 0015 00       		.byte	0
 800 0016 0B       		.uleb128 0xb
 801 0017 0B       		.uleb128 0xb
 802 0018 3E       		.uleb128 0x3e
 803 0019 0B       		.uleb128 0xb
 804 001a 03       		.uleb128 0x3
 805 001b 0E       		.uleb128 0xe
 806 001c 00       		.byte	0
 807 001d 00       		.byte	0
 808 001e 03       		.uleb128 0x3
 809 001f 24       		.uleb128 0x24
 810 0020 00       		.byte	0
 811 0021 0B       		.uleb128 0xb
 812 0022 0B       		.uleb128 0xb
 813 0023 3E       		.uleb128 0x3e
 814 0024 0B       		.uleb128 0xb
 815 0025 03       		.uleb128 0x3
 816 0026 08       		.uleb128 0x8
 817 0027 00       		.byte	0
 818 0028 00       		.byte	0
 819 0029 04       		.uleb128 0x4
 820 002a 16       		.uleb128 0x16
 821 002b 00       		.byte	0
 822 002c 03       		.uleb128 0x3
 823 002d 0E       		.uleb128 0xe
 824 002e 3A       		.uleb128 0x3a
 825 002f 0B       		.uleb128 0xb
 826 0030 3B       		.uleb128 0x3b
 827 0031 05       		.uleb128 0x5
 828 0032 49       		.uleb128 0x49
 829 0033 13       		.uleb128 0x13
 830 0034 00       		.byte	0
 831 0035 00       		.byte	0
 832 0036 05       		.uleb128 0x5
 833 0037 35       		.uleb128 0x35
 834 0038 00       		.byte	0
 835 0039 49       		.uleb128 0x49
 836 003a 13       		.uleb128 0x13
ARM GAS  C:\Users\DGILLI~1\AppData\Local\Temp\ccux36g3.s 			page 23


 837 003b 00       		.byte	0
 838 003c 00       		.byte	0
 839 003d 06       		.uleb128 0x6
 840 003e 0F       		.uleb128 0xf
 841 003f 00       		.byte	0
 842 0040 0B       		.uleb128 0xb
 843 0041 0B       		.uleb128 0xb
 844 0042 49       		.uleb128 0x49
 845 0043 13       		.uleb128 0x13
 846 0044 00       		.byte	0
 847 0045 00       		.byte	0
 848 0046 07       		.uleb128 0x7
 849 0047 15       		.uleb128 0x15
 850 0048 00       		.byte	0
 851 0049 27       		.uleb128 0x27
 852 004a 19       		.uleb128 0x19
 853 004b 00       		.byte	0
 854 004c 00       		.byte	0
 855 004d 08       		.uleb128 0x8
 856 004e 2E       		.uleb128 0x2e
 857 004f 00       		.byte	0
 858 0050 3F       		.uleb128 0x3f
 859 0051 19       		.uleb128 0x19
 860 0052 03       		.uleb128 0x3
 861 0053 0E       		.uleb128 0xe
 862 0054 3A       		.uleb128 0x3a
 863 0055 0B       		.uleb128 0xb
 864 0056 3B       		.uleb128 0x3b
 865 0057 0B       		.uleb128 0xb
 866 0058 27       		.uleb128 0x27
 867 0059 19       		.uleb128 0x19
 868 005a 11       		.uleb128 0x11
 869 005b 01       		.uleb128 0x1
 870 005c 12       		.uleb128 0x12
 871 005d 06       		.uleb128 0x6
 872 005e 40       		.uleb128 0x40
 873 005f 18       		.uleb128 0x18
 874 0060 9742     		.uleb128 0x2117
 875 0062 19       		.uleb128 0x19
 876 0063 00       		.byte	0
 877 0064 00       		.byte	0
 878 0065 09       		.uleb128 0x9
 879 0066 2E       		.uleb128 0x2e
 880 0067 01       		.byte	0x1
 881 0068 3F       		.uleb128 0x3f
 882 0069 19       		.uleb128 0x19
 883 006a 03       		.uleb128 0x3
 884 006b 0E       		.uleb128 0xe
 885 006c 3A       		.uleb128 0x3a
 886 006d 0B       		.uleb128 0xb
 887 006e 3B       		.uleb128 0x3b
 888 006f 0B       		.uleb128 0xb
 889 0070 27       		.uleb128 0x27
 890 0071 19       		.uleb128 0x19
 891 0072 11       		.uleb128 0x11
 892 0073 01       		.uleb128 0x1
 893 0074 12       		.uleb128 0x12
ARM GAS  C:\Users\DGILLI~1\AppData\Local\Temp\ccux36g3.s 			page 24


 894 0075 06       		.uleb128 0x6
 895 0076 40       		.uleb128 0x40
 896 0077 18       		.uleb128 0x18
 897 0078 9742     		.uleb128 0x2117
 898 007a 19       		.uleb128 0x19
 899 007b 01       		.uleb128 0x1
 900 007c 13       		.uleb128 0x13
 901 007d 00       		.byte	0
 902 007e 00       		.byte	0
 903 007f 0A       		.uleb128 0xa
 904 0080 05       		.uleb128 0x5
 905 0081 00       		.byte	0
 906 0082 03       		.uleb128 0x3
 907 0083 0E       		.uleb128 0xe
 908 0084 3A       		.uleb128 0x3a
 909 0085 0B       		.uleb128 0xb
 910 0086 3B       		.uleb128 0x3b
 911 0087 0B       		.uleb128 0xb
 912 0088 49       		.uleb128 0x49
 913 0089 13       		.uleb128 0x13
 914 008a 02       		.uleb128 0x2
 915 008b 18       		.uleb128 0x18
 916 008c 00       		.byte	0
 917 008d 00       		.byte	0
 918 008e 0B       		.uleb128 0xb
 919 008f 2E       		.uleb128 0x2e
 920 0090 00       		.byte	0
 921 0091 3F       		.uleb128 0x3f
 922 0092 19       		.uleb128 0x19
 923 0093 03       		.uleb128 0x3
 924 0094 0E       		.uleb128 0xe
 925 0095 3A       		.uleb128 0x3a
 926 0096 0B       		.uleb128 0xb
 927 0097 3B       		.uleb128 0x3b
 928 0098 0B       		.uleb128 0xb
 929 0099 27       		.uleb128 0x27
 930 009a 19       		.uleb128 0x19
 931 009b 49       		.uleb128 0x49
 932 009c 13       		.uleb128 0x13
 933 009d 11       		.uleb128 0x11
 934 009e 01       		.uleb128 0x1
 935 009f 12       		.uleb128 0x12
 936 00a0 06       		.uleb128 0x6
 937 00a1 40       		.uleb128 0x40
 938 00a2 18       		.uleb128 0x18
 939 00a3 9742     		.uleb128 0x2117
 940 00a5 19       		.uleb128 0x19
 941 00a6 00       		.byte	0
 942 00a7 00       		.byte	0
 943 00a8 0C       		.uleb128 0xc
 944 00a9 05       		.uleb128 0x5
 945 00aa 00       		.byte	0
 946 00ab 03       		.uleb128 0x3
 947 00ac 0E       		.uleb128 0xe
 948 00ad 3A       		.uleb128 0x3a
 949 00ae 0B       		.uleb128 0xb
 950 00af 3B       		.uleb128 0x3b
ARM GAS  C:\Users\DGILLI~1\AppData\Local\Temp\ccux36g3.s 			page 25


 951 00b0 0B       		.uleb128 0xb
 952 00b1 49       		.uleb128 0x49
 953 00b2 13       		.uleb128 0x13
 954 00b3 02       		.uleb128 0x2
 955 00b4 17       		.uleb128 0x17
 956 00b5 00       		.byte	0
 957 00b6 00       		.byte	0
 958 00b7 0D       		.uleb128 0xd
 959 00b8 34       		.uleb128 0x34
 960 00b9 00       		.byte	0
 961 00ba 03       		.uleb128 0x3
 962 00bb 0E       		.uleb128 0xe
 963 00bc 3A       		.uleb128 0x3a
 964 00bd 0B       		.uleb128 0xb
 965 00be 3B       		.uleb128 0x3b
 966 00bf 0B       		.uleb128 0xb
 967 00c0 49       		.uleb128 0x49
 968 00c1 13       		.uleb128 0x13
 969 00c2 02       		.uleb128 0x2
 970 00c3 17       		.uleb128 0x17
 971 00c4 00       		.byte	0
 972 00c5 00       		.byte	0
 973 00c6 0E       		.uleb128 0xe
 974 00c7 34       		.uleb128 0x34
 975 00c8 00       		.byte	0
 976 00c9 03       		.uleb128 0x3
 977 00ca 0E       		.uleb128 0xe
 978 00cb 3A       		.uleb128 0x3a
 979 00cc 0B       		.uleb128 0xb
 980 00cd 3B       		.uleb128 0x3b
 981 00ce 0B       		.uleb128 0xb
 982 00cf 49       		.uleb128 0x49
 983 00d0 13       		.uleb128 0x13
 984 00d1 1C       		.uleb128 0x1c
 985 00d2 0B       		.uleb128 0xb
 986 00d3 00       		.byte	0
 987 00d4 00       		.byte	0
 988 00d5 0F       		.uleb128 0xf
 989 00d6 898201   		.uleb128 0x4109
 990 00d9 00       		.byte	0
 991 00da 11       		.uleb128 0x11
 992 00db 01       		.uleb128 0x1
 993 00dc 31       		.uleb128 0x31
 994 00dd 13       		.uleb128 0x13
 995 00de 00       		.byte	0
 996 00df 00       		.byte	0
 997 00e0 10       		.uleb128 0x10
 998 00e1 2E       		.uleb128 0x2e
 999 00e2 01       		.byte	0x1
 1000 00e3 3F       		.uleb128 0x3f
 1001 00e4 19       		.uleb128 0x19
 1002 00e5 03       		.uleb128 0x3
 1003 00e6 0E       		.uleb128 0xe
 1004 00e7 3A       		.uleb128 0x3a
 1005 00e8 0B       		.uleb128 0xb
 1006 00e9 3B       		.uleb128 0x3b
 1007 00ea 05       		.uleb128 0x5
ARM GAS  C:\Users\DGILLI~1\AppData\Local\Temp\ccux36g3.s 			page 26


 1008 00eb 27       		.uleb128 0x27
 1009 00ec 19       		.uleb128 0x19
 1010 00ed 49       		.uleb128 0x49
 1011 00ee 13       		.uleb128 0x13
 1012 00ef 11       		.uleb128 0x11
 1013 00f0 01       		.uleb128 0x1
 1014 00f1 12       		.uleb128 0x12
 1015 00f2 06       		.uleb128 0x6
 1016 00f3 40       		.uleb128 0x40
 1017 00f4 18       		.uleb128 0x18
 1018 00f5 9742     		.uleb128 0x2117
 1019 00f7 19       		.uleb128 0x19
 1020 00f8 01       		.uleb128 0x1
 1021 00f9 13       		.uleb128 0x13
 1022 00fa 00       		.byte	0
 1023 00fb 00       		.byte	0
 1024 00fc 11       		.uleb128 0x11
 1025 00fd 34       		.uleb128 0x34
 1026 00fe 00       		.byte	0
 1027 00ff 03       		.uleb128 0x3
 1028 0100 0E       		.uleb128 0xe
 1029 0101 3A       		.uleb128 0x3a
 1030 0102 0B       		.uleb128 0xb
 1031 0103 3B       		.uleb128 0x3b
 1032 0104 05       		.uleb128 0x5
 1033 0105 49       		.uleb128 0x49
 1034 0106 13       		.uleb128 0x13
 1035 0107 02       		.uleb128 0x2
 1036 0108 17       		.uleb128 0x17
 1037 0109 00       		.byte	0
 1038 010a 00       		.byte	0
 1039 010b 12       		.uleb128 0x12
 1040 010c 34       		.uleb128 0x34
 1041 010d 00       		.byte	0
 1042 010e 03       		.uleb128 0x3
 1043 010f 0E       		.uleb128 0xe
 1044 0110 3A       		.uleb128 0x3a
 1045 0111 0B       		.uleb128 0xb
 1046 0112 3B       		.uleb128 0x3b
 1047 0113 05       		.uleb128 0x5
 1048 0114 49       		.uleb128 0x49
 1049 0115 13       		.uleb128 0x13
 1050 0116 1C       		.uleb128 0x1c
 1051 0117 0B       		.uleb128 0xb
 1052 0118 00       		.byte	0
 1053 0119 00       		.byte	0
 1054 011a 13       		.uleb128 0x13
 1055 011b 2E       		.uleb128 0x2e
 1056 011c 00       		.byte	0
 1057 011d 3F       		.uleb128 0x3f
 1058 011e 19       		.uleb128 0x19
 1059 011f 03       		.uleb128 0x3
 1060 0120 0E       		.uleb128 0xe
 1061 0121 3A       		.uleb128 0x3a
 1062 0122 0B       		.uleb128 0xb
 1063 0123 3B       		.uleb128 0x3b
 1064 0124 05       		.uleb128 0x5
ARM GAS  C:\Users\DGILLI~1\AppData\Local\Temp\ccux36g3.s 			page 27


 1065 0125 27       		.uleb128 0x27
 1066 0126 19       		.uleb128 0x19
 1067 0127 11       		.uleb128 0x11
 1068 0128 01       		.uleb128 0x1
 1069 0129 12       		.uleb128 0x12
 1070 012a 06       		.uleb128 0x6
 1071 012b 40       		.uleb128 0x40
 1072 012c 18       		.uleb128 0x18
 1073 012d 9742     		.uleb128 0x2117
 1074 012f 19       		.uleb128 0x19
 1075 0130 00       		.byte	0
 1076 0131 00       		.byte	0
 1077 0132 14       		.uleb128 0x14
 1078 0133 2E       		.uleb128 0x2e
 1079 0134 00       		.byte	0
 1080 0135 3F       		.uleb128 0x3f
 1081 0136 19       		.uleb128 0x19
 1082 0137 03       		.uleb128 0x3
 1083 0138 0E       		.uleb128 0xe
 1084 0139 3A       		.uleb128 0x3a
 1085 013a 0B       		.uleb128 0xb
 1086 013b 3B       		.uleb128 0x3b
 1087 013c 05       		.uleb128 0x5
 1088 013d 27       		.uleb128 0x27
 1089 013e 19       		.uleb128 0x19
 1090 013f 49       		.uleb128 0x49
 1091 0140 13       		.uleb128 0x13
 1092 0141 11       		.uleb128 0x11
 1093 0142 01       		.uleb128 0x1
 1094 0143 12       		.uleb128 0x12
 1095 0144 06       		.uleb128 0x6
 1096 0145 40       		.uleb128 0x40
 1097 0146 18       		.uleb128 0x18
 1098 0147 9742     		.uleb128 0x2117
 1099 0149 19       		.uleb128 0x19
 1100 014a 00       		.byte	0
 1101 014b 00       		.byte	0
 1102 014c 15       		.uleb128 0x15
 1103 014d 898201   		.uleb128 0x4109
 1104 0150 01       		.byte	0x1
 1105 0151 11       		.uleb128 0x11
 1106 0152 01       		.uleb128 0x1
 1107 0153 31       		.uleb128 0x31
 1108 0154 13       		.uleb128 0x13
 1109 0155 01       		.uleb128 0x1
 1110 0156 13       		.uleb128 0x13
 1111 0157 00       		.byte	0
 1112 0158 00       		.byte	0
 1113 0159 16       		.uleb128 0x16
 1114 015a 8A8201   		.uleb128 0x410a
 1115 015d 00       		.byte	0
 1116 015e 02       		.uleb128 0x2
 1117 015f 18       		.uleb128 0x18
 1118 0160 9142     		.uleb128 0x2111
 1119 0162 18       		.uleb128 0x18
 1120 0163 00       		.byte	0
 1121 0164 00       		.byte	0
ARM GAS  C:\Users\DGILLI~1\AppData\Local\Temp\ccux36g3.s 			page 28


 1122 0165 17       		.uleb128 0x17
 1123 0166 01       		.uleb128 0x1
 1124 0167 01       		.byte	0x1
 1125 0168 49       		.uleb128 0x49
 1126 0169 13       		.uleb128 0x13
 1127 016a 01       		.uleb128 0x1
 1128 016b 13       		.uleb128 0x13
 1129 016c 00       		.byte	0
 1130 016d 00       		.byte	0
 1131 016e 18       		.uleb128 0x18
 1132 016f 21       		.uleb128 0x21
 1133 0170 00       		.byte	0
 1134 0171 49       		.uleb128 0x49
 1135 0172 13       		.uleb128 0x13
 1136 0173 2F       		.uleb128 0x2f
 1137 0174 0B       		.uleb128 0xb
 1138 0175 00       		.byte	0
 1139 0176 00       		.byte	0
 1140 0177 19       		.uleb128 0x19
 1141 0178 34       		.uleb128 0x34
 1142 0179 00       		.byte	0
 1143 017a 03       		.uleb128 0x3
 1144 017b 0E       		.uleb128 0xe
 1145 017c 3A       		.uleb128 0x3a
 1146 017d 0B       		.uleb128 0xb
 1147 017e 3B       		.uleb128 0x3b
 1148 017f 0B       		.uleb128 0xb
 1149 0180 49       		.uleb128 0x49
 1150 0181 13       		.uleb128 0x13
 1151 0182 3F       		.uleb128 0x3f
 1152 0183 19       		.uleb128 0x19
 1153 0184 3C       		.uleb128 0x3c
 1154 0185 19       		.uleb128 0x19
 1155 0186 00       		.byte	0
 1156 0187 00       		.byte	0
 1157 0188 1A       		.uleb128 0x1a
 1158 0189 2E       		.uleb128 0x2e
 1159 018a 00       		.byte	0
 1160 018b 3F       		.uleb128 0x3f
 1161 018c 19       		.uleb128 0x19
 1162 018d 3C       		.uleb128 0x3c
 1163 018e 19       		.uleb128 0x19
 1164 018f 6E       		.uleb128 0x6e
 1165 0190 0E       		.uleb128 0xe
 1166 0191 03       		.uleb128 0x3
 1167 0192 0E       		.uleb128 0xe
 1168 0193 3A       		.uleb128 0x3a
 1169 0194 0B       		.uleb128 0xb
 1170 0195 3B       		.uleb128 0x3b
 1171 0196 0B       		.uleb128 0xb
 1172 0197 00       		.byte	0
 1173 0198 00       		.byte	0
 1174 0199 00       		.byte	0
 1175              		.section	.debug_loc,"",%progbits
 1176              	.Ldebug_loc0:
 1177              	.LLST0:
 1178 0000 00000000 		.4byte	.LVL1
ARM GAS  C:\Users\DGILLI~1\AppData\Local\Temp\ccux36g3.s 			page 29


 1179 0004 07000000 		.4byte	.LVL3-1
 1180 0008 0100     		.2byte	0x1
 1181 000a 50       		.byte	0x50
 1182 000b 07000000 		.4byte	.LVL3-1
 1183 000f 20000000 		.4byte	.LFE7
 1184 0013 0400     		.2byte	0x4
 1185 0015 F3       		.byte	0xf3
 1186 0016 01       		.uleb128 0x1
 1187 0017 50       		.byte	0x50
 1188 0018 9F       		.byte	0x9f
 1189 0019 00000000 		.4byte	0
 1190 001d 00000000 		.4byte	0
 1191              	.LLST1:
 1192 0021 08000000 		.4byte	.LVL3
 1193 0025 19000000 		.4byte	.LVL4-1
 1194 0029 0100     		.2byte	0x1
 1195 002b 50       		.byte	0x50
 1196 002c 00000000 		.4byte	0
 1197 0030 00000000 		.4byte	0
 1198              	.LLST2:
 1199 0034 04000000 		.4byte	.LVL6
 1200 0038 06000000 		.4byte	.LVL7
 1201 003c 0500     		.2byte	0x5
 1202 003e 70       		.byte	0x70
 1203 003f 00       		.sleb128 0
 1204 0040 4E       		.byte	0x4e
 1205 0041 25       		.byte	0x25
 1206 0042 9F       		.byte	0x9f
 1207 0043 06000000 		.4byte	.LVL7
 1208 0047 0C000000 		.4byte	.LFE8
 1209 004b 0100     		.2byte	0x1
 1210 004d 50       		.byte	0x50
 1211 004e 00000000 		.4byte	0
 1212 0052 00000000 		.4byte	0
 1213              	.LLST3:
 1214 0056 00000000 		.4byte	.LVL12
 1215 005a 07000000 		.4byte	.LVL13-1
 1216 005e 0100     		.2byte	0x1
 1217 0060 50       		.byte	0x50
 1218 0061 07000000 		.4byte	.LVL13-1
 1219 0065 18000000 		.4byte	.LVL17
 1220 0069 0100     		.2byte	0x1
 1221 006b 54       		.byte	0x54
 1222 006c 18000000 		.4byte	.LVL17
 1223 0070 1A000000 		.4byte	.LFE2
 1224 0074 0400     		.2byte	0x4
 1225 0076 F3       		.byte	0xf3
 1226 0077 01       		.uleb128 0x1
 1227 0078 50       		.byte	0x50
 1228 0079 9F       		.byte	0x9f
 1229 007a 00000000 		.4byte	0
 1230 007e 00000000 		.4byte	0
 1231              		.section	.debug_aranges,"",%progbits
 1232 0000 7C000000 		.4byte	0x7c
 1233 0004 0200     		.2byte	0x2
 1234 0006 00000000 		.4byte	.Ldebug_info0
 1235 000a 04       		.byte	0x4
ARM GAS  C:\Users\DGILLI~1\AppData\Local\Temp\ccux36g3.s 			page 30


 1236 000b 00       		.byte	0
 1237 000c 0000     		.2byte	0
 1238 000e 0000     		.2byte	0
 1239 0010 00000000 		.4byte	.LFB4
 1240 0014 02000000 		.4byte	.LFE4-.LFB4
 1241 0018 00000000 		.4byte	.LFB5
 1242 001c 0C000000 		.4byte	.LFE5-.LFB5
 1243 0020 00000000 		.4byte	.LFB6
 1244 0024 0C000000 		.4byte	.LFE6-.LFB6
 1245 0028 00000000 		.4byte	.LFB7
 1246 002c 20000000 		.4byte	.LFE7-.LFB7
 1247 0030 00000000 		.4byte	.LFB8
 1248 0034 0C000000 		.4byte	.LFE8-.LFB8
 1249 0038 00000000 		.4byte	.LFB9
 1250 003c 0C000000 		.4byte	.LFE9-.LFB9
 1251 0040 00000000 		.4byte	.LFB10
 1252 0044 14000000 		.4byte	.LFE10-.LFB10
 1253 0048 00000000 		.4byte	.LFB11
 1254 004c 0C000000 		.4byte	.LFE11-.LFB11
 1255 0050 00000000 		.4byte	.LFB1
 1256 0054 1C000000 		.4byte	.LFE1-.LFB1
 1257 0058 00000000 		.4byte	.LFB2
 1258 005c 1A000000 		.4byte	.LFE2-.LFB2
 1259 0060 00000000 		.4byte	.LFB3
 1260 0064 14000000 		.4byte	.LFE3-.LFB3
 1261 0068 00000000 		.4byte	.LFB12
 1262 006c 0C000000 		.4byte	.LFE12-.LFB12
 1263 0070 00000000 		.4byte	.LFB13
 1264 0074 0C000000 		.4byte	.LFE13-.LFB13
 1265 0078 00000000 		.4byte	0
 1266 007c 00000000 		.4byte	0
 1267              		.section	.debug_ranges,"",%progbits
 1268              	.Ldebug_ranges0:
 1269 0000 00000000 		.4byte	.LFB4
 1270 0004 02000000 		.4byte	.LFE4
 1271 0008 00000000 		.4byte	.LFB5
 1272 000c 0C000000 		.4byte	.LFE5
 1273 0010 00000000 		.4byte	.LFB6
 1274 0014 0C000000 		.4byte	.LFE6
 1275 0018 00000000 		.4byte	.LFB7
 1276 001c 20000000 		.4byte	.LFE7
 1277 0020 00000000 		.4byte	.LFB8
 1278 0024 0C000000 		.4byte	.LFE8
 1279 0028 00000000 		.4byte	.LFB9
 1280 002c 0C000000 		.4byte	.LFE9
 1281 0030 00000000 		.4byte	.LFB10
 1282 0034 14000000 		.4byte	.LFE10
 1283 0038 00000000 		.4byte	.LFB11
 1284 003c 0C000000 		.4byte	.LFE11
 1285 0040 00000000 		.4byte	.LFB1
 1286 0044 1C000000 		.4byte	.LFE1
 1287 0048 00000000 		.4byte	.LFB2
 1288 004c 1A000000 		.4byte	.LFE2
 1289 0050 00000000 		.4byte	.LFB3
 1290 0054 14000000 		.4byte	.LFE3
 1291 0058 00000000 		.4byte	.LFB12
 1292 005c 0C000000 		.4byte	.LFE12
ARM GAS  C:\Users\DGILLI~1\AppData\Local\Temp\ccux36g3.s 			page 31


 1293 0060 00000000 		.4byte	.LFB13
 1294 0064 0C000000 		.4byte	.LFE13
 1295 0068 00000000 		.4byte	0
 1296 006c 00000000 		.4byte	0
 1297              		.section	.debug_line,"",%progbits
 1298              	.Ldebug_line0:
 1299 0000 54010000 		.section	.debug_str,"MS",%progbits,1
 1299      02005400 
 1299      00000201 
 1299      FB0E0D00 
 1299      01010101 
 1300              	.LASF26:
 1301 0000 49324353 		.ascii	"I2CS_SCB_IRQ_GetVector\000"
 1301      5F534342 
 1301      5F495251 
 1301      5F476574 
 1301      56656374 
 1302              	.LASF37:
 1303 0017 47656E65 		.ascii	"Generated_Source\\PSoC4\\I2CS_SCB_IRQ.c\000"
 1303      72617465 
 1303      645F536F 
 1303      75726365 
 1303      5C50536F 
 1304              	.LASF24:
 1305 003d 49324353 		.ascii	"I2CS_SCB_IRQ_Interrupt\000"
 1305      5F534342 
 1305      5F495251 
 1305      5F496E74 
 1305      65727275 
 1306              	.LASF40:
 1307 0054 43795261 		.ascii	"CyRamVectors\000"
 1307      6D566563 
 1307      746F7273 
 1307      00
 1308              	.LASF3:
 1309 0061 73686F72 		.ascii	"short unsigned int\000"
 1309      7420756E 
 1309      7369676E 
 1309      65642069 
 1309      6E7400
 1310              	.LASF36:
 1311 0074 474E5520 		.ascii	"GNU C11 5.4.1 20160609 (release) [ARM/embedded-5-br"
 1311      43313120 
 1311      352E342E 
 1311      31203230 
 1311      31363036 
 1312 00a7 616E6368 		.ascii	"anch revision 237715] -mcpu=cortex-m0plus -mthumb -"
 1312      20726576 
 1312      6973696F 
 1312      6E203233 
 1312      37373135 
 1313 00da 67202D4F 		.ascii	"g -Og -ffunction-sections -ffat-lto-objects\000"
 1313      67202D66 
 1313      66756E63 
 1313      74696F6E 
 1313      2D736563 
 1314              	.LASF38:
ARM GAS  C:\Users\DGILLI~1\AppData\Local\Temp\ccux36g3.s 			page 32


 1315 0106 433A5C55 		.ascii	"C:\\Users\\dgilliland\\Documents\\GitHub\\Retro-Com"
 1315      73657273 
 1315      5C646769 
 1315      6C6C696C 
 1315      616E645C 
 1316 0134 70757465 		.ascii	"puters\\Z80\\PSOC\\PSOC_Design_Files\\PSOC4_FP_Mux\\"
 1316      72735C5A 
 1316      38305C50 
 1316      534F435C 
 1316      50534F43 
 1317 0163 50536F63 		.ascii	"PSoc4_FP_Mux\\PSoc4_FP_Mux.cydsn\000"
 1317      345F4650 
 1317      5F4D7578 
 1317      5C50536F 
 1317      63345F46 
 1318              	.LASF11:
 1319 0183 666C6F61 		.ascii	"float\000"
 1319      7400
 1320              	.LASF7:
 1321 0189 6C6F6E67 		.ascii	"long long unsigned int\000"
 1321      206C6F6E 
 1321      6720756E 
 1321      7369676E 
 1321      65642069 
 1322              	.LASF30:
 1323 01a0 49324353 		.ascii	"I2CS_SCB_IRQ_StartEx\000"
 1323      5F534342 
 1323      5F495251 
 1323      5F537461 
 1323      72744578 
 1324              	.LASF1:
 1325 01b5 756E7369 		.ascii	"unsigned char\000"
 1325      676E6564 
 1325      20636861 
 1325      7200
 1326              	.LASF22:
 1327 01c3 696E7465 		.ascii	"interruptState\000"
 1327      72727570 
 1327      74537461 
 1327      746500
 1328              	.LASF5:
 1329 01d2 6C6F6E67 		.ascii	"long unsigned int\000"
 1329      20756E73 
 1329      69676E65 
 1329      6420696E 
 1329      7400
 1330              	.LASF33:
 1331 01e4 49324353 		.ascii	"I2CS_SCB_IRQ_ClearPending\000"
 1331      5F534342 
 1331      5F495251 
 1331      5F436C65 
 1331      61725065 
 1332              	.LASF21:
 1333 01fe 7072696F 		.ascii	"priority\000"
 1333      72697479 
 1333      00
 1334              	.LASF29:
ARM GAS  C:\Users\DGILLI~1\AppData\Local\Temp\ccux36g3.s 			page 33


 1335 0207 49324353 		.ascii	"I2CS_SCB_IRQ_Start\000"
 1335      5F534342 
 1335      5F495251 
 1335      5F537461 
 1335      727400
 1336              	.LASF25:
 1337 021a 49324353 		.ascii	"I2CS_SCB_IRQ_Enable\000"
 1337      5F534342 
 1337      5F495251 
 1337      5F456E61 
 1337      626C6500 
 1338              	.LASF12:
 1339 022e 646F7562 		.ascii	"double\000"
 1339      6C6500
 1340              	.LASF10:
 1341 0235 75696E74 		.ascii	"uint32\000"
 1341      333200
 1342              	.LASF34:
 1343 023c 4379456E 		.ascii	"CyEnterCriticalSection\000"
 1343      74657243 
 1343      72697469 
 1343      63616C53 
 1343      65637469 
 1344              	.LASF8:
 1345 0253 756E7369 		.ascii	"unsigned int\000"
 1345      676E6564 
 1345      20696E74 
 1345      00
 1346              	.LASF28:
 1347 0260 49324353 		.ascii	"I2CS_SCB_IRQ_Disable\000"
 1347      5F534342 
 1347      5F495251 
 1347      5F446973 
 1347      61626C65 
 1348              	.LASF20:
 1349 0275 61646472 		.ascii	"address\000"
 1349      65737300 
 1350              	.LASF35:
 1351 027d 43794578 		.ascii	"CyExitCriticalSection\000"
 1351      69744372 
 1351      69746963 
 1351      616C5365 
 1351      6374696F 
 1352              	.LASF39:
 1353 0293 49324353 		.ascii	"I2CS_SCB_IRQ_GetPriority\000"
 1353      5F534342 
 1353      5F495251 
 1353      5F476574 
 1353      5072696F 
 1354              	.LASF15:
 1355 02ac 63796973 		.ascii	"cyisraddress\000"
 1355      72616464 
 1355      72657373 
 1355      00
 1356              	.LASF18:
 1357 02b9 49324353 		.ascii	"I2CS_SCB_IRQ_SetVector\000"
 1357      5F534342 
ARM GAS  C:\Users\DGILLI~1\AppData\Local\Temp\ccux36g3.s 			page 34


 1357      5F495251 
 1357      5F536574 
 1357      56656374 
 1358              	.LASF17:
 1359 02d0 73697A65 		.ascii	"sizetype\000"
 1359      74797065 
 1359      00
 1360              	.LASF31:
 1361 02d9 49324353 		.ascii	"I2CS_SCB_IRQ_Stop\000"
 1361      5F534342 
 1361      5F495251 
 1361      5F53746F 
 1361      7000
 1362              	.LASF6:
 1363 02eb 6C6F6E67 		.ascii	"long long int\000"
 1363      206C6F6E 
 1363      6720696E 
 1363      7400
 1364              	.LASF32:
 1365 02f9 49324353 		.ascii	"I2CS_SCB_IRQ_SetPending\000"
 1365      5F534342 
 1365      5F495251 
 1365      5F536574 
 1365      50656E64 
 1366              	.LASF13:
 1367 0311 63686172 		.ascii	"char\000"
 1367      00
 1368              	.LASF2:
 1369 0316 73686F72 		.ascii	"short int\000"
 1369      7420696E 
 1369      7400
 1370              	.LASF9:
 1371 0320 75696E74 		.ascii	"uint8\000"
 1371      3800
 1372              	.LASF23:
 1373 0326 7072696F 		.ascii	"priorityOffset\000"
 1373      72697479 
 1373      4F666673 
 1373      657400
 1374              	.LASF4:
 1375 0335 6C6F6E67 		.ascii	"long int\000"
 1375      20696E74 
 1375      00
 1376              	.LASF14:
 1377 033e 72656733 		.ascii	"reg32\000"
 1377      3200
 1378              	.LASF16:
 1379 0344 6C6F6E67 		.ascii	"long double\000"
 1379      20646F75 
 1379      626C6500 
 1380              	.LASF19:
 1381 0350 49324353 		.ascii	"I2CS_SCB_IRQ_SetPriority\000"
 1381      5F534342 
 1381      5F495251 
 1381      5F536574 
 1381      5072696F 
 1382              	.LASF0:
ARM GAS  C:\Users\DGILLI~1\AppData\Local\Temp\ccux36g3.s 			page 35


 1383 0369 7369676E 		.ascii	"signed char\000"
 1383      65642063 
 1383      68617200 
 1384              	.LASF27:
 1385 0375 49324353 		.ascii	"I2CS_SCB_IRQ_GetState\000"
 1385      5F534342 
 1385      5F495251 
 1385      5F476574 
 1385      53746174 
 1386              		.ident	"GCC: (GNU Tools for ARM Embedded Processors) 5.4.1 20160609 (release) [ARM/embedded-5-bran
