ARM GAS  C:\Users\doug_000\AppData\Local\Temp\ccidEbyG.s 			page 1


   1              		.syntax unified
   2              		.cpu cortex-m3
   3              		.fpu softvfp
   4              		.eabi_attribute 20, 1
   5              		.eabi_attribute 21, 1
   6              		.eabi_attribute 23, 3
   7              		.eabi_attribute 24, 1
   8              		.eabi_attribute 25, 1
   9              		.eabi_attribute 26, 1
  10              		.eabi_attribute 30, 1
  11              		.eabi_attribute 34, 1
  12              		.eabi_attribute 18, 4
  13              		.thumb
  14              		.file	"Control_Reg_2_PM.c"
  15              		.text
  16              	.Ltext0:
  17              		.cfi_sections	.debug_frame
  18              		.section	.text.Control_Reg_2_SaveConfig,"ax",%progbits
  19              		.align	2
  20              		.global	Control_Reg_2_SaveConfig
  21              		.thumb
  22              		.thumb_func
  23              		.type	Control_Reg_2_SaveConfig, %function
  24              	Control_Reg_2_SaveConfig:
  25              	.LFB0:
  26              		.file 1 "Generated_Source\\PSoC5\\Control_Reg_2_PM.c"
   1:Generated_Source\PSoC5/Control_Reg_2_PM.c **** /*******************************************************************************
   2:Generated_Source\PSoC5/Control_Reg_2_PM.c **** * File Name: Control_Reg_2_PM.c
   3:Generated_Source\PSoC5/Control_Reg_2_PM.c **** * Version 1.80
   4:Generated_Source\PSoC5/Control_Reg_2_PM.c **** *
   5:Generated_Source\PSoC5/Control_Reg_2_PM.c **** * Description:
   6:Generated_Source\PSoC5/Control_Reg_2_PM.c **** *  This file contains the setup, control, and status commands to support 
   7:Generated_Source\PSoC5/Control_Reg_2_PM.c **** *  the component operation in the low power mode. 
   8:Generated_Source\PSoC5/Control_Reg_2_PM.c **** *
   9:Generated_Source\PSoC5/Control_Reg_2_PM.c **** * Note:
  10:Generated_Source\PSoC5/Control_Reg_2_PM.c **** *
  11:Generated_Source\PSoC5/Control_Reg_2_PM.c **** ********************************************************************************
  12:Generated_Source\PSoC5/Control_Reg_2_PM.c **** * Copyright 2015, Cypress Semiconductor Corporation.  All rights reserved.
  13:Generated_Source\PSoC5/Control_Reg_2_PM.c **** * You may use this file only in accordance with the license, terms, conditions, 
  14:Generated_Source\PSoC5/Control_Reg_2_PM.c **** * disclaimers, and limitations in the end user license agreement accompanying 
  15:Generated_Source\PSoC5/Control_Reg_2_PM.c **** * the software package with which this file was provided.
  16:Generated_Source\PSoC5/Control_Reg_2_PM.c **** *******************************************************************************/
  17:Generated_Source\PSoC5/Control_Reg_2_PM.c **** 
  18:Generated_Source\PSoC5/Control_Reg_2_PM.c **** #include "Control_Reg_2.h"
  19:Generated_Source\PSoC5/Control_Reg_2_PM.c **** 
  20:Generated_Source\PSoC5/Control_Reg_2_PM.c **** /* Check for removal by optimization */
  21:Generated_Source\PSoC5/Control_Reg_2_PM.c **** #if !defined(Control_Reg_2_Sync_ctrl_reg__REMOVED)
  22:Generated_Source\PSoC5/Control_Reg_2_PM.c **** 
  23:Generated_Source\PSoC5/Control_Reg_2_PM.c **** static Control_Reg_2_BACKUP_STRUCT  Control_Reg_2_backup = {0u};
  24:Generated_Source\PSoC5/Control_Reg_2_PM.c **** 
  25:Generated_Source\PSoC5/Control_Reg_2_PM.c ****     
  26:Generated_Source\PSoC5/Control_Reg_2_PM.c **** /*******************************************************************************
  27:Generated_Source\PSoC5/Control_Reg_2_PM.c **** * Function Name: Control_Reg_2_SaveConfig
  28:Generated_Source\PSoC5/Control_Reg_2_PM.c **** ********************************************************************************
  29:Generated_Source\PSoC5/Control_Reg_2_PM.c **** *
  30:Generated_Source\PSoC5/Control_Reg_2_PM.c **** * Summary:
  31:Generated_Source\PSoC5/Control_Reg_2_PM.c **** *  Saves the control register value.
ARM GAS  C:\Users\doug_000\AppData\Local\Temp\ccidEbyG.s 			page 2


  32:Generated_Source\PSoC5/Control_Reg_2_PM.c **** *
  33:Generated_Source\PSoC5/Control_Reg_2_PM.c **** * Parameters:
  34:Generated_Source\PSoC5/Control_Reg_2_PM.c **** *  None
  35:Generated_Source\PSoC5/Control_Reg_2_PM.c **** *
  36:Generated_Source\PSoC5/Control_Reg_2_PM.c **** * Return:
  37:Generated_Source\PSoC5/Control_Reg_2_PM.c **** *  None
  38:Generated_Source\PSoC5/Control_Reg_2_PM.c **** *
  39:Generated_Source\PSoC5/Control_Reg_2_PM.c **** *******************************************************************************/
  40:Generated_Source\PSoC5/Control_Reg_2_PM.c **** void Control_Reg_2_SaveConfig(void) 
  41:Generated_Source\PSoC5/Control_Reg_2_PM.c **** {
  27              		.loc 1 41 0
  28              		.cfi_startproc
  29              		@ args = 0, pretend = 0, frame = 0
  30              		@ frame_needed = 0, uses_anonymous_args = 0
  31              		@ link register save eliminated.
  42:Generated_Source\PSoC5/Control_Reg_2_PM.c ****     Control_Reg_2_backup.controlState = Control_Reg_2_Control;
  32              		.loc 1 42 0
  33 0000 024B     		ldr	r3, .L2
  34 0002 1A78     		ldrb	r2, [r3]	@ zero_extendqisi2
  35 0004 024B     		ldr	r3, .L2+4
  36 0006 1A70     		strb	r2, [r3]
  37 0008 7047     		bx	lr
  38              	.L3:
  39 000a 00BF     		.align	2
  40              	.L2:
  41 000c 77640040 		.word	1073767543
  42 0010 00000000 		.word	.LANCHOR0
  43              		.cfi_endproc
  44              	.LFE0:
  45              		.size	Control_Reg_2_SaveConfig, .-Control_Reg_2_SaveConfig
  46              		.section	.text.Control_Reg_2_RestoreConfig,"ax",%progbits
  47              		.align	2
  48              		.global	Control_Reg_2_RestoreConfig
  49              		.thumb
  50              		.thumb_func
  51              		.type	Control_Reg_2_RestoreConfig, %function
  52              	Control_Reg_2_RestoreConfig:
  53              	.LFB1:
  43:Generated_Source\PSoC5/Control_Reg_2_PM.c **** }
  44:Generated_Source\PSoC5/Control_Reg_2_PM.c **** 
  45:Generated_Source\PSoC5/Control_Reg_2_PM.c **** 
  46:Generated_Source\PSoC5/Control_Reg_2_PM.c **** /*******************************************************************************
  47:Generated_Source\PSoC5/Control_Reg_2_PM.c **** * Function Name: Control_Reg_2_RestoreConfig
  48:Generated_Source\PSoC5/Control_Reg_2_PM.c **** ********************************************************************************
  49:Generated_Source\PSoC5/Control_Reg_2_PM.c **** *
  50:Generated_Source\PSoC5/Control_Reg_2_PM.c **** * Summary:
  51:Generated_Source\PSoC5/Control_Reg_2_PM.c **** *  Restores the control register value.
  52:Generated_Source\PSoC5/Control_Reg_2_PM.c **** *
  53:Generated_Source\PSoC5/Control_Reg_2_PM.c **** * Parameters:
  54:Generated_Source\PSoC5/Control_Reg_2_PM.c **** *  None
  55:Generated_Source\PSoC5/Control_Reg_2_PM.c **** *
  56:Generated_Source\PSoC5/Control_Reg_2_PM.c **** * Return:
  57:Generated_Source\PSoC5/Control_Reg_2_PM.c **** *  None
  58:Generated_Source\PSoC5/Control_Reg_2_PM.c **** *
  59:Generated_Source\PSoC5/Control_Reg_2_PM.c **** *
  60:Generated_Source\PSoC5/Control_Reg_2_PM.c **** *******************************************************************************/
  61:Generated_Source\PSoC5/Control_Reg_2_PM.c **** void Control_Reg_2_RestoreConfig(void) 
ARM GAS  C:\Users\doug_000\AppData\Local\Temp\ccidEbyG.s 			page 3


  62:Generated_Source\PSoC5/Control_Reg_2_PM.c **** {
  54              		.loc 1 62 0
  55              		.cfi_startproc
  56              		@ args = 0, pretend = 0, frame = 0
  57              		@ frame_needed = 0, uses_anonymous_args = 0
  58              		@ link register save eliminated.
  63:Generated_Source\PSoC5/Control_Reg_2_PM.c ****      Control_Reg_2_Control = Control_Reg_2_backup.controlState;
  59              		.loc 1 63 0
  60 0000 024B     		ldr	r3, .L5
  61 0002 1A78     		ldrb	r2, [r3]	@ zero_extendqisi2
  62 0004 024B     		ldr	r3, .L5+4
  63 0006 1A70     		strb	r2, [r3]
  64 0008 7047     		bx	lr
  65              	.L6:
  66 000a 00BF     		.align	2
  67              	.L5:
  68 000c 00000000 		.word	.LANCHOR0
  69 0010 77640040 		.word	1073767543
  70              		.cfi_endproc
  71              	.LFE1:
  72              		.size	Control_Reg_2_RestoreConfig, .-Control_Reg_2_RestoreConfig
  73              		.section	.text.Control_Reg_2_Sleep,"ax",%progbits
  74              		.align	2
  75              		.global	Control_Reg_2_Sleep
  76              		.thumb
  77              		.thumb_func
  78              		.type	Control_Reg_2_Sleep, %function
  79              	Control_Reg_2_Sleep:
  80              	.LFB2:
  64:Generated_Source\PSoC5/Control_Reg_2_PM.c **** }
  65:Generated_Source\PSoC5/Control_Reg_2_PM.c **** 
  66:Generated_Source\PSoC5/Control_Reg_2_PM.c **** 
  67:Generated_Source\PSoC5/Control_Reg_2_PM.c **** /*******************************************************************************
  68:Generated_Source\PSoC5/Control_Reg_2_PM.c **** * Function Name: Control_Reg_2_Sleep
  69:Generated_Source\PSoC5/Control_Reg_2_PM.c **** ********************************************************************************
  70:Generated_Source\PSoC5/Control_Reg_2_PM.c **** *
  71:Generated_Source\PSoC5/Control_Reg_2_PM.c **** * Summary:
  72:Generated_Source\PSoC5/Control_Reg_2_PM.c **** *  Prepares the component for entering the low power mode.
  73:Generated_Source\PSoC5/Control_Reg_2_PM.c **** *
  74:Generated_Source\PSoC5/Control_Reg_2_PM.c **** * Parameters:
  75:Generated_Source\PSoC5/Control_Reg_2_PM.c **** *  None
  76:Generated_Source\PSoC5/Control_Reg_2_PM.c **** *
  77:Generated_Source\PSoC5/Control_Reg_2_PM.c **** * Return:
  78:Generated_Source\PSoC5/Control_Reg_2_PM.c **** *  None
  79:Generated_Source\PSoC5/Control_Reg_2_PM.c **** *
  80:Generated_Source\PSoC5/Control_Reg_2_PM.c **** *******************************************************************************/
  81:Generated_Source\PSoC5/Control_Reg_2_PM.c **** void Control_Reg_2_Sleep(void) 
  82:Generated_Source\PSoC5/Control_Reg_2_PM.c **** {
  81              		.loc 1 82 0
  82              		.cfi_startproc
  83              		@ args = 0, pretend = 0, frame = 0
  84              		@ frame_needed = 0, uses_anonymous_args = 0
  85 0000 08B5     		push	{r3, lr}
  86              		.cfi_def_cfa_offset 8
  87              		.cfi_offset 3, -8
  88              		.cfi_offset 14, -4
  83:Generated_Source\PSoC5/Control_Reg_2_PM.c ****     Control_Reg_2_SaveConfig();
ARM GAS  C:\Users\doug_000\AppData\Local\Temp\ccidEbyG.s 			page 4


  89              		.loc 1 83 0
  90 0002 FFF7FEFF 		bl	Control_Reg_2_SaveConfig
  91              	.LVL0:
  92 0006 08BD     		pop	{r3, pc}
  93              		.cfi_endproc
  94              	.LFE2:
  95              		.size	Control_Reg_2_Sleep, .-Control_Reg_2_Sleep
  96              		.section	.text.Control_Reg_2_Wakeup,"ax",%progbits
  97              		.align	2
  98              		.global	Control_Reg_2_Wakeup
  99              		.thumb
 100              		.thumb_func
 101              		.type	Control_Reg_2_Wakeup, %function
 102              	Control_Reg_2_Wakeup:
 103              	.LFB3:
  84:Generated_Source\PSoC5/Control_Reg_2_PM.c **** }
  85:Generated_Source\PSoC5/Control_Reg_2_PM.c **** 
  86:Generated_Source\PSoC5/Control_Reg_2_PM.c **** 
  87:Generated_Source\PSoC5/Control_Reg_2_PM.c **** /*******************************************************************************
  88:Generated_Source\PSoC5/Control_Reg_2_PM.c **** * Function Name: Control_Reg_2_Wakeup
  89:Generated_Source\PSoC5/Control_Reg_2_PM.c **** ********************************************************************************
  90:Generated_Source\PSoC5/Control_Reg_2_PM.c **** *
  91:Generated_Source\PSoC5/Control_Reg_2_PM.c **** * Summary:
  92:Generated_Source\PSoC5/Control_Reg_2_PM.c **** *  Restores the component after waking up from the low power mode.
  93:Generated_Source\PSoC5/Control_Reg_2_PM.c **** *
  94:Generated_Source\PSoC5/Control_Reg_2_PM.c **** * Parameters:
  95:Generated_Source\PSoC5/Control_Reg_2_PM.c **** *  None
  96:Generated_Source\PSoC5/Control_Reg_2_PM.c **** *
  97:Generated_Source\PSoC5/Control_Reg_2_PM.c **** * Return:
  98:Generated_Source\PSoC5/Control_Reg_2_PM.c **** *  None
  99:Generated_Source\PSoC5/Control_Reg_2_PM.c **** *
 100:Generated_Source\PSoC5/Control_Reg_2_PM.c **** *******************************************************************************/
 101:Generated_Source\PSoC5/Control_Reg_2_PM.c **** void Control_Reg_2_Wakeup(void)  
 102:Generated_Source\PSoC5/Control_Reg_2_PM.c **** {
 104              		.loc 1 102 0
 105              		.cfi_startproc
 106              		@ args = 0, pretend = 0, frame = 0
 107              		@ frame_needed = 0, uses_anonymous_args = 0
 108 0000 08B5     		push	{r3, lr}
 109              		.cfi_def_cfa_offset 8
 110              		.cfi_offset 3, -8
 111              		.cfi_offset 14, -4
 103:Generated_Source\PSoC5/Control_Reg_2_PM.c ****     Control_Reg_2_RestoreConfig();
 112              		.loc 1 103 0
 113 0002 FFF7FEFF 		bl	Control_Reg_2_RestoreConfig
 114              	.LVL1:
 115 0006 08BD     		pop	{r3, pc}
 116              		.cfi_endproc
 117              	.LFE3:
 118              		.size	Control_Reg_2_Wakeup, .-Control_Reg_2_Wakeup
 119              		.bss
 120              		.align	2
 121              		.set	.LANCHOR0,. + 0
 122              		.type	Control_Reg_2_backup, %object
 123              		.size	Control_Reg_2_backup, 1
 124              	Control_Reg_2_backup:
 125 0000 00       		.space	1
ARM GAS  C:\Users\doug_000\AppData\Local\Temp\ccidEbyG.s 			page 5


 126 0001 000000   		.text
 127              	.Letext0:
 128              		.file 2 "Generated_Source\\PSoC5\\cytypes.h"
 129              		.file 3 "Generated_Source\\PSoC5\\Control_Reg_2.h"
 130              		.section	.debug_info,"",%progbits
 131              	.Ldebug_info0:
 132 0000 2B010000 		.4byte	0x12b
 133 0004 0400     		.2byte	0x4
 134 0006 00000000 		.4byte	.Ldebug_abbrev0
 135 000a 04       		.byte	0x4
 136 000b 01       		.uleb128 0x1
 137 000c AC000000 		.4byte	.LASF19
 138 0010 01       		.byte	0x1
 139 0011 49000000 		.4byte	.LASF20
 140 0015 77010000 		.4byte	.LASF21
 141 0019 00000000 		.4byte	.Ldebug_ranges0+0
 142 001d 00000000 		.4byte	0
 143 0021 00000000 		.4byte	.Ldebug_line0
 144 0025 02       		.uleb128 0x2
 145 0026 01       		.byte	0x1
 146 0027 06       		.byte	0x6
 147 0028 0D020000 		.4byte	.LASF0
 148 002c 02       		.uleb128 0x2
 149 002d 01       		.byte	0x1
 150 002e 08       		.byte	0x8
 151 002f 36000000 		.4byte	.LASF1
 152 0033 02       		.uleb128 0x2
 153 0034 02       		.byte	0x2
 154 0035 05       		.byte	0x5
 155 0036 DF010000 		.4byte	.LASF2
 156 003a 02       		.uleb128 0x2
 157 003b 02       		.byte	0x2
 158 003c 07       		.byte	0x7
 159 003d 85000000 		.4byte	.LASF3
 160 0041 02       		.uleb128 0x2
 161 0042 04       		.byte	0x4
 162 0043 05       		.byte	0x5
 163 0044 04020000 		.4byte	.LASF4
 164 0048 02       		.uleb128 0x2
 165 0049 04       		.byte	0x4
 166 004a 07       		.byte	0x7
 167 004b 73000000 		.4byte	.LASF5
 168 004f 02       		.uleb128 0x2
 169 0050 08       		.byte	0x8
 170 0051 05       		.byte	0x5
 171 0052 CC010000 		.4byte	.LASF6
 172 0056 02       		.uleb128 0x2
 173 0057 08       		.byte	0x8
 174 0058 07       		.byte	0x7
 175 0059 60010000 		.4byte	.LASF7
 176 005d 03       		.uleb128 0x3
 177 005e 04       		.byte	0x4
 178 005f 05       		.byte	0x5
 179 0060 696E7400 		.ascii	"int\000"
 180 0064 02       		.uleb128 0x2
 181 0065 04       		.byte	0x4
 182 0066 07       		.byte	0x7
ARM GAS  C:\Users\doug_000\AppData\Local\Temp\ccidEbyG.s 			page 6


 183 0067 53010000 		.4byte	.LASF8
 184 006b 04       		.uleb128 0x4
 185 006c E9010000 		.4byte	.LASF12
 186 0070 02       		.byte	0x2
 187 0071 9201     		.2byte	0x192
 188 0073 2C000000 		.4byte	0x2c
 189 0077 02       		.uleb128 0x2
 190 0078 04       		.byte	0x4
 191 0079 04       		.byte	0x4
 192 007a 30000000 		.4byte	.LASF9
 193 007e 02       		.uleb128 0x2
 194 007f 08       		.byte	0x8
 195 0080 04       		.byte	0x4
 196 0081 A5000000 		.4byte	.LASF10
 197 0085 02       		.uleb128 0x2
 198 0086 01       		.byte	0x1
 199 0087 08       		.byte	0x8
 200 0088 DA010000 		.4byte	.LASF11
 201 008c 04       		.uleb128 0x4
 202 008d 44000000 		.4byte	.LASF13
 203 0091 02       		.byte	0x2
 204 0092 3C02     		.2byte	0x23c
 205 0094 98000000 		.4byte	0x98
 206 0098 05       		.uleb128 0x5
 207 0099 6B000000 		.4byte	0x6b
 208 009d 06       		.uleb128 0x6
 209 009e 01       		.byte	0x1
 210 009f 03       		.byte	0x3
 211 00a0 1C       		.byte	0x1c
 212 00a1 B2000000 		.4byte	0xb2
 213 00a5 07       		.uleb128 0x7
 214 00a6 98000000 		.4byte	.LASF22
 215 00aa 03       		.byte	0x3
 216 00ab 1E       		.byte	0x1e
 217 00ac 6B000000 		.4byte	0x6b
 218 00b0 00       		.byte	0
 219 00b1 00       		.byte	0
 220 00b2 08       		.uleb128 0x8
 221 00b3 19020000 		.4byte	.LASF14
 222 00b7 03       		.byte	0x3
 223 00b8 20       		.byte	0x20
 224 00b9 9D000000 		.4byte	0x9d
 225 00bd 09       		.uleb128 0x9
 226 00be 3A010000 		.4byte	.LASF15
 227 00c2 01       		.byte	0x1
 228 00c3 28       		.byte	0x28
 229 00c4 00000000 		.4byte	.LFB0
 230 00c8 14000000 		.4byte	.LFE0-.LFB0
 231 00cc 01       		.uleb128 0x1
 232 00cd 9C       		.byte	0x9c
 233 00ce 09       		.uleb128 0x9
 234 00cf 00000000 		.4byte	.LASF16
 235 00d3 01       		.byte	0x1
 236 00d4 3D       		.byte	0x3d
 237 00d5 00000000 		.4byte	.LFB1
 238 00d9 14000000 		.4byte	.LFE1-.LFB1
 239 00dd 01       		.uleb128 0x1
ARM GAS  C:\Users\doug_000\AppData\Local\Temp\ccidEbyG.s 			page 7


 240 00de 9C       		.byte	0x9c
 241 00df 0A       		.uleb128 0xa
 242 00e0 1C000000 		.4byte	.LASF17
 243 00e4 01       		.byte	0x1
 244 00e5 51       		.byte	0x51
 245 00e6 00000000 		.4byte	.LFB2
 246 00ea 08000000 		.4byte	.LFE2-.LFB2
 247 00ee 01       		.uleb128 0x1
 248 00ef 9C       		.byte	0x9c
 249 00f0 FE000000 		.4byte	0xfe
 250 00f4 0B       		.uleb128 0xb
 251 00f5 06000000 		.4byte	.LVL0
 252 00f9 BD000000 		.4byte	0xbd
 253 00fd 00       		.byte	0
 254 00fe 0A       		.uleb128 0xa
 255 00ff 35020000 		.4byte	.LASF18
 256 0103 01       		.byte	0x1
 257 0104 65       		.byte	0x65
 258 0105 00000000 		.4byte	.LFB3
 259 0109 08000000 		.4byte	.LFE3-.LFB3
 260 010d 01       		.uleb128 0x1
 261 010e 9C       		.byte	0x9c
 262 010f 1D010000 		.4byte	0x11d
 263 0113 0B       		.uleb128 0xb
 264 0114 06000000 		.4byte	.LVL1
 265 0118 CE000000 		.4byte	0xce
 266 011c 00       		.byte	0
 267 011d 0C       		.uleb128 0xc
 268 011e EF010000 		.4byte	.LASF23
 269 0122 01       		.byte	0x1
 270 0123 17       		.byte	0x17
 271 0124 B2000000 		.4byte	0xb2
 272 0128 05       		.uleb128 0x5
 273 0129 03       		.byte	0x3
 274 012a 00000000 		.4byte	Control_Reg_2_backup
 275 012e 00       		.byte	0
 276              		.section	.debug_abbrev,"",%progbits
 277              	.Ldebug_abbrev0:
 278 0000 01       		.uleb128 0x1
 279 0001 11       		.uleb128 0x11
 280 0002 01       		.byte	0x1
 281 0003 25       		.uleb128 0x25
 282 0004 0E       		.uleb128 0xe
 283 0005 13       		.uleb128 0x13
 284 0006 0B       		.uleb128 0xb
 285 0007 03       		.uleb128 0x3
 286 0008 0E       		.uleb128 0xe
 287 0009 1B       		.uleb128 0x1b
 288 000a 0E       		.uleb128 0xe
 289 000b 55       		.uleb128 0x55
 290 000c 17       		.uleb128 0x17
 291 000d 11       		.uleb128 0x11
 292 000e 01       		.uleb128 0x1
 293 000f 10       		.uleb128 0x10
 294 0010 17       		.uleb128 0x17
 295 0011 00       		.byte	0
 296 0012 00       		.byte	0
ARM GAS  C:\Users\doug_000\AppData\Local\Temp\ccidEbyG.s 			page 8


 297 0013 02       		.uleb128 0x2
 298 0014 24       		.uleb128 0x24
 299 0015 00       		.byte	0
 300 0016 0B       		.uleb128 0xb
 301 0017 0B       		.uleb128 0xb
 302 0018 3E       		.uleb128 0x3e
 303 0019 0B       		.uleb128 0xb
 304 001a 03       		.uleb128 0x3
 305 001b 0E       		.uleb128 0xe
 306 001c 00       		.byte	0
 307 001d 00       		.byte	0
 308 001e 03       		.uleb128 0x3
 309 001f 24       		.uleb128 0x24
 310 0020 00       		.byte	0
 311 0021 0B       		.uleb128 0xb
 312 0022 0B       		.uleb128 0xb
 313 0023 3E       		.uleb128 0x3e
 314 0024 0B       		.uleb128 0xb
 315 0025 03       		.uleb128 0x3
 316 0026 08       		.uleb128 0x8
 317 0027 00       		.byte	0
 318 0028 00       		.byte	0
 319 0029 04       		.uleb128 0x4
 320 002a 16       		.uleb128 0x16
 321 002b 00       		.byte	0
 322 002c 03       		.uleb128 0x3
 323 002d 0E       		.uleb128 0xe
 324 002e 3A       		.uleb128 0x3a
 325 002f 0B       		.uleb128 0xb
 326 0030 3B       		.uleb128 0x3b
 327 0031 05       		.uleb128 0x5
 328 0032 49       		.uleb128 0x49
 329 0033 13       		.uleb128 0x13
 330 0034 00       		.byte	0
 331 0035 00       		.byte	0
 332 0036 05       		.uleb128 0x5
 333 0037 35       		.uleb128 0x35
 334 0038 00       		.byte	0
 335 0039 49       		.uleb128 0x49
 336 003a 13       		.uleb128 0x13
 337 003b 00       		.byte	0
 338 003c 00       		.byte	0
 339 003d 06       		.uleb128 0x6
 340 003e 13       		.uleb128 0x13
 341 003f 01       		.byte	0x1
 342 0040 0B       		.uleb128 0xb
 343 0041 0B       		.uleb128 0xb
 344 0042 3A       		.uleb128 0x3a
 345 0043 0B       		.uleb128 0xb
 346 0044 3B       		.uleb128 0x3b
 347 0045 0B       		.uleb128 0xb
 348 0046 01       		.uleb128 0x1
 349 0047 13       		.uleb128 0x13
 350 0048 00       		.byte	0
 351 0049 00       		.byte	0
 352 004a 07       		.uleb128 0x7
 353 004b 0D       		.uleb128 0xd
ARM GAS  C:\Users\doug_000\AppData\Local\Temp\ccidEbyG.s 			page 9


 354 004c 00       		.byte	0
 355 004d 03       		.uleb128 0x3
 356 004e 0E       		.uleb128 0xe
 357 004f 3A       		.uleb128 0x3a
 358 0050 0B       		.uleb128 0xb
 359 0051 3B       		.uleb128 0x3b
 360 0052 0B       		.uleb128 0xb
 361 0053 49       		.uleb128 0x49
 362 0054 13       		.uleb128 0x13
 363 0055 38       		.uleb128 0x38
 364 0056 0B       		.uleb128 0xb
 365 0057 00       		.byte	0
 366 0058 00       		.byte	0
 367 0059 08       		.uleb128 0x8
 368 005a 16       		.uleb128 0x16
 369 005b 00       		.byte	0
 370 005c 03       		.uleb128 0x3
 371 005d 0E       		.uleb128 0xe
 372 005e 3A       		.uleb128 0x3a
 373 005f 0B       		.uleb128 0xb
 374 0060 3B       		.uleb128 0x3b
 375 0061 0B       		.uleb128 0xb
 376 0062 49       		.uleb128 0x49
 377 0063 13       		.uleb128 0x13
 378 0064 00       		.byte	0
 379 0065 00       		.byte	0
 380 0066 09       		.uleb128 0x9
 381 0067 2E       		.uleb128 0x2e
 382 0068 00       		.byte	0
 383 0069 3F       		.uleb128 0x3f
 384 006a 19       		.uleb128 0x19
 385 006b 03       		.uleb128 0x3
 386 006c 0E       		.uleb128 0xe
 387 006d 3A       		.uleb128 0x3a
 388 006e 0B       		.uleb128 0xb
 389 006f 3B       		.uleb128 0x3b
 390 0070 0B       		.uleb128 0xb
 391 0071 27       		.uleb128 0x27
 392 0072 19       		.uleb128 0x19
 393 0073 11       		.uleb128 0x11
 394 0074 01       		.uleb128 0x1
 395 0075 12       		.uleb128 0x12
 396 0076 06       		.uleb128 0x6
 397 0077 40       		.uleb128 0x40
 398 0078 18       		.uleb128 0x18
 399 0079 9742     		.uleb128 0x2117
 400 007b 19       		.uleb128 0x19
 401 007c 00       		.byte	0
 402 007d 00       		.byte	0
 403 007e 0A       		.uleb128 0xa
 404 007f 2E       		.uleb128 0x2e
 405 0080 01       		.byte	0x1
 406 0081 3F       		.uleb128 0x3f
 407 0082 19       		.uleb128 0x19
 408 0083 03       		.uleb128 0x3
 409 0084 0E       		.uleb128 0xe
 410 0085 3A       		.uleb128 0x3a
ARM GAS  C:\Users\doug_000\AppData\Local\Temp\ccidEbyG.s 			page 10


 411 0086 0B       		.uleb128 0xb
 412 0087 3B       		.uleb128 0x3b
 413 0088 0B       		.uleb128 0xb
 414 0089 27       		.uleb128 0x27
 415 008a 19       		.uleb128 0x19
 416 008b 11       		.uleb128 0x11
 417 008c 01       		.uleb128 0x1
 418 008d 12       		.uleb128 0x12
 419 008e 06       		.uleb128 0x6
 420 008f 40       		.uleb128 0x40
 421 0090 18       		.uleb128 0x18
 422 0091 9742     		.uleb128 0x2117
 423 0093 19       		.uleb128 0x19
 424 0094 01       		.uleb128 0x1
 425 0095 13       		.uleb128 0x13
 426 0096 00       		.byte	0
 427 0097 00       		.byte	0
 428 0098 0B       		.uleb128 0xb
 429 0099 898201   		.uleb128 0x4109
 430 009c 00       		.byte	0
 431 009d 11       		.uleb128 0x11
 432 009e 01       		.uleb128 0x1
 433 009f 31       		.uleb128 0x31
 434 00a0 13       		.uleb128 0x13
 435 00a1 00       		.byte	0
 436 00a2 00       		.byte	0
 437 00a3 0C       		.uleb128 0xc
 438 00a4 34       		.uleb128 0x34
 439 00a5 00       		.byte	0
 440 00a6 03       		.uleb128 0x3
 441 00a7 0E       		.uleb128 0xe
 442 00a8 3A       		.uleb128 0x3a
 443 00a9 0B       		.uleb128 0xb
 444 00aa 3B       		.uleb128 0x3b
 445 00ab 0B       		.uleb128 0xb
 446 00ac 49       		.uleb128 0x49
 447 00ad 13       		.uleb128 0x13
 448 00ae 02       		.uleb128 0x2
 449 00af 18       		.uleb128 0x18
 450 00b0 00       		.byte	0
 451 00b1 00       		.byte	0
 452 00b2 00       		.byte	0
 453              		.section	.debug_aranges,"",%progbits
 454 0000 34000000 		.4byte	0x34
 455 0004 0200     		.2byte	0x2
 456 0006 00000000 		.4byte	.Ldebug_info0
 457 000a 04       		.byte	0x4
 458 000b 00       		.byte	0
 459 000c 0000     		.2byte	0
 460 000e 0000     		.2byte	0
 461 0010 00000000 		.4byte	.LFB0
 462 0014 14000000 		.4byte	.LFE0-.LFB0
 463 0018 00000000 		.4byte	.LFB1
 464 001c 14000000 		.4byte	.LFE1-.LFB1
 465 0020 00000000 		.4byte	.LFB2
 466 0024 08000000 		.4byte	.LFE2-.LFB2
 467 0028 00000000 		.4byte	.LFB3
ARM GAS  C:\Users\doug_000\AppData\Local\Temp\ccidEbyG.s 			page 11


 468 002c 08000000 		.4byte	.LFE3-.LFB3
 469 0030 00000000 		.4byte	0
 470 0034 00000000 		.4byte	0
 471              		.section	.debug_ranges,"",%progbits
 472              	.Ldebug_ranges0:
 473 0000 00000000 		.4byte	.LFB0
 474 0004 14000000 		.4byte	.LFE0
 475 0008 00000000 		.4byte	.LFB1
 476 000c 14000000 		.4byte	.LFE1
 477 0010 00000000 		.4byte	.LFB2
 478 0014 08000000 		.4byte	.LFE2
 479 0018 00000000 		.4byte	.LFB3
 480 001c 08000000 		.4byte	.LFE3
 481 0020 00000000 		.4byte	0
 482 0024 00000000 		.4byte	0
 483              		.section	.debug_line,"",%progbits
 484              	.Ldebug_line0:
 485 0000 A8000000 		.section	.debug_str,"MS",%progbits,1
 485      02006000 
 485      00000201 
 485      FB0E0D00 
 485      01010101 
 486              	.LASF16:
 487 0000 436F6E74 		.ascii	"Control_Reg_2_RestoreConfig\000"
 487      726F6C5F 
 487      5265675F 
 487      325F5265 
 487      73746F72 
 488              	.LASF17:
 489 001c 436F6E74 		.ascii	"Control_Reg_2_Sleep\000"
 489      726F6C5F 
 489      5265675F 
 489      325F536C 
 489      65657000 
 490              	.LASF9:
 491 0030 666C6F61 		.ascii	"float\000"
 491      7400
 492              	.LASF1:
 493 0036 756E7369 		.ascii	"unsigned char\000"
 493      676E6564 
 493      20636861 
 493      7200
 494              	.LASF13:
 495 0044 72656738 		.ascii	"reg8\000"
 495      00
 496              	.LASF20:
 497 0049 47656E65 		.ascii	"Generated_Source\\PSoC5\\Control_Reg_2_PM.c\000"
 497      72617465 
 497      645F536F 
 497      75726365 
 497      5C50536F 
 498              	.LASF5:
 499 0073 6C6F6E67 		.ascii	"long unsigned int\000"
 499      20756E73 
 499      69676E65 
 499      6420696E 
 499      7400
ARM GAS  C:\Users\doug_000\AppData\Local\Temp\ccidEbyG.s 			page 12


 500              	.LASF3:
 501 0085 73686F72 		.ascii	"short unsigned int\000"
 501      7420756E 
 501      7369676E 
 501      65642069 
 501      6E7400
 502              	.LASF22:
 503 0098 636F6E74 		.ascii	"controlState\000"
 503      726F6C53 
 503      74617465 
 503      00
 504              	.LASF10:
 505 00a5 646F7562 		.ascii	"double\000"
 505      6C6500
 506              	.LASF19:
 507 00ac 474E5520 		.ascii	"GNU C 4.9.3 20150303 (release) [ARM/embedded-4_9-br"
 507      4320342E 
 507      392E3320 
 507      32303135 
 507      30333033 
 508 00df 616E6368 		.ascii	"anch revision 221220] -mcpu=cortex-m3 -mthumb -g -O"
 508      20726576 
 508      6973696F 
 508      6E203232 
 508      31323230 
 509 0112 67202D66 		.ascii	"g -ffunction-sections -ffat-lto-objects\000"
 509      66756E63 
 509      74696F6E 
 509      2D736563 
 509      74696F6E 
 510              	.LASF15:
 511 013a 436F6E74 		.ascii	"Control_Reg_2_SaveConfig\000"
 511      726F6C5F 
 511      5265675F 
 511      325F5361 
 511      7665436F 
 512              	.LASF8:
 513 0153 756E7369 		.ascii	"unsigned int\000"
 513      676E6564 
 513      20696E74 
 513      00
 514              	.LASF7:
 515 0160 6C6F6E67 		.ascii	"long long unsigned int\000"
 515      206C6F6E 
 515      6720756E 
 515      7369676E 
 515      65642069 
 516              	.LASF21:
 517 0177 433A5C55 		.ascii	"C:\\Users\\doug_000\\Documents\\GitHub\\ODAS\\ODAS-"
 517      73657273 
 517      5C646F75 
 517      675F3030 
 517      305C446F 
 518 01a4 50534F43 		.ascii	"PSOC5\\Projects\\ODAS-PSOC5-LEDS-01.cydsn\000"
 518      355C5072 
 518      6F6A6563 
 518      74735C4F 
ARM GAS  C:\Users\doug_000\AppData\Local\Temp\ccidEbyG.s 			page 13


 518      4441532D 
 519              	.LASF6:
 520 01cc 6C6F6E67 		.ascii	"long long int\000"
 520      206C6F6E 
 520      6720696E 
 520      7400
 521              	.LASF11:
 522 01da 63686172 		.ascii	"char\000"
 522      00
 523              	.LASF2:
 524 01df 73686F72 		.ascii	"short int\000"
 524      7420696E 
 524      7400
 525              	.LASF12:
 526 01e9 75696E74 		.ascii	"uint8\000"
 526      3800
 527              	.LASF23:
 528 01ef 436F6E74 		.ascii	"Control_Reg_2_backup\000"
 528      726F6C5F 
 528      5265675F 
 528      325F6261 
 528      636B7570 
 529              	.LASF4:
 530 0204 6C6F6E67 		.ascii	"long int\000"
 530      20696E74 
 530      00
 531              	.LASF0:
 532 020d 7369676E 		.ascii	"signed char\000"
 532      65642063 
 532      68617200 
 533              	.LASF14:
 534 0219 436F6E74 		.ascii	"Control_Reg_2_BACKUP_STRUCT\000"
 534      726F6C5F 
 534      5265675F 
 534      325F4241 
 534      434B5550 
 535              	.LASF18:
 536 0235 436F6E74 		.ascii	"Control_Reg_2_Wakeup\000"
 536      726F6C5F 
 536      5265675F 
 536      325F5761 
 536      6B657570 
 537              		.ident	"GCC: (GNU Tools for ARM Embedded Processors) 4.9.3 20150303 (release) [ARM/embedded-4_9-br
