ARM GAS  C:\Users\doug_000\AppData\Local\Temp\ccJ3RkK1.s 			page 1


   1              		.syntax unified
   2              		.cpu cortex-m3
   3              		.fpu softvfp
   4              		.eabi_attribute 20, 1
   5              		.eabi_attribute 21, 1
   6              		.eabi_attribute 23, 3
   7              		.eabi_attribute 24, 1
   8              		.eabi_attribute 25, 1
   9              		.eabi_attribute 26, 1
  10              		.eabi_attribute 30, 1
  11              		.eabi_attribute 34, 1
  12              		.eabi_attribute 18, 4
  13              		.thumb
  14              		.file	"Pin_1.c"
  15              		.text
  16              	.Ltext0:
  17              		.cfi_sections	.debug_frame
  18              		.section	.text.Pin_1_Write,"ax",%progbits
  19              		.align	2
  20              		.global	Pin_1_Write
  21              		.thumb
  22              		.thumb_func
  23              		.type	Pin_1_Write, %function
  24              	Pin_1_Write:
  25              	.LFB0:
  26              		.file 1 "Generated_Source\\PSoC5\\Pin_1.c"
   1:Generated_Source\PSoC5/Pin_1.c **** /*******************************************************************************
   2:Generated_Source\PSoC5/Pin_1.c **** * File Name: Pin_1.c  
   3:Generated_Source\PSoC5/Pin_1.c **** * Version 2.20
   4:Generated_Source\PSoC5/Pin_1.c **** *
   5:Generated_Source\PSoC5/Pin_1.c **** * Description:
   6:Generated_Source\PSoC5/Pin_1.c **** *  This file contains API to enable firmware control of a Pins component.
   7:Generated_Source\PSoC5/Pin_1.c **** *
   8:Generated_Source\PSoC5/Pin_1.c **** * Note:
   9:Generated_Source\PSoC5/Pin_1.c **** *
  10:Generated_Source\PSoC5/Pin_1.c **** ********************************************************************************
  11:Generated_Source\PSoC5/Pin_1.c **** * Copyright 2008-2015, Cypress Semiconductor Corporation.  All rights reserved.
  12:Generated_Source\PSoC5/Pin_1.c **** * You may use this file only in accordance with the license, terms, conditions, 
  13:Generated_Source\PSoC5/Pin_1.c **** * disclaimers, and limitations in the end user license agreement accompanying 
  14:Generated_Source\PSoC5/Pin_1.c **** * the software package with which this file was provided.
  15:Generated_Source\PSoC5/Pin_1.c **** *******************************************************************************/
  16:Generated_Source\PSoC5/Pin_1.c **** 
  17:Generated_Source\PSoC5/Pin_1.c **** #include "cytypes.h"
  18:Generated_Source\PSoC5/Pin_1.c **** #include "Pin_1.h"
  19:Generated_Source\PSoC5/Pin_1.c **** 
  20:Generated_Source\PSoC5/Pin_1.c **** /* APIs are not generated for P15[7:6] on PSoC 5 */
  21:Generated_Source\PSoC5/Pin_1.c **** #if !(CY_PSOC5A &&\
  22:Generated_Source\PSoC5/Pin_1.c **** 	 Pin_1__PORT == 15 && ((Pin_1__MASK & 0xC0) != 0))
  23:Generated_Source\PSoC5/Pin_1.c **** 
  24:Generated_Source\PSoC5/Pin_1.c **** 
  25:Generated_Source\PSoC5/Pin_1.c **** /*******************************************************************************
  26:Generated_Source\PSoC5/Pin_1.c **** * Function Name: Pin_1_Write
  27:Generated_Source\PSoC5/Pin_1.c **** ****************************************************************************//**
  28:Generated_Source\PSoC5/Pin_1.c **** *
  29:Generated_Source\PSoC5/Pin_1.c **** * \brief Writes the value to the physical port (data output register), masking
  30:Generated_Source\PSoC5/Pin_1.c **** *  and shifting the bits appropriately. 
  31:Generated_Source\PSoC5/Pin_1.c **** *
ARM GAS  C:\Users\doug_000\AppData\Local\Temp\ccJ3RkK1.s 			page 2


  32:Generated_Source\PSoC5/Pin_1.c **** * The data output register controls the signal applied to the physical pin in 
  33:Generated_Source\PSoC5/Pin_1.c **** * conjunction with the drive mode parameter. This function avoids changing 
  34:Generated_Source\PSoC5/Pin_1.c **** * other bits in the port by using the appropriate method (read-modify-write or
  35:Generated_Source\PSoC5/Pin_1.c **** * bit banding).
  36:Generated_Source\PSoC5/Pin_1.c **** *
  37:Generated_Source\PSoC5/Pin_1.c **** * <b>Note</b> This function should not be used on a hardware digital output pin 
  38:Generated_Source\PSoC5/Pin_1.c **** * as it is driven by the hardware signal attached to it.
  39:Generated_Source\PSoC5/Pin_1.c **** *
  40:Generated_Source\PSoC5/Pin_1.c **** * \param value
  41:Generated_Source\PSoC5/Pin_1.c **** *  Value to write to the component instance.
  42:Generated_Source\PSoC5/Pin_1.c **** *
  43:Generated_Source\PSoC5/Pin_1.c **** * \return 
  44:Generated_Source\PSoC5/Pin_1.c **** *  None 
  45:Generated_Source\PSoC5/Pin_1.c **** *
  46:Generated_Source\PSoC5/Pin_1.c **** * \sideeffect
  47:Generated_Source\PSoC5/Pin_1.c **** *  If you use read-modify-write operations that are not atomic; the Interrupt 
  48:Generated_Source\PSoC5/Pin_1.c **** *  Service Routines (ISR) can cause corruption of this function. An ISR that 
  49:Generated_Source\PSoC5/Pin_1.c **** *  interrupts this function and performs writes to the Pins component data 
  50:Generated_Source\PSoC5/Pin_1.c **** *  register can cause corrupted port data. To avoid this issue, you should 
  51:Generated_Source\PSoC5/Pin_1.c **** *  either use the Per-Pin APIs (primary method) or disable interrupts around 
  52:Generated_Source\PSoC5/Pin_1.c **** *  this function.
  53:Generated_Source\PSoC5/Pin_1.c **** *
  54:Generated_Source\PSoC5/Pin_1.c **** * \funcusage
  55:Generated_Source\PSoC5/Pin_1.c **** *  \snippet Pin_1_SUT.c usage_Pin_1_Write
  56:Generated_Source\PSoC5/Pin_1.c **** *******************************************************************************/
  57:Generated_Source\PSoC5/Pin_1.c **** void Pin_1_Write(uint8 value)
  58:Generated_Source\PSoC5/Pin_1.c **** {
  27              		.loc 1 58 0
  28              		.cfi_startproc
  29              		@ args = 0, pretend = 0, frame = 0
  30              		@ frame_needed = 0, uses_anonymous_args = 0
  31              		@ link register save eliminated.
  32              	.LVL0:
  59:Generated_Source\PSoC5/Pin_1.c ****     uint8 staticBits = (Pin_1_DR & (uint8)(~Pin_1_MASK));
  33              		.loc 1 59 0
  34 0000 044A     		ldr	r2, .L2
  35 0002 1378     		ldrb	r3, [r2]	@ zero_extendqisi2
  36 0004 03F07F03 		and	r3, r3, #127
  37              	.LVL1:
  60:Generated_Source\PSoC5/Pin_1.c ****     Pin_1_DR = staticBits | ((uint8)(value << Pin_1_SHIFT) & Pin_1_MASK);
  38              		.loc 1 60 0
  39 0008 C001     		lsls	r0, r0, #7
  40              	.LVL2:
  41 000a C0B2     		uxtb	r0, r0
  42 000c 0343     		orrs	r3, r3, r0
  43              	.LVL3:
  44 000e 1370     		strb	r3, [r2]
  45 0010 7047     		bx	lr
  46              	.L3:
  47 0012 00BF     		.align	2
  48              	.L2:
  49 0014 40510040 		.word	1073762624
  50              		.cfi_endproc
  51              	.LFE0:
  52              		.size	Pin_1_Write, .-Pin_1_Write
  53              		.section	.text.Pin_1_SetDriveMode,"ax",%progbits
  54              		.align	2
ARM GAS  C:\Users\doug_000\AppData\Local\Temp\ccJ3RkK1.s 			page 3


  55              		.global	Pin_1_SetDriveMode
  56              		.thumb
  57              		.thumb_func
  58              		.type	Pin_1_SetDriveMode, %function
  59              	Pin_1_SetDriveMode:
  60              	.LFB1:
  61:Generated_Source\PSoC5/Pin_1.c **** }
  62:Generated_Source\PSoC5/Pin_1.c **** 
  63:Generated_Source\PSoC5/Pin_1.c **** 
  64:Generated_Source\PSoC5/Pin_1.c **** /*******************************************************************************
  65:Generated_Source\PSoC5/Pin_1.c **** * Function Name: Pin_1_SetDriveMode
  66:Generated_Source\PSoC5/Pin_1.c **** ****************************************************************************//**
  67:Generated_Source\PSoC5/Pin_1.c **** *
  68:Generated_Source\PSoC5/Pin_1.c **** * \brief Sets the drive mode for each of the Pins component's pins.
  69:Generated_Source\PSoC5/Pin_1.c **** * 
  70:Generated_Source\PSoC5/Pin_1.c **** * <b>Note</b> This affects all pins in the Pins component instance. Use the
  71:Generated_Source\PSoC5/Pin_1.c **** * Per-Pin APIs if you wish to control individual pin's drive modes.
  72:Generated_Source\PSoC5/Pin_1.c **** *
  73:Generated_Source\PSoC5/Pin_1.c **** * \param mode
  74:Generated_Source\PSoC5/Pin_1.c **** *  Mode for the selected signals. Valid options are documented in 
  75:Generated_Source\PSoC5/Pin_1.c **** *  \ref driveMode.
  76:Generated_Source\PSoC5/Pin_1.c **** *
  77:Generated_Source\PSoC5/Pin_1.c **** * \return
  78:Generated_Source\PSoC5/Pin_1.c **** *  None
  79:Generated_Source\PSoC5/Pin_1.c **** *
  80:Generated_Source\PSoC5/Pin_1.c **** * \sideeffect
  81:Generated_Source\PSoC5/Pin_1.c **** *  If you use read-modify-write operations that are not atomic, the ISR can
  82:Generated_Source\PSoC5/Pin_1.c **** *  cause corruption of this function. An ISR that interrupts this function 
  83:Generated_Source\PSoC5/Pin_1.c **** *  and performs writes to the Pins component Drive Mode registers can cause 
  84:Generated_Source\PSoC5/Pin_1.c **** *  corrupted port data. To avoid this issue, you should either use the Per-Pin
  85:Generated_Source\PSoC5/Pin_1.c **** *  APIs (primary method) or disable interrupts around this function.
  86:Generated_Source\PSoC5/Pin_1.c **** *
  87:Generated_Source\PSoC5/Pin_1.c **** * \funcusage
  88:Generated_Source\PSoC5/Pin_1.c **** *  \snippet Pin_1_SUT.c usage_Pin_1_SetDriveMode
  89:Generated_Source\PSoC5/Pin_1.c **** *******************************************************************************/
  90:Generated_Source\PSoC5/Pin_1.c **** void Pin_1_SetDriveMode(uint8 mode)
  91:Generated_Source\PSoC5/Pin_1.c **** {
  61              		.loc 1 91 0
  62              		.cfi_startproc
  63              		@ args = 0, pretend = 0, frame = 0
  64              		@ frame_needed = 0, uses_anonymous_args = 0
  65              		@ link register save eliminated.
  66              	.LVL4:
  92:Generated_Source\PSoC5/Pin_1.c **** 	CyPins_SetPinDriveMode(Pin_1_0, mode);
  67              		.loc 1 92 0
  68 0000 044A     		ldr	r2, .L5
  69 0002 1378     		ldrb	r3, [r2]	@ zero_extendqisi2
  70 0004 03F0F103 		and	r3, r3, #241
  71 0008 00F00E00 		and	r0, r0, #14
  72              	.LVL5:
  73 000c 1843     		orrs	r0, r0, r3
  74 000e 1070     		strb	r0, [r2]
  75 0010 7047     		bx	lr
  76              	.L6:
  77 0012 00BF     		.align	2
  78              	.L5:
  79 0014 27500040 		.word	1073762343
ARM GAS  C:\Users\doug_000\AppData\Local\Temp\ccJ3RkK1.s 			page 4


  80              		.cfi_endproc
  81              	.LFE1:
  82              		.size	Pin_1_SetDriveMode, .-Pin_1_SetDriveMode
  83              		.section	.text.Pin_1_Read,"ax",%progbits
  84              		.align	2
  85              		.global	Pin_1_Read
  86              		.thumb
  87              		.thumb_func
  88              		.type	Pin_1_Read, %function
  89              	Pin_1_Read:
  90              	.LFB2:
  93:Generated_Source\PSoC5/Pin_1.c **** }
  94:Generated_Source\PSoC5/Pin_1.c **** 
  95:Generated_Source\PSoC5/Pin_1.c **** 
  96:Generated_Source\PSoC5/Pin_1.c **** /*******************************************************************************
  97:Generated_Source\PSoC5/Pin_1.c **** * Function Name: Pin_1_Read
  98:Generated_Source\PSoC5/Pin_1.c **** ****************************************************************************//**
  99:Generated_Source\PSoC5/Pin_1.c **** *
 100:Generated_Source\PSoC5/Pin_1.c **** * \brief Reads the associated physical port (pin status register) and masks 
 101:Generated_Source\PSoC5/Pin_1.c **** *  the required bits according to the width and bit position of the component
 102:Generated_Source\PSoC5/Pin_1.c **** *  instance. 
 103:Generated_Source\PSoC5/Pin_1.c **** *
 104:Generated_Source\PSoC5/Pin_1.c **** * The pin's status register returns the current logic level present on the 
 105:Generated_Source\PSoC5/Pin_1.c **** * physical pin.
 106:Generated_Source\PSoC5/Pin_1.c **** *
 107:Generated_Source\PSoC5/Pin_1.c **** * \return 
 108:Generated_Source\PSoC5/Pin_1.c **** *  The current value for the pins in the component as a right justified number.
 109:Generated_Source\PSoC5/Pin_1.c **** *
 110:Generated_Source\PSoC5/Pin_1.c **** * \funcusage
 111:Generated_Source\PSoC5/Pin_1.c **** *  \snippet Pin_1_SUT.c usage_Pin_1_Read  
 112:Generated_Source\PSoC5/Pin_1.c **** *******************************************************************************/
 113:Generated_Source\PSoC5/Pin_1.c **** uint8 Pin_1_Read(void)
 114:Generated_Source\PSoC5/Pin_1.c **** {
  91              		.loc 1 114 0
  92              		.cfi_startproc
  93              		@ args = 0, pretend = 0, frame = 0
  94              		@ frame_needed = 0, uses_anonymous_args = 0
  95              		@ link register save eliminated.
 115:Generated_Source\PSoC5/Pin_1.c ****     return (Pin_1_PS & Pin_1_MASK) >> Pin_1_SHIFT;
  96              		.loc 1 115 0
  97 0000 014B     		ldr	r3, .L8
  98 0002 1878     		ldrb	r0, [r3]	@ zero_extendqisi2
 116:Generated_Source\PSoC5/Pin_1.c **** }
  99              		.loc 1 116 0
 100 0004 C009     		lsrs	r0, r0, #7
 101 0006 7047     		bx	lr
 102              	.L9:
 103              		.align	2
 104              	.L8:
 105 0008 41510040 		.word	1073762625
 106              		.cfi_endproc
 107              	.LFE2:
 108              		.size	Pin_1_Read, .-Pin_1_Read
 109              		.section	.text.Pin_1_ReadDataReg,"ax",%progbits
 110              		.align	2
 111              		.global	Pin_1_ReadDataReg
 112              		.thumb
ARM GAS  C:\Users\doug_000\AppData\Local\Temp\ccJ3RkK1.s 			page 5


 113              		.thumb_func
 114              		.type	Pin_1_ReadDataReg, %function
 115              	Pin_1_ReadDataReg:
 116              	.LFB3:
 117:Generated_Source\PSoC5/Pin_1.c **** 
 118:Generated_Source\PSoC5/Pin_1.c **** 
 119:Generated_Source\PSoC5/Pin_1.c **** /*******************************************************************************
 120:Generated_Source\PSoC5/Pin_1.c **** * Function Name: Pin_1_ReadDataReg
 121:Generated_Source\PSoC5/Pin_1.c **** ****************************************************************************//**
 122:Generated_Source\PSoC5/Pin_1.c **** *
 123:Generated_Source\PSoC5/Pin_1.c **** * \brief Reads the associated physical port's data output register and masks 
 124:Generated_Source\PSoC5/Pin_1.c **** *  the correct bits according to the width and bit position of the component 
 125:Generated_Source\PSoC5/Pin_1.c **** *  instance. 
 126:Generated_Source\PSoC5/Pin_1.c **** *
 127:Generated_Source\PSoC5/Pin_1.c **** * The data output register controls the signal applied to the physical pin in 
 128:Generated_Source\PSoC5/Pin_1.c **** * conjunction with the drive mode parameter. This is not the same as the 
 129:Generated_Source\PSoC5/Pin_1.c **** * preferred Pin_1_Read() API because the 
 130:Generated_Source\PSoC5/Pin_1.c **** * Pin_1_ReadDataReg() reads the data register instead of the status 
 131:Generated_Source\PSoC5/Pin_1.c **** * register. For output pins this is a useful function to determine the value 
 132:Generated_Source\PSoC5/Pin_1.c **** * just written to the pin.
 133:Generated_Source\PSoC5/Pin_1.c **** *
 134:Generated_Source\PSoC5/Pin_1.c **** * \return 
 135:Generated_Source\PSoC5/Pin_1.c **** *  The current value of the data register masked and shifted into a right 
 136:Generated_Source\PSoC5/Pin_1.c **** *  justified number for the component instance.
 137:Generated_Source\PSoC5/Pin_1.c **** *
 138:Generated_Source\PSoC5/Pin_1.c **** * \funcusage
 139:Generated_Source\PSoC5/Pin_1.c **** *  \snippet Pin_1_SUT.c usage_Pin_1_ReadDataReg 
 140:Generated_Source\PSoC5/Pin_1.c **** *******************************************************************************/
 141:Generated_Source\PSoC5/Pin_1.c **** uint8 Pin_1_ReadDataReg(void)
 142:Generated_Source\PSoC5/Pin_1.c **** {
 117              		.loc 1 142 0
 118              		.cfi_startproc
 119              		@ args = 0, pretend = 0, frame = 0
 120              		@ frame_needed = 0, uses_anonymous_args = 0
 121              		@ link register save eliminated.
 143:Generated_Source\PSoC5/Pin_1.c ****     return (Pin_1_DR & Pin_1_MASK) >> Pin_1_SHIFT;
 122              		.loc 1 143 0
 123 0000 014B     		ldr	r3, .L11
 124 0002 1878     		ldrb	r0, [r3]	@ zero_extendqisi2
 144:Generated_Source\PSoC5/Pin_1.c **** }
 125              		.loc 1 144 0
 126 0004 C009     		lsrs	r0, r0, #7
 127 0006 7047     		bx	lr
 128              	.L12:
 129              		.align	2
 130              	.L11:
 131 0008 40510040 		.word	1073762624
 132              		.cfi_endproc
 133              	.LFE3:
 134              		.size	Pin_1_ReadDataReg, .-Pin_1_ReadDataReg
 135              		.text
 136              	.Letext0:
 137              		.file 2 "Generated_Source\\PSoC5\\cytypes.h"
 138              		.section	.debug_info,"",%progbits
 139              	.Ldebug_info0:
 140 0000 1D010000 		.4byte	0x11d
 141 0004 0400     		.2byte	0x4
ARM GAS  C:\Users\doug_000\AppData\Local\Temp\ccJ3RkK1.s 			page 6


 142 0006 00000000 		.4byte	.Ldebug_abbrev0
 143 000a 04       		.byte	0x4
 144 000b 01       		.uleb128 0x1
 145 000c E8000000 		.4byte	.LASF20
 146 0010 01       		.byte	0x1
 147 0011 77000000 		.4byte	.LASF21
 148 0015 00000000 		.4byte	.LASF22
 149 0019 00000000 		.4byte	.Ldebug_ranges0+0
 150 001d 00000000 		.4byte	0
 151 0021 00000000 		.4byte	.Ldebug_line0
 152 0025 02       		.uleb128 0x2
 153 0026 01       		.byte	0x1
 154 0027 06       		.byte	0x6
 155 0028 E8010000 		.4byte	.LASF0
 156 002c 02       		.uleb128 0x2
 157 002d 01       		.byte	0x1
 158 002e 08       		.byte	0x8
 159 002f 96000000 		.4byte	.LASF1
 160 0033 02       		.uleb128 0x2
 161 0034 02       		.byte	0x2
 162 0035 05       		.byte	0x5
 163 0036 BD010000 		.4byte	.LASF2
 164 003a 02       		.uleb128 0x2
 165 003b 02       		.byte	0x2
 166 003c 07       		.byte	0x7
 167 003d BB000000 		.4byte	.LASF3
 168 0041 02       		.uleb128 0x2
 169 0042 04       		.byte	0x4
 170 0043 05       		.byte	0x5
 171 0044 DF010000 		.4byte	.LASF4
 172 0048 02       		.uleb128 0x2
 173 0049 04       		.byte	0x4
 174 004a 07       		.byte	0x7
 175 004b A9000000 		.4byte	.LASF5
 176 004f 02       		.uleb128 0x2
 177 0050 08       		.byte	0x8
 178 0051 05       		.byte	0x5
 179 0052 AA010000 		.4byte	.LASF6
 180 0056 02       		.uleb128 0x2
 181 0057 08       		.byte	0x8
 182 0058 07       		.byte	0x7
 183 0059 83010000 		.4byte	.LASF7
 184 005d 03       		.uleb128 0x3
 185 005e 04       		.byte	0x4
 186 005f 05       		.byte	0x5
 187 0060 696E7400 		.ascii	"int\000"
 188 0064 02       		.uleb128 0x2
 189 0065 04       		.byte	0x4
 190 0066 07       		.byte	0x7
 191 0067 76010000 		.4byte	.LASF8
 192 006b 04       		.uleb128 0x4
 193 006c C7010000 		.4byte	.LASF12
 194 0070 02       		.byte	0x2
 195 0071 9201     		.2byte	0x192
 196 0073 2C000000 		.4byte	0x2c
 197 0077 02       		.uleb128 0x2
 198 0078 04       		.byte	0x4
ARM GAS  C:\Users\doug_000\AppData\Local\Temp\ccJ3RkK1.s 			page 7


 199 0079 04       		.byte	0x4
 200 007a 71000000 		.4byte	.LASF9
 201 007e 02       		.uleb128 0x2
 202 007f 08       		.byte	0x8
 203 0080 04       		.byte	0x4
 204 0081 CE000000 		.4byte	.LASF10
 205 0085 02       		.uleb128 0x2
 206 0086 01       		.byte	0x1
 207 0087 08       		.byte	0x8
 208 0088 B8010000 		.4byte	.LASF11
 209 008c 04       		.uleb128 0x4
 210 008d A4000000 		.4byte	.LASF13
 211 0091 02       		.byte	0x2
 212 0092 3C02     		.2byte	0x23c
 213 0094 98000000 		.4byte	0x98
 214 0098 05       		.uleb128 0x5
 215 0099 6B000000 		.4byte	0x6b
 216 009d 06       		.uleb128 0x6
 217 009e F4010000 		.4byte	.LASF14
 218 00a2 01       		.byte	0x1
 219 00a3 39       		.byte	0x39
 220 00a4 00000000 		.4byte	.LFB0
 221 00a8 18000000 		.4byte	.LFE0-.LFB0
 222 00ac 01       		.uleb128 0x1
 223 00ad 9C       		.byte	0x9c
 224 00ae D1000000 		.4byte	0xd1
 225 00b2 07       		.uleb128 0x7
 226 00b3 60000000 		.4byte	.LASF16
 227 00b7 01       		.byte	0x1
 228 00b8 39       		.byte	0x39
 229 00b9 6B000000 		.4byte	0x6b
 230 00bd 00000000 		.4byte	.LLST0
 231 00c1 08       		.uleb128 0x8
 232 00c2 66000000 		.4byte	.LASF23
 233 00c6 01       		.byte	0x1
 234 00c7 3B       		.byte	0x3b
 235 00c8 6B000000 		.4byte	0x6b
 236 00cc 21000000 		.4byte	.LLST1
 237 00d0 00       		.byte	0
 238 00d1 06       		.uleb128 0x6
 239 00d2 D5000000 		.4byte	.LASF15
 240 00d6 01       		.byte	0x1
 241 00d7 5A       		.byte	0x5a
 242 00d8 00000000 		.4byte	.LFB1
 243 00dc 18000000 		.4byte	.LFE1-.LFB1
 244 00e0 01       		.uleb128 0x1
 245 00e1 9C       		.byte	0x9c
 246 00e2 F6000000 		.4byte	0xf6
 247 00e6 07       		.uleb128 0x7
 248 00e7 9A010000 		.4byte	.LASF17
 249 00eb 01       		.byte	0x1
 250 00ec 5A       		.byte	0x5a
 251 00ed 6B000000 		.4byte	0x6b
 252 00f1 34000000 		.4byte	.LLST2
 253 00f5 00       		.byte	0
 254 00f6 09       		.uleb128 0x9
 255 00f7 9F010000 		.4byte	.LASF18
ARM GAS  C:\Users\doug_000\AppData\Local\Temp\ccJ3RkK1.s 			page 8


 256 00fb 01       		.byte	0x1
 257 00fc 71       		.byte	0x71
 258 00fd 6B000000 		.4byte	0x6b
 259 0101 00000000 		.4byte	.LFB2
 260 0105 0C000000 		.4byte	.LFE2-.LFB2
 261 0109 01       		.uleb128 0x1
 262 010a 9C       		.byte	0x9c
 263 010b 09       		.uleb128 0x9
 264 010c CD010000 		.4byte	.LASF19
 265 0110 01       		.byte	0x1
 266 0111 8D       		.byte	0x8d
 267 0112 6B000000 		.4byte	0x6b
 268 0116 00000000 		.4byte	.LFB3
 269 011a 0C000000 		.4byte	.LFE3-.LFB3
 270 011e 01       		.uleb128 0x1
 271 011f 9C       		.byte	0x9c
 272 0120 00       		.byte	0
 273              		.section	.debug_abbrev,"",%progbits
 274              	.Ldebug_abbrev0:
 275 0000 01       		.uleb128 0x1
 276 0001 11       		.uleb128 0x11
 277 0002 01       		.byte	0x1
 278 0003 25       		.uleb128 0x25
 279 0004 0E       		.uleb128 0xe
 280 0005 13       		.uleb128 0x13
 281 0006 0B       		.uleb128 0xb
 282 0007 03       		.uleb128 0x3
 283 0008 0E       		.uleb128 0xe
 284 0009 1B       		.uleb128 0x1b
 285 000a 0E       		.uleb128 0xe
 286 000b 55       		.uleb128 0x55
 287 000c 17       		.uleb128 0x17
 288 000d 11       		.uleb128 0x11
 289 000e 01       		.uleb128 0x1
 290 000f 10       		.uleb128 0x10
 291 0010 17       		.uleb128 0x17
 292 0011 00       		.byte	0
 293 0012 00       		.byte	0
 294 0013 02       		.uleb128 0x2
 295 0014 24       		.uleb128 0x24
 296 0015 00       		.byte	0
 297 0016 0B       		.uleb128 0xb
 298 0017 0B       		.uleb128 0xb
 299 0018 3E       		.uleb128 0x3e
 300 0019 0B       		.uleb128 0xb
 301 001a 03       		.uleb128 0x3
 302 001b 0E       		.uleb128 0xe
 303 001c 00       		.byte	0
 304 001d 00       		.byte	0
 305 001e 03       		.uleb128 0x3
 306 001f 24       		.uleb128 0x24
 307 0020 00       		.byte	0
 308 0021 0B       		.uleb128 0xb
 309 0022 0B       		.uleb128 0xb
 310 0023 3E       		.uleb128 0x3e
 311 0024 0B       		.uleb128 0xb
 312 0025 03       		.uleb128 0x3
ARM GAS  C:\Users\doug_000\AppData\Local\Temp\ccJ3RkK1.s 			page 9


 313 0026 08       		.uleb128 0x8
 314 0027 00       		.byte	0
 315 0028 00       		.byte	0
 316 0029 04       		.uleb128 0x4
 317 002a 16       		.uleb128 0x16
 318 002b 00       		.byte	0
 319 002c 03       		.uleb128 0x3
 320 002d 0E       		.uleb128 0xe
 321 002e 3A       		.uleb128 0x3a
 322 002f 0B       		.uleb128 0xb
 323 0030 3B       		.uleb128 0x3b
 324 0031 05       		.uleb128 0x5
 325 0032 49       		.uleb128 0x49
 326 0033 13       		.uleb128 0x13
 327 0034 00       		.byte	0
 328 0035 00       		.byte	0
 329 0036 05       		.uleb128 0x5
 330 0037 35       		.uleb128 0x35
 331 0038 00       		.byte	0
 332 0039 49       		.uleb128 0x49
 333 003a 13       		.uleb128 0x13
 334 003b 00       		.byte	0
 335 003c 00       		.byte	0
 336 003d 06       		.uleb128 0x6
 337 003e 2E       		.uleb128 0x2e
 338 003f 01       		.byte	0x1
 339 0040 3F       		.uleb128 0x3f
 340 0041 19       		.uleb128 0x19
 341 0042 03       		.uleb128 0x3
 342 0043 0E       		.uleb128 0xe
 343 0044 3A       		.uleb128 0x3a
 344 0045 0B       		.uleb128 0xb
 345 0046 3B       		.uleb128 0x3b
 346 0047 0B       		.uleb128 0xb
 347 0048 27       		.uleb128 0x27
 348 0049 19       		.uleb128 0x19
 349 004a 11       		.uleb128 0x11
 350 004b 01       		.uleb128 0x1
 351 004c 12       		.uleb128 0x12
 352 004d 06       		.uleb128 0x6
 353 004e 40       		.uleb128 0x40
 354 004f 18       		.uleb128 0x18
 355 0050 9742     		.uleb128 0x2117
 356 0052 19       		.uleb128 0x19
 357 0053 01       		.uleb128 0x1
 358 0054 13       		.uleb128 0x13
 359 0055 00       		.byte	0
 360 0056 00       		.byte	0
 361 0057 07       		.uleb128 0x7
 362 0058 05       		.uleb128 0x5
 363 0059 00       		.byte	0
 364 005a 03       		.uleb128 0x3
 365 005b 0E       		.uleb128 0xe
 366 005c 3A       		.uleb128 0x3a
 367 005d 0B       		.uleb128 0xb
 368 005e 3B       		.uleb128 0x3b
 369 005f 0B       		.uleb128 0xb
ARM GAS  C:\Users\doug_000\AppData\Local\Temp\ccJ3RkK1.s 			page 10


 370 0060 49       		.uleb128 0x49
 371 0061 13       		.uleb128 0x13
 372 0062 02       		.uleb128 0x2
 373 0063 17       		.uleb128 0x17
 374 0064 00       		.byte	0
 375 0065 00       		.byte	0
 376 0066 08       		.uleb128 0x8
 377 0067 34       		.uleb128 0x34
 378 0068 00       		.byte	0
 379 0069 03       		.uleb128 0x3
 380 006a 0E       		.uleb128 0xe
 381 006b 3A       		.uleb128 0x3a
 382 006c 0B       		.uleb128 0xb
 383 006d 3B       		.uleb128 0x3b
 384 006e 0B       		.uleb128 0xb
 385 006f 49       		.uleb128 0x49
 386 0070 13       		.uleb128 0x13
 387 0071 02       		.uleb128 0x2
 388 0072 17       		.uleb128 0x17
 389 0073 00       		.byte	0
 390 0074 00       		.byte	0
 391 0075 09       		.uleb128 0x9
 392 0076 2E       		.uleb128 0x2e
 393 0077 00       		.byte	0
 394 0078 3F       		.uleb128 0x3f
 395 0079 19       		.uleb128 0x19
 396 007a 03       		.uleb128 0x3
 397 007b 0E       		.uleb128 0xe
 398 007c 3A       		.uleb128 0x3a
 399 007d 0B       		.uleb128 0xb
 400 007e 3B       		.uleb128 0x3b
 401 007f 0B       		.uleb128 0xb
 402 0080 27       		.uleb128 0x27
 403 0081 19       		.uleb128 0x19
 404 0082 49       		.uleb128 0x49
 405 0083 13       		.uleb128 0x13
 406 0084 11       		.uleb128 0x11
 407 0085 01       		.uleb128 0x1
 408 0086 12       		.uleb128 0x12
 409 0087 06       		.uleb128 0x6
 410 0088 40       		.uleb128 0x40
 411 0089 18       		.uleb128 0x18
 412 008a 9742     		.uleb128 0x2117
 413 008c 19       		.uleb128 0x19
 414 008d 00       		.byte	0
 415 008e 00       		.byte	0
 416 008f 00       		.byte	0
 417              		.section	.debug_loc,"",%progbits
 418              	.Ldebug_loc0:
 419              	.LLST0:
 420 0000 00000000 		.4byte	.LVL0
 421 0004 0A000000 		.4byte	.LVL2
 422 0008 0100     		.2byte	0x1
 423 000a 50       		.byte	0x50
 424 000b 0A000000 		.4byte	.LVL2
 425 000f 18000000 		.4byte	.LFE0
 426 0013 0400     		.2byte	0x4
ARM GAS  C:\Users\doug_000\AppData\Local\Temp\ccJ3RkK1.s 			page 11


 427 0015 F3       		.byte	0xf3
 428 0016 01       		.uleb128 0x1
 429 0017 50       		.byte	0x50
 430 0018 9F       		.byte	0x9f
 431 0019 00000000 		.4byte	0
 432 001d 00000000 		.4byte	0
 433              	.LLST1:
 434 0021 08000000 		.4byte	.LVL1
 435 0025 0E000000 		.4byte	.LVL3
 436 0029 0100     		.2byte	0x1
 437 002b 53       		.byte	0x53
 438 002c 00000000 		.4byte	0
 439 0030 00000000 		.4byte	0
 440              	.LLST2:
 441 0034 00000000 		.4byte	.LVL4
 442 0038 0C000000 		.4byte	.LVL5
 443 003c 0100     		.2byte	0x1
 444 003e 50       		.byte	0x50
 445 003f 0C000000 		.4byte	.LVL5
 446 0043 18000000 		.4byte	.LFE1
 447 0047 0400     		.2byte	0x4
 448 0049 F3       		.byte	0xf3
 449 004a 01       		.uleb128 0x1
 450 004b 50       		.byte	0x50
 451 004c 9F       		.byte	0x9f
 452 004d 00000000 		.4byte	0
 453 0051 00000000 		.4byte	0
 454              		.section	.debug_aranges,"",%progbits
 455 0000 34000000 		.4byte	0x34
 456 0004 0200     		.2byte	0x2
 457 0006 00000000 		.4byte	.Ldebug_info0
 458 000a 04       		.byte	0x4
 459 000b 00       		.byte	0
 460 000c 0000     		.2byte	0
 461 000e 0000     		.2byte	0
 462 0010 00000000 		.4byte	.LFB0
 463 0014 18000000 		.4byte	.LFE0-.LFB0
 464 0018 00000000 		.4byte	.LFB1
 465 001c 18000000 		.4byte	.LFE1-.LFB1
 466 0020 00000000 		.4byte	.LFB2
 467 0024 0C000000 		.4byte	.LFE2-.LFB2
 468 0028 00000000 		.4byte	.LFB3
 469 002c 0C000000 		.4byte	.LFE3-.LFB3
 470 0030 00000000 		.4byte	0
 471 0034 00000000 		.4byte	0
 472              		.section	.debug_ranges,"",%progbits
 473              	.Ldebug_ranges0:
 474 0000 00000000 		.4byte	.LFB0
 475 0004 18000000 		.4byte	.LFE0
 476 0008 00000000 		.4byte	.LFB1
 477 000c 18000000 		.4byte	.LFE1
 478 0010 00000000 		.4byte	.LFB2
 479 0014 0C000000 		.4byte	.LFE2
 480 0018 00000000 		.4byte	.LFB3
 481 001c 0C000000 		.4byte	.LFE3
 482 0020 00000000 		.4byte	0
 483 0024 00000000 		.4byte	0
ARM GAS  C:\Users\doug_000\AppData\Local\Temp\ccJ3RkK1.s 			page 12


 484              		.section	.debug_line,"",%progbits
 485              	.Ldebug_line0:
 486 0000 8E000000 		.section	.debug_str,"MS",%progbits,1
 486      02004200 
 486      00000201 
 486      FB0E0D00 
 486      01010101 
 487              	.LASF22:
 488 0000 433A5C55 		.ascii	"C:\\Users\\doug_000\\Documents\\GitHub\\ODAS\\ODAS-"
 488      73657273 
 488      5C646F75 
 488      675F3030 
 488      305C446F 
 489 002d 50534F43 		.ascii	"PSOC5\\ODAS-PSOC5-01\\ODAS-PSOC5\\ODAS-PSOC5-01.cyd"
 489      355C4F44 
 489      41532D50 
 489      534F4335 
 489      2D30315C 
 490 005d 736E00   		.ascii	"sn\000"
 491              	.LASF16:
 492 0060 76616C75 		.ascii	"value\000"
 492      6500
 493              	.LASF23:
 494 0066 73746174 		.ascii	"staticBits\000"
 494      69634269 
 494      747300
 495              	.LASF9:
 496 0071 666C6F61 		.ascii	"float\000"
 496      7400
 497              	.LASF21:
 498 0077 47656E65 		.ascii	"Generated_Source\\PSoC5\\Pin_1.c\000"
 498      72617465 
 498      645F536F 
 498      75726365 
 498      5C50536F 
 499              	.LASF1:
 500 0096 756E7369 		.ascii	"unsigned char\000"
 500      676E6564 
 500      20636861 
 500      7200
 501              	.LASF13:
 502 00a4 72656738 		.ascii	"reg8\000"
 502      00
 503              	.LASF5:
 504 00a9 6C6F6E67 		.ascii	"long unsigned int\000"
 504      20756E73 
 504      69676E65 
 504      6420696E 
 504      7400
 505              	.LASF3:
 506 00bb 73686F72 		.ascii	"short unsigned int\000"
 506      7420756E 
 506      7369676E 
 506      65642069 
 506      6E7400
 507              	.LASF10:
 508 00ce 646F7562 		.ascii	"double\000"
ARM GAS  C:\Users\doug_000\AppData\Local\Temp\ccJ3RkK1.s 			page 13


 508      6C6500
 509              	.LASF15:
 510 00d5 50696E5F 		.ascii	"Pin_1_SetDriveMode\000"
 510      315F5365 
 510      74447269 
 510      76654D6F 
 510      646500
 511              	.LASF20:
 512 00e8 474E5520 		.ascii	"GNU C 4.9.3 20150303 (release) [ARM/embedded-4_9-br"
 512      4320342E 
 512      392E3320 
 512      32303135 
 512      30333033 
 513 011b 616E6368 		.ascii	"anch revision 221220] -mcpu=cortex-m3 -mthumb -g -O"
 513      20726576 
 513      6973696F 
 513      6E203232 
 513      31323230 
 514 014e 67202D66 		.ascii	"g -ffunction-sections -ffat-lto-objects\000"
 514      66756E63 
 514      74696F6E 
 514      2D736563 
 514      74696F6E 
 515              	.LASF8:
 516 0176 756E7369 		.ascii	"unsigned int\000"
 516      676E6564 
 516      20696E74 
 516      00
 517              	.LASF7:
 518 0183 6C6F6E67 		.ascii	"long long unsigned int\000"
 518      206C6F6E 
 518      6720756E 
 518      7369676E 
 518      65642069 
 519              	.LASF17:
 520 019a 6D6F6465 		.ascii	"mode\000"
 520      00
 521              	.LASF18:
 522 019f 50696E5F 		.ascii	"Pin_1_Read\000"
 522      315F5265 
 522      616400
 523              	.LASF6:
 524 01aa 6C6F6E67 		.ascii	"long long int\000"
 524      206C6F6E 
 524      6720696E 
 524      7400
 525              	.LASF11:
 526 01b8 63686172 		.ascii	"char\000"
 526      00
 527              	.LASF2:
 528 01bd 73686F72 		.ascii	"short int\000"
 528      7420696E 
 528      7400
 529              	.LASF12:
 530 01c7 75696E74 		.ascii	"uint8\000"
 530      3800
 531              	.LASF19:
ARM GAS  C:\Users\doug_000\AppData\Local\Temp\ccJ3RkK1.s 			page 14


 532 01cd 50696E5F 		.ascii	"Pin_1_ReadDataReg\000"
 532      315F5265 
 532      61644461 
 532      74615265 
 532      6700
 533              	.LASF4:
 534 01df 6C6F6E67 		.ascii	"long int\000"
 534      20696E74 
 534      00
 535              	.LASF0:
 536 01e8 7369676E 		.ascii	"signed char\000"
 536      65642063 
 536      68617200 
 537              	.LASF14:
 538 01f4 50696E5F 		.ascii	"Pin_1_Write\000"
 538      315F5772 
 538      69746500 
 539              		.ident	"GCC: (GNU Tools for ARM Embedded Processors) 4.9.3 20150303 (release) [ARM/embedded-4_9-br
