ARM GAS  C:\Users\doug_000\AppData\Local\Temp\ccV0H4xA.s 			page 1


   1              		.syntax unified
   2              		.cpu cortex-m3
   3              		.fpu softvfp
   4              		.eabi_attribute 20, 1
   5              		.eabi_attribute 21, 1
   6              		.eabi_attribute 23, 3
   7              		.eabi_attribute 24, 1
   8              		.eabi_attribute 25, 1
   9              		.eabi_attribute 26, 1
  10              		.eabi_attribute 30, 1
  11              		.eabi_attribute 34, 1
  12              		.eabi_attribute 18, 4
  13              		.thumb
  14              		.file	"StartPWMA.c"
  15              		.text
  16              	.Ltext0:
  17              		.cfi_sections	.debug_frame
  18              		.section	.text.StartPWMA_Write,"ax",%progbits
  19              		.align	2
  20              		.global	StartPWMA_Write
  21              		.thumb
  22              		.thumb_func
  23              		.type	StartPWMA_Write, %function
  24              	StartPWMA_Write:
  25              	.LFB0:
  26              		.file 1 "Generated_Source\\PSoC5\\StartPWMA.c"
   1:Generated_Source\PSoC5/StartPWMA.c **** /*******************************************************************************
   2:Generated_Source\PSoC5/StartPWMA.c **** * File Name: StartPWMA.c  
   3:Generated_Source\PSoC5/StartPWMA.c **** * Version 1.80
   4:Generated_Source\PSoC5/StartPWMA.c **** *
   5:Generated_Source\PSoC5/StartPWMA.c **** * Description:
   6:Generated_Source\PSoC5/StartPWMA.c **** *  This file contains API to enable firmware control of a Control Register.
   7:Generated_Source\PSoC5/StartPWMA.c **** *
   8:Generated_Source\PSoC5/StartPWMA.c **** * Note:
   9:Generated_Source\PSoC5/StartPWMA.c **** *
  10:Generated_Source\PSoC5/StartPWMA.c **** ********************************************************************************
  11:Generated_Source\PSoC5/StartPWMA.c **** * Copyright 2008-2015, Cypress Semiconductor Corporation.  All rights reserved.
  12:Generated_Source\PSoC5/StartPWMA.c **** * You may use this file only in accordance with the license, terms, conditions, 
  13:Generated_Source\PSoC5/StartPWMA.c **** * disclaimers, and limitations in the end user license agreement accompanying 
  14:Generated_Source\PSoC5/StartPWMA.c **** * the software package with which this file was provided.
  15:Generated_Source\PSoC5/StartPWMA.c **** *******************************************************************************/
  16:Generated_Source\PSoC5/StartPWMA.c **** 
  17:Generated_Source\PSoC5/StartPWMA.c **** #include "StartPWMA.h"
  18:Generated_Source\PSoC5/StartPWMA.c **** 
  19:Generated_Source\PSoC5/StartPWMA.c **** /* Check for removal by optimization */
  20:Generated_Source\PSoC5/StartPWMA.c **** #if !defined(StartPWMA_Sync_ctrl_reg__REMOVED)
  21:Generated_Source\PSoC5/StartPWMA.c **** 
  22:Generated_Source\PSoC5/StartPWMA.c ****     
  23:Generated_Source\PSoC5/StartPWMA.c **** /*******************************************************************************
  24:Generated_Source\PSoC5/StartPWMA.c **** * Function Name: StartPWMA_Write
  25:Generated_Source\PSoC5/StartPWMA.c **** ********************************************************************************
  26:Generated_Source\PSoC5/StartPWMA.c **** *
  27:Generated_Source\PSoC5/StartPWMA.c **** * Summary:
  28:Generated_Source\PSoC5/StartPWMA.c **** *  Write a byte to the Control Register.
  29:Generated_Source\PSoC5/StartPWMA.c **** *
  30:Generated_Source\PSoC5/StartPWMA.c **** * Parameters:
  31:Generated_Source\PSoC5/StartPWMA.c **** *  control:  The value to be assigned to the Control Register.
ARM GAS  C:\Users\doug_000\AppData\Local\Temp\ccV0H4xA.s 			page 2


  32:Generated_Source\PSoC5/StartPWMA.c **** *
  33:Generated_Source\PSoC5/StartPWMA.c **** * Return:
  34:Generated_Source\PSoC5/StartPWMA.c **** *  None.
  35:Generated_Source\PSoC5/StartPWMA.c **** *
  36:Generated_Source\PSoC5/StartPWMA.c **** *******************************************************************************/
  37:Generated_Source\PSoC5/StartPWMA.c **** void StartPWMA_Write(uint8 control) 
  38:Generated_Source\PSoC5/StartPWMA.c **** {
  27              		.loc 1 38 0
  28              		.cfi_startproc
  29              		@ args = 0, pretend = 0, frame = 0
  30              		@ frame_needed = 0, uses_anonymous_args = 0
  31              		@ link register save eliminated.
  32              	.LVL0:
  39:Generated_Source\PSoC5/StartPWMA.c ****     StartPWMA_Control = control;
  33              		.loc 1 39 0
  34 0000 014B     		ldr	r3, .L2
  35 0002 1870     		strb	r0, [r3]
  36 0004 7047     		bx	lr
  37              	.L3:
  38 0006 00BF     		.align	2
  39              	.L2:
  40 0008 76640040 		.word	1073767542
  41              		.cfi_endproc
  42              	.LFE0:
  43              		.size	StartPWMA_Write, .-StartPWMA_Write
  44              		.section	.text.StartPWMA_Read,"ax",%progbits
  45              		.align	2
  46              		.global	StartPWMA_Read
  47              		.thumb
  48              		.thumb_func
  49              		.type	StartPWMA_Read, %function
  50              	StartPWMA_Read:
  51              	.LFB1:
  40:Generated_Source\PSoC5/StartPWMA.c **** }
  41:Generated_Source\PSoC5/StartPWMA.c **** 
  42:Generated_Source\PSoC5/StartPWMA.c **** 
  43:Generated_Source\PSoC5/StartPWMA.c **** /*******************************************************************************
  44:Generated_Source\PSoC5/StartPWMA.c **** * Function Name: StartPWMA_Read
  45:Generated_Source\PSoC5/StartPWMA.c **** ********************************************************************************
  46:Generated_Source\PSoC5/StartPWMA.c **** *
  47:Generated_Source\PSoC5/StartPWMA.c **** * Summary:
  48:Generated_Source\PSoC5/StartPWMA.c **** *  Reads the current value assigned to the Control Register.
  49:Generated_Source\PSoC5/StartPWMA.c **** *
  50:Generated_Source\PSoC5/StartPWMA.c **** * Parameters:
  51:Generated_Source\PSoC5/StartPWMA.c **** *  None.
  52:Generated_Source\PSoC5/StartPWMA.c **** *
  53:Generated_Source\PSoC5/StartPWMA.c **** * Return:
  54:Generated_Source\PSoC5/StartPWMA.c **** *  Returns the current value in the Control Register.
  55:Generated_Source\PSoC5/StartPWMA.c **** *
  56:Generated_Source\PSoC5/StartPWMA.c **** *******************************************************************************/
  57:Generated_Source\PSoC5/StartPWMA.c **** uint8 StartPWMA_Read(void) 
  58:Generated_Source\PSoC5/StartPWMA.c **** {
  52              		.loc 1 58 0
  53              		.cfi_startproc
  54              		@ args = 0, pretend = 0, frame = 0
  55              		@ frame_needed = 0, uses_anonymous_args = 0
  56              		@ link register save eliminated.
ARM GAS  C:\Users\doug_000\AppData\Local\Temp\ccV0H4xA.s 			page 3


  59:Generated_Source\PSoC5/StartPWMA.c ****     return StartPWMA_Control;
  57              		.loc 1 59 0
  58 0000 014B     		ldr	r3, .L5
  59 0002 1878     		ldrb	r0, [r3]	@ zero_extendqisi2
  60:Generated_Source\PSoC5/StartPWMA.c **** }
  60              		.loc 1 60 0
  61 0004 7047     		bx	lr
  62              	.L6:
  63 0006 00BF     		.align	2
  64              	.L5:
  65 0008 76640040 		.word	1073767542
  66              		.cfi_endproc
  67              	.LFE1:
  68              		.size	StartPWMA_Read, .-StartPWMA_Read
  69              		.text
  70              	.Letext0:
  71              		.file 2 "Generated_Source\\PSoC5\\cytypes.h"
  72              		.section	.debug_info,"",%progbits
  73              	.Ldebug_info0:
  74 0000 D2000000 		.4byte	0xd2
  75 0004 0400     		.2byte	0x4
  76 0006 00000000 		.4byte	.Ldebug_abbrev0
  77 000a 04       		.byte	0x4
  78 000b 01       		.uleb128 0x1
  79 000c 8F000000 		.4byte	.LASF14
  80 0010 01       		.byte	0x1
  81 0011 24000000 		.4byte	.LASF15
  82 0015 41010000 		.4byte	.LASF16
  83 0019 00000000 		.4byte	.Ldebug_ranges0+0
  84 001d 00000000 		.4byte	0
  85 0021 00000000 		.4byte	.Ldebug_line0
  86 0025 02       		.uleb128 0x2
  87 0026 01       		.byte	0x1
  88 0027 06       		.byte	0x6
  89 0028 C2010000 		.4byte	.LASF0
  90 002c 02       		.uleb128 0x2
  91 002d 01       		.byte	0x1
  92 002e 08       		.byte	0x8
  93 002f 16000000 		.4byte	.LASF1
  94 0033 02       		.uleb128 0x2
  95 0034 02       		.byte	0x2
  96 0035 05       		.byte	0x5
  97 0036 A9010000 		.4byte	.LASF2
  98 003a 02       		.uleb128 0x2
  99 003b 02       		.byte	0x2
 100 003c 07       		.byte	0x7
 101 003d 6D000000 		.4byte	.LASF3
 102 0041 02       		.uleb128 0x2
 103 0042 04       		.byte	0x4
 104 0043 05       		.byte	0x5
 105 0044 B9010000 		.4byte	.LASF4
 106 0048 02       		.uleb128 0x2
 107 0049 04       		.byte	0x4
 108 004a 07       		.byte	0x7
 109 004b 4C000000 		.4byte	.LASF5
 110 004f 02       		.uleb128 0x2
 111 0050 08       		.byte	0x8
ARM GAS  C:\Users\doug_000\AppData\Local\Temp\ccV0H4xA.s 			page 4


 112 0051 05       		.byte	0x5
 113 0052 96010000 		.4byte	.LASF6
 114 0056 02       		.uleb128 0x2
 115 0057 08       		.byte	0x8
 116 0058 07       		.byte	0x7
 117 0059 2A010000 		.4byte	.LASF7
 118 005d 03       		.uleb128 0x3
 119 005e 04       		.byte	0x4
 120 005f 05       		.byte	0x5
 121 0060 696E7400 		.ascii	"int\000"
 122 0064 02       		.uleb128 0x2
 123 0065 04       		.byte	0x4
 124 0066 07       		.byte	0x7
 125 0067 1D010000 		.4byte	.LASF8
 126 006b 04       		.uleb128 0x4
 127 006c B3010000 		.4byte	.LASF12
 128 0070 02       		.byte	0x2
 129 0071 9201     		.2byte	0x192
 130 0073 2C000000 		.4byte	0x2c
 131 0077 02       		.uleb128 0x2
 132 0078 04       		.byte	0x4
 133 0079 04       		.byte	0x4
 134 007a 10000000 		.4byte	.LASF9
 135 007e 02       		.uleb128 0x2
 136 007f 08       		.byte	0x8
 137 0080 04       		.byte	0x4
 138 0081 88000000 		.4byte	.LASF10
 139 0085 02       		.uleb128 0x2
 140 0086 01       		.byte	0x1
 141 0087 08       		.byte	0x8
 142 0088 A4010000 		.4byte	.LASF11
 143 008c 04       		.uleb128 0x4
 144 008d 47000000 		.4byte	.LASF13
 145 0091 02       		.byte	0x2
 146 0092 3C02     		.2byte	0x23c
 147 0094 98000000 		.4byte	0x98
 148 0098 05       		.uleb128 0x5
 149 0099 6B000000 		.4byte	0x6b
 150 009d 06       		.uleb128 0x6
 151 009e 00000000 		.4byte	.LASF17
 152 00a2 01       		.byte	0x1
 153 00a3 25       		.byte	0x25
 154 00a4 00000000 		.4byte	.LFB0
 155 00a8 0C000000 		.4byte	.LFE0-.LFB0
 156 00ac 01       		.uleb128 0x1
 157 00ad 9C       		.byte	0x9c
 158 00ae C0000000 		.4byte	0xc0
 159 00b2 07       		.uleb128 0x7
 160 00b3 80000000 		.4byte	.LASF18
 161 00b7 01       		.byte	0x1
 162 00b8 25       		.byte	0x25
 163 00b9 6B000000 		.4byte	0x6b
 164 00bd 01       		.uleb128 0x1
 165 00be 50       		.byte	0x50
 166 00bf 00       		.byte	0
 167 00c0 08       		.uleb128 0x8
 168 00c1 5E000000 		.4byte	.LASF19
ARM GAS  C:\Users\doug_000\AppData\Local\Temp\ccV0H4xA.s 			page 5


 169 00c5 01       		.byte	0x1
 170 00c6 39       		.byte	0x39
 171 00c7 6B000000 		.4byte	0x6b
 172 00cb 00000000 		.4byte	.LFB1
 173 00cf 0C000000 		.4byte	.LFE1-.LFB1
 174 00d3 01       		.uleb128 0x1
 175 00d4 9C       		.byte	0x9c
 176 00d5 00       		.byte	0
 177              		.section	.debug_abbrev,"",%progbits
 178              	.Ldebug_abbrev0:
 179 0000 01       		.uleb128 0x1
 180 0001 11       		.uleb128 0x11
 181 0002 01       		.byte	0x1
 182 0003 25       		.uleb128 0x25
 183 0004 0E       		.uleb128 0xe
 184 0005 13       		.uleb128 0x13
 185 0006 0B       		.uleb128 0xb
 186 0007 03       		.uleb128 0x3
 187 0008 0E       		.uleb128 0xe
 188 0009 1B       		.uleb128 0x1b
 189 000a 0E       		.uleb128 0xe
 190 000b 55       		.uleb128 0x55
 191 000c 17       		.uleb128 0x17
 192 000d 11       		.uleb128 0x11
 193 000e 01       		.uleb128 0x1
 194 000f 10       		.uleb128 0x10
 195 0010 17       		.uleb128 0x17
 196 0011 00       		.byte	0
 197 0012 00       		.byte	0
 198 0013 02       		.uleb128 0x2
 199 0014 24       		.uleb128 0x24
 200 0015 00       		.byte	0
 201 0016 0B       		.uleb128 0xb
 202 0017 0B       		.uleb128 0xb
 203 0018 3E       		.uleb128 0x3e
 204 0019 0B       		.uleb128 0xb
 205 001a 03       		.uleb128 0x3
 206 001b 0E       		.uleb128 0xe
 207 001c 00       		.byte	0
 208 001d 00       		.byte	0
 209 001e 03       		.uleb128 0x3
 210 001f 24       		.uleb128 0x24
 211 0020 00       		.byte	0
 212 0021 0B       		.uleb128 0xb
 213 0022 0B       		.uleb128 0xb
 214 0023 3E       		.uleb128 0x3e
 215 0024 0B       		.uleb128 0xb
 216 0025 03       		.uleb128 0x3
 217 0026 08       		.uleb128 0x8
 218 0027 00       		.byte	0
 219 0028 00       		.byte	0
 220 0029 04       		.uleb128 0x4
 221 002a 16       		.uleb128 0x16
 222 002b 00       		.byte	0
 223 002c 03       		.uleb128 0x3
 224 002d 0E       		.uleb128 0xe
 225 002e 3A       		.uleb128 0x3a
ARM GAS  C:\Users\doug_000\AppData\Local\Temp\ccV0H4xA.s 			page 6


 226 002f 0B       		.uleb128 0xb
 227 0030 3B       		.uleb128 0x3b
 228 0031 05       		.uleb128 0x5
 229 0032 49       		.uleb128 0x49
 230 0033 13       		.uleb128 0x13
 231 0034 00       		.byte	0
 232 0035 00       		.byte	0
 233 0036 05       		.uleb128 0x5
 234 0037 35       		.uleb128 0x35
 235 0038 00       		.byte	0
 236 0039 49       		.uleb128 0x49
 237 003a 13       		.uleb128 0x13
 238 003b 00       		.byte	0
 239 003c 00       		.byte	0
 240 003d 06       		.uleb128 0x6
 241 003e 2E       		.uleb128 0x2e
 242 003f 01       		.byte	0x1
 243 0040 3F       		.uleb128 0x3f
 244 0041 19       		.uleb128 0x19
 245 0042 03       		.uleb128 0x3
 246 0043 0E       		.uleb128 0xe
 247 0044 3A       		.uleb128 0x3a
 248 0045 0B       		.uleb128 0xb
 249 0046 3B       		.uleb128 0x3b
 250 0047 0B       		.uleb128 0xb
 251 0048 27       		.uleb128 0x27
 252 0049 19       		.uleb128 0x19
 253 004a 11       		.uleb128 0x11
 254 004b 01       		.uleb128 0x1
 255 004c 12       		.uleb128 0x12
 256 004d 06       		.uleb128 0x6
 257 004e 40       		.uleb128 0x40
 258 004f 18       		.uleb128 0x18
 259 0050 9742     		.uleb128 0x2117
 260 0052 19       		.uleb128 0x19
 261 0053 01       		.uleb128 0x1
 262 0054 13       		.uleb128 0x13
 263 0055 00       		.byte	0
 264 0056 00       		.byte	0
 265 0057 07       		.uleb128 0x7
 266 0058 05       		.uleb128 0x5
 267 0059 00       		.byte	0
 268 005a 03       		.uleb128 0x3
 269 005b 0E       		.uleb128 0xe
 270 005c 3A       		.uleb128 0x3a
 271 005d 0B       		.uleb128 0xb
 272 005e 3B       		.uleb128 0x3b
 273 005f 0B       		.uleb128 0xb
 274 0060 49       		.uleb128 0x49
 275 0061 13       		.uleb128 0x13
 276 0062 02       		.uleb128 0x2
 277 0063 18       		.uleb128 0x18
 278 0064 00       		.byte	0
 279 0065 00       		.byte	0
 280 0066 08       		.uleb128 0x8
 281 0067 2E       		.uleb128 0x2e
 282 0068 00       		.byte	0
ARM GAS  C:\Users\doug_000\AppData\Local\Temp\ccV0H4xA.s 			page 7


 283 0069 3F       		.uleb128 0x3f
 284 006a 19       		.uleb128 0x19
 285 006b 03       		.uleb128 0x3
 286 006c 0E       		.uleb128 0xe
 287 006d 3A       		.uleb128 0x3a
 288 006e 0B       		.uleb128 0xb
 289 006f 3B       		.uleb128 0x3b
 290 0070 0B       		.uleb128 0xb
 291 0071 27       		.uleb128 0x27
 292 0072 19       		.uleb128 0x19
 293 0073 49       		.uleb128 0x49
 294 0074 13       		.uleb128 0x13
 295 0075 11       		.uleb128 0x11
 296 0076 01       		.uleb128 0x1
 297 0077 12       		.uleb128 0x12
 298 0078 06       		.uleb128 0x6
 299 0079 40       		.uleb128 0x40
 300 007a 18       		.uleb128 0x18
 301 007b 9742     		.uleb128 0x2117
 302 007d 19       		.uleb128 0x19
 303 007e 00       		.byte	0
 304 007f 00       		.byte	0
 305 0080 00       		.byte	0
 306              		.section	.debug_aranges,"",%progbits
 307 0000 24000000 		.4byte	0x24
 308 0004 0200     		.2byte	0x2
 309 0006 00000000 		.4byte	.Ldebug_info0
 310 000a 04       		.byte	0x4
 311 000b 00       		.byte	0
 312 000c 0000     		.2byte	0
 313 000e 0000     		.2byte	0
 314 0010 00000000 		.4byte	.LFB0
 315 0014 0C000000 		.4byte	.LFE0-.LFB0
 316 0018 00000000 		.4byte	.LFB1
 317 001c 0C000000 		.4byte	.LFE1-.LFB1
 318 0020 00000000 		.4byte	0
 319 0024 00000000 		.4byte	0
 320              		.section	.debug_ranges,"",%progbits
 321              	.Ldebug_ranges0:
 322 0000 00000000 		.4byte	.LFB0
 323 0004 0C000000 		.4byte	.LFE0
 324 0008 00000000 		.4byte	.LFB1
 325 000c 0C000000 		.4byte	.LFE1
 326 0010 00000000 		.4byte	0
 327 0014 00000000 		.4byte	0
 328              		.section	.debug_line,"",%progbits
 329              	.Ldebug_line0:
 330 0000 6D000000 		.section	.debug_str,"MS",%progbits,1
 330      02004600 
 330      00000201 
 330      FB0E0D00 
 330      01010101 
 331              	.LASF17:
 332 0000 53746172 		.ascii	"StartPWMA_Write\000"
 332      7450574D 
 332      415F5772 
 332      69746500 
ARM GAS  C:\Users\doug_000\AppData\Local\Temp\ccV0H4xA.s 			page 8


 333              	.LASF9:
 334 0010 666C6F61 		.ascii	"float\000"
 334      7400
 335              	.LASF1:
 336 0016 756E7369 		.ascii	"unsigned char\000"
 336      676E6564 
 336      20636861 
 336      7200
 337              	.LASF15:
 338 0024 47656E65 		.ascii	"Generated_Source\\PSoC5\\StartPWMA.c\000"
 338      72617465 
 338      645F536F 
 338      75726365 
 338      5C50536F 
 339              	.LASF13:
 340 0047 72656738 		.ascii	"reg8\000"
 340      00
 341              	.LASF5:
 342 004c 6C6F6E67 		.ascii	"long unsigned int\000"
 342      20756E73 
 342      69676E65 
 342      6420696E 
 342      7400
 343              	.LASF19:
 344 005e 53746172 		.ascii	"StartPWMA_Read\000"
 344      7450574D 
 344      415F5265 
 344      616400
 345              	.LASF3:
 346 006d 73686F72 		.ascii	"short unsigned int\000"
 346      7420756E 
 346      7369676E 
 346      65642069 
 346      6E7400
 347              	.LASF18:
 348 0080 636F6E74 		.ascii	"control\000"
 348      726F6C00 
 349              	.LASF10:
 350 0088 646F7562 		.ascii	"double\000"
 350      6C6500
 351              	.LASF14:
 352 008f 474E5520 		.ascii	"GNU C 4.9.3 20150303 (release) [ARM/embedded-4_9-br"
 352      4320342E 
 352      392E3320 
 352      32303135 
 352      30333033 
 353 00c2 616E6368 		.ascii	"anch revision 221220] -mcpu=cortex-m3 -mthumb -g -O"
 353      20726576 
 353      6973696F 
 353      6E203232 
 353      31323230 
 354 00f5 67202D66 		.ascii	"g -ffunction-sections -ffat-lto-objects\000"
 354      66756E63 
 354      74696F6E 
 354      2D736563 
 354      74696F6E 
 355              	.LASF8:
ARM GAS  C:\Users\doug_000\AppData\Local\Temp\ccV0H4xA.s 			page 9


 356 011d 756E7369 		.ascii	"unsigned int\000"
 356      676E6564 
 356      20696E74 
 356      00
 357              	.LASF7:
 358 012a 6C6F6E67 		.ascii	"long long unsigned int\000"
 358      206C6F6E 
 358      6720756E 
 358      7369676E 
 358      65642069 
 359              	.LASF16:
 360 0141 433A5C55 		.ascii	"C:\\Users\\doug_000\\Documents\\GitHub\\ODAS\\ODAS-"
 360      73657273 
 360      5C646F75 
 360      675F3030 
 360      305C446F 
 361 016e 50534F43 		.ascii	"PSOC5\\Projects\\ODAS-PSOC5-LEDS-01.cydsn\000"
 361      355C5072 
 361      6F6A6563 
 361      74735C4F 
 361      4441532D 
 362              	.LASF6:
 363 0196 6C6F6E67 		.ascii	"long long int\000"
 363      206C6F6E 
 363      6720696E 
 363      7400
 364              	.LASF11:
 365 01a4 63686172 		.ascii	"char\000"
 365      00
 366              	.LASF2:
 367 01a9 73686F72 		.ascii	"short int\000"
 367      7420696E 
 367      7400
 368              	.LASF12:
 369 01b3 75696E74 		.ascii	"uint8\000"
 369      3800
 370              	.LASF4:
 371 01b9 6C6F6E67 		.ascii	"long int\000"
 371      20696E74 
 371      00
 372              	.LASF0:
 373 01c2 7369676E 		.ascii	"signed char\000"
 373      65642063 
 373      68617200 
 374              		.ident	"GCC: (GNU Tools for ARM Embedded Processors) 4.9.3 20150303 (release) [ARM/embedded-4_9-br
