ARM GAS  C:\Users\DGILLI~1\AppData\Local\Temp\cc53kYwH.s 			page 1


   1              		.syntax unified
   2              		.cpu cortex-m3
   3              		.fpu softvfp
   4              		.eabi_attribute 20, 1
   5              		.eabi_attribute 21, 1
   6              		.eabi_attribute 23, 3
   7              		.eabi_attribute 24, 1
   8              		.eabi_attribute 25, 1
   9              		.eabi_attribute 26, 1
  10              		.eabi_attribute 30, 1
  11              		.eabi_attribute 34, 1
  12              		.eabi_attribute 18, 4
  13              		.thumb
  14              		.file	"USBUART_1_cls.c"
  15              		.text
  16              	.Ltext0:
  17              		.cfi_sections	.debug_frame
  18              		.section	.text.USBUART_1_DispatchClassRqst,"ax",%progbits
  19              		.align	2
  20              		.global	USBUART_1_DispatchClassRqst
  21              		.thumb
  22              		.thumb_func
  23              		.type	USBUART_1_DispatchClassRqst, %function
  24              	USBUART_1_DispatchClassRqst:
  25              	.LFB0:
  26              		.file 1 "Generated_Source\\PSoC5\\USBUART_1_cls.c"
   1:Generated_Source\PSoC5/USBUART_1_cls.c **** /***************************************************************************//**
   2:Generated_Source\PSoC5/USBUART_1_cls.c **** * \file USBUART_1_cls.c
   3:Generated_Source\PSoC5/USBUART_1_cls.c **** * \version 3.10
   4:Generated_Source\PSoC5/USBUART_1_cls.c **** *
   5:Generated_Source\PSoC5/USBUART_1_cls.c **** * \brief
   6:Generated_Source\PSoC5/USBUART_1_cls.c **** *  This file contains the USB Class request handler.
   7:Generated_Source\PSoC5/USBUART_1_cls.c **** *
   8:Generated_Source\PSoC5/USBUART_1_cls.c **** ********************************************************************************
   9:Generated_Source\PSoC5/USBUART_1_cls.c **** * \copyright
  10:Generated_Source\PSoC5/USBUART_1_cls.c **** * Copyright 2008-2016, Cypress Semiconductor Corporation.  All rights reserved.
  11:Generated_Source\PSoC5/USBUART_1_cls.c **** * You may use this file only in accordance with the license, terms, conditions,
  12:Generated_Source\PSoC5/USBUART_1_cls.c **** * disclaimers, and limitations in the end user license agreement accompanying
  13:Generated_Source\PSoC5/USBUART_1_cls.c **** * the software package with which this file was provided.
  14:Generated_Source\PSoC5/USBUART_1_cls.c **** *******************************************************************************/
  15:Generated_Source\PSoC5/USBUART_1_cls.c **** 
  16:Generated_Source\PSoC5/USBUART_1_cls.c **** #include "USBUART_1_pvt.h"
  17:Generated_Source\PSoC5/USBUART_1_cls.c **** #include "cyapicallbacks.h"
  18:Generated_Source\PSoC5/USBUART_1_cls.c **** 
  19:Generated_Source\PSoC5/USBUART_1_cls.c **** #if(USBUART_1_EXTERN_CLS == USBUART_1_FALSE)
  20:Generated_Source\PSoC5/USBUART_1_cls.c **** 
  21:Generated_Source\PSoC5/USBUART_1_cls.c **** /***************************************
  22:Generated_Source\PSoC5/USBUART_1_cls.c **** * User Implemented Class Driver Declarations.
  23:Generated_Source\PSoC5/USBUART_1_cls.c **** ***************************************/
  24:Generated_Source\PSoC5/USBUART_1_cls.c **** /* `#START USER_DEFINED_CLASS_DECLARATIONS` Place your declaration here */
  25:Generated_Source\PSoC5/USBUART_1_cls.c **** 
  26:Generated_Source\PSoC5/USBUART_1_cls.c **** /* `#END` */
  27:Generated_Source\PSoC5/USBUART_1_cls.c **** 
  28:Generated_Source\PSoC5/USBUART_1_cls.c **** 
  29:Generated_Source\PSoC5/USBUART_1_cls.c **** /*******************************************************************************
  30:Generated_Source\PSoC5/USBUART_1_cls.c **** * Function Name: USBUART_1_DispatchClassRqst
  31:Generated_Source\PSoC5/USBUART_1_cls.c **** ****************************************************************************//**
ARM GAS  C:\Users\DGILLI~1\AppData\Local\Temp\cc53kYwH.s 			page 2


  32:Generated_Source\PSoC5/USBUART_1_cls.c **** *  This routine dispatches class specific requests depend on interface class.
  33:Generated_Source\PSoC5/USBUART_1_cls.c **** *
  34:Generated_Source\PSoC5/USBUART_1_cls.c **** * \return
  35:Generated_Source\PSoC5/USBUART_1_cls.c **** *  requestHandled.
  36:Generated_Source\PSoC5/USBUART_1_cls.c **** *
  37:Generated_Source\PSoC5/USBUART_1_cls.c **** * \reentrant
  38:Generated_Source\PSoC5/USBUART_1_cls.c **** *  No.
  39:Generated_Source\PSoC5/USBUART_1_cls.c **** *
  40:Generated_Source\PSoC5/USBUART_1_cls.c **** *******************************************************************************/
  41:Generated_Source\PSoC5/USBUART_1_cls.c **** uint8 USBUART_1_DispatchClassRqst(void) 
  42:Generated_Source\PSoC5/USBUART_1_cls.c **** {
  27              		.loc 1 42 0
  28              		.cfi_startproc
  29              		@ args = 0, pretend = 0, frame = 0
  30              		@ frame_needed = 0, uses_anonymous_args = 0
  31 0000 08B5     		push	{r3, lr}
  32              		.cfi_def_cfa_offset 8
  33              		.cfi_offset 3, -8
  34              		.cfi_offset 14, -4
  43:Generated_Source\PSoC5/USBUART_1_cls.c ****     uint8 requestHandled;
  44:Generated_Source\PSoC5/USBUART_1_cls.c ****     uint8 interfaceNumber;
  45:Generated_Source\PSoC5/USBUART_1_cls.c **** 
  46:Generated_Source\PSoC5/USBUART_1_cls.c ****     /* Get interface to which request is intended. */
  47:Generated_Source\PSoC5/USBUART_1_cls.c ****     switch (USBUART_1_bmRequestTypeReg & USBUART_1_RQST_RCPT_MASK)
  35              		.loc 1 47 0
  36 0002 124B     		ldr	r3, .L12
  37 0004 1B78     		ldrb	r3, [r3]	@ zero_extendqisi2
  38 0006 03F00303 		and	r3, r3, #3
  39 000a 012B     		cmp	r3, #1
  40 000c 02D0     		beq	.L3
  41 000e 022B     		cmp	r3, #2
  42 0010 04D0     		beq	.L4
  43 0012 0FE0     		b	.L9
  44              	.L3:
  48:Generated_Source\PSoC5/USBUART_1_cls.c ****     {
  49:Generated_Source\PSoC5/USBUART_1_cls.c ****         case USBUART_1_RQST_RCPT_IFC:
  50:Generated_Source\PSoC5/USBUART_1_cls.c ****             /* Class-specific request directed to interface: wIndexLoReg 
  51:Generated_Source\PSoC5/USBUART_1_cls.c ****             * contains interface number.
  52:Generated_Source\PSoC5/USBUART_1_cls.c ****             */
  53:Generated_Source\PSoC5/USBUART_1_cls.c ****             interfaceNumber = (uint8) USBUART_1_wIndexLoReg;
  45              		.loc 1 53 0
  46 0014 0D4B     		ldr	r3, .L12
  47 0016 1B79     		ldrb	r3, [r3, #4]	@ zero_extendqisi2
  48 0018 DBB2     		uxtb	r3, r3
  49              	.LVL0:
  54:Generated_Source\PSoC5/USBUART_1_cls.c ****             break;
  50              		.loc 1 54 0
  51 001a 0CE0     		b	.L2
  52              	.LVL1:
  53              	.L4:
  55:Generated_Source\PSoC5/USBUART_1_cls.c ****         
  56:Generated_Source\PSoC5/USBUART_1_cls.c ****         case USBUART_1_RQST_RCPT_EP:
  57:Generated_Source\PSoC5/USBUART_1_cls.c ****             /* Class-specific request directed to endpoint: wIndexLoReg contains 
  58:Generated_Source\PSoC5/USBUART_1_cls.c ****             * endpoint number. Find interface related to endpoint, 
  59:Generated_Source\PSoC5/USBUART_1_cls.c ****             */
  60:Generated_Source\PSoC5/USBUART_1_cls.c ****             interfaceNumber = USBUART_1_EP[USBUART_1_wIndexLoReg & USBUART_1_DIR_UNUSED].interface;
  54              		.loc 1 60 0
ARM GAS  C:\Users\DGILLI~1\AppData\Local\Temp\cc53kYwH.s 			page 3


  55 001c 0B4B     		ldr	r3, .L12
  56 001e 1B79     		ldrb	r3, [r3, #4]	@ zero_extendqisi2
  57 0020 03F07F03 		and	r3, r3, #127
  58 0024 03EB4303 		add	r3, r3, r3, lsl #1
  59 0028 9B00     		lsls	r3, r3, #2
  60 002a 094A     		ldr	r2, .L12+4
  61 002c 1344     		add	r3, r3, r2
  62 002e 9B78     		ldrb	r3, [r3, #2]	@ zero_extendqisi2
  63 0030 DBB2     		uxtb	r3, r3
  64              	.LVL2:
  61:Generated_Source\PSoC5/USBUART_1_cls.c ****             break;
  65              		.loc 1 61 0
  66 0032 00E0     		b	.L2
  67              	.LVL3:
  68              	.L9:
  62:Generated_Source\PSoC5/USBUART_1_cls.c ****             
  63:Generated_Source\PSoC5/USBUART_1_cls.c ****         default:
  64:Generated_Source\PSoC5/USBUART_1_cls.c ****             /* Default interface is zero. */
  65:Generated_Source\PSoC5/USBUART_1_cls.c ****             interfaceNumber = 0u;
  69              		.loc 1 65 0
  70 0034 0023     		movs	r3, #0
  71              	.L2:
  72              	.LVL4:
  66:Generated_Source\PSoC5/USBUART_1_cls.c ****             break;
  67:Generated_Source\PSoC5/USBUART_1_cls.c ****     }
  68:Generated_Source\PSoC5/USBUART_1_cls.c **** 
  69:Generated_Source\PSoC5/USBUART_1_cls.c **** #if (defined(USBUART_1_ENABLE_HID_CLASS) ||\
  70:Generated_Source\PSoC5/USBUART_1_cls.c ****             defined(USBUART_1_ENABLE_AUDIO_CLASS) ||\
  71:Generated_Source\PSoC5/USBUART_1_cls.c ****             defined(USBUART_1_ENABLE_CDC_CLASS) ||\
  72:Generated_Source\PSoC5/USBUART_1_cls.c ****             USBUART_1_ENABLE_MSC_CLASS)
  73:Generated_Source\PSoC5/USBUART_1_cls.c **** 
  74:Generated_Source\PSoC5/USBUART_1_cls.c ****     /* Handle class request depends on interface type. */
  75:Generated_Source\PSoC5/USBUART_1_cls.c ****     switch (USBUART_1_interfaceClass[interfaceNumber])
  73              		.loc 1 75 0
  74 0036 074A     		ldr	r2, .L12+8
  75 0038 1268     		ldr	r2, [r2]
  76 003a D35C     		ldrb	r3, [r2, r3]	@ zero_extendqisi2
  77              	.LVL5:
  78 003c 022B     		cmp	r3, #2
  79 003e 02D1     		bne	.L10
  76:Generated_Source\PSoC5/USBUART_1_cls.c ****     {
  77:Generated_Source\PSoC5/USBUART_1_cls.c ****     #if defined(USBUART_1_ENABLE_HID_CLASS)
  78:Generated_Source\PSoC5/USBUART_1_cls.c ****         case USBUART_1_CLASS_HID:
  79:Generated_Source\PSoC5/USBUART_1_cls.c ****             requestHandled = USBUART_1_DispatchHIDClassRqst();
  80:Generated_Source\PSoC5/USBUART_1_cls.c ****             break;
  81:Generated_Source\PSoC5/USBUART_1_cls.c ****     #endif /* (USBUART_1_ENABLE_HID_CLASS) */
  82:Generated_Source\PSoC5/USBUART_1_cls.c ****             
  83:Generated_Source\PSoC5/USBUART_1_cls.c ****     #if defined(USBUART_1_ENABLE_AUDIO_CLASS)
  84:Generated_Source\PSoC5/USBUART_1_cls.c ****         case USBUART_1_CLASS_AUDIO:
  85:Generated_Source\PSoC5/USBUART_1_cls.c ****             requestHandled = USBUART_1_DispatchAUDIOClassRqst();
  86:Generated_Source\PSoC5/USBUART_1_cls.c ****             break;
  87:Generated_Source\PSoC5/USBUART_1_cls.c ****     #endif /* (USBUART_1_CLASS_AUDIO) */
  88:Generated_Source\PSoC5/USBUART_1_cls.c ****             
  89:Generated_Source\PSoC5/USBUART_1_cls.c ****     #if defined(USBUART_1_ENABLE_CDC_CLASS)
  90:Generated_Source\PSoC5/USBUART_1_cls.c ****         case USBUART_1_CLASS_CDC:
  91:Generated_Source\PSoC5/USBUART_1_cls.c ****             requestHandled = USBUART_1_DispatchCDCClassRqst();
  80              		.loc 1 91 0
ARM GAS  C:\Users\DGILLI~1\AppData\Local\Temp\cc53kYwH.s 			page 4


  81 0040 FFF7FEFF 		bl	USBUART_1_DispatchCDCClassRqst
  82              	.LVL6:
  92:Generated_Source\PSoC5/USBUART_1_cls.c ****             break;
  83              		.loc 1 92 0
  84 0044 08BD     		pop	{r3, pc}
  85              	.LVL7:
  86              	.L10:
  93:Generated_Source\PSoC5/USBUART_1_cls.c ****     #endif /* (USBUART_1_ENABLE_CDC_CLASS) */
  94:Generated_Source\PSoC5/USBUART_1_cls.c ****         
  95:Generated_Source\PSoC5/USBUART_1_cls.c ****     #if (USBUART_1_ENABLE_MSC_CLASS)
  96:Generated_Source\PSoC5/USBUART_1_cls.c ****         case USBUART_1_CLASS_MSD:
  97:Generated_Source\PSoC5/USBUART_1_cls.c ****         #if (USBUART_1_HANDLE_MSC_REQUESTS)
  98:Generated_Source\PSoC5/USBUART_1_cls.c ****             /* MSC requests are handled by the component. */
  99:Generated_Source\PSoC5/USBUART_1_cls.c ****             requestHandled = USBUART_1_DispatchMSCClassRqst();
 100:Generated_Source\PSoC5/USBUART_1_cls.c ****         #elif defined(USBUART_1_DISPATCH_MSC_CLASS_RQST_CALLBACK)
 101:Generated_Source\PSoC5/USBUART_1_cls.c ****             /* MSC requests are handled by user defined callbcak. */
 102:Generated_Source\PSoC5/USBUART_1_cls.c ****             requestHandled = USBUART_1_DispatchMSCClassRqst_Callback();
 103:Generated_Source\PSoC5/USBUART_1_cls.c ****         #else
 104:Generated_Source\PSoC5/USBUART_1_cls.c ****             /* MSC requests are not handled. */
 105:Generated_Source\PSoC5/USBUART_1_cls.c ****             requestHandled = USBUART_1_FALSE;
 106:Generated_Source\PSoC5/USBUART_1_cls.c ****         #endif /* (USBUART_1_HANDLE_MSC_REQUESTS) */
 107:Generated_Source\PSoC5/USBUART_1_cls.c ****             break;
 108:Generated_Source\PSoC5/USBUART_1_cls.c ****     #endif /* (USBUART_1_ENABLE_MSC_CLASS) */
 109:Generated_Source\PSoC5/USBUART_1_cls.c ****         
 110:Generated_Source\PSoC5/USBUART_1_cls.c ****         default:
 111:Generated_Source\PSoC5/USBUART_1_cls.c ****             /* Request is not handled: unknown class request type. */
 112:Generated_Source\PSoC5/USBUART_1_cls.c ****             requestHandled = USBUART_1_FALSE;
  87              		.loc 1 112 0
  88 0046 0020     		movs	r0, #0
  89              	.LVL8:
 113:Generated_Source\PSoC5/USBUART_1_cls.c ****             break;
 114:Generated_Source\PSoC5/USBUART_1_cls.c ****     }
 115:Generated_Source\PSoC5/USBUART_1_cls.c **** #else /*No class is defined*/
 116:Generated_Source\PSoC5/USBUART_1_cls.c ****     if (0u != interfaceNumber)
 117:Generated_Source\PSoC5/USBUART_1_cls.c ****     {
 118:Generated_Source\PSoC5/USBUART_1_cls.c ****         /* Suppress warning message */
 119:Generated_Source\PSoC5/USBUART_1_cls.c ****     }
 120:Generated_Source\PSoC5/USBUART_1_cls.c ****     requestHandled = USBUART_1_FALSE;
 121:Generated_Source\PSoC5/USBUART_1_cls.c **** #endif /*HID or AUDIO or MSC or CDC class enabled*/
 122:Generated_Source\PSoC5/USBUART_1_cls.c **** 
 123:Generated_Source\PSoC5/USBUART_1_cls.c ****     /* `#START USER_DEFINED_CLASS_CODE` Place your Class request here */
 124:Generated_Source\PSoC5/USBUART_1_cls.c **** 
 125:Generated_Source\PSoC5/USBUART_1_cls.c ****     /* `#END` */
 126:Generated_Source\PSoC5/USBUART_1_cls.c **** 
 127:Generated_Source\PSoC5/USBUART_1_cls.c **** #ifdef USBUART_1_DISPATCH_CLASS_RQST_CALLBACK
 128:Generated_Source\PSoC5/USBUART_1_cls.c ****     if (USBUART_1_FALSE == requestHandled)
 129:Generated_Source\PSoC5/USBUART_1_cls.c ****     {
 130:Generated_Source\PSoC5/USBUART_1_cls.c ****         requestHandled = USBUART_1_DispatchClassRqst_Callback(interfaceNumber);
 131:Generated_Source\PSoC5/USBUART_1_cls.c ****     }
 132:Generated_Source\PSoC5/USBUART_1_cls.c **** #endif /* (USBUART_1_DISPATCH_CLASS_RQST_CALLBACK) */
 133:Generated_Source\PSoC5/USBUART_1_cls.c **** 
 134:Generated_Source\PSoC5/USBUART_1_cls.c ****     return (requestHandled);
 135:Generated_Source\PSoC5/USBUART_1_cls.c **** }
  90              		.loc 1 135 0
  91 0048 08BD     		pop	{r3, pc}
  92              	.L13:
  93 004a 00BF     		.align	2
ARM GAS  C:\Users\DGILLI~1\AppData\Local\Temp\cc53kYwH.s 			page 5


  94              	.L12:
  95 004c 00600040 		.word	1073766400
  96 0050 08000000 		.word	USBUART_1_EP+8
  97 0054 00000000 		.word	USBUART_1_interfaceClass
  98              		.cfi_endproc
  99              	.LFE0:
 100              		.size	USBUART_1_DispatchClassRqst, .-USBUART_1_DispatchClassRqst
 101              		.text
 102              	.Letext0:
 103              		.file 2 "Generated_Source\\PSoC5\\cytypes.h"
 104              		.file 3 "Generated_Source\\PSoC5\\USBUART_1.h"
 105              		.file 4 "Generated_Source\\PSoC5\\USBUART_1_pvt.h"
 106              		.section	.debug_info,"",%progbits
 107              	.Ldebug_info0:
 108 0000 CE010000 		.4byte	0x1ce
 109 0004 0400     		.2byte	0x4
 110 0006 00000000 		.4byte	.Ldebug_abbrev0
 111 000a 04       		.byte	0x4
 112 000b 01       		.uleb128 0x1
 113 000c 6E010000 		.4byte	.LASF31
 114 0010 01       		.byte	0x1
 115 0011 7D000000 		.4byte	.LASF32
 116 0015 00000000 		.4byte	.LASF33
 117 0019 00000000 		.4byte	.Ldebug_ranges0+0
 118 001d 00000000 		.4byte	0
 119 0021 00000000 		.4byte	.Ldebug_line0
 120 0025 02       		.uleb128 0x2
 121 0026 01       		.byte	0x1
 122 0027 06       		.byte	0x6
 123 0028 BD020000 		.4byte	.LASF0
 124 002c 02       		.uleb128 0x2
 125 002d 01       		.byte	0x1
 126 002e 08       		.byte	0x8
 127 002f F5000000 		.4byte	.LASF1
 128 0033 02       		.uleb128 0x2
 129 0034 02       		.byte	0x2
 130 0035 05       		.byte	0x5
 131 0036 9A020000 		.4byte	.LASF2
 132 003a 02       		.uleb128 0x2
 133 003b 02       		.byte	0x2
 134 003c 07       		.byte	0x7
 135 003d 6A000000 		.4byte	.LASF3
 136 0041 02       		.uleb128 0x2
 137 0042 04       		.byte	0x4
 138 0043 05       		.byte	0x5
 139 0044 B4020000 		.4byte	.LASF4
 140 0048 02       		.uleb128 0x2
 141 0049 04       		.byte	0x4
 142 004a 07       		.byte	0x7
 143 004b 03010000 		.4byte	.LASF5
 144 004f 02       		.uleb128 0x2
 145 0050 08       		.byte	0x8
 146 0051 05       		.byte	0x5
 147 0052 63020000 		.4byte	.LASF6
 148 0056 02       		.uleb128 0x2
 149 0057 08       		.byte	0x8
 150 0058 07       		.byte	0x7
ARM GAS  C:\Users\DGILLI~1\AppData\Local\Temp\cc53kYwH.s 			page 6


 151 0059 23020000 		.4byte	.LASF7
 152 005d 03       		.uleb128 0x3
 153 005e 04       		.byte	0x4
 154 005f 05       		.byte	0x5
 155 0060 696E7400 		.ascii	"int\000"
 156 0064 02       		.uleb128 0x2
 157 0065 04       		.byte	0x4
 158 0066 07       		.byte	0x7
 159 0067 16020000 		.4byte	.LASF8
 160 006b 04       		.uleb128 0x4
 161 006c A4020000 		.4byte	.LASF9
 162 0070 02       		.byte	0x2
 163 0071 9201     		.2byte	0x192
 164 0073 2C000000 		.4byte	0x2c
 165 0077 04       		.uleb128 0x4
 166 0078 5C010000 		.4byte	.LASF10
 167 007c 02       		.byte	0x2
 168 007d 9301     		.2byte	0x193
 169 007f 3A000000 		.4byte	0x3a
 170 0083 02       		.uleb128 0x2
 171 0084 04       		.byte	0x4
 172 0085 04       		.byte	0x4
 173 0086 E6000000 		.4byte	.LASF11
 174 008a 02       		.uleb128 0x2
 175 008b 08       		.byte	0x8
 176 008c 04       		.byte	0x4
 177 008d 43010000 		.4byte	.LASF12
 178 0091 02       		.uleb128 0x2
 179 0092 01       		.byte	0x1
 180 0093 08       		.byte	0x8
 181 0094 8A020000 		.4byte	.LASF13
 182 0098 02       		.uleb128 0x2
 183 0099 04       		.byte	0x4
 184 009a 07       		.byte	0x7
 185 009b 53020000 		.4byte	.LASF14
 186 009f 05       		.uleb128 0x5
 187 00a0 0C       		.byte	0xc
 188 00a1 03       		.byte	0x3
 189 00a2 8D       		.byte	0x8d
 190 00a3 14010000 		.4byte	0x114
 191 00a7 06       		.uleb128 0x6
 192 00a8 4A010000 		.4byte	.LASF15
 193 00ac 03       		.byte	0x3
 194 00ad 8F       		.byte	0x8f
 195 00ae 6B000000 		.4byte	0x6b
 196 00b2 00       		.byte	0
 197 00b3 06       		.uleb128 0x6
 198 00b4 63010000 		.4byte	.LASF16
 199 00b8 03       		.byte	0x3
 200 00b9 90       		.byte	0x90
 201 00ba 6B000000 		.4byte	0x6b
 202 00be 01       		.byte	0x1
 203 00bf 06       		.uleb128 0x6
 204 00c0 3A020000 		.4byte	.LASF17
 205 00c4 03       		.byte	0x3
 206 00c5 91       		.byte	0x91
 207 00c6 6B000000 		.4byte	0x6b
ARM GAS  C:\Users\DGILLI~1\AppData\Local\Temp\cc53kYwH.s 			page 7


 208 00ca 02       		.byte	0x2
 209 00cb 06       		.uleb128 0x6
 210 00cc EC000000 		.4byte	.LASF18
 211 00d0 03       		.byte	0x3
 212 00d1 92       		.byte	0x92
 213 00d2 6B000000 		.4byte	0x6b
 214 00d6 03       		.byte	0x3
 215 00d7 06       		.uleb128 0x6
 216 00d8 15010000 		.4byte	.LASF19
 217 00dc 03       		.byte	0x3
 218 00dd 93       		.byte	0x93
 219 00de 6B000000 		.4byte	0x6b
 220 00e2 04       		.byte	0x4
 221 00e3 06       		.uleb128 0x6
 222 00e4 5C020000 		.4byte	.LASF20
 223 00e8 03       		.byte	0x3
 224 00e9 94       		.byte	0x94
 225 00ea 6B000000 		.4byte	0x6b
 226 00ee 05       		.byte	0x5
 227 00ef 06       		.uleb128 0x6
 228 00f0 51010000 		.4byte	.LASF21
 229 00f4 03       		.byte	0x3
 230 00f5 95       		.byte	0x95
 231 00f6 77000000 		.4byte	0x77
 232 00fa 06       		.byte	0x6
 233 00fb 06       		.uleb128 0x6
 234 00fc 8F020000 		.4byte	.LASF22
 235 0100 03       		.byte	0x3
 236 0101 96       		.byte	0x96
 237 0102 77000000 		.4byte	0x77
 238 0106 08       		.byte	0x8
 239 0107 06       		.uleb128 0x6
 240 0108 AA020000 		.4byte	.LASF23
 241 010c 03       		.byte	0x3
 242 010d 97       		.byte	0x97
 243 010e 6B000000 		.4byte	0x6b
 244 0112 0A       		.byte	0xa
 245 0113 00       		.byte	0
 246 0114 07       		.uleb128 0x7
 247 0115 71020000 		.4byte	.LASF24
 248 0119 03       		.byte	0x3
 249 011a 98       		.byte	0x98
 250 011b 9F000000 		.4byte	0x9f
 251 011f 05       		.uleb128 0x5
 252 0120 08       		.byte	0x8
 253 0121 03       		.byte	0x3
 254 0122 C5       		.byte	0xc5
 255 0123 34010000 		.4byte	0x134
 256 0127 06       		.uleb128 0x6
 257 0128 A4000000 		.4byte	.LASF25
 258 012c 03       		.byte	0x3
 259 012d C7       		.byte	0xc7
 260 012e 34010000 		.4byte	0x134
 261 0132 00       		.byte	0
 262 0133 00       		.byte	0
 263 0134 08       		.uleb128 0x8
 264 0135 6B000000 		.4byte	0x6b
ARM GAS  C:\Users\DGILLI~1\AppData\Local\Temp\cc53kYwH.s 			page 8


 265 0139 44010000 		.4byte	0x144
 266 013d 09       		.uleb128 0x9
 267 013e 98000000 		.4byte	0x98
 268 0142 07       		.byte	0x7
 269 0143 00       		.byte	0
 270 0144 07       		.uleb128 0x7
 271 0145 FC010000 		.4byte	.LASF26
 272 0149 03       		.byte	0x3
 273 014a C8       		.byte	0xc8
 274 014b 1F010000 		.4byte	0x11f
 275 014f 0A       		.uleb128 0xa
 276 0150 AB000000 		.4byte	.LASF34
 277 0154 01       		.byte	0x1
 278 0155 29       		.byte	0x29
 279 0156 6B000000 		.4byte	0x6b
 280 015a 00000000 		.4byte	.LFB0
 281 015e 58000000 		.4byte	.LFE0-.LFB0
 282 0162 01       		.uleb128 0x1
 283 0163 9C       		.byte	0x9c
 284 0164 90010000 		.4byte	0x190
 285 0168 0B       		.uleb128 0xb
 286 0169 44020000 		.4byte	.LASF27
 287 016d 01       		.byte	0x1
 288 016e 2B       		.byte	0x2b
 289 016f 6B000000 		.4byte	0x6b
 290 0173 00000000 		.4byte	.LLST0
 291 0177 0B       		.uleb128 0xb
 292 0178 33010000 		.4byte	.LASF28
 293 017c 01       		.byte	0x1
 294 017d 2C       		.byte	0x2c
 295 017e 6B000000 		.4byte	0x6b
 296 0182 1E000000 		.4byte	.LLST1
 297 0186 0C       		.uleb128 0xc
 298 0187 44000000 		.4byte	.LVL6
 299 018b C6010000 		.4byte	0x1c6
 300 018f 00       		.byte	0
 301 0190 0D       		.uleb128 0xd
 302 0191 1A010000 		.4byte	.LASF29
 303 0195 04       		.byte	0x4
 304 0196 77       		.byte	0x77
 305 0197 9B010000 		.4byte	0x19b
 306 019b 0E       		.uleb128 0xe
 307 019c 04       		.byte	0x4
 308 019d A1010000 		.4byte	0x1a1
 309 01a1 0F       		.uleb128 0xf
 310 01a2 6B000000 		.4byte	0x6b
 311 01a6 08       		.uleb128 0x8
 312 01a7 14010000 		.4byte	0x114
 313 01ab B6010000 		.4byte	0x1b6
 314 01af 09       		.uleb128 0x9
 315 01b0 98000000 		.4byte	0x98
 316 01b4 08       		.byte	0x8
 317 01b5 00       		.byte	0
 318 01b6 0D       		.uleb128 0xd
 319 01b7 5D000000 		.4byte	.LASF30
 320 01bb 04       		.byte	0x4
 321 01bc 79       		.byte	0x79
ARM GAS  C:\Users\DGILLI~1\AppData\Local\Temp\cc53kYwH.s 			page 9


 322 01bd C1010000 		.4byte	0x1c1
 323 01c1 10       		.uleb128 0x10
 324 01c2 A6010000 		.4byte	0x1a6
 325 01c6 11       		.uleb128 0x11
 326 01c7 C7000000 		.4byte	.LASF35
 327 01cb 04       		.byte	0x4
 328 01cc DE       		.byte	0xde
 329 01cd 6B000000 		.4byte	0x6b
 330 01d1 00       		.byte	0
 331              		.section	.debug_abbrev,"",%progbits
 332              	.Ldebug_abbrev0:
 333 0000 01       		.uleb128 0x1
 334 0001 11       		.uleb128 0x11
 335 0002 01       		.byte	0x1
 336 0003 25       		.uleb128 0x25
 337 0004 0E       		.uleb128 0xe
 338 0005 13       		.uleb128 0x13
 339 0006 0B       		.uleb128 0xb
 340 0007 03       		.uleb128 0x3
 341 0008 0E       		.uleb128 0xe
 342 0009 1B       		.uleb128 0x1b
 343 000a 0E       		.uleb128 0xe
 344 000b 55       		.uleb128 0x55
 345 000c 17       		.uleb128 0x17
 346 000d 11       		.uleb128 0x11
 347 000e 01       		.uleb128 0x1
 348 000f 10       		.uleb128 0x10
 349 0010 17       		.uleb128 0x17
 350 0011 00       		.byte	0
 351 0012 00       		.byte	0
 352 0013 02       		.uleb128 0x2
 353 0014 24       		.uleb128 0x24
 354 0015 00       		.byte	0
 355 0016 0B       		.uleb128 0xb
 356 0017 0B       		.uleb128 0xb
 357 0018 3E       		.uleb128 0x3e
 358 0019 0B       		.uleb128 0xb
 359 001a 03       		.uleb128 0x3
 360 001b 0E       		.uleb128 0xe
 361 001c 00       		.byte	0
 362 001d 00       		.byte	0
 363 001e 03       		.uleb128 0x3
 364 001f 24       		.uleb128 0x24
 365 0020 00       		.byte	0
 366 0021 0B       		.uleb128 0xb
 367 0022 0B       		.uleb128 0xb
 368 0023 3E       		.uleb128 0x3e
 369 0024 0B       		.uleb128 0xb
 370 0025 03       		.uleb128 0x3
 371 0026 08       		.uleb128 0x8
 372 0027 00       		.byte	0
 373 0028 00       		.byte	0
 374 0029 04       		.uleb128 0x4
 375 002a 16       		.uleb128 0x16
 376 002b 00       		.byte	0
 377 002c 03       		.uleb128 0x3
 378 002d 0E       		.uleb128 0xe
ARM GAS  C:\Users\DGILLI~1\AppData\Local\Temp\cc53kYwH.s 			page 10


 379 002e 3A       		.uleb128 0x3a
 380 002f 0B       		.uleb128 0xb
 381 0030 3B       		.uleb128 0x3b
 382 0031 05       		.uleb128 0x5
 383 0032 49       		.uleb128 0x49
 384 0033 13       		.uleb128 0x13
 385 0034 00       		.byte	0
 386 0035 00       		.byte	0
 387 0036 05       		.uleb128 0x5
 388 0037 13       		.uleb128 0x13
 389 0038 01       		.byte	0x1
 390 0039 0B       		.uleb128 0xb
 391 003a 0B       		.uleb128 0xb
 392 003b 3A       		.uleb128 0x3a
 393 003c 0B       		.uleb128 0xb
 394 003d 3B       		.uleb128 0x3b
 395 003e 0B       		.uleb128 0xb
 396 003f 01       		.uleb128 0x1
 397 0040 13       		.uleb128 0x13
 398 0041 00       		.byte	0
 399 0042 00       		.byte	0
 400 0043 06       		.uleb128 0x6
 401 0044 0D       		.uleb128 0xd
 402 0045 00       		.byte	0
 403 0046 03       		.uleb128 0x3
 404 0047 0E       		.uleb128 0xe
 405 0048 3A       		.uleb128 0x3a
 406 0049 0B       		.uleb128 0xb
 407 004a 3B       		.uleb128 0x3b
 408 004b 0B       		.uleb128 0xb
 409 004c 49       		.uleb128 0x49
 410 004d 13       		.uleb128 0x13
 411 004e 38       		.uleb128 0x38
 412 004f 0B       		.uleb128 0xb
 413 0050 00       		.byte	0
 414 0051 00       		.byte	0
 415 0052 07       		.uleb128 0x7
 416 0053 16       		.uleb128 0x16
 417 0054 00       		.byte	0
 418 0055 03       		.uleb128 0x3
 419 0056 0E       		.uleb128 0xe
 420 0057 3A       		.uleb128 0x3a
 421 0058 0B       		.uleb128 0xb
 422 0059 3B       		.uleb128 0x3b
 423 005a 0B       		.uleb128 0xb
 424 005b 49       		.uleb128 0x49
 425 005c 13       		.uleb128 0x13
 426 005d 00       		.byte	0
 427 005e 00       		.byte	0
 428 005f 08       		.uleb128 0x8
 429 0060 01       		.uleb128 0x1
 430 0061 01       		.byte	0x1
 431 0062 49       		.uleb128 0x49
 432 0063 13       		.uleb128 0x13
 433 0064 01       		.uleb128 0x1
 434 0065 13       		.uleb128 0x13
 435 0066 00       		.byte	0
ARM GAS  C:\Users\DGILLI~1\AppData\Local\Temp\cc53kYwH.s 			page 11


 436 0067 00       		.byte	0
 437 0068 09       		.uleb128 0x9
 438 0069 21       		.uleb128 0x21
 439 006a 00       		.byte	0
 440 006b 49       		.uleb128 0x49
 441 006c 13       		.uleb128 0x13
 442 006d 2F       		.uleb128 0x2f
 443 006e 0B       		.uleb128 0xb
 444 006f 00       		.byte	0
 445 0070 00       		.byte	0
 446 0071 0A       		.uleb128 0xa
 447 0072 2E       		.uleb128 0x2e
 448 0073 01       		.byte	0x1
 449 0074 3F       		.uleb128 0x3f
 450 0075 19       		.uleb128 0x19
 451 0076 03       		.uleb128 0x3
 452 0077 0E       		.uleb128 0xe
 453 0078 3A       		.uleb128 0x3a
 454 0079 0B       		.uleb128 0xb
 455 007a 3B       		.uleb128 0x3b
 456 007b 0B       		.uleb128 0xb
 457 007c 27       		.uleb128 0x27
 458 007d 19       		.uleb128 0x19
 459 007e 49       		.uleb128 0x49
 460 007f 13       		.uleb128 0x13
 461 0080 11       		.uleb128 0x11
 462 0081 01       		.uleb128 0x1
 463 0082 12       		.uleb128 0x12
 464 0083 06       		.uleb128 0x6
 465 0084 40       		.uleb128 0x40
 466 0085 18       		.uleb128 0x18
 467 0086 9742     		.uleb128 0x2117
 468 0088 19       		.uleb128 0x19
 469 0089 01       		.uleb128 0x1
 470 008a 13       		.uleb128 0x13
 471 008b 00       		.byte	0
 472 008c 00       		.byte	0
 473 008d 0B       		.uleb128 0xb
 474 008e 34       		.uleb128 0x34
 475 008f 00       		.byte	0
 476 0090 03       		.uleb128 0x3
 477 0091 0E       		.uleb128 0xe
 478 0092 3A       		.uleb128 0x3a
 479 0093 0B       		.uleb128 0xb
 480 0094 3B       		.uleb128 0x3b
 481 0095 0B       		.uleb128 0xb
 482 0096 49       		.uleb128 0x49
 483 0097 13       		.uleb128 0x13
 484 0098 02       		.uleb128 0x2
 485 0099 17       		.uleb128 0x17
 486 009a 00       		.byte	0
 487 009b 00       		.byte	0
 488 009c 0C       		.uleb128 0xc
 489 009d 898201   		.uleb128 0x4109
 490 00a0 00       		.byte	0
 491 00a1 11       		.uleb128 0x11
 492 00a2 01       		.uleb128 0x1
ARM GAS  C:\Users\DGILLI~1\AppData\Local\Temp\cc53kYwH.s 			page 12


 493 00a3 31       		.uleb128 0x31
 494 00a4 13       		.uleb128 0x13
 495 00a5 00       		.byte	0
 496 00a6 00       		.byte	0
 497 00a7 0D       		.uleb128 0xd
 498 00a8 34       		.uleb128 0x34
 499 00a9 00       		.byte	0
 500 00aa 03       		.uleb128 0x3
 501 00ab 0E       		.uleb128 0xe
 502 00ac 3A       		.uleb128 0x3a
 503 00ad 0B       		.uleb128 0xb
 504 00ae 3B       		.uleb128 0x3b
 505 00af 0B       		.uleb128 0xb
 506 00b0 49       		.uleb128 0x49
 507 00b1 13       		.uleb128 0x13
 508 00b2 3F       		.uleb128 0x3f
 509 00b3 19       		.uleb128 0x19
 510 00b4 3C       		.uleb128 0x3c
 511 00b5 19       		.uleb128 0x19
 512 00b6 00       		.byte	0
 513 00b7 00       		.byte	0
 514 00b8 0E       		.uleb128 0xe
 515 00b9 0F       		.uleb128 0xf
 516 00ba 00       		.byte	0
 517 00bb 0B       		.uleb128 0xb
 518 00bc 0B       		.uleb128 0xb
 519 00bd 49       		.uleb128 0x49
 520 00be 13       		.uleb128 0x13
 521 00bf 00       		.byte	0
 522 00c0 00       		.byte	0
 523 00c1 0F       		.uleb128 0xf
 524 00c2 26       		.uleb128 0x26
 525 00c3 00       		.byte	0
 526 00c4 49       		.uleb128 0x49
 527 00c5 13       		.uleb128 0x13
 528 00c6 00       		.byte	0
 529 00c7 00       		.byte	0
 530 00c8 10       		.uleb128 0x10
 531 00c9 35       		.uleb128 0x35
 532 00ca 00       		.byte	0
 533 00cb 49       		.uleb128 0x49
 534 00cc 13       		.uleb128 0x13
 535 00cd 00       		.byte	0
 536 00ce 00       		.byte	0
 537 00cf 11       		.uleb128 0x11
 538 00d0 2E       		.uleb128 0x2e
 539 00d1 00       		.byte	0
 540 00d2 3F       		.uleb128 0x3f
 541 00d3 19       		.uleb128 0x19
 542 00d4 03       		.uleb128 0x3
 543 00d5 0E       		.uleb128 0xe
 544 00d6 3A       		.uleb128 0x3a
 545 00d7 0B       		.uleb128 0xb
 546 00d8 3B       		.uleb128 0x3b
 547 00d9 0B       		.uleb128 0xb
 548 00da 27       		.uleb128 0x27
 549 00db 19       		.uleb128 0x19
ARM GAS  C:\Users\DGILLI~1\AppData\Local\Temp\cc53kYwH.s 			page 13


 550 00dc 49       		.uleb128 0x49
 551 00dd 13       		.uleb128 0x13
 552 00de 3C       		.uleb128 0x3c
 553 00df 19       		.uleb128 0x19
 554 00e0 00       		.byte	0
 555 00e1 00       		.byte	0
 556 00e2 00       		.byte	0
 557              		.section	.debug_loc,"",%progbits
 558              	.Ldebug_loc0:
 559              	.LLST0:
 560 0000 44000000 		.4byte	.LVL6
 561 0004 46000000 		.4byte	.LVL7
 562 0008 0100     		.2byte	0x1
 563 000a 50       		.byte	0x50
 564 000b 48000000 		.4byte	.LVL8
 565 000f 58000000 		.4byte	.LFE0
 566 0013 0100     		.2byte	0x1
 567 0015 50       		.byte	0x50
 568 0016 00000000 		.4byte	0
 569 001a 00000000 		.4byte	0
 570              	.LLST1:
 571 001e 1A000000 		.4byte	.LVL0
 572 0022 1C000000 		.4byte	.LVL1
 573 0026 0100     		.2byte	0x1
 574 0028 53       		.byte	0x53
 575 0029 32000000 		.4byte	.LVL2
 576 002d 34000000 		.4byte	.LVL3
 577 0031 0100     		.2byte	0x1
 578 0033 53       		.byte	0x53
 579 0034 36000000 		.4byte	.LVL4
 580 0038 3C000000 		.4byte	.LVL5
 581 003c 0100     		.2byte	0x1
 582 003e 53       		.byte	0x53
 583 003f 00000000 		.4byte	0
 584 0043 00000000 		.4byte	0
 585              		.section	.debug_aranges,"",%progbits
 586 0000 1C000000 		.4byte	0x1c
 587 0004 0200     		.2byte	0x2
 588 0006 00000000 		.4byte	.Ldebug_info0
 589 000a 04       		.byte	0x4
 590 000b 00       		.byte	0
 591 000c 0000     		.2byte	0
 592 000e 0000     		.2byte	0
 593 0010 00000000 		.4byte	.LFB0
 594 0014 58000000 		.4byte	.LFE0-.LFB0
 595 0018 00000000 		.4byte	0
 596 001c 00000000 		.4byte	0
 597              		.section	.debug_ranges,"",%progbits
 598              	.Ldebug_ranges0:
 599 0000 00000000 		.4byte	.LFB0
 600 0004 58000000 		.4byte	.LFE0
 601 0008 00000000 		.4byte	0
 602 000c 00000000 		.4byte	0
 603              		.section	.debug_line,"",%progbits
 604              	.Ldebug_line0:
 605 0000 94000000 		.section	.debug_str,"MS",%progbits,1
 605      02006C00 
ARM GAS  C:\Users\DGILLI~1\AppData\Local\Temp\cc53kYwH.s 			page 14


 605      00000201 
 605      FB0E0D00 
 605      01010101 
 606              	.LASF33:
 607 0000 433A5C55 		.ascii	"C:\\Users\\DGilliland\\Documents\\GitHub\\ODAS\\ODA"
 607      73657273 
 607      5C444769 
 607      6C6C696C 
 607      616E645C 
 608 002d 532D5053 		.ascii	"S-PSOC5\\Projects\\ODAS-PSOC5-USB_Serial-01.cydsn\000"
 608      4F43355C 
 608      50726F6A 
 608      65637473 
 608      5C4F4441 
 609              	.LASF30:
 610 005d 55534255 		.ascii	"USBUART_1_EP\000"
 610      4152545F 
 610      315F4550 
 610      00
 611              	.LASF3:
 612 006a 73686F72 		.ascii	"short unsigned int\000"
 612      7420756E 
 612      7369676E 
 612      65642069 
 612      6E7400
 613              	.LASF32:
 614 007d 47656E65 		.ascii	"Generated_Source\\PSoC5\\USBUART_1_cls.c\000"
 614      72617465 
 614      645F536F 
 614      75726365 
 614      5C50536F 
 615              	.LASF25:
 616 00a4 65704461 		.ascii	"epData\000"
 616      746100
 617              	.LASF34:
 618 00ab 55534255 		.ascii	"USBUART_1_DispatchClassRqst\000"
 618      4152545F 
 618      315F4469 
 618      73706174 
 618      6368436C 
 619              	.LASF35:
 620 00c7 55534255 		.ascii	"USBUART_1_DispatchCDCClassRqst\000"
 620      4152545F 
 620      315F4469 
 620      73706174 
 620      63684344 
 621              	.LASF11:
 622 00e6 666C6F61 		.ascii	"float\000"
 622      7400
 623              	.LASF18:
 624 00ec 6570546F 		.ascii	"epToggle\000"
 624      67676C65 
 624      00
 625              	.LASF1:
 626 00f5 756E7369 		.ascii	"unsigned char\000"
 626      676E6564 
 626      20636861 
ARM GAS  C:\Users\DGILLI~1\AppData\Local\Temp\cc53kYwH.s 			page 15


 626      7200
 627              	.LASF5:
 628 0103 6C6F6E67 		.ascii	"long unsigned int\000"
 628      20756E73 
 628      69676E65 
 628      6420696E 
 628      7400
 629              	.LASF19:
 630 0115 61646472 		.ascii	"addr\000"
 630      00
 631              	.LASF29:
 632 011a 55534255 		.ascii	"USBUART_1_interfaceClass\000"
 632      4152545F 
 632      315F696E 
 632      74657266 
 632      61636543 
 633              	.LASF28:
 634 0133 696E7465 		.ascii	"interfaceNumber\000"
 634      72666163 
 634      654E756D 
 634      62657200 
 635              	.LASF12:
 636 0143 646F7562 		.ascii	"double\000"
 636      6C6500
 637              	.LASF15:
 638 014a 61747472 		.ascii	"attrib\000"
 638      696200
 639              	.LASF21:
 640 0151 62756666 		.ascii	"buffOffset\000"
 640      4F666673 
 640      657400
 641              	.LASF10:
 642 015c 75696E74 		.ascii	"uint16\000"
 642      313600
 643              	.LASF16:
 644 0163 61706945 		.ascii	"apiEpState\000"
 644      70537461 
 644      746500
 645              	.LASF31:
 646 016e 474E5520 		.ascii	"GNU C 4.9.3 20150303 (release) [ARM/embedded-4_9-br"
 646      4320342E 
 646      392E3320 
 646      32303135 
 646      30333033 
 647 01a1 616E6368 		.ascii	"anch revision 221220] -mcpu=cortex-m3 -mthumb -g -O"
 647      20726576 
 647      6973696F 
 647      6E203232 
 647      31323230 
 648 01d4 67202D66 		.ascii	"g -ffunction-sections -ffat-lto-objects\000"
 648      66756E63 
 648      74696F6E 
 648      2D736563 
 648      74696F6E 
 649              	.LASF26:
 650 01fc 55534255 		.ascii	"USBUART_1_ep0_data_struct\000"
 650      4152545F 
ARM GAS  C:\Users\DGILLI~1\AppData\Local\Temp\cc53kYwH.s 			page 16


 650      315F6570 
 650      305F6461 
 650      74615F73 
 651              	.LASF8:
 652 0216 756E7369 		.ascii	"unsigned int\000"
 652      676E6564 
 652      20696E74 
 652      00
 653              	.LASF7:
 654 0223 6C6F6E67 		.ascii	"long long unsigned int\000"
 654      206C6F6E 
 654      6720756E 
 654      7369676E 
 654      65642069 
 655              	.LASF17:
 656 023a 68774570 		.ascii	"hwEpState\000"
 656      53746174 
 656      6500
 657              	.LASF27:
 658 0244 72657175 		.ascii	"requestHandled\000"
 658      65737448 
 658      616E646C 
 658      656400
 659              	.LASF14:
 660 0253 73697A65 		.ascii	"sizetype\000"
 660      74797065 
 660      00
 661              	.LASF20:
 662 025c 65704D6F 		.ascii	"epMode\000"
 662      646500
 663              	.LASF6:
 664 0263 6C6F6E67 		.ascii	"long long int\000"
 664      206C6F6E 
 664      6720696E 
 664      7400
 665              	.LASF24:
 666 0271 545F5553 		.ascii	"T_USBUART_1_EP_CTL_BLOCK\000"
 666      42554152 
 666      545F315F 
 666      45505F43 
 666      544C5F42 
 667              	.LASF13:
 668 028a 63686172 		.ascii	"char\000"
 668      00
 669              	.LASF22:
 670 028f 62756666 		.ascii	"bufferSize\000"
 670      65725369 
 670      7A6500
 671              	.LASF2:
 672 029a 73686F72 		.ascii	"short int\000"
 672      7420696E 
 672      7400
 673              	.LASF9:
 674 02a4 75696E74 		.ascii	"uint8\000"
 674      3800
 675              	.LASF23:
 676 02aa 696E7465 		.ascii	"interface\000"
ARM GAS  C:\Users\DGILLI~1\AppData\Local\Temp\cc53kYwH.s 			page 17


 676      72666163 
 676      6500
 677              	.LASF4:
 678 02b4 6C6F6E67 		.ascii	"long int\000"
 678      20696E74 
 678      00
 679              	.LASF0:
 680 02bd 7369676E 		.ascii	"signed char\000"
 680      65642063 
 680      68617200 
 681              		.ident	"GCC: (GNU Tools for ARM Embedded Processors) 4.9.3 20150303 (release) [ARM/embedded-4_9-br
