000	START	0xA03E	JSR	INITVDU			INITIALIZE THE VDU	
001			0xA043	JSR	INITURT			INITIALIZE THE ACIA UART	
002	CLRSCR	0x210C	LRI	Reg1	0X0C	ANSI CLEAR THE SCREEN CMD	
003			0xA048	JSR	WR2VDU			WRITE OUT CHAR IN R1	
004	YELLOW	0x211B	LRI	Reg1	0X1B	ESC SEQ FOR YELLOW CHARS	
005			0xA048	JSR	WR2VDU			WRITE OUT CHAR IN R1	
006			0x215B	LRI	Reg1	0X5B	[	
007			0xA048	JSR	WR2VDU			WRITE OUT CHAR IN R1	
008			0x2133	LRI	Reg1	0X33	3	
009			0xA048	JSR	WR2VDU			WRITE OUT CHAR IN R1	
00a			0x2133	LRI	Reg1	0X33	3	
00b			0xA048	JSR	WR2VDU			WRITE OUT CHAR IN R1	
00c			0x216D	LRI	Reg1	0X6D	m 	
00d			0xA048	JSR	WR2VDU			WRITE OUT CHAR IN R1	
00e	BANNER	0x2150	LRI	Reg1	0X50	'P’	
00f			0xA048	JSR	WR2VDU			WRITE OUT CHAR IN R1	
010			0x2144	LRI	Reg1	0X44	'D’	
011			0xA048	JSR	WR2VDU			WRITE OUT CHAR IN R1	
012			0x2150	LRI	Reg1	0X50	'P’	
013			0xA048	JSR	WR2VDU			WRITE OUT CHAR IN R1	
014			0x212D	LRI	Reg1	0X2D	'-’	
015			0xA048	JSR	WR2VDU			WRITE OUT CHAR IN R1	
016			0x2138	LRI	Reg1	0X38	'8’	
017			0xA048	JSR	WR2VDU			WRITE OUT CHAR IN R1	
018	CHKSRC	0x6107	IOR	Reg1	VDU_URT	CHECK THE SERIAL ROUTE	
019			0x8101	ARI	Reg1	0X01	MASK BITS (USES ALU)	
01a			0xC04D	BEZ	USEUSB			USING VDU	
01b	USEVDU	0x2120	LRI	Reg1	0X20	SPACE	
01c			0xA048	JSR	WR2VDU			WRITE OUT CHAR IN R1	
01d			0x2156	LRI	Reg1	0X56	'V’	
01e			0xA048	JSR	WR2VDU			WRITE OUT CHAR IN R1	
01f			0x2144	LRI	Reg1	0X44	'D’	
020			0xA048	JSR	WR2VDU			WRITE OUT CHAR IN R1	
021			0x2155	LRI	Reg1	0X55	'U’	
022			0xA048	JSR	WR2VDU			WRITE OUT CHAR IN R1	
023			0x210D	LRI	Reg1	0X0D	CR	
024			0xA048	JSR	WR2VDU			WRITE OUT CHAR IN R1	
025			0x210A	LRI	Reg1	0X0A	LF	
026			0xA048	JSR	WR2VDU			WRITE OUT CHAR IN R1	
027	LOOP	0xA02A	JSR	KB2PDP			KEYBOARD TO PDP-8	
028			0xA034	JSR	PDP2VDU			PDP-8 TO VGA	
029			0xE027	JMP	LOOP			LOOP FOREVER	
02a	KB2PDP	0x6004	IOR	Reg0	KBSTAT	READ KBD STATUS	
02b			0x8001	ARI	Reg0	0X01	MASK RX DATA PRESENT BIT	
02c			0xC033	BEZ	NOKDBD			NO KBD DATA	
02d	WAIT1	0x6002	IOR	Reg0	VDUSTAT	READ VDU STATUS	
02e			0x8002	ARI	Reg0	0X02	CHECK TX EMPTY FLAG	
02f			0xC02D	BEZ	WAIT1			WAIT UNTIL TX EMPTY	
030			0x6105	IOR	Reg1	KB_DATA	READ KBD DATA	
031			0x9180	ORI	Reg1	0X80	MARK PARITY	
032			0x7101	IOW	Reg1	UARTDAT	WRITE TO UART DATA	
033	NOKDBD	0xB000	RTS					DONE KEYBOARD TO UART	
034	PDP2VDU	0x6000	IOR	Reg0	UARTST	PDP-11 TO VDU	
035			0x8001	ARI	Reg0	0X01	MASK RX DATA PRESENT BIT	
036			0xC03D	BEZ	NOPDPD			NO UART DATA	
037	WTVDU	0x6002	IOR	Reg0	VDUSTAT	READ VDU STATUS	
038			0x8002	ARI	Reg0	0X02	TX EMPTY FLAG	
039			0xC037	BEZ	WTVDU			WAIT UNTIL TX EMPTY	
03a	RDURT1	0x6101	IOR	Reg1	UARTDAT	READ UART DATA	
03b			0x817F	ARI	Reg1	0X7F	8 TO 7 BITS	
03c			0x7103	IOW	Reg1	VDUDAT	WRITE OUT SCREEN	
03d	NOPDPD	0xB000	RTS					DONE UART TO VGA	
03e	INITVDU	0x2003	LRI	Reg0	0X03	RESET TERMINAL COMMAND	
03f			0x7002	IOW	Reg0	VDUCTL	WRITE VDU CMD REG	
040			0x2020	LRI	Reg0	0X20	TX CTRLS RTS	
041			0x7002	IOW	Reg0	VDUCTL	WRITE VDU CMD REG	
042			0xB000	RTS							
043	INITURT	0x2003	LRI	Reg0	0X03	RESET UART COMMAND	
044			0x7000	IOW	Reg0	UARTCTL	WRITE UART CMD REG	
045			0x2020	LRI	Reg0	0X20	TX CTRLS RTS	
046			0x7000	IOW	Reg0	UARTCTL	WRITE UART CMD REG	
047			0xB000	RTS							
048	WR2VDU	0x6002	IOR	Reg0	VDUSTAT	READ VDU STATUS	
049			0x8002	ARI	Reg0	0X02	TX EMPTY FLAG	
04a			0xC048	BEZ	WR2VDU			WAIT UNTIL TX EMPTY	
04b			0x7103	IOW	Reg1	VDUDAT	WRITE OUT R1 TO SCREEN	
04c			0xB000	RTS							
04d	USEUSB	0x2120	LRI	Reg1	0X20	SPACE	
04e			0xA048	JSR	WR2VDU			WRITE OUT CHAR IN R1	
04f			0x2155	LRI	Reg1	0X55	'U’	
050			0xA048	JSR	WR2VDU			WRITE OUT CHAR IN R1	
051			0x2153	LRI	Reg1	0X53	'S’	
052			0xA048	JSR	WR2VDU			WRITE OUT CHAR IN R1	
053			0x2142	LRI	Reg1	0X42	'B’	
054			0xA048	JSR	WR2VDU			WRITE OUT CHAR IN R1	
055	SELF	0xE055	JMP	SELF					
