Analysis & Synthesis report for pdp8
Mon Mar 15 14:30:41 2021
Quartus Prime Version 18.1.0 Build 625 09/12/2018 SJ Lite Edition


---------------------
; Table of Contents ;
---------------------
  1. Legal Notice
  2. Analysis & Synthesis Summary
  3. Analysis & Synthesis Settings
  4. Parallel Compilation
  5. Analysis & Synthesis IP Cores Summary
  6. Analysis & Synthesis Messages



----------------
; Legal Notice ;
----------------
Copyright (C) 2018  Intel Corporation. All rights reserved.
Your use of Intel Corporation's design tools, logic functions 
and other software and tools, and its AMPP partner logic 
functions, and any output files from any of the foregoing 
(including device programming or simulation files), and any 
associated documentation or information are expressly subject 
to the terms and conditions of the Intel Program License 
Subscription Agreement, the Intel Quartus Prime License Agreement,
the Intel FPGA IP License Agreement, or other applicable license
agreement, including, without limitation, that your use is for
the sole purpose of programming logic devices manufactured by
Intel and sold by Intel or its authorized distributors.  Please
refer to the applicable agreement for further details.



+----------------------------------------------------------------------------------+
; Analysis & Synthesis Summary                                                     ;
+------------------------------------+---------------------------------------------+
; Analysis & Synthesis Status        ; Failed - Mon Mar 15 14:30:41 2021           ;
; Quartus Prime Version              ; 18.1.0 Build 625 09/12/2018 SJ Lite Edition ;
; Revision Name                      ; pdp8                                        ;
; Top-level Entity Name              ; pdp8                                        ;
; Family                             ; Cyclone IV E                                ;
; Total logic elements               ; N/A until Partition Merge                   ;
;     Total combinational functions  ; N/A until Partition Merge                   ;
;     Dedicated logic registers      ; N/A until Partition Merge                   ;
; Total registers                    ; N/A until Partition Merge                   ;
; Total pins                         ; N/A until Partition Merge                   ;
; Total virtual pins                 ; N/A until Partition Merge                   ;
; Total memory bits                  ; N/A until Partition Merge                   ;
; Embedded Multiplier 9-bit elements ; N/A until Partition Merge                   ;
; Total PLLs                         ; N/A until Partition Merge                   ;
+------------------------------------+---------------------------------------------+


+------------------------------------------------------------------------------------------------------------+
; Analysis & Synthesis Settings                                                                              ;
+------------------------------------------------------------------+--------------------+--------------------+
; Option                                                           ; Setting            ; Default Value      ;
+------------------------------------------------------------------+--------------------+--------------------+
; Device                                                           ; EP4CE15F23C8       ;                    ;
; Top-level entity name                                            ; pdp8               ; pdp8               ;
; Family name                                                      ; Cyclone IV E       ; Cyclone V          ;
; Use smart compilation                                            ; Off                ; Off                ;
; Enable parallel Assembler and Timing Analyzer during compilation ; On                 ; On                 ;
; Enable compact report table                                      ; Off                ; Off                ;
; Restructure Multiplexers                                         ; Auto               ; Auto               ;
; Create Debugging Nodes for IP Cores                              ; Off                ; Off                ;
; Preserve fewer node names                                        ; On                 ; On                 ;
; Intel FPGA IP Evaluation Mode                                    ; Enable             ; Enable             ;
; Verilog Version                                                  ; Verilog_2001       ; Verilog_2001       ;
; VHDL Version                                                     ; VHDL_1993          ; VHDL_1993          ;
; State Machine Processing                                         ; Auto               ; Auto               ;
; Safe State Machine                                               ; Off                ; Off                ;
; Extract Verilog State Machines                                   ; On                 ; On                 ;
; Extract VHDL State Machines                                      ; On                 ; On                 ;
; Ignore Verilog initial constructs                                ; Off                ; Off                ;
; Iteration limit for constant Verilog loops                       ; 5000               ; 5000               ;
; Iteration limit for non-constant Verilog loops                   ; 250                ; 250                ;
; Add Pass-Through Logic to Inferred RAMs                          ; On                 ; On                 ;
; Infer RAMs from Raw Logic                                        ; On                 ; On                 ;
; Parallel Synthesis                                               ; On                 ; On                 ;
; DSP Block Balancing                                              ; Auto               ; Auto               ;
; NOT Gate Push-Back                                               ; On                 ; On                 ;
; Power-Up Don't Care                                              ; On                 ; On                 ;
; Remove Redundant Logic Cells                                     ; Off                ; Off                ;
; Remove Duplicate Registers                                       ; On                 ; On                 ;
; Ignore CARRY Buffers                                             ; Off                ; Off                ;
; Ignore CASCADE Buffers                                           ; Off                ; Off                ;
; Ignore GLOBAL Buffers                                            ; Off                ; Off                ;
; Ignore ROW GLOBAL Buffers                                        ; Off                ; Off                ;
; Ignore LCELL Buffers                                             ; Off                ; Off                ;
; Ignore SOFT Buffers                                              ; On                 ; On                 ;
; Limit AHDL Integers to 32 Bits                                   ; Off                ; Off                ;
; Optimization Technique                                           ; Balanced           ; Balanced           ;
; Carry Chain Length                                               ; 70                 ; 70                 ;
; Auto Carry Chains                                                ; On                 ; On                 ;
; Auto Open-Drain Pins                                             ; On                 ; On                 ;
; Perform WYSIWYG Primitive Resynthesis                            ; Off                ; Off                ;
; Auto ROM Replacement                                             ; On                 ; On                 ;
; Auto RAM Replacement                                             ; On                 ; On                 ;
; Auto DSP Block Replacement                                       ; On                 ; On                 ;
; Auto Shift Register Replacement                                  ; Auto               ; Auto               ;
; Allow Shift Register Merging across Hierarchies                  ; Auto               ; Auto               ;
; Auto Clock Enable Replacement                                    ; On                 ; On                 ;
; Strict RAM Replacement                                           ; Off                ; Off                ;
; Allow Synchronous Control Signals                                ; On                 ; On                 ;
; Force Use of Synchronous Clear Signals                           ; Off                ; Off                ;
; Auto RAM Block Balancing                                         ; On                 ; On                 ;
; Auto RAM to Logic Cell Conversion                                ; Off                ; Off                ;
; Auto Resource Sharing                                            ; Off                ; Off                ;
; Allow Any RAM Size For Recognition                               ; Off                ; Off                ;
; Allow Any ROM Size For Recognition                               ; Off                ; Off                ;
; Allow Any Shift Register Size For Recognition                    ; Off                ; Off                ;
; Use LogicLock Constraints during Resource Balancing              ; On                 ; On                 ;
; Ignore translate_off and synthesis_off directives                ; Off                ; Off                ;
; Timing-Driven Synthesis                                          ; On                 ; On                 ;
; Report Parameter Settings                                        ; On                 ; On                 ;
; Report Source Assignments                                        ; On                 ; On                 ;
; Report Connectivity Checks                                       ; On                 ; On                 ;
; Ignore Maximum Fan-Out Assignments                               ; Off                ; Off                ;
; Synchronization Register Chain Length                            ; 2                  ; 2                  ;
; Power Optimization During Synthesis                              ; Normal compilation ; Normal compilation ;
; HDL message level                                                ; Level2             ; Level2             ;
; Suppress Register Optimization Related Messages                  ; Off                ; Off                ;
; Number of Removed Registers Reported in Synthesis Report         ; 5000               ; 5000               ;
; Number of Swept Nodes Reported in Synthesis Report               ; 5000               ; 5000               ;
; Number of Inverted Registers Reported in Synthesis Report        ; 100                ; 100                ;
; Clock MUX Protection                                             ; On                 ; On                 ;
; Auto Gated Clock Conversion                                      ; Off                ; Off                ;
; Block Design Naming                                              ; Auto               ; Auto               ;
; SDC constraint protection                                        ; Off                ; Off                ;
; Synthesis Effort                                                 ; Auto               ; Auto               ;
; Shift Register Replacement - Allow Asynchronous Clear Signal     ; On                 ; On                 ;
; Pre-Mapping Resynthesis Optimization                             ; Off                ; Off                ;
; Analysis & Synthesis Message Level                               ; Medium             ; Medium             ;
; Disable Register Merging Across Hierarchies                      ; Auto               ; Auto               ;
; Resource Aware Inference For Block RAM                           ; On                 ; On                 ;
+------------------------------------------------------------------+--------------------+--------------------+


+------------------------------------------+
; Parallel Compilation                     ;
+----------------------------+-------------+
; Processors                 ; Number      ;
+----------------------------+-------------+
; Number detected on machine ; 8           ;
; Maximum allowed            ; 4           ;
;                            ;             ;
; Average used               ; 1.00        ;
; Maximum used               ; 1           ;
;                            ;             ;
; Usage by Processor         ; % Time Used ;
;     Processor 1            ; 100.0%      ;
+----------------------------+-------------+


+-----------------------------------------------------------------------------------------------------------------------------------------------+
; Analysis & Synthesis IP Cores Summary                                                                                                         ;
+--------+--------------+---------+--------------+--------------+-------------------------------------------------------------+-----------------+
; Vendor ; IP Core Name ; Version ; Release Date ; License Type ; Entity Instance                                             ; IP Include File ;
+--------+--------------+---------+--------------+--------------+-------------------------------------------------------------+-----------------+
; Altera ; ROM: 1-PORT  ; 18.1    ; N/A          ; N/A          ; |pdp8|Memory_Module:Inst_Memory|corerom:your_instance_name2 ; corerom.vhd     ;
+--------+--------------+---------+--------------+--------------+-------------------------------------------------------------+-----------------+


+-------------------------------+
; Analysis & Synthesis Messages ;
+-------------------------------+
Info: *******************************************************************
Info: Running Quartus Prime Analysis & Synthesis
    Info: Version 18.1.0 Build 625 09/12/2018 SJ Lite Edition
    Info: Processing started: Mon Mar 15 14:30:23 2021
Info: Command: quartus_map --read_settings_files=on --write_settings_files=off pdp8 -c pdp8
Warning (18236): Number of processors has not been specified which may cause overloading on shared machines.  Set the global assignment NUM_PARALLEL_PROCESSORS in your QSF to an appropriate value for best performance.
Info (20030): Parallel compilation is enabled and will use 4 of the 4 processors detected
Info (12021): Found 2 design units, including 1 entities, in source file uart.vhd
    Info (12022): Found design unit 1: UART-Behavioral File: C:/Users/dgilliland/Documents/GitHub/Retro-Computers/PDP-8/PDP8_Book(Almy)/VHDL/UART.vhd Line: 52
    Info (12023): Found entity 1: UART File: C:/Users/dgilliland/Documents/GitHub/Retro-Computers/PDP-8/PDP8_Book(Almy)/VHDL/UART.vhd Line: 34
Info (12021): Found 2 design units, including 1 entities, in source file cpu_statemachine.vhd
    Info (12022): Found design unit 1: CPU_StateMachine-Behavioral File: C:/Users/dgilliland/Documents/GitHub/Retro-Computers/PDP-8/PDP8_Book(Almy)/VHDL/CPU_StateMachine.vhd Line: 99
    Info (12023): Found entity 1: CPU_StateMachine File: C:/Users/dgilliland/Documents/GitHub/Retro-Computers/PDP-8/PDP8_Book(Almy)/VHDL/CPU_StateMachine.vhd Line: 32
Info (12021): Found 2 design units, including 1 entities, in source file cpu.vhd
    Info (12022): Found design unit 1: CPU-Behavioral File: C:/Users/dgilliland/Documents/GitHub/Retro-Computers/PDP-8/PDP8_Book(Almy)/VHDL/CPU.vhd Line: 63
    Info (12023): Found entity 1: CPU File: C:/Users/dgilliland/Documents/GitHub/Retro-Computers/PDP-8/PDP8_Book(Almy)/VHDL/CPU.vhd Line: 35
Info (12021): Found 2 design units, including 1 entities, in source file panel_phoney.vhd
    Info (12022): Found design unit 1: Panel_Phoney-Behavioral File: C:/Users/dgilliland/Documents/GitHub/Retro-Computers/PDP-8/PDP8_Book(Almy)/VHDL/panel_phoney.vhd Line: 62
    Info (12023): Found entity 1: Panel_Phoney File: C:/Users/dgilliland/Documents/GitHub/Retro-Computers/PDP-8/PDP8_Book(Almy)/VHDL/panel_phoney.vhd Line: 35
Info (12021): Found 2 design units, including 1 entities, in source file iot_distributor.vhd
    Info (12022): Found design unit 1: IOT_Distributor-Behavioral File: C:/Users/dgilliland/Documents/GitHub/Retro-Computers/PDP-8/PDP8_Book(Almy)/VHDL/IOT_Distributor.vhd Line: 57
    Info (12023): Found entity 1: IOT_Distributor File: C:/Users/dgilliland/Documents/GitHub/Retro-Computers/PDP-8/PDP8_Book(Almy)/VHDL/IOT_Distributor.vhd Line: 32
Info (12021): Found 2 design units, including 1 entities, in source file pdp8.vhd
    Info (12022): Found design unit 1: pdp8-Behavioral File: C:/Users/dgilliland/Documents/GitHub/Retro-Computers/PDP-8/PDP8_Book(Almy)/VHDL/pdp8.vhd Line: 59
    Info (12023): Found entity 1: pdp8 File: C:/Users/dgilliland/Documents/GitHub/Retro-Computers/PDP-8/PDP8_Book(Almy)/VHDL/pdp8.vhd Line: 32
Info (12021): Found 2 design units, including 1 entities, in source file corerom.vhd
    Info (12022): Found design unit 1: corerom-SYN File: C:/Users/dgilliland/Documents/GitHub/Retro-Computers/PDP-8/PDP8_Book(Almy)/VHDL/corerom.vhd Line: 52
    Info (12023): Found entity 1: corerom File: C:/Users/dgilliland/Documents/GitHub/Retro-Computers/PDP-8/PDP8_Book(Almy)/VHDL/corerom.vhd Line: 42
Info (12127): Elaborating entity "pdp8" for the top level hierarchy
Info (12128): Elaborating entity "IOT_Distributor" for hierarchy "IOT_Distributor:Inst_IOT_Distributor" File: C:/Users/dgilliland/Documents/GitHub/Retro-Computers/PDP-8/PDP8_Book(Almy)/VHDL/pdp8.vhd Line: 282
Warning (12125): Using design file panel.vhd, which is not specified as a design file for the current project, but contains definitions for 2 design units and 1 entities in project
    Info (12022): Found design unit 1: Panel-Behavioral File: C:/Users/dgilliland/Documents/GitHub/Retro-Computers/PDP-8/PDP8_Book(Almy)/VHDL/panel.vhd Line: 64
    Info (12023): Found entity 1: Panel File: C:/Users/dgilliland/Documents/GitHub/Retro-Computers/PDP-8/PDP8_Book(Almy)/VHDL/panel.vhd Line: 35
Info (12128): Elaborating entity "Panel" for hierarchy "Panel:Inst_Panel" File: C:/Users/dgilliland/Documents/GitHub/Retro-Computers/PDP-8/PDP8_Book(Almy)/VHDL/pdp8.vhd Line: 305
Warning (12125): Using design file memory_module.vhd, which is not specified as a design file for the current project, but contains definitions for 2 design units and 1 entities in project
    Info (12022): Found design unit 1: Memory_Module-Behavioral File: C:/Users/dgilliland/Documents/GitHub/Retro-Computers/PDP-8/PDP8_Book(Almy)/VHDL/memory_module.vhd Line: 63
    Info (12023): Found entity 1: Memory_Module File: C:/Users/dgilliland/Documents/GitHub/Retro-Computers/PDP-8/PDP8_Book(Almy)/VHDL/memory_module.vhd Line: 33
Info (12128): Elaborating entity "Memory_Module" for hierarchy "Memory_Module:Inst_Memory" File: C:/Users/dgilliland/Documents/GitHub/Retro-Computers/PDP-8/PDP8_Book(Almy)/VHDL/pdp8.vhd Line: 333
Info (12128): Elaborating entity "corerom" for hierarchy "Memory_Module:Inst_Memory|corerom:your_instance_name2" File: C:/Users/dgilliland/Documents/GitHub/Retro-Computers/PDP-8/PDP8_Book(Almy)/VHDL/memory_module.vhd Line: 294
Info (12128): Elaborating entity "altsyncram" for hierarchy "Memory_Module:Inst_Memory|corerom:your_instance_name2|altsyncram:altsyncram_component" File: C:/Users/dgilliland/Documents/GitHub/Retro-Computers/PDP-8/PDP8_Book(Almy)/VHDL/corerom.vhd Line: 59
Info (12130): Elaborated megafunction instantiation "Memory_Module:Inst_Memory|corerom:your_instance_name2|altsyncram:altsyncram_component" File: C:/Users/dgilliland/Documents/GitHub/Retro-Computers/PDP-8/PDP8_Book(Almy)/VHDL/corerom.vhd Line: 59
Info (12133): Instantiated megafunction "Memory_Module:Inst_Memory|corerom:your_instance_name2|altsyncram:altsyncram_component" with the following parameter: File: C:/Users/dgilliland/Documents/GitHub/Retro-Computers/PDP-8/PDP8_Book(Almy)/VHDL/corerom.vhd Line: 59
    Info (12134): Parameter "address_aclr_a" = "NONE"
    Info (12134): Parameter "address_aclr_b" = "NONE"
    Info (12134): Parameter "address_reg_b" = "CLOCK1"
    Info (12134): Parameter "byte_size" = "8"
    Info (12134): Parameter "byteena_aclr_a" = "UNUSED"
    Info (12134): Parameter "byteena_aclr_b" = "NONE"
    Info (12134): Parameter "byteena_reg_b" = "CLOCK1"
    Info (12134): Parameter "clock_enable_core_a" = "USE_INPUT_CLKEN"
    Info (12134): Parameter "clock_enable_core_b" = "USE_INPUT_CLKEN"
    Info (12134): Parameter "clock_enable_input_a" = "BYPASS"
    Info (12134): Parameter "clock_enable_input_b" = "NORMAL"
    Info (12134): Parameter "clock_enable_output_a" = "BYPASS"
    Info (12134): Parameter "clock_enable_output_b" = "NORMAL"
    Info (12134): Parameter "intended_device_family" = "Cyclone IV E"
    Info (12134): Parameter "ecc_pipeline_stage_enabled" = "FALSE"
    Info (12134): Parameter "enable_ecc" = "FALSE"
    Info (12134): Parameter "implement_in_les" = "OFF"
    Info (12134): Parameter "indata_aclr_a" = "UNUSED"
    Info (12134): Parameter "indata_aclr_b" = "NONE"
    Info (12134): Parameter "indata_reg_b" = "CLOCK1"
    Info (12134): Parameter "init_file" = "corerom.cnx"
    Info (12134): Parameter "init_file_layout" = "PORT_A"
    Info (12134): Parameter "maximum_depth" = "0"
    Info (12134): Parameter "numwords_a" = "4096"
    Info (12134): Parameter "numwords_b" = "0"
    Info (12134): Parameter "operation_mode" = "ROM"
    Info (12134): Parameter "outdata_aclr_a" = "NONE"
    Info (12134): Parameter "outdata_aclr_b" = "NONE"
    Info (12134): Parameter "outdata_reg_a" = "CLOCK0"
    Info (12134): Parameter "outdata_reg_b" = "UNREGISTERED"
    Info (12134): Parameter "power_up_uninitialized" = "FALSE"
    Info (12134): Parameter "ram_block_type" = "AUTO"
    Info (12134): Parameter "rdcontrol_aclr_b" = "NONE"
    Info (12134): Parameter "rdcontrol_reg_b" = "CLOCK1"
    Info (12134): Parameter "read_during_write_mode_mixed_ports" = "DONT_CARE"
    Info (12134): Parameter "read_during_write_mode_port_a" = "NEW_DATA_NO_NBE_READ"
    Info (12134): Parameter "read_during_write_mode_port_b" = "NEW_DATA_NO_NBE_READ"
    Info (12134): Parameter "stratixiv_m144k_allow_dual_clocks" = "ON"
    Info (12134): Parameter "width_a" = "12"
    Info (12134): Parameter "width_b" = "1"
    Info (12134): Parameter "width_byteena_a" = "1"
    Info (12134): Parameter "width_byteena_b" = "1"
    Info (12134): Parameter "width_eccstatus" = "3"
    Info (12134): Parameter "widthad_a" = "12"
    Info (12134): Parameter "widthad_b" = "1"
    Info (12134): Parameter "wrcontrol_aclr_a" = "UNUSED"
    Info (12134): Parameter "wrcontrol_aclr_b" = "NONE"
    Info (12134): Parameter "wrcontrol_wraddress_reg_b" = "CLOCK1"
    Info (12134): Parameter "lpm_hint" = "ENABLE_RUNTIME_MOD=NO"
    Info (12134): Parameter "lpm_type" = "altsyncram"
Info (12021): Found 1 design units, including 1 entities, in source file db/altsyncram_3fr3.tdf
    Info (12023): Found entity 1: altsyncram_3fr3 File: C:/Users/dgilliland/Documents/GitHub/Retro-Computers/PDP-8/PDP8_Book(Almy)/VHDL/db/altsyncram_3fr3.tdf Line: 27
Info (12128): Elaborating entity "altsyncram_3fr3" for hierarchy "Memory_Module:Inst_Memory|corerom:your_instance_name2|altsyncram:altsyncram_component|altsyncram_3fr3:auto_generated" File: c:/intelfpga_lite/18.1/quartus/libraries/megafunctions/altsyncram.tdf Line: 791
Error (127001): Can't find Memory Initialization File or Hexadecimal (Intel-Format) File C:/Users/dgilliland/Documents/GitHub/Retro-Computers/PDP-8/PDP8_Book(Almy)/VHDL/corerom.cnx for ROM instance ALTSYNCRAM File: C:/Users/dgilliland/Documents/GitHub/Retro-Computers/PDP-8/PDP8_Book(Almy)/VHDL/corerom.vhd Line: 59
Error (12152): Can't elaborate user hierarchy "Memory_Module:Inst_Memory|corerom:your_instance_name2|altsyncram:altsyncram_component|altsyncram_3fr3:auto_generated" File: c:/intelfpga_lite/18.1/quartus/libraries/megafunctions/altsyncram.tdf Line: 791
Error: Quartus Prime Analysis & Synthesis was unsuccessful. 2 errors, 3 warnings
    Error: Peak virtual memory: 4804 megabytes
    Error: Processing ended: Mon Mar 15 14:30:42 2021
    Error: Elapsed time: 00:00:19
    Error: Total CPU time (on all processors): 00:00:40


