S00800006D2E6F757404
S12310000000000000000000000000000000000000000000000000000000000000000000CC
S12310200000000000000000000000000000000000000000000000000000000000000000AC
S123104000000000000000000000000000000000000000000000000000000000000000008C
S123106000000000000000000000000000000000000000000000000000000000000000006C
S123108000000000000000000000000000000000000000000000000000000000000000004C
S12310A000000000000000000000000000000000000000000000000000000000000000002C
S12310C000000000000000000000000000000000000000000000000000000000000000000C
S12310E00000000000000000000000000000000000000000000000000000000000000000EC
S12311000000000000000000000000000000000000000000000000000000000000000000CB
S12311200000000000000000000000000000000000000000000000000000000000000000AB
S123114000000000000000000000000000000000000000000000000000000000000000008B
S123116000000000000000000000000000000000000000000000000000000000000000006B
S123118000000000000000000000000000000000000000000000000000000000000000004B
S12311A000000000000000000000000000000000000000000000000000000000000000002B
S12311C000000000000000000000000000000000000000000000000000000000000000000B
S12311E00000000000000000000000000000000000000000000000000000000000000000EB
S12312000000000000000000000000000000000000000000000000000000000000000000CA
S12312200000000000000000000000000000000000000000000000000000000000000000AA
S123124000000000000000000000000000000000000000000000000000000000000000008A
S123126000000000000000000000000000000000000000000000000000000000000000006A
S123128000000000000000000000000000000000000000000000000000000000000000004A
S12312A000000000000000000000000000000000000000000000000000000000000000002A
S12312C000000000000000000000000000000000000000000000000000000000000000000A
S12312E00000000000000000000000000000000000000000000000000000000000000000EA
S12313000000000000000000000000000000000000000000000000000000000000000000C9
S12313200000000000000000000000000000000000000000000000000000000000000000A9
S1231340000000000000000000000000000000000000000000000000000000000000000089
S1231360000000000000000000000000000000000000000000000000000000000000000069
S1231380000000000000000000000000000000000000000000000000000000000000000049
S12313A0000000000000000000000000000000000000000000000000000000000000000029
S12313C0000000000000000000000000000000000000000000000000000000000000000009
S12313E00000000000000000000000000000000000000000000000000000000000000000E9
S12314000000000000000000000000000000000000000000000000000000000000000000C8
S12314200000000000000000000000000000000000000000000000000000000000000000A8
S1231440000000000000000000000000000000000000000000000000000000000000000088
S1231460000000000000000000000000000000000000000000000000000000000000000068
S1231480000000000000000000000000000000000000000000000000000000000000000048
S12314A0000000000000000000000000000000000000000000000000000000000000000028
S12314C0000000000000000000000000000000000000000000000000000000000000000008
S12314E00000000000000000000000000000000000000000000000000000000000000000E8
S12315000000000000000000000000000000000000000000000000000000000000000000C7
S12315200000000000000000000000000000000000000000000000000000000000000000A7
S1231540000000000000000000000000000000000000000000000000000000000000000087
S1231560000000000000000000000000000000000000000000000000000000000000000067
S1231580000000000000000000000000000000000000000000000000000000000000000047
S12315A0000000000000000000000000000000000000000000000000000000000000000027
S12315C0000000000000000000000000000000000000000000000000000000000000000007
S12315E00000000000000000000000000000000000000000000000000000000000000000E7
S12316000000000000000000000000000000000000000000000000000000000000000000C6
S12316200000000000000000000000000000000000000000000000000000000000000000A6
S1231640000000000000000000000000000000000000000000000000000000000000000086
S1231660000000000000000000000000000000000000000000000000000000000000000066
S1231680000000000000000000000000000000000000000000000000000000000000000046
S12316A0000000000000000000000000000000000000000000000000000000000000000026
S12316C0000000000000000000000000000000000000000000000000000000000000000006
S12316E00000000000000000000000000000000000000000000000000000000000000000E6
S12317000000000000000000000000000000000000000000000000000000000000000000C5
S12317200000000000000000000000000000000000000000000000000000000000000000A5
S1231740000000000000000000000000000000000000000000000000000000000000000085
S1231760000000000000000000000000000000000000000000000000000000000000000065
S1231780000000000000000000000000000000000000000000000000000000000000000045
S12317A0000000000000000000000000000000000000000000000000000000000000000025
S12317C0000000000000000000000000000000000000000000000000000000000000000005
S12317E00000000000000000000000000000000000000000000000000000000000000000E5
S12318000000000000000000000000000000000000000000000000000000000000000000C4
S12318200000000000000000000000000000000000000000000000000000000000000000A4
S1231840000000000000000000000000000000000000000000000000000000000000000084
S1231860000000000000000000000000000000000000000000000000000000000000000064
S1231880000000000000000000000000000000000000000000000000000000000000000044
S12318A0000000000000000000000000000000000000000000000000000000000000000024
S12318C0000000000000000000000000000000000000000000000000000000000000000004
S12318E00000000000000000000000000000000000000000000000000000000000000000E4
S12319000000000000000000000000000000000000000000000000000000000000000000C3
S12319200000000000000000000000000000000000000000000000000000000000000000A3
S1231940000000000000000000000000000000000000000000000000000000000000000083
S1231960000000000000000000000000000000000000000000000000000000000000000063
S1231980000000000000000000000000000000000000000000000000000000000000000043
S12319A0000000000000000000000000000000000000000000000000000000000000000023
S12319C0000000000000000000000000000000000000000000000000000000000000000003
S12319E00000000000000000000000000000000000000000000000000000000000000000E3
S1231A000000000000000000000000000000000000000000000000000000000000000000C2
S1231A200000000000000000000000000000000000000000000000000000000000000000A2
S1231A40000000000000000000000000000000000000000000000000000000000000000082
S1231A60000000000000000000000000000000000000000000000000000000000000000062
S1231A80000000000000000000000000000000000000000000000000000000000000000042
S1231AA0000000000000000000000000000000000000000000000000000000000000000022
S1231AC0000000000000000000000000000000000000000000000000000000000000000002
S1231AE00000000000000000000000000000000000000000000000000000000000000000E2
S1231B000000000000000000000000000000000000000000000000000000000000000000C1
S1231B200000000000000000000000000000000000000000000000000000000000000000A1
S1231B40000000000000000000000000000000000000000000000000000000000000000081
S1231B60000000000000000000000000000000000000000000000000000000000000000061
S1231B80000000000000000000000000000000000000000000000000000000000000000041
S1231BA0000000000000000000000000000000000000000000000000000000000000000021
S1231BC0000000000000000000000000000000000000000000000000000000000000000001
S1231BE00000000000000000000000000000000000000000000000000000000000000000E1
S1231C000000000000000000000000000000000000000000000000000000000000000000C0
S1231C200000000000000000000000000000000000000000000000000000000000000000A0
S1231C40000000000000000000000000000000000000000000000000000000000000000080
S1231C60000000000000000000000000000000000000000000000000000000000000000060
S1231C80000000000000000000000000000000000000000000000000000000000000000040
S1231CA0000000000000000000000000000000000000000000000000000000000000000020
S1231CC0000000000000000000000000000000000000000000000000000000000000000000
S1231CE00000000000000000000000000000000000000000000000000000000000000000E0
S1231D000000000000000000000000000000000000000000000000000000000000000000BF
S1231D2000000000000000000000000000000000000000000000000000000000000000009F
S1231D4000000000000000000000000000000000000000000000000000000000000000007F
S1231D6000000000000000000000000000000000000000000000000000000000000000005F
S1231D8000000000000000000000000000000000000000000000000000000000000000003F
S1231DA000000000000000000000000000000000000000000000000000000000000000001F
S1231DC00000000000000000000000000000000000000000000000000000000000000000FF
S1231DE00000000000000000000000000000000000000000000000000000000000000000DF
S1231E000000000000000000000000000000000000000000000000000000000000000000BE
S1231E2000000000000000000000000000000000000000000000000000000000000000009E
S1231E4000000000000000000000000000000000000000000000000000000000000000007E
S1231E6000000000000000000000000000000000000000000000000000000000000000005E
S1231E8000000000000000000000000000000000000000000000000000000000000000003E
S1231EA000000000000000000000000000000000000000000000000000000000000000001E
S1231EC00000000000000000000000000000000000000000000000000000000000000000FE
S1231EE00000000000000000000000000000000000000000000000000000000000000000DE
S1231F000000000000000000000000000000000000000000000000000000000000000000BD
S1231F2000000000000000000000000000000000000000000000000000000000000000009D
S1231F4000000000000000000000000000000000000000000000000000000000000000007D
S1231F6000000000000000000000000000000000000000000000000000000000000000005D
S1231F8000000000000000000000000000000000000000000000000000000000000000003D
S1231FA000000000000000000000000000000000000000000000000000000000000000001D
S1231FC00000000000000000000000000000000000000000000000000000000000000000FD
S1231FE00000000000000000000000000000000000000000000000000000000000000000DD
S12320000000000000000000000000000000000000000000000000000000000000000000BC
S123202000000000000000000000000000000000000000000000000000000000000000009C
S123204000000000000000000000000000000000000000000000000000000000000000007C
S123206000000000000000000000000000000000000000000000000000000000000000005C
S123208000000000000000000000000000000000000000000000000000000000000000003C
S12320A000000000000000000000000000000000000000000000000000000000000000001C
S12320C00000000000000000000000000000000000000000000000000000000000000000FC
S12320E00000000000000000000000000000000000000000000000000000000000000000DC
S12321000000000000000000000000000000000000000000000000000000000000000000BB
S123212000000000000000000000000000000000000000000000000000000000000000009B
S123214000000000000000000000000000000000000000000000000000000000000000007B
S123216000000000000000000000000000000000000000000000000000000000000000005B
S123218000000000000000000000000000000000000000000000000000000000000000003B
S12321A000000000000000000000000000000000000000000000000000000000000000001B
S12321C00000000000000000000000000000000000000000000000000000000000000000FB
S12321E00000000000000000000000000000000000000000000000000000000000000000DB
S12322000000000000000000000000000000000000000000000000000000000000000000BA
S123222000000000000000000000000000000000000000000000000000000000000000009A
S123224000000000000000000000000000000000000000000000000000000000000000007A
S123226000000000000000000000000000000000000000000000000000000000000000005A
S123228000000000000000000000000000000000000000000000000000000000000000003A
S12322A000000000000000000000000000000000000000000000000000000000000000001A
S12322C00000000000000000000000000000000000000000000000000000000000000000FA
S12322E00000000000000000000000000000000000000000000000000000000000000000DA
S12323000000000000000000000000000000000000000000000000000000000000000000B9
S1232320000000000000000000000000000000000000000000000000000000000000000099
S1232340000000000000000000000000000000000000000000000000000000000000000079
S1232360000000000000000000000000000000000000000000000000000000000000000059
S1232380000000000000000000000000000000000000000000000000000000000000000039
S12323A0000000000000000000000000000000000000000000000000000000000000000019
S12323C00000000000000000000000000000000000000000000000000000000000000000F9
S12323E00000000000000000000000000000000000000000000000000000000000000000D9
S12324000000000000000000000000000000000000000000000000000000000000000000B8
S1232420000000000000000000000000000000000000000000000000000000000000000098
S1232440000000000000000000000000000000000000000000000000000000000000000078
S1232460000000000000000000000000000000000000000000000000000000000000000058
S1232480000000000000000000000000000000000000000000000000000000000000000038
S12324A0000000000000000000000000000000000000000000000000000000000000000018
S12324C00000000000000000000000000000000000000000000000000000000000000000F8
S12324E00000000000000000000000000000000000000000000000000000000000000000D8
S12325000000000000000000000000000000000000000000000000000000000000000000B7
S1232520000000000000000000000000000000000000000000000000000000000000000097
S1232540000000000000000000000000000000000000000000000000000000000000000077
S1232560000000000000000000000000000000000000000000000000000000000000000057
S1232580000000000000000000000000000000000000000000000000000000000000000037
S12325A0000000000000000000000000000000000000000000000000000000000000000017
S12325C00000000000000000000000000000000000000000000000000000000000000000F7
S12325E00000000000000000000000000000000000000000000000000000000000000000D7
S12326000000000000000000000000000000000000000000000000000000000000000000B6
S1232620000000000000000000000000000000000000000000000000000000000000000096
S1232640000000000000000000000000000000000000000000000000000000000000000076
S1232660000000000000000000000000000000000000000000000000000000000000000056
S1232680000000000000000000000000000000000000000000000000000000000000000036
S12326A0000000000000000000000000000000000000000000000000000000000000000016
S12326C00000000000000000000000000000000000000000000000000000000000000000F6
S12326E00000000000000000000000000000000000000000000000000000000000000000D6
S12327000000000000000000000000000000000000000000000000000000000000000000B5
S1232720000000000000000000000000000000000000000000000000000000000000000095
S1232740000000000000000000000000000000000000000000000000000000000000000075
S1232760000000000000000000000000000000000000000000000000000000000000000055
S1232780000000000000000000000000000000000000000000000000000000000000000035
S12327A0000000000000000000000000000000000000000000000000000000000000000015
S12327C00000000000000000000000000000000000000000000000000000000000000000F5
S12327E00000000000000000000000000000000000000000000000000000000000000000D5
S12328000000000000000000000000000000000000000000000000000000000000000000B4
S1232820000000000000000000000000000000000000000000000000000000000000000094
S1232840000000000000000000000000000000000000000000000000000000000000000074
S1232860000000000000000000000000000000000000000000000000000000000000000054
S1232880000000000000000000000000000000000000000000000000000000000000000034
S12328A0000000000000000000000000000000000000000000000000000000000000000014
S12328C00000000000000000000000000000000000000000000000000000000000000000F4
S12328E00000000000000000000000000000000000000000000000000000000000000000D4
S12329000000000000000000000000000000000000000000000000000000000000000000B3
S1232920000000000000000000000000000000000000000000000000000000000000000093
S1232940000000000000000000000000000000000000000000000000000000000000000073
S1232960000000000000000000000000000000000000000000000000000000000000000053
S1232980000000000000000000000000000000000000000000000000000000000000000033
S12329A0000000000000000000000000000000000000000000000000000000000000000013
S12329C00000000000000000000000000000000000000000000000000000000000000000F3
S12329E00000000000000000000000000000000000000000000000000000000000000000D3
S1232A000000000000000000000000000000000000000000000000000000000000000000B2
S1232A20000000000000000000000000000000000000000000000000000000000000000092
S1232A40000000000000000000000000000000000000000000000000000000000000000072
S1232A60000000000000000000000000000000000000000000000000000000000000000052
S1232A80000000000000000000000000000000000000000000000000000000000000000032
S1232AA0000000000000000000000000000000000000000000000000000000000000000012
S1232AC00000000000000000000000000000000000000000000000000000000000000000F2
S1232AE00000000000000000000000000000000000000000000000000000000000000000D2
S1232B000000000000000000000000000000000000000000000000000000000000000000B1
S1232B20000000000000000000000000000000000000000000000000000000000000000091
S1232B40000000000000000000000000000000000000000000000000000000000000000071
S1232B60000000000000000000000000000000000000000000000000000000000000000051
S1232B80000000000000000000000000000000000000000000000000000000000000000031
S1232BA0000000000000000000000000000000000000000000000000000000000000000011
S1232BC00000000000000000000000000000000000000000000000000000000000000000F1
S1232BE00000000000000000000000000000000000000000000000000000000000000000D1
S1232C000000000000000000000000000000000000000000000000000000000000000000B0
S1232C20000000000000000000000000000000000000000000000000000000000000000090
S1232C40000000000000000000000000000000000000000000000000000000000000000070
S1232C60000000000000000000000000000000000000000000000000000000000000000050
S1232C80000000000000000000000000000000000000000000000000000000000000000030
S1232CA0000000000000000000000000000000000000000000000000000000000000000010
S1232CC00000000000000000000000000000000000000000000000000000000000000000F0
S1232CE00000000000000000000000000000000000000000000000000000000000000000D0
S1232D000000000000000000000000000000000000000000000000000000000000000000AF
S1232D2000000000000000000000000000000000000000000000000000000000000000008F
S1232D4000000000000000000000000000000000000000000000000000000000000000006F
S1232D6000000000000000000000000000000000000000000000000000000000000000004F
S1232D8000000000000000000000000000000000000000000000000000000000000000002F
S1232DA000000000000000000000000000000000000000000000000000000000000000000F
S1232DC00000000000000000000000000000000000000000000000000000000000000000EF
S1232DE00000000000000000000000000000000000000000000000000000000000000000CF
S1232E000000000000000000000000000000000000000000000000000000000000000000AE
S1232E2000000000000000000000000000000000000000000000000000000000000000008E
S1232E4000000000000000000000000000000000000000000000000000000000000000006E
S1232E6000000000000000000000000000000000000000000000000000000000000000004E
S1232E8000000000000000000000000000000000000000000000000000000000000000002E
S1232EA000000000000000000000000000000000000000000000000000000000000000000E
S1232EC00000000000000000000000000000000000000000000000000000000000000000EE
S1232EE00000000000000000000000000000000000000000000000000000000000000000CE
S1232F000000000000000000000000000000000000000000000000000000000000000000AD
S1232F2000000000000000000000000000000000000000000000000000000000000000008D
S1232F4000000000000000000000000000000000000000000000000000000000000000006D
S1232F6000000000000000000000000000000000000000000000000000000000000000004D
S1232F8000000000000000000000000000000000000000000000000000000000000000002D
S1232FA000000000000000000000000000000000000000000000000000000000000000000D
S1232FC00000000000000000000000000000000000000000000000000000000000000000ED
S1232FE00000000000000000000000000000000000000000000000000000000000000000CD
S12330000000000000000000000000000000000000000000000000000000000000000000AC
S123302000000000000000000000000000000000000000000000000000000000000000008C
S123304000000000000000000000000000000000000000000000000000000000000000006C
S123306000000000000000000000000000000000000000000000000000000000000000004C
S123308000000000000000000000000000000000000000000000000000000000000000002C
S12330A000000000000000000000000000000000000000000000000000000000000000000C
S12330C00000000000000000000000000000000000000000000000000000000000000000EC
S12330E00000000000000000000000000000000000000000000000000000000000000000CC
S12331000000000000000000000000000000000000000000000000000000000000000000AB
S123312000000000000000000000000000000000000000000000000000000000000000008B
S123314000000000000000000000000000000000000000000000000000000000000000006B
S123316000000000000000000000000000000000000000000000000000000000000000004B
S123318000000000000000000000000000000000000000000000000000000000000000002B
S12331A000000000000000000000000000000000000000000000000000000000000000000B
S12331C00000000000000000000000000000000000000000000000000000000000000000EB
S12331E00000000000000000000000000000000000000000000000000000000000000000CB
S12332000000000000000000000000000000000000000000000000000000000000000000AA
S123322000000000000000000000000000000000000000000000000000000000000000008A
S123324000000000000000000000000000000000000000000000000000000000000000006A
S123326000000000000000000000000000000000000000000000000000000000000000004A
S123328000000000000000000000000000000000000000000000000000000000000000002A
S12332A000000000000000000000000000000000000000000000000000000000000000000A
S12332C00000000000000000000000000000000000000000000000000000000000000000EA
S12332E00000000000000000000000000000000000000000000000000000000000000000CA
S12333000000000000000000000000000000000000000000000000000000000000000000A9
S1233320000000000000000000000000000000000000000000000000000000000000000089
S1233340000000000000000000000000000000000000000000000000000000000000000069
S1233360000000000000000000000000000000000000000000000000000000000000000049
S1233380000000000000000000000000000000000000000000000000000000000000000029
S12333A0000000000000000000000000000000000000000000000000000000000000000009
S12333C00000000000000000000000000000000000000000000000000000000000000000E9
S12333E00000000000000000000000000000000000000000000000000000000000000000C9
S12334000000000000000000000000000000000000000000000000000000000000000000A8
S1233420000000000000000000000000000000000000000000000000000000000000000088
S1233440000000000000000000000000000000000000000000000000000000000000000068
S1233460000000000000000000000000000000000000000000000000000000000000000048
S1233480000000000000000000000000000000000000000000000000000000000000000028
S12334A0000000000000000000000000000000000000000000000000000000000000000008
S12334C00000000000000000000000000000000000000000000000000000000000000000E8
S12334E00000000000000000000000000000000000000000000000000000000000000000C8
S12335000000000000000000000000000000000000000000000000000000000000000000A7
S1233520000000000000000000000000000000000000000000000000000000000000000087
S1233540000000000000000000000000000000000000000000000000000000000000000067
S1233560000000000000000000000000000000000000000000000000000000000000000047
S1233580000000000000000000000000000000000000000000000000000000000000000027
S12335A0000000000000000000000000000000000000000000000000000000000000000007
S12335C00000000000000000000000000000000000000000000000000000000000000000E7
S12335E00000000000000000000000000000000000000000000000000000000000000000C7
S12336000000000000000000000000000000000000000000000000000000000000000000A6
S1233620000000000000000000000000000000000000000000000000000000000000000086
S1233640000000000000000000000000000000000000000000000000000000000000000066
S1233660000000000000000000000000000000000000000000000000000000000000000046
S1233680000000000000000000000000000000000000000000000000000000000000000026
S12336A0000000000000000000000000000000000000000000000000000000000000000006
S12336C00000000000000000000000000000000000000000000000000000000000000000E6
S12336E00000000000000000000000000000000000000000000000000000000000000000C6
S12337000000000000000000000000000000000000000000000000000000000000000000A5
S1233720000000000000000000000000000000000000000000000000000000000000000085
S1233740000000000000000000000000000000000000000000000000000000000000000065
S1233760000000000000000000000000000000000000000000000000000000000000000045
S1233780000000000000000000000000000000000000000000000000000000000000000025
S12337A0000000000000000000000000000000000000000000000000000000000000000005
S12337C00000000000000000000000000000000000000000000000000000000000000000E5
S12337E00000000000000000000000000000000000000000000000000000000000000000C5
S12338000000000000000000000000000000000000000000000000000000000000000000A4
S1233820000000000000000000000000000000000000000000000000000000000000000084
S1233840000000000000000000000000000000000000000000000000000000000000000064
S1233860000000000000000000000000000000000000000000000000000000000000000044
S1233880000000000000000000000000000000000000000000000000000000000000000024
S12338A0000000000000000000000000000000000000000000000000000000000000000004
S12338C00000000000000000000000000000000000000000000000000000000000000000E4
S12338E00000000000000000000000000000000000000000000000000000000000000000C4
S12339000000000000000000000000000000000000000000000000000000000000000000A3
S1233920000000000000000000000000000000000000000000000000000000000000000083
S1233940000000000000000000000000000000000000000000000000000000000000000063
S1233960000000000000000000000000000000000000000000000000000000000000000043
S1233980000000000000000000000000000000000000000000000000000000000000000023
S12339A0000000000000000000000000000000000000000000000000000000000000000003
S12339C00000000000000000000000000000000000000000000000000000000000000000E3
S12339E00000000000000000000000000000000000000000000000000000000000000000C3
S1233A000000000000000000000000000000000000000000000000000000000000000000A2
S1233A20000000000000000000000000000000000000000000000000000000000000000082
S1233A40000000000000000000000000000000000000000000000000000000000000000062
S1233A60000000000000000000000000000000000000000000000000000000000000000042
S1233A80000000000000000000000000000000000000000000000000000000000000000022
S1233AA0000000000000000000000000000000000000000000000000000000000000000002
S1233AC00000000000000000000000000000000000000000000000000000000000000000E2
S1233AE00000000000000000000000000000000000000000000000000000000000000000C2
S1233B000000000000000000000000000000000000000000000000000000000000000000A1
S1233B20000000000000000000000000000000000000000000000000000000000000000081
S1233B40000000000000000000000000000000000000000000000000000000000000000061
S1233B60000000000000000000000000000000000000000000000000000000000000000041
S1233B80000000000000000000000000000000000000000000000000000000000000000021
S1233BA0000000000000000000000000000000000000000000000000000000000000000001
S1233BC00000000000000000000000000000000000000000000000000000000000000000E1
S1233BE00000000000000000000000000000000000000000000000000000000000000000C1
S1233C000000000000000000000000000000000000000000000000000000000000000000A0
S1233C20000000000000000000000000000000000000000000000000000000000000000080
S1233C40000000000000000000000000000000000000000000000000000000000000000060
S1233C60000000000000000000000000000000000000000000000000000000000000000040
S1233C80000000000000000000000000000000000000000000000000000000000000000020
S1233CA0000000000000000000000000000000000000000000000000000000000000000000
S1233CC00000000000000000000000000000000000000000000000000000000000000000E0
S1233CE00000000000000000000000000000000000000000000000000000000000000000C0
S1233D0000000000000000000000000000000000000000000000000000000000000000009F
S1233D2000000000000000000000000000000000000000000000000000000000000000007F
S1233D4000000000000000000000000000000000000000000000000000000000000000005F
S1233D6000000000000000000000000000000000000000000000000000000000000000003F
S1233D8000000000000000000000000000000000000000000000000000000000000000001F
S1233DA00000000000000000000000000000000000000000000000000000000000000000FF
S1233DC00000000000000000000000000000000000000000000000000000000000000000DF
S1233DE00000000000000000000000000000000000000000000000000000000000000000BF
S1233E0000000000000000000000000000000000000000000000000000000000000000009E
S1233E2000000000000000000000000000000000000000000000000000000000000000007E
S1233E4000000000000000000000000000000000000000000000000000000000000000005E
S1233E6000000000000000000000000000000000000000000000000000000000000000003E
S1233E8000000000000000000000000000000000000000000000000000000000000000001E
S1233EA00000000000000000000000000000000000000000000000000000000000000000FE
S1233EC00000000000000000000000000000000000000000000000000000000000000000DE
S1233EE00000000000000000000000000000000000000000000000000000000000000000BE
S1233F0000000000000000000000000000000000000000000000000000000000000000009D
S1233F2000000000000000000000000000000000000000000000000000000000000000007D
S1233F4000000000000000000000000000000000000000000000000000000000000000005D
S1233F6000000000000000000000000000000000000000000000000000000000000000003D
S1233F8000000000000000000000000000000000000000000000000000000000000000001D
S1233FA00000000000000000000000000000000000000000000000000000000000000000FD
S1233FC00000000000000000000000000000000000000000000000000000000000000000DD
S1233FE00000000000000000000000000000000000000000000000000000000000000000BD
S123400000000000000000000000000000000000000000000000000000000000000000009C
S123402000000000000000000000000000000000000000000000000000000000000000007C
S123404000000000000000000000000000000000000000000000000000000000000000005C
S123406000000000000000000000000000000000000000000000000000000000000000003C
S123408000000000000000000000000000000000000000000000000000000000000000001C
S12340A00000000000000000000000000000000000000000000000000000000000000000FC
S12340C00000000000000000000000000000000000000000000000000000000000000000DC
S12340E00000000000000000000000000000000000000000000000000000000000000000BC
S123410000000000000000000000000000000000000000000000000000000000000000009B
S123412000000000000000000000000000000000000000000000000000000000000000007B
S123414000000000000000000000000000000000000000000000000000000000000000005B
S123416000000000000000000000000000000000000000000000000000000000000000003B
S123418000000000000000000000000000000000000000000000000000000000000000001B
S12341A00000000000000000000000000000000000000000000000000000000000000000FB
S12341C00000000000000000000000000000000000000000000000000000000000000000DB
S12341E00000000000000000000000000000000000000000000000000000000000000000BB
S123420000000000000000000000000000000000000000000000000000000000000000009A
S123422000000000000000000000000000000000000000000000000000000000000000007A
S123424000000000000000000000000000000000000000000000000000000000000000005A
S123426000000000000000000000000000000000000000000000000000000000000000003A
S123428000000000000000000000000000000000000000000000000000000000000000001A
S12342A00000000000000000000000000000000000000000000000000000000000000000FA
S12342C00000000000000000000000000000000000000000000000000000000000000000DA
S12342E00000000000000000000000000000000000000000000000000000000000000000BA
S1234300000000000000000000000000000000000000000000000000000000000000000099
S1234320000000000000000000000000000000000000000000000000000000000000000079
S1234340000000000000000000000000000000000000000000000000000000000000000059
S1234360000000000000000000000000000000000000000000000000000000000000000039
S1234380000000000000000000000000000000000000000000000000000000000000000019
S12343A00000000000000000000000000000000000000000000000000000000000000000F9
S12343C00000000000000000000000000000000000000000000000000000000000000000D9
S12343E00000000000000000000000000000000000000000000000000000000000000000B9
S1234400000000000000000000000000000000000000000000000000000000000000000098
S1234420000000000000000000000000000000000000000000000000000000000000000078
S1234440000000000000000000000000000000000000000000000000000000000000000058
S1234460000000000000000000000000000000000000000000000000000000000000000038
S1234480000000000000000000000000000000000000000000000000000000000000000018
S12344A00000000000000000000000000000000000000000000000000000000000000000F8
S12344C00000000000000000000000000000000000000000000000000000000000000000D8
S12344E00000000000000000000000000000000000000000000000000000000000000000B8
S1234500000000000000000000000000000000000000000000000000000000000000000097
S1234520000000000000000000000000000000000000000000000000000000000000000077
S1234540000000000000000000000000000000000000000000000000000000000000000057
S1234560000000000000000000000000000000000000000000000000000000000000000037
S1234580000000000000000000000000000000000000000000000000000000000000000017
S12345A00000000000000000000000000000000000000000000000000000000000000000F7
S12345C00000000000000000000000000000000000000000000000000000000000000000D7
S12345E00000000000000000000000000000000000000000000000000000000000000000B7
S1234600000000000000000000000000000000000000000000000000000000000000000096
S1234620000000000000000000000000000000000000000000000000000000000000000076
S1234640000000000000000000000000000000000000000000000000000000000000000056
S1234660000000000000000000000000000000000000000000000000000000000000000036
S1234680000000000000000000000000000000000000000000000000000000000000000016
S12346A00000000000000000000000000000000000000000000000000000000000000000F6
S12346C00000000000000000000000000000000000000000000000000000000000000000D6
S12346E00000000000000000000000000000000000000000000000000000000000000000B6
S1234700000000000000000000000000000000000000000000000000000000000000000095
S1234720000000000000000000000000000000000000000000000000000000000000000075
S1234740000000000000000000000000000000000000000000000000000000000000000055
S1234760000000000000000000000000000000000000000000000000000000000000000035
S1234780000000000000000000000000000000000000000000000000000000000000000015
S12347A00000000000000000000000000000000000000000000000000000000000000000F5
S12347C00000000000000000000000000000000000000000000000000000000000000000D5
S12347E00000000000000000000000000000000000000000000000000000000000000000B5
S1234800000000000000000000000000000000000000000000000000000000000000000094
S1234820000000000000000000000000000000000000000000000000000000000000000074
S1234840000000000000000000000000000000000000000000000000000000000000000054
S1234860000000000000000000000000000000000000000000000000000000000000000034
S1234880000000000000000000000000000000000000000000000000000000000000000014
S12348A00000000000000000000000000000000000000000000000000000000000000000F4
S12348C00000000000000000000000000000000000000000000000000000000000000000D4
S12348E00000000000000000000000000000000000000000000000000000000000000000B4
S1234900000000000000000000000000000000000000000000000000000000000000000093
S1234920000000000000000000000000000000000000000000000000000000000000000073
S1234940000000000000000000000000000000000000000000000000000000000000000053
S1234960000000000000000000000000000000000000000000000000000000000000000033
S1234980000000000000000000000000000000000000000000000000000000000000000013
S12349A00000000000000000000000000000000000000000000000000000000000000000F3
S12349C00000000000000000000000000000000000000000000000000000000000000000D3
S12349E00000000000000000000000000000000000000000000000000000000000000000B3
S1234A00000000000000000000000000000000000000000000000000000000000000000092
S1234A20000000000000000000000000000000000000000000000000000000000000000072
S1234A40000000000000000000000000000000000000000000000000000000000000000052
S1234A60000000000000000000000000000000000000000000000000000000000000000032
S1234A80000000000000000000000000000000000000000000000000000000000000000012
S1234AA00000000000000000000000000000000000000000000000000000000000000000F2
S1234AC00000000000000000000000000000000000000000000000000000000000000000D2
S1234AE00000000000000000000000000000000000000000000000000000000000000000B2
S1234B00000000000000000000000000000000000000000000000000000000000000000091
S1234B20000000000000000000000000000000000000000000000000000000000000000071
S1234B40000000000000000000000000000000000000000000000000000000000000000051
S1234B60000000000000000000000000000000000000000000000000000000000000000031
S1234B80000000000000000000000000000000000000000000000000000000000000000011
S1234BA00000000000000000000000000000000000000000000000000000000000000000F1
S1234BC00000000000000000000000000000000000000000000000000000000000000000D1
S1234BE00000000000000000000000000000000000000000000000000000000000000000B1
S1234C00000000000000000000000000000000000000000000000000000000000000000090
S1234C20000000000000000000000000000000000000000000000000000000000000000070
S1234C40000000000000000000000000000000000000000000000000000000000000000050
S1234C60000000000000000000000000000000000000000000000000000000000000000030
S1234C80000000000000000000000000000000000000000000000000000000000000000010
S1234CA00000000000000000000000000000000000000000000000000000000000000000F0
S1234CC00000000000000000000000000000000000000000000000000000000000000000D0
S1234CE00000000000000000000000000000000000000000000000000000000000000000B0
S1234D0000000000000000000000000000000000000000000000000000000000000000008F
S1234D2000000000000000000000000000000000000000000000000000000000000000006F
S1234D4000000000000000000000000000000000000000000000000000000000000000004F
S1234D6000000000000000000000000000000000000000000000000000000000000000002F
S1234D8000000000000000000000000000000000000000000000000000000000000000000F
S1234DA00000000000000000000000000000000000000000000000000000000000000000EF
S1234DC00000000000000000000000000000000000000000000000000000000000000000CF
S1234DE00000000000000000000000000000000000000000000000000000000000000000AF
S1234E0000000000000000000000000000000000000000000000000000000000000000008E
S1234E2000000000000000000000000000000000000000000000000000000000000000006E
S1234E4000000000000000000000000000000000000000000000000000000000000000004E
S1234E6000000000000000000000000000000000000000000000000000000000000000002E
S1234E8000000000000000000000000000000000000000000000000000000000000000000E
S1234EA00000000000000000000000000000000000000000000000000000000000000000EE
S1234EC00000000000000000000000000000000000000000000000000000000000000000CE
S1234EE00000000000000000000000000000000000000000000000000000000000000000AE
S1234F0000000000000000000000000000000000000000000000000000000000000000008D
S1234F2000000000000000000000000000000000000000000000000000000000000000006D
S1234F4000000000000000000000000000000000000000000000000000000000000000004D
S1234F6000000000000000000000000000000000000000000000000000000000000000002D
S1234F8000000000000000000000000000000000000000000000000000000000000000000D
S1234FA00000000000000000000000000000000000000000000000000000000000000000ED
S1234FC00000000000000000000000000000000000000000000000000000000000000000CD
S1214FE0000000000000000000000000000000000000000000000000000000000000AF
S1233000303C000A207C000010007200740011BC0001200052420C421FFF6FF274000C30A5
S123302000012000661C3602D64256433802D8430C441FFF6E0A11BC00004000D84360F04D
S1173040524152420C421FFF6FD4534066BC3E3C00E44E4EF3
S9030000FC
