ARM GAS  C:\Users\HPz420\AppData\Local\Temp\ccsdmjBb.s 			page 1


   1              		.syntax unified
   2              		.cpu cortex-m3
   3              		.fpu softvfp
   4              		.eabi_attribute 20, 1
   5              		.eabi_attribute 21, 1
   6              		.eabi_attribute 23, 3
   7              		.eabi_attribute 24, 1
   8              		.eabi_attribute 25, 1
   9              		.eabi_attribute 26, 1
  10              		.eabi_attribute 30, 1
  11              		.eabi_attribute 34, 1
  12              		.eabi_attribute 18, 4
  13              		.thumb
  14              		.syntax unified
  15              		.file	"main.c"
  16              		.text
  17              	.Ltext0:
  18              		.cfi_sections	.debug_frame
  19              		.section	.text.PostLed,"ax",%progbits
  20              		.align	2
  21              		.global	PostLed
  22              		.thumb
  23              		.thumb_func
  24              		.type	PostLed, %function
  25              	PostLed:
  26              	.LFB64:
  27              		.file 1 "main.c"
   1:main.c        **** /* ========================================
   2:main.c        ****  *
   3:main.c        ****  * Copyright LAND BOARDS, LLC, 2019
   4:main.c        ****  * All Rights Reserved
   5:main.c        ****  * UNPUBLISHED, LICENSED SOFTWARE.
   6:main.c        ****  *
   7:main.c        ****  * CONFIDENTIAL AND PROPRIETARY INFORMATION
   8:main.c        ****  * WHICH IS THE PROPERTY OF your company.
   9:main.c        ****  *
  10:main.c        ****  * ========================================
  11:main.c        **** */
  12:main.c        **** #include "project.h"
  13:main.c        **** #include "stdio.h"
  14:main.c        **** #include "FrontPanel.h"
  15:main.c        **** #include "ExtSRAM.h"
  16:main.c        **** #include "Z80_SIO_emul.h"
  17:main.c        **** 
  18:main.c        **** extern void loadSRAM(void);
  19:main.c        **** 
  20:main.c        **** #define USBFS_DEVICE    (0u)
  21:main.c        **** 
  22:main.c        **** /* The buffer size is equal to the maximum packet size of the IN and OUT bulk
  23:main.c        **** * endpoints.
  24:main.c        **** */
  25:main.c        **** #define USBUART_BUFFER_SIZE (64u)
  26:main.c        **** #define LINE_STR_LENGTH     (20u)
  27:main.c        **** 
  28:main.c        **** ////////////////////////////////////////////////////////////////////////////
  29:main.c        **** // Function prototypes
  30:main.c        **** 
ARM GAS  C:\Users\HPz420\AppData\Local\Temp\ccsdmjBb.s 			page 2


  31:main.c        **** uint32 TestSRAM(void);
  32:main.c        **** void HandleZ80IO(void);
  33:main.c        **** 
  34:main.c        **** ////////////////////////////////////////////////////////////////////////////
  35:main.c        **** // PostLed(postVal) - Blink the LED the number of times (postVal)
  36:main.c        **** 
  37:main.c        **** void PostLed(uint32 postVal)
  38:main.c        **** {
  28              		.loc 1 38 0
  29              		.cfi_startproc
  30              		@ args = 0, pretend = 0, frame = 0
  31              		@ frame_needed = 0, uses_anonymous_args = 0
  32              	.LVL0:
  33 0000 10B5     		push	{r4, lr}
  34              		.cfi_def_cfa_offset 8
  35              		.cfi_offset 4, -8
  36              		.cfi_offset 14, -4
  37 0002 0446     		mov	r4, r0
  38              	.LVL1:
  39:main.c        ****     uint32 blinkCount = postVal;
  40:main.c        ****     while(blinkCount > 0)
  39              		.loc 1 40 0
  40 0004 0DE0     		b	.L2
  41              	.LVL2:
  42              	.L3:
  41:main.c        ****     {
  42:main.c        ****         IO_Ctrl_Reg_Write(2);   // Turn on the LED
  43              		.loc 1 42 0
  44 0006 0220     		movs	r0, #2
  45 0008 FFF7FEFF 		bl	IO_Ctrl_Reg_Write
  46              	.LVL3:
  43:main.c        ****         CyDelay(500);
  47              		.loc 1 43 0
  48 000c 4FF4FA70 		mov	r0, #500
  49 0010 FFF7FEFF 		bl	CyDelay
  50              	.LVL4:
  44:main.c        ****         IO_Ctrl_Reg_Write(0);   // Turn off the LED
  51              		.loc 1 44 0
  52 0014 0020     		movs	r0, #0
  53 0016 FFF7FEFF 		bl	IO_Ctrl_Reg_Write
  54              	.LVL5:
  45:main.c        ****         CyDelay(250);
  55              		.loc 1 45 0
  56 001a FA20     		movs	r0, #250
  57 001c FFF7FEFF 		bl	CyDelay
  58              	.LVL6:
  46:main.c        ****         blinkCount--;   // loop as many times as the POST code
  59              		.loc 1 46 0
  60 0020 013C     		subs	r4, r4, #1
  61              	.LVL7:
  62              	.L2:
  40:main.c        ****     {
  63              		.loc 1 40 0
  64 0022 002C     		cmp	r4, #0
  65 0024 EFD1     		bne	.L3
  47:main.c        ****     }
  48:main.c        **** }
ARM GAS  C:\Users\HPz420\AppData\Local\Temp\ccsdmjBb.s 			page 3


  66              		.loc 1 48 0
  67 0026 10BD     		pop	{r4, pc}
  68              		.cfi_endproc
  69              	.LFE64:
  70              		.size	PostLed, .-PostLed
  71              		.section	.text.main,"ax",%progbits
  72              		.align	2
  73              		.global	main
  74              		.thumb
  75              		.thumb_func
  76              		.type	main, %function
  77              	main:
  78              	.LFB65:
  49:main.c        **** ////////////////////////////////////////////////////////////////////////////
  50:main.c        **** // main() - Setup and Loop code goes in here
  51:main.c        **** 
  52:main.c        **** int main(void)
  53:main.c        **** {
  79              		.loc 1 53 0
  80              		.cfi_startproc
  81              		@ args = 0, pretend = 0, frame = 64
  82              		@ frame_needed = 0, uses_anonymous_args = 0
  83 0000 10B5     		push	{r4, lr}
  84              		.cfi_def_cfa_offset 8
  85              		.cfi_offset 4, -8
  86              		.cfi_offset 14, -4
  87 0002 90B0     		sub	sp, sp, #64
  88              		.cfi_def_cfa_offset 72
  54:main.c        ****     uint16 count;
  55:main.c        ****     
  56:main.c        ****     uint8 buffer[USBUART_BUFFER_SIZE];
  57:main.c        ****     uint32 postVal;
  58:main.c        ****     
  59:main.c        ****     /* Start USBFS operation with 5-V operation. */
  60:main.c        ****     USBUART_Start(USBFS_DEVICE, USBUART_5V_OPERATION);
  89              		.loc 1 60 0
  90 0004 0121     		movs	r1, #1
  91 0006 0020     		movs	r0, #0
  92 0008 FFF7FEFF 		bl	USBUART_Start
  93              	.LVL8:
  61:main.c        ****     I2C_Start();
  94              		.loc 1 61 0
  95 000c FFF7FEFF 		bl	I2C_Start
  96              	.LVL9:
  62:main.c        ****     
  63:main.c        ****     CyGlobalIntEnable;          /* Enable global interrupts. */
  97              		.loc 1 63 0
  98              		.syntax unified
  99              	@ 63 "main.c" 1
 100 0010 62B6     		CPSIE   i
 101              	@ 0 "" 2
  64:main.c        ****     
  65:main.c        ****     // Do Power On Self Tests (POST)
  66:main.c        ****     // SRAM POST
  67:main.c        ****     postVal = TestSRAM();       // Run External SRAM POST
 102              		.loc 1 67 0
 103              		.thumb
ARM GAS  C:\Users\HPz420\AppData\Local\Temp\ccsdmjBb.s 			page 4


 104              		.syntax unified
 105 0012 FFF7FEFF 		bl	TestSRAM
 106              	.LVL10:
 107 0016 0446     		mov	r4, r0
 108              	.LVL11:
  68:main.c        ****     PostLed(postVal+1);         // 1 blink = pass, more than 1 = fail
 109              		.loc 1 68 0
 110 0018 0130     		adds	r0, r0, #1
 111              	.LVL12:
 112 001a FFF7FEFF 		bl	PostLed
 113              	.LVL13:
  69:main.c        ****     if (postVal != 0)
 114              		.loc 1 69 0
 115 001e 04B1     		cbz	r4, .L6
 116              	.L7:
 117 0020 FEE7     		b	.L7
 118              	.L6:
  70:main.c        ****         while(1);
  71:main.c        ****     loadSRAM();
 119              		.loc 1 71 0
 120 0022 FFF7FEFF 		bl	loadSRAM
 121              	.LVL14:
  72:main.c        ****     runFrontPanel();            // Exits either by pressing EXitFrontPanel or RUN button on front p
 122              		.loc 1 72 0
 123 0026 FFF7FEFF 		bl	runFrontPanel
 124              	.LVL15:
 125              	.L10:
  73:main.c        **** 
  74:main.c        ****     for(;;)
  75:main.c        ****     {
  76:main.c        ****         /* Host can send double SET_INTERFACE request. */
  77:main.c        ****         if (0u != USBUART_IsConfigurationChanged())
 126              		.loc 1 77 0
 127 002a FFF7FEFF 		bl	USBUART_IsConfigurationChanged
 128              	.LVL16:
 129 002e 20B1     		cbz	r0, .L8
  78:main.c        ****         {
  79:main.c        ****             /* Initialize IN endpoints when device is configured. */
  80:main.c        ****             if (0u != USBUART_GetConfiguration())
 130              		.loc 1 80 0
 131 0030 FFF7FEFF 		bl	USBUART_GetConfiguration
 132              	.LVL17:
 133 0034 08B1     		cbz	r0, .L8
  81:main.c        ****             {
  82:main.c        ****                 /* Enumeration is done, enable OUT endpoint to receive data 
  83:main.c        ****                  * from host. */
  84:main.c        ****                 USBUART_CDC_Init();
 134              		.loc 1 84 0
 135 0036 FFF7FEFF 		bl	USBUART_CDC_Init
 136              	.LVL18:
 137              	.L8:
  85:main.c        ****             }
  86:main.c        ****         }
  87:main.c        **** 
  88:main.c        ****         /* Service USB CDC when device is configured. */
  89:main.c        ****         if (0u != USBUART_GetConfiguration())
 138              		.loc 1 89 0
ARM GAS  C:\Users\HPz420\AppData\Local\Temp\ccsdmjBb.s 			page 5


 139 003a FFF7FEFF 		bl	USBUART_GetConfiguration
 140              	.LVL19:
 141 003e 48B1     		cbz	r0, .L9
  90:main.c        ****         {
  91:main.c        ****             /* Check for input data from host. */
  92:main.c        ****             if (0u != USBUART_DataIsReady())
 142              		.loc 1 92 0
 143 0040 FFF7FEFF 		bl	USBUART_DataIsReady
 144              	.LVL20:
 145 0044 30B1     		cbz	r0, .L9
  93:main.c        ****             {
  94:main.c        ****                 /* Read received data and re-enable OUT endpoint. */
  95:main.c        ****                 count = USBUART_GetAll(buffer);
 146              		.loc 1 95 0
 147 0046 6846     		mov	r0, sp
 148 0048 FFF7FEFF 		bl	USBUART_GetAll
 149              	.LVL21:
  96:main.c        ****                 sendCharToZ80(buffer[0]);
 150              		.loc 1 96 0
 151 004c 9DF80000 		ldrb	r0, [sp]	@ zero_extendqisi2
 152 0050 FFF7FEFF 		bl	sendCharToZ80
 153              	.LVL22:
 154              	.L9:
  97:main.c        **** 
  98:main.c        **** //                if (0u != count)
  99:main.c        **** //                {
 100:main.c        **** //                    /* Wait until component is ready to send data to host. */
 101:main.c        **** //                    while (0u == USBUART_CDCIsReady())
 102:main.c        **** //                    {
 103:main.c        **** //                    }
 104:main.c        **** //
 105:main.c        **** //                    /* Send data back to host. */
 106:main.c        **** //                    USBUART_PutData(buffer, count);
 107:main.c        **** //
 108:main.c        **** //                    /* If the last sent packet is exactly the maximum packet 
 109:main.c        **** //                    *  size, it is followed by a zero-length packet to assure
 110:main.c        **** //                    *  that the end of the segment is properly identified by 
 111:main.c        **** //                    *  the terminal.
 112:main.c        **** //                    */
 113:main.c        **** //                    if (USBUART_BUFFER_SIZE == count)
 114:main.c        **** //                    {
 115:main.c        **** //                        /* Wait until component is ready to send data to PC. */
 116:main.c        **** //                        while (0u == USBUART_CDCIsReady())
 117:main.c        **** //                        {
 118:main.c        **** //                        }
 119:main.c        **** //
 120:main.c        **** //                        /* Send zero-length packet to PC. */
 121:main.c        **** //                        USBUART_PutData(NULL, 0u);
 122:main.c        **** //                    }
 123:main.c        **** //                }
 124:main.c        ****             }
 125:main.c        ****         }
 126:main.c        **** 
 127:main.c        ****         if ((IO_Stat_Reg_Read() & IOBUSY_BIT) == IOBUSY_BIT)
 155              		.loc 1 127 0
 156 0054 FFF7FEFF 		bl	IO_Stat_Reg_Read
 157              	.LVL23:
ARM GAS  C:\Users\HPz420\AppData\Local\Temp\ccsdmjBb.s 			page 6


 158 0058 10F0100F 		tst	r0, #16
 159 005c E5D0     		beq	.L10
 128:main.c        ****         {
 129:main.c        ****             HandleZ80IO();
 160              		.loc 1 129 0
 161 005e FFF7FEFF 		bl	HandleZ80IO
 162              	.LVL24:
 163 0062 E2E7     		b	.L10
 164              		.cfi_endproc
 165              	.LFE65:
 166              		.size	main, .-main
 167              		.text
 168              	.Letext0:
 169              		.file 2 "c:\\program files (x86)\\cypress\\psoc creator\\4.2\\psoc creator\\import\\gnu\\arm\\5.4.
 170              		.file 3 "c:\\program files (x86)\\cypress\\psoc creator\\4.2\\psoc creator\\import\\gnu\\arm\\5.4.
 171              		.file 4 "Generated_Source\\PSoC5/cytypes.h"
 172              		.file 5 "Generated_Source\\PSoC5/IO_Ctrl_Reg.h"
 173              		.file 6 "Generated_Source\\PSoC5/CyLib.h"
 174              		.file 7 "Generated_Source\\PSoC5/USBUART.h"
 175              		.file 8 "Generated_Source\\PSoC5/I2C.h"
 176              		.file 9 "FrontPanel.h"
 177              		.file 10 "Generated_Source\\PSoC5/USBUART_cdc.h"
 178              		.file 11 "Z80_SIO_emul.h"
 179              		.file 12 "Generated_Source\\PSoC5/IO_Stat_Reg.h"
 180              		.file 13 "Generated_Source\\PSoC5/core_cm3.h"
 181              		.section	.debug_info,"",%progbits
 182              	.Ldebug_info0:
 183 0000 FC020000 		.4byte	0x2fc
 184 0004 0400     		.2byte	0x4
 185 0006 00000000 		.4byte	.Ldebug_abbrev0
 186 000a 04       		.byte	0x4
 187 000b 01       		.uleb128 0x1
 188 000c E3000000 		.4byte	.LASF37
 189 0010 0C       		.byte	0xc
 190 0011 8C020000 		.4byte	.LASF38
 191 0015 65000000 		.4byte	.LASF39
 192 0019 00000000 		.4byte	.Ldebug_ranges0+0
 193 001d 00000000 		.4byte	0
 194 0021 00000000 		.4byte	.Ldebug_line0
 195 0025 02       		.uleb128 0x2
 196 0026 01       		.byte	0x1
 197 0027 06       		.byte	0x6
 198 0028 E5020000 		.4byte	.LASF0
 199 002c 02       		.uleb128 0x2
 200 002d 01       		.byte	0x1
 201 002e 08       		.byte	0x8
 202 002f D5000000 		.4byte	.LASF1
 203 0033 02       		.uleb128 0x2
 204 0034 02       		.byte	0x2
 205 0035 05       		.byte	0x5
 206 0036 B0020000 		.4byte	.LASF2
 207 003a 02       		.uleb128 0x2
 208 003b 02       		.byte	0x2
 209 003c 07       		.byte	0x7
 210 003d 82010000 		.4byte	.LASF3
 211 0041 03       		.uleb128 0x3
 212 0042 1C000000 		.4byte	.LASF9
ARM GAS  C:\Users\HPz420\AppData\Local\Temp\ccsdmjBb.s 			page 7


 213 0046 02       		.byte	0x2
 214 0047 3F       		.byte	0x3f
 215 0048 4C000000 		.4byte	0x4c
 216 004c 02       		.uleb128 0x2
 217 004d 04       		.byte	0x4
 218 004e 05       		.byte	0x5
 219 004f D0020000 		.4byte	.LASF4
 220 0053 02       		.uleb128 0x2
 221 0054 04       		.byte	0x4
 222 0055 07       		.byte	0x7
 223 0056 B6010000 		.4byte	.LASF5
 224 005a 02       		.uleb128 0x2
 225 005b 08       		.byte	0x8
 226 005c 05       		.byte	0x5
 227 005d 00000000 		.4byte	.LASF6
 228 0061 02       		.uleb128 0x2
 229 0062 08       		.byte	0x8
 230 0063 07       		.byte	0x7
 231 0064 2F020000 		.4byte	.LASF7
 232 0068 04       		.uleb128 0x4
 233 0069 04       		.byte	0x4
 234 006a 05       		.byte	0x5
 235 006b 696E7400 		.ascii	"int\000"
 236 006f 02       		.uleb128 0x2
 237 0070 04       		.byte	0x4
 238 0071 07       		.byte	0x7
 239 0072 11020000 		.4byte	.LASF8
 240 0076 03       		.uleb128 0x3
 241 0077 70020000 		.4byte	.LASF10
 242 007b 03       		.byte	0x3
 243 007c 2C       		.byte	0x2c
 244 007d 41000000 		.4byte	0x41
 245 0081 05       		.uleb128 0x5
 246 0082 C1020000 		.4byte	.LASF11
 247 0086 04       		.byte	0x4
 248 0087 E401     		.2byte	0x1e4
 249 0089 2C000000 		.4byte	0x2c
 250 008d 05       		.uleb128 0x5
 251 008e E7010000 		.4byte	.LASF12
 252 0092 04       		.byte	0x4
 253 0093 E501     		.2byte	0x1e5
 254 0095 3A000000 		.4byte	0x3a
 255 0099 05       		.uleb128 0x5
 256 009a EE010000 		.4byte	.LASF13
 257 009e 04       		.byte	0x4
 258 009f E601     		.2byte	0x1e6
 259 00a1 53000000 		.4byte	0x53
 260 00a5 02       		.uleb128 0x2
 261 00a6 04       		.byte	0x4
 262 00a7 04       		.byte	0x4
 263 00a8 5F000000 		.4byte	.LASF14
 264 00ac 02       		.uleb128 0x2
 265 00ad 08       		.byte	0x8
 266 00ae 04       		.byte	0x4
 267 00af 35000000 		.4byte	.LASF15
 268 00b3 02       		.uleb128 0x2
 269 00b4 01       		.byte	0x1
ARM GAS  C:\Users\HPz420\AppData\Local\Temp\ccsdmjBb.s 			page 8


 270 00b5 08       		.byte	0x8
 271 00b6 93020000 		.4byte	.LASF16
 272 00ba 02       		.uleb128 0x2
 273 00bb 08       		.byte	0x8
 274 00bc 04       		.byte	0x4
 275 00bd D9020000 		.4byte	.LASF17
 276 00c1 02       		.uleb128 0x2
 277 00c2 04       		.byte	0x4
 278 00c3 07       		.byte	0x7
 279 00c4 78020000 		.4byte	.LASF18
 280 00c8 06       		.uleb128 0x6
 281 00c9 AE010000 		.4byte	.LASF40
 282 00cd 01       		.byte	0x1
 283 00ce 25       		.byte	0x25
 284 00cf 00000000 		.4byte	.LFB64
 285 00d3 28000000 		.4byte	.LFE64-.LFB64
 286 00d7 01       		.uleb128 0x1
 287 00d8 9C       		.byte	0x9c
 288 00d9 47010000 		.4byte	0x147
 289 00dd 07       		.uleb128 0x7
 290 00de 46020000 		.4byte	.LASF21
 291 00e2 01       		.byte	0x1
 292 00e3 25       		.byte	0x25
 293 00e4 99000000 		.4byte	0x99
 294 00e8 00000000 		.4byte	.LLST0
 295 00ec 08       		.uleb128 0x8
 296 00ed 81020000 		.4byte	.LASF19
 297 00f1 01       		.byte	0x1
 298 00f2 27       		.byte	0x27
 299 00f3 99000000 		.4byte	0x99
 300 00f7 21000000 		.4byte	.LLST1
 301 00fb 09       		.uleb128 0x9
 302 00fc 0C000000 		.4byte	.LVL3
 303 0100 57020000 		.4byte	0x257
 304 0104 0E010000 		.4byte	0x10e
 305 0108 0A       		.uleb128 0xa
 306 0109 01       		.uleb128 0x1
 307 010a 50       		.byte	0x50
 308 010b 01       		.uleb128 0x1
 309 010c 32       		.byte	0x32
 310 010d 00       		.byte	0
 311 010e 09       		.uleb128 0x9
 312 010f 14000000 		.4byte	.LVL4
 313 0113 62020000 		.4byte	0x262
 314 0117 23010000 		.4byte	0x123
 315 011b 0A       		.uleb128 0xa
 316 011c 01       		.uleb128 0x1
 317 011d 50       		.byte	0x50
 318 011e 03       		.uleb128 0x3
 319 011f 0A       		.byte	0xa
 320 0120 F401     		.2byte	0x1f4
 321 0122 00       		.byte	0
 322 0123 09       		.uleb128 0x9
 323 0124 1A000000 		.4byte	.LVL5
 324 0128 57020000 		.4byte	0x257
 325 012c 36010000 		.4byte	0x136
 326 0130 0A       		.uleb128 0xa
ARM GAS  C:\Users\HPz420\AppData\Local\Temp\ccsdmjBb.s 			page 9


 327 0131 01       		.uleb128 0x1
 328 0132 50       		.byte	0x50
 329 0133 01       		.uleb128 0x1
 330 0134 30       		.byte	0x30
 331 0135 00       		.byte	0
 332 0136 0B       		.uleb128 0xb
 333 0137 20000000 		.4byte	.LVL6
 334 013b 62020000 		.4byte	0x262
 335 013f 0A       		.uleb128 0xa
 336 0140 01       		.uleb128 0x1
 337 0141 50       		.byte	0x50
 338 0142 02       		.uleb128 0x2
 339 0143 08       		.byte	0x8
 340 0144 FA       		.byte	0xfa
 341 0145 00       		.byte	0
 342 0146 00       		.byte	0
 343 0147 0C       		.uleb128 0xc
 344 0148 F5010000 		.4byte	.LASF41
 345 014c 01       		.byte	0x1
 346 014d 34       		.byte	0x34
 347 014e 68000000 		.4byte	0x68
 348 0152 00000000 		.4byte	.LFB65
 349 0156 64000000 		.4byte	.LFE65-.LFB65
 350 015a 01       		.uleb128 0x1
 351 015b 9C       		.byte	0x9c
 352 015c 36020000 		.4byte	0x236
 353 0160 0D       		.uleb128 0xd
 354 0161 AA020000 		.4byte	.LASF42
 355 0165 01       		.byte	0x1
 356 0166 36       		.byte	0x36
 357 0167 8D000000 		.4byte	0x8d
 358 016b 0E       		.uleb128 0xe
 359 016c BA020000 		.4byte	.LASF20
 360 0170 01       		.byte	0x1
 361 0171 38       		.byte	0x38
 362 0172 36020000 		.4byte	0x236
 363 0176 03       		.uleb128 0x3
 364 0177 91       		.byte	0x91
 365 0178 B87F     		.sleb128 -72
 366 017a 08       		.uleb128 0x8
 367 017b 46020000 		.4byte	.LASF21
 368 017f 01       		.byte	0x1
 369 0180 39       		.byte	0x39
 370 0181 99000000 		.4byte	0x99
 371 0185 3F000000 		.4byte	.LLST2
 372 0189 09       		.uleb128 0x9
 373 018a 0C000000 		.4byte	.LVL8
 374 018e 6D020000 		.4byte	0x26d
 375 0192 A1010000 		.4byte	0x1a1
 376 0196 0A       		.uleb128 0xa
 377 0197 01       		.uleb128 0x1
 378 0198 50       		.byte	0x50
 379 0199 01       		.uleb128 0x1
 380 019a 30       		.byte	0x30
 381 019b 0A       		.uleb128 0xa
 382 019c 01       		.uleb128 0x1
 383 019d 51       		.byte	0x51
ARM GAS  C:\Users\HPz420\AppData\Local\Temp\ccsdmjBb.s 			page 10


 384 019e 01       		.uleb128 0x1
 385 019f 31       		.byte	0x31
 386 01a0 00       		.byte	0
 387 01a1 0F       		.uleb128 0xf
 388 01a2 10000000 		.4byte	.LVL9
 389 01a6 79020000 		.4byte	0x279
 390 01aa 0F       		.uleb128 0xf
 391 01ab 16000000 		.4byte	.LVL10
 392 01af 84020000 		.4byte	0x284
 393 01b3 09       		.uleb128 0x9
 394 01b4 1E000000 		.4byte	.LVL13
 395 01b8 C8000000 		.4byte	0xc8
 396 01bc C7010000 		.4byte	0x1c7
 397 01c0 0A       		.uleb128 0xa
 398 01c1 01       		.uleb128 0x1
 399 01c2 50       		.byte	0x50
 400 01c3 02       		.uleb128 0x2
 401 01c4 74       		.byte	0x74
 402 01c5 01       		.sleb128 1
 403 01c6 00       		.byte	0
 404 01c7 0F       		.uleb128 0xf
 405 01c8 26000000 		.4byte	.LVL14
 406 01cc 8F020000 		.4byte	0x28f
 407 01d0 0F       		.uleb128 0xf
 408 01d1 2A000000 		.4byte	.LVL15
 409 01d5 9A020000 		.4byte	0x29a
 410 01d9 0F       		.uleb128 0xf
 411 01da 2E000000 		.4byte	.LVL16
 412 01de A5020000 		.4byte	0x2a5
 413 01e2 0F       		.uleb128 0xf
 414 01e3 34000000 		.4byte	.LVL17
 415 01e7 B1020000 		.4byte	0x2b1
 416 01eb 0F       		.uleb128 0xf
 417 01ec 3A000000 		.4byte	.LVL18
 418 01f0 BD020000 		.4byte	0x2bd
 419 01f4 0F       		.uleb128 0xf
 420 01f5 3E000000 		.4byte	.LVL19
 421 01f9 B1020000 		.4byte	0x2b1
 422 01fd 0F       		.uleb128 0xf
 423 01fe 44000000 		.4byte	.LVL20
 424 0202 C8020000 		.4byte	0x2c8
 425 0206 09       		.uleb128 0x9
 426 0207 4C000000 		.4byte	.LVL21
 427 020b D3020000 		.4byte	0x2d3
 428 020f 1A020000 		.4byte	0x21a
 429 0213 0A       		.uleb128 0xa
 430 0214 01       		.uleb128 0x1
 431 0215 50       		.byte	0x50
 432 0216 02       		.uleb128 0x2
 433 0217 7D       		.byte	0x7d
 434 0218 00       		.sleb128 0
 435 0219 00       		.byte	0
 436 021a 0F       		.uleb128 0xf
 437 021b 54000000 		.4byte	.LVL22
 438 021f DE020000 		.4byte	0x2de
 439 0223 0F       		.uleb128 0xf
 440 0224 58000000 		.4byte	.LVL23
ARM GAS  C:\Users\HPz420\AppData\Local\Temp\ccsdmjBb.s 			page 11


 441 0228 E9020000 		.4byte	0x2e9
 442 022c 0F       		.uleb128 0xf
 443 022d 62000000 		.4byte	.LVL24
 444 0231 F4020000 		.4byte	0x2f4
 445 0235 00       		.byte	0
 446 0236 10       		.uleb128 0x10
 447 0237 81000000 		.4byte	0x81
 448 023b 46020000 		.4byte	0x246
 449 023f 11       		.uleb128 0x11
 450 0240 C1000000 		.4byte	0xc1
 451 0244 3F       		.byte	0x3f
 452 0245 00       		.byte	0
 453 0246 12       		.uleb128 0x12
 454 0247 A1010000 		.4byte	.LASF43
 455 024b 0D       		.byte	0xd
 456 024c 1207     		.2byte	0x712
 457 024e 52020000 		.4byte	0x252
 458 0252 13       		.uleb128 0x13
 459 0253 76000000 		.4byte	0x76
 460 0257 14       		.uleb128 0x14
 461 0258 98020000 		.4byte	.LASF22
 462 025c 98020000 		.4byte	.LASF22
 463 0260 05       		.byte	0x5
 464 0261 2F       		.byte	0x2f
 465 0262 14       		.uleb128 0x14
 466 0263 F1020000 		.4byte	.LASF23
 467 0267 F1020000 		.4byte	.LASF23
 468 026b 06       		.byte	0x6
 469 026c 76       		.byte	0x76
 470 026d 15       		.uleb128 0x15
 471 026e FA010000 		.4byte	.LASF24
 472 0272 FA010000 		.4byte	.LASF24
 473 0276 07       		.byte	0x7
 474 0277 2A01     		.2byte	0x12a
 475 0279 14       		.uleb128 0x14
 476 027a 55000000 		.4byte	.LASF25
 477 027e 55000000 		.4byte	.LASF25
 478 0282 08       		.byte	0x8
 479 0283 93       		.byte	0x93
 480 0284 14       		.uleb128 0x14
 481 0285 08020000 		.4byte	.LASF26
 482 0289 08020000 		.4byte	.LASF26
 483 028d 01       		.byte	0x1
 484 028e 1F       		.byte	0x1f
 485 028f 14       		.uleb128 0x14
 486 0290 C7020000 		.4byte	.LASF27
 487 0294 C7020000 		.4byte	.LASF27
 488 0298 01       		.byte	0x1
 489 0299 12       		.byte	0x12
 490 029a 14       		.uleb128 0x14
 491 029b 0E000000 		.4byte	.LASF28
 492 029f 0E000000 		.4byte	.LASF28
 493 02a3 09       		.byte	0x9
 494 02a4 2C       		.byte	0x2c
 495 02a5 15       		.uleb128 0x15
 496 02a6 C8010000 		.4byte	.LASF29
 497 02aa C8010000 		.4byte	.LASF29
ARM GAS  C:\Users\HPz420\AppData\Local\Temp\ccsdmjBb.s 			page 12


 498 02ae 07       		.byte	0x7
 499 02af 2E01     		.2byte	0x12e
 500 02b1 15       		.uleb128 0x15
 501 02b2 3C000000 		.4byte	.LASF30
 502 02b6 3C000000 		.4byte	.LASF30
 503 02ba 07       		.byte	0x7
 504 02bb 2D01     		.2byte	0x12d
 505 02bd 14       		.uleb128 0x14
 506 02be 1E020000 		.4byte	.LASF31
 507 02c2 1E020000 		.4byte	.LASF31
 508 02c6 0A       		.byte	0xa
 509 02c7 22       		.byte	0x22
 510 02c8 14       		.uleb128 0x14
 511 02c9 4E020000 		.4byte	.LASF32
 512 02cd 4E020000 		.4byte	.LASF32
 513 02d1 0A       		.byte	0xa
 514 02d2 29       		.byte	0x29
 515 02d3 14       		.uleb128 0x14
 516 02d4 26000000 		.4byte	.LASF33
 517 02d8 26000000 		.4byte	.LASF33
 518 02dc 0A       		.byte	0xa
 519 02dd 2B       		.byte	0x2b
 520 02de 14       		.uleb128 0x14
 521 02df 62020000 		.4byte	.LASF34
 522 02e3 62020000 		.4byte	.LASF34
 523 02e7 0B       		.byte	0xb
 524 02e8 1B       		.byte	0x1b
 525 02e9 14       		.uleb128 0x14
 526 02ea 71010000 		.4byte	.LASF35
 527 02ee 71010000 		.4byte	.LASF35
 528 02f2 0C       		.byte	0xc
 529 02f3 30       		.byte	0x30
 530 02f4 14       		.uleb128 0x14
 531 02f5 95010000 		.4byte	.LASF36
 532 02f9 95010000 		.4byte	.LASF36
 533 02fd 01       		.byte	0x1
 534 02fe 20       		.byte	0x20
 535 02ff 00       		.byte	0
 536              		.section	.debug_abbrev,"",%progbits
 537              	.Ldebug_abbrev0:
 538 0000 01       		.uleb128 0x1
 539 0001 11       		.uleb128 0x11
 540 0002 01       		.byte	0x1
 541 0003 25       		.uleb128 0x25
 542 0004 0E       		.uleb128 0xe
 543 0005 13       		.uleb128 0x13
 544 0006 0B       		.uleb128 0xb
 545 0007 03       		.uleb128 0x3
 546 0008 0E       		.uleb128 0xe
 547 0009 1B       		.uleb128 0x1b
 548 000a 0E       		.uleb128 0xe
 549 000b 55       		.uleb128 0x55
 550 000c 17       		.uleb128 0x17
 551 000d 11       		.uleb128 0x11
 552 000e 01       		.uleb128 0x1
 553 000f 10       		.uleb128 0x10
 554 0010 17       		.uleb128 0x17
ARM GAS  C:\Users\HPz420\AppData\Local\Temp\ccsdmjBb.s 			page 13


 555 0011 00       		.byte	0
 556 0012 00       		.byte	0
 557 0013 02       		.uleb128 0x2
 558 0014 24       		.uleb128 0x24
 559 0015 00       		.byte	0
 560 0016 0B       		.uleb128 0xb
 561 0017 0B       		.uleb128 0xb
 562 0018 3E       		.uleb128 0x3e
 563 0019 0B       		.uleb128 0xb
 564 001a 03       		.uleb128 0x3
 565 001b 0E       		.uleb128 0xe
 566 001c 00       		.byte	0
 567 001d 00       		.byte	0
 568 001e 03       		.uleb128 0x3
 569 001f 16       		.uleb128 0x16
 570 0020 00       		.byte	0
 571 0021 03       		.uleb128 0x3
 572 0022 0E       		.uleb128 0xe
 573 0023 3A       		.uleb128 0x3a
 574 0024 0B       		.uleb128 0xb
 575 0025 3B       		.uleb128 0x3b
 576 0026 0B       		.uleb128 0xb
 577 0027 49       		.uleb128 0x49
 578 0028 13       		.uleb128 0x13
 579 0029 00       		.byte	0
 580 002a 00       		.byte	0
 581 002b 04       		.uleb128 0x4
 582 002c 24       		.uleb128 0x24
 583 002d 00       		.byte	0
 584 002e 0B       		.uleb128 0xb
 585 002f 0B       		.uleb128 0xb
 586 0030 3E       		.uleb128 0x3e
 587 0031 0B       		.uleb128 0xb
 588 0032 03       		.uleb128 0x3
 589 0033 08       		.uleb128 0x8
 590 0034 00       		.byte	0
 591 0035 00       		.byte	0
 592 0036 05       		.uleb128 0x5
 593 0037 16       		.uleb128 0x16
 594 0038 00       		.byte	0
 595 0039 03       		.uleb128 0x3
 596 003a 0E       		.uleb128 0xe
 597 003b 3A       		.uleb128 0x3a
 598 003c 0B       		.uleb128 0xb
 599 003d 3B       		.uleb128 0x3b
 600 003e 05       		.uleb128 0x5
 601 003f 49       		.uleb128 0x49
 602 0040 13       		.uleb128 0x13
 603 0041 00       		.byte	0
 604 0042 00       		.byte	0
 605 0043 06       		.uleb128 0x6
 606 0044 2E       		.uleb128 0x2e
 607 0045 01       		.byte	0x1
 608 0046 3F       		.uleb128 0x3f
 609 0047 19       		.uleb128 0x19
 610 0048 03       		.uleb128 0x3
 611 0049 0E       		.uleb128 0xe
ARM GAS  C:\Users\HPz420\AppData\Local\Temp\ccsdmjBb.s 			page 14


 612 004a 3A       		.uleb128 0x3a
 613 004b 0B       		.uleb128 0xb
 614 004c 3B       		.uleb128 0x3b
 615 004d 0B       		.uleb128 0xb
 616 004e 27       		.uleb128 0x27
 617 004f 19       		.uleb128 0x19
 618 0050 11       		.uleb128 0x11
 619 0051 01       		.uleb128 0x1
 620 0052 12       		.uleb128 0x12
 621 0053 06       		.uleb128 0x6
 622 0054 40       		.uleb128 0x40
 623 0055 18       		.uleb128 0x18
 624 0056 9742     		.uleb128 0x2117
 625 0058 19       		.uleb128 0x19
 626 0059 01       		.uleb128 0x1
 627 005a 13       		.uleb128 0x13
 628 005b 00       		.byte	0
 629 005c 00       		.byte	0
 630 005d 07       		.uleb128 0x7
 631 005e 05       		.uleb128 0x5
 632 005f 00       		.byte	0
 633 0060 03       		.uleb128 0x3
 634 0061 0E       		.uleb128 0xe
 635 0062 3A       		.uleb128 0x3a
 636 0063 0B       		.uleb128 0xb
 637 0064 3B       		.uleb128 0x3b
 638 0065 0B       		.uleb128 0xb
 639 0066 49       		.uleb128 0x49
 640 0067 13       		.uleb128 0x13
 641 0068 02       		.uleb128 0x2
 642 0069 17       		.uleb128 0x17
 643 006a 00       		.byte	0
 644 006b 00       		.byte	0
 645 006c 08       		.uleb128 0x8
 646 006d 34       		.uleb128 0x34
 647 006e 00       		.byte	0
 648 006f 03       		.uleb128 0x3
 649 0070 0E       		.uleb128 0xe
 650 0071 3A       		.uleb128 0x3a
 651 0072 0B       		.uleb128 0xb
 652 0073 3B       		.uleb128 0x3b
 653 0074 0B       		.uleb128 0xb
 654 0075 49       		.uleb128 0x49
 655 0076 13       		.uleb128 0x13
 656 0077 02       		.uleb128 0x2
 657 0078 17       		.uleb128 0x17
 658 0079 00       		.byte	0
 659 007a 00       		.byte	0
 660 007b 09       		.uleb128 0x9
 661 007c 898201   		.uleb128 0x4109
 662 007f 01       		.byte	0x1
 663 0080 11       		.uleb128 0x11
 664 0081 01       		.uleb128 0x1
 665 0082 31       		.uleb128 0x31
 666 0083 13       		.uleb128 0x13
 667 0084 01       		.uleb128 0x1
 668 0085 13       		.uleb128 0x13
ARM GAS  C:\Users\HPz420\AppData\Local\Temp\ccsdmjBb.s 			page 15


 669 0086 00       		.byte	0
 670 0087 00       		.byte	0
 671 0088 0A       		.uleb128 0xa
 672 0089 8A8201   		.uleb128 0x410a
 673 008c 00       		.byte	0
 674 008d 02       		.uleb128 0x2
 675 008e 18       		.uleb128 0x18
 676 008f 9142     		.uleb128 0x2111
 677 0091 18       		.uleb128 0x18
 678 0092 00       		.byte	0
 679 0093 00       		.byte	0
 680 0094 0B       		.uleb128 0xb
 681 0095 898201   		.uleb128 0x4109
 682 0098 01       		.byte	0x1
 683 0099 11       		.uleb128 0x11
 684 009a 01       		.uleb128 0x1
 685 009b 31       		.uleb128 0x31
 686 009c 13       		.uleb128 0x13
 687 009d 00       		.byte	0
 688 009e 00       		.byte	0
 689 009f 0C       		.uleb128 0xc
 690 00a0 2E       		.uleb128 0x2e
 691 00a1 01       		.byte	0x1
 692 00a2 3F       		.uleb128 0x3f
 693 00a3 19       		.uleb128 0x19
 694 00a4 03       		.uleb128 0x3
 695 00a5 0E       		.uleb128 0xe
 696 00a6 3A       		.uleb128 0x3a
 697 00a7 0B       		.uleb128 0xb
 698 00a8 3B       		.uleb128 0x3b
 699 00a9 0B       		.uleb128 0xb
 700 00aa 27       		.uleb128 0x27
 701 00ab 19       		.uleb128 0x19
 702 00ac 49       		.uleb128 0x49
 703 00ad 13       		.uleb128 0x13
 704 00ae 8701     		.uleb128 0x87
 705 00b0 19       		.uleb128 0x19
 706 00b1 11       		.uleb128 0x11
 707 00b2 01       		.uleb128 0x1
 708 00b3 12       		.uleb128 0x12
 709 00b4 06       		.uleb128 0x6
 710 00b5 40       		.uleb128 0x40
 711 00b6 18       		.uleb128 0x18
 712 00b7 9742     		.uleb128 0x2117
 713 00b9 19       		.uleb128 0x19
 714 00ba 01       		.uleb128 0x1
 715 00bb 13       		.uleb128 0x13
 716 00bc 00       		.byte	0
 717 00bd 00       		.byte	0
 718 00be 0D       		.uleb128 0xd
 719 00bf 34       		.uleb128 0x34
 720 00c0 00       		.byte	0
 721 00c1 03       		.uleb128 0x3
 722 00c2 0E       		.uleb128 0xe
 723 00c3 3A       		.uleb128 0x3a
 724 00c4 0B       		.uleb128 0xb
 725 00c5 3B       		.uleb128 0x3b
ARM GAS  C:\Users\HPz420\AppData\Local\Temp\ccsdmjBb.s 			page 16


 726 00c6 0B       		.uleb128 0xb
 727 00c7 49       		.uleb128 0x49
 728 00c8 13       		.uleb128 0x13
 729 00c9 00       		.byte	0
 730 00ca 00       		.byte	0
 731 00cb 0E       		.uleb128 0xe
 732 00cc 34       		.uleb128 0x34
 733 00cd 00       		.byte	0
 734 00ce 03       		.uleb128 0x3
 735 00cf 0E       		.uleb128 0xe
 736 00d0 3A       		.uleb128 0x3a
 737 00d1 0B       		.uleb128 0xb
 738 00d2 3B       		.uleb128 0x3b
 739 00d3 0B       		.uleb128 0xb
 740 00d4 49       		.uleb128 0x49
 741 00d5 13       		.uleb128 0x13
 742 00d6 02       		.uleb128 0x2
 743 00d7 18       		.uleb128 0x18
 744 00d8 00       		.byte	0
 745 00d9 00       		.byte	0
 746 00da 0F       		.uleb128 0xf
 747 00db 898201   		.uleb128 0x4109
 748 00de 00       		.byte	0
 749 00df 11       		.uleb128 0x11
 750 00e0 01       		.uleb128 0x1
 751 00e1 31       		.uleb128 0x31
 752 00e2 13       		.uleb128 0x13
 753 00e3 00       		.byte	0
 754 00e4 00       		.byte	0
 755 00e5 10       		.uleb128 0x10
 756 00e6 01       		.uleb128 0x1
 757 00e7 01       		.byte	0x1
 758 00e8 49       		.uleb128 0x49
 759 00e9 13       		.uleb128 0x13
 760 00ea 01       		.uleb128 0x1
 761 00eb 13       		.uleb128 0x13
 762 00ec 00       		.byte	0
 763 00ed 00       		.byte	0
 764 00ee 11       		.uleb128 0x11
 765 00ef 21       		.uleb128 0x21
 766 00f0 00       		.byte	0
 767 00f1 49       		.uleb128 0x49
 768 00f2 13       		.uleb128 0x13
 769 00f3 2F       		.uleb128 0x2f
 770 00f4 0B       		.uleb128 0xb
 771 00f5 00       		.byte	0
 772 00f6 00       		.byte	0
 773 00f7 12       		.uleb128 0x12
 774 00f8 34       		.uleb128 0x34
 775 00f9 00       		.byte	0
 776 00fa 03       		.uleb128 0x3
 777 00fb 0E       		.uleb128 0xe
 778 00fc 3A       		.uleb128 0x3a
 779 00fd 0B       		.uleb128 0xb
 780 00fe 3B       		.uleb128 0x3b
 781 00ff 05       		.uleb128 0x5
 782 0100 49       		.uleb128 0x49
ARM GAS  C:\Users\HPz420\AppData\Local\Temp\ccsdmjBb.s 			page 17


 783 0101 13       		.uleb128 0x13
 784 0102 3F       		.uleb128 0x3f
 785 0103 19       		.uleb128 0x19
 786 0104 3C       		.uleb128 0x3c
 787 0105 19       		.uleb128 0x19
 788 0106 00       		.byte	0
 789 0107 00       		.byte	0
 790 0108 13       		.uleb128 0x13
 791 0109 35       		.uleb128 0x35
 792 010a 00       		.byte	0
 793 010b 49       		.uleb128 0x49
 794 010c 13       		.uleb128 0x13
 795 010d 00       		.byte	0
 796 010e 00       		.byte	0
 797 010f 14       		.uleb128 0x14
 798 0110 2E       		.uleb128 0x2e
 799 0111 00       		.byte	0
 800 0112 3F       		.uleb128 0x3f
 801 0113 19       		.uleb128 0x19
 802 0114 3C       		.uleb128 0x3c
 803 0115 19       		.uleb128 0x19
 804 0116 6E       		.uleb128 0x6e
 805 0117 0E       		.uleb128 0xe
 806 0118 03       		.uleb128 0x3
 807 0119 0E       		.uleb128 0xe
 808 011a 3A       		.uleb128 0x3a
 809 011b 0B       		.uleb128 0xb
 810 011c 3B       		.uleb128 0x3b
 811 011d 0B       		.uleb128 0xb
 812 011e 00       		.byte	0
 813 011f 00       		.byte	0
 814 0120 15       		.uleb128 0x15
 815 0121 2E       		.uleb128 0x2e
 816 0122 00       		.byte	0
 817 0123 3F       		.uleb128 0x3f
 818 0124 19       		.uleb128 0x19
 819 0125 3C       		.uleb128 0x3c
 820 0126 19       		.uleb128 0x19
 821 0127 6E       		.uleb128 0x6e
 822 0128 0E       		.uleb128 0xe
 823 0129 03       		.uleb128 0x3
 824 012a 0E       		.uleb128 0xe
 825 012b 3A       		.uleb128 0x3a
 826 012c 0B       		.uleb128 0xb
 827 012d 3B       		.uleb128 0x3b
 828 012e 05       		.uleb128 0x5
 829 012f 00       		.byte	0
 830 0130 00       		.byte	0
 831 0131 00       		.byte	0
 832              		.section	.debug_loc,"",%progbits
 833              	.Ldebug_loc0:
 834              	.LLST0:
 835 0000 00000000 		.4byte	.LVL0
 836 0004 06000000 		.4byte	.LVL2
 837 0008 0100     		.2byte	0x1
 838 000a 50       		.byte	0x50
 839 000b 06000000 		.4byte	.LVL2
ARM GAS  C:\Users\HPz420\AppData\Local\Temp\ccsdmjBb.s 			page 18


 840 000f 28000000 		.4byte	.LFE64
 841 0013 0400     		.2byte	0x4
 842 0015 F3       		.byte	0xf3
 843 0016 01       		.uleb128 0x1
 844 0017 50       		.byte	0x50
 845 0018 9F       		.byte	0x9f
 846 0019 00000000 		.4byte	0
 847 001d 00000000 		.4byte	0
 848              	.LLST1:
 849 0021 04000000 		.4byte	.LVL1
 850 0025 06000000 		.4byte	.LVL2
 851 0029 0100     		.2byte	0x1
 852 002b 50       		.byte	0x50
 853 002c 06000000 		.4byte	.LVL2
 854 0030 28000000 		.4byte	.LFE64
 855 0034 0100     		.2byte	0x1
 856 0036 54       		.byte	0x54
 857 0037 00000000 		.4byte	0
 858 003b 00000000 		.4byte	0
 859              	.LLST2:
 860 003f 18000000 		.4byte	.LVL11
 861 0043 1A000000 		.4byte	.LVL12
 862 0047 0100     		.2byte	0x1
 863 0049 50       		.byte	0x50
 864 004a 1A000000 		.4byte	.LVL12
 865 004e 64000000 		.4byte	.LFE65
 866 0052 0100     		.2byte	0x1
 867 0054 54       		.byte	0x54
 868 0055 00000000 		.4byte	0
 869 0059 00000000 		.4byte	0
 870              		.section	.debug_aranges,"",%progbits
 871 0000 24000000 		.4byte	0x24
 872 0004 0200     		.2byte	0x2
 873 0006 00000000 		.4byte	.Ldebug_info0
 874 000a 04       		.byte	0x4
 875 000b 00       		.byte	0
 876 000c 0000     		.2byte	0
 877 000e 0000     		.2byte	0
 878 0010 00000000 		.4byte	.LFB64
 879 0014 28000000 		.4byte	.LFE64-.LFB64
 880 0018 00000000 		.4byte	.LFB65
 881 001c 64000000 		.4byte	.LFE65-.LFB65
 882 0020 00000000 		.4byte	0
 883 0024 00000000 		.4byte	0
 884              		.section	.debug_ranges,"",%progbits
 885              	.Ldebug_ranges0:
 886 0000 00000000 		.4byte	.LFB64
 887 0004 28000000 		.4byte	.LFE64
 888 0008 00000000 		.4byte	.LFB65
 889 000c 64000000 		.4byte	.LFE65
 890 0010 00000000 		.4byte	0
 891 0014 00000000 		.4byte	0
 892              		.section	.debug_line,"",%progbits
 893              	.Ldebug_line0:
 894 0000 03020000 		.section	.debug_str,"MS",%progbits,1
 894      0200C201 
 894      00000201 
ARM GAS  C:\Users\HPz420\AppData\Local\Temp\ccsdmjBb.s 			page 19


 894      FB0E0D00 
 894      01010101 
 895              	.LASF6:
 896 0000 6C6F6E67 		.ascii	"long long int\000"
 896      206C6F6E 
 896      6720696E 
 896      7400
 897              	.LASF28:
 898 000e 72756E46 		.ascii	"runFrontPanel\000"
 898      726F6E74 
 898      50616E65 
 898      6C00
 899              	.LASF9:
 900 001c 5F5F696E 		.ascii	"__int32_t\000"
 900      7433325F 
 900      7400
 901              	.LASF33:
 902 0026 55534255 		.ascii	"USBUART_GetAll\000"
 902      4152545F 
 902      47657441 
 902      6C6C00
 903              	.LASF15:
 904 0035 646F7562 		.ascii	"double\000"
 904      6C6500
 905              	.LASF30:
 906 003c 55534255 		.ascii	"USBUART_GetConfiguration\000"
 906      4152545F 
 906      47657443 
 906      6F6E6669 
 906      67757261 
 907              	.LASF25:
 908 0055 4932435F 		.ascii	"I2C_Start\000"
 908      53746172 
 908      7400
 909              	.LASF14:
 910 005f 666C6F61 		.ascii	"float\000"
 910      7400
 911              	.LASF39:
 912 0065 433A5C55 		.ascii	"C:\\Users\\HPz420\\Documents\\GitHub\\Retro-Compute"
 912      73657273 
 912      5C48507A 
 912      3432305C 
 912      446F6375 
 913 0093 72735C5A 		.ascii	"rs\\Z80\\PSOC\\PSOC_Design_Files\\Z80-PSoC-3-Chips_"
 913      38305C50 
 913      534F435C 
 913      50534F43 
 913      5F446573 
 914 00c2 3030315C 		.ascii	"001\\Z80_3Pin.cydsn\000"
 914      5A38305F 
 914      3350696E 
 914      2E637964 
 914      736E00
 915              	.LASF1:
 916 00d5 756E7369 		.ascii	"unsigned char\000"
 916      676E6564 
 916      20636861 
ARM GAS  C:\Users\HPz420\AppData\Local\Temp\ccsdmjBb.s 			page 20


 916      7200
 917              	.LASF37:
 918 00e3 474E5520 		.ascii	"GNU C11 5.4.1 20160609 (release) [ARM/embedded-5-br"
 918      43313120 
 918      352E342E 
 918      31203230 
 918      31363036 
 919 0116 616E6368 		.ascii	"anch revision 237715] -mcpu=cortex-m3 -mthumb -g -O"
 919      20726576 
 919      6973696F 
 919      6E203233 
 919      37373135 
 920 0149 67202D66 		.ascii	"g -ffunction-sections -ffat-lto-objects\000"
 920      66756E63 
 920      74696F6E 
 920      2D736563 
 920      74696F6E 
 921              	.LASF35:
 922 0171 494F5F53 		.ascii	"IO_Stat_Reg_Read\000"
 922      7461745F 
 922      5265675F 
 922      52656164 
 922      00
 923              	.LASF3:
 924 0182 73686F72 		.ascii	"short unsigned int\000"
 924      7420756E 
 924      7369676E 
 924      65642069 
 924      6E7400
 925              	.LASF36:
 926 0195 48616E64 		.ascii	"HandleZ80IO\000"
 926      6C655A38 
 926      30494F00 
 927              	.LASF43:
 928 01a1 49544D5F 		.ascii	"ITM_RxBuffer\000"
 928      52784275 
 928      66666572 
 928      00
 929              	.LASF40:
 930 01ae 506F7374 		.ascii	"PostLed\000"
 930      4C656400 
 931              	.LASF5:
 932 01b6 6C6F6E67 		.ascii	"long unsigned int\000"
 932      20756E73 
 932      69676E65 
 932      6420696E 
 932      7400
 933              	.LASF29:
 934 01c8 55534255 		.ascii	"USBUART_IsConfigurationChanged\000"
 934      4152545F 
 934      4973436F 
 934      6E666967 
 934      75726174 
 935              	.LASF12:
 936 01e7 75696E74 		.ascii	"uint16\000"
 936      313600
 937              	.LASF13:
ARM GAS  C:\Users\HPz420\AppData\Local\Temp\ccsdmjBb.s 			page 21


 938 01ee 75696E74 		.ascii	"uint32\000"
 938      333200
 939              	.LASF41:
 940 01f5 6D61696E 		.ascii	"main\000"
 940      00
 941              	.LASF24:
 942 01fa 55534255 		.ascii	"USBUART_Start\000"
 942      4152545F 
 942      53746172 
 942      7400
 943              	.LASF26:
 944 0208 54657374 		.ascii	"TestSRAM\000"
 944      5352414D 
 944      00
 945              	.LASF8:
 946 0211 756E7369 		.ascii	"unsigned int\000"
 946      676E6564 
 946      20696E74 
 946      00
 947              	.LASF31:
 948 021e 55534255 		.ascii	"USBUART_CDC_Init\000"
 948      4152545F 
 948      4344435F 
 948      496E6974 
 948      00
 949              	.LASF7:
 950 022f 6C6F6E67 		.ascii	"long long unsigned int\000"
 950      206C6F6E 
 950      6720756E 
 950      7369676E 
 950      65642069 
 951              	.LASF21:
 952 0246 706F7374 		.ascii	"postVal\000"
 952      56616C00 
 953              	.LASF32:
 954 024e 55534255 		.ascii	"USBUART_DataIsReady\000"
 954      4152545F 
 954      44617461 
 954      49735265 
 954      61647900 
 955              	.LASF34:
 956 0262 73656E64 		.ascii	"sendCharToZ80\000"
 956      43686172 
 956      546F5A38 
 956      3000
 957              	.LASF10:
 958 0270 696E7433 		.ascii	"int32_t\000"
 958      325F7400 
 959              	.LASF18:
 960 0278 73697A65 		.ascii	"sizetype\000"
 960      74797065 
 960      00
 961              	.LASF19:
 962 0281 626C696E 		.ascii	"blinkCount\000"
 962      6B436F75 
 962      6E7400
 963              	.LASF38:
ARM GAS  C:\Users\HPz420\AppData\Local\Temp\ccsdmjBb.s 			page 22


 964 028c 6D61696E 		.ascii	"main.c\000"
 964      2E6300
 965              	.LASF16:
 966 0293 63686172 		.ascii	"char\000"
 966      00
 967              	.LASF22:
 968 0298 494F5F43 		.ascii	"IO_Ctrl_Reg_Write\000"
 968      74726C5F 
 968      5265675F 
 968      57726974 
 968      6500
 969              	.LASF42:
 970 02aa 636F756E 		.ascii	"count\000"
 970      7400
 971              	.LASF2:
 972 02b0 73686F72 		.ascii	"short int\000"
 972      7420696E 
 972      7400
 973              	.LASF20:
 974 02ba 62756666 		.ascii	"buffer\000"
 974      657200
 975              	.LASF11:
 976 02c1 75696E74 		.ascii	"uint8\000"
 976      3800
 977              	.LASF27:
 978 02c7 6C6F6164 		.ascii	"loadSRAM\000"
 978      5352414D 
 978      00
 979              	.LASF4:
 980 02d0 6C6F6E67 		.ascii	"long int\000"
 980      20696E74 
 980      00
 981              	.LASF17:
 982 02d9 6C6F6E67 		.ascii	"long double\000"
 982      20646F75 
 982      626C6500 
 983              	.LASF0:
 984 02e5 7369676E 		.ascii	"signed char\000"
 984      65642063 
 984      68617200 
 985              	.LASF23:
 986 02f1 43794465 		.ascii	"CyDelay\000"
 986      6C617900 
 987              		.ident	"GCC: (GNU Tools for ARM Embedded Processors) 5.4.1 20160609 (release) [ARM/embedded-5-bran
