--------------------------------------------------------------------------------
Release 8.2.03i Trace 
Copyright (c) 1995-2006 Xilinx, Inc.  All rights reserved.

C:\Xilinx\bin\nt\trce.exe -ise C:/brad/pdp8/xilinx/pdp8/pdp8.ise -intstyle ise
-e 3 -l 3 -s 5 -xml top top.ncd -o top.twr top.pcf -ucf
C:/brad/pdp8/synth/s3board.ucf

Design file:              top.ncd
Physical constraint file: top.pcf
Device,speed:             xc3s1000,-5 (PRODUCTION 1.39 2006-08-18)
Report level:             error report

Environment Variable      Effect 
--------------------      ------ 
NONE                      No environment variables were set
--------------------------------------------------------------------------------

INFO:Timing:2698 - No timing constraints found, doing default enumeration.
INFO:Timing:2752 - To get complete path coverage, use the unconstrained paths 
   option. All paths that are not constrained will be reported in the 
   unconstrained paths section(s) of the report.



Data Sheet report:
-----------------
All values displayed in nanoseconds (ns)

Setup/Hold to clock sysclk
--------------+------------+------------+------------------+--------+
              |  Setup to  |  Hold to   |                  | Clock  |
Source        | clk (edge) | clk (edge) |Internal Clock(s) | Phase  |
--------------+------------+------------+------------------+--------+
slideswitch<2>|    4.986(R)|   -1.884(R)|sysclk_BUFGP      |   0.000|
slideswitch<3>|    5.549(R)|   -2.335(R)|sysclk_BUFGP      |   0.000|
--------------+------------+------------+------------------+--------+

Clock to Setup on destination clock sysclk
---------------+---------+---------+---------+---------+
               | Src:Rise| Src:Fall| Src:Rise| Src:Fall|
Source Clock   |Dest:Rise|Dest:Rise|Dest:Fall|Dest:Fall|
---------------+---------+---------+---------+---------+
sysclk         |    4.720|         |         |         |
---------------+---------+---------+---------+---------+


Analysis completed Fri Apr 23 22:48:33 2010
--------------------------------------------------------------------------------

Trace Settings:
-------------------------
Trace Settings 

Peak Memory Usage: 144 MB



