ARM GAS  C:\Users\HPz420\AppData\Local\Temp\cchBUs5H.s 			page 1


   1              		.syntax unified
   2              		.cpu cortex-m3
   3              		.fpu softvfp
   4              		.eabi_attribute 20, 1
   5              		.eabi_attribute 21, 1
   6              		.eabi_attribute 23, 3
   7              		.eabi_attribute 24, 1
   8              		.eabi_attribute 25, 1
   9              		.eabi_attribute 26, 1
  10              		.eabi_attribute 30, 6
  11              		.eabi_attribute 34, 1
  12              		.eabi_attribute 18, 4
  13              		.thumb
  14              		.syntax unified
  15              		.file	"DIGIO8Driver.c"
  16              		.text
  17              	.Ltext0:
  18              		.cfi_sections	.debug_frame
  19              		.comm	myWrBuffer,2,4
  20              		.section	.text.readRegisterDIGIO8Card,"ax",%progbits
  21              		.align	2
  22              		.global	readRegisterDIGIO8Card
  23              		.thumb
  24              		.thumb_func
  25              		.type	readRegisterDIGIO8Card, %function
  26              	readRegisterDIGIO8Card:
  27              	.LFB63:
  28              		.file 1 "DIGIO8Driver.c"
   1:DIGIO8Driver.c **** /* ========================================
   2:DIGIO8Driver.c ****  * DIGIO8Driver.c
   3:DIGIO8Driver.c ****  * Copyright Land Boards LLC, 2017
   4:DIGIO8Driver.c ****  * All Rights Reserved
   5:DIGIO8Driver.c ****  * UNPUBLISHED, LICENSED SOFTWARE.
   6:DIGIO8Driver.c ****  *
   7:DIGIO8Driver.c ****  * CONFIDENTIAL AND PROPRIETARY INFORMATION
   8:DIGIO8Driver.c ****  * WHICH IS THE PROPERTY OF Land Boards, LLC.
   9:DIGIO8Driver.c ****  *
  10:DIGIO8Driver.c ****  * ========================================
  11:DIGIO8Driver.c **** */
  12:DIGIO8Driver.c **** 
  13:DIGIO8Driver.c **** #include <project.h>
  14:DIGIO8Driver.c **** 
  15:DIGIO8Driver.c **** uint8 myWrBuffer[2];
  16:DIGIO8Driver.c ****  
  17:DIGIO8Driver.c **** #define MCP23008_IODIR_REGADR    0x00
  18:DIGIO8Driver.c **** #define MCP23008_IPOL_REGADR     0x01
  19:DIGIO8Driver.c **** #define MCP23008_GPINTEN_REGADR  0x02
  20:DIGIO8Driver.c **** #define MCP23008_DEFVAL_REGADR   0x03
  21:DIGIO8Driver.c **** #define MCP23008_INTCON_REGADR   0x04
  22:DIGIO8Driver.c **** #define MCP23008_IOCON_REGADR    0x05
  23:DIGIO8Driver.c **** #define MCP23008_GPPU_REGADR     0x06
  24:DIGIO8Driver.c **** #define MCP23008_INTF_REGADR     0x07
  25:DIGIO8Driver.c **** #define MCP23008_INTCAP_REGADR   0x08
  26:DIGIO8Driver.c **** #define MCP23008_GPIO_REGADR     0x09
  27:DIGIO8Driver.c **** #define MCP23008_OLAT_REGADR     0x0a
  28:DIGIO8Driver.c **** 
  29:DIGIO8Driver.c **** #define MCP23008_IODIR_DEFVAL    0xf0       // Upper 4 bits=JumperIns, lower=LEDS
ARM GAS  C:\Users\HPz420\AppData\Local\Temp\cchBUs5H.s 			page 2


  30:DIGIO8Driver.c **** #define MCP23008_IPOL_DEFVAL     0xf0       // Input polarity = invert jumpers
  31:DIGIO8Driver.c **** #define MCP23008_GPINTEN_DEFVAL  0x00       // Disable GPIO for interrupt on change
  32:DIGIO8Driver.c **** #define MCP23008_INTCON_DEFVAL   0x00       // Int for change from previous pin
  33:DIGIO8Driver.c **** #define MCP23008_IOCON_DEFVAL    0x00       // Disable sequential,  active-low
  34:DIGIO8Driver.c **** #define MCP23008_GPPU_DEFVAL     0xf0
  35:DIGIO8Driver.c **** 
  36:DIGIO8Driver.c **** //////////////////////////////////////////////////////////////////////////////
  37:DIGIO8Driver.c **** // uint8 readRegisterDIGIO8Card(ctrlAdr) - 
  38:DIGIO8Driver.c **** //////////////////////////////////////////////////////////////////////////////
  39:DIGIO8Driver.c **** 
  40:DIGIO8Driver.c **** uint8 readRegisterDIGIO8Card(uint8 ctrlAdr)
  41:DIGIO8Driver.c **** {
  29              		.loc 1 41 0
  30              		.cfi_startproc
  31              		@ args = 0, pretend = 0, frame = 16
  32              		@ frame_needed = 1, uses_anonymous_args = 0
  33 0000 80B5     		push	{r7, lr}
  34              		.cfi_def_cfa_offset 8
  35              		.cfi_offset 7, -8
  36              		.cfi_offset 14, -4
  37 0002 84B0     		sub	sp, sp, #16
  38              		.cfi_def_cfa_offset 24
  39 0004 00AF     		add	r7, sp, #0
  40              		.cfi_def_cfa_register 7
  41 0006 0346     		mov	r3, r0
  42 0008 FB71     		strb	r3, [r7, #7]
  42:DIGIO8Driver.c ****     uint8 rdBuff;
  43:DIGIO8Driver.c ****     I2C_MasterClearStatus();
  43              		.loc 1 43 0
  44 000a FFF7FEFF 		bl	I2C_MasterClearStatus
  44:DIGIO8Driver.c ****     I2C_MasterSendStart(0x20,I2C_WRITE_XFER_MODE);
  45              		.loc 1 44 0
  46 000e 0021     		movs	r1, #0
  47 0010 2020     		movs	r0, #32
  48 0012 FFF7FEFF 		bl	I2C_MasterSendStart
  45:DIGIO8Driver.c ****     I2C_MasterWriteByte(ctrlAdr);
  49              		.loc 1 45 0
  50 0016 FB79     		ldrb	r3, [r7, #7]	@ zero_extendqisi2
  51 0018 1846     		mov	r0, r3
  52 001a FFF7FEFF 		bl	I2C_MasterWriteByte
  46:DIGIO8Driver.c ****     I2C_MasterSendStop();
  53              		.loc 1 46 0
  54 001e FFF7FEFF 		bl	I2C_MasterSendStop
  47:DIGIO8Driver.c **** //    while ((I2C_MasterStatus() & I2C_MSTAT_WR_CMPLT) == 0);
  48:DIGIO8Driver.c ****     I2C_MasterSendStart(0x20,I2C_READ_XFER_MODE);
  55              		.loc 1 48 0
  56 0022 0121     		movs	r1, #1
  57 0024 2020     		movs	r0, #32
  58 0026 FFF7FEFF 		bl	I2C_MasterSendStart
  49:DIGIO8Driver.c ****     rdBuff = I2C_MasterReadByte(I2C_NAK_DATA);
  59              		.loc 1 49 0
  60 002a 0020     		movs	r0, #0
  61 002c FFF7FEFF 		bl	I2C_MasterReadByte
  62 0030 0346     		mov	r3, r0
  63 0032 FB73     		strb	r3, [r7, #15]
  50:DIGIO8Driver.c ****     I2C_MasterSendStop();
  64              		.loc 1 50 0
ARM GAS  C:\Users\HPz420\AppData\Local\Temp\cchBUs5H.s 			page 3


  65 0034 FFF7FEFF 		bl	I2C_MasterSendStop
  51:DIGIO8Driver.c **** //    while ((I2C_MasterStatus() & I2C_MSTAT_RD_CMPLT) == 0);
  52:DIGIO8Driver.c ****     I2C_MasterClearStatus();
  66              		.loc 1 52 0
  67 0038 FFF7FEFF 		bl	I2C_MasterClearStatus
  53:DIGIO8Driver.c ****     return rdBuff;
  68              		.loc 1 53 0
  69 003c FB7B     		ldrb	r3, [r7, #15]	@ zero_extendqisi2
  54:DIGIO8Driver.c **** }
  70              		.loc 1 54 0
  71 003e 1846     		mov	r0, r3
  72 0040 1037     		adds	r7, r7, #16
  73              		.cfi_def_cfa_offset 8
  74 0042 BD46     		mov	sp, r7
  75              		.cfi_def_cfa_register 13
  76              		@ sp needed
  77 0044 80BD     		pop	{r7, pc}
  78              		.cfi_endproc
  79              	.LFE63:
  80              		.size	readRegisterDIGIO8Card, .-readRegisterDIGIO8Card
  81 0046 00BF     		.section	.text.writeRegisterDIGIO8Card,"ax",%progbits
  82              		.align	2
  83              		.global	writeRegisterDIGIO8Card
  84              		.thumb
  85              		.thumb_func
  86              		.type	writeRegisterDIGIO8Card, %function
  87              	writeRegisterDIGIO8Card:
  88              	.LFB64:
  55:DIGIO8Driver.c **** 
  56:DIGIO8Driver.c **** //////////////////////////////////////////////////////////////////////////////
  57:DIGIO8Driver.c **** // writeRegisterDIGIO8Card(ctrlAdr, ctrlVal) - 
  58:DIGIO8Driver.c **** //////////////////////////////////////////////////////////////////////////////
  59:DIGIO8Driver.c **** 
  60:DIGIO8Driver.c **** void writeRegisterDIGIO8Card(uint8 ctrlAdr, uint8 ctrlVal)
  61:DIGIO8Driver.c **** {
  89              		.loc 1 61 0
  90              		.cfi_startproc
  91              		@ args = 0, pretend = 0, frame = 8
  92              		@ frame_needed = 1, uses_anonymous_args = 0
  93 0000 80B5     		push	{r7, lr}
  94              		.cfi_def_cfa_offset 8
  95              		.cfi_offset 7, -8
  96              		.cfi_offset 14, -4
  97 0002 82B0     		sub	sp, sp, #8
  98              		.cfi_def_cfa_offset 16
  99 0004 00AF     		add	r7, sp, #0
 100              		.cfi_def_cfa_register 7
 101 0006 0346     		mov	r3, r0
 102 0008 0A46     		mov	r2, r1
 103 000a FB71     		strb	r3, [r7, #7]
 104 000c 1346     		mov	r3, r2
 105 000e BB71     		strb	r3, [r7, #6]
  62:DIGIO8Driver.c ****     I2C_MasterClearStatus();
 106              		.loc 1 62 0
 107 0010 FFF7FEFF 		bl	I2C_MasterClearStatus
  63:DIGIO8Driver.c ****     myWrBuffer[0] = ctrlAdr;
 108              		.loc 1 63 0
ARM GAS  C:\Users\HPz420\AppData\Local\Temp\cchBUs5H.s 			page 4


 109 0014 0C4A     		ldr	r2, .L5
 110 0016 FB79     		ldrb	r3, [r7, #7]
 111 0018 1370     		strb	r3, [r2]
  64:DIGIO8Driver.c ****     myWrBuffer[1] = ctrlVal;
 112              		.loc 1 64 0
 113 001a 0B4A     		ldr	r2, .L5
 114 001c BB79     		ldrb	r3, [r7, #6]
 115 001e 5370     		strb	r3, [r2, #1]
  65:DIGIO8Driver.c ****     I2C_MasterWriteBuf(0x20, myWrBuffer, 2, I2C_MODE_COMPLETE_XFER);
 116              		.loc 1 65 0
 117 0020 0023     		movs	r3, #0
 118 0022 0222     		movs	r2, #2
 119 0024 0849     		ldr	r1, .L5
 120 0026 2020     		movs	r0, #32
 121 0028 FFF7FEFF 		bl	I2C_MasterWriteBuf
  66:DIGIO8Driver.c ****     while (0u == (I2C_MasterStatus() & I2C_MSTAT_WR_CMPLT));
 122              		.loc 1 66 0
 123 002c 00BF     		nop
 124              	.L4:
 125              		.loc 1 66 0 is_stmt 0 discriminator 1
 126 002e FFF7FEFF 		bl	I2C_MasterStatus
 127 0032 0346     		mov	r3, r0
 128 0034 03F00203 		and	r3, r3, #2
 129 0038 002B     		cmp	r3, #0
 130 003a F8D0     		beq	.L4
  67:DIGIO8Driver.c ****     I2C_MasterClearStatus();
 131              		.loc 1 67 0 is_stmt 1
 132 003c FFF7FEFF 		bl	I2C_MasterClearStatus
  68:DIGIO8Driver.c **** }
 133              		.loc 1 68 0
 134 0040 00BF     		nop
 135 0042 0837     		adds	r7, r7, #8
 136              		.cfi_def_cfa_offset 8
 137 0044 BD46     		mov	sp, r7
 138              		.cfi_def_cfa_register 13
 139              		@ sp needed
 140 0046 80BD     		pop	{r7, pc}
 141              	.L6:
 142              		.align	2
 143              	.L5:
 144 0048 00000000 		.word	myWrBuffer
 145              		.cfi_endproc
 146              	.LFE64:
 147              		.size	writeRegisterDIGIO8Card, .-writeRegisterDIGIO8Card
 148              		.section	.text.writeDIGIO8Card,"ax",%progbits
 149              		.align	2
 150              		.global	writeDIGIO8Card
 151              		.thumb
 152              		.thumb_func
 153              		.type	writeDIGIO8Card, %function
 154              	writeDIGIO8Card:
 155              	.LFB65:
  69:DIGIO8Driver.c **** 
  70:DIGIO8Driver.c **** //////////////////////////////////////////////////////////////////////////////
  71:DIGIO8Driver.c **** // writeDIGIO8Card(uint8_t outData) - 
  72:DIGIO8Driver.c **** //////////////////////////////////////////////////////////////////////////////
  73:DIGIO8Driver.c **** 
ARM GAS  C:\Users\HPz420\AppData\Local\Temp\cchBUs5H.s 			page 5


  74:DIGIO8Driver.c **** void writeDIGIO8Card(uint8 outData)
  75:DIGIO8Driver.c **** {
 156              		.loc 1 75 0
 157              		.cfi_startproc
 158              		@ args = 0, pretend = 0, frame = 8
 159              		@ frame_needed = 1, uses_anonymous_args = 0
 160 0000 80B5     		push	{r7, lr}
 161              		.cfi_def_cfa_offset 8
 162              		.cfi_offset 7, -8
 163              		.cfi_offset 14, -4
 164 0002 82B0     		sub	sp, sp, #8
 165              		.cfi_def_cfa_offset 16
 166 0004 00AF     		add	r7, sp, #0
 167              		.cfi_def_cfa_register 7
 168 0006 0346     		mov	r3, r0
 169 0008 FB71     		strb	r3, [r7, #7]
  76:DIGIO8Driver.c ****      writeRegisterDIGIO8Card(MCP23008_OLAT_REGADR,outData);
 170              		.loc 1 76 0
 171 000a FB79     		ldrb	r3, [r7, #7]	@ zero_extendqisi2
 172 000c 1946     		mov	r1, r3
 173 000e 0A20     		movs	r0, #10
 174 0010 FFF7FEFF 		bl	writeRegisterDIGIO8Card
  77:DIGIO8Driver.c **** }
 175              		.loc 1 77 0
 176 0014 00BF     		nop
 177 0016 0837     		adds	r7, r7, #8
 178              		.cfi_def_cfa_offset 8
 179 0018 BD46     		mov	sp, r7
 180              		.cfi_def_cfa_register 13
 181              		@ sp needed
 182 001a 80BD     		pop	{r7, pc}
 183              		.cfi_endproc
 184              	.LFE65:
 185              		.size	writeDIGIO8Card, .-writeDIGIO8Card
 186              		.section	.text.readDIGIO8Card,"ax",%progbits
 187              		.align	2
 188              		.global	readDIGIO8Card
 189              		.thumb
 190              		.thumb_func
 191              		.type	readDIGIO8Card, %function
 192              	readDIGIO8Card:
 193              	.LFB66:
  78:DIGIO8Driver.c **** 
  79:DIGIO8Driver.c **** //////////////////////////////////////////////////////////////////////////////
  80:DIGIO8Driver.c **** // readDIGIO8Card(void)
  81:DIGIO8Driver.c **** //////////////////////////////////////////////////////////////////////////////
  82:DIGIO8Driver.c **** 
  83:DIGIO8Driver.c **** uint8 readDIGIO8Card(void)
  84:DIGIO8Driver.c **** {
 194              		.loc 1 84 0
 195              		.cfi_startproc
 196              		@ args = 0, pretend = 0, frame = 8
 197              		@ frame_needed = 1, uses_anonymous_args = 0
 198 0000 80B5     		push	{r7, lr}
 199              		.cfi_def_cfa_offset 8
 200              		.cfi_offset 7, -8
 201              		.cfi_offset 14, -4
ARM GAS  C:\Users\HPz420\AppData\Local\Temp\cchBUs5H.s 			page 6


 202 0002 82B0     		sub	sp, sp, #8
 203              		.cfi_def_cfa_offset 16
 204 0004 00AF     		add	r7, sp, #0
 205              		.cfi_def_cfa_register 7
  85:DIGIO8Driver.c ****     uint8 rdBuff;
  86:DIGIO8Driver.c ****     rdBuff = readRegisterDIGIO8Card(MCP23008_GPIO_REGADR);
 206              		.loc 1 86 0
 207 0006 0920     		movs	r0, #9
 208 0008 FFF7FEFF 		bl	readRegisterDIGIO8Card
 209 000c 0346     		mov	r3, r0
 210 000e FB71     		strb	r3, [r7, #7]
  87:DIGIO8Driver.c ****     return rdBuff>>4;
 211              		.loc 1 87 0
 212 0010 FB79     		ldrb	r3, [r7, #7]	@ zero_extendqisi2
 213 0012 1B09     		lsrs	r3, r3, #4
 214 0014 DBB2     		uxtb	r3, r3
  88:DIGIO8Driver.c **** }
 215              		.loc 1 88 0
 216 0016 1846     		mov	r0, r3
 217 0018 0837     		adds	r7, r7, #8
 218              		.cfi_def_cfa_offset 8
 219 001a BD46     		mov	sp, r7
 220              		.cfi_def_cfa_register 13
 221              		@ sp needed
 222 001c 80BD     		pop	{r7, pc}
 223              		.cfi_endproc
 224              	.LFE66:
 225              		.size	readDIGIO8Card, .-readDIGIO8Card
 226 001e 00BF     		.section	.text.initDIGIO8Card,"ax",%progbits
 227              		.align	2
 228              		.global	initDIGIO8Card
 229              		.thumb
 230              		.thumb_func
 231              		.type	initDIGIO8Card, %function
 232              	initDIGIO8Card:
 233              	.LFB67:
  89:DIGIO8Driver.c **** 
  90:DIGIO8Driver.c **** //////////////////////////////////////////////////////////////////////////////
  91:DIGIO8Driver.c **** // initDIGIO8Card(void) - 
  92:DIGIO8Driver.c **** //////////////////////////////////////////////////////////////////////////////
  93:DIGIO8Driver.c **** 
  94:DIGIO8Driver.c **** void initDIGIO8Card(void)
  95:DIGIO8Driver.c **** {
 234              		.loc 1 95 0
 235              		.cfi_startproc
 236              		@ args = 0, pretend = 0, frame = 0
 237              		@ frame_needed = 1, uses_anonymous_args = 0
 238 0000 80B5     		push	{r7, lr}
 239              		.cfi_def_cfa_offset 8
 240              		.cfi_offset 7, -8
 241              		.cfi_offset 14, -4
 242 0002 00AF     		add	r7, sp, #0
 243              		.cfi_def_cfa_register 7
  96:DIGIO8Driver.c ****     I2C_Start();    // Kick off the I2C interface
 244              		.loc 1 96 0
 245 0004 FFF7FEFF 		bl	I2C_Start
  97:DIGIO8Driver.c ****     writeRegisterDIGIO8Card(MCP23008_IOCON_REGADR,MCP23008_IOCON_DEFVAL);
ARM GAS  C:\Users\HPz420\AppData\Local\Temp\cchBUs5H.s 			page 7


 246              		.loc 1 97 0
 247 0008 0021     		movs	r1, #0
 248 000a 0520     		movs	r0, #5
 249 000c FFF7FEFF 		bl	writeRegisterDIGIO8Card
  98:DIGIO8Driver.c ****     writeRegisterDIGIO8Card(MCP23008_IODIR_REGADR,MCP23008_IODIR_DEFVAL);
 250              		.loc 1 98 0
 251 0010 F021     		movs	r1, #240
 252 0012 0020     		movs	r0, #0
 253 0014 FFF7FEFF 		bl	writeRegisterDIGIO8Card
  99:DIGIO8Driver.c ****     writeRegisterDIGIO8Card(MCP23008_GPINTEN_REGADR,MCP23008_GPINTEN_DEFVAL);
 254              		.loc 1 99 0
 255 0018 0021     		movs	r1, #0
 256 001a 0220     		movs	r0, #2
 257 001c FFF7FEFF 		bl	writeRegisterDIGIO8Card
 100:DIGIO8Driver.c ****     writeRegisterDIGIO8Card(MCP23008_INTCON_REGADR,MCP23008_INTCON_DEFVAL);
 258              		.loc 1 100 0
 259 0020 0021     		movs	r1, #0
 260 0022 0420     		movs	r0, #4
 261 0024 FFF7FEFF 		bl	writeRegisterDIGIO8Card
 101:DIGIO8Driver.c ****     writeRegisterDIGIO8Card(MCP23008_GPPU_REGADR,MCP23008_GPPU_DEFVAL);
 262              		.loc 1 101 0
 263 0028 F021     		movs	r1, #240
 264 002a 0620     		movs	r0, #6
 265 002c FFF7FEFF 		bl	writeRegisterDIGIO8Card
 102:DIGIO8Driver.c ****     readRegisterDIGIO8Card(MCP23008_INTCAP_REGADR); // Clear interrupt LED
 266              		.loc 1 102 0
 267 0030 0820     		movs	r0, #8
 268 0032 FFF7FEFF 		bl	readRegisterDIGIO8Card
 103:DIGIO8Driver.c **** }
 269              		.loc 1 103 0
 270 0036 00BF     		nop
 271 0038 80BD     		pop	{r7, pc}
 272              		.cfi_endproc
 273              	.LFE67:
 274              		.size	initDIGIO8Card, .-initDIGIO8Card
 275 003a 00BF     		.text
 276              	.Letext0:
 277              		.file 2 "c:\\program files (x86)\\cypress\\psoc creator\\4.2\\psoc creator\\import\\gnu\\arm\\5.4.
 278              		.file 3 "c:\\program files (x86)\\cypress\\psoc creator\\4.2\\psoc creator\\import\\gnu\\arm\\5.4.
 279              		.file 4 "Generated_Source\\PSoC5/cytypes.h"
 280              		.file 5 "Generated_Source\\PSoC5/core_cm3.h"
 281              		.section	.debug_info,"",%progbits
 282              	.Ldebug_info0:
 283 0000 A4010000 		.4byte	0x1a4
 284 0004 0400     		.2byte	0x4
 285 0006 00000000 		.4byte	.Ldebug_abbrev0
 286 000a 04       		.byte	0x4
 287 000b 01       		.uleb128 0x1
 288 000c 0F000000 		.4byte	.LASF27
 289 0010 0C       		.byte	0xc
 290 0011 D1010000 		.4byte	.LASF28
 291 0015 2E010000 		.4byte	.LASF29
 292 0019 00000000 		.4byte	.Ldebug_ranges0+0
 293 001d 00000000 		.4byte	0
 294 0021 00000000 		.4byte	.Ldebug_line0
 295 0025 02       		.uleb128 0x2
 296 0026 01       		.byte	0x1
ARM GAS  C:\Users\HPz420\AppData\Local\Temp\cchBUs5H.s 			page 8


 297 0027 06       		.byte	0x6
 298 0028 30020000 		.4byte	.LASF0
 299 002c 02       		.uleb128 0x2
 300 002d 01       		.byte	0x1
 301 002e 08       		.byte	0x8
 302 002f E3000000 		.4byte	.LASF1
 303 0033 02       		.uleb128 0x2
 304 0034 02       		.byte	0x2
 305 0035 05       		.byte	0x5
 306 0036 04020000 		.4byte	.LASF2
 307 003a 02       		.uleb128 0x2
 308 003b 02       		.byte	0x2
 309 003c 07       		.byte	0x7
 310 003d 03010000 		.4byte	.LASF3
 311 0041 03       		.uleb128 0x3
 312 0042 B4000000 		.4byte	.LASF9
 313 0046 02       		.byte	0x2
 314 0047 3F       		.byte	0x3f
 315 0048 4C000000 		.4byte	0x4c
 316 004c 02       		.uleb128 0x2
 317 004d 04       		.byte	0x4
 318 004e 05       		.byte	0x5
 319 004f 1B020000 		.4byte	.LASF4
 320 0053 02       		.uleb128 0x2
 321 0054 04       		.byte	0x4
 322 0055 07       		.byte	0x7
 323 0056 F1000000 		.4byte	.LASF5
 324 005a 02       		.uleb128 0x2
 325 005b 08       		.byte	0x8
 326 005c 05       		.byte	0x5
 327 005d F1010000 		.4byte	.LASF6
 328 0061 02       		.uleb128 0x2
 329 0062 08       		.byte	0x8
 330 0063 07       		.byte	0x7
 331 0064 BA010000 		.4byte	.LASF7
 332 0068 04       		.uleb128 0x4
 333 0069 04       		.byte	0x4
 334 006a 05       		.byte	0x5
 335 006b 696E7400 		.ascii	"int\000"
 336 006f 02       		.uleb128 0x2
 337 0070 04       		.byte	0x4
 338 0071 07       		.byte	0x7
 339 0072 AD010000 		.4byte	.LASF8
 340 0076 03       		.uleb128 0x3
 341 0077 E0010000 		.4byte	.LASF10
 342 007b 03       		.byte	0x3
 343 007c 2C       		.byte	0x2c
 344 007d 41000000 		.4byte	0x41
 345 0081 05       		.uleb128 0x5
 346 0082 0E020000 		.4byte	.LASF11
 347 0086 04       		.byte	0x4
 348 0087 E401     		.2byte	0x1e4
 349 0089 2C000000 		.4byte	0x2c
 350 008d 02       		.uleb128 0x2
 351 008e 04       		.byte	0x4
 352 008f 04       		.byte	0x4
 353 0090 DD000000 		.4byte	.LASF12
ARM GAS  C:\Users\HPz420\AppData\Local\Temp\cchBUs5H.s 			page 9


 354 0094 02       		.uleb128 0x2
 355 0095 08       		.byte	0x8
 356 0096 04       		.byte	0x4
 357 0097 9E010000 		.4byte	.LASF13
 358 009b 02       		.uleb128 0x2
 359 009c 01       		.byte	0x1
 360 009d 08       		.byte	0x8
 361 009e FF010000 		.4byte	.LASF14
 362 00a2 02       		.uleb128 0x2
 363 00a3 08       		.byte	0x8
 364 00a4 04       		.byte	0x4
 365 00a5 24020000 		.4byte	.LASF15
 366 00a9 02       		.uleb128 0x2
 367 00aa 04       		.byte	0x4
 368 00ab 07       		.byte	0x7
 369 00ac E8010000 		.4byte	.LASF16
 370 00b0 06       		.uleb128 0x6
 371 00b1 C6000000 		.4byte	.LASF22
 372 00b5 01       		.byte	0x1
 373 00b6 28       		.byte	0x28
 374 00b7 81000000 		.4byte	0x81
 375 00bb 00000000 		.4byte	.LFB63
 376 00bf 46000000 		.4byte	.LFE63-.LFB63
 377 00c3 01       		.uleb128 0x1
 378 00c4 9C       		.byte	0x9c
 379 00c5 E6000000 		.4byte	0xe6
 380 00c9 07       		.uleb128 0x7
 381 00ca A5010000 		.4byte	.LASF17
 382 00ce 01       		.byte	0x1
 383 00cf 28       		.byte	0x28
 384 00d0 81000000 		.4byte	0x81
 385 00d4 02       		.uleb128 0x2
 386 00d5 91       		.byte	0x91
 387 00d6 6F       		.sleb128 -17
 388 00d7 08       		.uleb128 0x8
 389 00d8 14020000 		.4byte	.LASF24
 390 00dc 01       		.byte	0x1
 391 00dd 2A       		.byte	0x2a
 392 00de 81000000 		.4byte	0x81
 393 00e2 02       		.uleb128 0x2
 394 00e3 91       		.byte	0x91
 395 00e4 77       		.sleb128 -9
 396 00e5 00       		.byte	0
 397 00e6 09       		.uleb128 0x9
 398 00e7 4C020000 		.4byte	.LASF19
 399 00eb 01       		.byte	0x1
 400 00ec 3C       		.byte	0x3c
 401 00ed 00000000 		.4byte	.LFB64
 402 00f1 4C000000 		.4byte	.LFE64-.LFB64
 403 00f5 01       		.uleb128 0x1
 404 00f6 9C       		.byte	0x9c
 405 00f7 18010000 		.4byte	0x118
 406 00fb 07       		.uleb128 0x7
 407 00fc A5010000 		.4byte	.LASF17
 408 0100 01       		.byte	0x1
 409 0101 3C       		.byte	0x3c
 410 0102 81000000 		.4byte	0x81
ARM GAS  C:\Users\HPz420\AppData\Local\Temp\cchBUs5H.s 			page 10


 411 0106 02       		.uleb128 0x2
 412 0107 91       		.byte	0x91
 413 0108 77       		.sleb128 -9
 414 0109 07       		.uleb128 0x7
 415 010a AC000000 		.4byte	.LASF18
 416 010e 01       		.byte	0x1
 417 010f 3C       		.byte	0x3c
 418 0110 81000000 		.4byte	0x81
 419 0114 02       		.uleb128 0x2
 420 0115 91       		.byte	0x91
 421 0116 76       		.sleb128 -10
 422 0117 00       		.byte	0
 423 0118 09       		.uleb128 0x9
 424 0119 3C020000 		.4byte	.LASF20
 425 011d 01       		.byte	0x1
 426 011e 4A       		.byte	0x4a
 427 011f 00000000 		.4byte	.LFB65
 428 0123 1C000000 		.4byte	.LFE65-.LFB65
 429 0127 01       		.uleb128 0x1
 430 0128 9C       		.byte	0x9c
 431 0129 3C010000 		.4byte	0x13c
 432 012d 07       		.uleb128 0x7
 433 012e BE000000 		.4byte	.LASF21
 434 0132 01       		.byte	0x1
 435 0133 4A       		.byte	0x4a
 436 0134 81000000 		.4byte	0x81
 437 0138 02       		.uleb128 0x2
 438 0139 91       		.byte	0x91
 439 013a 77       		.sleb128 -9
 440 013b 00       		.byte	0
 441 013c 06       		.uleb128 0x6
 442 013d 9D000000 		.4byte	.LASF23
 443 0141 01       		.byte	0x1
 444 0142 53       		.byte	0x53
 445 0143 81000000 		.4byte	0x81
 446 0147 00000000 		.4byte	.LFB66
 447 014b 1E000000 		.4byte	.LFE66-.LFB66
 448 014f 01       		.uleb128 0x1
 449 0150 9C       		.byte	0x9c
 450 0151 64010000 		.4byte	0x164
 451 0155 08       		.uleb128 0x8
 452 0156 14020000 		.4byte	.LASF24
 453 015a 01       		.byte	0x1
 454 015b 55       		.byte	0x55
 455 015c 81000000 		.4byte	0x81
 456 0160 02       		.uleb128 0x2
 457 0161 91       		.byte	0x91
 458 0162 77       		.sleb128 -9
 459 0163 00       		.byte	0
 460 0164 0A       		.uleb128 0xa
 461 0165 00000000 		.4byte	.LASF30
 462 0169 01       		.byte	0x1
 463 016a 5E       		.byte	0x5e
 464 016b 00000000 		.4byte	.LFB67
 465 016f 3A000000 		.4byte	.LFE67-.LFB67
 466 0173 01       		.uleb128 0x1
 467 0174 9C       		.byte	0x9c
ARM GAS  C:\Users\HPz420\AppData\Local\Temp\cchBUs5H.s 			page 11


 468 0175 0B       		.uleb128 0xb
 469 0176 21010000 		.4byte	.LASF25
 470 017a 05       		.byte	0x5
 471 017b 1207     		.2byte	0x712
 472 017d 81010000 		.4byte	0x181
 473 0181 0C       		.uleb128 0xc
 474 0182 76000000 		.4byte	0x76
 475 0186 0D       		.uleb128 0xd
 476 0187 81000000 		.4byte	0x81
 477 018b 96010000 		.4byte	0x196
 478 018f 0E       		.uleb128 0xe
 479 0190 A9000000 		.4byte	0xa9
 480 0194 01       		.byte	0x1
 481 0195 00       		.byte	0
 482 0196 0F       		.uleb128 0xf
 483 0197 16010000 		.4byte	.LASF26
 484 019b 01       		.byte	0x1
 485 019c 0F       		.byte	0xf
 486 019d 86010000 		.4byte	0x186
 487 01a1 05       		.uleb128 0x5
 488 01a2 03       		.byte	0x3
 489 01a3 00000000 		.4byte	myWrBuffer
 490 01a7 00       		.byte	0
 491              		.section	.debug_abbrev,"",%progbits
 492              	.Ldebug_abbrev0:
 493 0000 01       		.uleb128 0x1
 494 0001 11       		.uleb128 0x11
 495 0002 01       		.byte	0x1
 496 0003 25       		.uleb128 0x25
 497 0004 0E       		.uleb128 0xe
 498 0005 13       		.uleb128 0x13
 499 0006 0B       		.uleb128 0xb
 500 0007 03       		.uleb128 0x3
 501 0008 0E       		.uleb128 0xe
 502 0009 1B       		.uleb128 0x1b
 503 000a 0E       		.uleb128 0xe
 504 000b 55       		.uleb128 0x55
 505 000c 17       		.uleb128 0x17
 506 000d 11       		.uleb128 0x11
 507 000e 01       		.uleb128 0x1
 508 000f 10       		.uleb128 0x10
 509 0010 17       		.uleb128 0x17
 510 0011 00       		.byte	0
 511 0012 00       		.byte	0
 512 0013 02       		.uleb128 0x2
 513 0014 24       		.uleb128 0x24
 514 0015 00       		.byte	0
 515 0016 0B       		.uleb128 0xb
 516 0017 0B       		.uleb128 0xb
 517 0018 3E       		.uleb128 0x3e
 518 0019 0B       		.uleb128 0xb
 519 001a 03       		.uleb128 0x3
 520 001b 0E       		.uleb128 0xe
 521 001c 00       		.byte	0
 522 001d 00       		.byte	0
 523 001e 03       		.uleb128 0x3
 524 001f 16       		.uleb128 0x16
ARM GAS  C:\Users\HPz420\AppData\Local\Temp\cchBUs5H.s 			page 12


 525 0020 00       		.byte	0
 526 0021 03       		.uleb128 0x3
 527 0022 0E       		.uleb128 0xe
 528 0023 3A       		.uleb128 0x3a
 529 0024 0B       		.uleb128 0xb
 530 0025 3B       		.uleb128 0x3b
 531 0026 0B       		.uleb128 0xb
 532 0027 49       		.uleb128 0x49
 533 0028 13       		.uleb128 0x13
 534 0029 00       		.byte	0
 535 002a 00       		.byte	0
 536 002b 04       		.uleb128 0x4
 537 002c 24       		.uleb128 0x24
 538 002d 00       		.byte	0
 539 002e 0B       		.uleb128 0xb
 540 002f 0B       		.uleb128 0xb
 541 0030 3E       		.uleb128 0x3e
 542 0031 0B       		.uleb128 0xb
 543 0032 03       		.uleb128 0x3
 544 0033 08       		.uleb128 0x8
 545 0034 00       		.byte	0
 546 0035 00       		.byte	0
 547 0036 05       		.uleb128 0x5
 548 0037 16       		.uleb128 0x16
 549 0038 00       		.byte	0
 550 0039 03       		.uleb128 0x3
 551 003a 0E       		.uleb128 0xe
 552 003b 3A       		.uleb128 0x3a
 553 003c 0B       		.uleb128 0xb
 554 003d 3B       		.uleb128 0x3b
 555 003e 05       		.uleb128 0x5
 556 003f 49       		.uleb128 0x49
 557 0040 13       		.uleb128 0x13
 558 0041 00       		.byte	0
 559 0042 00       		.byte	0
 560 0043 06       		.uleb128 0x6
 561 0044 2E       		.uleb128 0x2e
 562 0045 01       		.byte	0x1
 563 0046 3F       		.uleb128 0x3f
 564 0047 19       		.uleb128 0x19
 565 0048 03       		.uleb128 0x3
 566 0049 0E       		.uleb128 0xe
 567 004a 3A       		.uleb128 0x3a
 568 004b 0B       		.uleb128 0xb
 569 004c 3B       		.uleb128 0x3b
 570 004d 0B       		.uleb128 0xb
 571 004e 27       		.uleb128 0x27
 572 004f 19       		.uleb128 0x19
 573 0050 49       		.uleb128 0x49
 574 0051 13       		.uleb128 0x13
 575 0052 11       		.uleb128 0x11
 576 0053 01       		.uleb128 0x1
 577 0054 12       		.uleb128 0x12
 578 0055 06       		.uleb128 0x6
 579 0056 40       		.uleb128 0x40
 580 0057 18       		.uleb128 0x18
 581 0058 9642     		.uleb128 0x2116
ARM GAS  C:\Users\HPz420\AppData\Local\Temp\cchBUs5H.s 			page 13


 582 005a 19       		.uleb128 0x19
 583 005b 01       		.uleb128 0x1
 584 005c 13       		.uleb128 0x13
 585 005d 00       		.byte	0
 586 005e 00       		.byte	0
 587 005f 07       		.uleb128 0x7
 588 0060 05       		.uleb128 0x5
 589 0061 00       		.byte	0
 590 0062 03       		.uleb128 0x3
 591 0063 0E       		.uleb128 0xe
 592 0064 3A       		.uleb128 0x3a
 593 0065 0B       		.uleb128 0xb
 594 0066 3B       		.uleb128 0x3b
 595 0067 0B       		.uleb128 0xb
 596 0068 49       		.uleb128 0x49
 597 0069 13       		.uleb128 0x13
 598 006a 02       		.uleb128 0x2
 599 006b 18       		.uleb128 0x18
 600 006c 00       		.byte	0
 601 006d 00       		.byte	0
 602 006e 08       		.uleb128 0x8
 603 006f 34       		.uleb128 0x34
 604 0070 00       		.byte	0
 605 0071 03       		.uleb128 0x3
 606 0072 0E       		.uleb128 0xe
 607 0073 3A       		.uleb128 0x3a
 608 0074 0B       		.uleb128 0xb
 609 0075 3B       		.uleb128 0x3b
 610 0076 0B       		.uleb128 0xb
 611 0077 49       		.uleb128 0x49
 612 0078 13       		.uleb128 0x13
 613 0079 02       		.uleb128 0x2
 614 007a 18       		.uleb128 0x18
 615 007b 00       		.byte	0
 616 007c 00       		.byte	0
 617 007d 09       		.uleb128 0x9
 618 007e 2E       		.uleb128 0x2e
 619 007f 01       		.byte	0x1
 620 0080 3F       		.uleb128 0x3f
 621 0081 19       		.uleb128 0x19
 622 0082 03       		.uleb128 0x3
 623 0083 0E       		.uleb128 0xe
 624 0084 3A       		.uleb128 0x3a
 625 0085 0B       		.uleb128 0xb
 626 0086 3B       		.uleb128 0x3b
 627 0087 0B       		.uleb128 0xb
 628 0088 27       		.uleb128 0x27
 629 0089 19       		.uleb128 0x19
 630 008a 11       		.uleb128 0x11
 631 008b 01       		.uleb128 0x1
 632 008c 12       		.uleb128 0x12
 633 008d 06       		.uleb128 0x6
 634 008e 40       		.uleb128 0x40
 635 008f 18       		.uleb128 0x18
 636 0090 9642     		.uleb128 0x2116
 637 0092 19       		.uleb128 0x19
 638 0093 01       		.uleb128 0x1
ARM GAS  C:\Users\HPz420\AppData\Local\Temp\cchBUs5H.s 			page 14


 639 0094 13       		.uleb128 0x13
 640 0095 00       		.byte	0
 641 0096 00       		.byte	0
 642 0097 0A       		.uleb128 0xa
 643 0098 2E       		.uleb128 0x2e
 644 0099 00       		.byte	0
 645 009a 3F       		.uleb128 0x3f
 646 009b 19       		.uleb128 0x19
 647 009c 03       		.uleb128 0x3
 648 009d 0E       		.uleb128 0xe
 649 009e 3A       		.uleb128 0x3a
 650 009f 0B       		.uleb128 0xb
 651 00a0 3B       		.uleb128 0x3b
 652 00a1 0B       		.uleb128 0xb
 653 00a2 27       		.uleb128 0x27
 654 00a3 19       		.uleb128 0x19
 655 00a4 11       		.uleb128 0x11
 656 00a5 01       		.uleb128 0x1
 657 00a6 12       		.uleb128 0x12
 658 00a7 06       		.uleb128 0x6
 659 00a8 40       		.uleb128 0x40
 660 00a9 18       		.uleb128 0x18
 661 00aa 9642     		.uleb128 0x2116
 662 00ac 19       		.uleb128 0x19
 663 00ad 00       		.byte	0
 664 00ae 00       		.byte	0
 665 00af 0B       		.uleb128 0xb
 666 00b0 34       		.uleb128 0x34
 667 00b1 00       		.byte	0
 668 00b2 03       		.uleb128 0x3
 669 00b3 0E       		.uleb128 0xe
 670 00b4 3A       		.uleb128 0x3a
 671 00b5 0B       		.uleb128 0xb
 672 00b6 3B       		.uleb128 0x3b
 673 00b7 05       		.uleb128 0x5
 674 00b8 49       		.uleb128 0x49
 675 00b9 13       		.uleb128 0x13
 676 00ba 3F       		.uleb128 0x3f
 677 00bb 19       		.uleb128 0x19
 678 00bc 3C       		.uleb128 0x3c
 679 00bd 19       		.uleb128 0x19
 680 00be 00       		.byte	0
 681 00bf 00       		.byte	0
 682 00c0 0C       		.uleb128 0xc
 683 00c1 35       		.uleb128 0x35
 684 00c2 00       		.byte	0
 685 00c3 49       		.uleb128 0x49
 686 00c4 13       		.uleb128 0x13
 687 00c5 00       		.byte	0
 688 00c6 00       		.byte	0
 689 00c7 0D       		.uleb128 0xd
 690 00c8 01       		.uleb128 0x1
 691 00c9 01       		.byte	0x1
 692 00ca 49       		.uleb128 0x49
 693 00cb 13       		.uleb128 0x13
 694 00cc 01       		.uleb128 0x1
 695 00cd 13       		.uleb128 0x13
ARM GAS  C:\Users\HPz420\AppData\Local\Temp\cchBUs5H.s 			page 15


 696 00ce 00       		.byte	0
 697 00cf 00       		.byte	0
 698 00d0 0E       		.uleb128 0xe
 699 00d1 21       		.uleb128 0x21
 700 00d2 00       		.byte	0
 701 00d3 49       		.uleb128 0x49
 702 00d4 13       		.uleb128 0x13
 703 00d5 2F       		.uleb128 0x2f
 704 00d6 0B       		.uleb128 0xb
 705 00d7 00       		.byte	0
 706 00d8 00       		.byte	0
 707 00d9 0F       		.uleb128 0xf
 708 00da 34       		.uleb128 0x34
 709 00db 00       		.byte	0
 710 00dc 03       		.uleb128 0x3
 711 00dd 0E       		.uleb128 0xe
 712 00de 3A       		.uleb128 0x3a
 713 00df 0B       		.uleb128 0xb
 714 00e0 3B       		.uleb128 0x3b
 715 00e1 0B       		.uleb128 0xb
 716 00e2 49       		.uleb128 0x49
 717 00e3 13       		.uleb128 0x13
 718 00e4 3F       		.uleb128 0x3f
 719 00e5 19       		.uleb128 0x19
 720 00e6 02       		.uleb128 0x2
 721 00e7 18       		.uleb128 0x18
 722 00e8 00       		.byte	0
 723 00e9 00       		.byte	0
 724 00ea 00       		.byte	0
 725              		.section	.debug_aranges,"",%progbits
 726 0000 3C000000 		.4byte	0x3c
 727 0004 0200     		.2byte	0x2
 728 0006 00000000 		.4byte	.Ldebug_info0
 729 000a 04       		.byte	0x4
 730 000b 00       		.byte	0
 731 000c 0000     		.2byte	0
 732 000e 0000     		.2byte	0
 733 0010 00000000 		.4byte	.LFB63
 734 0014 46000000 		.4byte	.LFE63-.LFB63
 735 0018 00000000 		.4byte	.LFB64
 736 001c 4C000000 		.4byte	.LFE64-.LFB64
 737 0020 00000000 		.4byte	.LFB65
 738 0024 1C000000 		.4byte	.LFE65-.LFB65
 739 0028 00000000 		.4byte	.LFB66
 740 002c 1E000000 		.4byte	.LFE66-.LFB66
 741 0030 00000000 		.4byte	.LFB67
 742 0034 3A000000 		.4byte	.LFE67-.LFB67
 743 0038 00000000 		.4byte	0
 744 003c 00000000 		.4byte	0
 745              		.section	.debug_ranges,"",%progbits
 746              	.Ldebug_ranges0:
 747 0000 00000000 		.4byte	.LFB63
 748 0004 46000000 		.4byte	.LFE63
 749 0008 00000000 		.4byte	.LFB64
 750 000c 4C000000 		.4byte	.LFE64
 751 0010 00000000 		.4byte	.LFB65
 752 0014 1C000000 		.4byte	.LFE65
ARM GAS  C:\Users\HPz420\AppData\Local\Temp\cchBUs5H.s 			page 16


 753 0018 00000000 		.4byte	.LFB66
 754 001c 1E000000 		.4byte	.LFE66
 755 0020 00000000 		.4byte	.LFB67
 756 0024 3A000000 		.4byte	.LFE67
 757 0028 00000000 		.4byte	0
 758 002c 00000000 		.4byte	0
 759              		.section	.debug_line,"",%progbits
 760              	.Ldebug_line0:
 761 0000 CD010000 		.section	.debug_str,"MS",%progbits,1
 761      02005401 
 761      00000201 
 761      FB0E0D00 
 761      01010101 
 762              	.LASF30:
 763 0000 696E6974 		.ascii	"initDIGIO8Card\000"
 763      44494749 
 763      4F384361 
 763      726400
 764              	.LASF27:
 765 000f 474E5520 		.ascii	"GNU C11 5.4.1 20160609 (release) [ARM/embedded-5-br"
 765      43313120 
 765      352E342E 
 765      31203230 
 765      31363036 
 766 0042 616E6368 		.ascii	"anch revision 237715] -mcpu=cortex-m3 -mthumb -g -O"
 766      20726576 
 766      6973696F 
 766      6E203233 
 766      37373135 
 767 0075 30202D66 		.ascii	"0 -ffunction-sections -ffat-lto-objects\000"
 767      66756E63 
 767      74696F6E 
 767      2D736563 
 767      74696F6E 
 768              	.LASF23:
 769 009d 72656164 		.ascii	"readDIGIO8Card\000"
 769      44494749 
 769      4F384361 
 769      726400
 770              	.LASF18:
 771 00ac 6374726C 		.ascii	"ctrlVal\000"
 771      56616C00 
 772              	.LASF9:
 773 00b4 5F5F696E 		.ascii	"__int32_t\000"
 773      7433325F 
 773      7400
 774              	.LASF21:
 775 00be 6F757444 		.ascii	"outData\000"
 775      61746100 
 776              	.LASF22:
 777 00c6 72656164 		.ascii	"readRegisterDIGIO8Card\000"
 777      52656769 
 777      73746572 
 777      44494749 
 777      4F384361 
 778              	.LASF12:
 779 00dd 666C6F61 		.ascii	"float\000"
ARM GAS  C:\Users\HPz420\AppData\Local\Temp\cchBUs5H.s 			page 17


 779      7400
 780              	.LASF1:
 781 00e3 756E7369 		.ascii	"unsigned char\000"
 781      676E6564 
 781      20636861 
 781      7200
 782              	.LASF5:
 783 00f1 6C6F6E67 		.ascii	"long unsigned int\000"
 783      20756E73 
 783      69676E65 
 783      6420696E 
 783      7400
 784              	.LASF3:
 785 0103 73686F72 		.ascii	"short unsigned int\000"
 785      7420756E 
 785      7369676E 
 785      65642069 
 785      6E7400
 786              	.LASF26:
 787 0116 6D795772 		.ascii	"myWrBuffer\000"
 787      42756666 
 787      657200
 788              	.LASF25:
 789 0121 49544D5F 		.ascii	"ITM_RxBuffer\000"
 789      52784275 
 789      66666572 
 789      00
 790              	.LASF29:
 791 012e 433A5C55 		.ascii	"C:\\Users\\HPz420\\Documents\\GitHub\\Retro-Compute"
 791      73657273 
 791      5C48507A 
 791      3432305C 
 791      446F6375 
 792 015c 72735C5A 		.ascii	"rs\\Z80\\PSOC\\PSOC_Design_Files\\FrontPanelI2CIO8\\"
 792      38305C50 
 792      534F435C 
 792      50534F43 
 792      5F446573 
 793 018b 55534246 		.ascii	"USBFS_UART01.cydsn\000"
 793      535F5541 
 793      52543031 
 793      2E637964 
 793      736E00
 794              	.LASF13:
 795 019e 646F7562 		.ascii	"double\000"
 795      6C6500
 796              	.LASF17:
 797 01a5 6374726C 		.ascii	"ctrlAdr\000"
 797      41647200 
 798              	.LASF8:
 799 01ad 756E7369 		.ascii	"unsigned int\000"
 799      676E6564 
 799      20696E74 
 799      00
 800              	.LASF7:
 801 01ba 6C6F6E67 		.ascii	"long long unsigned int\000"
 801      206C6F6E 
ARM GAS  C:\Users\HPz420\AppData\Local\Temp\cchBUs5H.s 			page 18


 801      6720756E 
 801      7369676E 
 801      65642069 
 802              	.LASF28:
 803 01d1 44494749 		.ascii	"DIGIO8Driver.c\000"
 803      4F384472 
 803      69766572 
 803      2E6300
 804              	.LASF10:
 805 01e0 696E7433 		.ascii	"int32_t\000"
 805      325F7400 
 806              	.LASF16:
 807 01e8 73697A65 		.ascii	"sizetype\000"
 807      74797065 
 807      00
 808              	.LASF6:
 809 01f1 6C6F6E67 		.ascii	"long long int\000"
 809      206C6F6E 
 809      6720696E 
 809      7400
 810              	.LASF14:
 811 01ff 63686172 		.ascii	"char\000"
 811      00
 812              	.LASF2:
 813 0204 73686F72 		.ascii	"short int\000"
 813      7420696E 
 813      7400
 814              	.LASF11:
 815 020e 75696E74 		.ascii	"uint8\000"
 815      3800
 816              	.LASF24:
 817 0214 72644275 		.ascii	"rdBuff\000"
 817      666600
 818              	.LASF4:
 819 021b 6C6F6E67 		.ascii	"long int\000"
 819      20696E74 
 819      00
 820              	.LASF15:
 821 0224 6C6F6E67 		.ascii	"long double\000"
 821      20646F75 
 821      626C6500 
 822              	.LASF0:
 823 0230 7369676E 		.ascii	"signed char\000"
 823      65642063 
 823      68617200 
 824              	.LASF20:
 825 023c 77726974 		.ascii	"writeDIGIO8Card\000"
 825      65444947 
 825      494F3843 
 825      61726400 
 826              	.LASF19:
 827 024c 77726974 		.ascii	"writeRegisterDIGIO8Card\000"
 827      65526567 
 827      69737465 
 827      72444947 
 827      494F3843 
 828              		.ident	"GCC: (GNU Tools for ARM Embedded Processors) 5.4.1 20160609 (release) [ARM/embedded-5-bran
ARM GAS  C:\Users\HPz420\AppData\Local\Temp\cchBUs5H.s 			page 19


