ARM GAS  C:\Users\HPz420\AppData\Local\Temp\ccBglQGA.s 			page 1


   1              		.syntax unified
   2              		.cpu cortex-m3
   3              		.fpu softvfp
   4              		.eabi_attribute 20, 1
   5              		.eabi_attribute 21, 1
   6              		.eabi_attribute 23, 3
   7              		.eabi_attribute 24, 1
   8              		.eabi_attribute 25, 1
   9              		.eabi_attribute 26, 1
  10              		.eabi_attribute 30, 6
  11              		.eabi_attribute 34, 1
  12              		.eabi_attribute 18, 4
  13              		.thumb
  14              		.syntax unified
  15              		.file	"FrontPanelI2C.c"
  16              		.text
  17              	.Ltext0:
  18              		.cfi_sections	.debug_frame
  19              		.global	ledsVal
  20              		.bss
  21              		.align	2
  22              		.type	ledsVal, %object
  23              		.size	ledsVal, 4
  24              	ledsVal:
  25 0000 00000000 		.space	4
  26              		.section	.text.initFrontPanelI2CIO8,"ax",%progbits
  27              		.align	2
  28              		.global	initFrontPanelI2CIO8
  29              		.thumb
  30              		.thumb_func
  31              		.type	initFrontPanelI2CIO8, %function
  32              	initFrontPanelI2CIO8:
  33              	.LFB64:
  34              		.file 1 "FrontPanelI2C.c"
   1:FrontPanelI2C.c **** /* ========================================
   2:FrontPanelI2C.c ****  *
   3:FrontPanelI2C.c ****  * Copyright YOUR COMPANY, THE YEAR
   4:FrontPanelI2C.c ****  * All Rights Reserved
   5:FrontPanelI2C.c ****  * UNPUBLISHED, LICENSED SOFTWARE.
   6:FrontPanelI2C.c ****  *
   7:FrontPanelI2C.c ****  * CONFIDENTIAL AND PROPRIETARY INFORMATION
   8:FrontPanelI2C.c ****  * WHICH IS THE PROPERTY OF your company.
   9:FrontPanelI2C.c ****  *
  10:FrontPanelI2C.c ****  * ========================================
  11:FrontPanelI2C.c **** */
  12:FrontPanelI2C.c **** 
  13:FrontPanelI2C.c **** #include <project.h>
  14:FrontPanelI2C.c **** #include "stdio.h"
  15:FrontPanelI2C.c **** 
  16:FrontPanelI2C.c **** uint32 ledsVal = 0;
  17:FrontPanelI2C.c **** 
  18:FrontPanelI2C.c **** void initDIGIO8Card(void);
  19:FrontPanelI2C.c **** void writeDIGIO8Card(uint8 outData);
  20:FrontPanelI2C.c **** uint8 readDIGIO8Card(void);
  21:FrontPanelI2C.c **** 
  22:FrontPanelI2C.c **** void initFrontPanelI2CIO8(void)
  23:FrontPanelI2C.c **** {
ARM GAS  C:\Users\HPz420\AppData\Local\Temp\ccBglQGA.s 			page 2


  35              		.loc 1 23 0
  36              		.cfi_startproc
  37              		@ args = 0, pretend = 0, frame = 0
  38              		@ frame_needed = 1, uses_anonymous_args = 0
  39 0000 80B5     		push	{r7, lr}
  40              		.cfi_def_cfa_offset 8
  41              		.cfi_offset 7, -8
  42              		.cfi_offset 14, -4
  43 0002 00AF     		add	r7, sp, #0
  44              		.cfi_def_cfa_register 7
  24:FrontPanelI2C.c ****     ledsVal = 0;
  45              		.loc 1 24 0
  46 0004 054B     		ldr	r3, .L2
  47 0006 0022     		movs	r2, #0
  48 0008 1A60     		str	r2, [r3]
  25:FrontPanelI2C.c ****     writeDIGIO8Card(ledsVal);
  49              		.loc 1 25 0
  50 000a 044B     		ldr	r3, .L2
  51 000c 1B68     		ldr	r3, [r3]
  52 000e DBB2     		uxtb	r3, r3
  53 0010 1846     		mov	r0, r3
  54 0012 FFF7FEFF 		bl	writeDIGIO8Card
  26:FrontPanelI2C.c **** }
  55              		.loc 1 26 0
  56 0016 00BF     		nop
  57 0018 80BD     		pop	{r7, pc}
  58              	.L3:
  59 001a 00BF     		.align	2
  60              	.L2:
  61 001c 00000000 		.word	ledsVal
  62              		.cfi_endproc
  63              	.LFE64:
  64              		.size	initFrontPanelI2CIO8, .-initFrontPanelI2CIO8
  65              		.section	.text.keysAndLEDs,"ax",%progbits
  66              		.align	2
  67              		.global	keysAndLEDs
  68              		.thumb
  69              		.thumb_func
  70              		.type	keysAndLEDs, %function
  71              	keysAndLEDs:
  72              	.LFB65:
  27:FrontPanelI2C.c **** 
  28:FrontPanelI2C.c **** void keysAndLEDs(void)
  29:FrontPanelI2C.c **** {
  73              		.loc 1 29 0
  74              		.cfi_startproc
  75              		@ args = 0, pretend = 0, frame = 24
  76              		@ frame_needed = 1, uses_anonymous_args = 0
  77 0000 80B5     		push	{r7, lr}
  78              		.cfi_def_cfa_offset 8
  79              		.cfi_offset 7, -8
  80              		.cfi_offset 14, -4
  81 0002 86B0     		sub	sp, sp, #24
  82              		.cfi_def_cfa_offset 32
  83 0004 00AF     		add	r7, sp, #0
  84              		.cfi_def_cfa_register 7
  30:FrontPanelI2C.c ****     uint32 rdVal;
ARM GAS  C:\Users\HPz420\AppData\Local\Temp\ccBglQGA.s 			page 3


  31:FrontPanelI2C.c ****     uint32 valMin1, valMin2,valMin3;
  32:FrontPanelI2C.c ****     uint8 keyPressed = 0; 
  85              		.loc 1 32 0
  86 0006 0023     		movs	r3, #0
  87 0008 FB73     		strb	r3, [r7, #15]
  33:FrontPanelI2C.c ****     rdVal = readDIGIO8Card() ^ 0x0f;
  88              		.loc 1 33 0
  89 000a FFF7FEFF 		bl	readDIGIO8Card
  90 000e 0346     		mov	r3, r0
  91 0010 83F00F03 		eor	r3, r3, #15
  92 0014 DBB2     		uxtb	r3, r3
  93 0016 BB60     		str	r3, [r7, #8]
  34:FrontPanelI2C.c ****     if (rdVal  == 0x00)     // No key is pressed at this polling
  94              		.loc 1 34 0
  95 0018 BB68     		ldr	r3, [r7, #8]
  96 001a 002B     		cmp	r3, #0
  97 001c 09D1     		bne	.L5
  35:FrontPanelI2C.c ****     {
  36:FrontPanelI2C.c ****         if (keyPressed == 0)    // No key press is in progress
  98              		.loc 1 36 0
  99 001e FB7B     		ldrb	r3, [r7, #15]	@ zero_extendqisi2
 100 0020 002B     		cmp	r3, #0
 101 0022 40D0     		beq	.L11
  37:FrontPanelI2C.c ****             return;
  38:FrontPanelI2C.c ****         else    // key was pressed in the past but is no longer pressed
  39:FrontPanelI2C.c ****         {
  40:FrontPanelI2C.c ****             valMin1 = 0;
 102              		.loc 1 40 0
 103 0024 0023     		movs	r3, #0
 104 0026 7B61     		str	r3, [r7, #20]
  41:FrontPanelI2C.c ****             valMin2 = 0;
 105              		.loc 1 41 0
 106 0028 0023     		movs	r3, #0
 107 002a 3B61     		str	r3, [r7, #16]
  42:FrontPanelI2C.c ****             valMin3 = 0;
 108              		.loc 1 42 0
 109 002c 0023     		movs	r3, #0
 110 002e 7B60     		str	r3, [r7, #4]
  43:FrontPanelI2C.c ****             return;
 111              		.loc 1 43 0
 112 0030 3AE0     		b	.L4
 113              	.L5:
  44:FrontPanelI2C.c ****         }
  45:FrontPanelI2C.c ****     }
  46:FrontPanelI2C.c ****     else    // key is now pressed
  47:FrontPanelI2C.c ****     {
  48:FrontPanelI2C.c ****         keyPressed = 1;
 114              		.loc 1 48 0
 115 0032 0123     		movs	r3, #1
 116 0034 FB73     		strb	r3, [r7, #15]
  49:FrontPanelI2C.c ****         while (keyPressed)  // stick around until key is no longer pressed
 117              		.loc 1 49 0
 118 0036 32E0     		b	.L8
 119              	.L10:
  50:FrontPanelI2C.c ****         {
  51:FrontPanelI2C.c ****             rdVal = readDIGIO8Card() ^ 0x0f;
 120              		.loc 1 51 0
ARM GAS  C:\Users\HPz420\AppData\Local\Temp\ccBglQGA.s 			page 4


 121 0038 FFF7FEFF 		bl	readDIGIO8Card
 122 003c 0346     		mov	r3, r0
 123 003e 83F00F03 		eor	r3, r3, #15
 124 0042 DBB2     		uxtb	r3, r3
 125 0044 BB60     		str	r3, [r7, #8]
  52:FrontPanelI2C.c ****             valMin3 = valMin2;
 126              		.loc 1 52 0
 127 0046 3B69     		ldr	r3, [r7, #16]
 128 0048 7B60     		str	r3, [r7, #4]
  53:FrontPanelI2C.c ****             valMin2 = valMin1;
 129              		.loc 1 53 0
 130 004a 7B69     		ldr	r3, [r7, #20]
 131 004c 3B61     		str	r3, [r7, #16]
  54:FrontPanelI2C.c ****             valMin1 = rdVal;
 132              		.loc 1 54 0
 133 004e BB68     		ldr	r3, [r7, #8]
 134 0050 7B61     		str	r3, [r7, #20]
  55:FrontPanelI2C.c ****             if ((valMin3 == 0) && (valMin2 != 0) && (valMin1 != 0) && (rdVal != 0))
 135              		.loc 1 55 0
 136 0052 7B68     		ldr	r3, [r7, #4]
 137 0054 002B     		cmp	r3, #0
 138 0056 14D1     		bne	.L9
 139              		.loc 1 55 0 is_stmt 0 discriminator 1
 140 0058 3B69     		ldr	r3, [r7, #16]
 141 005a 002B     		cmp	r3, #0
 142 005c 11D0     		beq	.L9
 143              		.loc 1 55 0 discriminator 2
 144 005e 7B69     		ldr	r3, [r7, #20]
 145 0060 002B     		cmp	r3, #0
 146 0062 0ED0     		beq	.L9
 147              		.loc 1 55 0 discriminator 3
 148 0064 BB68     		ldr	r3, [r7, #8]
 149 0066 002B     		cmp	r3, #0
 150 0068 0BD0     		beq	.L9
  56:FrontPanelI2C.c ****             {
  57:FrontPanelI2C.c ****                 ledsVal ^= rdVal;   // toggle the read value 3 samples later
 151              		.loc 1 57 0 is_stmt 1
 152 006a 114B     		ldr	r3, .L12
 153 006c 1A68     		ldr	r2, [r3]
 154 006e BB68     		ldr	r3, [r7, #8]
 155 0070 5340     		eors	r3, r3, r2
 156 0072 0F4A     		ldr	r2, .L12
 157 0074 1360     		str	r3, [r2]
  58:FrontPanelI2C.c ****                 writeDIGIO8Card(ledsVal);
 158              		.loc 1 58 0
 159 0076 0E4B     		ldr	r3, .L12
 160 0078 1B68     		ldr	r3, [r3]
 161 007a DBB2     		uxtb	r3, r3
 162 007c 1846     		mov	r0, r3
 163 007e FFF7FEFF 		bl	writeDIGIO8Card
 164              	.L9:
  59:FrontPanelI2C.c ****             }
  60:FrontPanelI2C.c ****             CyDelay(25);    // 10 mS sampling for debouncing
 165              		.loc 1 60 0
 166 0082 1920     		movs	r0, #25
 167 0084 FFF7FEFF 		bl	CyDelay
  61:FrontPanelI2C.c ****             if (rdVal == 0)
ARM GAS  C:\Users\HPz420\AppData\Local\Temp\ccBglQGA.s 			page 5


 168              		.loc 1 61 0
 169 0088 BB68     		ldr	r3, [r7, #8]
 170 008a 002B     		cmp	r3, #0
 171 008c 07D1     		bne	.L8
  62:FrontPanelI2C.c ****             {
  63:FrontPanelI2C.c ****                 keyPressed = 0;
 172              		.loc 1 63 0
 173 008e 0023     		movs	r3, #0
 174 0090 FB73     		strb	r3, [r7, #15]
  64:FrontPanelI2C.c ****                 valMin1 = 0;
 175              		.loc 1 64 0
 176 0092 0023     		movs	r3, #0
 177 0094 7B61     		str	r3, [r7, #20]
  65:FrontPanelI2C.c ****                 valMin2 = 0;
 178              		.loc 1 65 0
 179 0096 0023     		movs	r3, #0
 180 0098 3B61     		str	r3, [r7, #16]
  66:FrontPanelI2C.c ****                 valMin3 = 0;
 181              		.loc 1 66 0
 182 009a 0023     		movs	r3, #0
 183 009c 7B60     		str	r3, [r7, #4]
 184              	.L8:
  49:FrontPanelI2C.c ****         {
 185              		.loc 1 49 0
 186 009e FB7B     		ldrb	r3, [r7, #15]	@ zero_extendqisi2
 187 00a0 002B     		cmp	r3, #0
 188 00a2 C9D1     		bne	.L10
 189 00a4 00E0     		b	.L4
 190              	.L11:
  37:FrontPanelI2C.c ****         else    // key was pressed in the past but is no longer pressed
 191              		.loc 1 37 0
 192 00a6 00BF     		nop
 193              	.L4:
  67:FrontPanelI2C.c ****             }
  68:FrontPanelI2C.c ****         }
  69:FrontPanelI2C.c ****     }
  70:FrontPanelI2C.c **** }
 194              		.loc 1 70 0
 195 00a8 1837     		adds	r7, r7, #24
 196              		.cfi_def_cfa_offset 8
 197 00aa BD46     		mov	sp, r7
 198              		.cfi_def_cfa_register 13
 199              		@ sp needed
 200 00ac 80BD     		pop	{r7, pc}
 201              	.L13:
 202 00ae 00BF     		.align	2
 203              	.L12:
 204 00b0 00000000 		.word	ledsVal
 205              		.cfi_endproc
 206              	.LFE65:
 207              		.size	keysAndLEDs, .-keysAndLEDs
 208              		.text
 209              	.Letext0:
 210              		.file 2 "c:\\program files (x86)\\cypress\\psoc creator\\4.2\\psoc creator\\import\\gnu\\arm\\5.4.
 211              		.file 3 "c:\\program files (x86)\\cypress\\psoc creator\\4.2\\psoc creator\\import\\gnu\\arm\\5.4.
 212              		.file 4 "Generated_Source\\PSoC5/cytypes.h"
 213              		.file 5 "Generated_Source\\PSoC5/core_cm3.h"
ARM GAS  C:\Users\HPz420\AppData\Local\Temp\ccBglQGA.s 			page 6


 214              		.section	.debug_info,"",%progbits
 215              	.Ldebug_info0:
 216 0000 48010000 		.4byte	0x148
 217 0004 0400     		.2byte	0x4
 218 0006 00000000 		.4byte	.Ldebug_abbrev0
 219 000a 04       		.byte	0x4
 220 000b 01       		.uleb128 0x1
 221 000c 0B000000 		.4byte	.LASF25
 222 0010 0C       		.byte	0xc
 223 0011 DC010000 		.4byte	.LASF26
 224 0015 05010000 		.4byte	.LASF27
 225 0019 00000000 		.4byte	.Ldebug_ranges0+0
 226 001d 00000000 		.4byte	0
 227 0021 00000000 		.4byte	.Ldebug_line0
 228 0025 02       		.uleb128 0x2
 229 0026 01       		.byte	0x1
 230 0027 06       		.byte	0x6
 231 0028 16020000 		.4byte	.LASF0
 232 002c 02       		.uleb128 0x2
 233 002d 01       		.byte	0x1
 234 002e 08       		.byte	0x8
 235 002f BD000000 		.4byte	.LASF1
 236 0033 02       		.uleb128 0x2
 237 0034 02       		.byte	0x2
 238 0035 05       		.byte	0x5
 239 0036 F1010000 		.4byte	.LASF2
 240 003a 02       		.uleb128 0x2
 241 003b 02       		.byte	0x2
 242 003c 07       		.byte	0x7
 243 003d E5000000 		.4byte	.LASF3
 244 0041 03       		.uleb128 0x3
 245 0042 99000000 		.4byte	.LASF9
 246 0046 02       		.byte	0x2
 247 0047 3F       		.byte	0x3f
 248 0048 4C000000 		.4byte	0x4c
 249 004c 02       		.uleb128 0x2
 250 004d 04       		.byte	0x4
 251 004e 05       		.byte	0x5
 252 004f 01020000 		.4byte	.LASF4
 253 0053 02       		.uleb128 0x2
 254 0054 04       		.byte	0x4
 255 0055 07       		.byte	0x7
 256 0056 D3000000 		.4byte	.LASF5
 257 005a 02       		.uleb128 0x2
 258 005b 08       		.byte	0x8
 259 005c 05       		.byte	0x5
 260 005d CE010000 		.4byte	.LASF6
 261 0061 02       		.uleb128 0x2
 262 0062 08       		.byte	0x8
 263 0063 07       		.byte	0x7
 264 0064 90010000 		.4byte	.LASF7
 265 0068 04       		.uleb128 0x4
 266 0069 04       		.byte	0x4
 267 006a 05       		.byte	0x5
 268 006b 696E7400 		.ascii	"int\000"
 269 006f 02       		.uleb128 0x2
 270 0070 04       		.byte	0x4
ARM GAS  C:\Users\HPz420\AppData\Local\Temp\ccBglQGA.s 			page 7


 271 0071 07       		.byte	0x7
 272 0072 83010000 		.4byte	.LASF8
 273 0076 03       		.uleb128 0x3
 274 0077 AD010000 		.4byte	.LASF10
 275 007b 03       		.byte	0x3
 276 007c 2C       		.byte	0x2c
 277 007d 41000000 		.4byte	0x41
 278 0081 05       		.uleb128 0x5
 279 0082 FB010000 		.4byte	.LASF11
 280 0086 04       		.byte	0x4
 281 0087 E401     		.2byte	0x1e4
 282 0089 2C000000 		.4byte	0x2c
 283 008d 05       		.uleb128 0x5
 284 008e 7C010000 		.4byte	.LASF12
 285 0092 04       		.byte	0x4
 286 0093 E601     		.2byte	0x1e6
 287 0095 53000000 		.4byte	0x53
 288 0099 02       		.uleb128 0x2
 289 009a 04       		.byte	0x4
 290 009b 04       		.byte	0x4
 291 009c AF000000 		.4byte	.LASF13
 292 00a0 02       		.uleb128 0x2
 293 00a1 08       		.byte	0x8
 294 00a2 04       		.byte	0x4
 295 00a3 75010000 		.4byte	.LASF14
 296 00a7 02       		.uleb128 0x2
 297 00a8 01       		.byte	0x1
 298 00a9 08       		.byte	0x8
 299 00aa EC010000 		.4byte	.LASF15
 300 00ae 02       		.uleb128 0x2
 301 00af 08       		.byte	0x8
 302 00b0 04       		.byte	0x4
 303 00b1 0A020000 		.4byte	.LASF16
 304 00b5 02       		.uleb128 0x2
 305 00b6 04       		.byte	0x4
 306 00b7 07       		.byte	0x7
 307 00b8 B5010000 		.4byte	.LASF17
 308 00bc 06       		.uleb128 0x6
 309 00bd 22020000 		.4byte	.LASF28
 310 00c1 01       		.byte	0x1
 311 00c2 16       		.byte	0x16
 312 00c3 00000000 		.4byte	.LFB64
 313 00c7 20000000 		.4byte	.LFE64-.LFB64
 314 00cb 01       		.uleb128 0x1
 315 00cc 9C       		.byte	0x9c
 316 00cd 07       		.uleb128 0x7
 317 00ce A3000000 		.4byte	.LASF29
 318 00d2 01       		.byte	0x1
 319 00d3 1C       		.byte	0x1c
 320 00d4 00000000 		.4byte	.LFB65
 321 00d8 B4000000 		.4byte	.LFE65-.LFB65
 322 00dc 01       		.uleb128 0x1
 323 00dd 9C       		.byte	0x9c
 324 00de 29010000 		.4byte	0x129
 325 00e2 08       		.uleb128 0x8
 326 00e3 A7010000 		.4byte	.LASF18
 327 00e7 01       		.byte	0x1
ARM GAS  C:\Users\HPz420\AppData\Local\Temp\ccBglQGA.s 			page 8


 328 00e8 1E       		.byte	0x1e
 329 00e9 8D000000 		.4byte	0x8d
 330 00ed 02       		.uleb128 0x2
 331 00ee 91       		.byte	0x91
 332 00ef 68       		.sleb128 -24
 333 00f0 08       		.uleb128 0x8
 334 00f1 BE010000 		.4byte	.LASF19
 335 00f5 01       		.byte	0x1
 336 00f6 1F       		.byte	0x1f
 337 00f7 8D000000 		.4byte	0x8d
 338 00fb 02       		.uleb128 0x2
 339 00fc 91       		.byte	0x91
 340 00fd 74       		.sleb128 -12
 341 00fe 08       		.uleb128 0x8
 342 00ff C6010000 		.4byte	.LASF20
 343 0103 01       		.byte	0x1
 344 0104 1F       		.byte	0x1f
 345 0105 8D000000 		.4byte	0x8d
 346 0109 02       		.uleb128 0x2
 347 010a 91       		.byte	0x91
 348 010b 70       		.sleb128 -16
 349 010c 08       		.uleb128 0x8
 350 010d B5000000 		.4byte	.LASF21
 351 0111 01       		.byte	0x1
 352 0112 1F       		.byte	0x1f
 353 0113 8D000000 		.4byte	0x8d
 354 0117 02       		.uleb128 0x2
 355 0118 91       		.byte	0x91
 356 0119 64       		.sleb128 -28
 357 011a 08       		.uleb128 0x8
 358 011b 00000000 		.4byte	.LASF22
 359 011f 01       		.byte	0x1
 360 0120 20       		.byte	0x20
 361 0121 81000000 		.4byte	0x81
 362 0125 02       		.uleb128 0x2
 363 0126 91       		.byte	0x91
 364 0127 6F       		.sleb128 -17
 365 0128 00       		.byte	0
 366 0129 09       		.uleb128 0x9
 367 012a F8000000 		.4byte	.LASF23
 368 012e 05       		.byte	0x5
 369 012f 1207     		.2byte	0x712
 370 0131 35010000 		.4byte	0x135
 371 0135 0A       		.uleb128 0xa
 372 0136 76000000 		.4byte	0x76
 373 013a 0B       		.uleb128 0xb
 374 013b CB000000 		.4byte	.LASF24
 375 013f 01       		.byte	0x1
 376 0140 10       		.byte	0x10
 377 0141 8D000000 		.4byte	0x8d
 378 0145 05       		.uleb128 0x5
 379 0146 03       		.byte	0x3
 380 0147 00000000 		.4byte	ledsVal
 381 014b 00       		.byte	0
 382              		.section	.debug_abbrev,"",%progbits
 383              	.Ldebug_abbrev0:
 384 0000 01       		.uleb128 0x1
ARM GAS  C:\Users\HPz420\AppData\Local\Temp\ccBglQGA.s 			page 9


 385 0001 11       		.uleb128 0x11
 386 0002 01       		.byte	0x1
 387 0003 25       		.uleb128 0x25
 388 0004 0E       		.uleb128 0xe
 389 0005 13       		.uleb128 0x13
 390 0006 0B       		.uleb128 0xb
 391 0007 03       		.uleb128 0x3
 392 0008 0E       		.uleb128 0xe
 393 0009 1B       		.uleb128 0x1b
 394 000a 0E       		.uleb128 0xe
 395 000b 55       		.uleb128 0x55
 396 000c 17       		.uleb128 0x17
 397 000d 11       		.uleb128 0x11
 398 000e 01       		.uleb128 0x1
 399 000f 10       		.uleb128 0x10
 400 0010 17       		.uleb128 0x17
 401 0011 00       		.byte	0
 402 0012 00       		.byte	0
 403 0013 02       		.uleb128 0x2
 404 0014 24       		.uleb128 0x24
 405 0015 00       		.byte	0
 406 0016 0B       		.uleb128 0xb
 407 0017 0B       		.uleb128 0xb
 408 0018 3E       		.uleb128 0x3e
 409 0019 0B       		.uleb128 0xb
 410 001a 03       		.uleb128 0x3
 411 001b 0E       		.uleb128 0xe
 412 001c 00       		.byte	0
 413 001d 00       		.byte	0
 414 001e 03       		.uleb128 0x3
 415 001f 16       		.uleb128 0x16
 416 0020 00       		.byte	0
 417 0021 03       		.uleb128 0x3
 418 0022 0E       		.uleb128 0xe
 419 0023 3A       		.uleb128 0x3a
 420 0024 0B       		.uleb128 0xb
 421 0025 3B       		.uleb128 0x3b
 422 0026 0B       		.uleb128 0xb
 423 0027 49       		.uleb128 0x49
 424 0028 13       		.uleb128 0x13
 425 0029 00       		.byte	0
 426 002a 00       		.byte	0
 427 002b 04       		.uleb128 0x4
 428 002c 24       		.uleb128 0x24
 429 002d 00       		.byte	0
 430 002e 0B       		.uleb128 0xb
 431 002f 0B       		.uleb128 0xb
 432 0030 3E       		.uleb128 0x3e
 433 0031 0B       		.uleb128 0xb
 434 0032 03       		.uleb128 0x3
 435 0033 08       		.uleb128 0x8
 436 0034 00       		.byte	0
 437 0035 00       		.byte	0
 438 0036 05       		.uleb128 0x5
 439 0037 16       		.uleb128 0x16
 440 0038 00       		.byte	0
 441 0039 03       		.uleb128 0x3
ARM GAS  C:\Users\HPz420\AppData\Local\Temp\ccBglQGA.s 			page 10


 442 003a 0E       		.uleb128 0xe
 443 003b 3A       		.uleb128 0x3a
 444 003c 0B       		.uleb128 0xb
 445 003d 3B       		.uleb128 0x3b
 446 003e 05       		.uleb128 0x5
 447 003f 49       		.uleb128 0x49
 448 0040 13       		.uleb128 0x13
 449 0041 00       		.byte	0
 450 0042 00       		.byte	0
 451 0043 06       		.uleb128 0x6
 452 0044 2E       		.uleb128 0x2e
 453 0045 00       		.byte	0
 454 0046 3F       		.uleb128 0x3f
 455 0047 19       		.uleb128 0x19
 456 0048 03       		.uleb128 0x3
 457 0049 0E       		.uleb128 0xe
 458 004a 3A       		.uleb128 0x3a
 459 004b 0B       		.uleb128 0xb
 460 004c 3B       		.uleb128 0x3b
 461 004d 0B       		.uleb128 0xb
 462 004e 27       		.uleb128 0x27
 463 004f 19       		.uleb128 0x19
 464 0050 11       		.uleb128 0x11
 465 0051 01       		.uleb128 0x1
 466 0052 12       		.uleb128 0x12
 467 0053 06       		.uleb128 0x6
 468 0054 40       		.uleb128 0x40
 469 0055 18       		.uleb128 0x18
 470 0056 9642     		.uleb128 0x2116
 471 0058 19       		.uleb128 0x19
 472 0059 00       		.byte	0
 473 005a 00       		.byte	0
 474 005b 07       		.uleb128 0x7
 475 005c 2E       		.uleb128 0x2e
 476 005d 01       		.byte	0x1
 477 005e 3F       		.uleb128 0x3f
 478 005f 19       		.uleb128 0x19
 479 0060 03       		.uleb128 0x3
 480 0061 0E       		.uleb128 0xe
 481 0062 3A       		.uleb128 0x3a
 482 0063 0B       		.uleb128 0xb
 483 0064 3B       		.uleb128 0x3b
 484 0065 0B       		.uleb128 0xb
 485 0066 27       		.uleb128 0x27
 486 0067 19       		.uleb128 0x19
 487 0068 11       		.uleb128 0x11
 488 0069 01       		.uleb128 0x1
 489 006a 12       		.uleb128 0x12
 490 006b 06       		.uleb128 0x6
 491 006c 40       		.uleb128 0x40
 492 006d 18       		.uleb128 0x18
 493 006e 9642     		.uleb128 0x2116
 494 0070 19       		.uleb128 0x19
 495 0071 01       		.uleb128 0x1
 496 0072 13       		.uleb128 0x13
 497 0073 00       		.byte	0
 498 0074 00       		.byte	0
ARM GAS  C:\Users\HPz420\AppData\Local\Temp\ccBglQGA.s 			page 11


 499 0075 08       		.uleb128 0x8
 500 0076 34       		.uleb128 0x34
 501 0077 00       		.byte	0
 502 0078 03       		.uleb128 0x3
 503 0079 0E       		.uleb128 0xe
 504 007a 3A       		.uleb128 0x3a
 505 007b 0B       		.uleb128 0xb
 506 007c 3B       		.uleb128 0x3b
 507 007d 0B       		.uleb128 0xb
 508 007e 49       		.uleb128 0x49
 509 007f 13       		.uleb128 0x13
 510 0080 02       		.uleb128 0x2
 511 0081 18       		.uleb128 0x18
 512 0082 00       		.byte	0
 513 0083 00       		.byte	0
 514 0084 09       		.uleb128 0x9
 515 0085 34       		.uleb128 0x34
 516 0086 00       		.byte	0
 517 0087 03       		.uleb128 0x3
 518 0088 0E       		.uleb128 0xe
 519 0089 3A       		.uleb128 0x3a
 520 008a 0B       		.uleb128 0xb
 521 008b 3B       		.uleb128 0x3b
 522 008c 05       		.uleb128 0x5
 523 008d 49       		.uleb128 0x49
 524 008e 13       		.uleb128 0x13
 525 008f 3F       		.uleb128 0x3f
 526 0090 19       		.uleb128 0x19
 527 0091 3C       		.uleb128 0x3c
 528 0092 19       		.uleb128 0x19
 529 0093 00       		.byte	0
 530 0094 00       		.byte	0
 531 0095 0A       		.uleb128 0xa
 532 0096 35       		.uleb128 0x35
 533 0097 00       		.byte	0
 534 0098 49       		.uleb128 0x49
 535 0099 13       		.uleb128 0x13
 536 009a 00       		.byte	0
 537 009b 00       		.byte	0
 538 009c 0B       		.uleb128 0xb
 539 009d 34       		.uleb128 0x34
 540 009e 00       		.byte	0
 541 009f 03       		.uleb128 0x3
 542 00a0 0E       		.uleb128 0xe
 543 00a1 3A       		.uleb128 0x3a
 544 00a2 0B       		.uleb128 0xb
 545 00a3 3B       		.uleb128 0x3b
 546 00a4 0B       		.uleb128 0xb
 547 00a5 49       		.uleb128 0x49
 548 00a6 13       		.uleb128 0x13
 549 00a7 3F       		.uleb128 0x3f
 550 00a8 19       		.uleb128 0x19
 551 00a9 02       		.uleb128 0x2
 552 00aa 18       		.uleb128 0x18
 553 00ab 00       		.byte	0
 554 00ac 00       		.byte	0
 555 00ad 00       		.byte	0
ARM GAS  C:\Users\HPz420\AppData\Local\Temp\ccBglQGA.s 			page 12


 556              		.section	.debug_aranges,"",%progbits
 557 0000 24000000 		.4byte	0x24
 558 0004 0200     		.2byte	0x2
 559 0006 00000000 		.4byte	.Ldebug_info0
 560 000a 04       		.byte	0x4
 561 000b 00       		.byte	0
 562 000c 0000     		.2byte	0
 563 000e 0000     		.2byte	0
 564 0010 00000000 		.4byte	.LFB64
 565 0014 20000000 		.4byte	.LFE64-.LFB64
 566 0018 00000000 		.4byte	.LFB65
 567 001c B4000000 		.4byte	.LFE65-.LFB65
 568 0020 00000000 		.4byte	0
 569 0024 00000000 		.4byte	0
 570              		.section	.debug_ranges,"",%progbits
 571              	.Ldebug_ranges0:
 572 0000 00000000 		.4byte	.LFB64
 573 0004 20000000 		.4byte	.LFE64
 574 0008 00000000 		.4byte	.LFB65
 575 000c B4000000 		.4byte	.LFE65
 576 0010 00000000 		.4byte	0
 577 0014 00000000 		.4byte	0
 578              		.section	.debug_line,"",%progbits
 579              	.Ldebug_line0:
 580 0000 AD010000 		.section	.debug_str,"MS",%progbits,1
 580      02005501 
 580      00000201 
 580      FB0E0D00 
 580      01010101 
 581              	.LASF22:
 582 0000 6B657950 		.ascii	"keyPressed\000"
 582      72657373 
 582      656400
 583              	.LASF25:
 584 000b 474E5520 		.ascii	"GNU C11 5.4.1 20160609 (release) [ARM/embedded-5-br"
 584      43313120 
 584      352E342E 
 584      31203230 
 584      31363036 
 585 003e 616E6368 		.ascii	"anch revision 237715] -mcpu=cortex-m3 -mthumb -g -O"
 585      20726576 
 585      6973696F 
 585      6E203233 
 585      37373135 
 586 0071 30202D66 		.ascii	"0 -ffunction-sections -ffat-lto-objects\000"
 586      66756E63 
 586      74696F6E 
 586      2D736563 
 586      74696F6E 
 587              	.LASF9:
 588 0099 5F5F696E 		.ascii	"__int32_t\000"
 588      7433325F 
 588      7400
 589              	.LASF29:
 590 00a3 6B657973 		.ascii	"keysAndLEDs\000"
 590      416E644C 
 590      45447300 
ARM GAS  C:\Users\HPz420\AppData\Local\Temp\ccBglQGA.s 			page 13


 591              	.LASF13:
 592 00af 666C6F61 		.ascii	"float\000"
 592      7400
 593              	.LASF21:
 594 00b5 76616C4D 		.ascii	"valMin3\000"
 594      696E3300 
 595              	.LASF1:
 596 00bd 756E7369 		.ascii	"unsigned char\000"
 596      676E6564 
 596      20636861 
 596      7200
 597              	.LASF24:
 598 00cb 6C656473 		.ascii	"ledsVal\000"
 598      56616C00 
 599              	.LASF5:
 600 00d3 6C6F6E67 		.ascii	"long unsigned int\000"
 600      20756E73 
 600      69676E65 
 600      6420696E 
 600      7400
 601              	.LASF3:
 602 00e5 73686F72 		.ascii	"short unsigned int\000"
 602      7420756E 
 602      7369676E 
 602      65642069 
 602      6E7400
 603              	.LASF23:
 604 00f8 49544D5F 		.ascii	"ITM_RxBuffer\000"
 604      52784275 
 604      66666572 
 604      00
 605              	.LASF27:
 606 0105 433A5C55 		.ascii	"C:\\Users\\HPz420\\Documents\\GitHub\\Retro-Compute"
 606      73657273 
 606      5C48507A 
 606      3432305C 
 606      446F6375 
 607 0133 72735C5A 		.ascii	"rs\\Z80\\PSOC\\PSOC_Design_Files\\FrontPanelI2CIO8\\"
 607      38305C50 
 607      534F435C 
 607      50534F43 
 607      5F446573 
 608 0162 55534246 		.ascii	"USBFS_UART01.cydsn\000"
 608      535F5541 
 608      52543031 
 608      2E637964 
 608      736E00
 609              	.LASF14:
 610 0175 646F7562 		.ascii	"double\000"
 610      6C6500
 611              	.LASF12:
 612 017c 75696E74 		.ascii	"uint32\000"
 612      333200
 613              	.LASF8:
 614 0183 756E7369 		.ascii	"unsigned int\000"
 614      676E6564 
 614      20696E74 
ARM GAS  C:\Users\HPz420\AppData\Local\Temp\ccBglQGA.s 			page 14


 614      00
 615              	.LASF7:
 616 0190 6C6F6E67 		.ascii	"long long unsigned int\000"
 616      206C6F6E 
 616      6720756E 
 616      7369676E 
 616      65642069 
 617              	.LASF18:
 618 01a7 72645661 		.ascii	"rdVal\000"
 618      6C00
 619              	.LASF10:
 620 01ad 696E7433 		.ascii	"int32_t\000"
 620      325F7400 
 621              	.LASF17:
 622 01b5 73697A65 		.ascii	"sizetype\000"
 622      74797065 
 622      00
 623              	.LASF19:
 624 01be 76616C4D 		.ascii	"valMin1\000"
 624      696E3100 
 625              	.LASF20:
 626 01c6 76616C4D 		.ascii	"valMin2\000"
 626      696E3200 
 627              	.LASF6:
 628 01ce 6C6F6E67 		.ascii	"long long int\000"
 628      206C6F6E 
 628      6720696E 
 628      7400
 629              	.LASF26:
 630 01dc 46726F6E 		.ascii	"FrontPanelI2C.c\000"
 630      7450616E 
 630      656C4932 
 630      432E6300 
 631              	.LASF15:
 632 01ec 63686172 		.ascii	"char\000"
 632      00
 633              	.LASF2:
 634 01f1 73686F72 		.ascii	"short int\000"
 634      7420696E 
 634      7400
 635              	.LASF11:
 636 01fb 75696E74 		.ascii	"uint8\000"
 636      3800
 637              	.LASF4:
 638 0201 6C6F6E67 		.ascii	"long int\000"
 638      20696E74 
 638      00
 639              	.LASF16:
 640 020a 6C6F6E67 		.ascii	"long double\000"
 640      20646F75 
 640      626C6500 
 641              	.LASF0:
 642 0216 7369676E 		.ascii	"signed char\000"
 642      65642063 
 642      68617200 
 643              	.LASF28:
 644 0222 696E6974 		.ascii	"initFrontPanelI2CIO8\000"
ARM GAS  C:\Users\HPz420\AppData\Local\Temp\ccBglQGA.s 			page 15


 644      46726F6E 
 644      7450616E 
 644      656C4932 
 644      43494F38 
 645              		.ident	"GCC: (GNU Tools for ARM Embedded Processors) 5.4.1 20160609 (release) [ARM/embedded-5-bran
