ARM GAS  C:\Users\HPz420\AppData\Local\Temp\ccdVjY8i.s 			page 1


   1              		.syntax unified
   2              		.cpu cortex-m3
   3              		.fpu softvfp
   4              		.eabi_attribute 20, 1
   5              		.eabi_attribute 21, 1
   6              		.eabi_attribute 23, 3
   7              		.eabi_attribute 24, 1
   8              		.eabi_attribute 25, 1
   9              		.eabi_attribute 26, 1
  10              		.eabi_attribute 30, 6
  11              		.eabi_attribute 34, 1
  12              		.eabi_attribute 18, 4
  13              		.thumb
  14              		.syntax unified
  15              		.file	"I2C.c"
  16              		.text
  17              	.Ltext0:
  18              		.cfi_sections	.debug_frame
  19              		.global	I2C_initVar
  20              		.bss
  21              		.type	I2C_initVar, %object
  22              		.size	I2C_initVar, 1
  23              	I2C_initVar:
  24 0000 00       		.space	1
  25              		.comm	I2C_state,1,1
  26              		.section	.text.I2C_Init,"ax",%progbits
  27              		.align	2
  28              		.global	I2C_Init
  29              		.thumb
  30              		.thumb_func
  31              		.type	I2C_Init, %function
  32              	I2C_Init:
  33              	.LFB0:
  34              		.file 1 "Generated_Source\\PSoC5\\I2C.c"
   1:Generated_Source\PSoC5/I2C.c **** /*******************************************************************************
   2:Generated_Source\PSoC5/I2C.c **** * File Name: I2C.c
   3:Generated_Source\PSoC5/I2C.c **** * Version 3.50
   4:Generated_Source\PSoC5/I2C.c **** *
   5:Generated_Source\PSoC5/I2C.c **** * Description:
   6:Generated_Source\PSoC5/I2C.c **** *  This file provides the source code of APIs for the I2C component.
   7:Generated_Source\PSoC5/I2C.c **** *  The actual protocol and operation code resides in the interrupt service
   8:Generated_Source\PSoC5/I2C.c **** *  routine file.
   9:Generated_Source\PSoC5/I2C.c **** *
  10:Generated_Source\PSoC5/I2C.c **** *******************************************************************************
  11:Generated_Source\PSoC5/I2C.c **** * Copyright 2008-2015, Cypress Semiconductor Corporation. All rights reserved.
  12:Generated_Source\PSoC5/I2C.c **** * You may use this file only in accordance with the license, terms, conditions,
  13:Generated_Source\PSoC5/I2C.c **** * disclaimers, and limitations in the end user license agreement accompanying
  14:Generated_Source\PSoC5/I2C.c **** * the software package with which this file was provided.
  15:Generated_Source\PSoC5/I2C.c **** *******************************************************************************/
  16:Generated_Source\PSoC5/I2C.c **** 
  17:Generated_Source\PSoC5/I2C.c **** #include "I2C_PVT.h"
  18:Generated_Source\PSoC5/I2C.c **** 
  19:Generated_Source\PSoC5/I2C.c **** 
  20:Generated_Source\PSoC5/I2C.c **** /**********************************
  21:Generated_Source\PSoC5/I2C.c **** *      System variables
  22:Generated_Source\PSoC5/I2C.c **** **********************************/
  23:Generated_Source\PSoC5/I2C.c **** 
ARM GAS  C:\Users\HPz420\AppData\Local\Temp\ccdVjY8i.s 			page 2


  24:Generated_Source\PSoC5/I2C.c **** uint8 I2C_initVar = 0u; /* Defines if component was initialized */
  25:Generated_Source\PSoC5/I2C.c **** 
  26:Generated_Source\PSoC5/I2C.c **** volatile uint8 I2C_state;  /* Current state of I2C FSM */
  27:Generated_Source\PSoC5/I2C.c **** 
  28:Generated_Source\PSoC5/I2C.c **** 
  29:Generated_Source\PSoC5/I2C.c **** /*******************************************************************************
  30:Generated_Source\PSoC5/I2C.c **** * Function Name: I2C_Init
  31:Generated_Source\PSoC5/I2C.c **** ********************************************************************************
  32:Generated_Source\PSoC5/I2C.c **** *
  33:Generated_Source\PSoC5/I2C.c **** * Summary:
  34:Generated_Source\PSoC5/I2C.c **** *  Initializes I2C registers with initial values provided from customizer.
  35:Generated_Source\PSoC5/I2C.c **** *
  36:Generated_Source\PSoC5/I2C.c **** * Parameters:
  37:Generated_Source\PSoC5/I2C.c **** *  None.
  38:Generated_Source\PSoC5/I2C.c **** *
  39:Generated_Source\PSoC5/I2C.c **** * Return:
  40:Generated_Source\PSoC5/I2C.c **** *  None.
  41:Generated_Source\PSoC5/I2C.c **** *
  42:Generated_Source\PSoC5/I2C.c **** * Global variables:
  43:Generated_Source\PSoC5/I2C.c **** *  None.
  44:Generated_Source\PSoC5/I2C.c **** *
  45:Generated_Source\PSoC5/I2C.c **** * Reentrant:
  46:Generated_Source\PSoC5/I2C.c **** *  No.
  47:Generated_Source\PSoC5/I2C.c **** *
  48:Generated_Source\PSoC5/I2C.c **** *******************************************************************************/
  49:Generated_Source\PSoC5/I2C.c **** void I2C_Init(void) 
  50:Generated_Source\PSoC5/I2C.c **** {
  35              		.loc 1 50 0
  36              		.cfi_startproc
  37              		@ args = 0, pretend = 0, frame = 0
  38              		@ frame_needed = 1, uses_anonymous_args = 0
  39 0000 80B5     		push	{r7, lr}
  40              		.cfi_def_cfa_offset 8
  41              		.cfi_offset 7, -8
  42              		.cfi_offset 14, -4
  43 0002 00AF     		add	r7, sp, #0
  44              		.cfi_def_cfa_register 7
  51:Generated_Source\PSoC5/I2C.c **** #if (I2C_FF_IMPLEMENTED)
  52:Generated_Source\PSoC5/I2C.c ****     /* Configure fixed function block */
  53:Generated_Source\PSoC5/I2C.c ****     I2C_CFG_REG  = I2C_DEFAULT_CFG;
  45              		.loc 1 53 0
  46 0004 144B     		ldr	r3, .L2
  47 0006 0222     		movs	r2, #2
  48 0008 1A70     		strb	r2, [r3]
  54:Generated_Source\PSoC5/I2C.c ****     I2C_XCFG_REG = I2C_DEFAULT_XCFG;
  49              		.loc 1 54 0
  50 000a 144B     		ldr	r3, .L2+4
  51 000c 8122     		movs	r2, #129
  52 000e 1A70     		strb	r2, [r3]
  55:Generated_Source\PSoC5/I2C.c ****     I2C_ADDR_REG = I2C_DEFAULT_ADDR;
  53              		.loc 1 55 0
  54 0010 134B     		ldr	r3, .L2+8
  55 0012 0822     		movs	r2, #8
  56 0014 1A70     		strb	r2, [r3]
  56:Generated_Source\PSoC5/I2C.c ****     I2C_CLKDIV1_REG = LO8(I2C_DEFAULT_DIVIDE_FACTOR);
  57              		.loc 1 56 0
  58 0016 134B     		ldr	r3, .L2+12
ARM GAS  C:\Users\HPz420\AppData\Local\Temp\ccdVjY8i.s 			page 3


  59 0018 0A22     		movs	r2, #10
  60 001a 1A70     		strb	r2, [r3]
  57:Generated_Source\PSoC5/I2C.c ****     I2C_CLKDIV2_REG = HI8(I2C_DEFAULT_DIVIDE_FACTOR);
  61              		.loc 1 57 0
  62 001c 124B     		ldr	r3, .L2+16
  63 001e 0022     		movs	r2, #0
  64 0020 1A70     		strb	r2, [r3]
  58:Generated_Source\PSoC5/I2C.c **** 
  59:Generated_Source\PSoC5/I2C.c **** #else
  60:Generated_Source\PSoC5/I2C.c ****     uint8 intState;
  61:Generated_Source\PSoC5/I2C.c **** 
  62:Generated_Source\PSoC5/I2C.c ****     /* Configure control and interrupt sources */
  63:Generated_Source\PSoC5/I2C.c ****     I2C_CFG_REG      = I2C_DEFAULT_CFG;
  64:Generated_Source\PSoC5/I2C.c ****     I2C_INT_MASK_REG = I2C_DEFAULT_INT_MASK;
  65:Generated_Source\PSoC5/I2C.c **** 
  66:Generated_Source\PSoC5/I2C.c ****     /* Enable interrupt generation in status */
  67:Generated_Source\PSoC5/I2C.c ****     intState = CyEnterCriticalSection();
  68:Generated_Source\PSoC5/I2C.c ****     I2C_INT_ENABLE_REG |= I2C_INTR_ENABLE;
  69:Generated_Source\PSoC5/I2C.c ****     CyExitCriticalSection(intState);
  70:Generated_Source\PSoC5/I2C.c **** 
  71:Generated_Source\PSoC5/I2C.c ****     /* Configure bit counter */
  72:Generated_Source\PSoC5/I2C.c ****     #if (I2C_MODE_SLAVE_ENABLED)
  73:Generated_Source\PSoC5/I2C.c ****         I2C_PERIOD_REG = I2C_DEFAULT_PERIOD;
  74:Generated_Source\PSoC5/I2C.c ****     #endif  /* (I2C_MODE_SLAVE_ENABLED) */
  75:Generated_Source\PSoC5/I2C.c **** 
  76:Generated_Source\PSoC5/I2C.c ****     /* Configure clock generator */
  77:Generated_Source\PSoC5/I2C.c ****     #if (I2C_MODE_MASTER_ENABLED)
  78:Generated_Source\PSoC5/I2C.c ****         I2C_MCLK_PRD_REG = I2C_DEFAULT_MCLK_PRD;
  79:Generated_Source\PSoC5/I2C.c ****         I2C_MCLK_CMP_REG = I2C_DEFAULT_MCLK_CMP;
  80:Generated_Source\PSoC5/I2C.c ****     #endif /* (I2C_MODE_MASTER_ENABLED) */
  81:Generated_Source\PSoC5/I2C.c **** #endif /* (I2C_FF_IMPLEMENTED) */
  82:Generated_Source\PSoC5/I2C.c **** 
  83:Generated_Source\PSoC5/I2C.c **** #if (I2C_TIMEOUT_ENABLED)
  84:Generated_Source\PSoC5/I2C.c ****     I2C_TimeoutInit();
  85:Generated_Source\PSoC5/I2C.c **** #endif /* (I2C_TIMEOUT_ENABLED) */
  86:Generated_Source\PSoC5/I2C.c **** 
  87:Generated_Source\PSoC5/I2C.c ****     /* Configure internal interrupt */
  88:Generated_Source\PSoC5/I2C.c ****     CyIntDisable    (I2C_ISR_NUMBER);
  65              		.loc 1 88 0
  66 0022 124B     		ldr	r3, .L2+20
  67 0024 4FF40042 		mov	r2, #32768
  68 0028 1A60     		str	r2, [r3]
  89:Generated_Source\PSoC5/I2C.c ****     CyIntSetPriority(I2C_ISR_NUMBER, I2C_ISR_PRIORITY);
  69              		.loc 1 89 0
  70 002a 0721     		movs	r1, #7
  71 002c 0F20     		movs	r0, #15
  72 002e FFF7FEFF 		bl	CyIntSetPriority
  90:Generated_Source\PSoC5/I2C.c ****     #if (I2C_INTERN_I2C_INTR_HANDLER)
  91:Generated_Source\PSoC5/I2C.c ****         (void) CyIntSetVector(I2C_ISR_NUMBER, &I2C_ISR);
  73              		.loc 1 91 0
  74 0032 0F49     		ldr	r1, .L2+24
  75 0034 0F20     		movs	r0, #15
  76 0036 FFF7FEFF 		bl	CyIntSetVector
  92:Generated_Source\PSoC5/I2C.c ****     #endif /* (I2C_INTERN_I2C_INTR_HANDLER) */
  93:Generated_Source\PSoC5/I2C.c **** 
  94:Generated_Source\PSoC5/I2C.c ****     /* Set FSM to default state */
  95:Generated_Source\PSoC5/I2C.c ****     I2C_state = I2C_SM_IDLE;
ARM GAS  C:\Users\HPz420\AppData\Local\Temp\ccdVjY8i.s 			page 4


  77              		.loc 1 95 0
  78 003a 0E4B     		ldr	r3, .L2+28
  79 003c 1022     		movs	r2, #16
  80 003e 1A70     		strb	r2, [r3]
  96:Generated_Source\PSoC5/I2C.c **** 
  97:Generated_Source\PSoC5/I2C.c **** #if (I2C_MODE_SLAVE_ENABLED)
  98:Generated_Source\PSoC5/I2C.c ****     /* Clear status and buffers index */
  99:Generated_Source\PSoC5/I2C.c ****     I2C_slStatus = 0u;
 100:Generated_Source\PSoC5/I2C.c ****     I2C_slRdBufIndex = 0u;
 101:Generated_Source\PSoC5/I2C.c ****     I2C_slWrBufIndex = 0u;
 102:Generated_Source\PSoC5/I2C.c **** 
 103:Generated_Source\PSoC5/I2C.c ****     /* Configure matched address */
 104:Generated_Source\PSoC5/I2C.c ****     I2C_SlaveSetAddress(I2C_DEFAULT_ADDR);
 105:Generated_Source\PSoC5/I2C.c **** #endif /* (I2C_MODE_SLAVE_ENABLED) */
 106:Generated_Source\PSoC5/I2C.c **** 
 107:Generated_Source\PSoC5/I2C.c **** #if (I2C_MODE_MASTER_ENABLED)
 108:Generated_Source\PSoC5/I2C.c ****     /* Clear status and buffers index */
 109:Generated_Source\PSoC5/I2C.c ****     I2C_mstrStatus = 0u;
  81              		.loc 1 109 0
  82 0040 0D4B     		ldr	r3, .L2+32
  83 0042 0022     		movs	r2, #0
  84 0044 1A70     		strb	r2, [r3]
 110:Generated_Source\PSoC5/I2C.c ****     I2C_mstrRdBufIndex = 0u;
  85              		.loc 1 110 0
  86 0046 0D4B     		ldr	r3, .L2+36
  87 0048 0022     		movs	r2, #0
  88 004a 1A70     		strb	r2, [r3]
 111:Generated_Source\PSoC5/I2C.c ****     I2C_mstrWrBufIndex = 0u;
  89              		.loc 1 111 0
  90 004c 0C4B     		ldr	r3, .L2+40
  91 004e 0022     		movs	r2, #0
  92 0050 1A70     		strb	r2, [r3]
 112:Generated_Source\PSoC5/I2C.c **** #endif /* (I2C_MODE_MASTER_ENABLED) */
 113:Generated_Source\PSoC5/I2C.c **** }
  93              		.loc 1 113 0
  94 0052 00BF     		nop
  95 0054 80BD     		pop	{r7, pc}
  96              	.L3:
  97 0056 00BF     		.align	2
  98              	.L2:
  99 0058 D6490040 		.word	1073760726
 100 005c C8490040 		.word	1073760712
 101 0060 CA490040 		.word	1073760714
 102 0064 DB490040 		.word	1073760731
 103 0068 DC490040 		.word	1073760732
 104 006c 80E100E0 		.word	-536813184
 105 0070 00000000 		.word	I2C_ISR
 106 0074 00000000 		.word	I2C_state
 107 0078 00000000 		.word	I2C_mstrStatus
 108 007c 00000000 		.word	I2C_mstrRdBufIndex
 109 0080 00000000 		.word	I2C_mstrWrBufIndex
 110              		.cfi_endproc
 111              	.LFE0:
 112              		.size	I2C_Init, .-I2C_Init
 113              		.section	.text.I2C_Enable,"ax",%progbits
 114              		.align	2
 115              		.global	I2C_Enable
ARM GAS  C:\Users\HPz420\AppData\Local\Temp\ccdVjY8i.s 			page 5


 116              		.thumb
 117              		.thumb_func
 118              		.type	I2C_Enable, %function
 119              	I2C_Enable:
 120              	.LFB1:
 114:Generated_Source\PSoC5/I2C.c **** 
 115:Generated_Source\PSoC5/I2C.c **** 
 116:Generated_Source\PSoC5/I2C.c **** /*******************************************************************************
 117:Generated_Source\PSoC5/I2C.c **** * Function Name: I2C_Enable
 118:Generated_Source\PSoC5/I2C.c **** ********************************************************************************
 119:Generated_Source\PSoC5/I2C.c **** *
 120:Generated_Source\PSoC5/I2C.c **** * Summary:
 121:Generated_Source\PSoC5/I2C.c **** *  Enables I2C operations.
 122:Generated_Source\PSoC5/I2C.c **** *
 123:Generated_Source\PSoC5/I2C.c **** * Parameters:
 124:Generated_Source\PSoC5/I2C.c **** *  None.
 125:Generated_Source\PSoC5/I2C.c **** *
 126:Generated_Source\PSoC5/I2C.c **** * Return:
 127:Generated_Source\PSoC5/I2C.c **** *  None.
 128:Generated_Source\PSoC5/I2C.c **** *
 129:Generated_Source\PSoC5/I2C.c **** * Global variables:
 130:Generated_Source\PSoC5/I2C.c **** *  None.
 131:Generated_Source\PSoC5/I2C.c **** *
 132:Generated_Source\PSoC5/I2C.c **** *******************************************************************************/
 133:Generated_Source\PSoC5/I2C.c **** void I2C_Enable(void) 
 134:Generated_Source\PSoC5/I2C.c **** {
 121              		.loc 1 134 0
 122              		.cfi_startproc
 123              		@ args = 0, pretend = 0, frame = 8
 124              		@ frame_needed = 1, uses_anonymous_args = 0
 125 0000 80B5     		push	{r7, lr}
 126              		.cfi_def_cfa_offset 8
 127              		.cfi_offset 7, -8
 128              		.cfi_offset 14, -4
 129 0002 82B0     		sub	sp, sp, #8
 130              		.cfi_def_cfa_offset 16
 131 0004 00AF     		add	r7, sp, #0
 132              		.cfi_def_cfa_register 7
 135:Generated_Source\PSoC5/I2C.c **** #if (I2C_FF_IMPLEMENTED)
 136:Generated_Source\PSoC5/I2C.c ****     uint8 intState;
 137:Generated_Source\PSoC5/I2C.c **** 
 138:Generated_Source\PSoC5/I2C.c ****     /* Enable power to block */
 139:Generated_Source\PSoC5/I2C.c ****     intState = CyEnterCriticalSection();
 133              		.loc 1 139 0
 134 0006 FFF7FEFF 		bl	CyEnterCriticalSection
 135 000a 0346     		mov	r3, r0
 136 000c FB71     		strb	r3, [r7, #7]
 140:Generated_Source\PSoC5/I2C.c ****     I2C_ACT_PWRMGR_REG  |= I2C_ACT_PWR_EN;
 137              		.loc 1 140 0
 138 000e 0C4A     		ldr	r2, .L5
 139 0010 0B4B     		ldr	r3, .L5
 140 0012 1B78     		ldrb	r3, [r3]
 141 0014 DBB2     		uxtb	r3, r3
 142 0016 43F00403 		orr	r3, r3, #4
 143 001a DBB2     		uxtb	r3, r3
 144 001c 1370     		strb	r3, [r2]
 141:Generated_Source\PSoC5/I2C.c ****     I2C_STBY_PWRMGR_REG |= I2C_STBY_PWR_EN;
ARM GAS  C:\Users\HPz420\AppData\Local\Temp\ccdVjY8i.s 			page 6


 145              		.loc 1 141 0
 146 001e 094A     		ldr	r2, .L5+4
 147 0020 084B     		ldr	r3, .L5+4
 148 0022 1B78     		ldrb	r3, [r3]
 149 0024 DBB2     		uxtb	r3, r3
 150 0026 43F00403 		orr	r3, r3, #4
 151 002a DBB2     		uxtb	r3, r3
 152 002c 1370     		strb	r3, [r2]
 142:Generated_Source\PSoC5/I2C.c ****     CyExitCriticalSection(intState);
 153              		.loc 1 142 0
 154 002e FB79     		ldrb	r3, [r7, #7]	@ zero_extendqisi2
 155 0030 1846     		mov	r0, r3
 156 0032 FFF7FEFF 		bl	CyExitCriticalSection
 143:Generated_Source\PSoC5/I2C.c **** #else
 144:Generated_Source\PSoC5/I2C.c ****     #if (I2C_MODE_SLAVE_ENABLED)
 145:Generated_Source\PSoC5/I2C.c ****         /* Enable bit counter */
 146:Generated_Source\PSoC5/I2C.c ****         uint8 intState = CyEnterCriticalSection();
 147:Generated_Source\PSoC5/I2C.c ****         I2C_COUNTER_AUX_CTL_REG |= I2C_CNT7_ENABLE;
 148:Generated_Source\PSoC5/I2C.c ****         CyExitCriticalSection(intState);
 149:Generated_Source\PSoC5/I2C.c ****     #endif /* (I2C_MODE_SLAVE_ENABLED) */
 150:Generated_Source\PSoC5/I2C.c **** 
 151:Generated_Source\PSoC5/I2C.c ****     /* Enable slave or master bits */
 152:Generated_Source\PSoC5/I2C.c ****     I2C_CFG_REG |= I2C_ENABLE_MS;
 153:Generated_Source\PSoC5/I2C.c **** #endif /* (I2C_FF_IMPLEMENTED) */
 154:Generated_Source\PSoC5/I2C.c **** 
 155:Generated_Source\PSoC5/I2C.c **** #if (I2C_TIMEOUT_ENABLED)
 156:Generated_Source\PSoC5/I2C.c ****     I2C_TimeoutEnable();
 157:Generated_Source\PSoC5/I2C.c **** #endif /* (I2C_TIMEOUT_ENABLED) */
 158:Generated_Source\PSoC5/I2C.c **** }
 157              		.loc 1 158 0
 158 0036 00BF     		nop
 159 0038 0837     		adds	r7, r7, #8
 160              		.cfi_def_cfa_offset 8
 161 003a BD46     		mov	sp, r7
 162              		.cfi_def_cfa_register 13
 163              		@ sp needed
 164 003c 80BD     		pop	{r7, pc}
 165              	.L6:
 166 003e 00BF     		.align	2
 167              	.L5:
 168 0040 A5430040 		.word	1073759141
 169 0044 B5430040 		.word	1073759157
 170              		.cfi_endproc
 171              	.LFE1:
 172              		.size	I2C_Enable, .-I2C_Enable
 173              		.section	.text.I2C_Start,"ax",%progbits
 174              		.align	2
 175              		.global	I2C_Start
 176              		.thumb
 177              		.thumb_func
 178              		.type	I2C_Start, %function
 179              	I2C_Start:
 180              	.LFB2:
 159:Generated_Source\PSoC5/I2C.c **** 
 160:Generated_Source\PSoC5/I2C.c **** 
 161:Generated_Source\PSoC5/I2C.c **** /*******************************************************************************
 162:Generated_Source\PSoC5/I2C.c **** * Function Name: I2C_Start
ARM GAS  C:\Users\HPz420\AppData\Local\Temp\ccdVjY8i.s 			page 7


 163:Generated_Source\PSoC5/I2C.c **** ********************************************************************************
 164:Generated_Source\PSoC5/I2C.c **** *
 165:Generated_Source\PSoC5/I2C.c **** * Summary:
 166:Generated_Source\PSoC5/I2C.c **** *  Starts the I2C hardware. Enables Active mode power template bits or clock
 167:Generated_Source\PSoC5/I2C.c **** *  gating as appropriate. It is required to be executed before I2C bus
 168:Generated_Source\PSoC5/I2C.c **** *  operation.
 169:Generated_Source\PSoC5/I2C.c **** *
 170:Generated_Source\PSoC5/I2C.c **** * Parameters:
 171:Generated_Source\PSoC5/I2C.c **** *  None.
 172:Generated_Source\PSoC5/I2C.c **** *
 173:Generated_Source\PSoC5/I2C.c **** * Return:
 174:Generated_Source\PSoC5/I2C.c **** *  None.
 175:Generated_Source\PSoC5/I2C.c **** *
 176:Generated_Source\PSoC5/I2C.c **** * Side Effects:
 177:Generated_Source\PSoC5/I2C.c **** *  This component automatically enables its interrupt.  If I2C is enabled !
 178:Generated_Source\PSoC5/I2C.c **** *  without the interrupt enabled, it can lock up the I2C bus.
 179:Generated_Source\PSoC5/I2C.c **** *
 180:Generated_Source\PSoC5/I2C.c **** * Global variables:
 181:Generated_Source\PSoC5/I2C.c **** *  I2C_initVar - This variable is used to check the initial
 182:Generated_Source\PSoC5/I2C.c **** *                             configuration, modified on the first
 183:Generated_Source\PSoC5/I2C.c **** *                             function call.
 184:Generated_Source\PSoC5/I2C.c **** *
 185:Generated_Source\PSoC5/I2C.c **** * Reentrant:
 186:Generated_Source\PSoC5/I2C.c **** *  No.
 187:Generated_Source\PSoC5/I2C.c **** *
 188:Generated_Source\PSoC5/I2C.c **** *******************************************************************************/
 189:Generated_Source\PSoC5/I2C.c **** void I2C_Start(void) 
 190:Generated_Source\PSoC5/I2C.c **** {
 181              		.loc 1 190 0
 182              		.cfi_startproc
 183              		@ args = 0, pretend = 0, frame = 0
 184              		@ frame_needed = 1, uses_anonymous_args = 0
 185 0000 80B5     		push	{r7, lr}
 186              		.cfi_def_cfa_offset 8
 187              		.cfi_offset 7, -8
 188              		.cfi_offset 14, -4
 189 0002 00AF     		add	r7, sp, #0
 190              		.cfi_def_cfa_register 7
 191:Generated_Source\PSoC5/I2C.c ****     if (0u == I2C_initVar)
 191              		.loc 1 191 0
 192 0004 084B     		ldr	r3, .L9
 193 0006 1B78     		ldrb	r3, [r3]	@ zero_extendqisi2
 194 0008 002B     		cmp	r3, #0
 195 000a 04D1     		bne	.L8
 192:Generated_Source\PSoC5/I2C.c ****     {
 193:Generated_Source\PSoC5/I2C.c ****         I2C_Init();
 196              		.loc 1 193 0
 197 000c FFF7FEFF 		bl	I2C_Init
 194:Generated_Source\PSoC5/I2C.c ****         I2C_initVar = 1u; /* Component initialized */
 198              		.loc 1 194 0
 199 0010 054B     		ldr	r3, .L9
 200 0012 0122     		movs	r2, #1
 201 0014 1A70     		strb	r2, [r3]
 202              	.L8:
 195:Generated_Source\PSoC5/I2C.c ****     }
 196:Generated_Source\PSoC5/I2C.c **** 
 197:Generated_Source\PSoC5/I2C.c ****     I2C_Enable();
ARM GAS  C:\Users\HPz420\AppData\Local\Temp\ccdVjY8i.s 			page 8


 203              		.loc 1 197 0
 204 0016 FFF7FEFF 		bl	I2C_Enable
 198:Generated_Source\PSoC5/I2C.c ****     I2C_EnableInt();
 205              		.loc 1 198 0
 206 001a 044B     		ldr	r3, .L9+4
 207 001c 4FF40042 		mov	r2, #32768
 208 0020 1A60     		str	r2, [r3]
 199:Generated_Source\PSoC5/I2C.c **** }
 209              		.loc 1 199 0
 210 0022 00BF     		nop
 211 0024 80BD     		pop	{r7, pc}
 212              	.L10:
 213 0026 00BF     		.align	2
 214              	.L9:
 215 0028 00000000 		.word	I2C_initVar
 216 002c 00E100E0 		.word	-536813312
 217              		.cfi_endproc
 218              	.LFE2:
 219              		.size	I2C_Start, .-I2C_Start
 220              		.section	.text.I2C_Stop,"ax",%progbits
 221              		.align	2
 222              		.global	I2C_Stop
 223              		.thumb
 224              		.thumb_func
 225              		.type	I2C_Stop, %function
 226              	I2C_Stop:
 227              	.LFB3:
 200:Generated_Source\PSoC5/I2C.c **** 
 201:Generated_Source\PSoC5/I2C.c **** 
 202:Generated_Source\PSoC5/I2C.c **** /*******************************************************************************
 203:Generated_Source\PSoC5/I2C.c **** * Function Name: I2C_Stop
 204:Generated_Source\PSoC5/I2C.c **** ********************************************************************************
 205:Generated_Source\PSoC5/I2C.c **** *
 206:Generated_Source\PSoC5/I2C.c **** * Summary:
 207:Generated_Source\PSoC5/I2C.c **** *  Disables I2C hardware and disables I2C interrupt. Disables Active mode power
 208:Generated_Source\PSoC5/I2C.c **** *  template bits or clock gating as appropriate.
 209:Generated_Source\PSoC5/I2C.c **** *
 210:Generated_Source\PSoC5/I2C.c **** * Parameters:
 211:Generated_Source\PSoC5/I2C.c **** *  None.
 212:Generated_Source\PSoC5/I2C.c **** *
 213:Generated_Source\PSoC5/I2C.c **** * Return:
 214:Generated_Source\PSoC5/I2C.c **** *  None.
 215:Generated_Source\PSoC5/I2C.c **** *
 216:Generated_Source\PSoC5/I2C.c **** *******************************************************************************/
 217:Generated_Source\PSoC5/I2C.c **** void I2C_Stop(void) 
 218:Generated_Source\PSoC5/I2C.c **** {
 228              		.loc 1 218 0
 229              		.cfi_startproc
 230              		@ args = 0, pretend = 0, frame = 8
 231              		@ frame_needed = 1, uses_anonymous_args = 0
 232 0000 80B5     		push	{r7, lr}
 233              		.cfi_def_cfa_offset 8
 234              		.cfi_offset 7, -8
 235              		.cfi_offset 14, -4
 236 0002 82B0     		sub	sp, sp, #8
 237              		.cfi_def_cfa_offset 16
 238 0004 00AF     		add	r7, sp, #0
ARM GAS  C:\Users\HPz420\AppData\Local\Temp\ccdVjY8i.s 			page 9


 239              		.cfi_def_cfa_register 7
 219:Generated_Source\PSoC5/I2C.c ****     I2C_DisableInt();
 240              		.loc 1 219 0
 241 0006 384B     		ldr	r3, .L12
 242 0008 4FF40042 		mov	r2, #32768
 243 000c 1A60     		str	r2, [r3]
 244              	.LBB2:
 220:Generated_Source\PSoC5/I2C.c **** 
 221:Generated_Source\PSoC5/I2C.c **** #if (I2C_TIMEOUT_ENABLED)
 222:Generated_Source\PSoC5/I2C.c ****     I2C_TimeoutStop();
 223:Generated_Source\PSoC5/I2C.c **** #endif  /* End (I2C_TIMEOUT_ENABLED) */
 224:Generated_Source\PSoC5/I2C.c **** 
 225:Generated_Source\PSoC5/I2C.c **** #if (I2C_FF_IMPLEMENTED)
 226:Generated_Source\PSoC5/I2C.c ****     {
 227:Generated_Source\PSoC5/I2C.c ****         uint8 intState;
 228:Generated_Source\PSoC5/I2C.c ****         uint16 blockResetCycles;
 229:Generated_Source\PSoC5/I2C.c **** 
 230:Generated_Source\PSoC5/I2C.c ****         /* Store registers effected by block disable */
 231:Generated_Source\PSoC5/I2C.c ****         I2C_backup.addr    = I2C_ADDR_REG;
 245              		.loc 1 231 0
 246 000e 374B     		ldr	r3, .L12+4
 247 0010 1B78     		ldrb	r3, [r3]
 248 0012 DAB2     		uxtb	r2, r3
 249 0014 364B     		ldr	r3, .L12+8
 250 0016 DA70     		strb	r2, [r3, #3]
 232:Generated_Source\PSoC5/I2C.c ****         I2C_backup.clkDiv1 = I2C_CLKDIV1_REG;
 251              		.loc 1 232 0
 252 0018 364B     		ldr	r3, .L12+12
 253 001a 1B78     		ldrb	r3, [r3]
 254 001c DAB2     		uxtb	r2, r3
 255 001e 344B     		ldr	r3, .L12+8
 256 0020 1A71     		strb	r2, [r3, #4]
 233:Generated_Source\PSoC5/I2C.c ****         I2C_backup.clkDiv2 = I2C_CLKDIV2_REG;
 257              		.loc 1 233 0
 258 0022 354B     		ldr	r3, .L12+16
 259 0024 1B78     		ldrb	r3, [r3]
 260 0026 DAB2     		uxtb	r2, r3
 261 0028 314B     		ldr	r3, .L12+8
 262 002a 5A71     		strb	r2, [r3, #5]
 234:Generated_Source\PSoC5/I2C.c **** 
 235:Generated_Source\PSoC5/I2C.c ****         /* Calculate number of cycles to reset block */
 236:Generated_Source\PSoC5/I2C.c ****         blockResetCycles = ((uint16) ((uint16) I2C_CLKDIV2_REG << 8u) | I2C_CLKDIV1_REG) + 1u;
 263              		.loc 1 236 0
 264 002c 324B     		ldr	r3, .L12+16
 265 002e 1B78     		ldrb	r3, [r3]
 266 0030 DBB2     		uxtb	r3, r3
 267 0032 9BB2     		uxth	r3, r3
 268 0034 1B02     		lsls	r3, r3, #8
 269 0036 9AB2     		uxth	r2, r3
 270 0038 2E4B     		ldr	r3, .L12+12
 271 003a 1B78     		ldrb	r3, [r3]
 272 003c DBB2     		uxtb	r3, r3
 273 003e 9BB2     		uxth	r3, r3
 274 0040 1343     		orrs	r3, r3, r2
 275 0042 9BB2     		uxth	r3, r3
 276 0044 0133     		adds	r3, r3, #1
 277 0046 FB80     		strh	r3, [r7, #6]	@ movhi
ARM GAS  C:\Users\HPz420\AppData\Local\Temp\ccdVjY8i.s 			page 10


 237:Generated_Source\PSoC5/I2C.c **** 
 238:Generated_Source\PSoC5/I2C.c ****         /* Disable block */
 239:Generated_Source\PSoC5/I2C.c ****         I2C_CFG_REG &= (uint8) ~I2C_CFG_EN_SLAVE;
 278              		.loc 1 239 0
 279 0048 2C4A     		ldr	r2, .L12+20
 280 004a 2C4B     		ldr	r3, .L12+20
 281 004c 1B78     		ldrb	r3, [r3]
 282 004e DBB2     		uxtb	r3, r3
 283 0050 23F00103 		bic	r3, r3, #1
 284 0054 DBB2     		uxtb	r3, r3
 285 0056 1370     		strb	r3, [r2]
 240:Generated_Source\PSoC5/I2C.c ****         /* Wait for block reset before disable power */
 241:Generated_Source\PSoC5/I2C.c ****         CyDelayCycles((uint32) blockResetCycles);
 286              		.loc 1 241 0
 287 0058 FB88     		ldrh	r3, [r7, #6]
 288 005a 1846     		mov	r0, r3
 289 005c FFF7FEFF 		bl	CyDelayCycles
 242:Generated_Source\PSoC5/I2C.c **** 
 243:Generated_Source\PSoC5/I2C.c ****         /* Disable power to block */
 244:Generated_Source\PSoC5/I2C.c ****         intState = CyEnterCriticalSection();
 290              		.loc 1 244 0
 291 0060 FFF7FEFF 		bl	CyEnterCriticalSection
 292 0064 0346     		mov	r3, r0
 293 0066 7B71     		strb	r3, [r7, #5]
 245:Generated_Source\PSoC5/I2C.c ****         I2C_ACT_PWRMGR_REG  &= (uint8) ~I2C_ACT_PWR_EN;
 294              		.loc 1 245 0
 295 0068 254A     		ldr	r2, .L12+24
 296 006a 254B     		ldr	r3, .L12+24
 297 006c 1B78     		ldrb	r3, [r3]
 298 006e DBB2     		uxtb	r3, r3
 299 0070 23F00403 		bic	r3, r3, #4
 300 0074 DBB2     		uxtb	r3, r3
 301 0076 1370     		strb	r3, [r2]
 246:Generated_Source\PSoC5/I2C.c ****         I2C_STBY_PWRMGR_REG &= (uint8) ~I2C_STBY_PWR_EN;
 302              		.loc 1 246 0
 303 0078 224A     		ldr	r2, .L12+28
 304 007a 224B     		ldr	r3, .L12+28
 305 007c 1B78     		ldrb	r3, [r3]
 306 007e DBB2     		uxtb	r3, r3
 307 0080 23F00403 		bic	r3, r3, #4
 308 0084 DBB2     		uxtb	r3, r3
 309 0086 1370     		strb	r3, [r2]
 247:Generated_Source\PSoC5/I2C.c ****         CyExitCriticalSection(intState);
 310              		.loc 1 247 0
 311 0088 7B79     		ldrb	r3, [r7, #5]	@ zero_extendqisi2
 312 008a 1846     		mov	r0, r3
 313 008c FFF7FEFF 		bl	CyExitCriticalSection
 248:Generated_Source\PSoC5/I2C.c **** 
 249:Generated_Source\PSoC5/I2C.c ****         /* Enable block */
 250:Generated_Source\PSoC5/I2C.c ****         I2C_CFG_REG |= (uint8) I2C_ENABLE_MS;
 314              		.loc 1 250 0
 315 0090 1A4A     		ldr	r2, .L12+20
 316 0092 1A4B     		ldr	r3, .L12+20
 317 0094 1B78     		ldrb	r3, [r3]
 318 0096 DBB2     		uxtb	r3, r3
 319 0098 43F00203 		orr	r3, r3, #2
 320 009c DBB2     		uxtb	r3, r3
ARM GAS  C:\Users\HPz420\AppData\Local\Temp\ccdVjY8i.s 			page 11


 321 009e 1370     		strb	r3, [r2]
 251:Generated_Source\PSoC5/I2C.c **** 
 252:Generated_Source\PSoC5/I2C.c ****         /* Restore registers effected by block disable. Ticket ID#198004 */
 253:Generated_Source\PSoC5/I2C.c ****         I2C_ADDR_REG    = I2C_backup.addr;
 322              		.loc 1 253 0
 323 00a0 124B     		ldr	r3, .L12+4
 324 00a2 134A     		ldr	r2, .L12+8
 325 00a4 D278     		ldrb	r2, [r2, #3]	@ zero_extendqisi2
 326 00a6 1A70     		strb	r2, [r3]
 254:Generated_Source\PSoC5/I2C.c ****         I2C_ADDR_REG    = I2C_backup.addr;
 327              		.loc 1 254 0
 328 00a8 104B     		ldr	r3, .L12+4
 329 00aa 114A     		ldr	r2, .L12+8
 330 00ac D278     		ldrb	r2, [r2, #3]	@ zero_extendqisi2
 331 00ae 1A70     		strb	r2, [r3]
 255:Generated_Source\PSoC5/I2C.c ****         I2C_CLKDIV1_REG = I2C_backup.clkDiv1;
 332              		.loc 1 255 0
 333 00b0 104B     		ldr	r3, .L12+12
 334 00b2 0F4A     		ldr	r2, .L12+8
 335 00b4 1279     		ldrb	r2, [r2, #4]	@ zero_extendqisi2
 336 00b6 1A70     		strb	r2, [r3]
 256:Generated_Source\PSoC5/I2C.c ****         I2C_CLKDIV2_REG = I2C_backup.clkDiv2;
 337              		.loc 1 256 0
 338 00b8 0F4B     		ldr	r3, .L12+16
 339 00ba 0D4A     		ldr	r2, .L12+8
 340 00bc 5279     		ldrb	r2, [r2, #5]	@ zero_extendqisi2
 341 00be 1A70     		strb	r2, [r3]
 342              	.LBE2:
 257:Generated_Source\PSoC5/I2C.c ****     }
 258:Generated_Source\PSoC5/I2C.c **** #else
 259:Generated_Source\PSoC5/I2C.c **** 
 260:Generated_Source\PSoC5/I2C.c ****     /* Disable slave or master bits */
 261:Generated_Source\PSoC5/I2C.c ****     I2C_CFG_REG &= (uint8) ~I2C_ENABLE_MS;
 262:Generated_Source\PSoC5/I2C.c **** 
 263:Generated_Source\PSoC5/I2C.c **** #if (I2C_MODE_SLAVE_ENABLED)
 264:Generated_Source\PSoC5/I2C.c ****     {
 265:Generated_Source\PSoC5/I2C.c ****         /* Disable bit counter */
 266:Generated_Source\PSoC5/I2C.c ****         uint8 intState = CyEnterCriticalSection();
 267:Generated_Source\PSoC5/I2C.c ****         I2C_COUNTER_AUX_CTL_REG &= (uint8) ~I2C_CNT7_ENABLE;
 268:Generated_Source\PSoC5/I2C.c ****         CyExitCriticalSection(intState);
 269:Generated_Source\PSoC5/I2C.c ****     }
 270:Generated_Source\PSoC5/I2C.c **** #endif /* (I2C_MODE_SLAVE_ENABLED) */
 271:Generated_Source\PSoC5/I2C.c **** 
 272:Generated_Source\PSoC5/I2C.c ****     /* Clear interrupt source register */
 273:Generated_Source\PSoC5/I2C.c ****     (void) I2C_CSR_REG;
 274:Generated_Source\PSoC5/I2C.c **** #endif /* (I2C_FF_IMPLEMENTED) */
 275:Generated_Source\PSoC5/I2C.c **** 
 276:Generated_Source\PSoC5/I2C.c ****     /* Disable interrupt on stop (enabled by write transaction) */
 277:Generated_Source\PSoC5/I2C.c ****     I2C_DISABLE_INT_ON_STOP;
 343              		.loc 1 277 0
 344 00c0 0E4A     		ldr	r2, .L12+20
 345 00c2 0E4B     		ldr	r3, .L12+20
 346 00c4 1B78     		ldrb	r3, [r3]
 347 00c6 DBB2     		uxtb	r3, r3
 348 00c8 23F01003 		bic	r3, r3, #16
 349 00cc DBB2     		uxtb	r3, r3
 350 00ce 1370     		strb	r3, [r2]
ARM GAS  C:\Users\HPz420\AppData\Local\Temp\ccdVjY8i.s 			page 12


 278:Generated_Source\PSoC5/I2C.c ****     I2C_ClearPendingInt();
 351              		.loc 1 278 0
 352 00d0 0D4B     		ldr	r3, .L12+32
 353 00d2 4FF40042 		mov	r2, #32768
 354 00d6 1A60     		str	r2, [r3]
 279:Generated_Source\PSoC5/I2C.c **** 
 280:Generated_Source\PSoC5/I2C.c ****     /* Reset FSM to default state */
 281:Generated_Source\PSoC5/I2C.c ****     I2C_state = I2C_SM_IDLE;
 355              		.loc 1 281 0
 356 00d8 0C4B     		ldr	r3, .L12+36
 357 00da 1022     		movs	r2, #16
 358 00dc 1A70     		strb	r2, [r3]
 282:Generated_Source\PSoC5/I2C.c **** 
 283:Generated_Source\PSoC5/I2C.c ****     /* Clear busy statuses */
 284:Generated_Source\PSoC5/I2C.c **** #if (I2C_MODE_SLAVE_ENABLED)
 285:Generated_Source\PSoC5/I2C.c ****     I2C_slStatus &= (uint8) ~(I2C_SSTAT_RD_BUSY | I2C_SSTAT_WR_BUSY);
 286:Generated_Source\PSoC5/I2C.c **** #endif /* (I2C_MODE_SLAVE_ENABLED) */
 287:Generated_Source\PSoC5/I2C.c **** }
 359              		.loc 1 287 0
 360 00de 00BF     		nop
 361 00e0 0837     		adds	r7, r7, #8
 362              		.cfi_def_cfa_offset 8
 363 00e2 BD46     		mov	sp, r7
 364              		.cfi_def_cfa_register 13
 365              		@ sp needed
 366 00e4 80BD     		pop	{r7, pc}
 367              	.L13:
 368 00e6 00BF     		.align	2
 369              	.L12:
 370 00e8 80E100E0 		.word	-536813184
 371 00ec CA490040 		.word	1073760714
 372 00f0 00000000 		.word	I2C_backup
 373 00f4 DB490040 		.word	1073760731
 374 00f8 DC490040 		.word	1073760732
 375 00fc D6490040 		.word	1073760726
 376 0100 A5430040 		.word	1073759141
 377 0104 B5430040 		.word	1073759157
 378 0108 80E200E0 		.word	-536812928
 379 010c 00000000 		.word	I2C_state
 380              		.cfi_endproc
 381              	.LFE3:
 382              		.size	I2C_Stop, .-I2C_Stop
 383              		.text
 384              	.Letext0:
 385              		.file 2 "Generated_Source\\PSoC5\\cytypes.h"
 386              		.file 3 "Generated_Source\\PSoC5\\I2C.h"
 387              		.file 4 "Generated_Source\\PSoC5\\I2C_PVT.h"
 388              		.section	.debug_info,"",%progbits
 389              	.Ldebug_info0:
 390 0000 FD010000 		.4byte	0x1fd
 391 0004 0400     		.2byte	0x4
 392 0006 00000000 		.4byte	.Ldebug_abbrev0
 393 000a 04       		.byte	0x4
 394 000b 01       		.uleb128 0x1
 395 000c 11000000 		.4byte	.LASF37
 396 0010 0C       		.byte	0xc
 397 0011 8B020000 		.4byte	.LASF38
ARM GAS  C:\Users\HPz420\AppData\Local\Temp\ccdVjY8i.s 			page 13


 398 0015 27010000 		.4byte	.LASF39
 399 0019 00000000 		.4byte	.Ldebug_ranges0+0
 400 001d 00000000 		.4byte	0
 401 0021 00000000 		.4byte	.Ldebug_line0
 402 0025 02       		.uleb128 0x2
 403 0026 01       		.byte	0x1
 404 0027 06       		.byte	0x6
 405 0028 E6000000 		.4byte	.LASF0
 406 002c 02       		.uleb128 0x2
 407 002d 01       		.byte	0x1
 408 002e 08       		.byte	0x8
 409 002f F2000000 		.4byte	.LASF1
 410 0033 02       		.uleb128 0x2
 411 0034 02       		.byte	0x2
 412 0035 05       		.byte	0x5
 413 0036 2E020000 		.4byte	.LASF2
 414 003a 02       		.uleb128 0x2
 415 003b 02       		.byte	0x2
 416 003c 07       		.byte	0x7
 417 003d 9F000000 		.4byte	.LASF3
 418 0041 02       		.uleb128 0x2
 419 0042 04       		.byte	0x4
 420 0043 05       		.byte	0x5
 421 0044 4D020000 		.4byte	.LASF4
 422 0048 02       		.uleb128 0x2
 423 0049 04       		.byte	0x4
 424 004a 07       		.byte	0x7
 425 004b 05010000 		.4byte	.LASF5
 426 004f 02       		.uleb128 0x2
 427 0050 08       		.byte	0x8
 428 0051 05       		.byte	0x5
 429 0052 04020000 		.4byte	.LASF6
 430 0056 02       		.uleb128 0x2
 431 0057 08       		.byte	0x8
 432 0058 07       		.byte	0x7
 433 0059 CB010000 		.4byte	.LASF7
 434 005d 03       		.uleb128 0x3
 435 005e 04       		.byte	0x4
 436 005f 05       		.byte	0x5
 437 0060 696E7400 		.ascii	"int\000"
 438 0064 02       		.uleb128 0x2
 439 0065 04       		.byte	0x4
 440 0066 07       		.byte	0x7
 441 0067 BE010000 		.4byte	.LASF8
 442 006b 04       		.uleb128 0x4
 443 006c 38020000 		.4byte	.LASF9
 444 0070 02       		.byte	0x2
 445 0071 E401     		.2byte	0x1e4
 446 0073 2C000000 		.4byte	0x2c
 447 0077 04       		.uleb128 0x4
 448 0078 9E010000 		.4byte	.LASF10
 449 007c 02       		.byte	0x2
 450 007d E501     		.2byte	0x1e5
 451 007f 3A000000 		.4byte	0x3a
 452 0083 04       		.uleb128 0x4
 453 0084 AE010000 		.4byte	.LASF11
 454 0088 02       		.byte	0x2
ARM GAS  C:\Users\HPz420\AppData\Local\Temp\ccdVjY8i.s 			page 14


 455 0089 E601     		.2byte	0x1e6
 456 008b 48000000 		.4byte	0x48
 457 008f 02       		.uleb128 0x2
 458 0090 04       		.byte	0x4
 459 0091 04       		.byte	0x4
 460 0092 E0000000 		.4byte	.LASF12
 461 0096 02       		.uleb128 0x2
 462 0097 08       		.byte	0x8
 463 0098 04       		.byte	0x4
 464 0099 97010000 		.4byte	.LASF13
 465 009d 02       		.uleb128 0x2
 466 009e 01       		.byte	0x1
 467 009f 08       		.byte	0x8
 468 00a0 12020000 		.4byte	.LASF14
 469 00a4 04       		.uleb128 0x4
 470 00a5 00010000 		.4byte	.LASF15
 471 00a9 02       		.byte	0x2
 472 00aa 8E02     		.2byte	0x28e
 473 00ac B0000000 		.4byte	0xb0
 474 00b0 05       		.uleb128 0x5
 475 00b1 6B000000 		.4byte	0x6b
 476 00b5 04       		.uleb128 0x4
 477 00b6 0B000000 		.4byte	.LASF16
 478 00ba 02       		.byte	0x2
 479 00bb 9002     		.2byte	0x290
 480 00bd C1000000 		.4byte	0xc1
 481 00c1 05       		.uleb128 0x5
 482 00c2 83000000 		.4byte	0x83
 483 00c6 02       		.uleb128 0x2
 484 00c7 08       		.byte	0x8
 485 00c8 04       		.byte	0x4
 486 00c9 62020000 		.4byte	.LASF17
 487 00cd 02       		.uleb128 0x2
 488 00ce 04       		.byte	0x4
 489 00cf 07       		.byte	0x7
 490 00d0 FB010000 		.4byte	.LASF18
 491 00d4 06       		.uleb128 0x6
 492 00d5 06       		.byte	0x6
 493 00d6 03       		.byte	0x3
 494 00d7 76       		.byte	0x76
 495 00d8 25010000 		.4byte	0x125
 496 00dc 07       		.uleb128 0x7
 497 00dd 56020000 		.4byte	.LASF19
 498 00e1 03       		.byte	0x3
 499 00e2 78       		.byte	0x78
 500 00e3 6B000000 		.4byte	0x6b
 501 00e7 00       		.byte	0
 502 00e8 07       		.uleb128 0x7
 503 00e9 17020000 		.4byte	.LASF20
 504 00ed 03       		.byte	0x3
 505 00ee 7B       		.byte	0x7b
 506 00ef 6B000000 		.4byte	0x6b
 507 00f3 01       		.byte	0x1
 508 00f4 08       		.uleb128 0x8
 509 00f5 63666700 		.ascii	"cfg\000"
 510 00f9 03       		.byte	0x3
 511 00fa 7C       		.byte	0x7c
ARM GAS  C:\Users\HPz420\AppData\Local\Temp\ccdVjY8i.s 			page 15


 512 00fb 6B000000 		.4byte	0x6b
 513 00ff 02       		.byte	0x2
 514 0100 07       		.uleb128 0x7
 515 0101 17010000 		.4byte	.LASF21
 516 0105 03       		.byte	0x3
 517 0106 7D       		.byte	0x7d
 518 0107 6B000000 		.4byte	0x6b
 519 010b 03       		.byte	0x3
 520 010c 07       		.uleb128 0x7
 521 010d E2010000 		.4byte	.LASF22
 522 0111 03       		.byte	0x3
 523 0112 7E       		.byte	0x7e
 524 0113 6B000000 		.4byte	0x6b
 525 0117 04       		.byte	0x4
 526 0118 07       		.uleb128 0x7
 527 0119 EA010000 		.4byte	.LASF23
 528 011d 03       		.byte	0x3
 529 011e 7F       		.byte	0x7f
 530 011f 6B000000 		.4byte	0x6b
 531 0123 05       		.byte	0x5
 532 0124 00       		.byte	0
 533 0125 09       		.uleb128 0x9
 534 0126 1C020000 		.4byte	.LASF24
 535 012a 03       		.byte	0x3
 536 012b 89       		.byte	0x89
 537 012c D4000000 		.4byte	0xd4
 538 0130 0A       		.uleb128 0xa
 539 0131 F2010000 		.4byte	.LASF25
 540 0135 01       		.byte	0x1
 541 0136 31       		.byte	0x31
 542 0137 00000000 		.4byte	.LFB0
 543 013b 84000000 		.4byte	.LFE0-.LFB0
 544 013f 01       		.uleb128 0x1
 545 0140 9C       		.byte	0x9c
 546 0141 0B       		.uleb128 0xb
 547 0142 1C010000 		.4byte	.LASF27
 548 0146 01       		.byte	0x1
 549 0147 85       		.byte	0x85
 550 0148 00000000 		.4byte	.LFB1
 551 014c 48000000 		.4byte	.LFE1-.LFB1
 552 0150 01       		.uleb128 0x1
 553 0151 9C       		.byte	0x9c
 554 0152 65010000 		.4byte	0x165
 555 0156 0C       		.uleb128 0xc
 556 0157 B5010000 		.4byte	.LASF29
 557 015b 01       		.byte	0x1
 558 015c 88       		.byte	0x88
 559 015d 6B000000 		.4byte	0x6b
 560 0161 02       		.uleb128 0x2
 561 0162 91       		.byte	0x91
 562 0163 77       		.sleb128 -9
 563 0164 00       		.byte	0
 564 0165 0A       		.uleb128 0xa
 565 0166 C3000000 		.4byte	.LASF26
 566 016a 01       		.byte	0x1
 567 016b BD       		.byte	0xbd
 568 016c 00000000 		.4byte	.LFB2
ARM GAS  C:\Users\HPz420\AppData\Local\Temp\ccdVjY8i.s 			page 16


 569 0170 30000000 		.4byte	.LFE2-.LFB2
 570 0174 01       		.uleb128 0x1
 571 0175 9C       		.byte	0x9c
 572 0176 0B       		.uleb128 0xb
 573 0177 A5010000 		.4byte	.LASF28
 574 017b 01       		.byte	0x1
 575 017c D9       		.byte	0xd9
 576 017d 00000000 		.4byte	.LFB3
 577 0181 10010000 		.4byte	.LFE3-.LFB3
 578 0185 01       		.uleb128 0x1
 579 0186 9C       		.byte	0x9c
 580 0187 B2010000 		.4byte	0x1b2
 581 018b 0D       		.uleb128 0xd
 582 018c 0E000000 		.4byte	.LBB2
 583 0190 B2000000 		.4byte	.LBE2-.LBB2
 584 0194 0C       		.uleb128 0xc
 585 0195 B5010000 		.4byte	.LASF29
 586 0199 01       		.byte	0x1
 587 019a E3       		.byte	0xe3
 588 019b 6B000000 		.4byte	0x6b
 589 019f 02       		.uleb128 0x2
 590 01a0 91       		.byte	0x91
 591 01a1 75       		.sleb128 -11
 592 01a2 0C       		.uleb128 0xc
 593 01a3 B2000000 		.4byte	.LASF30
 594 01a7 01       		.byte	0x1
 595 01a8 E4       		.byte	0xe4
 596 01a9 77000000 		.4byte	0x77
 597 01ad 02       		.uleb128 0x2
 598 01ae 91       		.byte	0x91
 599 01af 76       		.sleb128 -10
 600 01b0 00       		.byte	0
 601 01b1 00       		.byte	0
 602 01b2 0E       		.uleb128 0xe
 603 01b3 A8020000 		.4byte	.LASF31
 604 01b7 01       		.byte	0x1
 605 01b8 18       		.byte	0x18
 606 01b9 6B000000 		.4byte	0x6b
 607 01bd 05       		.uleb128 0x5
 608 01be 03       		.byte	0x3
 609 01bf 00000000 		.4byte	I2C_initVar
 610 01c3 0F       		.uleb128 0xf
 611 01c4 00000000 		.4byte	.LASF32
 612 01c8 04       		.byte	0x4
 613 01c9 21       		.byte	0x21
 614 01ca 25010000 		.4byte	0x125
 615 01ce 0E       		.uleb128 0xe
 616 01cf 6E020000 		.4byte	.LASF33
 617 01d3 01       		.byte	0x1
 618 01d4 1A       		.byte	0x1a
 619 01d5 B0000000 		.4byte	0xb0
 620 01d9 05       		.uleb128 0x5
 621 01da 03       		.byte	0x3
 622 01db 00000000 		.4byte	I2C_state
 623 01df 0F       		.uleb128 0xf
 624 01e0 3E020000 		.4byte	.LASF34
 625 01e4 04       		.byte	0x4
ARM GAS  C:\Users\HPz420\AppData\Local\Temp\ccdVjY8i.s 			page 17


 626 01e5 27       		.byte	0x27
 627 01e6 B0000000 		.4byte	0xb0
 628 01ea 0F       		.uleb128 0xf
 629 01eb CD000000 		.4byte	.LASF35
 630 01ef 04       		.byte	0x4
 631 01f0 2D       		.byte	0x2d
 632 01f1 B0000000 		.4byte	0xb0
 633 01f5 0F       		.uleb128 0xf
 634 01f6 78020000 		.4byte	.LASF36
 635 01fa 04       		.byte	0x4
 636 01fb 32       		.byte	0x32
 637 01fc B0000000 		.4byte	0xb0
 638 0200 00       		.byte	0
 639              		.section	.debug_abbrev,"",%progbits
 640              	.Ldebug_abbrev0:
 641 0000 01       		.uleb128 0x1
 642 0001 11       		.uleb128 0x11
 643 0002 01       		.byte	0x1
 644 0003 25       		.uleb128 0x25
 645 0004 0E       		.uleb128 0xe
 646 0005 13       		.uleb128 0x13
 647 0006 0B       		.uleb128 0xb
 648 0007 03       		.uleb128 0x3
 649 0008 0E       		.uleb128 0xe
 650 0009 1B       		.uleb128 0x1b
 651 000a 0E       		.uleb128 0xe
 652 000b 55       		.uleb128 0x55
 653 000c 17       		.uleb128 0x17
 654 000d 11       		.uleb128 0x11
 655 000e 01       		.uleb128 0x1
 656 000f 10       		.uleb128 0x10
 657 0010 17       		.uleb128 0x17
 658 0011 00       		.byte	0
 659 0012 00       		.byte	0
 660 0013 02       		.uleb128 0x2
 661 0014 24       		.uleb128 0x24
 662 0015 00       		.byte	0
 663 0016 0B       		.uleb128 0xb
 664 0017 0B       		.uleb128 0xb
 665 0018 3E       		.uleb128 0x3e
 666 0019 0B       		.uleb128 0xb
 667 001a 03       		.uleb128 0x3
 668 001b 0E       		.uleb128 0xe
 669 001c 00       		.byte	0
 670 001d 00       		.byte	0
 671 001e 03       		.uleb128 0x3
 672 001f 24       		.uleb128 0x24
 673 0020 00       		.byte	0
 674 0021 0B       		.uleb128 0xb
 675 0022 0B       		.uleb128 0xb
 676 0023 3E       		.uleb128 0x3e
 677 0024 0B       		.uleb128 0xb
 678 0025 03       		.uleb128 0x3
 679 0026 08       		.uleb128 0x8
 680 0027 00       		.byte	0
 681 0028 00       		.byte	0
 682 0029 04       		.uleb128 0x4
ARM GAS  C:\Users\HPz420\AppData\Local\Temp\ccdVjY8i.s 			page 18


 683 002a 16       		.uleb128 0x16
 684 002b 00       		.byte	0
 685 002c 03       		.uleb128 0x3
 686 002d 0E       		.uleb128 0xe
 687 002e 3A       		.uleb128 0x3a
 688 002f 0B       		.uleb128 0xb
 689 0030 3B       		.uleb128 0x3b
 690 0031 05       		.uleb128 0x5
 691 0032 49       		.uleb128 0x49
 692 0033 13       		.uleb128 0x13
 693 0034 00       		.byte	0
 694 0035 00       		.byte	0
 695 0036 05       		.uleb128 0x5
 696 0037 35       		.uleb128 0x35
 697 0038 00       		.byte	0
 698 0039 49       		.uleb128 0x49
 699 003a 13       		.uleb128 0x13
 700 003b 00       		.byte	0
 701 003c 00       		.byte	0
 702 003d 06       		.uleb128 0x6
 703 003e 13       		.uleb128 0x13
 704 003f 01       		.byte	0x1
 705 0040 0B       		.uleb128 0xb
 706 0041 0B       		.uleb128 0xb
 707 0042 3A       		.uleb128 0x3a
 708 0043 0B       		.uleb128 0xb
 709 0044 3B       		.uleb128 0x3b
 710 0045 0B       		.uleb128 0xb
 711 0046 01       		.uleb128 0x1
 712 0047 13       		.uleb128 0x13
 713 0048 00       		.byte	0
 714 0049 00       		.byte	0
 715 004a 07       		.uleb128 0x7
 716 004b 0D       		.uleb128 0xd
 717 004c 00       		.byte	0
 718 004d 03       		.uleb128 0x3
 719 004e 0E       		.uleb128 0xe
 720 004f 3A       		.uleb128 0x3a
 721 0050 0B       		.uleb128 0xb
 722 0051 3B       		.uleb128 0x3b
 723 0052 0B       		.uleb128 0xb
 724 0053 49       		.uleb128 0x49
 725 0054 13       		.uleb128 0x13
 726 0055 38       		.uleb128 0x38
 727 0056 0B       		.uleb128 0xb
 728 0057 00       		.byte	0
 729 0058 00       		.byte	0
 730 0059 08       		.uleb128 0x8
 731 005a 0D       		.uleb128 0xd
 732 005b 00       		.byte	0
 733 005c 03       		.uleb128 0x3
 734 005d 08       		.uleb128 0x8
 735 005e 3A       		.uleb128 0x3a
 736 005f 0B       		.uleb128 0xb
 737 0060 3B       		.uleb128 0x3b
 738 0061 0B       		.uleb128 0xb
 739 0062 49       		.uleb128 0x49
ARM GAS  C:\Users\HPz420\AppData\Local\Temp\ccdVjY8i.s 			page 19


 740 0063 13       		.uleb128 0x13
 741 0064 38       		.uleb128 0x38
 742 0065 0B       		.uleb128 0xb
 743 0066 00       		.byte	0
 744 0067 00       		.byte	0
 745 0068 09       		.uleb128 0x9
 746 0069 16       		.uleb128 0x16
 747 006a 00       		.byte	0
 748 006b 03       		.uleb128 0x3
 749 006c 0E       		.uleb128 0xe
 750 006d 3A       		.uleb128 0x3a
 751 006e 0B       		.uleb128 0xb
 752 006f 3B       		.uleb128 0x3b
 753 0070 0B       		.uleb128 0xb
 754 0071 49       		.uleb128 0x49
 755 0072 13       		.uleb128 0x13
 756 0073 00       		.byte	0
 757 0074 00       		.byte	0
 758 0075 0A       		.uleb128 0xa
 759 0076 2E       		.uleb128 0x2e
 760 0077 00       		.byte	0
 761 0078 3F       		.uleb128 0x3f
 762 0079 19       		.uleb128 0x19
 763 007a 03       		.uleb128 0x3
 764 007b 0E       		.uleb128 0xe
 765 007c 3A       		.uleb128 0x3a
 766 007d 0B       		.uleb128 0xb
 767 007e 3B       		.uleb128 0x3b
 768 007f 0B       		.uleb128 0xb
 769 0080 27       		.uleb128 0x27
 770 0081 19       		.uleb128 0x19
 771 0082 11       		.uleb128 0x11
 772 0083 01       		.uleb128 0x1
 773 0084 12       		.uleb128 0x12
 774 0085 06       		.uleb128 0x6
 775 0086 40       		.uleb128 0x40
 776 0087 18       		.uleb128 0x18
 777 0088 9642     		.uleb128 0x2116
 778 008a 19       		.uleb128 0x19
 779 008b 00       		.byte	0
 780 008c 00       		.byte	0
 781 008d 0B       		.uleb128 0xb
 782 008e 2E       		.uleb128 0x2e
 783 008f 01       		.byte	0x1
 784 0090 3F       		.uleb128 0x3f
 785 0091 19       		.uleb128 0x19
 786 0092 03       		.uleb128 0x3
 787 0093 0E       		.uleb128 0xe
 788 0094 3A       		.uleb128 0x3a
 789 0095 0B       		.uleb128 0xb
 790 0096 3B       		.uleb128 0x3b
 791 0097 0B       		.uleb128 0xb
 792 0098 27       		.uleb128 0x27
 793 0099 19       		.uleb128 0x19
 794 009a 11       		.uleb128 0x11
 795 009b 01       		.uleb128 0x1
 796 009c 12       		.uleb128 0x12
ARM GAS  C:\Users\HPz420\AppData\Local\Temp\ccdVjY8i.s 			page 20


 797 009d 06       		.uleb128 0x6
 798 009e 40       		.uleb128 0x40
 799 009f 18       		.uleb128 0x18
 800 00a0 9642     		.uleb128 0x2116
 801 00a2 19       		.uleb128 0x19
 802 00a3 01       		.uleb128 0x1
 803 00a4 13       		.uleb128 0x13
 804 00a5 00       		.byte	0
 805 00a6 00       		.byte	0
 806 00a7 0C       		.uleb128 0xc
 807 00a8 34       		.uleb128 0x34
 808 00a9 00       		.byte	0
 809 00aa 03       		.uleb128 0x3
 810 00ab 0E       		.uleb128 0xe
 811 00ac 3A       		.uleb128 0x3a
 812 00ad 0B       		.uleb128 0xb
 813 00ae 3B       		.uleb128 0x3b
 814 00af 0B       		.uleb128 0xb
 815 00b0 49       		.uleb128 0x49
 816 00b1 13       		.uleb128 0x13
 817 00b2 02       		.uleb128 0x2
 818 00b3 18       		.uleb128 0x18
 819 00b4 00       		.byte	0
 820 00b5 00       		.byte	0
 821 00b6 0D       		.uleb128 0xd
 822 00b7 0B       		.uleb128 0xb
 823 00b8 01       		.byte	0x1
 824 00b9 11       		.uleb128 0x11
 825 00ba 01       		.uleb128 0x1
 826 00bb 12       		.uleb128 0x12
 827 00bc 06       		.uleb128 0x6
 828 00bd 00       		.byte	0
 829 00be 00       		.byte	0
 830 00bf 0E       		.uleb128 0xe
 831 00c0 34       		.uleb128 0x34
 832 00c1 00       		.byte	0
 833 00c2 03       		.uleb128 0x3
 834 00c3 0E       		.uleb128 0xe
 835 00c4 3A       		.uleb128 0x3a
 836 00c5 0B       		.uleb128 0xb
 837 00c6 3B       		.uleb128 0x3b
 838 00c7 0B       		.uleb128 0xb
 839 00c8 49       		.uleb128 0x49
 840 00c9 13       		.uleb128 0x13
 841 00ca 3F       		.uleb128 0x3f
 842 00cb 19       		.uleb128 0x19
 843 00cc 02       		.uleb128 0x2
 844 00cd 18       		.uleb128 0x18
 845 00ce 00       		.byte	0
 846 00cf 00       		.byte	0
 847 00d0 0F       		.uleb128 0xf
 848 00d1 34       		.uleb128 0x34
 849 00d2 00       		.byte	0
 850 00d3 03       		.uleb128 0x3
 851 00d4 0E       		.uleb128 0xe
 852 00d5 3A       		.uleb128 0x3a
 853 00d6 0B       		.uleb128 0xb
ARM GAS  C:\Users\HPz420\AppData\Local\Temp\ccdVjY8i.s 			page 21


 854 00d7 3B       		.uleb128 0x3b
 855 00d8 0B       		.uleb128 0xb
 856 00d9 49       		.uleb128 0x49
 857 00da 13       		.uleb128 0x13
 858 00db 3F       		.uleb128 0x3f
 859 00dc 19       		.uleb128 0x19
 860 00dd 3C       		.uleb128 0x3c
 861 00de 19       		.uleb128 0x19
 862 00df 00       		.byte	0
 863 00e0 00       		.byte	0
 864 00e1 00       		.byte	0
 865              		.section	.debug_aranges,"",%progbits
 866 0000 34000000 		.4byte	0x34
 867 0004 0200     		.2byte	0x2
 868 0006 00000000 		.4byte	.Ldebug_info0
 869 000a 04       		.byte	0x4
 870 000b 00       		.byte	0
 871 000c 0000     		.2byte	0
 872 000e 0000     		.2byte	0
 873 0010 00000000 		.4byte	.LFB0
 874 0014 84000000 		.4byte	.LFE0-.LFB0
 875 0018 00000000 		.4byte	.LFB1
 876 001c 48000000 		.4byte	.LFE1-.LFB1
 877 0020 00000000 		.4byte	.LFB2
 878 0024 30000000 		.4byte	.LFE2-.LFB2
 879 0028 00000000 		.4byte	.LFB3
 880 002c 10010000 		.4byte	.LFE3-.LFB3
 881 0030 00000000 		.4byte	0
 882 0034 00000000 		.4byte	0
 883              		.section	.debug_ranges,"",%progbits
 884              	.Ldebug_ranges0:
 885 0000 00000000 		.4byte	.LFB0
 886 0004 84000000 		.4byte	.LFE0
 887 0008 00000000 		.4byte	.LFB1
 888 000c 48000000 		.4byte	.LFE1
 889 0010 00000000 		.4byte	.LFB2
 890 0014 30000000 		.4byte	.LFE2
 891 0018 00000000 		.4byte	.LFB3
 892 001c 10010000 		.4byte	.LFE3
 893 0020 00000000 		.4byte	0
 894 0024 00000000 		.4byte	0
 895              		.section	.debug_line,"",%progbits
 896              	.Ldebug_line0:
 897 0000 D1000000 		.section	.debug_str,"MS",%progbits,1
 897      02005600 
 897      00000201 
 897      FB0E0D00 
 897      01010101 
 898              	.LASF32:
 899 0000 4932435F 		.ascii	"I2C_backup\000"
 899      6261636B 
 899      757000
 900              	.LASF16:
 901 000b 72656733 		.ascii	"reg32\000"
 901      3200
 902              	.LASF37:
 903 0011 474E5520 		.ascii	"GNU C11 5.4.1 20160609 (release) [ARM/embedded-5-br"
ARM GAS  C:\Users\HPz420\AppData\Local\Temp\ccdVjY8i.s 			page 22


 903      43313120 
 903      352E342E 
 903      31203230 
 903      31363036 
 904 0044 616E6368 		.ascii	"anch revision 237715] -mcpu=cortex-m3 -mthumb -g -O"
 904      20726576 
 904      6973696F 
 904      6E203233 
 904      37373135 
 905 0077 30202D66 		.ascii	"0 -ffunction-sections -ffat-lto-objects\000"
 905      66756E63 
 905      74696F6E 
 905      2D736563 
 905      74696F6E 
 906              	.LASF3:
 907 009f 73686F72 		.ascii	"short unsigned int\000"
 907      7420756E 
 907      7369676E 
 907      65642069 
 907      6E7400
 908              	.LASF30:
 909 00b2 626C6F63 		.ascii	"blockResetCycles\000"
 909      6B526573 
 909      65744379 
 909      636C6573 
 909      00
 910              	.LASF26:
 911 00c3 4932435F 		.ascii	"I2C_Start\000"
 911      53746172 
 911      7400
 912              	.LASF35:
 913 00cd 4932435F 		.ascii	"I2C_mstrRdBufIndex\000"
 913      6D737472 
 913      52644275 
 913      66496E64 
 913      657800
 914              	.LASF12:
 915 00e0 666C6F61 		.ascii	"float\000"
 915      7400
 916              	.LASF0:
 917 00e6 7369676E 		.ascii	"signed char\000"
 917      65642063 
 917      68617200 
 918              	.LASF1:
 919 00f2 756E7369 		.ascii	"unsigned char\000"
 919      676E6564 
 919      20636861 
 919      7200
 920              	.LASF15:
 921 0100 72656738 		.ascii	"reg8\000"
 921      00
 922              	.LASF5:
 923 0105 6C6F6E67 		.ascii	"long unsigned int\000"
 923      20756E73 
 923      69676E65 
 923      6420696E 
 923      7400
ARM GAS  C:\Users\HPz420\AppData\Local\Temp\ccdVjY8i.s 			page 23


 924              	.LASF21:
 925 0117 61646472 		.ascii	"addr\000"
 925      00
 926              	.LASF27:
 927 011c 4932435F 		.ascii	"I2C_Enable\000"
 927      456E6162 
 927      6C6500
 928              	.LASF39:
 929 0127 433A5C55 		.ascii	"C:\\Users\\HPz420\\Documents\\GitHub\\Retro-Compute"
 929      73657273 
 929      5C48507A 
 929      3432305C 
 929      446F6375 
 930 0155 72735C5A 		.ascii	"rs\\Z80\\PSOC\\PSOC_Design_Files\\FrontPanelI2CIO8\\"
 930      38305C50 
 930      534F435C 
 930      50534F43 
 930      5F446573 
 931 0184 55534246 		.ascii	"USBFS_UART01.cydsn\000"
 931      535F5541 
 931      52543031 
 931      2E637964 
 931      736E00
 932              	.LASF13:
 933 0197 646F7562 		.ascii	"double\000"
 933      6C6500
 934              	.LASF10:
 935 019e 75696E74 		.ascii	"uint16\000"
 935      313600
 936              	.LASF28:
 937 01a5 4932435F 		.ascii	"I2C_Stop\000"
 937      53746F70 
 937      00
 938              	.LASF11:
 939 01ae 75696E74 		.ascii	"uint32\000"
 939      333200
 940              	.LASF29:
 941 01b5 696E7453 		.ascii	"intState\000"
 941      74617465 
 941      00
 942              	.LASF8:
 943 01be 756E7369 		.ascii	"unsigned int\000"
 943      676E6564 
 943      20696E74 
 943      00
 944              	.LASF7:
 945 01cb 6C6F6E67 		.ascii	"long long unsigned int\000"
 945      206C6F6E 
 945      6720756E 
 945      7369676E 
 945      65642069 
 946              	.LASF22:
 947 01e2 636C6B44 		.ascii	"clkDiv1\000"
 947      69763100 
 948              	.LASF23:
 949 01ea 636C6B44 		.ascii	"clkDiv2\000"
 949      69763200 
ARM GAS  C:\Users\HPz420\AppData\Local\Temp\ccdVjY8i.s 			page 24


 950              	.LASF25:
 951 01f2 4932435F 		.ascii	"I2C_Init\000"
 951      496E6974 
 951      00
 952              	.LASF18:
 953 01fb 73697A65 		.ascii	"sizetype\000"
 953      74797065 
 953      00
 954              	.LASF6:
 955 0204 6C6F6E67 		.ascii	"long long int\000"
 955      206C6F6E 
 955      6720696E 
 955      7400
 956              	.LASF14:
 957 0212 63686172 		.ascii	"char\000"
 957      00
 958              	.LASF20:
 959 0217 78636667 		.ascii	"xcfg\000"
 959      00
 960              	.LASF24:
 961 021c 4932435F 		.ascii	"I2C_BACKUP_STRUCT\000"
 961      4241434B 
 961      55505F53 
 961      54525543 
 961      5400
 962              	.LASF2:
 963 022e 73686F72 		.ascii	"short int\000"
 963      7420696E 
 963      7400
 964              	.LASF9:
 965 0238 75696E74 		.ascii	"uint8\000"
 965      3800
 966              	.LASF34:
 967 023e 4932435F 		.ascii	"I2C_mstrStatus\000"
 967      6D737472 
 967      53746174 
 967      757300
 968              	.LASF4:
 969 024d 6C6F6E67 		.ascii	"long int\000"
 969      20696E74 
 969      00
 970              	.LASF19:
 971 0256 656E6162 		.ascii	"enableState\000"
 971      6C655374 
 971      61746500 
 972              	.LASF17:
 973 0262 6C6F6E67 		.ascii	"long double\000"
 973      20646F75 
 973      626C6500 
 974              	.LASF33:
 975 026e 4932435F 		.ascii	"I2C_state\000"
 975      73746174 
 975      6500
 976              	.LASF36:
 977 0278 4932435F 		.ascii	"I2C_mstrWrBufIndex\000"
 977      6D737472 
 977      57724275 
ARM GAS  C:\Users\HPz420\AppData\Local\Temp\ccdVjY8i.s 			page 25


 977      66496E64 
 977      657800
 978              	.LASF38:
 979 028b 47656E65 		.ascii	"Generated_Source\\PSoC5\\I2C.c\000"
 979      72617465 
 979      645F536F 
 979      75726365 
 979      5C50536F 
 980              	.LASF31:
 981 02a8 4932435F 		.ascii	"I2C_initVar\000"
 981      696E6974 
 981      56617200 
 982              		.ident	"GCC: (GNU Tools for ARM Embedded Processors) 5.4.1 20160609 (release) [ARM/embedded-5-bran
