ARM GAS  C:\Users\HPz420\AppData\Local\Temp\ccOvvUOW.s 			page 1


   1              		.syntax unified
   2              		.cpu cortex-m3
   3              		.fpu softvfp
   4              		.eabi_attribute 20, 1
   5              		.eabi_attribute 21, 1
   6              		.eabi_attribute 23, 3
   7              		.eabi_attribute 24, 1
   8              		.eabi_attribute 25, 1
   9              		.eabi_attribute 26, 1
  10              		.eabi_attribute 30, 6
  11              		.eabi_attribute 34, 1
  12              		.eabi_attribute 18, 4
  13              		.thumb
  14              		.syntax unified
  15              		.file	"main.c"
  16              		.text
  17              	.Ltext0:
  18              		.cfi_sections	.debug_frame
  19              		.syntax unified
  20              		.global _printf_float
  21              		.thumb
  22              		.syntax unified
  23              		.section	.text.main,"ax",%progbits
  24              		.align	2
  25              		.global	main
  26              		.thumb
  27              		.thumb_func
  28              		.type	main, %function
  29              	main:
  30              	.LFB64:
  31              		.file 1 "main.c"
   1:main.c        **** /*******************************************************************************
   2:main.c        **** * File Name: main.c
   3:main.c        **** *
   4:main.c        **** * Version: 2.0
   5:main.c        **** *
   6:main.c        **** * Description:
   7:main.c        **** *   The component is enumerated as a Virtual Com port. Receives data from the 
   8:main.c        **** *   hyper terminal, then sends back the received data.
   9:main.c        **** *   For PSoC3/PSoC5LP, the LCD shows the line settings.
  10:main.c        **** *
  11:main.c        **** * Related Document:
  12:main.c        **** *  Universal Serial Bus Specification Revision 2.0
  13:main.c        **** *  Universal Serial Bus Class Definitions for Communications Devices
  14:main.c        **** *  Revision 1.2
  15:main.c        **** *
  16:main.c        **** ********************************************************************************
  17:main.c        **** * Copyright 2015, Cypress Semiconductor Corporation. All rights reserved.
  18:main.c        **** * This software is owned by Cypress Semiconductor Corporation and is protected
  19:main.c        **** * by and subject to worldwide patent and copyright laws and treaties.
  20:main.c        **** * Therefore, you may use this software only as provided in the license agreement
  21:main.c        **** * accompanying the software package from which you obtained this software.
  22:main.c        **** * CYPRESS AND ITS SUPPLIERS MAKE NO WARRANTY OF ANY KIND, EXPRESS OR IMPLIED,
  23:main.c        **** * WITH REGARD TO THIS SOFTWARE, INCLUDING, BUT NOT LIMITED TO, NONINFRINGEMENT,
  24:main.c        **** * IMPLIED WARRANTIES OF MERCHANTABILITY AND FITNESS FOR A PARTICULAR PURPOSE.
  25:main.c        **** *******************************************************************************/
  26:main.c        **** 
ARM GAS  C:\Users\HPz420\AppData\Local\Temp\ccOvvUOW.s 			page 2


  27:main.c        **** #include <project.h>
  28:main.c        **** #include "stdio.h"
  29:main.c        **** 
  30:main.c        **** #if defined (__GNUC__)
  31:main.c        ****     /* Add an explicit reference to the floating point printf library */
  32:main.c        ****     /* to allow usage of the floating point conversion specifiers. */
  33:main.c        ****     /* This is not linked in by default with the newlib-nano library. */
  34:main.c        ****     asm (".global _printf_float");
  35:main.c        **** #endif
  36:main.c        **** 
  37:main.c        **** #define USBFS_DEVICE    (0u)
  38:main.c        **** 
  39:main.c        **** /* The buffer size is equal to the maximum packet size of the IN and OUT bulk
  40:main.c        **** * endpoints.
  41:main.c        **** */
  42:main.c        **** #define USBUART_BUFFER_SIZE (64u)
  43:main.c        **** #define LINE_STR_LENGTH     (20u)
  44:main.c        **** 
  45:main.c        **** //char8* parity[] = {"None", "Odd", "Even", "Mark", "Space"};
  46:main.c        **** //char8* stop[]   = {"1", "1.5", "2"};
  47:main.c        **** 
  48:main.c        **** 
  49:main.c        **** /*******************************************************************************
  50:main.c        **** * Function Name: main
  51:main.c        **** ********************************************************************************
  52:main.c        **** *
  53:main.c        **** * Summary:
  54:main.c        **** *  The main function performs the following actions:
  55:main.c        **** *   1. Waits until VBUS becomes valid and starts the USBFS component which is
  56:main.c        **** *      enumerated as virtual Com port.
  57:main.c        **** *   2. Waits until the device is enumerated by the host.
  58:main.c        **** *   3. Waits for data coming from the hyper terminal and sends it back.
  59:main.c        **** *   4. PSoC3/PSoC5LP: the LCD shows the line settings.
  60:main.c        **** *
  61:main.c        **** * Parameters:
  62:main.c        **** *  None.
  63:main.c        **** *
  64:main.c        **** * Return:
  65:main.c        **** *  None.
  66:main.c        **** *
  67:main.c        **** *******************************************************************************/
  68:main.c        **** 
  69:main.c        **** //#include "I2CIO8.h"
  70:main.c        **** 
  71:main.c        **** // Prototypes
  72:main.c        **** 
  73:main.c        **** void initDIGIO8Card(void);
  74:main.c        **** void writeDIGIO8Card(uint8 outData);
  75:main.c        **** uint8 readDIGIO8Card(void);
  76:main.c        **** void keysAndLEDs(void);
  77:main.c        **** void initFrontPanelI2CIO8(void);
  78:main.c        **** 
  79:main.c        **** 
  80:main.c        **** int main()
  81:main.c        **** {
  32              		.loc 1 81 0
  33              		.cfi_startproc
ARM GAS  C:\Users\HPz420\AppData\Local\Temp\ccOvvUOW.s 			page 3


  34              		@ args = 0, pretend = 0, frame = 72
  35              		@ frame_needed = 1, uses_anonymous_args = 0
  36 0000 80B5     		push	{r7, lr}
  37              		.cfi_def_cfa_offset 8
  38              		.cfi_offset 7, -8
  39              		.cfi_offset 14, -4
  40 0002 92B0     		sub	sp, sp, #72
  41              		.cfi_def_cfa_offset 80
  42 0004 00AF     		add	r7, sp, #0
  43              		.cfi_def_cfa_register 7
  82:main.c        ****     uint16 count;
  83:main.c        ****     uint8 buffer[USBUART_BUFFER_SIZE];
  84:main.c        ****     
  85:main.c        ****     CyGlobalIntEnable;
  44              		.loc 1 85 0
  45              		.syntax unified
  46              	@ 85 "main.c" 1
  47 0006 62B6     		CPSIE   i
  48              	@ 0 "" 2
  86:main.c        **** 
  87:main.c        ****     /* Start USBFS operation with 5-V operation. */
  88:main.c        ****     USBUART_Start(USBFS_DEVICE, USBUART_5V_OPERATION);
  49              		.loc 1 88 0
  50              		.thumb
  51              		.syntax unified
  52 0008 0121     		movs	r1, #1
  53 000a 0020     		movs	r0, #0
  54 000c FFF7FEFF 		bl	USBUART_Start
  89:main.c        ****     I2C_Start();
  55              		.loc 1 89 0
  56 0010 FFF7FEFF 		bl	I2C_Start
  90:main.c        ****     
  91:main.c        ****     initDIGIO8Card(); 
  57              		.loc 1 91 0
  58 0014 FFF7FEFF 		bl	initDIGIO8Card
  92:main.c        ****     
  93:main.c        ****     initFrontPanelI2CIO8();
  59              		.loc 1 93 0
  60 0018 FFF7FEFF 		bl	initFrontPanelI2CIO8
  94:main.c        ****     
  95:main.c        ****     for(;;)
  96:main.c        ****     {
  97:main.c        ****         /* Host can send double SET_INTERFACE request. */
  98:main.c        ****         if (0u != USBUART_IsConfigurationChanged())
  61              		.loc 1 98 0
  62 001c FFF7FEFF 		bl	USBUART_IsConfigurationChanged
  63 0020 0346     		mov	r3, r0
  64 0022 002B     		cmp	r3, #0
  65 0024 06D0     		beq	.L2
  99:main.c        ****         {
 100:main.c        ****             /* Initialize IN endpoints when device is configured. */
 101:main.c        ****             if (0u != USBUART_GetConfiguration())
  66              		.loc 1 101 0
  67 0026 FFF7FEFF 		bl	USBUART_GetConfiguration
  68 002a 0346     		mov	r3, r0
  69 002c 002B     		cmp	r3, #0
  70 002e 01D0     		beq	.L2
ARM GAS  C:\Users\HPz420\AppData\Local\Temp\ccOvvUOW.s 			page 4


 102:main.c        ****             {
 103:main.c        ****                 /* Enumeration is done, enable OUT endpoint to receive data 
 104:main.c        ****                  * from host. */
 105:main.c        ****                 USBUART_CDC_Init();
  71              		.loc 1 105 0
  72 0030 FFF7FEFF 		bl	USBUART_CDC_Init
  73              	.L2:
 106:main.c        ****             }
 107:main.c        ****         }
 108:main.c        **** 
 109:main.c        ****         /* Service USB CDC when device is configured. */
 110:main.c        ****         if (0u != USBUART_GetConfiguration())
  74              		.loc 1 110 0
  75 0034 FFF7FEFF 		bl	USBUART_GetConfiguration
  76 0038 0346     		mov	r3, r0
  77 003a 002B     		cmp	r3, #0
  78 003c 2AD0     		beq	.L3
 111:main.c        ****         {
 112:main.c        ****             /* Check for input data from host. */
 113:main.c        ****             if (0u != USBUART_DataIsReady())
  79              		.loc 1 113 0
  80 003e FFF7FEFF 		bl	USBUART_DataIsReady
  81 0042 0346     		mov	r3, r0
  82 0044 002B     		cmp	r3, #0
  83 0046 25D0     		beq	.L3
 114:main.c        ****             {
 115:main.c        ****                 /* Read received data and re-enable OUT endpoint. */
 116:main.c        ****                 count = USBUART_GetAll(buffer);
  84              		.loc 1 116 0
  85 0048 3B1D     		adds	r3, r7, #4
  86 004a 1846     		mov	r0, r3
  87 004c FFF7FEFF 		bl	USBUART_GetAll
  88 0050 0346     		mov	r3, r0
  89 0052 A7F84630 		strh	r3, [r7, #70]	@ movhi
 117:main.c        **** 
 118:main.c        ****                 if (0u != count)
  90              		.loc 1 118 0
  91 0056 B7F84630 		ldrh	r3, [r7, #70]
  92 005a 002B     		cmp	r3, #0
  93 005c 1AD0     		beq	.L3
 119:main.c        ****                 {
 120:main.c        ****                     /* Wait until component is ready to send data to host. */
 121:main.c        ****                     while (0u == USBUART_CDCIsReady())
  94              		.loc 1 121 0
  95 005e 00BF     		nop
  96              	.L4:
  97              		.loc 1 121 0 is_stmt 0 discriminator 1
  98 0060 FFF7FEFF 		bl	USBUART_CDCIsReady
  99 0064 0346     		mov	r3, r0
 100 0066 002B     		cmp	r3, #0
 101 0068 FAD0     		beq	.L4
 122:main.c        ****                     {
 123:main.c        ****                     }
 124:main.c        **** 
 125:main.c        ****                     /* Send data back to host. */
 126:main.c        ****                     USBUART_PutData(buffer, count);
 102              		.loc 1 126 0 is_stmt 1
ARM GAS  C:\Users\HPz420\AppData\Local\Temp\ccOvvUOW.s 			page 5


 103 006a B7F84620 		ldrh	r2, [r7, #70]
 104 006e 3B1D     		adds	r3, r7, #4
 105 0070 1146     		mov	r1, r2
 106 0072 1846     		mov	r0, r3
 107 0074 FFF7FEFF 		bl	USBUART_PutData
 127:main.c        **** 
 128:main.c        ****                     /* If the last sent packet is exactly the maximum packet 
 129:main.c        ****                     *  size, it is followed by a zero-length packet to assure
 130:main.c        ****                     *  that the end of the segment is properly identified by 
 131:main.c        ****                     *  the terminal.
 132:main.c        ****                     */
 133:main.c        ****                     if (USBUART_BUFFER_SIZE == count)
 108              		.loc 1 133 0
 109 0078 B7F84630 		ldrh	r3, [r7, #70]
 110 007c 402B     		cmp	r3, #64
 111 007e 09D1     		bne	.L3
 134:main.c        ****                     {
 135:main.c        ****                         /* Wait until component is ready to send data to PC. */
 136:main.c        ****                         while (0u == USBUART_CDCIsReady())
 112              		.loc 1 136 0
 113 0080 00BF     		nop
 114              	.L5:
 115              		.loc 1 136 0 is_stmt 0 discriminator 1
 116 0082 FFF7FEFF 		bl	USBUART_CDCIsReady
 117 0086 0346     		mov	r3, r0
 118 0088 002B     		cmp	r3, #0
 119 008a FAD0     		beq	.L5
 137:main.c        ****                         {
 138:main.c        ****                         }
 139:main.c        **** 
 140:main.c        ****                         /* Send zero-length packet to PC. */
 141:main.c        ****                         USBUART_PutData(NULL, 0u);
 120              		.loc 1 141 0 is_stmt 1
 121 008c 0021     		movs	r1, #0
 122 008e 0020     		movs	r0, #0
 123 0090 FFF7FEFF 		bl	USBUART_PutData
 124              	.L3:
 142:main.c        ****                     }
 143:main.c        ****                 }
 144:main.c        ****             }
 145:main.c        ****         }
 146:main.c        ****         for(;;)
 147:main.c        ****         {
 148:main.c        ****             keysAndLEDs();
 125              		.loc 1 148 0 discriminator 1
 126 0094 FFF7FEFF 		bl	keysAndLEDs
 149:main.c        ****         }
 127              		.loc 1 149 0 discriminator 1
 128 0098 FCE7     		b	.L3
 129              		.cfi_endproc
 130              	.LFE64:
 131              		.size	main, .-main
 132 009a 00BF     		.text
 133              	.Letext0:
 134              		.file 2 "c:\\program files (x86)\\cypress\\psoc creator\\4.2\\psoc creator\\import\\gnu\\arm\\5.4.
 135              		.file 3 "c:\\program files (x86)\\cypress\\psoc creator\\4.2\\psoc creator\\import\\gnu\\arm\\5.4.
 136              		.file 4 "Generated_Source\\PSoC5/cytypes.h"
ARM GAS  C:\Users\HPz420\AppData\Local\Temp\ccOvvUOW.s 			page 6


 137              		.file 5 "Generated_Source\\PSoC5/core_cm3.h"
 138              		.section	.debug_info,"",%progbits
 139              	.Ldebug_info0:
 140 0000 11010000 		.4byte	0x111
 141 0004 0400     		.2byte	0x4
 142 0006 00000000 		.4byte	.Ldebug_abbrev0
 143 000a 04       		.byte	0x4
 144 000b 01       		.uleb128 0x1
 145 000c D9000000 		.4byte	.LASF20
 146 0010 0C       		.byte	0xc
 147 0011 9E000000 		.4byte	.LASF21
 148 0015 2E000000 		.4byte	.LASF22
 149 0019 00000000 		.4byte	.Ldebug_ranges0+0
 150 001d 00000000 		.4byte	0
 151 0021 00000000 		.4byte	.Ldebug_line0
 152 0025 02       		.uleb128 0x2
 153 0026 01       		.byte	0x1
 154 0027 06       		.byte	0x6
 155 0028 9D010000 		.4byte	.LASF0
 156 002c 02       		.uleb128 0x2
 157 002d 01       		.byte	0x1
 158 002e 08       		.byte	0x8
 159 002f 67010000 		.4byte	.LASF1
 160 0033 02       		.uleb128 0x2
 161 0034 02       		.byte	0x2
 162 0035 05       		.byte	0x5
 163 0036 C5010000 		.4byte	.LASF2
 164 003a 02       		.uleb128 0x2
 165 003b 02       		.byte	0x2
 166 003c 07       		.byte	0x7
 167 003d 0E000000 		.4byte	.LASF3
 168 0041 03       		.uleb128 0x3
 169 0042 B5010000 		.4byte	.LASF9
 170 0046 02       		.byte	0x2
 171 0047 3F       		.byte	0x3f
 172 0048 4C000000 		.4byte	0x4c
 173 004c 02       		.uleb128 0x2
 174 004d 04       		.byte	0x4
 175 004e 05       		.byte	0x5
 176 004f 80010000 		.4byte	.LASF4
 177 0053 02       		.uleb128 0x2
 178 0054 04       		.byte	0x4
 179 0055 07       		.byte	0x7
 180 0056 B0000000 		.4byte	.LASF5
 181 005a 02       		.uleb128 0x2
 182 005b 08       		.byte	0x8
 183 005c 05       		.byte	0x5
 184 005d 00000000 		.4byte	.LASF6
 185 0061 02       		.uleb128 0x2
 186 0062 08       		.byte	0x8
 187 0063 07       		.byte	0x7
 188 0064 C2000000 		.4byte	.LASF7
 189 0068 04       		.uleb128 0x4
 190 0069 04       		.byte	0x4
 191 006a 05       		.byte	0x5
 192 006b 696E7400 		.ascii	"int\000"
 193 006f 02       		.uleb128 0x2
ARM GAS  C:\Users\HPz420\AppData\Local\Temp\ccOvvUOW.s 			page 7


 194 0070 04       		.byte	0x4
 195 0071 07       		.byte	0x7
 196 0072 21000000 		.4byte	.LASF8
 197 0076 03       		.uleb128 0x3
 198 0077 D6010000 		.4byte	.LASF10
 199 007b 03       		.byte	0x3
 200 007c 2C       		.byte	0x2c
 201 007d 41000000 		.4byte	0x41
 202 0081 05       		.uleb128 0x5
 203 0082 AA000000 		.4byte	.LASF11
 204 0086 04       		.byte	0x4
 205 0087 E401     		.2byte	0x1e4
 206 0089 2C000000 		.4byte	0x2c
 207 008d 05       		.uleb128 0x5
 208 008e CF010000 		.4byte	.LASF12
 209 0092 04       		.byte	0x4
 210 0093 E501     		.2byte	0x1e5
 211 0095 3A000000 		.4byte	0x3a
 212 0099 02       		.uleb128 0x2
 213 009a 04       		.byte	0x4
 214 009b 04       		.byte	0x4
 215 009c BF010000 		.4byte	.LASF13
 216 00a0 02       		.uleb128 0x2
 217 00a1 08       		.byte	0x8
 218 00a2 04       		.byte	0x4
 219 00a3 89010000 		.4byte	.LASF14
 220 00a7 02       		.uleb128 0x2
 221 00a8 01       		.byte	0x1
 222 00a9 08       		.byte	0x8
 223 00aa 75010000 		.4byte	.LASF15
 224 00ae 02       		.uleb128 0x2
 225 00af 08       		.byte	0x8
 226 00b0 04       		.byte	0x4
 227 00b1 A9010000 		.4byte	.LASF16
 228 00b5 02       		.uleb128 0x2
 229 00b6 04       		.byte	0x4
 230 00b7 07       		.byte	0x7
 231 00b8 E5010000 		.4byte	.LASF17
 232 00bc 06       		.uleb128 0x6
 233 00bd A5000000 		.4byte	.LASF23
 234 00c1 01       		.byte	0x1
 235 00c2 50       		.byte	0x50
 236 00c3 68000000 		.4byte	0x68
 237 00c7 00000000 		.4byte	.LFB64
 238 00cb 9A000000 		.4byte	.LFE64-.LFB64
 239 00cf 01       		.uleb128 0x1
 240 00d0 9C       		.byte	0x9c
 241 00d1 F3000000 		.4byte	0xf3
 242 00d5 07       		.uleb128 0x7
 243 00d6 7A010000 		.4byte	.LASF18
 244 00da 01       		.byte	0x1
 245 00db 52       		.byte	0x52
 246 00dc 8D000000 		.4byte	0x8d
 247 00e0 02       		.uleb128 0x2
 248 00e1 91       		.byte	0x91
 249 00e2 76       		.sleb128 -10
 250 00e3 07       		.uleb128 0x7
ARM GAS  C:\Users\HPz420\AppData\Local\Temp\ccOvvUOW.s 			page 8


 251 00e4 DE010000 		.4byte	.LASF19
 252 00e8 01       		.byte	0x1
 253 00e9 53       		.byte	0x53
 254 00ea F3000000 		.4byte	0xf3
 255 00ee 03       		.uleb128 0x3
 256 00ef 91       		.byte	0x91
 257 00f0 B47F     		.sleb128 -76
 258 00f2 00       		.byte	0
 259 00f3 08       		.uleb128 0x8
 260 00f4 81000000 		.4byte	0x81
 261 00f8 03010000 		.4byte	0x103
 262 00fc 09       		.uleb128 0x9
 263 00fd B5000000 		.4byte	0xb5
 264 0101 3F       		.byte	0x3f
 265 0102 00       		.byte	0
 266 0103 0A       		.uleb128 0xa
 267 0104 90010000 		.4byte	.LASF24
 268 0108 05       		.byte	0x5
 269 0109 1207     		.2byte	0x712
 270 010b 0F010000 		.4byte	0x10f
 271 010f 0B       		.uleb128 0xb
 272 0110 76000000 		.4byte	0x76
 273 0114 00       		.byte	0
 274              		.section	.debug_abbrev,"",%progbits
 275              	.Ldebug_abbrev0:
 276 0000 01       		.uleb128 0x1
 277 0001 11       		.uleb128 0x11
 278 0002 01       		.byte	0x1
 279 0003 25       		.uleb128 0x25
 280 0004 0E       		.uleb128 0xe
 281 0005 13       		.uleb128 0x13
 282 0006 0B       		.uleb128 0xb
 283 0007 03       		.uleb128 0x3
 284 0008 0E       		.uleb128 0xe
 285 0009 1B       		.uleb128 0x1b
 286 000a 0E       		.uleb128 0xe
 287 000b 55       		.uleb128 0x55
 288 000c 17       		.uleb128 0x17
 289 000d 11       		.uleb128 0x11
 290 000e 01       		.uleb128 0x1
 291 000f 10       		.uleb128 0x10
 292 0010 17       		.uleb128 0x17
 293 0011 00       		.byte	0
 294 0012 00       		.byte	0
 295 0013 02       		.uleb128 0x2
 296 0014 24       		.uleb128 0x24
 297 0015 00       		.byte	0
 298 0016 0B       		.uleb128 0xb
 299 0017 0B       		.uleb128 0xb
 300 0018 3E       		.uleb128 0x3e
 301 0019 0B       		.uleb128 0xb
 302 001a 03       		.uleb128 0x3
 303 001b 0E       		.uleb128 0xe
 304 001c 00       		.byte	0
 305 001d 00       		.byte	0
 306 001e 03       		.uleb128 0x3
 307 001f 16       		.uleb128 0x16
ARM GAS  C:\Users\HPz420\AppData\Local\Temp\ccOvvUOW.s 			page 9


 308 0020 00       		.byte	0
 309 0021 03       		.uleb128 0x3
 310 0022 0E       		.uleb128 0xe
 311 0023 3A       		.uleb128 0x3a
 312 0024 0B       		.uleb128 0xb
 313 0025 3B       		.uleb128 0x3b
 314 0026 0B       		.uleb128 0xb
 315 0027 49       		.uleb128 0x49
 316 0028 13       		.uleb128 0x13
 317 0029 00       		.byte	0
 318 002a 00       		.byte	0
 319 002b 04       		.uleb128 0x4
 320 002c 24       		.uleb128 0x24
 321 002d 00       		.byte	0
 322 002e 0B       		.uleb128 0xb
 323 002f 0B       		.uleb128 0xb
 324 0030 3E       		.uleb128 0x3e
 325 0031 0B       		.uleb128 0xb
 326 0032 03       		.uleb128 0x3
 327 0033 08       		.uleb128 0x8
 328 0034 00       		.byte	0
 329 0035 00       		.byte	0
 330 0036 05       		.uleb128 0x5
 331 0037 16       		.uleb128 0x16
 332 0038 00       		.byte	0
 333 0039 03       		.uleb128 0x3
 334 003a 0E       		.uleb128 0xe
 335 003b 3A       		.uleb128 0x3a
 336 003c 0B       		.uleb128 0xb
 337 003d 3B       		.uleb128 0x3b
 338 003e 05       		.uleb128 0x5
 339 003f 49       		.uleb128 0x49
 340 0040 13       		.uleb128 0x13
 341 0041 00       		.byte	0
 342 0042 00       		.byte	0
 343 0043 06       		.uleb128 0x6
 344 0044 2E       		.uleb128 0x2e
 345 0045 01       		.byte	0x1
 346 0046 3F       		.uleb128 0x3f
 347 0047 19       		.uleb128 0x19
 348 0048 03       		.uleb128 0x3
 349 0049 0E       		.uleb128 0xe
 350 004a 3A       		.uleb128 0x3a
 351 004b 0B       		.uleb128 0xb
 352 004c 3B       		.uleb128 0x3b
 353 004d 0B       		.uleb128 0xb
 354 004e 49       		.uleb128 0x49
 355 004f 13       		.uleb128 0x13
 356 0050 11       		.uleb128 0x11
 357 0051 01       		.uleb128 0x1
 358 0052 12       		.uleb128 0x12
 359 0053 06       		.uleb128 0x6
 360 0054 40       		.uleb128 0x40
 361 0055 18       		.uleb128 0x18
 362 0056 9642     		.uleb128 0x2116
 363 0058 19       		.uleb128 0x19
 364 0059 01       		.uleb128 0x1
ARM GAS  C:\Users\HPz420\AppData\Local\Temp\ccOvvUOW.s 			page 10


 365 005a 13       		.uleb128 0x13
 366 005b 00       		.byte	0
 367 005c 00       		.byte	0
 368 005d 07       		.uleb128 0x7
 369 005e 34       		.uleb128 0x34
 370 005f 00       		.byte	0
 371 0060 03       		.uleb128 0x3
 372 0061 0E       		.uleb128 0xe
 373 0062 3A       		.uleb128 0x3a
 374 0063 0B       		.uleb128 0xb
 375 0064 3B       		.uleb128 0x3b
 376 0065 0B       		.uleb128 0xb
 377 0066 49       		.uleb128 0x49
 378 0067 13       		.uleb128 0x13
 379 0068 02       		.uleb128 0x2
 380 0069 18       		.uleb128 0x18
 381 006a 00       		.byte	0
 382 006b 00       		.byte	0
 383 006c 08       		.uleb128 0x8
 384 006d 01       		.uleb128 0x1
 385 006e 01       		.byte	0x1
 386 006f 49       		.uleb128 0x49
 387 0070 13       		.uleb128 0x13
 388 0071 01       		.uleb128 0x1
 389 0072 13       		.uleb128 0x13
 390 0073 00       		.byte	0
 391 0074 00       		.byte	0
 392 0075 09       		.uleb128 0x9
 393 0076 21       		.uleb128 0x21
 394 0077 00       		.byte	0
 395 0078 49       		.uleb128 0x49
 396 0079 13       		.uleb128 0x13
 397 007a 2F       		.uleb128 0x2f
 398 007b 0B       		.uleb128 0xb
 399 007c 00       		.byte	0
 400 007d 00       		.byte	0
 401 007e 0A       		.uleb128 0xa
 402 007f 34       		.uleb128 0x34
 403 0080 00       		.byte	0
 404 0081 03       		.uleb128 0x3
 405 0082 0E       		.uleb128 0xe
 406 0083 3A       		.uleb128 0x3a
 407 0084 0B       		.uleb128 0xb
 408 0085 3B       		.uleb128 0x3b
 409 0086 05       		.uleb128 0x5
 410 0087 49       		.uleb128 0x49
 411 0088 13       		.uleb128 0x13
 412 0089 3F       		.uleb128 0x3f
 413 008a 19       		.uleb128 0x19
 414 008b 3C       		.uleb128 0x3c
 415 008c 19       		.uleb128 0x19
 416 008d 00       		.byte	0
 417 008e 00       		.byte	0
 418 008f 0B       		.uleb128 0xb
 419 0090 35       		.uleb128 0x35
 420 0091 00       		.byte	0
 421 0092 49       		.uleb128 0x49
ARM GAS  C:\Users\HPz420\AppData\Local\Temp\ccOvvUOW.s 			page 11


 422 0093 13       		.uleb128 0x13
 423 0094 00       		.byte	0
 424 0095 00       		.byte	0
 425 0096 00       		.byte	0
 426              		.section	.debug_aranges,"",%progbits
 427 0000 1C000000 		.4byte	0x1c
 428 0004 0200     		.2byte	0x2
 429 0006 00000000 		.4byte	.Ldebug_info0
 430 000a 04       		.byte	0x4
 431 000b 00       		.byte	0
 432 000c 0000     		.2byte	0
 433 000e 0000     		.2byte	0
 434 0010 00000000 		.4byte	.LFB64
 435 0014 9A000000 		.4byte	.LFE64-.LFB64
 436 0018 00000000 		.4byte	0
 437 001c 00000000 		.4byte	0
 438              		.section	.debug_ranges,"",%progbits
 439              	.Ldebug_ranges0:
 440 0000 00000000 		.4byte	.LFB64
 441 0004 9A000000 		.4byte	.LFE64
 442 0008 00000000 		.4byte	0
 443 000c 00000000 		.4byte	0
 444              		.section	.debug_line,"",%progbits
 445              	.Ldebug_line0:
 446 0000 8B010000 		.section	.debug_str,"MS",%progbits,1
 446      02004C01 
 446      00000201 
 446      FB0E0D00 
 446      01010101 
 447              	.LASF6:
 448 0000 6C6F6E67 		.ascii	"long long int\000"
 448      206C6F6E 
 448      6720696E 
 448      7400
 449              	.LASF3:
 450 000e 73686F72 		.ascii	"short unsigned int\000"
 450      7420756E 
 450      7369676E 
 450      65642069 
 450      6E7400
 451              	.LASF8:
 452 0021 756E7369 		.ascii	"unsigned int\000"
 452      676E6564 
 452      20696E74 
 452      00
 453              	.LASF22:
 454 002e 433A5C55 		.ascii	"C:\\Users\\HPz420\\Documents\\GitHub\\Retro-Compute"
 454      73657273 
 454      5C48507A 
 454      3432305C 
 454      446F6375 
 455 005c 72735C5A 		.ascii	"rs\\Z80\\PSOC\\PSOC_Design_Files\\FrontPanelI2CIO8\\"
 455      38305C50 
 455      534F435C 
 455      50534F43 
 455      5F446573 
 456 008b 55534246 		.ascii	"USBFS_UART01.cydsn\000"
ARM GAS  C:\Users\HPz420\AppData\Local\Temp\ccOvvUOW.s 			page 12


 456      535F5541 
 456      52543031 
 456      2E637964 
 456      736E00
 457              	.LASF21:
 458 009e 6D61696E 		.ascii	"main.c\000"
 458      2E6300
 459              	.LASF23:
 460 00a5 6D61696E 		.ascii	"main\000"
 460      00
 461              	.LASF11:
 462 00aa 75696E74 		.ascii	"uint8\000"
 462      3800
 463              	.LASF5:
 464 00b0 6C6F6E67 		.ascii	"long unsigned int\000"
 464      20756E73 
 464      69676E65 
 464      6420696E 
 464      7400
 465              	.LASF7:
 466 00c2 6C6F6E67 		.ascii	"long long unsigned int\000"
 466      206C6F6E 
 466      6720756E 
 466      7369676E 
 466      65642069 
 467              	.LASF20:
 468 00d9 474E5520 		.ascii	"GNU C11 5.4.1 20160609 (release) [ARM/embedded-5-br"
 468      43313120 
 468      352E342E 
 468      31203230 
 468      31363036 
 469 010c 616E6368 		.ascii	"anch revision 237715] -mcpu=cortex-m3 -mthumb -g -O"
 469      20726576 
 469      6973696F 
 469      6E203233 
 469      37373135 
 470 013f 30202D66 		.ascii	"0 -ffunction-sections -ffat-lto-objects\000"
 470      66756E63 
 470      74696F6E 
 470      2D736563 
 470      74696F6E 
 471              	.LASF1:
 472 0167 756E7369 		.ascii	"unsigned char\000"
 472      676E6564 
 472      20636861 
 472      7200
 473              	.LASF15:
 474 0175 63686172 		.ascii	"char\000"
 474      00
 475              	.LASF18:
 476 017a 636F756E 		.ascii	"count\000"
 476      7400
 477              	.LASF4:
 478 0180 6C6F6E67 		.ascii	"long int\000"
 478      20696E74 
 478      00
 479              	.LASF14:
ARM GAS  C:\Users\HPz420\AppData\Local\Temp\ccOvvUOW.s 			page 13


 480 0189 646F7562 		.ascii	"double\000"
 480      6C6500
 481              	.LASF24:
 482 0190 49544D5F 		.ascii	"ITM_RxBuffer\000"
 482      52784275 
 482      66666572 
 482      00
 483              	.LASF0:
 484 019d 7369676E 		.ascii	"signed char\000"
 484      65642063 
 484      68617200 
 485              	.LASF16:
 486 01a9 6C6F6E67 		.ascii	"long double\000"
 486      20646F75 
 486      626C6500 
 487              	.LASF9:
 488 01b5 5F5F696E 		.ascii	"__int32_t\000"
 488      7433325F 
 488      7400
 489              	.LASF13:
 490 01bf 666C6F61 		.ascii	"float\000"
 490      7400
 491              	.LASF2:
 492 01c5 73686F72 		.ascii	"short int\000"
 492      7420696E 
 492      7400
 493              	.LASF12:
 494 01cf 75696E74 		.ascii	"uint16\000"
 494      313600
 495              	.LASF10:
 496 01d6 696E7433 		.ascii	"int32_t\000"
 496      325F7400 
 497              	.LASF19:
 498 01de 62756666 		.ascii	"buffer\000"
 498      657200
 499              	.LASF17:
 500 01e5 73697A65 		.ascii	"sizetype\000"
 500      74797065 
 500      00
 501              		.ident	"GCC: (GNU Tools for ARM Embedded Processors) 5.4.1 20160609 (release) [ARM/embedded-5-bran
