ARM GAS  C:\Users\HPz420\AppData\Local\Temp\ccGCwSic.s 			page 1


   1              		.syntax unified
   2              		.cpu cortex-m3
   3              		.fpu softvfp
   4              		.eabi_attribute 20, 1
   5              		.eabi_attribute 21, 1
   6              		.eabi_attribute 23, 3
   7              		.eabi_attribute 24, 1
   8              		.eabi_attribute 25, 1
   9              		.eabi_attribute 26, 1
  10              		.eabi_attribute 30, 6
  11              		.eabi_attribute 34, 1
  12              		.eabi_attribute 18, 4
  13              		.thumb
  14              		.syntax unified
  15              		.file	"SCL_1.c"
  16              		.text
  17              	.Ltext0:
  18              		.cfi_sections	.debug_frame
  19              		.section	.text.SCL_1_Write,"ax",%progbits
  20              		.align	2
  21              		.global	SCL_1_Write
  22              		.thumb
  23              		.thumb_func
  24              		.type	SCL_1_Write, %function
  25              	SCL_1_Write:
  26              	.LFB0:
  27              		.file 1 "Generated_Source\\PSoC5\\SCL_1.c"
   1:Generated_Source\PSoC5/SCL_1.c **** /*******************************************************************************
   2:Generated_Source\PSoC5/SCL_1.c **** * File Name: SCL_1.c  
   3:Generated_Source\PSoC5/SCL_1.c **** * Version 2.20
   4:Generated_Source\PSoC5/SCL_1.c **** *
   5:Generated_Source\PSoC5/SCL_1.c **** * Description:
   6:Generated_Source\PSoC5/SCL_1.c **** *  This file contains API to enable firmware control of a Pins component.
   7:Generated_Source\PSoC5/SCL_1.c **** *
   8:Generated_Source\PSoC5/SCL_1.c **** * Note:
   9:Generated_Source\PSoC5/SCL_1.c **** *
  10:Generated_Source\PSoC5/SCL_1.c **** ********************************************************************************
  11:Generated_Source\PSoC5/SCL_1.c **** * Copyright 2008-2015, Cypress Semiconductor Corporation.  All rights reserved.
  12:Generated_Source\PSoC5/SCL_1.c **** * You may use this file only in accordance with the license, terms, conditions, 
  13:Generated_Source\PSoC5/SCL_1.c **** * disclaimers, and limitations in the end user license agreement accompanying 
  14:Generated_Source\PSoC5/SCL_1.c **** * the software package with which this file was provided.
  15:Generated_Source\PSoC5/SCL_1.c **** *******************************************************************************/
  16:Generated_Source\PSoC5/SCL_1.c **** 
  17:Generated_Source\PSoC5/SCL_1.c **** #include "cytypes.h"
  18:Generated_Source\PSoC5/SCL_1.c **** #include "SCL_1.h"
  19:Generated_Source\PSoC5/SCL_1.c **** 
  20:Generated_Source\PSoC5/SCL_1.c **** /* APIs are not generated for P15[7:6] on PSoC 5 */
  21:Generated_Source\PSoC5/SCL_1.c **** #if !(CY_PSOC5A &&\
  22:Generated_Source\PSoC5/SCL_1.c **** 	 SCL_1__PORT == 15 && ((SCL_1__MASK & 0xC0) != 0))
  23:Generated_Source\PSoC5/SCL_1.c **** 
  24:Generated_Source\PSoC5/SCL_1.c **** 
  25:Generated_Source\PSoC5/SCL_1.c **** /*******************************************************************************
  26:Generated_Source\PSoC5/SCL_1.c **** * Function Name: SCL_1_Write
  27:Generated_Source\PSoC5/SCL_1.c **** ****************************************************************************//**
  28:Generated_Source\PSoC5/SCL_1.c **** *
  29:Generated_Source\PSoC5/SCL_1.c **** * \brief Writes the value to the physical port (data output register), masking
  30:Generated_Source\PSoC5/SCL_1.c **** *  and shifting the bits appropriately. 
ARM GAS  C:\Users\HPz420\AppData\Local\Temp\ccGCwSic.s 			page 2


  31:Generated_Source\PSoC5/SCL_1.c **** *
  32:Generated_Source\PSoC5/SCL_1.c **** * The data output register controls the signal applied to the physical pin in 
  33:Generated_Source\PSoC5/SCL_1.c **** * conjunction with the drive mode parameter. This function avoids changing 
  34:Generated_Source\PSoC5/SCL_1.c **** * other bits in the port by using the appropriate method (read-modify-write or
  35:Generated_Source\PSoC5/SCL_1.c **** * bit banding).
  36:Generated_Source\PSoC5/SCL_1.c **** *
  37:Generated_Source\PSoC5/SCL_1.c **** * <b>Note</b> This function should not be used on a hardware digital output pin 
  38:Generated_Source\PSoC5/SCL_1.c **** * as it is driven by the hardware signal attached to it.
  39:Generated_Source\PSoC5/SCL_1.c **** *
  40:Generated_Source\PSoC5/SCL_1.c **** * \param value
  41:Generated_Source\PSoC5/SCL_1.c **** *  Value to write to the component instance.
  42:Generated_Source\PSoC5/SCL_1.c **** *
  43:Generated_Source\PSoC5/SCL_1.c **** * \return 
  44:Generated_Source\PSoC5/SCL_1.c **** *  None 
  45:Generated_Source\PSoC5/SCL_1.c **** *
  46:Generated_Source\PSoC5/SCL_1.c **** * \sideeffect
  47:Generated_Source\PSoC5/SCL_1.c **** *  If you use read-modify-write operations that are not atomic; the Interrupt 
  48:Generated_Source\PSoC5/SCL_1.c **** *  Service Routines (ISR) can cause corruption of this function. An ISR that 
  49:Generated_Source\PSoC5/SCL_1.c **** *  interrupts this function and performs writes to the Pins component data 
  50:Generated_Source\PSoC5/SCL_1.c **** *  register can cause corrupted port data. To avoid this issue, you should 
  51:Generated_Source\PSoC5/SCL_1.c **** *  either use the Per-Pin APIs (primary method) or disable interrupts around 
  52:Generated_Source\PSoC5/SCL_1.c **** *  this function.
  53:Generated_Source\PSoC5/SCL_1.c **** *
  54:Generated_Source\PSoC5/SCL_1.c **** * \funcusage
  55:Generated_Source\PSoC5/SCL_1.c **** *  \snippet SCL_1_SUT.c usage_SCL_1_Write
  56:Generated_Source\PSoC5/SCL_1.c **** *******************************************************************************/
  57:Generated_Source\PSoC5/SCL_1.c **** void SCL_1_Write(uint8 value)
  58:Generated_Source\PSoC5/SCL_1.c **** {
  28              		.loc 1 58 0
  29              		.cfi_startproc
  30              		@ args = 0, pretend = 0, frame = 16
  31              		@ frame_needed = 1, uses_anonymous_args = 0
  32              		@ link register save eliminated.
  33 0000 80B4     		push	{r7}
  34              		.cfi_def_cfa_offset 4
  35              		.cfi_offset 7, -4
  36 0002 85B0     		sub	sp, sp, #20
  37              		.cfi_def_cfa_offset 24
  38 0004 00AF     		add	r7, sp, #0
  39              		.cfi_def_cfa_register 7
  40 0006 0346     		mov	r3, r0
  41 0008 FB71     		strb	r3, [r7, #7]
  59:Generated_Source\PSoC5/SCL_1.c ****     uint8 staticBits = (SCL_1_DR & (uint8)(~SCL_1_MASK));
  42              		.loc 1 59 0
  43 000a 0B4B     		ldr	r3, .L2
  44 000c 1B78     		ldrb	r3, [r3]
  45 000e DBB2     		uxtb	r3, r3
  46 0010 23F01003 		bic	r3, r3, #16
  47 0014 FB73     		strb	r3, [r7, #15]
  60:Generated_Source\PSoC5/SCL_1.c ****     SCL_1_DR = staticBits | ((uint8)(value << SCL_1_SHIFT) & SCL_1_MASK);
  48              		.loc 1 60 0
  49 0016 0849     		ldr	r1, .L2
  50 0018 FB79     		ldrb	r3, [r7, #7]
  51 001a 1B01     		lsls	r3, r3, #4
  52 001c DBB2     		uxtb	r3, r3
  53 001e 03F01003 		and	r3, r3, #16
  54 0022 DAB2     		uxtb	r2, r3
ARM GAS  C:\Users\HPz420\AppData\Local\Temp\ccGCwSic.s 			page 3


  55 0024 FB7B     		ldrb	r3, [r7, #15]
  56 0026 1343     		orrs	r3, r3, r2
  57 0028 DBB2     		uxtb	r3, r3
  58 002a 0B70     		strb	r3, [r1]
  61:Generated_Source\PSoC5/SCL_1.c **** }
  59              		.loc 1 61 0
  60 002c 00BF     		nop
  61 002e 1437     		adds	r7, r7, #20
  62              		.cfi_def_cfa_offset 4
  63 0030 BD46     		mov	sp, r7
  64              		.cfi_def_cfa_register 13
  65              		@ sp needed
  66 0032 80BC     		pop	{r7}
  67              		.cfi_restore 7
  68              		.cfi_def_cfa_offset 0
  69 0034 7047     		bx	lr
  70              	.L3:
  71 0036 00BF     		.align	2
  72              	.L2:
  73 0038 C0510040 		.word	1073762752
  74              		.cfi_endproc
  75              	.LFE0:
  76              		.size	SCL_1_Write, .-SCL_1_Write
  77              		.section	.text.SCL_1_SetDriveMode,"ax",%progbits
  78              		.align	2
  79              		.global	SCL_1_SetDriveMode
  80              		.thumb
  81              		.thumb_func
  82              		.type	SCL_1_SetDriveMode, %function
  83              	SCL_1_SetDriveMode:
  84              	.LFB1:
  62:Generated_Source\PSoC5/SCL_1.c **** 
  63:Generated_Source\PSoC5/SCL_1.c **** 
  64:Generated_Source\PSoC5/SCL_1.c **** /*******************************************************************************
  65:Generated_Source\PSoC5/SCL_1.c **** * Function Name: SCL_1_SetDriveMode
  66:Generated_Source\PSoC5/SCL_1.c **** ****************************************************************************//**
  67:Generated_Source\PSoC5/SCL_1.c **** *
  68:Generated_Source\PSoC5/SCL_1.c **** * \brief Sets the drive mode for each of the Pins component's pins.
  69:Generated_Source\PSoC5/SCL_1.c **** * 
  70:Generated_Source\PSoC5/SCL_1.c **** * <b>Note</b> This affects all pins in the Pins component instance. Use the
  71:Generated_Source\PSoC5/SCL_1.c **** * Per-Pin APIs if you wish to control individual pin's drive modes.
  72:Generated_Source\PSoC5/SCL_1.c **** *
  73:Generated_Source\PSoC5/SCL_1.c **** * \param mode
  74:Generated_Source\PSoC5/SCL_1.c **** *  Mode for the selected signals. Valid options are documented in 
  75:Generated_Source\PSoC5/SCL_1.c **** *  \ref driveMode.
  76:Generated_Source\PSoC5/SCL_1.c **** *
  77:Generated_Source\PSoC5/SCL_1.c **** * \return
  78:Generated_Source\PSoC5/SCL_1.c **** *  None
  79:Generated_Source\PSoC5/SCL_1.c **** *
  80:Generated_Source\PSoC5/SCL_1.c **** * \sideeffect
  81:Generated_Source\PSoC5/SCL_1.c **** *  If you use read-modify-write operations that are not atomic, the ISR can
  82:Generated_Source\PSoC5/SCL_1.c **** *  cause corruption of this function. An ISR that interrupts this function 
  83:Generated_Source\PSoC5/SCL_1.c **** *  and performs writes to the Pins component Drive Mode registers can cause 
  84:Generated_Source\PSoC5/SCL_1.c **** *  corrupted port data. To avoid this issue, you should either use the Per-Pin
  85:Generated_Source\PSoC5/SCL_1.c **** *  APIs (primary method) or disable interrupts around this function.
  86:Generated_Source\PSoC5/SCL_1.c **** *
  87:Generated_Source\PSoC5/SCL_1.c **** * \funcusage
ARM GAS  C:\Users\HPz420\AppData\Local\Temp\ccGCwSic.s 			page 4


  88:Generated_Source\PSoC5/SCL_1.c **** *  \snippet SCL_1_SUT.c usage_SCL_1_SetDriveMode
  89:Generated_Source\PSoC5/SCL_1.c **** *******************************************************************************/
  90:Generated_Source\PSoC5/SCL_1.c **** void SCL_1_SetDriveMode(uint8 mode)
  91:Generated_Source\PSoC5/SCL_1.c **** {
  85              		.loc 1 91 0
  86              		.cfi_startproc
  87              		@ args = 0, pretend = 0, frame = 8
  88              		@ frame_needed = 1, uses_anonymous_args = 0
  89              		@ link register save eliminated.
  90 0000 80B4     		push	{r7}
  91              		.cfi_def_cfa_offset 4
  92              		.cfi_offset 7, -4
  93 0002 83B0     		sub	sp, sp, #12
  94              		.cfi_def_cfa_offset 16
  95 0004 00AF     		add	r7, sp, #0
  96              		.cfi_def_cfa_register 7
  97 0006 0346     		mov	r3, r0
  98 0008 FB71     		strb	r3, [r7, #7]
  92:Generated_Source\PSoC5/SCL_1.c **** 	CyPins_SetPinDriveMode(SCL_1_0, mode);
  99              		.loc 1 92 0
 100 000a 0B49     		ldr	r1, .L5
 101 000c 0A4B     		ldr	r3, .L5
 102 000e 1B78     		ldrb	r3, [r3]
 103 0010 DBB2     		uxtb	r3, r3
 104 0012 5BB2     		sxtb	r3, r3
 105 0014 23F00E03 		bic	r3, r3, #14
 106 0018 5AB2     		sxtb	r2, r3
 107 001a 97F90730 		ldrsb	r3, [r7, #7]
 108 001e 03F00E03 		and	r3, r3, #14
 109 0022 5BB2     		sxtb	r3, r3
 110 0024 1343     		orrs	r3, r3, r2
 111 0026 5BB2     		sxtb	r3, r3
 112 0028 DBB2     		uxtb	r3, r3
 113 002a 0B70     		strb	r3, [r1]
  93:Generated_Source\PSoC5/SCL_1.c **** }
 114              		.loc 1 93 0
 115 002c 00BF     		nop
 116 002e 0C37     		adds	r7, r7, #12
 117              		.cfi_def_cfa_offset 4
 118 0030 BD46     		mov	sp, r7
 119              		.cfi_def_cfa_register 13
 120              		@ sp needed
 121 0032 80BC     		pop	{r7}
 122              		.cfi_restore 7
 123              		.cfi_def_cfa_offset 0
 124 0034 7047     		bx	lr
 125              	.L6:
 126 0036 00BF     		.align	2
 127              	.L5:
 128 0038 64500040 		.word	1073762404
 129              		.cfi_endproc
 130              	.LFE1:
 131              		.size	SCL_1_SetDriveMode, .-SCL_1_SetDriveMode
 132              		.section	.text.SCL_1_Read,"ax",%progbits
 133              		.align	2
 134              		.global	SCL_1_Read
 135              		.thumb
ARM GAS  C:\Users\HPz420\AppData\Local\Temp\ccGCwSic.s 			page 5


 136              		.thumb_func
 137              		.type	SCL_1_Read, %function
 138              	SCL_1_Read:
 139              	.LFB2:
  94:Generated_Source\PSoC5/SCL_1.c **** 
  95:Generated_Source\PSoC5/SCL_1.c **** 
  96:Generated_Source\PSoC5/SCL_1.c **** /*******************************************************************************
  97:Generated_Source\PSoC5/SCL_1.c **** * Function Name: SCL_1_Read
  98:Generated_Source\PSoC5/SCL_1.c **** ****************************************************************************//**
  99:Generated_Source\PSoC5/SCL_1.c **** *
 100:Generated_Source\PSoC5/SCL_1.c **** * \brief Reads the associated physical port (pin status register) and masks 
 101:Generated_Source\PSoC5/SCL_1.c **** *  the required bits according to the width and bit position of the component
 102:Generated_Source\PSoC5/SCL_1.c **** *  instance. 
 103:Generated_Source\PSoC5/SCL_1.c **** *
 104:Generated_Source\PSoC5/SCL_1.c **** * The pin's status register returns the current logic level present on the 
 105:Generated_Source\PSoC5/SCL_1.c **** * physical pin.
 106:Generated_Source\PSoC5/SCL_1.c **** *
 107:Generated_Source\PSoC5/SCL_1.c **** * \return 
 108:Generated_Source\PSoC5/SCL_1.c **** *  The current value for the pins in the component as a right justified number.
 109:Generated_Source\PSoC5/SCL_1.c **** *
 110:Generated_Source\PSoC5/SCL_1.c **** * \funcusage
 111:Generated_Source\PSoC5/SCL_1.c **** *  \snippet SCL_1_SUT.c usage_SCL_1_Read  
 112:Generated_Source\PSoC5/SCL_1.c **** *******************************************************************************/
 113:Generated_Source\PSoC5/SCL_1.c **** uint8 SCL_1_Read(void)
 114:Generated_Source\PSoC5/SCL_1.c **** {
 140              		.loc 1 114 0
 141              		.cfi_startproc
 142              		@ args = 0, pretend = 0, frame = 0
 143              		@ frame_needed = 1, uses_anonymous_args = 0
 144              		@ link register save eliminated.
 145 0000 80B4     		push	{r7}
 146              		.cfi_def_cfa_offset 4
 147              		.cfi_offset 7, -4
 148 0002 00AF     		add	r7, sp, #0
 149              		.cfi_def_cfa_register 7
 115:Generated_Source\PSoC5/SCL_1.c ****     return (SCL_1_PS & SCL_1_MASK) >> SCL_1_SHIFT;
 150              		.loc 1 115 0
 151 0004 054B     		ldr	r3, .L9
 152 0006 1B78     		ldrb	r3, [r3]
 153 0008 DBB2     		uxtb	r3, r3
 154 000a 03F01003 		and	r3, r3, #16
 155 000e 1B09     		lsrs	r3, r3, #4
 156 0010 DBB2     		uxtb	r3, r3
 116:Generated_Source\PSoC5/SCL_1.c **** }
 157              		.loc 1 116 0
 158 0012 1846     		mov	r0, r3
 159 0014 BD46     		mov	sp, r7
 160              		.cfi_def_cfa_register 13
 161              		@ sp needed
 162 0016 80BC     		pop	{r7}
 163              		.cfi_restore 7
 164              		.cfi_def_cfa_offset 0
 165 0018 7047     		bx	lr
 166              	.L10:
 167 001a 00BF     		.align	2
 168              	.L9:
 169 001c C1510040 		.word	1073762753
ARM GAS  C:\Users\HPz420\AppData\Local\Temp\ccGCwSic.s 			page 6


 170              		.cfi_endproc
 171              	.LFE2:
 172              		.size	SCL_1_Read, .-SCL_1_Read
 173              		.section	.text.SCL_1_ReadDataReg,"ax",%progbits
 174              		.align	2
 175              		.global	SCL_1_ReadDataReg
 176              		.thumb
 177              		.thumb_func
 178              		.type	SCL_1_ReadDataReg, %function
 179              	SCL_1_ReadDataReg:
 180              	.LFB3:
 117:Generated_Source\PSoC5/SCL_1.c **** 
 118:Generated_Source\PSoC5/SCL_1.c **** 
 119:Generated_Source\PSoC5/SCL_1.c **** /*******************************************************************************
 120:Generated_Source\PSoC5/SCL_1.c **** * Function Name: SCL_1_ReadDataReg
 121:Generated_Source\PSoC5/SCL_1.c **** ****************************************************************************//**
 122:Generated_Source\PSoC5/SCL_1.c **** *
 123:Generated_Source\PSoC5/SCL_1.c **** * \brief Reads the associated physical port's data output register and masks 
 124:Generated_Source\PSoC5/SCL_1.c **** *  the correct bits according to the width and bit position of the component 
 125:Generated_Source\PSoC5/SCL_1.c **** *  instance. 
 126:Generated_Source\PSoC5/SCL_1.c **** *
 127:Generated_Source\PSoC5/SCL_1.c **** * The data output register controls the signal applied to the physical pin in 
 128:Generated_Source\PSoC5/SCL_1.c **** * conjunction with the drive mode parameter. This is not the same as the 
 129:Generated_Source\PSoC5/SCL_1.c **** * preferred SCL_1_Read() API because the 
 130:Generated_Source\PSoC5/SCL_1.c **** * SCL_1_ReadDataReg() reads the data register instead of the status 
 131:Generated_Source\PSoC5/SCL_1.c **** * register. For output pins this is a useful function to determine the value 
 132:Generated_Source\PSoC5/SCL_1.c **** * just written to the pin.
 133:Generated_Source\PSoC5/SCL_1.c **** *
 134:Generated_Source\PSoC5/SCL_1.c **** * \return 
 135:Generated_Source\PSoC5/SCL_1.c **** *  The current value of the data register masked and shifted into a right 
 136:Generated_Source\PSoC5/SCL_1.c **** *  justified number for the component instance.
 137:Generated_Source\PSoC5/SCL_1.c **** *
 138:Generated_Source\PSoC5/SCL_1.c **** * \funcusage
 139:Generated_Source\PSoC5/SCL_1.c **** *  \snippet SCL_1_SUT.c usage_SCL_1_ReadDataReg 
 140:Generated_Source\PSoC5/SCL_1.c **** *******************************************************************************/
 141:Generated_Source\PSoC5/SCL_1.c **** uint8 SCL_1_ReadDataReg(void)
 142:Generated_Source\PSoC5/SCL_1.c **** {
 181              		.loc 1 142 0
 182              		.cfi_startproc
 183              		@ args = 0, pretend = 0, frame = 0
 184              		@ frame_needed = 1, uses_anonymous_args = 0
 185              		@ link register save eliminated.
 186 0000 80B4     		push	{r7}
 187              		.cfi_def_cfa_offset 4
 188              		.cfi_offset 7, -4
 189 0002 00AF     		add	r7, sp, #0
 190              		.cfi_def_cfa_register 7
 143:Generated_Source\PSoC5/SCL_1.c ****     return (SCL_1_DR & SCL_1_MASK) >> SCL_1_SHIFT;
 191              		.loc 1 143 0
 192 0004 054B     		ldr	r3, .L13
 193 0006 1B78     		ldrb	r3, [r3]
 194 0008 DBB2     		uxtb	r3, r3
 195 000a 03F01003 		and	r3, r3, #16
 196 000e 1B09     		lsrs	r3, r3, #4
 197 0010 DBB2     		uxtb	r3, r3
 144:Generated_Source\PSoC5/SCL_1.c **** }
 198              		.loc 1 144 0
ARM GAS  C:\Users\HPz420\AppData\Local\Temp\ccGCwSic.s 			page 7


 199 0012 1846     		mov	r0, r3
 200 0014 BD46     		mov	sp, r7
 201              		.cfi_def_cfa_register 13
 202              		@ sp needed
 203 0016 80BC     		pop	{r7}
 204              		.cfi_restore 7
 205              		.cfi_def_cfa_offset 0
 206 0018 7047     		bx	lr
 207              	.L14:
 208 001a 00BF     		.align	2
 209              	.L13:
 210 001c C0510040 		.word	1073762752
 211              		.cfi_endproc
 212              	.LFE3:
 213              		.size	SCL_1_ReadDataReg, .-SCL_1_ReadDataReg
 214              		.text
 215              	.Letext0:
 216              		.file 2 "Generated_Source\\PSoC5\\cytypes.h"
 217              		.section	.debug_info,"",%progbits
 218              	.Ldebug_info0:
 219 0000 1A010000 		.4byte	0x11a
 220 0004 0400     		.2byte	0x4
 221 0006 00000000 		.4byte	.Ldebug_abbrev0
 222 000a 04       		.byte	0x4
 223 000b 01       		.uleb128 0x1
 224 000c 00000000 		.4byte	.LASF20
 225 0010 0C       		.byte	0xc
 226 0011 CE000000 		.4byte	.LASF21
 227 0015 25010000 		.4byte	.LASF22
 228 0019 00000000 		.4byte	.Ldebug_ranges0+0
 229 001d 00000000 		.4byte	0
 230 0021 00000000 		.4byte	.Ldebug_line0
 231 0025 02       		.uleb128 0x2
 232 0026 01       		.byte	0x1
 233 0027 06       		.byte	0x6
 234 0028 04020000 		.4byte	.LASF0
 235 002c 02       		.uleb128 0x2
 236 002d 01       		.byte	0x1
 237 002e 08       		.byte	0x8
 238 002f 17010000 		.4byte	.LASF1
 239 0033 02       		.uleb128 0x2
 240 0034 02       		.byte	0x2
 241 0035 05       		.byte	0x5
 242 0036 EB010000 		.4byte	.LASF2
 243 003a 02       		.uleb128 0x2
 244 003b 02       		.byte	0x2
 245 003c 07       		.byte	0x7
 246 003d 04010000 		.4byte	.LASF3
 247 0041 02       		.uleb128 0x2
 248 0042 04       		.byte	0x4
 249 0043 05       		.byte	0x5
 250 0044 FB010000 		.4byte	.LASF4
 251 0048 02       		.uleb128 0x2
 252 0049 04       		.byte	0x4
 253 004a 07       		.byte	0x7
 254 004b F2000000 		.4byte	.LASF5
 255 004f 02       		.uleb128 0x2
ARM GAS  C:\Users\HPz420\AppData\Local\Temp\ccGCwSic.s 			page 8


 256 0050 08       		.byte	0x8
 257 0051 05       		.byte	0x5
 258 0052 D8010000 		.4byte	.LASF6
 259 0056 02       		.uleb128 0x2
 260 0057 08       		.byte	0x8
 261 0058 07       		.byte	0x7
 262 0059 BC010000 		.4byte	.LASF7
 263 005d 03       		.uleb128 0x3
 264 005e 04       		.byte	0x4
 265 005f 05       		.byte	0x5
 266 0060 696E7400 		.ascii	"int\000"
 267 0064 02       		.uleb128 0x2
 268 0065 04       		.byte	0x4
 269 0066 07       		.byte	0x7
 270 0067 AF010000 		.4byte	.LASF8
 271 006b 04       		.uleb128 0x4
 272 006c F5010000 		.4byte	.LASF12
 273 0070 02       		.byte	0x2
 274 0071 E401     		.2byte	0x1e4
 275 0073 2C000000 		.4byte	0x2c
 276 0077 02       		.uleb128 0x2
 277 0078 04       		.byte	0x4
 278 0079 04       		.byte	0x4
 279 007a C8000000 		.4byte	.LASF9
 280 007e 02       		.uleb128 0x2
 281 007f 08       		.byte	0x8
 282 0080 04       		.byte	0x4
 283 0081 95010000 		.4byte	.LASF10
 284 0085 02       		.uleb128 0x2
 285 0086 01       		.byte	0x1
 286 0087 08       		.byte	0x8
 287 0088 E6010000 		.4byte	.LASF11
 288 008c 04       		.uleb128 0x4
 289 008d ED000000 		.4byte	.LASF13
 290 0091 02       		.byte	0x2
 291 0092 8E02     		.2byte	0x28e
 292 0094 98000000 		.4byte	0x98
 293 0098 05       		.uleb128 0x5
 294 0099 6B000000 		.4byte	0x6b
 295 009d 06       		.uleb128 0x6
 296 009e AA000000 		.4byte	.LASF14
 297 00a2 01       		.byte	0x1
 298 00a3 39       		.byte	0x39
 299 00a4 00000000 		.4byte	.LFB0
 300 00a8 3C000000 		.4byte	.LFE0-.LFB0
 301 00ac 01       		.uleb128 0x1
 302 00ad 9C       		.byte	0x9c
 303 00ae CF000000 		.4byte	0xcf
 304 00b2 07       		.uleb128 0x7
 305 00b3 8E000000 		.4byte	.LASF16
 306 00b7 01       		.byte	0x1
 307 00b8 39       		.byte	0x39
 308 00b9 6B000000 		.4byte	0x6b
 309 00bd 02       		.uleb128 0x2
 310 00be 91       		.byte	0x91
 311 00bf 6F       		.sleb128 -17
 312 00c0 08       		.uleb128 0x8
ARM GAS  C:\Users\HPz420\AppData\Local\Temp\ccGCwSic.s 			page 9


 313 00c1 9F000000 		.4byte	.LASF23
 314 00c5 01       		.byte	0x1
 315 00c6 3B       		.byte	0x3b
 316 00c7 6B000000 		.4byte	0x6b
 317 00cb 02       		.uleb128 0x2
 318 00cc 91       		.byte	0x91
 319 00cd 77       		.sleb128 -9
 320 00ce 00       		.byte	0
 321 00cf 06       		.uleb128 0x6
 322 00d0 9C010000 		.4byte	.LASF15
 323 00d4 01       		.byte	0x1
 324 00d5 5A       		.byte	0x5a
 325 00d6 00000000 		.4byte	.LFB1
 326 00da 3C000000 		.4byte	.LFE1-.LFB1
 327 00de 01       		.uleb128 0x1
 328 00df 9C       		.byte	0x9c
 329 00e0 F3000000 		.4byte	0xf3
 330 00e4 07       		.uleb128 0x7
 331 00e5 D3010000 		.4byte	.LASF17
 332 00e9 01       		.byte	0x1
 333 00ea 5A       		.byte	0x5a
 334 00eb 6B000000 		.4byte	0x6b
 335 00ef 02       		.uleb128 0x2
 336 00f0 91       		.byte	0x91
 337 00f1 77       		.sleb128 -9
 338 00f2 00       		.byte	0
 339 00f3 09       		.uleb128 0x9
 340 00f4 94000000 		.4byte	.LASF18
 341 00f8 01       		.byte	0x1
 342 00f9 71       		.byte	0x71
 343 00fa 6B000000 		.4byte	0x6b
 344 00fe 00000000 		.4byte	.LFB2
 345 0102 20000000 		.4byte	.LFE2-.LFB2
 346 0106 01       		.uleb128 0x1
 347 0107 9C       		.byte	0x9c
 348 0108 09       		.uleb128 0x9
 349 0109 B6000000 		.4byte	.LASF19
 350 010d 01       		.byte	0x1
 351 010e 8D       		.byte	0x8d
 352 010f 6B000000 		.4byte	0x6b
 353 0113 00000000 		.4byte	.LFB3
 354 0117 20000000 		.4byte	.LFE3-.LFB3
 355 011b 01       		.uleb128 0x1
 356 011c 9C       		.byte	0x9c
 357 011d 00       		.byte	0
 358              		.section	.debug_abbrev,"",%progbits
 359              	.Ldebug_abbrev0:
 360 0000 01       		.uleb128 0x1
 361 0001 11       		.uleb128 0x11
 362 0002 01       		.byte	0x1
 363 0003 25       		.uleb128 0x25
 364 0004 0E       		.uleb128 0xe
 365 0005 13       		.uleb128 0x13
 366 0006 0B       		.uleb128 0xb
 367 0007 03       		.uleb128 0x3
 368 0008 0E       		.uleb128 0xe
 369 0009 1B       		.uleb128 0x1b
ARM GAS  C:\Users\HPz420\AppData\Local\Temp\ccGCwSic.s 			page 10


 370 000a 0E       		.uleb128 0xe
 371 000b 55       		.uleb128 0x55
 372 000c 17       		.uleb128 0x17
 373 000d 11       		.uleb128 0x11
 374 000e 01       		.uleb128 0x1
 375 000f 10       		.uleb128 0x10
 376 0010 17       		.uleb128 0x17
 377 0011 00       		.byte	0
 378 0012 00       		.byte	0
 379 0013 02       		.uleb128 0x2
 380 0014 24       		.uleb128 0x24
 381 0015 00       		.byte	0
 382 0016 0B       		.uleb128 0xb
 383 0017 0B       		.uleb128 0xb
 384 0018 3E       		.uleb128 0x3e
 385 0019 0B       		.uleb128 0xb
 386 001a 03       		.uleb128 0x3
 387 001b 0E       		.uleb128 0xe
 388 001c 00       		.byte	0
 389 001d 00       		.byte	0
 390 001e 03       		.uleb128 0x3
 391 001f 24       		.uleb128 0x24
 392 0020 00       		.byte	0
 393 0021 0B       		.uleb128 0xb
 394 0022 0B       		.uleb128 0xb
 395 0023 3E       		.uleb128 0x3e
 396 0024 0B       		.uleb128 0xb
 397 0025 03       		.uleb128 0x3
 398 0026 08       		.uleb128 0x8
 399 0027 00       		.byte	0
 400 0028 00       		.byte	0
 401 0029 04       		.uleb128 0x4
 402 002a 16       		.uleb128 0x16
 403 002b 00       		.byte	0
 404 002c 03       		.uleb128 0x3
 405 002d 0E       		.uleb128 0xe
 406 002e 3A       		.uleb128 0x3a
 407 002f 0B       		.uleb128 0xb
 408 0030 3B       		.uleb128 0x3b
 409 0031 05       		.uleb128 0x5
 410 0032 49       		.uleb128 0x49
 411 0033 13       		.uleb128 0x13
 412 0034 00       		.byte	0
 413 0035 00       		.byte	0
 414 0036 05       		.uleb128 0x5
 415 0037 35       		.uleb128 0x35
 416 0038 00       		.byte	0
 417 0039 49       		.uleb128 0x49
 418 003a 13       		.uleb128 0x13
 419 003b 00       		.byte	0
 420 003c 00       		.byte	0
 421 003d 06       		.uleb128 0x6
 422 003e 2E       		.uleb128 0x2e
 423 003f 01       		.byte	0x1
 424 0040 3F       		.uleb128 0x3f
 425 0041 19       		.uleb128 0x19
 426 0042 03       		.uleb128 0x3
ARM GAS  C:\Users\HPz420\AppData\Local\Temp\ccGCwSic.s 			page 11


 427 0043 0E       		.uleb128 0xe
 428 0044 3A       		.uleb128 0x3a
 429 0045 0B       		.uleb128 0xb
 430 0046 3B       		.uleb128 0x3b
 431 0047 0B       		.uleb128 0xb
 432 0048 27       		.uleb128 0x27
 433 0049 19       		.uleb128 0x19
 434 004a 11       		.uleb128 0x11
 435 004b 01       		.uleb128 0x1
 436 004c 12       		.uleb128 0x12
 437 004d 06       		.uleb128 0x6
 438 004e 40       		.uleb128 0x40
 439 004f 18       		.uleb128 0x18
 440 0050 9742     		.uleb128 0x2117
 441 0052 19       		.uleb128 0x19
 442 0053 01       		.uleb128 0x1
 443 0054 13       		.uleb128 0x13
 444 0055 00       		.byte	0
 445 0056 00       		.byte	0
 446 0057 07       		.uleb128 0x7
 447 0058 05       		.uleb128 0x5
 448 0059 00       		.byte	0
 449 005a 03       		.uleb128 0x3
 450 005b 0E       		.uleb128 0xe
 451 005c 3A       		.uleb128 0x3a
 452 005d 0B       		.uleb128 0xb
 453 005e 3B       		.uleb128 0x3b
 454 005f 0B       		.uleb128 0xb
 455 0060 49       		.uleb128 0x49
 456 0061 13       		.uleb128 0x13
 457 0062 02       		.uleb128 0x2
 458 0063 18       		.uleb128 0x18
 459 0064 00       		.byte	0
 460 0065 00       		.byte	0
 461 0066 08       		.uleb128 0x8
 462 0067 34       		.uleb128 0x34
 463 0068 00       		.byte	0
 464 0069 03       		.uleb128 0x3
 465 006a 0E       		.uleb128 0xe
 466 006b 3A       		.uleb128 0x3a
 467 006c 0B       		.uleb128 0xb
 468 006d 3B       		.uleb128 0x3b
 469 006e 0B       		.uleb128 0xb
 470 006f 49       		.uleb128 0x49
 471 0070 13       		.uleb128 0x13
 472 0071 02       		.uleb128 0x2
 473 0072 18       		.uleb128 0x18
 474 0073 00       		.byte	0
 475 0074 00       		.byte	0
 476 0075 09       		.uleb128 0x9
 477 0076 2E       		.uleb128 0x2e
 478 0077 00       		.byte	0
 479 0078 3F       		.uleb128 0x3f
 480 0079 19       		.uleb128 0x19
 481 007a 03       		.uleb128 0x3
 482 007b 0E       		.uleb128 0xe
 483 007c 3A       		.uleb128 0x3a
ARM GAS  C:\Users\HPz420\AppData\Local\Temp\ccGCwSic.s 			page 12


 484 007d 0B       		.uleb128 0xb
 485 007e 3B       		.uleb128 0x3b
 486 007f 0B       		.uleb128 0xb
 487 0080 27       		.uleb128 0x27
 488 0081 19       		.uleb128 0x19
 489 0082 49       		.uleb128 0x49
 490 0083 13       		.uleb128 0x13
 491 0084 11       		.uleb128 0x11
 492 0085 01       		.uleb128 0x1
 493 0086 12       		.uleb128 0x12
 494 0087 06       		.uleb128 0x6
 495 0088 40       		.uleb128 0x40
 496 0089 18       		.uleb128 0x18
 497 008a 9742     		.uleb128 0x2117
 498 008c 19       		.uleb128 0x19
 499 008d 00       		.byte	0
 500 008e 00       		.byte	0
 501 008f 00       		.byte	0
 502              		.section	.debug_aranges,"",%progbits
 503 0000 34000000 		.4byte	0x34
 504 0004 0200     		.2byte	0x2
 505 0006 00000000 		.4byte	.Ldebug_info0
 506 000a 04       		.byte	0x4
 507 000b 00       		.byte	0
 508 000c 0000     		.2byte	0
 509 000e 0000     		.2byte	0
 510 0010 00000000 		.4byte	.LFB0
 511 0014 3C000000 		.4byte	.LFE0-.LFB0
 512 0018 00000000 		.4byte	.LFB1
 513 001c 3C000000 		.4byte	.LFE1-.LFB1
 514 0020 00000000 		.4byte	.LFB2
 515 0024 20000000 		.4byte	.LFE2-.LFB2
 516 0028 00000000 		.4byte	.LFB3
 517 002c 20000000 		.4byte	.LFE3-.LFB3
 518 0030 00000000 		.4byte	0
 519 0034 00000000 		.4byte	0
 520              		.section	.debug_ranges,"",%progbits
 521              	.Ldebug_ranges0:
 522 0000 00000000 		.4byte	.LFB0
 523 0004 3C000000 		.4byte	.LFE0
 524 0008 00000000 		.4byte	.LFB1
 525 000c 3C000000 		.4byte	.LFE1
 526 0010 00000000 		.4byte	.LFB2
 527 0014 20000000 		.4byte	.LFE2
 528 0018 00000000 		.4byte	.LFB3
 529 001c 20000000 		.4byte	.LFE3
 530 0020 00000000 		.4byte	0
 531 0024 00000000 		.4byte	0
 532              		.section	.debug_line,"",%progbits
 533              	.Ldebug_line0:
 534 0000 91000000 		.section	.debug_str,"MS",%progbits,1
 534      02004200 
 534      00000201 
 534      FB0E0D00 
 534      01010101 
 535              	.LASF20:
 536 0000 474E5520 		.ascii	"GNU C11 5.4.1 20160609 (release) [ARM/embedded-5-br"
ARM GAS  C:\Users\HPz420\AppData\Local\Temp\ccGCwSic.s 			page 13


 536      43313120 
 536      352E342E 
 536      31203230 
 536      31363036 
 537 0033 616E6368 		.ascii	"anch revision 237715] -mcpu=cortex-m3 -mthumb -g -O"
 537      20726576 
 537      6973696F 
 537      6E203233 
 537      37373135 
 538 0066 30202D66 		.ascii	"0 -ffunction-sections -ffat-lto-objects\000"
 538      66756E63 
 538      74696F6E 
 538      2D736563 
 538      74696F6E 
 539              	.LASF16:
 540 008e 76616C75 		.ascii	"value\000"
 540      6500
 541              	.LASF18:
 542 0094 53434C5F 		.ascii	"SCL_1_Read\000"
 542      315F5265 
 542      616400
 543              	.LASF23:
 544 009f 73746174 		.ascii	"staticBits\000"
 544      69634269 
 544      747300
 545              	.LASF14:
 546 00aa 53434C5F 		.ascii	"SCL_1_Write\000"
 546      315F5772 
 546      69746500 
 547              	.LASF19:
 548 00b6 53434C5F 		.ascii	"SCL_1_ReadDataReg\000"
 548      315F5265 
 548      61644461 
 548      74615265 
 548      6700
 549              	.LASF9:
 550 00c8 666C6F61 		.ascii	"float\000"
 550      7400
 551              	.LASF21:
 552 00ce 47656E65 		.ascii	"Generated_Source\\PSoC5\\SCL_1.c\000"
 552      72617465 
 552      645F536F 
 552      75726365 
 552      5C50536F 
 553              	.LASF13:
 554 00ed 72656738 		.ascii	"reg8\000"
 554      00
 555              	.LASF5:
 556 00f2 6C6F6E67 		.ascii	"long unsigned int\000"
 556      20756E73 
 556      69676E65 
 556      6420696E 
 556      7400
 557              	.LASF3:
 558 0104 73686F72 		.ascii	"short unsigned int\000"
 558      7420756E 
 558      7369676E 
ARM GAS  C:\Users\HPz420\AppData\Local\Temp\ccGCwSic.s 			page 14


 558      65642069 
 558      6E7400
 559              	.LASF1:
 560 0117 756E7369 		.ascii	"unsigned char\000"
 560      676E6564 
 560      20636861 
 560      7200
 561              	.LASF22:
 562 0125 433A5C55 		.ascii	"C:\\Users\\HPz420\\Documents\\GitHub\\Retro-Compute"
 562      73657273 
 562      5C48507A 
 562      3432305C 
 562      446F6375 
 563 0153 72735C5A 		.ascii	"rs\\Z80\\PSOC\\PSOC_Design_Files\\FrontPanelI2CIO8\\"
 563      38305C50 
 563      534F435C 
 563      50534F43 
 563      5F446573 
 564 0182 55534246 		.ascii	"USBFS_UART01.cydsn\000"
 564      535F5541 
 564      52543031 
 564      2E637964 
 564      736E00
 565              	.LASF10:
 566 0195 646F7562 		.ascii	"double\000"
 566      6C6500
 567              	.LASF15:
 568 019c 53434C5F 		.ascii	"SCL_1_SetDriveMode\000"
 568      315F5365 
 568      74447269 
 568      76654D6F 
 568      646500
 569              	.LASF8:
 570 01af 756E7369 		.ascii	"unsigned int\000"
 570      676E6564 
 570      20696E74 
 570      00
 571              	.LASF7:
 572 01bc 6C6F6E67 		.ascii	"long long unsigned int\000"
 572      206C6F6E 
 572      6720756E 
 572      7369676E 
 572      65642069 
 573              	.LASF17:
 574 01d3 6D6F6465 		.ascii	"mode\000"
 574      00
 575              	.LASF6:
 576 01d8 6C6F6E67 		.ascii	"long long int\000"
 576      206C6F6E 
 576      6720696E 
 576      7400
 577              	.LASF11:
 578 01e6 63686172 		.ascii	"char\000"
 578      00
 579              	.LASF2:
 580 01eb 73686F72 		.ascii	"short int\000"
 580      7420696E 
ARM GAS  C:\Users\HPz420\AppData\Local\Temp\ccGCwSic.s 			page 15


 580      7400
 581              	.LASF12:
 582 01f5 75696E74 		.ascii	"uint8\000"
 582      3800
 583              	.LASF4:
 584 01fb 6C6F6E67 		.ascii	"long int\000"
 584      20696E74 
 584      00
 585              	.LASF0:
 586 0204 7369676E 		.ascii	"signed char\000"
 586      65642063 
 586      68617200 
 587              		.ident	"GCC: (GNU Tools for ARM Embedded Processors) 5.4.1 20160609 (release) [ARM/embedded-5-bran
