       1                                         .title test39
       2                                
       3                                ;
       4                                ; general purpose register definitions
       5                                ;
       6 000000                         r0       = %0
       7 000001                         r1       = %1
       8 000002                         r2       = %2
       9 000003                         r3       = %3
      10 000004                         r4       = %4
      11 000005                         r5       = %5
      12 000006                         r6       = %6
      13 000007                         r7       = %7
      14 000006                         sp       = %6
      15 000007                         pc       = %7
      16 000000                         ac0      = %0
      17 000001                         ac1      = %1
      18 000002                         ac2      = %2
      19 000003                         ac3      = %3
      20 000004                         ac4      = %4
      21 000005                         ac5      = %5
      22                                ;
      23                                ; start of test
      24                                ;
      25                                t39:
      26                                
      27 000000 005001                           clr r1
      28                                10$:
      29 000002 010137  177570                   mov r1,@#177570
      30 000006 005201                           inc r1
      31 000010 000774                           br 10$
      32                                
      33 000012 012706  001000                   mov #1000,r6
      34 000016 004636                           jsr r6,@(r6)+
      35 000020 000000                           halt
      36                                blup:
      37 000022 000206                           rts r6
      38 000024 012700  100000                   mov #100000,r0
      39 000030 005001                           clr r1
      40 000032 073027  000137                   ashc #137,r0
      41 000036 050001                           bis r0,r1
      42 000040 001012                           bne 40$
      43 000042 052737  004000  177776           bis #4000,@#177776
      44 000050 170011                           setd
      45 000052 005001                           clr r1
      46 000054 172427  123456                   ldd #123456,ac0
      47 000060 175001                           stexp ac0,r1
      48 000062 005701                           tst r1
      49 000064 001001                           bne 60$
      50                                40$:
      51 000066 000000                           halt
      52                                60$:
      53 000070 172567  000052                   ldf boe0,r1
      54 000074 170011                           setd
      55 000076 170012                           setl
      56 000100 177267  000052                   ldcld boe,r2
      57 000104 170601                           absf r1
      58 000106 000000                  halt
      59 000110 170002                           seti
      60 000112 171267  000050                   muld boe2,r2
      61 000116 174502                           divd r2,r1
      62 000120 000000                           halt
      63                                ;
      64 000122 012706  001000                   mov #1000,sp
      65 000126 012746  000200                   mov #b,-(sp)
      66 000132 000136                           jmp @(sp)+
      67 000134 000000                           halt
      68                                ;         clr r2
      69                                ;         mov pc,22(r2)
      70                                ;         mov pc,@a
      71                                ;         halt
      72                                ;         jsr pc,@(sp)+
      73 000136 010746                           mov pc,-(sp)
      74 000140 062716  000040                   add #b-.,(sp)
      75 000144 004736                           jsr pc,@(sp)+
      76                                boe0:
      77 000146 036634  033220  000000           .word 36634,33220,0,0
         000154 000000                  
      78                                boe:
      79 000156 000000  000100  000000           .word 0,100,0,37403
         000164 037403                  
      80                                boe2:
      81 000166 041200  000000  000000           .word 41200,0,0,0
         000174 000000                  
      82 000176 000000                  a:       .word
      83 000200 000207                  b:       rts pc
      84 000202 000205                           rts r5
      84                                
