       1                                         .title m9312h43 - standalone high rom - show model and config, then boot rp - for testing rp
       2                                
       3                                ;--
       4                                ;-- Copyright (c) 2008-2019 Sytse van Slooten
       5                                ;--
       6                                ;-- Permission is hereby granted to any person obtaining a copy of these VHDL source files and
       7                                ;-- other language source files and associated documentation files ("the materials") to use
       8                                ;-- these materials solely for personal, non-commercial purposes.
       9                                ;-- You are also granted permission to make changes to the materials, on the condition that this
      10                                ;-- copyright notice is retained unchanged.
      11                                ;--
      12                                ;-- The materials are distributed in the hope that they will be useful, but WITHOUT ANY WARRANTY;
      13                                ;-- without even the implied warranty of MERCHANTABILITY or FITNESS FOR A PARTICULAR PURPOSE.
      14                                ;--
      15                                ;
      16                                ; general purpose register definitions
      17                                ;
      18 000000                         r0       = %0
      19 000001                         r1       = %1
      20 000002                         r2       = %2
      21 000003                         r3       = %3
      22 000004                         r4       = %4
      23 000005                         r5       = %5
      24 000006                         r6       = %6
      25 000007                         r7       = %7
      26 000006                         sp       = %6
      27 000007                         pc       = %7
      28                                
      29 000000 010037  000000                   mov r0,@#0         ; trick to show data on bus, for testing. Remove this
      30 000004 013700  000000                   mov @#0,r0
      31                                
      32 000010 012702  173506                   mov #hello+173000,r2
      33 000014 012705  173024                   mov #m000+173000,r5
      34 000020 000167  000430                   jmp barf
      35                                m000:
      36                                ;
      37                                ; decode cpu modelcode, should be in kernel r0 after reset
      38                                ;
      39 000024 012702  000057                   mov #47.,r2
      40                                m100:
      41 000030 005202                           inc r2
      42 000032 020027  000012                   cmp r0,#10.
      43 000036 002403                           blt m200
      44 000040 162700  000012                   sub #10.,r0
      45 000044 000771                           br m100
      46                                m200:
      47 000046 062700  000060                   add #48.,r0
      48 000052 105737  177564                   tstb @#177564
      49 000056 100375                           bpl .-4
      50 000060 110237  177566                   movb r2,@#177566
      51 000064 105737  177564                   tstb @#177564
      52 000070 100375                           bpl .-4
      53 000072 110037  177566                   movb r0,@#177566
      54                                ;
      55                                ; probe for fpu
      56                                ;
      57 000076 012705  173130                   mov #fpuend+173000,r5
      58 000102 012706  002000                   mov #2000,sp
      59 000106 010537  000010                   mov r5,@#10
      60 000112 005037  000012                   clr @#12
      61 000116 170001                           setf
      62 000120 012702  173550                   mov #fpu+173000,r2
      63 000124 000167  000324                   jmp barf
      64                                fpuend:
      65                                ;
      66                                ; probe for mmu
      67                                ;
      68 000130 012705  173150                   mov #ktend+173000,r5
      69 000134 012701  177572                   mov #177572,r1
      70 000140 012702  173555                   mov #kt11a+173000,r2
      71 000144 000167  000266                   jmp pbarf
      72                                ktend:
      73                                ;
      74                                ; probe for mmu ubm
      75                                ;
      76 000150 012705  173170                   mov #ubend+173000,r5
      77 000154 012701  170200                   mov #170200,r1
      78 000160 012702  173562                   mov #ubma+173000,r2
      79 000164 000167  000246                   jmp pbarf
      80                                ubend:
      81                                ;
      82                                ; probe for kw controller
      83                                ;
      84 000170 012705  173210                   mov #kwend+173000,r5
      85 000174 012701  177564                   mov #177564,r1
      86 000200 012702  173567                   mov #kw11a+173000,r2
      87 000204 000167  000226                   jmp pbarf
      88                                kwend:
      89                                ;
      90                                ; probe for slu controller
      91                                ;
      92 000210 012705  173230                   mov #slend+173000,r5
      93 000214 012701  177560                   mov #177560,r1
      94 000220 012702  173574                   mov #slu+173000,r2
      95 000224 000167  000206                   jmp pbarf
      96                                slend:
      97                                ;
      98                                ;
      99                                ;
     100 000230 012702  173545                   mov #hello2+173000,r2
     101 000234 012705  173244                   mov #l1+173000,r5
     102 000240 000167  000210                   jmp barf
     103                                l1:
     104                                ;
     105                                ; copied (more or less) from simh
     106                                ;
     107 000244 012704  173376                   mov #panic+173000,r4           ; if probe fails, brl
     108 000250 012705  173270                   mov #brp+173000,r5             ; if probe ok, brp
     109 000254 012701  176700                   mov #176700,r1
     110 000260 012702  173600                   mov #bootrp+173000,r2
     111 000264 000167  000124                   jmp cbarf
     112                                ;
     113                                brp:
     114 000270 012706  002000                   mov #2000,sp
     115 000274 005000                           clr r0
     116 000276 012701  176700                   mov #176700,r1              ; address rpcs1
     117 000302 012761  000040  000010           mov #40,10(r1)              ; set cs2_clr - clear drive
     118 000310 010061  000010                   mov r0,10(r1)               ; set unit = 0
     119 000314 012711  000021                   mov #21,(r1)                ; cmd 21, read-in-preset
     120 000320 012761  010000  000032           mov #10000,32(r1)           ; fmt16b on
     121 000326 012761  177000  000002           mov #-512.,2(r1)            ; load wc
     122 000334 005061  000004                   clr 4(r1)                   ; clear ba
     123 000340 005061  000006                   clr 6(r1)                   ; clear da
     124 000344 005061  000034                   clr 34(r1)                  ; clear cyl
     125 000350 012711  000071                   mov #71,(r1)                ; read
     126 000354 105711                           tstb (r1)                   ; wait for ready
     127 000356 100376                           bpl .-2                     ; loop
     128 000360 005002                           clr r2
     129 000362 005003                           clr r3
     130 000364 012704  002020                   mov #2020,r4
     131 000370 005005                           clr r5
     132 000372 105011                           clrb (r1)
     133 000374 005007                           clr pc
     134                                ;
     135                                panic:
     136 000376 012702  173620                   mov #noboot+173000,r2
     137 000402 012705  173412                   mov #nob2+173000,r5
     138 000406 000167  000042                   jmp barf
     139                                nob2:
     140 000412 000000                           halt
     141                                ;
     142                                ; subroutines
     143                                ;
     144                                cbarf:
     145 000414 012706  002000                   mov #2000,sp
     146 000420 005037  000006                   clr @#6
     147 000424 010437  000004                   mov r4,@#4
     148 000430 005711                           tst (r1)
     149 000432 000167  000016                   jmp barf
     150                                pbarf:
     151 000436 012706  002000                   mov #2000,sp
     152 000442 005037  000006                   clr @#6
     153 000446 010537  000004                   mov r5,@#4
     154 000452 005711                           tst (r1)
     155                                barf:
     156 000454 005037  000004                   clr @#4
     157 000460 005037  000010                   clr @#10
     158 000464 105737  177564                   tstb @#177564
     159 000470 100375                           bpl .-4
     160 000472 112203                           movb (r2)+,r3
     161 000474 001403                           beq .+10
     162 000476 110337  177566                   movb r3, @#177566
     163 000502 000770                           br .-16
     164 000504 000115                           jmp (r5)
     165                                ;
     166                                ; data
     167                                ;
     168                                         .even
     169                                
     170 000506    040     015     012  hello:   .ascii / /<15><12>
     171 000511    110     145     154           .asciz /Hello, world [t43]: cpu 11/<57>
         000514    154     157     054  
         000517    040     167     157  
         000522    162     154     144  
         000525    040     133     164  
         000530    064     063     135  
         000533    072     040     143  
         000536    160     165     040  
         000541    061     061     057  
         000544    000                  
     172 000545    015     012     000  hello2:  .asciz <15><12>
     173                                
     174 000550    040     146     160  fpu:     .asciz / fpu/
         000553    165     000          
     175 000555    040     155     155  kt11a:   .asciz / mmu/
         000560    165     000          
     176 000562    040     165     142  ubma:    .asciz / ubm/
         000565    155     000          
     177 000567    040     154     143  kw11a:   .asciz / lck/
         000572    153     000          
     178 000574    040     164     164  slu:     .asciz / tt/
         000577    000                  
     179                                ;rk11a:   .asciz / rk/
     180                                ;rl11a:   .asciz / rl/
     181                                
     182 000600    142     157     157  bootrp:  .asciz /boot from rp:/<15><12>
         000603    164     040     146  
         000606    162     157     155  
         000611    040     162     160  
         000614    072     015     012  
         000617    000                  
     183 000620    156     157     040  noboot:  .asciz /no dev/<15><12>
         000623    144     145     166  
         000626    015     012     000  
     184 000631    000                           .even
     184                                
