File:  p1-dec.c
   339=  /*  if (*(sym->ssubs)==0 && dclass!=EXTN && blklev!=1)
   494=        if (!(subsptr = symloc->ssubs)) {
   495=          if (typdfsym && typdfsym->ssubs) {
   496=            symloc->ssubs = nxtdim;
   497=            p = typdfsym->ssubs;
   552=          if (subsptr != symloc->ssubs)
   562=        if (!symloc->ssubs) {
   563=          symloc->ssubs = nxtdim;
   569=            if (subsptr == symloc->ssubs) {
   817=    for (aptr=sym->ssubs; *aptr != (-1); aptr++)
   841=    p->stype = p->sclass = p->ssubs = p->sstrct = 0;
File:  p1-exp.c
   503=    if (sym->ssubs)
   504=      cursubs = sym->ssubs;
   555=    sym->ssubs = nxtdim;
   696=      if (symloc->ssubs)
   697=        cursubs = symloc->ssubs;
File:  p1-int.c
   386=    return(insubs(p, p->ssubs));
File:  p1-typ.c
   585=    pszsym.ssubs = cursubs;
  1183=    pszsym.ssubs = 0;
