ARM GAS  C:\Users\HPz420\AppData\Local\Temp\ccf4Kchg.s 			page 1


   1              		.syntax unified
   2              		.cpu cortex-m3
   3              		.fpu softvfp
   4              		.eabi_attribute 20, 1
   5              		.eabi_attribute 21, 1
   6              		.eabi_attribute 23, 3
   7              		.eabi_attribute 24, 1
   8              		.eabi_attribute 25, 1
   9              		.eabi_attribute 26, 1
  10              		.eabi_attribute 30, 1
  11              		.eabi_attribute 34, 1
  12              		.eabi_attribute 18, 4
  13              		.thumb
  14              		.syntax unified
  15              		.file	"LoadSRAM.c"
  16              		.text
  17              	.Ltext0:
  18              		.cfi_sections	.debug_frame
  19              		.section	.text.loadSRAM,"ax",%progbits
  20              		.align	2
  21              		.global	loadSRAM
  22              		.thumb
  23              		.thumb_func
  24              		.type	loadSRAM, %function
  25              	loadSRAM:
  26              	.LFB63:
  27              		.file 1 "LoadSRAM.c"
   1:LoadSRAM.c    **** /* ========================================
   2:LoadSRAM.c    ****  *
   3:LoadSRAM.c    ****  * Copyright LAND BOARDS, LLC, 2019
   4:LoadSRAM.c    ****  * All Rights Reserved
   5:LoadSRAM.c    ****  * UNPUBLISHED, LICENSED SOFTWARE.
   6:LoadSRAM.c    ****  *
   7:LoadSRAM.c    ****  * CONFIDENTIAL AND PROPRIETARY INFORMATION
   8:LoadSRAM.c    ****  * WHICH IS THE PROPERTY OF Land Boards, LLC.
   9:LoadSRAM.c    ****  *
  10:LoadSRAM.c    ****  * ========================================
  11:LoadSRAM.c    **** */
  12:LoadSRAM.c    **** /* http://srecord.sourceforge.net/ */
  13:LoadSRAM.c    **** 
  14:LoadSRAM.c    **** #include "project.h"
  15:LoadSRAM.c    **** #include "ExtSRAM.h"
  16:LoadSRAM.c    **** 
  17:LoadSRAM.c    **** const unsigned char eprom[] =
  18:LoadSRAM.c    **** {
  19:LoadSRAM.c    **** 0x5A, 0x38, 0x30, 0x52, 0x4D, 0x46, 0x31, 0x32, 0x52, 0x00, 0x00, 0x00,
  20:LoadSRAM.c    **** 0x1C, 0x00, 0x00, 0x00, 0x38, 0x00, 0x00, 0x00, 0xFF, 0xFF, 0xFF, 0xFF,
  21:LoadSRAM.c    **** 0x57, 0x00, 0x00, 0x00, 0x43, 0x08, 0x00, 0x6C, 0x6F, 0x6F, 0x70, 0x2E,
  22:LoadSRAM.c    **** 0x61, 0x73, 0x6D, 0x03, 0x00, 0x00, 0x00, 0x00, 0x00, 0x00, 0x01, 0x00,
  23:LoadSRAM.c    **** 0x00, 0x04, 0x00, 0x6C, 0x6F, 0x6F, 0x70, 0x00, 0x4C, 0x41, 0x00, 0x00,
  24:LoadSRAM.c    **** 0x00, 0x00, 0x00, 0x04, 0x6C, 0x6F, 0x6F, 0x70, 0x08, 0x6C, 0x6F, 0x6F,
  25:LoadSRAM.c    **** 0x70, 0x2E, 0x61, 0x73, 0x6D, 0x02, 0x00, 0x00, 0x00, 0x00, 0x04, 0x6C,
  26:LoadSRAM.c    **** 0x6F, 0x6F, 0x70, 0x03, 0x00, 0x00, 0x00, 0x00, 0xFF, 0xFF, 0xFF, 0xFF,
  27:LoadSRAM.c    **** 0x01, 0x00, 0x00, 0x00, 0xC3, 0x00, 0x00, 0xFF, 0xFF, 0xFF, 0xFF,
  28:LoadSRAM.c    **** };
  29:LoadSRAM.c    **** const unsigned long eprom_termination = 0x00000000;
  30:LoadSRAM.c    **** const unsigned long eprom_start       = 0x00000000;
ARM GAS  C:\Users\HPz420\AppData\Local\Temp\ccf4Kchg.s 			page 2


  31:LoadSRAM.c    **** const unsigned long eprom_finish      = 0x0000006B;
  32:LoadSRAM.c    **** const unsigned long eprom_length      = 0x0000006B;
  33:LoadSRAM.c    **** 
  34:LoadSRAM.c    **** #define EPROM_TERMINATION 0x00000000
  35:LoadSRAM.c    **** #define EPROM_START       0x00000000
  36:LoadSRAM.c    **** #define EPROM_FINISH      0x0000006B
  37:LoadSRAM.c    **** #define EPROM_LENGTH      0x0000006B
  38:LoadSRAM.c    **** 
  39:LoadSRAM.c    **** void loadSRAM(void)
  40:LoadSRAM.c    **** {
  28              		.loc 1 40 0
  29              		.cfi_startproc
  30              		@ args = 0, pretend = 0, frame = 0
  31              		@ frame_needed = 0, uses_anonymous_args = 0
  32 0000 70B5     		push	{r4, r5, r6, lr}
  33              		.cfi_def_cfa_offset 16
  34              		.cfi_offset 4, -16
  35              		.cfi_offset 5, -12
  36              		.cfi_offset 6, -8
  37              		.cfi_offset 14, -4
  38              	.LVL0:
  41:LoadSRAM.c    ****     uint32 charCount = EPROM_LENGTH;
  42:LoadSRAM.c    ****     uint32 SRAMAddr = EPROM_START;
  43:LoadSRAM.c    ****     uint32 epromListOffset = 0;
  39              		.loc 1 43 0
  40 0002 0024     		movs	r4, #0
  42:LoadSRAM.c    ****     uint32 epromListOffset = 0;
  41              		.loc 1 42 0
  42 0004 2646     		mov	r6, r4
  44:LoadSRAM.c    ****     
  45:LoadSRAM.c    ****     for (charCount = 0; charCount < EPROM_LENGTH; charCount++)
  43              		.loc 1 45 0
  44 0006 2546     		mov	r5, r4
  45 0008 07E0     		b	.L2
  46              	.LVL1:
  47              	.L3:
  46:LoadSRAM.c    ****     {
  47:LoadSRAM.c    ****         WriteExtSRAM(SRAMAddr,eprom[epromListOffset]);
  48              		.loc 1 47 0 discriminator 3
  49 000a 054B     		ldr	r3, .L5
  50 000c 195D     		ldrb	r1, [r3, r4]	@ zero_extendqisi2
  51 000e 3046     		mov	r0, r6
  52 0010 FFF7FEFF 		bl	WriteExtSRAM
  53              	.LVL2:
  48:LoadSRAM.c    ****         SRAMAddr++;
  54              		.loc 1 48 0 discriminator 3
  55 0014 0136     		adds	r6, r6, #1
  56              	.LVL3:
  49:LoadSRAM.c    ****         epromListOffset++;
  57              		.loc 1 49 0 discriminator 3
  58 0016 0134     		adds	r4, r4, #1
  59              	.LVL4:
  45:LoadSRAM.c    ****     {
  60              		.loc 1 45 0 discriminator 3
  61 0018 0135     		adds	r5, r5, #1
  62              	.LVL5:
  63              	.L2:
ARM GAS  C:\Users\HPz420\AppData\Local\Temp\ccf4Kchg.s 			page 3


  45:LoadSRAM.c    ****     {
  64              		.loc 1 45 0 is_stmt 0 discriminator 1
  65 001a 6A2D     		cmp	r5, #106
  66 001c F5D9     		bls	.L3
  50:LoadSRAM.c    ****     }
  51:LoadSRAM.c    ****     
  52:LoadSRAM.c    **** }
  67              		.loc 1 52 0 is_stmt 1
  68 001e 70BD     		pop	{r4, r5, r6, pc}
  69              	.LVL6:
  70              	.L6:
  71              		.align	2
  72              	.L5:
  73 0020 00000000 		.word	.LANCHOR0
  74              		.cfi_endproc
  75              	.LFE63:
  76              		.size	loadSRAM, .-loadSRAM
  77              		.global	eprom_length
  78              		.global	eprom_finish
  79              		.global	eprom_start
  80              		.global	eprom_termination
  81              		.global	eprom
  82              		.section	.rodata
  83              		.align	2
  84              		.set	.LANCHOR0,. + 0
  85              		.type	eprom, %object
  86              		.size	eprom, 107
  87              	eprom:
  88 0000 5A       		.byte	90
  89 0001 38       		.byte	56
  90 0002 30       		.byte	48
  91 0003 52       		.byte	82
  92 0004 4D       		.byte	77
  93 0005 46       		.byte	70
  94 0006 31       		.byte	49
  95 0007 32       		.byte	50
  96 0008 52       		.byte	82
  97 0009 00       		.byte	0
  98 000a 00       		.byte	0
  99 000b 00       		.byte	0
 100 000c 1C       		.byte	28
 101 000d 00       		.byte	0
 102 000e 00       		.byte	0
 103 000f 00       		.byte	0
 104 0010 38       		.byte	56
 105 0011 00       		.byte	0
 106 0012 00       		.byte	0
 107 0013 00       		.byte	0
 108 0014 FF       		.byte	-1
 109 0015 FF       		.byte	-1
 110 0016 FF       		.byte	-1
 111 0017 FF       		.byte	-1
 112 0018 57       		.byte	87
 113 0019 00       		.byte	0
 114 001a 00       		.byte	0
 115 001b 00       		.byte	0
 116 001c 43       		.byte	67
ARM GAS  C:\Users\HPz420\AppData\Local\Temp\ccf4Kchg.s 			page 4


 117 001d 08       		.byte	8
 118 001e 00       		.byte	0
 119 001f 6C       		.byte	108
 120 0020 6F       		.byte	111
 121 0021 6F       		.byte	111
 122 0022 70       		.byte	112
 123 0023 2E       		.byte	46
 124 0024 61       		.byte	97
 125 0025 73       		.byte	115
 126 0026 6D       		.byte	109
 127 0027 03       		.byte	3
 128 0028 00       		.byte	0
 129 0029 00       		.byte	0
 130 002a 00       		.byte	0
 131 002b 00       		.byte	0
 132 002c 00       		.byte	0
 133 002d 00       		.byte	0
 134 002e 01       		.byte	1
 135 002f 00       		.byte	0
 136 0030 00       		.byte	0
 137 0031 04       		.byte	4
 138 0032 00       		.byte	0
 139 0033 6C       		.byte	108
 140 0034 6F       		.byte	111
 141 0035 6F       		.byte	111
 142 0036 70       		.byte	112
 143 0037 00       		.byte	0
 144 0038 4C       		.byte	76
 145 0039 41       		.byte	65
 146 003a 00       		.byte	0
 147 003b 00       		.byte	0
 148 003c 00       		.byte	0
 149 003d 00       		.byte	0
 150 003e 00       		.byte	0
 151 003f 04       		.byte	4
 152 0040 6C       		.byte	108
 153 0041 6F       		.byte	111
 154 0042 6F       		.byte	111
 155 0043 70       		.byte	112
 156 0044 08       		.byte	8
 157 0045 6C       		.byte	108
 158 0046 6F       		.byte	111
 159 0047 6F       		.byte	111
 160 0048 70       		.byte	112
 161 0049 2E       		.byte	46
 162 004a 61       		.byte	97
 163 004b 73       		.byte	115
 164 004c 6D       		.byte	109
 165 004d 02       		.byte	2
 166 004e 00       		.byte	0
 167 004f 00       		.byte	0
 168 0050 00       		.byte	0
 169 0051 00       		.byte	0
 170 0052 04       		.byte	4
 171 0053 6C       		.byte	108
 172 0054 6F       		.byte	111
 173 0055 6F       		.byte	111
ARM GAS  C:\Users\HPz420\AppData\Local\Temp\ccf4Kchg.s 			page 5


 174 0056 70       		.byte	112
 175 0057 03       		.byte	3
 176 0058 00       		.byte	0
 177 0059 00       		.byte	0
 178 005a 00       		.byte	0
 179 005b 00       		.byte	0
 180 005c FF       		.byte	-1
 181 005d FF       		.byte	-1
 182 005e FF       		.byte	-1
 183 005f FF       		.byte	-1
 184 0060 01       		.byte	1
 185 0061 00       		.byte	0
 186 0062 00       		.byte	0
 187 0063 00       		.byte	0
 188 0064 C3       		.byte	-61
 189 0065 00       		.byte	0
 190 0066 00       		.byte	0
 191 0067 FF       		.byte	-1
 192 0068 FF       		.byte	-1
 193 0069 FF       		.byte	-1
 194 006a FF       		.byte	-1
 195 006b 00       		.space	1
 196              		.type	eprom_length, %object
 197              		.size	eprom_length, 4
 198              	eprom_length:
 199 006c 6B000000 		.word	107
 200              		.type	eprom_finish, %object
 201              		.size	eprom_finish, 4
 202              	eprom_finish:
 203 0070 6B000000 		.word	107
 204              		.type	eprom_start, %object
 205              		.size	eprom_start, 4
 206              	eprom_start:
 207 0074 00000000 		.space	4
 208              		.type	eprom_termination, %object
 209              		.size	eprom_termination, 4
 210              	eprom_termination:
 211 0078 00000000 		.space	4
 212              		.text
 213              	.Letext0:
 214              		.file 2 "c:\\program files (x86)\\cypress\\psoc creator\\4.2\\psoc creator\\import\\gnu\\arm\\5.4.
 215              		.file 3 "c:\\program files (x86)\\cypress\\psoc creator\\4.2\\psoc creator\\import\\gnu\\arm\\5.4.
 216              		.file 4 "Generated_Source\\PSoC5/cytypes.h"
 217              		.file 5 "Generated_Source\\PSoC5/core_cm3.h"
 218              		.file 6 "ExtSRAM.h"
 219              		.section	.debug_info,"",%progbits
 220              	.Ldebug_info0:
 221 0000 9E010000 		.4byte	0x19e
 222 0004 0400     		.2byte	0x4
 223 0006 00000000 		.4byte	.Ldebug_abbrev0
 224 000a 04       		.byte	0x4
 225 000b 01       		.uleb128 0x1
 226 000c E4000000 		.4byte	.LASF26
 227 0010 0C       		.byte	0xc
 228 0011 42000000 		.4byte	.LASF27
 229 0015 59000000 		.4byte	.LASF28
 230 0019 00000000 		.4byte	.Ldebug_ranges0+0
ARM GAS  C:\Users\HPz420\AppData\Local\Temp\ccf4Kchg.s 			page 6


 231 001d 00000000 		.4byte	0
 232 0021 00000000 		.4byte	.Ldebug_line0
 233 0025 02       		.uleb128 0x2
 234 0026 01       		.byte	0x1
 235 0027 06       		.byte	0x6
 236 0028 45020000 		.4byte	.LASF0
 237 002c 02       		.uleb128 0x2
 238 002d 01       		.byte	0x1
 239 002e 08       		.byte	0x8
 240 002f D6000000 		.4byte	.LASF1
 241 0033 02       		.uleb128 0x2
 242 0034 02       		.byte	0x2
 243 0035 05       		.byte	0x5
 244 0036 1D020000 		.4byte	.LASF2
 245 003a 02       		.uleb128 0x2
 246 003b 02       		.byte	0x2
 247 003c 07       		.byte	0x7
 248 003d 84010000 		.4byte	.LASF3
 249 0041 03       		.uleb128 0x3
 250 0042 00000000 		.4byte	.LASF9
 251 0046 02       		.byte	0x2
 252 0047 3F       		.byte	0x3f
 253 0048 4C000000 		.4byte	0x4c
 254 004c 02       		.uleb128 0x2
 255 004d 04       		.byte	0x4
 256 004e 05       		.byte	0x5
 257 004f 30020000 		.4byte	.LASF4
 258 0053 02       		.uleb128 0x2
 259 0054 04       		.byte	0x4
 260 0055 07       		.byte	0x7
 261 0056 72010000 		.4byte	.LASF5
 262 005a 02       		.uleb128 0x2
 263 005b 08       		.byte	0x8
 264 005c 05       		.byte	0x5
 265 005d FE010000 		.4byte	.LASF6
 266 0061 02       		.uleb128 0x2
 267 0062 08       		.byte	0x8
 268 0063 07       		.byte	0x7
 269 0064 D6010000 		.4byte	.LASF7
 270 0068 04       		.uleb128 0x4
 271 0069 04       		.byte	0x4
 272 006a 05       		.byte	0x5
 273 006b 696E7400 		.ascii	"int\000"
 274 006f 02       		.uleb128 0x2
 275 0070 04       		.byte	0x4
 276 0071 07       		.byte	0x7
 277 0072 C9010000 		.4byte	.LASF8
 278 0076 03       		.uleb128 0x3
 279 0077 ED010000 		.4byte	.LASF10
 280 007b 03       		.byte	0x3
 281 007c 2C       		.byte	0x2c
 282 007d 41000000 		.4byte	0x41
 283 0081 05       		.uleb128 0x5
 284 0082 B5010000 		.4byte	.LASF11
 285 0086 04       		.byte	0x4
 286 0087 E601     		.2byte	0x1e6
 287 0089 53000000 		.4byte	0x53
ARM GAS  C:\Users\HPz420\AppData\Local\Temp\ccf4Kchg.s 			page 7


 288 008d 02       		.uleb128 0x2
 289 008e 04       		.byte	0x4
 290 008f 04       		.byte	0x4
 291 0090 53000000 		.4byte	.LASF12
 292 0094 02       		.uleb128 0x2
 293 0095 08       		.byte	0x8
 294 0096 04       		.byte	0x4
 295 0097 AE010000 		.4byte	.LASF13
 296 009b 02       		.uleb128 0x2
 297 009c 01       		.byte	0x1
 298 009d 08       		.byte	0x8
 299 009e 18020000 		.4byte	.LASF14
 300 00a2 02       		.uleb128 0x2
 301 00a3 08       		.byte	0x8
 302 00a4 04       		.byte	0x4
 303 00a5 39020000 		.4byte	.LASF15
 304 00a9 02       		.uleb128 0x2
 305 00aa 04       		.byte	0x4
 306 00ab 07       		.byte	0x7
 307 00ac F5010000 		.4byte	.LASF16
 308 00b0 06       		.uleb128 0x6
 309 00b1 27020000 		.4byte	.LASF29
 310 00b5 01       		.byte	0x1
 311 00b6 27       		.byte	0x27
 312 00b7 00000000 		.4byte	.LFB63
 313 00bb 24000000 		.4byte	.LFE63-.LFB63
 314 00bf 01       		.uleb128 0x1
 315 00c0 9C       		.byte	0x9c
 316 00c1 11010000 		.4byte	0x111
 317 00c5 07       		.uleb128 0x7
 318 00c6 A4010000 		.4byte	.LASF17
 319 00ca 01       		.byte	0x1
 320 00cb 29       		.byte	0x29
 321 00cc 81000000 		.4byte	0x81
 322 00d0 00000000 		.4byte	.LLST0
 323 00d4 07       		.uleb128 0x7
 324 00d5 0A000000 		.4byte	.LASF18
 325 00d9 01       		.byte	0x1
 326 00da 2A       		.byte	0x2a
 327 00db 81000000 		.4byte	0x81
 328 00df 1F000000 		.4byte	.LLST1
 329 00e3 07       		.uleb128 0x7
 330 00e4 13000000 		.4byte	.LASF19
 331 00e8 01       		.byte	0x1
 332 00e9 2B       		.byte	0x2b
 333 00ea 81000000 		.4byte	0x81
 334 00ee 3E000000 		.4byte	.LLST2
 335 00f2 08       		.uleb128 0x8
 336 00f3 14000000 		.4byte	.LVL2
 337 00f7 96010000 		.4byte	0x196
 338 00fb 09       		.uleb128 0x9
 339 00fc 01       		.uleb128 0x1
 340 00fd 50       		.byte	0x50
 341 00fe 02       		.uleb128 0x2
 342 00ff 76       		.byte	0x76
 343 0100 00       		.sleb128 0
 344 0101 09       		.uleb128 0x9
ARM GAS  C:\Users\HPz420\AppData\Local\Temp\ccf4Kchg.s 			page 8


 345 0102 01       		.uleb128 0x1
 346 0103 51       		.byte	0x51
 347 0104 0A       		.uleb128 0xa
 348 0105 74       		.byte	0x74
 349 0106 00       		.sleb128 0
 350 0107 03       		.byte	0x3
 351 0108 00000000 		.4byte	.LANCHOR0
 352 010c 22       		.byte	0x22
 353 010d 94       		.byte	0x94
 354 010e 01       		.byte	0x1
 355 010f 00       		.byte	0
 356 0110 00       		.byte	0
 357 0111 0A       		.uleb128 0xa
 358 0112 97010000 		.4byte	.LASF20
 359 0116 05       		.byte	0x5
 360 0117 1207     		.2byte	0x712
 361 0119 1D010000 		.4byte	0x11d
 362 011d 0B       		.uleb128 0xb
 363 011e 76000000 		.4byte	0x76
 364 0122 0C       		.uleb128 0xc
 365 0123 32010000 		.4byte	0x132
 366 0127 32010000 		.4byte	0x132
 367 012b 0D       		.uleb128 0xd
 368 012c A9000000 		.4byte	0xa9
 369 0130 6A       		.byte	0x6a
 370 0131 00       		.byte	0
 371 0132 0E       		.uleb128 0xe
 372 0133 2C000000 		.4byte	0x2c
 373 0137 0F       		.uleb128 0xf
 374 0138 4D000000 		.4byte	.LASF21
 375 013c 01       		.byte	0x1
 376 013d 11       		.byte	0x11
 377 013e 48010000 		.4byte	0x148
 378 0142 05       		.uleb128 0x5
 379 0143 03       		.byte	0x3
 380 0144 00000000 		.4byte	eprom
 381 0148 0E       		.uleb128 0xe
 382 0149 22010000 		.4byte	0x122
 383 014d 0F       		.uleb128 0xf
 384 014e 30000000 		.4byte	.LASF22
 385 0152 01       		.byte	0x1
 386 0153 1D       		.byte	0x1d
 387 0154 5E010000 		.4byte	0x15e
 388 0158 05       		.uleb128 0x5
 389 0159 03       		.byte	0x3
 390 015a 00000000 		.4byte	eprom_termination
 391 015e 0E       		.uleb128 0xe
 392 015f 53000000 		.4byte	0x53
 393 0163 0F       		.uleb128 0xf
 394 0164 0C020000 		.4byte	.LASF23
 395 0168 01       		.byte	0x1
 396 0169 1E       		.byte	0x1e
 397 016a 5E010000 		.4byte	0x15e
 398 016e 05       		.uleb128 0x5
 399 016f 03       		.byte	0x3
 400 0170 00000000 		.4byte	eprom_start
 401 0174 0F       		.uleb128 0xf
ARM GAS  C:\Users\HPz420\AppData\Local\Temp\ccf4Kchg.s 			page 9


 402 0175 BC010000 		.4byte	.LASF24
 403 0179 01       		.byte	0x1
 404 017a 1F       		.byte	0x1f
 405 017b 5E010000 		.4byte	0x15e
 406 017f 05       		.uleb128 0x5
 407 0180 03       		.byte	0x3
 408 0181 00000000 		.4byte	eprom_finish
 409 0185 0F       		.uleb128 0xf
 410 0186 C9000000 		.4byte	.LASF25
 411 018a 01       		.byte	0x1
 412 018b 20       		.byte	0x20
 413 018c 5E010000 		.4byte	0x15e
 414 0190 05       		.uleb128 0x5
 415 0191 03       		.byte	0x3
 416 0192 00000000 		.4byte	eprom_length
 417 0196 10       		.uleb128 0x10
 418 0197 23000000 		.4byte	.LASF30
 419 019b 23000000 		.4byte	.LASF30
 420 019f 06       		.byte	0x6
 421 01a0 10       		.byte	0x10
 422 01a1 00       		.byte	0
 423              		.section	.debug_abbrev,"",%progbits
 424              	.Ldebug_abbrev0:
 425 0000 01       		.uleb128 0x1
 426 0001 11       		.uleb128 0x11
 427 0002 01       		.byte	0x1
 428 0003 25       		.uleb128 0x25
 429 0004 0E       		.uleb128 0xe
 430 0005 13       		.uleb128 0x13
 431 0006 0B       		.uleb128 0xb
 432 0007 03       		.uleb128 0x3
 433 0008 0E       		.uleb128 0xe
 434 0009 1B       		.uleb128 0x1b
 435 000a 0E       		.uleb128 0xe
 436 000b 55       		.uleb128 0x55
 437 000c 17       		.uleb128 0x17
 438 000d 11       		.uleb128 0x11
 439 000e 01       		.uleb128 0x1
 440 000f 10       		.uleb128 0x10
 441 0010 17       		.uleb128 0x17
 442 0011 00       		.byte	0
 443 0012 00       		.byte	0
 444 0013 02       		.uleb128 0x2
 445 0014 24       		.uleb128 0x24
 446 0015 00       		.byte	0
 447 0016 0B       		.uleb128 0xb
 448 0017 0B       		.uleb128 0xb
 449 0018 3E       		.uleb128 0x3e
 450 0019 0B       		.uleb128 0xb
 451 001a 03       		.uleb128 0x3
 452 001b 0E       		.uleb128 0xe
 453 001c 00       		.byte	0
 454 001d 00       		.byte	0
 455 001e 03       		.uleb128 0x3
 456 001f 16       		.uleb128 0x16
 457 0020 00       		.byte	0
 458 0021 03       		.uleb128 0x3
ARM GAS  C:\Users\HPz420\AppData\Local\Temp\ccf4Kchg.s 			page 10


 459 0022 0E       		.uleb128 0xe
 460 0023 3A       		.uleb128 0x3a
 461 0024 0B       		.uleb128 0xb
 462 0025 3B       		.uleb128 0x3b
 463 0026 0B       		.uleb128 0xb
 464 0027 49       		.uleb128 0x49
 465 0028 13       		.uleb128 0x13
 466 0029 00       		.byte	0
 467 002a 00       		.byte	0
 468 002b 04       		.uleb128 0x4
 469 002c 24       		.uleb128 0x24
 470 002d 00       		.byte	0
 471 002e 0B       		.uleb128 0xb
 472 002f 0B       		.uleb128 0xb
 473 0030 3E       		.uleb128 0x3e
 474 0031 0B       		.uleb128 0xb
 475 0032 03       		.uleb128 0x3
 476 0033 08       		.uleb128 0x8
 477 0034 00       		.byte	0
 478 0035 00       		.byte	0
 479 0036 05       		.uleb128 0x5
 480 0037 16       		.uleb128 0x16
 481 0038 00       		.byte	0
 482 0039 03       		.uleb128 0x3
 483 003a 0E       		.uleb128 0xe
 484 003b 3A       		.uleb128 0x3a
 485 003c 0B       		.uleb128 0xb
 486 003d 3B       		.uleb128 0x3b
 487 003e 05       		.uleb128 0x5
 488 003f 49       		.uleb128 0x49
 489 0040 13       		.uleb128 0x13
 490 0041 00       		.byte	0
 491 0042 00       		.byte	0
 492 0043 06       		.uleb128 0x6
 493 0044 2E       		.uleb128 0x2e
 494 0045 01       		.byte	0x1
 495 0046 3F       		.uleb128 0x3f
 496 0047 19       		.uleb128 0x19
 497 0048 03       		.uleb128 0x3
 498 0049 0E       		.uleb128 0xe
 499 004a 3A       		.uleb128 0x3a
 500 004b 0B       		.uleb128 0xb
 501 004c 3B       		.uleb128 0x3b
 502 004d 0B       		.uleb128 0xb
 503 004e 27       		.uleb128 0x27
 504 004f 19       		.uleb128 0x19
 505 0050 11       		.uleb128 0x11
 506 0051 01       		.uleb128 0x1
 507 0052 12       		.uleb128 0x12
 508 0053 06       		.uleb128 0x6
 509 0054 40       		.uleb128 0x40
 510 0055 18       		.uleb128 0x18
 511 0056 9742     		.uleb128 0x2117
 512 0058 19       		.uleb128 0x19
 513 0059 01       		.uleb128 0x1
 514 005a 13       		.uleb128 0x13
 515 005b 00       		.byte	0
ARM GAS  C:\Users\HPz420\AppData\Local\Temp\ccf4Kchg.s 			page 11


 516 005c 00       		.byte	0
 517 005d 07       		.uleb128 0x7
 518 005e 34       		.uleb128 0x34
 519 005f 00       		.byte	0
 520 0060 03       		.uleb128 0x3
 521 0061 0E       		.uleb128 0xe
 522 0062 3A       		.uleb128 0x3a
 523 0063 0B       		.uleb128 0xb
 524 0064 3B       		.uleb128 0x3b
 525 0065 0B       		.uleb128 0xb
 526 0066 49       		.uleb128 0x49
 527 0067 13       		.uleb128 0x13
 528 0068 02       		.uleb128 0x2
 529 0069 17       		.uleb128 0x17
 530 006a 00       		.byte	0
 531 006b 00       		.byte	0
 532 006c 08       		.uleb128 0x8
 533 006d 898201   		.uleb128 0x4109
 534 0070 01       		.byte	0x1
 535 0071 11       		.uleb128 0x11
 536 0072 01       		.uleb128 0x1
 537 0073 31       		.uleb128 0x31
 538 0074 13       		.uleb128 0x13
 539 0075 00       		.byte	0
 540 0076 00       		.byte	0
 541 0077 09       		.uleb128 0x9
 542 0078 8A8201   		.uleb128 0x410a
 543 007b 00       		.byte	0
 544 007c 02       		.uleb128 0x2
 545 007d 18       		.uleb128 0x18
 546 007e 9142     		.uleb128 0x2111
 547 0080 18       		.uleb128 0x18
 548 0081 00       		.byte	0
 549 0082 00       		.byte	0
 550 0083 0A       		.uleb128 0xa
 551 0084 34       		.uleb128 0x34
 552 0085 00       		.byte	0
 553 0086 03       		.uleb128 0x3
 554 0087 0E       		.uleb128 0xe
 555 0088 3A       		.uleb128 0x3a
 556 0089 0B       		.uleb128 0xb
 557 008a 3B       		.uleb128 0x3b
 558 008b 05       		.uleb128 0x5
 559 008c 49       		.uleb128 0x49
 560 008d 13       		.uleb128 0x13
 561 008e 3F       		.uleb128 0x3f
 562 008f 19       		.uleb128 0x19
 563 0090 3C       		.uleb128 0x3c
 564 0091 19       		.uleb128 0x19
 565 0092 00       		.byte	0
 566 0093 00       		.byte	0
 567 0094 0B       		.uleb128 0xb
 568 0095 35       		.uleb128 0x35
 569 0096 00       		.byte	0
 570 0097 49       		.uleb128 0x49
 571 0098 13       		.uleb128 0x13
 572 0099 00       		.byte	0
ARM GAS  C:\Users\HPz420\AppData\Local\Temp\ccf4Kchg.s 			page 12


 573 009a 00       		.byte	0
 574 009b 0C       		.uleb128 0xc
 575 009c 01       		.uleb128 0x1
 576 009d 01       		.byte	0x1
 577 009e 49       		.uleb128 0x49
 578 009f 13       		.uleb128 0x13
 579 00a0 01       		.uleb128 0x1
 580 00a1 13       		.uleb128 0x13
 581 00a2 00       		.byte	0
 582 00a3 00       		.byte	0
 583 00a4 0D       		.uleb128 0xd
 584 00a5 21       		.uleb128 0x21
 585 00a6 00       		.byte	0
 586 00a7 49       		.uleb128 0x49
 587 00a8 13       		.uleb128 0x13
 588 00a9 2F       		.uleb128 0x2f
 589 00aa 0B       		.uleb128 0xb
 590 00ab 00       		.byte	0
 591 00ac 00       		.byte	0
 592 00ad 0E       		.uleb128 0xe
 593 00ae 26       		.uleb128 0x26
 594 00af 00       		.byte	0
 595 00b0 49       		.uleb128 0x49
 596 00b1 13       		.uleb128 0x13
 597 00b2 00       		.byte	0
 598 00b3 00       		.byte	0
 599 00b4 0F       		.uleb128 0xf
 600 00b5 34       		.uleb128 0x34
 601 00b6 00       		.byte	0
 602 00b7 03       		.uleb128 0x3
 603 00b8 0E       		.uleb128 0xe
 604 00b9 3A       		.uleb128 0x3a
 605 00ba 0B       		.uleb128 0xb
 606 00bb 3B       		.uleb128 0x3b
 607 00bc 0B       		.uleb128 0xb
 608 00bd 49       		.uleb128 0x49
 609 00be 13       		.uleb128 0x13
 610 00bf 3F       		.uleb128 0x3f
 611 00c0 19       		.uleb128 0x19
 612 00c1 02       		.uleb128 0x2
 613 00c2 18       		.uleb128 0x18
 614 00c3 00       		.byte	0
 615 00c4 00       		.byte	0
 616 00c5 10       		.uleb128 0x10
 617 00c6 2E       		.uleb128 0x2e
 618 00c7 00       		.byte	0
 619 00c8 3F       		.uleb128 0x3f
 620 00c9 19       		.uleb128 0x19
 621 00ca 3C       		.uleb128 0x3c
 622 00cb 19       		.uleb128 0x19
 623 00cc 6E       		.uleb128 0x6e
 624 00cd 0E       		.uleb128 0xe
 625 00ce 03       		.uleb128 0x3
 626 00cf 0E       		.uleb128 0xe
 627 00d0 3A       		.uleb128 0x3a
 628 00d1 0B       		.uleb128 0xb
 629 00d2 3B       		.uleb128 0x3b
ARM GAS  C:\Users\HPz420\AppData\Local\Temp\ccf4Kchg.s 			page 13


 630 00d3 0B       		.uleb128 0xb
 631 00d4 00       		.byte	0
 632 00d5 00       		.byte	0
 633 00d6 00       		.byte	0
 634              		.section	.debug_loc,"",%progbits
 635              	.Ldebug_loc0:
 636              	.LLST0:
 637 0000 02000000 		.4byte	.LVL0
 638 0004 0A000000 		.4byte	.LVL1
 639 0008 0200     		.2byte	0x2
 640 000a 30       		.byte	0x30
 641 000b 9F       		.byte	0x9f
 642 000c 0A000000 		.4byte	.LVL1
 643 0010 20000000 		.4byte	.LVL6
 644 0014 0100     		.2byte	0x1
 645 0016 55       		.byte	0x55
 646 0017 00000000 		.4byte	0
 647 001b 00000000 		.4byte	0
 648              	.LLST1:
 649 001f 02000000 		.4byte	.LVL0
 650 0023 0A000000 		.4byte	.LVL1
 651 0027 0200     		.2byte	0x2
 652 0029 30       		.byte	0x30
 653 002a 9F       		.byte	0x9f
 654 002b 0A000000 		.4byte	.LVL1
 655 002f 20000000 		.4byte	.LVL6
 656 0033 0100     		.2byte	0x1
 657 0035 56       		.byte	0x56
 658 0036 00000000 		.4byte	0
 659 003a 00000000 		.4byte	0
 660              	.LLST2:
 661 003e 02000000 		.4byte	.LVL0
 662 0042 0A000000 		.4byte	.LVL1
 663 0046 0200     		.2byte	0x2
 664 0048 30       		.byte	0x30
 665 0049 9F       		.byte	0x9f
 666 004a 0A000000 		.4byte	.LVL1
 667 004e 20000000 		.4byte	.LVL6
 668 0052 0100     		.2byte	0x1
 669 0054 54       		.byte	0x54
 670 0055 00000000 		.4byte	0
 671 0059 00000000 		.4byte	0
 672              		.section	.debug_aranges,"",%progbits
 673 0000 1C000000 		.4byte	0x1c
 674 0004 0200     		.2byte	0x2
 675 0006 00000000 		.4byte	.Ldebug_info0
 676 000a 04       		.byte	0x4
 677 000b 00       		.byte	0
 678 000c 0000     		.2byte	0
 679 000e 0000     		.2byte	0
 680 0010 00000000 		.4byte	.LFB63
 681 0014 24000000 		.4byte	.LFE63-.LFB63
 682 0018 00000000 		.4byte	0
 683 001c 00000000 		.4byte	0
 684              		.section	.debug_ranges,"",%progbits
 685              	.Ldebug_ranges0:
 686 0000 00000000 		.4byte	.LFB63
ARM GAS  C:\Users\HPz420\AppData\Local\Temp\ccf4Kchg.s 			page 14


 687 0004 24000000 		.4byte	.LFE63
 688 0008 00000000 		.4byte	0
 689 000c 00000000 		.4byte	0
 690              		.section	.debug_line,"",%progbits
 691              	.Ldebug_line0:
 692 0000 91010000 		.section	.debug_str,"MS",%progbits,1
 692      02005D01 
 692      00000201 
 692      FB0E0D00 
 692      01010101 
 693              	.LASF9:
 694 0000 5F5F696E 		.ascii	"__int32_t\000"
 694      7433325F 
 694      7400
 695              	.LASF18:
 696 000a 5352414D 		.ascii	"SRAMAddr\000"
 696      41646472 
 696      00
 697              	.LASF19:
 698 0013 6570726F 		.ascii	"epromListOffset\000"
 698      6D4C6973 
 698      744F6666 
 698      73657400 
 699              	.LASF30:
 700 0023 57726974 		.ascii	"WriteExtSRAM\000"
 700      65457874 
 700      5352414D 
 700      00
 701              	.LASF22:
 702 0030 6570726F 		.ascii	"eprom_termination\000"
 702      6D5F7465 
 702      726D696E 
 702      6174696F 
 702      6E00
 703              	.LASF27:
 704 0042 4C6F6164 		.ascii	"LoadSRAM.c\000"
 704      5352414D 
 704      2E6300
 705              	.LASF21:
 706 004d 6570726F 		.ascii	"eprom\000"
 706      6D00
 707              	.LASF12:
 708 0053 666C6F61 		.ascii	"float\000"
 708      7400
 709              	.LASF28:
 710 0059 433A5C55 		.ascii	"C:\\Users\\HPz420\\Documents\\GitHub\\Retro-Compute"
 710      73657273 
 710      5C48507A 
 710      3432305C 
 710      446F6375 
 711 0087 72735C5A 		.ascii	"rs\\Z80\\PSOC\\PSOC_Design_Files\\Z80-PSoC-3-Chips_"
 711      38305C50 
 711      534F435C 
 711      50534F43 
 711      5F446573 
 712 00b6 3030315C 		.ascii	"001\\Z80_3Pin.cydsn\000"
 712      5A38305F 
ARM GAS  C:\Users\HPz420\AppData\Local\Temp\ccf4Kchg.s 			page 15


 712      3350696E 
 712      2E637964 
 712      736E00
 713              	.LASF25:
 714 00c9 6570726F 		.ascii	"eprom_length\000"
 714      6D5F6C65 
 714      6E677468 
 714      00
 715              	.LASF1:
 716 00d6 756E7369 		.ascii	"unsigned char\000"
 716      676E6564 
 716      20636861 
 716      7200
 717              	.LASF26:
 718 00e4 474E5520 		.ascii	"GNU C11 5.4.1 20160609 (release) [ARM/embedded-5-br"
 718      43313120 
 718      352E342E 
 718      31203230 
 718      31363036 
 719 0117 616E6368 		.ascii	"anch revision 237715] -mcpu=cortex-m3 -mthumb -g -O"
 719      20726576 
 719      6973696F 
 719      6E203233 
 719      37373135 
 720 014a 67202D66 		.ascii	"g -ffunction-sections -ffat-lto-objects\000"
 720      66756E63 
 720      74696F6E 
 720      2D736563 
 720      74696F6E 
 721              	.LASF5:
 722 0172 6C6F6E67 		.ascii	"long unsigned int\000"
 722      20756E73 
 722      69676E65 
 722      6420696E 
 722      7400
 723              	.LASF3:
 724 0184 73686F72 		.ascii	"short unsigned int\000"
 724      7420756E 
 724      7369676E 
 724      65642069 
 724      6E7400
 725              	.LASF20:
 726 0197 49544D5F 		.ascii	"ITM_RxBuffer\000"
 726      52784275 
 726      66666572 
 726      00
 727              	.LASF17:
 728 01a4 63686172 		.ascii	"charCount\000"
 728      436F756E 
 728      7400
 729              	.LASF13:
 730 01ae 646F7562 		.ascii	"double\000"
 730      6C6500
 731              	.LASF11:
 732 01b5 75696E74 		.ascii	"uint32\000"
 732      333200
 733              	.LASF24:
ARM GAS  C:\Users\HPz420\AppData\Local\Temp\ccf4Kchg.s 			page 16


 734 01bc 6570726F 		.ascii	"eprom_finish\000"
 734      6D5F6669 
 734      6E697368 
 734      00
 735              	.LASF8:
 736 01c9 756E7369 		.ascii	"unsigned int\000"
 736      676E6564 
 736      20696E74 
 736      00
 737              	.LASF7:
 738 01d6 6C6F6E67 		.ascii	"long long unsigned int\000"
 738      206C6F6E 
 738      6720756E 
 738      7369676E 
 738      65642069 
 739              	.LASF10:
 740 01ed 696E7433 		.ascii	"int32_t\000"
 740      325F7400 
 741              	.LASF16:
 742 01f5 73697A65 		.ascii	"sizetype\000"
 742      74797065 
 742      00
 743              	.LASF6:
 744 01fe 6C6F6E67 		.ascii	"long long int\000"
 744      206C6F6E 
 744      6720696E 
 744      7400
 745              	.LASF23:
 746 020c 6570726F 		.ascii	"eprom_start\000"
 746      6D5F7374 
 746      61727400 
 747              	.LASF14:
 748 0218 63686172 		.ascii	"char\000"
 748      00
 749              	.LASF2:
 750 021d 73686F72 		.ascii	"short int\000"
 750      7420696E 
 750      7400
 751              	.LASF29:
 752 0227 6C6F6164 		.ascii	"loadSRAM\000"
 752      5352414D 
 752      00
 753              	.LASF4:
 754 0230 6C6F6E67 		.ascii	"long int\000"
 754      20696E74 
 754      00
 755              	.LASF15:
 756 0239 6C6F6E67 		.ascii	"long double\000"
 756      20646F75 
 756      626C6500 
 757              	.LASF0:
 758 0245 7369676E 		.ascii	"signed char\000"
 758      65642063 
 758      68617200 
 759              		.ident	"GCC: (GNU Tools for ARM Embedded Processors) 5.4.1 20160609 (release) [ARM/embedded-5-bran
