ARM GAS  C:\Users\HPz420\AppData\Local\Temp\ccHN57tY.s 			page 1


   1              		.syntax unified
   2              		.cpu cortex-m3
   3              		.fpu softvfp
   4              		.eabi_attribute 20, 1
   5              		.eabi_attribute 21, 1
   6              		.eabi_attribute 23, 3
   7              		.eabi_attribute 24, 1
   8              		.eabi_attribute 25, 1
   9              		.eabi_attribute 26, 1
  10              		.eabi_attribute 30, 1
  11              		.eabi_attribute 34, 1
  12              		.eabi_attribute 18, 4
  13              		.thumb
  14              		.syntax unified
  15              		.file	"main.c"
  16              		.text
  17              	.Ltext0:
  18              		.cfi_sections	.debug_frame
  19              		.section	.text.PostLed,"ax",%progbits
  20              		.align	2
  21              		.global	PostLed
  22              		.thumb
  23              		.thumb_func
  24              		.type	PostLed, %function
  25              	PostLed:
  26              	.LFB64:
  27              		.file 1 "main.c"
   1:main.c        **** /* ========================================
   2:main.c        ****  *
   3:main.c        ****  * Copyright LAND BOARDS, LLC, 2019
   4:main.c        ****  * All Rights Reserved
   5:main.c        ****  * UNPUBLISHED, LICENSED SOFTWARE.
   6:main.c        ****  *
   7:main.c        ****  * CONFIDENTIAL AND PROPRIETARY INFORMATION
   8:main.c        ****  * WHICH IS THE PROPERTY OF your company.
   9:main.c        ****  *
  10:main.c        ****  * ========================================
  11:main.c        **** */
  12:main.c        **** #include "project.h"
  13:main.c        **** #include "stdio.h"
  14:main.c        **** #include "FrontPanel.h"
  15:main.c        **** #include "ExtSRAM.h"
  16:main.c        **** 
  17:main.c        **** extern void loadSRAM(void);
  18:main.c        **** 
  19:main.c        **** #define USBFS_DEVICE    (0u)
  20:main.c        **** 
  21:main.c        **** /* The buffer size is equal to the maximum packet size of the IN and OUT bulk
  22:main.c        **** * endpoints.
  23:main.c        **** */
  24:main.c        **** #define USBUART_BUFFER_SIZE (64u)
  25:main.c        **** #define LINE_STR_LENGTH     (20u)
  26:main.c        **** 
  27:main.c        **** #define IORQ_BIT    1
  28:main.c        **** 
  29:main.c        **** ////////////////////////////////////////////////////////////////////////////
  30:main.c        **** // Function prototypes
ARM GAS  C:\Users\HPz420\AppData\Local\Temp\ccHN57tY.s 			page 2


  31:main.c        **** 
  32:main.c        **** uint32 TestSRAM(void);
  33:main.c        **** void HandleZ80IO(void);
  34:main.c        **** 
  35:main.c        **** ////////////////////////////////////////////////////////////////////////////
  36:main.c        **** // PostLed(postVal) - Blink the LED the number of times (postVal)
  37:main.c        **** 
  38:main.c        **** void PostLed(uint32 postVal)
  39:main.c        **** {
  28              		.loc 1 39 0
  29              		.cfi_startproc
  30              		@ args = 0, pretend = 0, frame = 0
  31              		@ frame_needed = 0, uses_anonymous_args = 0
  32              	.LVL0:
  33 0000 10B5     		push	{r4, lr}
  34              		.cfi_def_cfa_offset 8
  35              		.cfi_offset 4, -8
  36              		.cfi_offset 14, -4
  37 0002 0446     		mov	r4, r0
  38              	.LVL1:
  40:main.c        ****     uint32 blinkCount = postVal;
  41:main.c        ****     while(blinkCount > 0)
  39              		.loc 1 41 0
  40 0004 0DE0     		b	.L2
  41              	.LVL2:
  42              	.L3:
  42:main.c        ****     {
  43:main.c        ****         IO_Ctrl_Reg_Write(2);   // Turn on the LED
  43              		.loc 1 43 0
  44 0006 0220     		movs	r0, #2
  45 0008 FFF7FEFF 		bl	IO_Ctrl_Reg_Write
  46              	.LVL3:
  44:main.c        ****         CyDelay(500);
  47              		.loc 1 44 0
  48 000c 4FF4FA70 		mov	r0, #500
  49 0010 FFF7FEFF 		bl	CyDelay
  50              	.LVL4:
  45:main.c        ****         IO_Ctrl_Reg_Write(0);   // Turn off the LED
  51              		.loc 1 45 0
  52 0014 0020     		movs	r0, #0
  53 0016 FFF7FEFF 		bl	IO_Ctrl_Reg_Write
  54              	.LVL5:
  46:main.c        ****         CyDelay(250);
  55              		.loc 1 46 0
  56 001a FA20     		movs	r0, #250
  57 001c FFF7FEFF 		bl	CyDelay
  58              	.LVL6:
  47:main.c        ****         blinkCount--;   // loop as many times as the POST code
  59              		.loc 1 47 0
  60 0020 013C     		subs	r4, r4, #1
  61              	.LVL7:
  62              	.L2:
  41:main.c        ****     {
  63              		.loc 1 41 0
  64 0022 002C     		cmp	r4, #0
  65 0024 EFD1     		bne	.L3
  48:main.c        ****     }
ARM GAS  C:\Users\HPz420\AppData\Local\Temp\ccHN57tY.s 			page 3


  49:main.c        **** }
  66              		.loc 1 49 0
  67 0026 10BD     		pop	{r4, pc}
  68              		.cfi_endproc
  69              	.LFE64:
  70              		.size	PostLed, .-PostLed
  71              		.section	.text.main,"ax",%progbits
  72              		.align	2
  73              		.global	main
  74              		.thumb
  75              		.thumb_func
  76              		.type	main, %function
  77              	main:
  78              	.LFB65:
  50:main.c        **** ////////////////////////////////////////////////////////////////////////////
  51:main.c        **** // main() - Setup and Loop code goes in here
  52:main.c        **** 
  53:main.c        **** int main(void)
  54:main.c        **** {
  79              		.loc 1 54 0
  80              		.cfi_startproc
  81              		@ args = 0, pretend = 0, frame = 64
  82              		@ frame_needed = 0, uses_anonymous_args = 0
  83 0000 10B5     		push	{r4, lr}
  84              		.cfi_def_cfa_offset 8
  85              		.cfi_offset 4, -8
  86              		.cfi_offset 14, -4
  87 0002 90B0     		sub	sp, sp, #64
  88              		.cfi_def_cfa_offset 72
  55:main.c        ****     uint16 count;
  56:main.c        ****     
  57:main.c        ****     uint8 buffer[USBUART_BUFFER_SIZE];
  58:main.c        ****     uint32 postVal;
  59:main.c        ****     
  60:main.c        ****     /* Start USBFS operation with 5-V operation. */
  61:main.c        ****     USBUART_Start(USBFS_DEVICE, USBUART_5V_OPERATION);
  89              		.loc 1 61 0
  90 0004 0121     		movs	r1, #1
  91 0006 0020     		movs	r0, #0
  92 0008 FFF7FEFF 		bl	USBUART_Start
  93              	.LVL8:
  62:main.c        ****     I2C_Start();
  94              		.loc 1 62 0
  95 000c FFF7FEFF 		bl	I2C_Start
  96              	.LVL9:
  63:main.c        ****     
  64:main.c        ****     CyGlobalIntEnable;          /* Enable global interrupts. */
  97              		.loc 1 64 0
  98              		.syntax unified
  99              	@ 64 "main.c" 1
 100 0010 62B6     		CPSIE   i
 101              	@ 0 "" 2
  65:main.c        ****     
  66:main.c        ****     // Do Power On Self Tests (POST)
  67:main.c        ****     // SRAM POST
  68:main.c        ****     postVal = TestSRAM();       // Run External SRAM POST
 102              		.loc 1 68 0
ARM GAS  C:\Users\HPz420\AppData\Local\Temp\ccHN57tY.s 			page 4


 103              		.thumb
 104              		.syntax unified
 105 0012 FFF7FEFF 		bl	TestSRAM
 106              	.LVL10:
 107 0016 0446     		mov	r4, r0
 108              	.LVL11:
  69:main.c        ****     PostLed(postVal+1);         // 1 blink = pass, more than 1 = fail
 109              		.loc 1 69 0
 110 0018 0130     		adds	r0, r0, #1
 111              	.LVL12:
 112 001a FFF7FEFF 		bl	PostLed
 113              	.LVL13:
  70:main.c        ****     if (postVal != 0)
 114              		.loc 1 70 0
 115 001e 04B1     		cbz	r4, .L6
 116              	.L7:
 117 0020 FEE7     		b	.L7
 118              	.L6:
  71:main.c        ****         while(1);
  72:main.c        ****     loadSRAM();
 119              		.loc 1 72 0
 120 0022 FFF7FEFF 		bl	loadSRAM
 121              	.LVL14:
  73:main.c        ****     runFrontPanel();            // Exits either by pressing EXitFrontPanel or RUN button on front p
 122              		.loc 1 73 0
 123 0026 FFF7FEFF 		bl	runFrontPanel
 124              	.LVL15:
 125              	.L10:
  74:main.c        **** 
  75:main.c        ****     for(;;)
  76:main.c        ****     {
  77:main.c        ****         /* Host can send double SET_INTERFACE request. */
  78:main.c        ****         if (0u != USBUART_IsConfigurationChanged())
 126              		.loc 1 78 0
 127 002a FFF7FEFF 		bl	USBUART_IsConfigurationChanged
 128              	.LVL16:
 129 002e 20B1     		cbz	r0, .L8
  79:main.c        ****         {
  80:main.c        ****             /* Initialize IN endpoints when device is configured. */
  81:main.c        ****             if (0u != USBUART_GetConfiguration())
 130              		.loc 1 81 0
 131 0030 FFF7FEFF 		bl	USBUART_GetConfiguration
 132              	.LVL17:
 133 0034 08B1     		cbz	r0, .L8
  82:main.c        ****             {
  83:main.c        ****                 /* Enumeration is done, enable OUT endpoint to receive data 
  84:main.c        ****                  * from host. */
  85:main.c        ****                 USBUART_CDC_Init();
 134              		.loc 1 85 0
 135 0036 FFF7FEFF 		bl	USBUART_CDC_Init
 136              	.LVL18:
 137              	.L8:
  86:main.c        ****             }
  87:main.c        ****         }
  88:main.c        **** 
  89:main.c        ****         /* Service USB CDC when device is configured. */
  90:main.c        ****         if (0u != USBUART_GetConfiguration())
ARM GAS  C:\Users\HPz420\AppData\Local\Temp\ccHN57tY.s 			page 5


 138              		.loc 1 90 0
 139 003a FFF7FEFF 		bl	USBUART_GetConfiguration
 140              	.LVL19:
 141 003e 48B1     		cbz	r0, .L9
  91:main.c        ****         {
  92:main.c        ****             /* Check for input data from host. */
  93:main.c        ****             if (0u != USBUART_DataIsReady())
 142              		.loc 1 93 0
 143 0040 FFF7FEFF 		bl	USBUART_DataIsReady
 144              	.LVL20:
 145 0044 30B1     		cbz	r0, .L9
 146              	.LBB2:
  94:main.c        ****             {
  95:main.c        ****                 /* Read received data and re-enable OUT endpoint. */
  96:main.c        ****                 count = USBUART_GetAll(buffer);
 147              		.loc 1 96 0
 148 0046 6846     		mov	r0, sp
 149 0048 FFF7FEFF 		bl	USBUART_GetAll
 150              	.LVL21:
  97:main.c        ****                 sendCharToZ80(buffer[0]);
 151              		.loc 1 97 0
 152 004c 9DF80000 		ldrb	r0, [sp]	@ zero_extendqisi2
 153 0050 FFF7FEFF 		bl	sendCharToZ80
 154              	.LVL22:
 155              	.L9:
 156              	.LBE2:
  98:main.c        **** 
  99:main.c        **** //                if (0u != count)
 100:main.c        **** //                {
 101:main.c        **** //                    /* Wait until component is ready to send data to host. */
 102:main.c        **** //                    while (0u == USBUART_CDCIsReady())
 103:main.c        **** //                    {
 104:main.c        **** //                    }
 105:main.c        **** //
 106:main.c        **** //                    /* Send data back to host. */
 107:main.c        **** //                    USBUART_PutData(buffer, count);
 108:main.c        **** //
 109:main.c        **** //                    /* If the last sent packet is exactly the maximum packet 
 110:main.c        **** //                    *  size, it is followed by a zero-length packet to assure
 111:main.c        **** //                    *  that the end of the segment is properly identified by 
 112:main.c        **** //                    *  the terminal.
 113:main.c        **** //                    */
 114:main.c        **** //                    if (USBUART_BUFFER_SIZE == count)
 115:main.c        **** //                    {
 116:main.c        **** //                        /* Wait until component is ready to send data to PC. */
 117:main.c        **** //                        while (0u == USBUART_CDCIsReady())
 118:main.c        **** //                        {
 119:main.c        **** //                        }
 120:main.c        **** //
 121:main.c        **** //                        /* Send zero-length packet to PC. */
 122:main.c        **** //                        USBUART_PutData(NULL, 0u);
 123:main.c        **** //                    }
 124:main.c        **** //                }
 125:main.c        ****             }
 126:main.c        ****         }
 127:main.c        **** 
 128:main.c        ****         if ((IO_Stat_Reg_Read() & IORQ_BIT) == 0x0)
ARM GAS  C:\Users\HPz420\AppData\Local\Temp\ccHN57tY.s 			page 6


 157              		.loc 1 128 0
 158 0054 FFF7FEFF 		bl	IO_Stat_Reg_Read
 159              	.LVL23:
 160 0058 10F0010F 		tst	r0, #1
 161 005c E5D1     		bne	.L10
 129:main.c        ****         {
 130:main.c        ****             HandleZ80IO();
 162              		.loc 1 130 0
 163 005e FFF7FEFF 		bl	HandleZ80IO
 164              	.LVL24:
 165 0062 E2E7     		b	.L10
 166              		.cfi_endproc
 167              	.LFE65:
 168              		.size	main, .-main
 169              		.text
 170              	.Letext0:
 171              		.file 2 "c:\\program files (x86)\\cypress\\psoc creator\\4.2\\psoc creator\\import\\gnu\\arm\\5.4.
 172              		.file 3 "c:\\program files (x86)\\cypress\\psoc creator\\4.2\\psoc creator\\import\\gnu\\arm\\5.4.
 173              		.file 4 "Generated_Source\\PSoC5/cytypes.h"
 174              		.file 5 "Generated_Source\\PSoC5/IO_Ctrl_Reg.h"
 175              		.file 6 "Generated_Source\\PSoC5/CyLib.h"
 176              		.file 7 "Generated_Source\\PSoC5/USBUART_cdc.h"
 177              		.file 8 "Generated_Source\\PSoC5/USBUART.h"
 178              		.file 9 "Generated_Source\\PSoC5/I2C.h"
 179              		.file 10 "FrontPanel.h"
 180              		.file 11 "Generated_Source\\PSoC5/IO_Stat_Reg.h"
 181              		.file 12 "Generated_Source\\PSoC5/core_cm3.h"
 182              		.section	.debug_info,"",%progbits
 183              	.Ldebug_info0:
 184 0000 1B030000 		.4byte	0x31b
 185 0004 0400     		.2byte	0x4
 186 0006 00000000 		.4byte	.Ldebug_abbrev0
 187 000a 04       		.byte	0x4
 188 000b 01       		.uleb128 0x1
 189 000c E3000000 		.4byte	.LASF37
 190 0010 0C       		.byte	0xc
 191 0011 8C020000 		.4byte	.LASF38
 192 0015 65000000 		.4byte	.LASF39
 193 0019 00000000 		.4byte	.Ldebug_ranges0+0
 194 001d 00000000 		.4byte	0
 195 0021 00000000 		.4byte	.Ldebug_line0
 196 0025 02       		.uleb128 0x2
 197 0026 01       		.byte	0x1
 198 0027 06       		.byte	0x6
 199 0028 E5020000 		.4byte	.LASF0
 200 002c 02       		.uleb128 0x2
 201 002d 01       		.byte	0x1
 202 002e 08       		.byte	0x8
 203 002f D5000000 		.4byte	.LASF1
 204 0033 02       		.uleb128 0x2
 205 0034 02       		.byte	0x2
 206 0035 05       		.byte	0x5
 207 0036 B0020000 		.4byte	.LASF2
 208 003a 02       		.uleb128 0x2
 209 003b 02       		.byte	0x2
 210 003c 07       		.byte	0x7
 211 003d 82010000 		.4byte	.LASF3
ARM GAS  C:\Users\HPz420\AppData\Local\Temp\ccHN57tY.s 			page 7


 212 0041 03       		.uleb128 0x3
 213 0042 1C000000 		.4byte	.LASF9
 214 0046 02       		.byte	0x2
 215 0047 3F       		.byte	0x3f
 216 0048 4C000000 		.4byte	0x4c
 217 004c 02       		.uleb128 0x2
 218 004d 04       		.byte	0x4
 219 004e 05       		.byte	0x5
 220 004f D0020000 		.4byte	.LASF4
 221 0053 02       		.uleb128 0x2
 222 0054 04       		.byte	0x4
 223 0055 07       		.byte	0x7
 224 0056 B6010000 		.4byte	.LASF5
 225 005a 02       		.uleb128 0x2
 226 005b 08       		.byte	0x8
 227 005c 05       		.byte	0x5
 228 005d 00000000 		.4byte	.LASF6
 229 0061 02       		.uleb128 0x2
 230 0062 08       		.byte	0x8
 231 0063 07       		.byte	0x7
 232 0064 2F020000 		.4byte	.LASF7
 233 0068 04       		.uleb128 0x4
 234 0069 04       		.byte	0x4
 235 006a 05       		.byte	0x5
 236 006b 696E7400 		.ascii	"int\000"
 237 006f 02       		.uleb128 0x2
 238 0070 04       		.byte	0x4
 239 0071 07       		.byte	0x7
 240 0072 11020000 		.4byte	.LASF8
 241 0076 03       		.uleb128 0x3
 242 0077 70020000 		.4byte	.LASF10
 243 007b 03       		.byte	0x3
 244 007c 2C       		.byte	0x2c
 245 007d 41000000 		.4byte	0x41
 246 0081 05       		.uleb128 0x5
 247 0082 C1020000 		.4byte	.LASF11
 248 0086 04       		.byte	0x4
 249 0087 E401     		.2byte	0x1e4
 250 0089 2C000000 		.4byte	0x2c
 251 008d 05       		.uleb128 0x5
 252 008e E7010000 		.4byte	.LASF12
 253 0092 04       		.byte	0x4
 254 0093 E501     		.2byte	0x1e5
 255 0095 3A000000 		.4byte	0x3a
 256 0099 05       		.uleb128 0x5
 257 009a EE010000 		.4byte	.LASF13
 258 009e 04       		.byte	0x4
 259 009f E601     		.2byte	0x1e6
 260 00a1 53000000 		.4byte	0x53
 261 00a5 02       		.uleb128 0x2
 262 00a6 04       		.byte	0x4
 263 00a7 04       		.byte	0x4
 264 00a8 5F000000 		.4byte	.LASF14
 265 00ac 02       		.uleb128 0x2
 266 00ad 08       		.byte	0x8
 267 00ae 04       		.byte	0x4
 268 00af 35000000 		.4byte	.LASF15
ARM GAS  C:\Users\HPz420\AppData\Local\Temp\ccHN57tY.s 			page 8


 269 00b3 02       		.uleb128 0x2
 270 00b4 01       		.byte	0x1
 271 00b5 08       		.byte	0x8
 272 00b6 93020000 		.4byte	.LASF16
 273 00ba 02       		.uleb128 0x2
 274 00bb 08       		.byte	0x8
 275 00bc 04       		.byte	0x4
 276 00bd D9020000 		.4byte	.LASF17
 277 00c1 02       		.uleb128 0x2
 278 00c2 04       		.byte	0x4
 279 00c3 07       		.byte	0x7
 280 00c4 78020000 		.4byte	.LASF18
 281 00c8 06       		.uleb128 0x6
 282 00c9 AE010000 		.4byte	.LASF40
 283 00cd 01       		.byte	0x1
 284 00ce 26       		.byte	0x26
 285 00cf 00000000 		.4byte	.LFB64
 286 00d3 28000000 		.4byte	.LFE64-.LFB64
 287 00d7 01       		.uleb128 0x1
 288 00d8 9C       		.byte	0x9c
 289 00d9 47010000 		.4byte	0x147
 290 00dd 07       		.uleb128 0x7
 291 00de 46020000 		.4byte	.LASF21
 292 00e2 01       		.byte	0x1
 293 00e3 26       		.byte	0x26
 294 00e4 99000000 		.4byte	0x99
 295 00e8 00000000 		.4byte	.LLST0
 296 00ec 08       		.uleb128 0x8
 297 00ed 81020000 		.4byte	.LASF19
 298 00f1 01       		.byte	0x1
 299 00f2 28       		.byte	0x28
 300 00f3 99000000 		.4byte	0x99
 301 00f7 21000000 		.4byte	.LLST1
 302 00fb 09       		.uleb128 0x9
 303 00fc 0C000000 		.4byte	.LVL3
 304 0100 76020000 		.4byte	0x276
 305 0104 0E010000 		.4byte	0x10e
 306 0108 0A       		.uleb128 0xa
 307 0109 01       		.uleb128 0x1
 308 010a 50       		.byte	0x50
 309 010b 01       		.uleb128 0x1
 310 010c 32       		.byte	0x32
 311 010d 00       		.byte	0
 312 010e 09       		.uleb128 0x9
 313 010f 14000000 		.4byte	.LVL4
 314 0113 81020000 		.4byte	0x281
 315 0117 23010000 		.4byte	0x123
 316 011b 0A       		.uleb128 0xa
 317 011c 01       		.uleb128 0x1
 318 011d 50       		.byte	0x50
 319 011e 03       		.uleb128 0x3
 320 011f 0A       		.byte	0xa
 321 0120 F401     		.2byte	0x1f4
 322 0122 00       		.byte	0
 323 0123 09       		.uleb128 0x9
 324 0124 1A000000 		.4byte	.LVL5
 325 0128 76020000 		.4byte	0x276
ARM GAS  C:\Users\HPz420\AppData\Local\Temp\ccHN57tY.s 			page 9


 326 012c 36010000 		.4byte	0x136
 327 0130 0A       		.uleb128 0xa
 328 0131 01       		.uleb128 0x1
 329 0132 50       		.byte	0x50
 330 0133 01       		.uleb128 0x1
 331 0134 30       		.byte	0x30
 332 0135 00       		.byte	0
 333 0136 0B       		.uleb128 0xb
 334 0137 20000000 		.4byte	.LVL6
 335 013b 81020000 		.4byte	0x281
 336 013f 0A       		.uleb128 0xa
 337 0140 01       		.uleb128 0x1
 338 0141 50       		.byte	0x50
 339 0142 02       		.uleb128 0x2
 340 0143 08       		.byte	0x8
 341 0144 FA       		.byte	0xfa
 342 0145 00       		.byte	0
 343 0146 00       		.byte	0
 344 0147 0C       		.uleb128 0xc
 345 0148 F5010000 		.4byte	.LASF41
 346 014c 01       		.byte	0x1
 347 014d 35       		.byte	0x35
 348 014e 68000000 		.4byte	0x68
 349 0152 00000000 		.4byte	.LFB65
 350 0156 64000000 		.4byte	.LFE65-.LFB65
 351 015a 01       		.uleb128 0x1
 352 015b 9C       		.byte	0x9c
 353 015c 55020000 		.4byte	0x255
 354 0160 0D       		.uleb128 0xd
 355 0161 AA020000 		.4byte	.LASF42
 356 0165 01       		.byte	0x1
 357 0166 37       		.byte	0x37
 358 0167 8D000000 		.4byte	0x8d
 359 016b 0E       		.uleb128 0xe
 360 016c BA020000 		.4byte	.LASF20
 361 0170 01       		.byte	0x1
 362 0171 39       		.byte	0x39
 363 0172 55020000 		.4byte	0x255
 364 0176 03       		.uleb128 0x3
 365 0177 91       		.byte	0x91
 366 0178 B87F     		.sleb128 -72
 367 017a 08       		.uleb128 0x8
 368 017b 46020000 		.4byte	.LASF21
 369 017f 01       		.byte	0x1
 370 0180 3A       		.byte	0x3a
 371 0181 99000000 		.4byte	0x99
 372 0185 3F000000 		.4byte	.LLST2
 373 0189 0F       		.uleb128 0xf
 374 018a 46000000 		.4byte	.LBB2
 375 018e 0E000000 		.4byte	.LBE2-.LBB2
 376 0192 C5010000 		.4byte	0x1c5
 377 0196 10       		.uleb128 0x10
 378 0197 62020000 		.4byte	.LASF25
 379 019b 01       		.byte	0x1
 380 019c 61       		.byte	0x61
 381 019d 68000000 		.4byte	0x68
 382 01a1 A7010000 		.4byte	0x1a7
ARM GAS  C:\Users\HPz420\AppData\Local\Temp\ccHN57tY.s 			page 10


 383 01a5 11       		.uleb128 0x11
 384 01a6 00       		.byte	0
 385 01a7 09       		.uleb128 0x9
 386 01a8 4C000000 		.4byte	.LVL21
 387 01ac 8C020000 		.4byte	0x28c
 388 01b0 BB010000 		.4byte	0x1bb
 389 01b4 0A       		.uleb128 0xa
 390 01b5 01       		.uleb128 0x1
 391 01b6 50       		.byte	0x50
 392 01b7 02       		.uleb128 0x2
 393 01b8 7D       		.byte	0x7d
 394 01b9 00       		.sleb128 0
 395 01ba 00       		.byte	0
 396 01bb 12       		.uleb128 0x12
 397 01bc 54000000 		.4byte	.LVL22
 398 01c0 97020000 		.4byte	0x297
 399 01c4 00       		.byte	0
 400 01c5 09       		.uleb128 0x9
 401 01c6 0C000000 		.4byte	.LVL8
 402 01ca A2020000 		.4byte	0x2a2
 403 01ce DD010000 		.4byte	0x1dd
 404 01d2 0A       		.uleb128 0xa
 405 01d3 01       		.uleb128 0x1
 406 01d4 50       		.byte	0x50
 407 01d5 01       		.uleb128 0x1
 408 01d6 30       		.byte	0x30
 409 01d7 0A       		.uleb128 0xa
 410 01d8 01       		.uleb128 0x1
 411 01d9 51       		.byte	0x51
 412 01da 01       		.uleb128 0x1
 413 01db 31       		.byte	0x31
 414 01dc 00       		.byte	0
 415 01dd 12       		.uleb128 0x12
 416 01de 10000000 		.4byte	.LVL9
 417 01e2 AE020000 		.4byte	0x2ae
 418 01e6 12       		.uleb128 0x12
 419 01e7 16000000 		.4byte	.LVL10
 420 01eb B9020000 		.4byte	0x2b9
 421 01ef 09       		.uleb128 0x9
 422 01f0 1E000000 		.4byte	.LVL13
 423 01f4 C8000000 		.4byte	0xc8
 424 01f8 03020000 		.4byte	0x203
 425 01fc 0A       		.uleb128 0xa
 426 01fd 01       		.uleb128 0x1
 427 01fe 50       		.byte	0x50
 428 01ff 02       		.uleb128 0x2
 429 0200 74       		.byte	0x74
 430 0201 01       		.sleb128 1
 431 0202 00       		.byte	0
 432 0203 12       		.uleb128 0x12
 433 0204 26000000 		.4byte	.LVL14
 434 0208 C4020000 		.4byte	0x2c4
 435 020c 12       		.uleb128 0x12
 436 020d 2A000000 		.4byte	.LVL15
 437 0211 CF020000 		.4byte	0x2cf
 438 0215 12       		.uleb128 0x12
 439 0216 2E000000 		.4byte	.LVL16
ARM GAS  C:\Users\HPz420\AppData\Local\Temp\ccHN57tY.s 			page 11


 440 021a DA020000 		.4byte	0x2da
 441 021e 12       		.uleb128 0x12
 442 021f 34000000 		.4byte	.LVL17
 443 0223 E6020000 		.4byte	0x2e6
 444 0227 12       		.uleb128 0x12
 445 0228 3A000000 		.4byte	.LVL18
 446 022c F2020000 		.4byte	0x2f2
 447 0230 12       		.uleb128 0x12
 448 0231 3E000000 		.4byte	.LVL19
 449 0235 E6020000 		.4byte	0x2e6
 450 0239 12       		.uleb128 0x12
 451 023a 44000000 		.4byte	.LVL20
 452 023e FD020000 		.4byte	0x2fd
 453 0242 12       		.uleb128 0x12
 454 0243 58000000 		.4byte	.LVL23
 455 0247 08030000 		.4byte	0x308
 456 024b 12       		.uleb128 0x12
 457 024c 62000000 		.4byte	.LVL24
 458 0250 13030000 		.4byte	0x313
 459 0254 00       		.byte	0
 460 0255 13       		.uleb128 0x13
 461 0256 81000000 		.4byte	0x81
 462 025a 65020000 		.4byte	0x265
 463 025e 14       		.uleb128 0x14
 464 025f C1000000 		.4byte	0xc1
 465 0263 3F       		.byte	0x3f
 466 0264 00       		.byte	0
 467 0265 15       		.uleb128 0x15
 468 0266 A1010000 		.4byte	.LASF43
 469 026a 0C       		.byte	0xc
 470 026b 1207     		.2byte	0x712
 471 026d 71020000 		.4byte	0x271
 472 0271 16       		.uleb128 0x16
 473 0272 76000000 		.4byte	0x76
 474 0276 17       		.uleb128 0x17
 475 0277 98020000 		.4byte	.LASF22
 476 027b 98020000 		.4byte	.LASF22
 477 027f 05       		.byte	0x5
 478 0280 2F       		.byte	0x2f
 479 0281 17       		.uleb128 0x17
 480 0282 F1020000 		.4byte	.LASF23
 481 0286 F1020000 		.4byte	.LASF23
 482 028a 06       		.byte	0x6
 483 028b 76       		.byte	0x76
 484 028c 17       		.uleb128 0x17
 485 028d 26000000 		.4byte	.LASF24
 486 0291 26000000 		.4byte	.LASF24
 487 0295 07       		.byte	0x7
 488 0296 2B       		.byte	0x2b
 489 0297 17       		.uleb128 0x17
 490 0298 62020000 		.4byte	.LASF25
 491 029c 62020000 		.4byte	.LASF25
 492 02a0 01       		.byte	0x1
 493 02a1 61       		.byte	0x61
 494 02a2 18       		.uleb128 0x18
 495 02a3 FA010000 		.4byte	.LASF26
 496 02a7 FA010000 		.4byte	.LASF26
ARM GAS  C:\Users\HPz420\AppData\Local\Temp\ccHN57tY.s 			page 12


 497 02ab 08       		.byte	0x8
 498 02ac 2A01     		.2byte	0x12a
 499 02ae 17       		.uleb128 0x17
 500 02af 55000000 		.4byte	.LASF27
 501 02b3 55000000 		.4byte	.LASF27
 502 02b7 09       		.byte	0x9
 503 02b8 93       		.byte	0x93
 504 02b9 17       		.uleb128 0x17
 505 02ba 08020000 		.4byte	.LASF28
 506 02be 08020000 		.4byte	.LASF28
 507 02c2 01       		.byte	0x1
 508 02c3 20       		.byte	0x20
 509 02c4 17       		.uleb128 0x17
 510 02c5 C7020000 		.4byte	.LASF29
 511 02c9 C7020000 		.4byte	.LASF29
 512 02cd 01       		.byte	0x1
 513 02ce 11       		.byte	0x11
 514 02cf 17       		.uleb128 0x17
 515 02d0 0E000000 		.4byte	.LASF30
 516 02d4 0E000000 		.4byte	.LASF30
 517 02d8 0A       		.byte	0xa
 518 02d9 2C       		.byte	0x2c
 519 02da 18       		.uleb128 0x18
 520 02db C8010000 		.4byte	.LASF31
 521 02df C8010000 		.4byte	.LASF31
 522 02e3 08       		.byte	0x8
 523 02e4 2E01     		.2byte	0x12e
 524 02e6 18       		.uleb128 0x18
 525 02e7 3C000000 		.4byte	.LASF32
 526 02eb 3C000000 		.4byte	.LASF32
 527 02ef 08       		.byte	0x8
 528 02f0 2D01     		.2byte	0x12d
 529 02f2 17       		.uleb128 0x17
 530 02f3 1E020000 		.4byte	.LASF33
 531 02f7 1E020000 		.4byte	.LASF33
 532 02fb 07       		.byte	0x7
 533 02fc 22       		.byte	0x22
 534 02fd 17       		.uleb128 0x17
 535 02fe 4E020000 		.4byte	.LASF34
 536 0302 4E020000 		.4byte	.LASF34
 537 0306 07       		.byte	0x7
 538 0307 29       		.byte	0x29
 539 0308 17       		.uleb128 0x17
 540 0309 71010000 		.4byte	.LASF35
 541 030d 71010000 		.4byte	.LASF35
 542 0311 0B       		.byte	0xb
 543 0312 30       		.byte	0x30
 544 0313 17       		.uleb128 0x17
 545 0314 95010000 		.4byte	.LASF36
 546 0318 95010000 		.4byte	.LASF36
 547 031c 01       		.byte	0x1
 548 031d 21       		.byte	0x21
 549 031e 00       		.byte	0
 550              		.section	.debug_abbrev,"",%progbits
 551              	.Ldebug_abbrev0:
 552 0000 01       		.uleb128 0x1
 553 0001 11       		.uleb128 0x11
ARM GAS  C:\Users\HPz420\AppData\Local\Temp\ccHN57tY.s 			page 13


 554 0002 01       		.byte	0x1
 555 0003 25       		.uleb128 0x25
 556 0004 0E       		.uleb128 0xe
 557 0005 13       		.uleb128 0x13
 558 0006 0B       		.uleb128 0xb
 559 0007 03       		.uleb128 0x3
 560 0008 0E       		.uleb128 0xe
 561 0009 1B       		.uleb128 0x1b
 562 000a 0E       		.uleb128 0xe
 563 000b 55       		.uleb128 0x55
 564 000c 17       		.uleb128 0x17
 565 000d 11       		.uleb128 0x11
 566 000e 01       		.uleb128 0x1
 567 000f 10       		.uleb128 0x10
 568 0010 17       		.uleb128 0x17
 569 0011 00       		.byte	0
 570 0012 00       		.byte	0
 571 0013 02       		.uleb128 0x2
 572 0014 24       		.uleb128 0x24
 573 0015 00       		.byte	0
 574 0016 0B       		.uleb128 0xb
 575 0017 0B       		.uleb128 0xb
 576 0018 3E       		.uleb128 0x3e
 577 0019 0B       		.uleb128 0xb
 578 001a 03       		.uleb128 0x3
 579 001b 0E       		.uleb128 0xe
 580 001c 00       		.byte	0
 581 001d 00       		.byte	0
 582 001e 03       		.uleb128 0x3
 583 001f 16       		.uleb128 0x16
 584 0020 00       		.byte	0
 585 0021 03       		.uleb128 0x3
 586 0022 0E       		.uleb128 0xe
 587 0023 3A       		.uleb128 0x3a
 588 0024 0B       		.uleb128 0xb
 589 0025 3B       		.uleb128 0x3b
 590 0026 0B       		.uleb128 0xb
 591 0027 49       		.uleb128 0x49
 592 0028 13       		.uleb128 0x13
 593 0029 00       		.byte	0
 594 002a 00       		.byte	0
 595 002b 04       		.uleb128 0x4
 596 002c 24       		.uleb128 0x24
 597 002d 00       		.byte	0
 598 002e 0B       		.uleb128 0xb
 599 002f 0B       		.uleb128 0xb
 600 0030 3E       		.uleb128 0x3e
 601 0031 0B       		.uleb128 0xb
 602 0032 03       		.uleb128 0x3
 603 0033 08       		.uleb128 0x8
 604 0034 00       		.byte	0
 605 0035 00       		.byte	0
 606 0036 05       		.uleb128 0x5
 607 0037 16       		.uleb128 0x16
 608 0038 00       		.byte	0
 609 0039 03       		.uleb128 0x3
 610 003a 0E       		.uleb128 0xe
ARM GAS  C:\Users\HPz420\AppData\Local\Temp\ccHN57tY.s 			page 14


 611 003b 3A       		.uleb128 0x3a
 612 003c 0B       		.uleb128 0xb
 613 003d 3B       		.uleb128 0x3b
 614 003e 05       		.uleb128 0x5
 615 003f 49       		.uleb128 0x49
 616 0040 13       		.uleb128 0x13
 617 0041 00       		.byte	0
 618 0042 00       		.byte	0
 619 0043 06       		.uleb128 0x6
 620 0044 2E       		.uleb128 0x2e
 621 0045 01       		.byte	0x1
 622 0046 3F       		.uleb128 0x3f
 623 0047 19       		.uleb128 0x19
 624 0048 03       		.uleb128 0x3
 625 0049 0E       		.uleb128 0xe
 626 004a 3A       		.uleb128 0x3a
 627 004b 0B       		.uleb128 0xb
 628 004c 3B       		.uleb128 0x3b
 629 004d 0B       		.uleb128 0xb
 630 004e 27       		.uleb128 0x27
 631 004f 19       		.uleb128 0x19
 632 0050 11       		.uleb128 0x11
 633 0051 01       		.uleb128 0x1
 634 0052 12       		.uleb128 0x12
 635 0053 06       		.uleb128 0x6
 636 0054 40       		.uleb128 0x40
 637 0055 18       		.uleb128 0x18
 638 0056 9742     		.uleb128 0x2117
 639 0058 19       		.uleb128 0x19
 640 0059 01       		.uleb128 0x1
 641 005a 13       		.uleb128 0x13
 642 005b 00       		.byte	0
 643 005c 00       		.byte	0
 644 005d 07       		.uleb128 0x7
 645 005e 05       		.uleb128 0x5
 646 005f 00       		.byte	0
 647 0060 03       		.uleb128 0x3
 648 0061 0E       		.uleb128 0xe
 649 0062 3A       		.uleb128 0x3a
 650 0063 0B       		.uleb128 0xb
 651 0064 3B       		.uleb128 0x3b
 652 0065 0B       		.uleb128 0xb
 653 0066 49       		.uleb128 0x49
 654 0067 13       		.uleb128 0x13
 655 0068 02       		.uleb128 0x2
 656 0069 17       		.uleb128 0x17
 657 006a 00       		.byte	0
 658 006b 00       		.byte	0
 659 006c 08       		.uleb128 0x8
 660 006d 34       		.uleb128 0x34
 661 006e 00       		.byte	0
 662 006f 03       		.uleb128 0x3
 663 0070 0E       		.uleb128 0xe
 664 0071 3A       		.uleb128 0x3a
 665 0072 0B       		.uleb128 0xb
 666 0073 3B       		.uleb128 0x3b
 667 0074 0B       		.uleb128 0xb
ARM GAS  C:\Users\HPz420\AppData\Local\Temp\ccHN57tY.s 			page 15


 668 0075 49       		.uleb128 0x49
 669 0076 13       		.uleb128 0x13
 670 0077 02       		.uleb128 0x2
 671 0078 17       		.uleb128 0x17
 672 0079 00       		.byte	0
 673 007a 00       		.byte	0
 674 007b 09       		.uleb128 0x9
 675 007c 898201   		.uleb128 0x4109
 676 007f 01       		.byte	0x1
 677 0080 11       		.uleb128 0x11
 678 0081 01       		.uleb128 0x1
 679 0082 31       		.uleb128 0x31
 680 0083 13       		.uleb128 0x13
 681 0084 01       		.uleb128 0x1
 682 0085 13       		.uleb128 0x13
 683 0086 00       		.byte	0
 684 0087 00       		.byte	0
 685 0088 0A       		.uleb128 0xa
 686 0089 8A8201   		.uleb128 0x410a
 687 008c 00       		.byte	0
 688 008d 02       		.uleb128 0x2
 689 008e 18       		.uleb128 0x18
 690 008f 9142     		.uleb128 0x2111
 691 0091 18       		.uleb128 0x18
 692 0092 00       		.byte	0
 693 0093 00       		.byte	0
 694 0094 0B       		.uleb128 0xb
 695 0095 898201   		.uleb128 0x4109
 696 0098 01       		.byte	0x1
 697 0099 11       		.uleb128 0x11
 698 009a 01       		.uleb128 0x1
 699 009b 31       		.uleb128 0x31
 700 009c 13       		.uleb128 0x13
 701 009d 00       		.byte	0
 702 009e 00       		.byte	0
 703 009f 0C       		.uleb128 0xc
 704 00a0 2E       		.uleb128 0x2e
 705 00a1 01       		.byte	0x1
 706 00a2 3F       		.uleb128 0x3f
 707 00a3 19       		.uleb128 0x19
 708 00a4 03       		.uleb128 0x3
 709 00a5 0E       		.uleb128 0xe
 710 00a6 3A       		.uleb128 0x3a
 711 00a7 0B       		.uleb128 0xb
 712 00a8 3B       		.uleb128 0x3b
 713 00a9 0B       		.uleb128 0xb
 714 00aa 27       		.uleb128 0x27
 715 00ab 19       		.uleb128 0x19
 716 00ac 49       		.uleb128 0x49
 717 00ad 13       		.uleb128 0x13
 718 00ae 8701     		.uleb128 0x87
 719 00b0 19       		.uleb128 0x19
 720 00b1 11       		.uleb128 0x11
 721 00b2 01       		.uleb128 0x1
 722 00b3 12       		.uleb128 0x12
 723 00b4 06       		.uleb128 0x6
 724 00b5 40       		.uleb128 0x40
ARM GAS  C:\Users\HPz420\AppData\Local\Temp\ccHN57tY.s 			page 16


 725 00b6 18       		.uleb128 0x18
 726 00b7 9742     		.uleb128 0x2117
 727 00b9 19       		.uleb128 0x19
 728 00ba 01       		.uleb128 0x1
 729 00bb 13       		.uleb128 0x13
 730 00bc 00       		.byte	0
 731 00bd 00       		.byte	0
 732 00be 0D       		.uleb128 0xd
 733 00bf 34       		.uleb128 0x34
 734 00c0 00       		.byte	0
 735 00c1 03       		.uleb128 0x3
 736 00c2 0E       		.uleb128 0xe
 737 00c3 3A       		.uleb128 0x3a
 738 00c4 0B       		.uleb128 0xb
 739 00c5 3B       		.uleb128 0x3b
 740 00c6 0B       		.uleb128 0xb
 741 00c7 49       		.uleb128 0x49
 742 00c8 13       		.uleb128 0x13
 743 00c9 00       		.byte	0
 744 00ca 00       		.byte	0
 745 00cb 0E       		.uleb128 0xe
 746 00cc 34       		.uleb128 0x34
 747 00cd 00       		.byte	0
 748 00ce 03       		.uleb128 0x3
 749 00cf 0E       		.uleb128 0xe
 750 00d0 3A       		.uleb128 0x3a
 751 00d1 0B       		.uleb128 0xb
 752 00d2 3B       		.uleb128 0x3b
 753 00d3 0B       		.uleb128 0xb
 754 00d4 49       		.uleb128 0x49
 755 00d5 13       		.uleb128 0x13
 756 00d6 02       		.uleb128 0x2
 757 00d7 18       		.uleb128 0x18
 758 00d8 00       		.byte	0
 759 00d9 00       		.byte	0
 760 00da 0F       		.uleb128 0xf
 761 00db 0B       		.uleb128 0xb
 762 00dc 01       		.byte	0x1
 763 00dd 11       		.uleb128 0x11
 764 00de 01       		.uleb128 0x1
 765 00df 12       		.uleb128 0x12
 766 00e0 06       		.uleb128 0x6
 767 00e1 01       		.uleb128 0x1
 768 00e2 13       		.uleb128 0x13
 769 00e3 00       		.byte	0
 770 00e4 00       		.byte	0
 771 00e5 10       		.uleb128 0x10
 772 00e6 2E       		.uleb128 0x2e
 773 00e7 01       		.byte	0x1
 774 00e8 3F       		.uleb128 0x3f
 775 00e9 19       		.uleb128 0x19
 776 00ea 03       		.uleb128 0x3
 777 00eb 0E       		.uleb128 0xe
 778 00ec 3A       		.uleb128 0x3a
 779 00ed 0B       		.uleb128 0xb
 780 00ee 3B       		.uleb128 0x3b
 781 00ef 0B       		.uleb128 0xb
ARM GAS  C:\Users\HPz420\AppData\Local\Temp\ccHN57tY.s 			page 17


 782 00f0 49       		.uleb128 0x49
 783 00f1 13       		.uleb128 0x13
 784 00f2 3C       		.uleb128 0x3c
 785 00f3 19       		.uleb128 0x19
 786 00f4 01       		.uleb128 0x1
 787 00f5 13       		.uleb128 0x13
 788 00f6 00       		.byte	0
 789 00f7 00       		.byte	0
 790 00f8 11       		.uleb128 0x11
 791 00f9 18       		.uleb128 0x18
 792 00fa 00       		.byte	0
 793 00fb 00       		.byte	0
 794 00fc 00       		.byte	0
 795 00fd 12       		.uleb128 0x12
 796 00fe 898201   		.uleb128 0x4109
 797 0101 00       		.byte	0
 798 0102 11       		.uleb128 0x11
 799 0103 01       		.uleb128 0x1
 800 0104 31       		.uleb128 0x31
 801 0105 13       		.uleb128 0x13
 802 0106 00       		.byte	0
 803 0107 00       		.byte	0
 804 0108 13       		.uleb128 0x13
 805 0109 01       		.uleb128 0x1
 806 010a 01       		.byte	0x1
 807 010b 49       		.uleb128 0x49
 808 010c 13       		.uleb128 0x13
 809 010d 01       		.uleb128 0x1
 810 010e 13       		.uleb128 0x13
 811 010f 00       		.byte	0
 812 0110 00       		.byte	0
 813 0111 14       		.uleb128 0x14
 814 0112 21       		.uleb128 0x21
 815 0113 00       		.byte	0
 816 0114 49       		.uleb128 0x49
 817 0115 13       		.uleb128 0x13
 818 0116 2F       		.uleb128 0x2f
 819 0117 0B       		.uleb128 0xb
 820 0118 00       		.byte	0
 821 0119 00       		.byte	0
 822 011a 15       		.uleb128 0x15
 823 011b 34       		.uleb128 0x34
 824 011c 00       		.byte	0
 825 011d 03       		.uleb128 0x3
 826 011e 0E       		.uleb128 0xe
 827 011f 3A       		.uleb128 0x3a
 828 0120 0B       		.uleb128 0xb
 829 0121 3B       		.uleb128 0x3b
 830 0122 05       		.uleb128 0x5
 831 0123 49       		.uleb128 0x49
 832 0124 13       		.uleb128 0x13
 833 0125 3F       		.uleb128 0x3f
 834 0126 19       		.uleb128 0x19
 835 0127 3C       		.uleb128 0x3c
 836 0128 19       		.uleb128 0x19
 837 0129 00       		.byte	0
 838 012a 00       		.byte	0
ARM GAS  C:\Users\HPz420\AppData\Local\Temp\ccHN57tY.s 			page 18


 839 012b 16       		.uleb128 0x16
 840 012c 35       		.uleb128 0x35
 841 012d 00       		.byte	0
 842 012e 49       		.uleb128 0x49
 843 012f 13       		.uleb128 0x13
 844 0130 00       		.byte	0
 845 0131 00       		.byte	0
 846 0132 17       		.uleb128 0x17
 847 0133 2E       		.uleb128 0x2e
 848 0134 00       		.byte	0
 849 0135 3F       		.uleb128 0x3f
 850 0136 19       		.uleb128 0x19
 851 0137 3C       		.uleb128 0x3c
 852 0138 19       		.uleb128 0x19
 853 0139 6E       		.uleb128 0x6e
 854 013a 0E       		.uleb128 0xe
 855 013b 03       		.uleb128 0x3
 856 013c 0E       		.uleb128 0xe
 857 013d 3A       		.uleb128 0x3a
 858 013e 0B       		.uleb128 0xb
 859 013f 3B       		.uleb128 0x3b
 860 0140 0B       		.uleb128 0xb
 861 0141 00       		.byte	0
 862 0142 00       		.byte	0
 863 0143 18       		.uleb128 0x18
 864 0144 2E       		.uleb128 0x2e
 865 0145 00       		.byte	0
 866 0146 3F       		.uleb128 0x3f
 867 0147 19       		.uleb128 0x19
 868 0148 3C       		.uleb128 0x3c
 869 0149 19       		.uleb128 0x19
 870 014a 6E       		.uleb128 0x6e
 871 014b 0E       		.uleb128 0xe
 872 014c 03       		.uleb128 0x3
 873 014d 0E       		.uleb128 0xe
 874 014e 3A       		.uleb128 0x3a
 875 014f 0B       		.uleb128 0xb
 876 0150 3B       		.uleb128 0x3b
 877 0151 05       		.uleb128 0x5
 878 0152 00       		.byte	0
 879 0153 00       		.byte	0
 880 0154 00       		.byte	0
 881              		.section	.debug_loc,"",%progbits
 882              	.Ldebug_loc0:
 883              	.LLST0:
 884 0000 00000000 		.4byte	.LVL0
 885 0004 06000000 		.4byte	.LVL2
 886 0008 0100     		.2byte	0x1
 887 000a 50       		.byte	0x50
 888 000b 06000000 		.4byte	.LVL2
 889 000f 28000000 		.4byte	.LFE64
 890 0013 0400     		.2byte	0x4
 891 0015 F3       		.byte	0xf3
 892 0016 01       		.uleb128 0x1
 893 0017 50       		.byte	0x50
 894 0018 9F       		.byte	0x9f
 895 0019 00000000 		.4byte	0
ARM GAS  C:\Users\HPz420\AppData\Local\Temp\ccHN57tY.s 			page 19


 896 001d 00000000 		.4byte	0
 897              	.LLST1:
 898 0021 04000000 		.4byte	.LVL1
 899 0025 06000000 		.4byte	.LVL2
 900 0029 0100     		.2byte	0x1
 901 002b 50       		.byte	0x50
 902 002c 06000000 		.4byte	.LVL2
 903 0030 28000000 		.4byte	.LFE64
 904 0034 0100     		.2byte	0x1
 905 0036 54       		.byte	0x54
 906 0037 00000000 		.4byte	0
 907 003b 00000000 		.4byte	0
 908              	.LLST2:
 909 003f 18000000 		.4byte	.LVL11
 910 0043 1A000000 		.4byte	.LVL12
 911 0047 0100     		.2byte	0x1
 912 0049 50       		.byte	0x50
 913 004a 1A000000 		.4byte	.LVL12
 914 004e 64000000 		.4byte	.LFE65
 915 0052 0100     		.2byte	0x1
 916 0054 54       		.byte	0x54
 917 0055 00000000 		.4byte	0
 918 0059 00000000 		.4byte	0
 919              		.section	.debug_aranges,"",%progbits
 920 0000 24000000 		.4byte	0x24
 921 0004 0200     		.2byte	0x2
 922 0006 00000000 		.4byte	.Ldebug_info0
 923 000a 04       		.byte	0x4
 924 000b 00       		.byte	0
 925 000c 0000     		.2byte	0
 926 000e 0000     		.2byte	0
 927 0010 00000000 		.4byte	.LFB64
 928 0014 28000000 		.4byte	.LFE64-.LFB64
 929 0018 00000000 		.4byte	.LFB65
 930 001c 64000000 		.4byte	.LFE65-.LFB65
 931 0020 00000000 		.4byte	0
 932 0024 00000000 		.4byte	0
 933              		.section	.debug_ranges,"",%progbits
 934              	.Ldebug_ranges0:
 935 0000 00000000 		.4byte	.LFB64
 936 0004 28000000 		.4byte	.LFE64
 937 0008 00000000 		.4byte	.LFB65
 938 000c 64000000 		.4byte	.LFE65
 939 0010 00000000 		.4byte	0
 940 0014 00000000 		.4byte	0
 941              		.section	.debug_line,"",%progbits
 942              	.Ldebug_line0:
 943 0000 F1010000 		.section	.debug_str,"MS",%progbits,1
 943      0200B001 
 943      00000201 
 943      FB0E0D00 
 943      01010101 
 944              	.LASF6:
 945 0000 6C6F6E67 		.ascii	"long long int\000"
 945      206C6F6E 
 945      6720696E 
 945      7400
ARM GAS  C:\Users\HPz420\AppData\Local\Temp\ccHN57tY.s 			page 20


 946              	.LASF30:
 947 000e 72756E46 		.ascii	"runFrontPanel\000"
 947      726F6E74 
 947      50616E65 
 947      6C00
 948              	.LASF9:
 949 001c 5F5F696E 		.ascii	"__int32_t\000"
 949      7433325F 
 949      7400
 950              	.LASF24:
 951 0026 55534255 		.ascii	"USBUART_GetAll\000"
 951      4152545F 
 951      47657441 
 951      6C6C00
 952              	.LASF15:
 953 0035 646F7562 		.ascii	"double\000"
 953      6C6500
 954              	.LASF32:
 955 003c 55534255 		.ascii	"USBUART_GetConfiguration\000"
 955      4152545F 
 955      47657443 
 955      6F6E6669 
 955      67757261 
 956              	.LASF27:
 957 0055 4932435F 		.ascii	"I2C_Start\000"
 957      53746172 
 957      7400
 958              	.LASF14:
 959 005f 666C6F61 		.ascii	"float\000"
 959      7400
 960              	.LASF39:
 961 0065 433A5C55 		.ascii	"C:\\Users\\HPz420\\Documents\\GitHub\\Retro-Compute"
 961      73657273 
 961      5C48507A 
 961      3432305C 
 961      446F6375 
 962 0093 72735C5A 		.ascii	"rs\\Z80\\PSOC\\PSOC_Design_Files\\Z80-PSoC-3-Chips_"
 962      38305C50 
 962      534F435C 
 962      50534F43 
 962      5F446573 
 963 00c2 3030315C 		.ascii	"001\\Z80_3Pin.cydsn\000"
 963      5A38305F 
 963      3350696E 
 963      2E637964 
 963      736E00
 964              	.LASF1:
 965 00d5 756E7369 		.ascii	"unsigned char\000"
 965      676E6564 
 965      20636861 
 965      7200
 966              	.LASF37:
 967 00e3 474E5520 		.ascii	"GNU C11 5.4.1 20160609 (release) [ARM/embedded-5-br"
 967      43313120 
 967      352E342E 
 967      31203230 
 967      31363036 
ARM GAS  C:\Users\HPz420\AppData\Local\Temp\ccHN57tY.s 			page 21


 968 0116 616E6368 		.ascii	"anch revision 237715] -mcpu=cortex-m3 -mthumb -g -O"
 968      20726576 
 968      6973696F 
 968      6E203233 
 968      37373135 
 969 0149 67202D66 		.ascii	"g -ffunction-sections -ffat-lto-objects\000"
 969      66756E63 
 969      74696F6E 
 969      2D736563 
 969      74696F6E 
 970              	.LASF35:
 971 0171 494F5F53 		.ascii	"IO_Stat_Reg_Read\000"
 971      7461745F 
 971      5265675F 
 971      52656164 
 971      00
 972              	.LASF3:
 973 0182 73686F72 		.ascii	"short unsigned int\000"
 973      7420756E 
 973      7369676E 
 973      65642069 
 973      6E7400
 974              	.LASF36:
 975 0195 48616E64 		.ascii	"HandleZ80IO\000"
 975      6C655A38 
 975      30494F00 
 976              	.LASF43:
 977 01a1 49544D5F 		.ascii	"ITM_RxBuffer\000"
 977      52784275 
 977      66666572 
 977      00
 978              	.LASF40:
 979 01ae 506F7374 		.ascii	"PostLed\000"
 979      4C656400 
 980              	.LASF5:
 981 01b6 6C6F6E67 		.ascii	"long unsigned int\000"
 981      20756E73 
 981      69676E65 
 981      6420696E 
 981      7400
 982              	.LASF31:
 983 01c8 55534255 		.ascii	"USBUART_IsConfigurationChanged\000"
 983      4152545F 
 983      4973436F 
 983      6E666967 
 983      75726174 
 984              	.LASF12:
 985 01e7 75696E74 		.ascii	"uint16\000"
 985      313600
 986              	.LASF13:
 987 01ee 75696E74 		.ascii	"uint32\000"
 987      333200
 988              	.LASF41:
 989 01f5 6D61696E 		.ascii	"main\000"
 989      00
 990              	.LASF26:
 991 01fa 55534255 		.ascii	"USBUART_Start\000"
ARM GAS  C:\Users\HPz420\AppData\Local\Temp\ccHN57tY.s 			page 22


 991      4152545F 
 991      53746172 
 991      7400
 992              	.LASF28:
 993 0208 54657374 		.ascii	"TestSRAM\000"
 993      5352414D 
 993      00
 994              	.LASF8:
 995 0211 756E7369 		.ascii	"unsigned int\000"
 995      676E6564 
 995      20696E74 
 995      00
 996              	.LASF33:
 997 021e 55534255 		.ascii	"USBUART_CDC_Init\000"
 997      4152545F 
 997      4344435F 
 997      496E6974 
 997      00
 998              	.LASF7:
 999 022f 6C6F6E67 		.ascii	"long long unsigned int\000"
 999      206C6F6E 
 999      6720756E 
 999      7369676E 
 999      65642069 
 1000              	.LASF21:
 1001 0246 706F7374 		.ascii	"postVal\000"
 1001      56616C00 
 1002              	.LASF34:
 1003 024e 55534255 		.ascii	"USBUART_DataIsReady\000"
 1003      4152545F 
 1003      44617461 
 1003      49735265 
 1003      61647900 
 1004              	.LASF25:
 1005 0262 73656E64 		.ascii	"sendCharToZ80\000"
 1005      43686172 
 1005      546F5A38 
 1005      3000
 1006              	.LASF10:
 1007 0270 696E7433 		.ascii	"int32_t\000"
 1007      325F7400 
 1008              	.LASF18:
 1009 0278 73697A65 		.ascii	"sizetype\000"
 1009      74797065 
 1009      00
 1010              	.LASF19:
 1011 0281 626C696E 		.ascii	"blinkCount\000"
 1011      6B436F75 
 1011      6E7400
 1012              	.LASF38:
 1013 028c 6D61696E 		.ascii	"main.c\000"
 1013      2E6300
 1014              	.LASF16:
 1015 0293 63686172 		.ascii	"char\000"
 1015      00
 1016              	.LASF22:
 1017 0298 494F5F43 		.ascii	"IO_Ctrl_Reg_Write\000"
ARM GAS  C:\Users\HPz420\AppData\Local\Temp\ccHN57tY.s 			page 23


 1017      74726C5F 
 1017      5265675F 
 1017      57726974 
 1017      6500
 1018              	.LASF42:
 1019 02aa 636F756E 		.ascii	"count\000"
 1019      7400
 1020              	.LASF2:
 1021 02b0 73686F72 		.ascii	"short int\000"
 1021      7420696E 
 1021      7400
 1022              	.LASF20:
 1023 02ba 62756666 		.ascii	"buffer\000"
 1023      657200
 1024              	.LASF11:
 1025 02c1 75696E74 		.ascii	"uint8\000"
 1025      3800
 1026              	.LASF29:
 1027 02c7 6C6F6164 		.ascii	"loadSRAM\000"
 1027      5352414D 
 1027      00
 1028              	.LASF4:
 1029 02d0 6C6F6E67 		.ascii	"long int\000"
 1029      20696E74 
 1029      00
 1030              	.LASF17:
 1031 02d9 6C6F6E67 		.ascii	"long double\000"
 1031      20646F75 
 1031      626C6500 
 1032              	.LASF0:
 1033 02e5 7369676E 		.ascii	"signed char\000"
 1033      65642063 
 1033      68617200 
 1034              	.LASF23:
 1035 02f1 43794465 		.ascii	"CyDelay\000"
 1035      6C617900 
 1036              		.ident	"GCC: (GNU Tools for ARM Embedded Processors) 5.4.1 20160609 (release) [ARM/embedded-5-bran
