ARM GAS  C:\Users\HPz420\AppData\Local\Temp\cc2OwUEt.s 			page 1


   1              		.syntax unified
   2              		.cpu cortex-m3
   3              		.fpu softvfp
   4              		.eabi_attribute 20, 1
   5              		.eabi_attribute 21, 1
   6              		.eabi_attribute 23, 3
   7              		.eabi_attribute 24, 1
   8              		.eabi_attribute 25, 1
   9              		.eabi_attribute 26, 1
  10              		.eabi_attribute 30, 1
  11              		.eabi_attribute 34, 1
  12              		.eabi_attribute 18, 4
  13              		.thumb
  14              		.syntax unified
  15              		.file	"Z80_SIO_emul.c"
  16              		.text
  17              	.Ltext0:
  18              		.cfi_sections	.debug_frame
  19              		.section	.text.ackIO,"ax",%progbits
  20              		.align	2
  21              		.global	ackIO
  22              		.thumb
  23              		.thumb_func
  24              		.type	ackIO, %function
  25              	ackIO:
  26              	.LFB63:
  27              		.file 1 "Z80_SIO_emul.c"
   1:Z80_SIO_emul.c **** /* ========================================
   2:Z80_SIO_emul.c ****  *
   3:Z80_SIO_emul.c ****  * Copyright YOUR COMPANY, THE YEAR
   4:Z80_SIO_emul.c ****  * All Rights Reserved
   5:Z80_SIO_emul.c ****  * UNPUBLISHED, LICENSED SOFTWARE.
   6:Z80_SIO_emul.c ****  *
   7:Z80_SIO_emul.c ****  * CONFIDENTIAL AND PROPRIETARY INFORMATION
   8:Z80_SIO_emul.c ****  * WHICH IS THE PROPERTY OF your company.
   9:Z80_SIO_emul.c ****  *
  10:Z80_SIO_emul.c ****  * ========================================
  11:Z80_SIO_emul.c **** */
  12:Z80_SIO_emul.c **** 
  13:Z80_SIO_emul.c **** #include <project.h>
  14:Z80_SIO_emul.c **** #include "Z80_SIO_emul.h"
  15:Z80_SIO_emul.c **** 
  16:Z80_SIO_emul.c **** volatile uint8 SIO_A_Ctrl1;
  17:Z80_SIO_emul.c **** volatile uint8 SIO_A_Ctrl2;
  18:Z80_SIO_emul.c **** volatile uint8 SIO_A_Status;
  19:Z80_SIO_emul.c **** volatile uint8 SIO_A_DataOut;
  20:Z80_SIO_emul.c **** volatile uint8 SIO_A_DataIn;
  21:Z80_SIO_emul.c **** volatile uint8 SIO_A_Ctrl_Count;
  22:Z80_SIO_emul.c **** volatile uint8 SIO_A_WR0;
  23:Z80_SIO_emul.c **** volatile uint8 SIO_A_WR1;
  24:Z80_SIO_emul.c **** volatile uint8 SIO_A_WR2;
  25:Z80_SIO_emul.c **** volatile uint8 SIO_A_WR3;
  26:Z80_SIO_emul.c **** volatile uint8 SIO_A_WR4;
  27:Z80_SIO_emul.c **** volatile uint8 SIO_A_WR5;
  28:Z80_SIO_emul.c **** volatile uint8 SIO_A_WR6;
  29:Z80_SIO_emul.c **** volatile uint8 SIO_A_WR7;
  30:Z80_SIO_emul.c **** volatile uint8 SIO_A_RD0;
ARM GAS  C:\Users\HPz420\AppData\Local\Temp\cc2OwUEt.s 			page 2


  31:Z80_SIO_emul.c **** volatile uint8 SIO_A_RD1;
  32:Z80_SIO_emul.c **** volatile uint8 SIO_A_RD2;
  33:Z80_SIO_emul.c **** 
  34:Z80_SIO_emul.c **** volatile uint8 SIO_B_Ctrl1;
  35:Z80_SIO_emul.c **** volatile uint8 SIO_B_Ctrl2;
  36:Z80_SIO_emul.c **** volatile uint8 SIO_B_Status;
  37:Z80_SIO_emul.c **** volatile uint8 SIO_B_DataOut;
  38:Z80_SIO_emul.c **** volatile uint8 SIO_B_DataIn;
  39:Z80_SIO_emul.c **** volatile uint8 SIO_B_Ctrl_Count;
  40:Z80_SIO_emul.c **** volatile uint8 SIO_B_WR0;
  41:Z80_SIO_emul.c **** volatile uint8 SIO_B_WR1;
  42:Z80_SIO_emul.c **** volatile uint8 SIO_B_WR2;
  43:Z80_SIO_emul.c **** volatile uint8 SIO_B_WR3;
  44:Z80_SIO_emul.c **** volatile uint8 SIO_B_WR4;
  45:Z80_SIO_emul.c **** volatile uint8 SIO_B_WR5;
  46:Z80_SIO_emul.c **** volatile uint8 SIO_B_WR6;
  47:Z80_SIO_emul.c **** volatile uint8 SIO_B_WR7;
  48:Z80_SIO_emul.c **** volatile uint8 SIO_B_RD0;
  49:Z80_SIO_emul.c **** volatile uint8 SIO_B_RD1;
  50:Z80_SIO_emul.c **** volatile uint8 SIO_B_RD2;
  51:Z80_SIO_emul.c **** 
  52:Z80_SIO_emul.c **** #define CLR_IO_INT_BIT 1
  53:Z80_SIO_emul.c **** #define IORQ_BIT    1
  54:Z80_SIO_emul.c **** 
  55:Z80_SIO_emul.c **** void ackIO(void)
  56:Z80_SIO_emul.c **** {
  28              		.loc 1 56 0
  29              		.cfi_startproc
  30              		@ args = 0, pretend = 0, frame = 0
  31              		@ frame_needed = 0, uses_anonymous_args = 0
  32 0000 08B5     		push	{r3, lr}
  33              		.cfi_def_cfa_offset 8
  34              		.cfi_offset 3, -8
  35              		.cfi_offset 14, -4
  57:Z80_SIO_emul.c ****     IO_Ctrl_Reg_Write(IO_Ctrl_Reg_Read() | CLR_IO_INT_BIT);
  36              		.loc 1 57 0
  37 0002 FFF7FEFF 		bl	IO_Ctrl_Reg_Read
  38              	.LVL0:
  39 0006 40F00100 		orr	r0, r0, #1
  40 000a C0B2     		uxtb	r0, r0
  41 000c FFF7FEFF 		bl	IO_Ctrl_Reg_Write
  42              	.LVL1:
  43              	.L2:
  58:Z80_SIO_emul.c ****     while(IO_Stat_Reg_Read() != 0x0f);
  44              		.loc 1 58 0 discriminator 1
  45 0010 FFF7FEFF 		bl	IO_Stat_Reg_Read
  46              	.LVL2:
  47 0014 0F28     		cmp	r0, #15
  48 0016 FBD1     		bne	.L2
  59:Z80_SIO_emul.c **** }
  49              		.loc 1 59 0
  50 0018 08BD     		pop	{r3, pc}
  51              		.cfi_endproc
  52              	.LFE63:
  53              		.size	ackIO, .-ackIO
  54 001a 00BF     		.section	.text.waitNextIORq,"ax",%progbits
  55              		.align	2
ARM GAS  C:\Users\HPz420\AppData\Local\Temp\cc2OwUEt.s 			page 3


  56              		.global	waitNextIORq
  57              		.thumb
  58              		.thumb_func
  59              		.type	waitNextIORq, %function
  60              	waitNextIORq:
  61              	.LFB64:
  60:Z80_SIO_emul.c **** 
  61:Z80_SIO_emul.c **** void waitNextIORq(void)
  62:Z80_SIO_emul.c **** {
  62              		.loc 1 62 0
  63              		.cfi_startproc
  64              		@ args = 0, pretend = 0, frame = 0
  65              		@ frame_needed = 0, uses_anonymous_args = 0
  66 0000 08B5     		push	{r3, lr}
  67              		.cfi_def_cfa_offset 8
  68              		.cfi_offset 3, -8
  69              		.cfi_offset 14, -4
  70              	.L5:
  63:Z80_SIO_emul.c ****     while ((IO_Stat_Reg_Read() & IORQ_BIT) == IORQ_BIT);
  71              		.loc 1 63 0 discriminator 1
  72 0002 FFF7FEFF 		bl	IO_Stat_Reg_Read
  73              	.LVL3:
  74 0006 10F0010F 		tst	r0, #1
  75 000a FAD1     		bne	.L5
  64:Z80_SIO_emul.c **** }
  76              		.loc 1 64 0
  77 000c 08BD     		pop	{r3, pc}
  78              		.cfi_endproc
  79              	.LFE64:
  80              		.size	waitNextIORq, .-waitNextIORq
  81 000e 00BF     		.section	.text.SioReadDataA,"ax",%progbits
  82              		.align	2
  83              		.global	SioReadDataA
  84              		.thumb
  85              		.thumb_func
  86              		.type	SioReadDataA, %function
  87              	SioReadDataA:
  88              	.LFB65:
  65:Z80_SIO_emul.c **** 
  66:Z80_SIO_emul.c **** void SioReadDataA(void)
  67:Z80_SIO_emul.c **** {
  89              		.loc 1 67 0
  90              		.cfi_startproc
  91              		@ args = 0, pretend = 0, frame = 0
  92              		@ frame_needed = 0, uses_anonymous_args = 0
  93              		@ link register save eliminated.
  94 0000 7047     		bx	lr
  95              		.cfi_endproc
  96              	.LFE65:
  97              		.size	SioReadDataA, .-SioReadDataA
  98 0002 00BF     		.section	.text.SioWriteDataA,"ax",%progbits
  99              		.align	2
 100              		.global	SioWriteDataA
 101              		.thumb
 102              		.thumb_func
 103              		.type	SioWriteDataA, %function
 104              	SioWriteDataA:
ARM GAS  C:\Users\HPz420\AppData\Local\Temp\cc2OwUEt.s 			page 4


 105              	.LFB66:
  68:Z80_SIO_emul.c ****     
  69:Z80_SIO_emul.c **** }
  70:Z80_SIO_emul.c **** 
  71:Z80_SIO_emul.c **** void SioWriteDataA(void)
  72:Z80_SIO_emul.c **** {
 106              		.loc 1 72 0
 107              		.cfi_startproc
 108              		@ args = 0, pretend = 0, frame = 0
 109              		@ frame_needed = 0, uses_anonymous_args = 0
 110              		@ link register save eliminated.
 111 0000 7047     		bx	lr
 112              		.cfi_endproc
 113              	.LFE66:
 114              		.size	SioWriteDataA, .-SioWriteDataA
 115 0002 00BF     		.section	.text.SioReadStatusA,"ax",%progbits
 116              		.align	2
 117              		.global	SioReadStatusA
 118              		.thumb
 119              		.thumb_func
 120              		.type	SioReadStatusA, %function
 121              	SioReadStatusA:
 122              	.LFB67:
  73:Z80_SIO_emul.c ****     
  74:Z80_SIO_emul.c **** }
  75:Z80_SIO_emul.c **** 
  76:Z80_SIO_emul.c **** void SioReadStatusA(uint8 regNum)
  77:Z80_SIO_emul.c **** {
 123              		.loc 1 77 0
 124              		.cfi_startproc
 125              		@ args = 0, pretend = 0, frame = 0
 126              		@ frame_needed = 0, uses_anonymous_args = 0
 127              	.LVL4:
 128              		.loc 1 77 0
 129 0000 08B5     		push	{r3, lr}
 130              		.cfi_def_cfa_offset 8
 131              		.cfi_offset 3, -8
 132              		.cfi_offset 14, -4
  78:Z80_SIO_emul.c ****     switch (regNum)
 133              		.loc 1 78 0
 134 0002 0128     		cmp	r0, #1
 135 0004 07D0     		beq	.L11
 136 0006 10B1     		cbz	r0, .L12
 137 0008 0228     		cmp	r0, #2
 138 000a 08D0     		beq	.L13
 139 000c 0BE0     		b	.L10
 140              	.L12:
  79:Z80_SIO_emul.c ****     {
  80:Z80_SIO_emul.c ****         // SIO_A_WR0 bottom bits determine which read register is read
  81:Z80_SIO_emul.c ****         case 0x00:
  82:Z80_SIO_emul.c ****         {
  83:Z80_SIO_emul.c ****             // p 292 of um0081
  84:Z80_SIO_emul.c ****             // D0 - Receive character ready - 1 at least one char in receiver
  85:Z80_SIO_emul.c ****             // D1 - Interrupt Pending (Channel A register only) 
  86:Z80_SIO_emul.c ****             // D2 - Transmit Buffer Empty - 1 = Tx Buffer is empty
  87:Z80_SIO_emul.c ****             // D3 - DCD - not used
  88:Z80_SIO_emul.c ****             // D4 - Sync/Hunt - ignored
ARM GAS  C:\Users\HPz420\AppData\Local\Temp\cc2OwUEt.s 			page 5


  89:Z80_SIO_emul.c ****             // D5 - CTS - 
  90:Z80_SIO_emul.c ****             // D6 - Tx Underrun
  91:Z80_SIO_emul.c ****             // D7 - Break/Abort
  92:Z80_SIO_emul.c ****             Z80_Data_In_Write(SIO_A_RD0);
 141              		.loc 1 92 0
 142 000e 074B     		ldr	r3, .L15
 143 0010 1878     		ldrb	r0, [r3]	@ zero_extendqisi2
 144              	.LVL5:
 145 0012 FFF7FEFF 		bl	Z80_Data_In_Write
 146              	.LVL6:
 147              	.L11:
  93:Z80_SIO_emul.c ****         }
  94:Z80_SIO_emul.c ****         case 0x01:
  95:Z80_SIO_emul.c ****         {
  96:Z80_SIO_emul.c ****             // p 297 of um0081
  97:Z80_SIO_emul.c ****             // Special Rx condition status - not used
  98:Z80_SIO_emul.c ****             Z80_Data_In_Write(SIO_A_RD1);
 148              		.loc 1 98 0
 149 0016 064B     		ldr	r3, .L15+4
 150 0018 1878     		ldrb	r0, [r3]	@ zero_extendqisi2
 151 001a FFF7FEFF 		bl	Z80_Data_In_Write
 152              	.LVL7:
 153              	.L13:
  99:Z80_SIO_emul.c ****         }
 100:Z80_SIO_emul.c ****         case 0x02:
 101:Z80_SIO_emul.c ****         {
 102:Z80_SIO_emul.c ****             // p 300 of um0081
 103:Z80_SIO_emul.c ****             // Only used in status register B
 104:Z80_SIO_emul.c ****             Z80_Data_In_Write(SIO_A_RD2);
 154              		.loc 1 104 0
 155 001e 054B     		ldr	r3, .L15+8
 156 0020 1878     		ldrb	r0, [r3]	@ zero_extendqisi2
 157 0022 FFF7FEFF 		bl	Z80_Data_In_Write
 158              	.LVL8:
 159              	.L10:
 105:Z80_SIO_emul.c ****         }
 106:Z80_SIO_emul.c ****     }
 107:Z80_SIO_emul.c ****     ackIO();    
 160              		.loc 1 107 0
 161 0026 FFF7FEFF 		bl	ackIO
 162              	.LVL9:
 163 002a 08BD     		pop	{r3, pc}
 164              	.L16:
 165              		.align	2
 166              	.L15:
 167 002c 00000000 		.word	SIO_A_RD0
 168 0030 00000000 		.word	SIO_A_RD1
 169 0034 00000000 		.word	SIO_A_RD2
 170              		.cfi_endproc
 171              	.LFE67:
 172              		.size	SioReadStatusA, .-SioReadStatusA
 173              		.section	.text.SioReadIntRegA,"ax",%progbits
 174              		.align	2
 175              		.global	SioReadIntRegA
 176              		.thumb
 177              		.thumb_func
 178              		.type	SioReadIntRegA, %function
ARM GAS  C:\Users\HPz420\AppData\Local\Temp\cc2OwUEt.s 			page 6


 179              	SioReadIntRegA:
 180              	.LFB68:
 108:Z80_SIO_emul.c **** }
 109:Z80_SIO_emul.c **** 
 110:Z80_SIO_emul.c **** void SioReadIntRegA(uint8 regNum)
 111:Z80_SIO_emul.c **** {
 181              		.loc 1 111 0
 182              		.cfi_startproc
 183              		@ args = 0, pretend = 0, frame = 0
 184              		@ frame_needed = 0, uses_anonymous_args = 0
 185              	.LVL10:
 186 0000 08B5     		push	{r3, lr}
 187              		.cfi_def_cfa_offset 8
 188              		.cfi_offset 3, -8
 189              		.cfi_offset 14, -4
 112:Z80_SIO_emul.c ****     Z80_Data_In_Write(SIO_A_WR2);
 190              		.loc 1 112 0
 191 0002 034B     		ldr	r3, .L19
 192 0004 1878     		ldrb	r0, [r3]	@ zero_extendqisi2
 193              	.LVL11:
 194 0006 FFF7FEFF 		bl	Z80_Data_In_Write
 195              	.LVL12:
 113:Z80_SIO_emul.c ****     ackIO();
 196              		.loc 1 113 0
 197 000a FFF7FEFF 		bl	ackIO
 198              	.LVL13:
 199 000e 08BD     		pop	{r3, pc}
 200              	.L20:
 201              		.align	2
 202              	.L19:
 203 0010 00000000 		.word	SIO_A_WR2
 204              		.cfi_endproc
 205              	.LFE68:
 206              		.size	SioReadIntRegA, .-SioReadIntRegA
 207              		.section	.text.SioWriteCtrlA,"ax",%progbits
 208              		.align	2
 209              		.global	SioWriteCtrlA
 210              		.thumb
 211              		.thumb_func
 212              		.type	SioWriteCtrlA, %function
 213              	SioWriteCtrlA:
 214              	.LFB69:
 114:Z80_SIO_emul.c **** }
 115:Z80_SIO_emul.c **** 
 116:Z80_SIO_emul.c **** void SioWriteCtrlA(void)
 117:Z80_SIO_emul.c **** {
 215              		.loc 1 117 0
 216              		.cfi_startproc
 217              		@ args = 0, pretend = 0, frame = 0
 218              		@ frame_needed = 0, uses_anonymous_args = 0
 219 0000 10B5     		push	{r4, lr}
 220              		.cfi_def_cfa_offset 8
 221              		.cfi_offset 4, -8
 222              		.cfi_offset 14, -4
 118:Z80_SIO_emul.c ****     uint8 regNum;
 119:Z80_SIO_emul.c ****     SIO_A_Ctrl1 = Z80_Data_Out_Read();   // Get the first command which selects register of second 
 223              		.loc 1 119 0
ARM GAS  C:\Users\HPz420\AppData\Local\Temp\cc2OwUEt.s 			page 7


 224 0002 FFF7FEFF 		bl	Z80_Data_Out_Read
 225              	.LVL14:
 226 0006 384C     		ldr	r4, .L35
 227 0008 2070     		strb	r0, [r4]
 120:Z80_SIO_emul.c ****     ackIO();
 228              		.loc 1 120 0
 229 000a FFF7FEFF 		bl	ackIO
 230              	.LVL15:
 121:Z80_SIO_emul.c ****     regNum = SIO_A_Ctrl1 & 0x7;          // bottom 3 bits are the address of the next access
 231              		.loc 1 121 0
 232 000e 2478     		ldrb	r4, [r4]	@ zero_extendqisi2
 233 0010 04F00704 		and	r4, r4, #7
 234              	.LVL16:
 122:Z80_SIO_emul.c ****     waitNextIORq();                       // wait for next IO cycle since it's the contents
 235              		.loc 1 122 0
 236 0014 FFF7FEFF 		bl	waitNextIORq
 237              	.LVL17:
 123:Z80_SIO_emul.c ****     if (IO_Stat_Reg_Status == REGULAR_READ_CYCLE)
 238              		.loc 1 123 0
 239 0018 344B     		ldr	r3, .L35+4
 240 001a 1B78     		ldrb	r3, [r3]	@ zero_extendqisi2
 241 001c DBB2     		uxtb	r3, r3
 242 001e 0C2B     		cmp	r3, #12
 243 0020 03D1     		bne	.L22
 124:Z80_SIO_emul.c ****     {
 125:Z80_SIO_emul.c ****         SioReadStatusA(regNum);
 244              		.loc 1 125 0
 245 0022 2046     		mov	r0, r4
 246 0024 FFF7FEFF 		bl	SioReadStatusA
 247              	.LVL18:
 126:Z80_SIO_emul.c ****         return;
 248              		.loc 1 126 0
 249 0028 10BD     		pop	{r4, pc}
 250              	.LVL19:
 251              	.L22:
 127:Z80_SIO_emul.c ****     }
 128:Z80_SIO_emul.c ****     else if (IO_Stat_Reg_Status == INTR_READ_CYCLE)
 252              		.loc 1 128 0
 253 002a 304B     		ldr	r3, .L35+4
 254 002c 1B78     		ldrb	r3, [r3]	@ zero_extendqisi2
 255 002e DBB2     		uxtb	r3, r3
 256 0030 042B     		cmp	r3, #4
 257 0032 03D1     		bne	.L24
 129:Z80_SIO_emul.c ****     {
 130:Z80_SIO_emul.c ****         SioReadIntRegA(regNum);
 258              		.loc 1 130 0
 259 0034 2046     		mov	r0, r4
 260 0036 FFF7FEFF 		bl	SioReadIntRegA
 261              	.LVL20:
 131:Z80_SIO_emul.c ****         return;
 262              		.loc 1 131 0
 263 003a 10BD     		pop	{r4, pc}
 264              	.LVL21:
 265              	.L24:
 132:Z80_SIO_emul.c ****     }
 133:Z80_SIO_emul.c ****     // Not a read cycle, therefore a write cycle
 134:Z80_SIO_emul.c ****     SIO_A_Ctrl2 = Z80_Data_Out_Read();
ARM GAS  C:\Users\HPz420\AppData\Local\Temp\cc2OwUEt.s 			page 8


 266              		.loc 1 134 0
 267 003c FFF7FEFF 		bl	Z80_Data_Out_Read
 268              	.LVL22:
 269 0040 2B4B     		ldr	r3, .L35+8
 270 0042 1870     		strb	r0, [r3]
 135:Z80_SIO_emul.c ****     ackIO();
 271              		.loc 1 135 0
 272 0044 FFF7FEFF 		bl	ackIO
 273              	.LVL23:
 136:Z80_SIO_emul.c ****     switch(regNum)
 274              		.loc 1 136 0
 275 0048 072C     		cmp	r4, #7
 276 004a 4CD8     		bhi	.L21
 277 004c DFE804F0 		tbb	[pc, r4]
 278              	.L26:
 279 0050 04       		.byte	(.L25-.L26)/2
 280 0051 22       		.byte	(.L27-.L26)/2
 281 0052 28       		.byte	(.L28-.L26)/2
 282 0053 2E       		.byte	(.L29-.L26)/2
 283 0054 34       		.byte	(.L30-.L26)/2
 284 0055 3A       		.byte	(.L31-.L26)/2
 285 0056 40       		.byte	(.L32-.L26)/2
 286 0057 46       		.byte	(.L33-.L26)/2
 287              		.p2align 1
 288              	.L25:
 137:Z80_SIO_emul.c ****     {
 138:Z80_SIO_emul.c ****         case 0x0:
 139:Z80_SIO_emul.c ****             SIO_A_WR0 = SIO_A_Ctrl2;
 289              		.loc 1 139 0
 290 0058 254B     		ldr	r3, .L35+8
 291 005a 1B78     		ldrb	r3, [r3]	@ zero_extendqisi2
 292 005c DBB2     		uxtb	r3, r3
 293 005e 254A     		ldr	r2, .L35+12
 294 0060 1370     		strb	r3, [r2]
 140:Z80_SIO_emul.c ****             // Only implementing the reset command
 141:Z80_SIO_emul.c ****             // p 275 of um0081 - All control registers for the channel must be rewritten after a Ch
 142:Z80_SIO_emul.c ****             if ((SIO_A_WR0 & 0x18) == 0x18)     // Channel reset clears registers 
 295              		.loc 1 142 0
 296 0062 1378     		ldrb	r3, [r2]	@ zero_extendqisi2
 297 0064 03F01803 		and	r3, r3, #24
 298 0068 182B     		cmp	r3, #24
 299 006a 3CD1     		bne	.L21
 143:Z80_SIO_emul.c ****             {
 144:Z80_SIO_emul.c ****                 SIO_A_WR0 = 0x0;
 300              		.loc 1 144 0
 301 006c 0023     		movs	r3, #0
 302 006e 1370     		strb	r3, [r2]
 145:Z80_SIO_emul.c ****                 SIO_A_WR1 = 0x0;
 303              		.loc 1 145 0
 304 0070 214A     		ldr	r2, .L35+16
 305 0072 1370     		strb	r3, [r2]
 146:Z80_SIO_emul.c ****                 SIO_A_WR2 = 0x0;
 306              		.loc 1 146 0
 307 0074 214A     		ldr	r2, .L35+20
 308 0076 1370     		strb	r3, [r2]
 147:Z80_SIO_emul.c ****                 SIO_A_WR3 = 0x0;
 309              		.loc 1 147 0
ARM GAS  C:\Users\HPz420\AppData\Local\Temp\cc2OwUEt.s 			page 9


 310 0078 214A     		ldr	r2, .L35+24
 311 007a 1370     		strb	r3, [r2]
 148:Z80_SIO_emul.c ****                 SIO_A_WR4 = 0x0;
 312              		.loc 1 148 0
 313 007c 214A     		ldr	r2, .L35+28
 314 007e 1370     		strb	r3, [r2]
 149:Z80_SIO_emul.c ****                 SIO_A_WR5 = 0x0;
 315              		.loc 1 149 0
 316 0080 214A     		ldr	r2, .L35+32
 317 0082 1370     		strb	r3, [r2]
 150:Z80_SIO_emul.c ****                 SIO_A_WR6 = 0x0;
 318              		.loc 1 150 0
 319 0084 214A     		ldr	r2, .L35+36
 320 0086 1370     		strb	r3, [r2]
 151:Z80_SIO_emul.c ****                 SIO_A_WR7 = 0x0;
 321              		.loc 1 151 0
 322 0088 214A     		ldr	r2, .L35+40
 323 008a 1370     		strb	r3, [r2]
 152:Z80_SIO_emul.c ****                 SIO_A_RD0 = 0x44;
 324              		.loc 1 152 0
 325 008c 4422     		movs	r2, #68
 326 008e 214B     		ldr	r3, .L35+44
 327 0090 1A70     		strb	r2, [r3]
 328 0092 10BD     		pop	{r4, pc}
 329              	.LVL24:
 330              	.L27:
 153:Z80_SIO_emul.c ****             }
 154:Z80_SIO_emul.c ****             break;
 155:Z80_SIO_emul.c ****         case 0x1:               
 156:Z80_SIO_emul.c ****             // p 277 of um0081
 157:Z80_SIO_emul.c ****             /// D0 - Ext int enable - not using interrupt on CTS
 158:Z80_SIO_emul.c ****             // D1 - Tx Int Enable - Not using
 159:Z80_SIO_emul.c ****             // D2 - Status affect vector is only active on Channel B
 160:Z80_SIO_emul.c ****             // D3, D4 - 00 = Rx Int disabled, 01 = Rx Int on first char, 10 = Rx Int on all chars (
 161:Z80_SIO_emul.c ****             // D5, D6 - Wait/RDY function select - ignoring
 162:Z80_SIO_emul.c ****             // D7 - Use Wait/RDY function - ignoring
 163:Z80_SIO_emul.c ****             SIO_A_WR1 = SIO_A_Ctrl2;
 331              		.loc 1 163 0
 332 0094 164B     		ldr	r3, .L35+8
 333 0096 1B78     		ldrb	r3, [r3]	@ zero_extendqisi2
 334 0098 DBB2     		uxtb	r3, r3
 335 009a 174A     		ldr	r2, .L35+16
 336 009c 1370     		strb	r3, [r2]
 164:Z80_SIO_emul.c ****             break;
 337              		.loc 1 164 0
 338 009e 10BD     		pop	{r4, pc}
 339              	.LVL25:
 340              	.L28:
 165:Z80_SIO_emul.c ****         case 0x2:
 166:Z80_SIO_emul.c ****             // p 281 of um0081
 167:Z80_SIO_emul.c ****             // Interrupt vector - only used in channel B
 168:Z80_SIO_emul.c ****             SIO_A_WR2 = SIO_A_Ctrl2;
 341              		.loc 1 168 0
 342 00a0 134B     		ldr	r3, .L35+8
 343 00a2 1B78     		ldrb	r3, [r3]	@ zero_extendqisi2
 344 00a4 DBB2     		uxtb	r3, r3
 345 00a6 154A     		ldr	r2, .L35+20
ARM GAS  C:\Users\HPz420\AppData\Local\Temp\cc2OwUEt.s 			page 10


 346 00a8 1370     		strb	r3, [r2]
 169:Z80_SIO_emul.c ****             break;
 347              		.loc 1 169 0
 348 00aa 10BD     		pop	{r4, pc}
 349              	.LVL26:
 350              	.L29:
 170:Z80_SIO_emul.c ****         case 0x3:
 171:Z80_SIO_emul.c ****             // p 282 
 172:Z80_SIO_emul.c ****             // D0 - Receiver enable - always used
 173:Z80_SIO_emul.c ****             // D1 - Sync char load inhibit - not used
 174:Z80_SIO_emul.c ****             // D2 - Address Search Mode SDLC mode - not used
 175:Z80_SIO_emul.c ****             // D3 - Receiver CRC enable - not used
 176:Z80_SIO_emul.c ****             // D4 - Enter hunt phase Synch or SDLC - not used
 177:Z80_SIO_emul.c ****             // D5 - Auto enables - polled vs automatic use of CTS - not needed for USB-Serial for p
 178:Z80_SIO_emul.c ****             // D6, D7 - Rx Bits/char - 11 = 8 bits/char - normal value expected
 179:Z80_SIO_emul.c ****             SIO_A_WR3 = SIO_A_Ctrl2;
 351              		.loc 1 179 0
 352 00ac 104B     		ldr	r3, .L35+8
 353 00ae 1B78     		ldrb	r3, [r3]	@ zero_extendqisi2
 354 00b0 DBB2     		uxtb	r3, r3
 355 00b2 134A     		ldr	r2, .L35+24
 356 00b4 1370     		strb	r3, [r2]
 180:Z80_SIO_emul.c ****             break;
 357              		.loc 1 180 0
 358 00b6 10BD     		pop	{r4, pc}
 359              	.LVL27:
 360              	.L30:
 181:Z80_SIO_emul.c ****         case 0x4:
 182:Z80_SIO_emul.c ****             // p 284 D0 = Parity - Not used
 183:Z80_SIO_emul.c ****             // D1 = Parity odd/even - Not used
 184:Z80_SIO_emul.c ****             // D2,D3 - 01 = 1 stop bit per character
 185:Z80_SIO_emul.c ****             // D4, D5 - Sync modes - Ignored
 186:Z80_SIO_emul.c ****             // D6, D7 - Clock rate - set by USB-Serial interface automatically so ignored for Port 
 187:Z80_SIO_emul.c ****             // Grant has 7.2738 MHz - divided by 64 = 115,200 baud
 188:Z80_SIO_emul.c ****             SIO_A_WR4 = SIO_A_Ctrl2;
 361              		.loc 1 188 0
 362 00b8 0D4B     		ldr	r3, .L35+8
 363 00ba 1B78     		ldrb	r3, [r3]	@ zero_extendqisi2
 364 00bc DBB2     		uxtb	r3, r3
 365 00be 114A     		ldr	r2, .L35+28
 366 00c0 1370     		strb	r3, [r2]
 189:Z80_SIO_emul.c ****             break;
 367              		.loc 1 189 0
 368 00c2 10BD     		pop	{r4, pc}
 369              	.LVL28:
 370              	.L31:
 190:Z80_SIO_emul.c ****         case 0x5:
 191:Z80_SIO_emul.c ****             // p 287
 192:Z80_SIO_emul.c ****             // Grant's code sets this to 0xEA
 193:Z80_SIO_emul.c ****             // D0 - Tx CRC enable
 194:Z80_SIO_emul.c ****             // D1 - RTS - allows RTS to be manually set
 195:Z80_SIO_emul.c ****             // D2 - CRC-16/SDLC - Not used
 196:Z80_SIO_emul.c ****             // D3 - Transmit Enable
 197:Z80_SIO_emul.c ****             // D4 - Send break - not used
 198:Z80_SIO_emul.c ****             // D5, D6 - SYNC mode - Not used
 199:Z80_SIO_emul.c ****             // D7 - DTR - allows DTR to be manually set
 200:Z80_SIO_emul.c ****             SIO_A_WR5 = SIO_A_Ctrl2;
ARM GAS  C:\Users\HPz420\AppData\Local\Temp\cc2OwUEt.s 			page 11


 371              		.loc 1 200 0
 372 00c4 0A4B     		ldr	r3, .L35+8
 373 00c6 1B78     		ldrb	r3, [r3]	@ zero_extendqisi2
 374 00c8 DBB2     		uxtb	r3, r3
 375 00ca 0F4A     		ldr	r2, .L35+32
 376 00cc 1370     		strb	r3, [r2]
 201:Z80_SIO_emul.c ****             break;
 377              		.loc 1 201 0
 378 00ce 10BD     		pop	{r4, pc}
 379              	.LVL29:
 380              	.L32:
 202:Z80_SIO_emul.c ****         case 0x6:
 203:Z80_SIO_emul.c ****             // D90D7 - SYNC bits - not used
 204:Z80_SIO_emul.c ****             SIO_A_WR6 = SIO_A_Ctrl2;
 381              		.loc 1 204 0
 382 00d0 074B     		ldr	r3, .L35+8
 383 00d2 1B78     		ldrb	r3, [r3]	@ zero_extendqisi2
 384 00d4 DBB2     		uxtb	r3, r3
 385 00d6 0D4A     		ldr	r2, .L35+36
 386 00d8 1370     		strb	r3, [r2]
 205:Z80_SIO_emul.c ****             break;
 387              		.loc 1 205 0
 388 00da 10BD     		pop	{r4, pc}
 389              	.LVL30:
 390              	.L33:
 206:Z80_SIO_emul.c ****         case 0x7:
 207:Z80_SIO_emul.c ****             // D0-D7 - receive sync character - not used
 208:Z80_SIO_emul.c ****             SIO_A_WR7 = SIO_A_Ctrl2;
 391              		.loc 1 208 0
 392 00dc 044B     		ldr	r3, .L35+8
 393 00de 1B78     		ldrb	r3, [r3]	@ zero_extendqisi2
 394 00e0 DBB2     		uxtb	r3, r3
 395 00e2 0B4A     		ldr	r2, .L35+40
 396 00e4 1370     		strb	r3, [r2]
 397              	.L21:
 398 00e6 10BD     		pop	{r4, pc}
 399              	.LVL31:
 400              	.L36:
 401              		.align	2
 402              	.L35:
 403 00e8 00000000 		.word	SIO_A_Ctrl1
 404 00ec 62640040 		.word	1073767522
 405 00f0 00000000 		.word	SIO_A_Ctrl2
 406 00f4 00000000 		.word	SIO_A_WR0
 407 00f8 00000000 		.word	SIO_A_WR1
 408 00fc 00000000 		.word	SIO_A_WR2
 409 0100 00000000 		.word	SIO_A_WR3
 410 0104 00000000 		.word	SIO_A_WR4
 411 0108 00000000 		.word	SIO_A_WR5
 412 010c 00000000 		.word	SIO_A_WR6
 413 0110 00000000 		.word	SIO_A_WR7
 414 0114 00000000 		.word	SIO_A_RD0
 415              		.cfi_endproc
 416              	.LFE69:
 417              		.size	SioWriteCtrlA, .-SioWriteCtrlA
 418              		.section	.text.SioReadDataB,"ax",%progbits
 419              		.align	2
ARM GAS  C:\Users\HPz420\AppData\Local\Temp\cc2OwUEt.s 			page 12


 420              		.global	SioReadDataB
 421              		.thumb
 422              		.thumb_func
 423              		.type	SioReadDataB, %function
 424              	SioReadDataB:
 425              	.LFB70:
 209:Z80_SIO_emul.c ****             break;
 210:Z80_SIO_emul.c ****     }
 211:Z80_SIO_emul.c **** }
 212:Z80_SIO_emul.c **** 
 213:Z80_SIO_emul.c **** void SioReadDataB(void)
 214:Z80_SIO_emul.c **** {
 426              		.loc 1 214 0
 427              		.cfi_startproc
 428              		@ args = 0, pretend = 0, frame = 0
 429              		@ frame_needed = 0, uses_anonymous_args = 0
 430              		@ link register save eliminated.
 431 0000 7047     		bx	lr
 432              		.cfi_endproc
 433              	.LFE70:
 434              		.size	SioReadDataB, .-SioReadDataB
 435 0002 00BF     		.section	.text.SioWriteDataB,"ax",%progbits
 436              		.align	2
 437              		.global	SioWriteDataB
 438              		.thumb
 439              		.thumb_func
 440              		.type	SioWriteDataB, %function
 441              	SioWriteDataB:
 442              	.LFB71:
 215:Z80_SIO_emul.c ****     
 216:Z80_SIO_emul.c **** }
 217:Z80_SIO_emul.c **** 
 218:Z80_SIO_emul.c **** void SioWriteDataB(void)
 219:Z80_SIO_emul.c **** {
 443              		.loc 1 219 0
 444              		.cfi_startproc
 445              		@ args = 0, pretend = 0, frame = 0
 446              		@ frame_needed = 0, uses_anonymous_args = 0
 447              		@ link register save eliminated.
 448 0000 7047     		bx	lr
 449              		.cfi_endproc
 450              	.LFE71:
 451              		.size	SioWriteDataB, .-SioWriteDataB
 452 0002 00BF     		.section	.text.SioReadStatusB,"ax",%progbits
 453              		.align	2
 454              		.global	SioReadStatusB
 455              		.thumb
 456              		.thumb_func
 457              		.type	SioReadStatusB, %function
 458              	SioReadStatusB:
 459              	.LFB72:
 220:Z80_SIO_emul.c ****     
 221:Z80_SIO_emul.c **** }
 222:Z80_SIO_emul.c **** 
 223:Z80_SIO_emul.c **** void SioReadStatusB(uint8 regNum)
 224:Z80_SIO_emul.c **** {
 460              		.loc 1 224 0
ARM GAS  C:\Users\HPz420\AppData\Local\Temp\cc2OwUEt.s 			page 13


 461              		.cfi_startproc
 462              		@ args = 0, pretend = 0, frame = 0
 463              		@ frame_needed = 0, uses_anonymous_args = 0
 464              	.LVL32:
 465              		.loc 1 224 0
 466 0000 08B5     		push	{r3, lr}
 467              		.cfi_def_cfa_offset 8
 468              		.cfi_offset 3, -8
 469              		.cfi_offset 14, -4
 225:Z80_SIO_emul.c ****     switch (regNum)
 470              		.loc 1 225 0
 471 0002 0128     		cmp	r0, #1
 472 0004 07D0     		beq	.L41
 473 0006 10B1     		cbz	r0, .L42
 474 0008 0228     		cmp	r0, #2
 475 000a 08D0     		beq	.L43
 476 000c 0BE0     		b	.L40
 477              	.L42:
 226:Z80_SIO_emul.c ****     {
 227:Z80_SIO_emul.c ****         // SIO_B_WR0 bottom bits determine which read register is read
 228:Z80_SIO_emul.c ****         case 0x00:
 229:Z80_SIO_emul.c ****         {
 230:Z80_SIO_emul.c ****             // D0 - Receive character ready - 1 at least one char in receiver
 231:Z80_SIO_emul.c ****             // D1 - Interrupt Pending (Channel A register only) 
 232:Z80_SIO_emul.c ****             // D2 - Transmit Buffer Empty - 1 = Tx Buffer is empty
 233:Z80_SIO_emul.c ****             // D3 - DCD - not used
 234:Z80_SIO_emul.c ****             // D4 - Sync/Hunt - ignored
 235:Z80_SIO_emul.c ****             // D5 - CTS - 
 236:Z80_SIO_emul.c ****             // D6 - Tx Underrun
 237:Z80_SIO_emul.c ****             // D7 - Break/Abort
 238:Z80_SIO_emul.c ****             Z80_Data_In_Write(SIO_B_RD0);
 478              		.loc 1 238 0
 479 000e 074B     		ldr	r3, .L45
 480 0010 1878     		ldrb	r0, [r3]	@ zero_extendqisi2
 481              	.LVL33:
 482 0012 FFF7FEFF 		bl	Z80_Data_In_Write
 483              	.LVL34:
 484              	.L41:
 239:Z80_SIO_emul.c ****         }
 240:Z80_SIO_emul.c ****         case 0x01:
 241:Z80_SIO_emul.c ****         {
 242:Z80_SIO_emul.c ****             // Special Rx condition status - not used
 243:Z80_SIO_emul.c ****             Z80_Data_In_Write(SIO_B_RD1);
 485              		.loc 1 243 0
 486 0016 064B     		ldr	r3, .L45+4
 487 0018 1878     		ldrb	r0, [r3]	@ zero_extendqisi2
 488 001a FFF7FEFF 		bl	Z80_Data_In_Write
 489              	.LVL35:
 490              	.L43:
 244:Z80_SIO_emul.c ****         }
 245:Z80_SIO_emul.c ****         case 0x02:
 246:Z80_SIO_emul.c ****         {
 247:Z80_SIO_emul.c ****             // Only used in status register B
 248:Z80_SIO_emul.c ****             Z80_Data_In_Write(SIO_B_RD2);
 491              		.loc 1 248 0
 492 001e 054B     		ldr	r3, .L45+8
 493 0020 1878     		ldrb	r0, [r3]	@ zero_extendqisi2
ARM GAS  C:\Users\HPz420\AppData\Local\Temp\cc2OwUEt.s 			page 14


 494 0022 FFF7FEFF 		bl	Z80_Data_In_Write
 495              	.LVL36:
 496              	.L40:
 249:Z80_SIO_emul.c ****         }
 250:Z80_SIO_emul.c ****     }
 251:Z80_SIO_emul.c ****     ackIO();    
 497              		.loc 1 251 0
 498 0026 FFF7FEFF 		bl	ackIO
 499              	.LVL37:
 500 002a 08BD     		pop	{r3, pc}
 501              	.L46:
 502              		.align	2
 503              	.L45:
 504 002c 00000000 		.word	SIO_B_RD0
 505 0030 00000000 		.word	SIO_B_RD1
 506 0034 00000000 		.word	SIO_B_RD2
 507              		.cfi_endproc
 508              	.LFE72:
 509              		.size	SioReadStatusB, .-SioReadStatusB
 510              		.section	.text.SioReadIntRegB,"ax",%progbits
 511              		.align	2
 512              		.global	SioReadIntRegB
 513              		.thumb
 514              		.thumb_func
 515              		.type	SioReadIntRegB, %function
 516              	SioReadIntRegB:
 517              	.LFB73:
 252:Z80_SIO_emul.c **** }
 253:Z80_SIO_emul.c **** 
 254:Z80_SIO_emul.c **** void SioReadIntRegB(uint8 regNum)
 255:Z80_SIO_emul.c **** {
 518              		.loc 1 255 0
 519              		.cfi_startproc
 520              		@ args = 0, pretend = 0, frame = 0
 521              		@ frame_needed = 0, uses_anonymous_args = 0
 522              	.LVL38:
 523 0000 08B5     		push	{r3, lr}
 524              		.cfi_def_cfa_offset 8
 525              		.cfi_offset 3, -8
 526              		.cfi_offset 14, -4
 256:Z80_SIO_emul.c ****     Z80_Data_In_Write(SIO_B_WR2);
 527              		.loc 1 256 0
 528 0002 034B     		ldr	r3, .L49
 529 0004 1878     		ldrb	r0, [r3]	@ zero_extendqisi2
 530              	.LVL39:
 531 0006 FFF7FEFF 		bl	Z80_Data_In_Write
 532              	.LVL40:
 257:Z80_SIO_emul.c ****     ackIO();
 533              		.loc 1 257 0
 534 000a FFF7FEFF 		bl	ackIO
 535              	.LVL41:
 536 000e 08BD     		pop	{r3, pc}
 537              	.L50:
 538              		.align	2
 539              	.L49:
 540 0010 00000000 		.word	SIO_B_WR2
 541              		.cfi_endproc
ARM GAS  C:\Users\HPz420\AppData\Local\Temp\cc2OwUEt.s 			page 15


 542              	.LFE73:
 543              		.size	SioReadIntRegB, .-SioReadIntRegB
 544              		.section	.text.SioWriteCtrlB,"ax",%progbits
 545              		.align	2
 546              		.global	SioWriteCtrlB
 547              		.thumb
 548              		.thumb_func
 549              		.type	SioWriteCtrlB, %function
 550              	SioWriteCtrlB:
 551              	.LFB74:
 258:Z80_SIO_emul.c **** }
 259:Z80_SIO_emul.c **** 
 260:Z80_SIO_emul.c **** void SioWriteCtrlB(void)
 261:Z80_SIO_emul.c **** {
 552              		.loc 1 261 0
 553              		.cfi_startproc
 554              		@ args = 0, pretend = 0, frame = 0
 555              		@ frame_needed = 0, uses_anonymous_args = 0
 556 0000 10B5     		push	{r4, lr}
 557              		.cfi_def_cfa_offset 8
 558              		.cfi_offset 4, -8
 559              		.cfi_offset 14, -4
 262:Z80_SIO_emul.c ****     uint8 regNum;
 263:Z80_SIO_emul.c ****     SIO_B_Ctrl1 = Z80_Data_Out_Read();   // Get the first command which selects register of second 
 560              		.loc 1 263 0
 561 0002 FFF7FEFF 		bl	Z80_Data_Out_Read
 562              	.LVL42:
 563 0006 384C     		ldr	r4, .L65
 564 0008 2070     		strb	r0, [r4]
 264:Z80_SIO_emul.c ****     ackIO();
 565              		.loc 1 264 0
 566 000a FFF7FEFF 		bl	ackIO
 567              	.LVL43:
 265:Z80_SIO_emul.c ****     regNum = SIO_B_Ctrl1 & 0x7;          // bottom 3 bits are the address of the next access
 568              		.loc 1 265 0
 569 000e 2478     		ldrb	r4, [r4]	@ zero_extendqisi2
 570 0010 04F00704 		and	r4, r4, #7
 571              	.LVL44:
 266:Z80_SIO_emul.c ****     waitNextIORq();                     // wait for next IO cycle since it's the contents
 572              		.loc 1 266 0
 573 0014 FFF7FEFF 		bl	waitNextIORq
 574              	.LVL45:
 267:Z80_SIO_emul.c ****     if (IO_Stat_Reg_Status == REGULAR_READ_CYCLE)
 575              		.loc 1 267 0
 576 0018 344B     		ldr	r3, .L65+4
 577 001a 1B78     		ldrb	r3, [r3]	@ zero_extendqisi2
 578 001c DBB2     		uxtb	r3, r3
 579 001e 0C2B     		cmp	r3, #12
 580 0020 03D1     		bne	.L52
 268:Z80_SIO_emul.c ****     {
 269:Z80_SIO_emul.c ****         SioReadStatusB(regNum);
 581              		.loc 1 269 0
 582 0022 2046     		mov	r0, r4
 583 0024 FFF7FEFF 		bl	SioReadStatusB
 584              	.LVL46:
 270:Z80_SIO_emul.c ****         return;
 585              		.loc 1 270 0
ARM GAS  C:\Users\HPz420\AppData\Local\Temp\cc2OwUEt.s 			page 16


 586 0028 10BD     		pop	{r4, pc}
 587              	.LVL47:
 588              	.L52:
 271:Z80_SIO_emul.c ****     }
 272:Z80_SIO_emul.c ****     else if (IO_Stat_Reg_Status == INTR_READ_CYCLE)
 589              		.loc 1 272 0
 590 002a 304B     		ldr	r3, .L65+4
 591 002c 1B78     		ldrb	r3, [r3]	@ zero_extendqisi2
 592 002e DBB2     		uxtb	r3, r3
 593 0030 042B     		cmp	r3, #4
 594 0032 03D1     		bne	.L54
 273:Z80_SIO_emul.c ****     {
 274:Z80_SIO_emul.c ****         SioReadIntRegB(regNum);
 595              		.loc 1 274 0
 596 0034 2046     		mov	r0, r4
 597 0036 FFF7FEFF 		bl	SioReadIntRegB
 598              	.LVL48:
 275:Z80_SIO_emul.c ****         return;
 599              		.loc 1 275 0
 600 003a 10BD     		pop	{r4, pc}
 601              	.LVL49:
 602              	.L54:
 276:Z80_SIO_emul.c ****     }
 277:Z80_SIO_emul.c ****     // Not a read cycle, therefore a write cycle
 278:Z80_SIO_emul.c ****     SIO_B_Ctrl2 = Z80_Data_Out_Read();
 603              		.loc 1 278 0
 604 003c FFF7FEFF 		bl	Z80_Data_Out_Read
 605              	.LVL50:
 606 0040 2B4B     		ldr	r3, .L65+8
 607 0042 1870     		strb	r0, [r3]
 279:Z80_SIO_emul.c ****     ackIO();
 608              		.loc 1 279 0
 609 0044 FFF7FEFF 		bl	ackIO
 610              	.LVL51:
 280:Z80_SIO_emul.c ****     switch(regNum)
 611              		.loc 1 280 0
 612 0048 072C     		cmp	r4, #7
 613 004a 4CD8     		bhi	.L51
 614 004c DFE804F0 		tbb	[pc, r4]
 615              	.L56:
 616 0050 04       		.byte	(.L55-.L56)/2
 617 0051 22       		.byte	(.L57-.L56)/2
 618 0052 28       		.byte	(.L58-.L56)/2
 619 0053 2E       		.byte	(.L59-.L56)/2
 620 0054 34       		.byte	(.L60-.L56)/2
 621 0055 3A       		.byte	(.L61-.L56)/2
 622 0056 40       		.byte	(.L62-.L56)/2
 623 0057 46       		.byte	(.L63-.L56)/2
 624              		.p2align 1
 625              	.L55:
 281:Z80_SIO_emul.c ****     {
 282:Z80_SIO_emul.c ****         case 0x0:
 283:Z80_SIO_emul.c ****             SIO_B_WR0 = SIO_B_Ctrl2;
 626              		.loc 1 283 0
 627 0058 254B     		ldr	r3, .L65+8
 628 005a 1B78     		ldrb	r3, [r3]	@ zero_extendqisi2
 629 005c DBB2     		uxtb	r3, r3
ARM GAS  C:\Users\HPz420\AppData\Local\Temp\cc2OwUEt.s 			page 17


 630 005e 254A     		ldr	r2, .L65+12
 631 0060 1370     		strb	r3, [r2]
 284:Z80_SIO_emul.c ****             // Only implementing the reset command
 285:Z80_SIO_emul.c ****             // p 275 of um0081 - All control registers for the channel must be rewritten after a Ch
 286:Z80_SIO_emul.c ****             if ((SIO_B_WR0 & 0x18) == 0x18)     // Channel reset clears registers 
 632              		.loc 1 286 0
 633 0062 1378     		ldrb	r3, [r2]	@ zero_extendqisi2
 634 0064 03F01803 		and	r3, r3, #24
 635 0068 182B     		cmp	r3, #24
 636 006a 3CD1     		bne	.L51
 287:Z80_SIO_emul.c ****             {
 288:Z80_SIO_emul.c ****                 SIO_B_WR0 = 0x0;
 637              		.loc 1 288 0
 638 006c 0023     		movs	r3, #0
 639 006e 1370     		strb	r3, [r2]
 289:Z80_SIO_emul.c ****                 SIO_B_WR1 = 0x0;
 640              		.loc 1 289 0
 641 0070 214A     		ldr	r2, .L65+16
 642 0072 1370     		strb	r3, [r2]
 290:Z80_SIO_emul.c ****                 SIO_B_WR2 = 0x0;
 643              		.loc 1 290 0
 644 0074 214A     		ldr	r2, .L65+20
 645 0076 1370     		strb	r3, [r2]
 291:Z80_SIO_emul.c ****                 SIO_B_WR3 = 0x0;
 646              		.loc 1 291 0
 647 0078 214A     		ldr	r2, .L65+24
 648 007a 1370     		strb	r3, [r2]
 292:Z80_SIO_emul.c ****                 SIO_B_WR4 = 0x0;
 649              		.loc 1 292 0
 650 007c 214A     		ldr	r2, .L65+28
 651 007e 1370     		strb	r3, [r2]
 293:Z80_SIO_emul.c ****                 SIO_B_WR5 = 0x0;
 652              		.loc 1 293 0
 653 0080 214A     		ldr	r2, .L65+32
 654 0082 1370     		strb	r3, [r2]
 294:Z80_SIO_emul.c ****                 SIO_B_WR6 = 0x0;
 655              		.loc 1 294 0
 656 0084 214A     		ldr	r2, .L65+36
 657 0086 1370     		strb	r3, [r2]
 295:Z80_SIO_emul.c ****                 SIO_B_WR7 = 0x0;
 658              		.loc 1 295 0
 659 0088 214A     		ldr	r2, .L65+40
 660 008a 1370     		strb	r3, [r2]
 296:Z80_SIO_emul.c ****                 SIO_B_RD0 = 0x44;
 661              		.loc 1 296 0
 662 008c 4422     		movs	r2, #68
 663 008e 214B     		ldr	r3, .L65+44
 664 0090 1A70     		strb	r2, [r3]
 665 0092 10BD     		pop	{r4, pc}
 666              	.LVL52:
 667              	.L57:
 297:Z80_SIO_emul.c ****             }
 298:Z80_SIO_emul.c ****             break;
 299:Z80_SIO_emul.c ****         case 0x1:               
 300:Z80_SIO_emul.c ****             // p 277 of um0081
 301:Z80_SIO_emul.c ****             /// D0 - Ext int enable - not using interrupt on CTS
 302:Z80_SIO_emul.c ****             // D1 - Tx Int Enable - Not using
ARM GAS  C:\Users\HPz420\AppData\Local\Temp\cc2OwUEt.s 			page 18


 303:Z80_SIO_emul.c ****             // D2 - Status affect vector is only active on Channel B
 304:Z80_SIO_emul.c ****             // D3, D4 - 00 = Rx Int disabled, 01 = Rx Int on first char, 10 = Rx Int on all chars (
 305:Z80_SIO_emul.c ****             // D5, D6 - Wait/RDY function select - ignoring
 306:Z80_SIO_emul.c ****             // D7 - Use Wait/RDY function - ignoring
 307:Z80_SIO_emul.c ****             SIO_B_WR1 = SIO_B_Ctrl2;
 668              		.loc 1 307 0
 669 0094 164B     		ldr	r3, .L65+8
 670 0096 1B78     		ldrb	r3, [r3]	@ zero_extendqisi2
 671 0098 DBB2     		uxtb	r3, r3
 672 009a 174A     		ldr	r2, .L65+16
 673 009c 1370     		strb	r3, [r2]
 308:Z80_SIO_emul.c ****             break;
 674              		.loc 1 308 0
 675 009e 10BD     		pop	{r4, pc}
 676              	.LVL53:
 677              	.L58:
 309:Z80_SIO_emul.c ****         case 0x2:
 310:Z80_SIO_emul.c ****             // p 281 of um0081
 311:Z80_SIO_emul.c ****             // Interrupt vector - only used in channel B
 312:Z80_SIO_emul.c ****             SIO_B_WR2 = SIO_B_Ctrl2;
 678              		.loc 1 312 0
 679 00a0 134B     		ldr	r3, .L65+8
 680 00a2 1B78     		ldrb	r3, [r3]	@ zero_extendqisi2
 681 00a4 DBB2     		uxtb	r3, r3
 682 00a6 154A     		ldr	r2, .L65+20
 683 00a8 1370     		strb	r3, [r2]
 313:Z80_SIO_emul.c ****             break;
 684              		.loc 1 313 0
 685 00aa 10BD     		pop	{r4, pc}
 686              	.LVL54:
 687              	.L59:
 314:Z80_SIO_emul.c ****         case 0x3:
 315:Z80_SIO_emul.c ****             // D0 - Receiver enable - always used
 316:Z80_SIO_emul.c ****             // D1 - Sync char load inhibit - not used
 317:Z80_SIO_emul.c ****             // D2 - Address Search Mode SDLC mode - not used
 318:Z80_SIO_emul.c ****             // D3 - Receiver CRC enable - not used
 319:Z80_SIO_emul.c ****             // D4 - Enter hunt phase Synch or SDLC - not used
 320:Z80_SIO_emul.c ****             // D5 - Auto enables - polled vs automatic use of CTS - not used for port A (maybe B?)
 321:Z80_SIO_emul.c ****             // D6, D7 - Rx Bits/char - 11 = 8 bits/char - normal value expected
 322:Z80_SIO_emul.c ****             SIO_B_WR3 = SIO_B_Ctrl2;
 688              		.loc 1 322 0
 689 00ac 104B     		ldr	r3, .L65+8
 690 00ae 1B78     		ldrb	r3, [r3]	@ zero_extendqisi2
 691 00b0 DBB2     		uxtb	r3, r3
 692 00b2 134A     		ldr	r2, .L65+24
 693 00b4 1370     		strb	r3, [r2]
 323:Z80_SIO_emul.c ****             break;
 694              		.loc 1 323 0
 695 00b6 10BD     		pop	{r4, pc}
 696              	.LVL55:
 697              	.L60:
 324:Z80_SIO_emul.c ****         case 0x4:
 325:Z80_SIO_emul.c ****             // D0 = Parity - Not used
 326:Z80_SIO_emul.c ****             // D1 = Parity odd/even - Not used
 327:Z80_SIO_emul.c ****             // D2,D3 - 01 = 1 stop bit per character
 328:Z80_SIO_emul.c ****             // D4, D5 - Sync modes - Ignored
 329:Z80_SIO_emul.c ****             // D6, D7 - Clock rate - set by USB-Serial interface automatically so ignored for Port 
ARM GAS  C:\Users\HPz420\AppData\Local\Temp\cc2OwUEt.s 			page 19


 330:Z80_SIO_emul.c ****             // Grant has 7.2738 MHz - divided by 64 = 115,200 baud
 331:Z80_SIO_emul.c ****             SIO_B_WR4 = SIO_B_Ctrl2;
 698              		.loc 1 331 0
 699 00b8 0D4B     		ldr	r3, .L65+8
 700 00ba 1B78     		ldrb	r3, [r3]	@ zero_extendqisi2
 701 00bc DBB2     		uxtb	r3, r3
 702 00be 114A     		ldr	r2, .L65+28
 703 00c0 1370     		strb	r3, [r2]
 332:Z80_SIO_emul.c ****             break;
 704              		.loc 1 332 0
 705 00c2 10BD     		pop	{r4, pc}
 706              	.LVL56:
 707              	.L61:
 333:Z80_SIO_emul.c ****         case 0x5:
 334:Z80_SIO_emul.c ****             // D0 - Tx CRC enable
 335:Z80_SIO_emul.c ****             // D1 - RTS - allows RTS to be manually set
 336:Z80_SIO_emul.c ****             // D2 - CRC-16/SDLC - Not used
 337:Z80_SIO_emul.c ****             // D3 - Transmit Enable
 338:Z80_SIO_emul.c ****             // D4 - Send break - not used
 339:Z80_SIO_emul.c ****             // D5, D6 - SYNC mode - Not used
 340:Z80_SIO_emul.c ****             // D7 - DTR - allows DTR to be manually set
 341:Z80_SIO_emul.c ****             SIO_B_WR5 = SIO_B_Ctrl2;
 708              		.loc 1 341 0
 709 00c4 0A4B     		ldr	r3, .L65+8
 710 00c6 1B78     		ldrb	r3, [r3]	@ zero_extendqisi2
 711 00c8 DBB2     		uxtb	r3, r3
 712 00ca 0F4A     		ldr	r2, .L65+32
 713 00cc 1370     		strb	r3, [r2]
 342:Z80_SIO_emul.c ****             break;
 714              		.loc 1 342 0
 715 00ce 10BD     		pop	{r4, pc}
 716              	.LVL57:
 717              	.L62:
 343:Z80_SIO_emul.c ****         case 0x6:
 344:Z80_SIO_emul.c ****             // D90D7 - SYNC bits - not used
 345:Z80_SIO_emul.c ****             SIO_B_WR6 = SIO_B_Ctrl2;
 718              		.loc 1 345 0
 719 00d0 074B     		ldr	r3, .L65+8
 720 00d2 1B78     		ldrb	r3, [r3]	@ zero_extendqisi2
 721 00d4 DBB2     		uxtb	r3, r3
 722 00d6 0D4A     		ldr	r2, .L65+36
 723 00d8 1370     		strb	r3, [r2]
 346:Z80_SIO_emul.c ****             break;
 724              		.loc 1 346 0
 725 00da 10BD     		pop	{r4, pc}
 726              	.LVL58:
 727              	.L63:
 347:Z80_SIO_emul.c ****         case 0x7:
 348:Z80_SIO_emul.c ****             // D0-D7 - receive sync character - not used
 349:Z80_SIO_emul.c ****             SIO_B_WR7 = SIO_B_Ctrl2;
 728              		.loc 1 349 0
 729 00dc 044B     		ldr	r3, .L65+8
 730 00de 1B78     		ldrb	r3, [r3]	@ zero_extendqisi2
 731 00e0 DBB2     		uxtb	r3, r3
 732 00e2 0B4A     		ldr	r2, .L65+40
 733 00e4 1370     		strb	r3, [r2]
 734              	.L51:
ARM GAS  C:\Users\HPz420\AppData\Local\Temp\cc2OwUEt.s 			page 20


 735 00e6 10BD     		pop	{r4, pc}
 736              	.LVL59:
 737              	.L66:
 738              		.align	2
 739              	.L65:
 740 00e8 00000000 		.word	SIO_B_Ctrl1
 741 00ec 62640040 		.word	1073767522
 742 00f0 00000000 		.word	SIO_B_Ctrl2
 743 00f4 00000000 		.word	SIO_B_WR0
 744 00f8 00000000 		.word	SIO_B_WR1
 745 00fc 00000000 		.word	SIO_B_WR2
 746 0100 00000000 		.word	SIO_B_WR3
 747 0104 00000000 		.word	SIO_B_WR4
 748 0108 00000000 		.word	SIO_B_WR5
 749 010c 00000000 		.word	SIO_B_WR6
 750 0110 00000000 		.word	SIO_B_WR7
 751 0114 00000000 		.word	SIO_B_RD0
 752              		.cfi_endproc
 753              	.LFE74:
 754              		.size	SioWriteCtrlB, .-SioWriteCtrlB
 755              		.comm	SIO_B_RD2,1,1
 756              		.comm	SIO_B_RD1,1,1
 757              		.comm	SIO_B_RD0,1,1
 758              		.comm	SIO_B_WR7,1,1
 759              		.comm	SIO_B_WR6,1,1
 760              		.comm	SIO_B_WR5,1,1
 761              		.comm	SIO_B_WR4,1,1
 762              		.comm	SIO_B_WR3,1,1
 763              		.comm	SIO_B_WR2,1,1
 764              		.comm	SIO_B_WR1,1,1
 765              		.comm	SIO_B_WR0,1,1
 766              		.comm	SIO_B_Ctrl_Count,1,1
 767              		.comm	SIO_B_DataIn,1,1
 768              		.comm	SIO_B_DataOut,1,1
 769              		.comm	SIO_B_Status,1,1
 770              		.comm	SIO_B_Ctrl2,1,1
 771              		.comm	SIO_B_Ctrl1,1,1
 772              		.comm	SIO_A_RD2,1,1
 773              		.comm	SIO_A_RD1,1,1
 774              		.comm	SIO_A_RD0,1,1
 775              		.comm	SIO_A_WR7,1,1
 776              		.comm	SIO_A_WR6,1,1
 777              		.comm	SIO_A_WR5,1,1
 778              		.comm	SIO_A_WR4,1,1
 779              		.comm	SIO_A_WR3,1,1
 780              		.comm	SIO_A_WR2,1,1
 781              		.comm	SIO_A_WR1,1,1
 782              		.comm	SIO_A_WR0,1,1
 783              		.comm	SIO_A_Ctrl_Count,1,1
 784              		.comm	SIO_A_DataIn,1,1
 785              		.comm	SIO_A_DataOut,1,1
 786              		.comm	SIO_A_Status,1,1
 787              		.comm	SIO_A_Ctrl2,1,1
 788              		.comm	SIO_A_Ctrl1,1,1
 789              		.text
 790              	.Letext0:
 791              		.file 2 "c:\\program files (x86)\\cypress\\psoc creator\\4.2\\psoc creator\\import\\gnu\\arm\\5.4.
ARM GAS  C:\Users\HPz420\AppData\Local\Temp\cc2OwUEt.s 			page 21


 792              		.file 3 "c:\\program files (x86)\\cypress\\psoc creator\\4.2\\psoc creator\\import\\gnu\\arm\\5.4.
 793              		.file 4 "Generated_Source\\PSoC5/cytypes.h"
 794              		.file 5 "Generated_Source\\PSoC5/core_cm3.h"
 795              		.file 6 "Generated_Source\\PSoC5/IO_Ctrl_Reg.h"
 796              		.file 7 "Generated_Source\\PSoC5/IO_Stat_Reg.h"
 797              		.file 8 "Generated_Source\\PSoC5/Z80_Data_In.h"
 798              		.file 9 "Generated_Source\\PSoC5/Z80_Data_Out.h"
 799              		.section	.debug_info,"",%progbits
 800              	.Ldebug_info0:
 801 0000 D2050000 		.4byte	0x5d2
 802 0004 0400     		.2byte	0x4
 803 0006 00000000 		.4byte	.Ldebug_abbrev0
 804 000a 04       		.byte	0x4
 805 000b 01       		.uleb128 0x1
 806 000c 24030000 		.4byte	.LASF71
 807 0010 0C       		.byte	0xc
 808 0011 04020000 		.4byte	.LASF72
 809 0015 B2030000 		.4byte	.LASF73
 810 0019 00000000 		.4byte	.Ldebug_ranges0+0
 811 001d 00000000 		.4byte	0
 812 0021 00000000 		.4byte	.Ldebug_line0
 813 0025 02       		.uleb128 0x2
 814 0026 01       		.byte	0x1
 815 0027 06       		.byte	0x6
 816 0028 9F000000 		.4byte	.LASF0
 817 002c 02       		.uleb128 0x2
 818 002d 01       		.byte	0x1
 819 002e 08       		.byte	0x8
 820 002f 77010000 		.4byte	.LASF1
 821 0033 02       		.uleb128 0x2
 822 0034 02       		.byte	0x2
 823 0035 05       		.byte	0x5
 824 0036 12000000 		.4byte	.LASF2
 825 003a 02       		.uleb128 0x2
 826 003b 02       		.byte	0x2
 827 003c 07       		.byte	0x7
 828 003d 13020000 		.4byte	.LASF3
 829 0041 03       		.uleb128 0x3
 830 0042 D8020000 		.4byte	.LASF9
 831 0046 02       		.byte	0x2
 832 0047 3F       		.byte	0x3f
 833 0048 4C000000 		.4byte	0x4c
 834 004c 02       		.uleb128 0x2
 835 004d 04       		.byte	0x4
 836 004e 05       		.byte	0x5
 837 004f 01010000 		.4byte	.LASF4
 838 0053 02       		.uleb128 0x2
 839 0054 04       		.byte	0x4
 840 0055 07       		.byte	0x7
 841 0056 B8020000 		.4byte	.LASF5
 842 005a 02       		.uleb128 0x2
 843 005b 08       		.byte	0x8
 844 005c 05       		.byte	0x5
 845 005d 4A000000 		.4byte	.LASF6
 846 0061 02       		.uleb128 0x2
 847 0062 08       		.byte	0x8
 848 0063 07       		.byte	0x7
ARM GAS  C:\Users\HPz420\AppData\Local\Temp\cc2OwUEt.s 			page 22


 849 0064 C2010000 		.4byte	.LASF7
 850 0068 04       		.uleb128 0x4
 851 0069 04       		.byte	0x4
 852 006a 05       		.byte	0x5
 853 006b 696E7400 		.ascii	"int\000"
 854 006f 02       		.uleb128 0x2
 855 0070 04       		.byte	0x4
 856 0071 07       		.byte	0x7
 857 0072 F7010000 		.4byte	.LASF8
 858 0076 03       		.uleb128 0x3
 859 0077 3D020000 		.4byte	.LASF10
 860 007b 03       		.byte	0x3
 861 007c 2C       		.byte	0x2c
 862 007d 41000000 		.4byte	0x41
 863 0081 05       		.uleb128 0x5
 864 0082 04030000 		.4byte	.LASF11
 865 0086 04       		.byte	0x4
 866 0087 E401     		.2byte	0x1e4
 867 0089 2C000000 		.4byte	0x2c
 868 008d 02       		.uleb128 0x2
 869 008e 04       		.byte	0x4
 870 008f 04       		.byte	0x4
 871 0090 AB000000 		.4byte	.LASF12
 872 0094 02       		.uleb128 0x2
 873 0095 08       		.byte	0x8
 874 0096 04       		.byte	0x4
 875 0097 CA020000 		.4byte	.LASF13
 876 009b 02       		.uleb128 0x2
 877 009c 01       		.byte	0x1
 878 009d 08       		.byte	0x8
 879 009e 38020000 		.4byte	.LASF14
 880 00a2 05       		.uleb128 0x5
 881 00a3 B3020000 		.4byte	.LASF15
 882 00a7 04       		.byte	0x4
 883 00a8 8E02     		.2byte	0x28e
 884 00aa AE000000 		.4byte	0xae
 885 00ae 06       		.uleb128 0x6
 886 00af 81000000 		.4byte	0x81
 887 00b3 02       		.uleb128 0x2
 888 00b4 08       		.byte	0x8
 889 00b5 04       		.byte	0x4
 890 00b6 6B010000 		.4byte	.LASF16
 891 00ba 02       		.uleb128 0x2
 892 00bb 04       		.byte	0x4
 893 00bc 07       		.byte	0x7
 894 00bd 1C000000 		.4byte	.LASF17
 895 00c1 07       		.uleb128 0x7
 896 00c2 44000000 		.4byte	.LASF18
 897 00c6 01       		.byte	0x1
 898 00c7 37       		.byte	0x37
 899 00c8 00000000 		.4byte	.LFB63
 900 00cc 1A000000 		.4byte	.LFE63-.LFB63
 901 00d0 01       		.uleb128 0x1
 902 00d1 9C       		.byte	0x9c
 903 00d2 F2000000 		.4byte	0xf2
 904 00d6 08       		.uleb128 0x8
 905 00d7 06000000 		.4byte	.LVL0
ARM GAS  C:\Users\HPz420\AppData\Local\Temp\cc2OwUEt.s 			page 23


 906 00db 9E050000 		.4byte	0x59e
 907 00df 08       		.uleb128 0x8
 908 00e0 10000000 		.4byte	.LVL1
 909 00e4 A9050000 		.4byte	0x5a9
 910 00e8 08       		.uleb128 0x8
 911 00e9 14000000 		.4byte	.LVL2
 912 00ed B4050000 		.4byte	0x5b4
 913 00f1 00       		.byte	0
 914 00f2 07       		.uleb128 0x7
 915 00f3 0A010000 		.4byte	.LASF19
 916 00f7 01       		.byte	0x1
 917 00f8 3D       		.byte	0x3d
 918 00f9 00000000 		.4byte	.LFB64
 919 00fd 0E000000 		.4byte	.LFE64-.LFB64
 920 0101 01       		.uleb128 0x1
 921 0102 9C       		.byte	0x9c
 922 0103 11010000 		.4byte	0x111
 923 0107 08       		.uleb128 0x8
 924 0108 06000000 		.4byte	.LVL3
 925 010c B4050000 		.4byte	0x5b4
 926 0110 00       		.byte	0
 927 0111 09       		.uleb128 0x9
 928 0112 17010000 		.4byte	.LASF20
 929 0116 01       		.byte	0x1
 930 0117 42       		.byte	0x42
 931 0118 00000000 		.4byte	.LFB65
 932 011c 02000000 		.4byte	.LFE65-.LFB65
 933 0120 01       		.uleb128 0x1
 934 0121 9C       		.byte	0x9c
 935 0122 09       		.uleb128 0x9
 936 0123 76000000 		.4byte	.LASF21
 937 0127 01       		.byte	0x1
 938 0128 47       		.byte	0x47
 939 0129 00000000 		.4byte	.LFB66
 940 012d 02000000 		.4byte	.LFE66-.LFB66
 941 0131 01       		.uleb128 0x1
 942 0132 9C       		.byte	0x9c
 943 0133 07       		.uleb128 0x7
 944 0134 D9010000 		.4byte	.LASF22
 945 0138 01       		.byte	0x1
 946 0139 4C       		.byte	0x4c
 947 013a 00000000 		.4byte	.LFB67
 948 013e 38000000 		.4byte	.LFE67-.LFB67
 949 0142 01       		.uleb128 0x1
 950 0143 9C       		.byte	0x9c
 951 0144 7C010000 		.4byte	0x17c
 952 0148 0A       		.uleb128 0xa
 953 0149 D1020000 		.4byte	.LASF24
 954 014d 01       		.byte	0x1
 955 014e 4C       		.byte	0x4c
 956 014f 81000000 		.4byte	0x81
 957 0153 00000000 		.4byte	.LLST0
 958 0157 08       		.uleb128 0x8
 959 0158 16000000 		.4byte	.LVL6
 960 015c BF050000 		.4byte	0x5bf
 961 0160 08       		.uleb128 0x8
 962 0161 1E000000 		.4byte	.LVL7
ARM GAS  C:\Users\HPz420\AppData\Local\Temp\cc2OwUEt.s 			page 24


 963 0165 BF050000 		.4byte	0x5bf
 964 0169 08       		.uleb128 0x8
 965 016a 26000000 		.4byte	.LVL8
 966 016e BF050000 		.4byte	0x5bf
 967 0172 08       		.uleb128 0x8
 968 0173 2A000000 		.4byte	.LVL9
 969 0177 C1000000 		.4byte	0xc1
 970 017b 00       		.byte	0
 971 017c 07       		.uleb128 0x7
 972 017d 45020000 		.4byte	.LASF23
 973 0181 01       		.byte	0x1
 974 0182 6E       		.byte	0x6e
 975 0183 00000000 		.4byte	.LFB68
 976 0187 14000000 		.4byte	.LFE68-.LFB68
 977 018b 01       		.uleb128 0x1
 978 018c 9C       		.byte	0x9c
 979 018d B3010000 		.4byte	0x1b3
 980 0191 0A       		.uleb128 0xa
 981 0192 D1020000 		.4byte	.LASF24
 982 0196 01       		.byte	0x1
 983 0197 6E       		.byte	0x6e
 984 0198 81000000 		.4byte	0x81
 985 019c 21000000 		.4byte	.LLST1
 986 01a0 08       		.uleb128 0x8
 987 01a1 0A000000 		.4byte	.LVL12
 988 01a5 BF050000 		.4byte	0x5bf
 989 01a9 08       		.uleb128 0x8
 990 01aa 0E000000 		.4byte	.LVL13
 991 01ae C1000000 		.4byte	0xc1
 992 01b2 00       		.byte	0
 993 01b3 07       		.uleb128 0x7
 994 01b4 3A040000 		.4byte	.LASF25
 995 01b8 01       		.byte	0x1
 996 01b9 74       		.byte	0x74
 997 01ba 00000000 		.4byte	.LFB69
 998 01be 18010000 		.4byte	.LFE69-.LFB69
 999 01c2 01       		.uleb128 0x1
 1000 01c3 9C       		.byte	0x9c
 1001 01c4 2D020000 		.4byte	0x22d
 1002 01c8 0B       		.uleb128 0xb
 1003 01c9 D1020000 		.4byte	.LASF24
 1004 01cd 01       		.byte	0x1
 1005 01ce 76       		.byte	0x76
 1006 01cf 81000000 		.4byte	0x81
 1007 01d3 42000000 		.4byte	.LLST2
 1008 01d7 08       		.uleb128 0x8
 1009 01d8 06000000 		.4byte	.LVL14
 1010 01dc CA050000 		.4byte	0x5ca
 1011 01e0 08       		.uleb128 0x8
 1012 01e1 0E000000 		.4byte	.LVL15
 1013 01e5 C1000000 		.4byte	0xc1
 1014 01e9 08       		.uleb128 0x8
 1015 01ea 18000000 		.4byte	.LVL17
 1016 01ee F2000000 		.4byte	0xf2
 1017 01f2 0C       		.uleb128 0xc
 1018 01f3 28000000 		.4byte	.LVL18
 1019 01f7 33010000 		.4byte	0x133
ARM GAS  C:\Users\HPz420\AppData\Local\Temp\cc2OwUEt.s 			page 25


 1020 01fb 06020000 		.4byte	0x206
 1021 01ff 0D       		.uleb128 0xd
 1022 0200 01       		.uleb128 0x1
 1023 0201 50       		.byte	0x50
 1024 0202 02       		.uleb128 0x2
 1025 0203 74       		.byte	0x74
 1026 0204 00       		.sleb128 0
 1027 0205 00       		.byte	0
 1028 0206 0C       		.uleb128 0xc
 1029 0207 3A000000 		.4byte	.LVL20
 1030 020b 7C010000 		.4byte	0x17c
 1031 020f 1A020000 		.4byte	0x21a
 1032 0213 0D       		.uleb128 0xd
 1033 0214 01       		.uleb128 0x1
 1034 0215 50       		.byte	0x50
 1035 0216 02       		.uleb128 0x2
 1036 0217 74       		.byte	0x74
 1037 0218 00       		.sleb128 0
 1038 0219 00       		.byte	0
 1039 021a 08       		.uleb128 0x8
 1040 021b 40000000 		.4byte	.LVL22
 1041 021f CA050000 		.4byte	0x5ca
 1042 0223 08       		.uleb128 0x8
 1043 0224 48000000 		.4byte	.LVL23
 1044 0228 C1000000 		.4byte	0xc1
 1045 022c 00       		.byte	0
 1046 022d 09       		.uleb128 0x9
 1047 022e 24010000 		.4byte	.LASF26
 1048 0232 01       		.byte	0x1
 1049 0233 D5       		.byte	0xd5
 1050 0234 00000000 		.4byte	.LFB70
 1051 0238 02000000 		.4byte	.LFE70-.LFB70
 1052 023c 01       		.uleb128 0x1
 1053 023d 9C       		.byte	0x9c
 1054 023e 09       		.uleb128 0x9
 1055 023f 84000000 		.4byte	.LASF27
 1056 0243 01       		.byte	0x1
 1057 0244 DA       		.byte	0xda
 1058 0245 00000000 		.4byte	.LFB71
 1059 0249 02000000 		.4byte	.LFE71-.LFB71
 1060 024d 01       		.uleb128 0x1
 1061 024e 9C       		.byte	0x9c
 1062 024f 07       		.uleb128 0x7
 1063 0250 E8010000 		.4byte	.LASF28
 1064 0254 01       		.byte	0x1
 1065 0255 DF       		.byte	0xdf
 1066 0256 00000000 		.4byte	.LFB72
 1067 025a 38000000 		.4byte	.LFE72-.LFB72
 1068 025e 01       		.uleb128 0x1
 1069 025f 9C       		.byte	0x9c
 1070 0260 98020000 		.4byte	0x298
 1071 0264 0A       		.uleb128 0xa
 1072 0265 D1020000 		.4byte	.LASF24
 1073 0269 01       		.byte	0x1
 1074 026a DF       		.byte	0xdf
 1075 026b 81000000 		.4byte	0x81
 1076 026f 55000000 		.4byte	.LLST3
ARM GAS  C:\Users\HPz420\AppData\Local\Temp\cc2OwUEt.s 			page 26


 1077 0273 08       		.uleb128 0x8
 1078 0274 16000000 		.4byte	.LVL34
 1079 0278 BF050000 		.4byte	0x5bf
 1080 027c 08       		.uleb128 0x8
 1081 027d 1E000000 		.4byte	.LVL35
 1082 0281 BF050000 		.4byte	0x5bf
 1083 0285 08       		.uleb128 0x8
 1084 0286 26000000 		.4byte	.LVL36
 1085 028a BF050000 		.4byte	0x5bf
 1086 028e 08       		.uleb128 0x8
 1087 028f 2A000000 		.4byte	.LVL37
 1088 0293 C1000000 		.4byte	0xc1
 1089 0297 00       		.byte	0
 1090 0298 07       		.uleb128 0x7
 1091 0299 54020000 		.4byte	.LASF29
 1092 029d 01       		.byte	0x1
 1093 029e FE       		.byte	0xfe
 1094 029f 00000000 		.4byte	.LFB73
 1095 02a3 14000000 		.4byte	.LFE73-.LFB73
 1096 02a7 01       		.uleb128 0x1
 1097 02a8 9C       		.byte	0x9c
 1098 02a9 CF020000 		.4byte	0x2cf
 1099 02ad 0A       		.uleb128 0xa
 1100 02ae D1020000 		.4byte	.LASF24
 1101 02b2 01       		.byte	0x1
 1102 02b3 FE       		.byte	0xfe
 1103 02b4 81000000 		.4byte	0x81
 1104 02b8 76000000 		.4byte	.LLST4
 1105 02bc 08       		.uleb128 0x8
 1106 02bd 0A000000 		.4byte	.LVL40
 1107 02c1 BF050000 		.4byte	0x5bf
 1108 02c5 08       		.uleb128 0x8
 1109 02c6 0E000000 		.4byte	.LVL41
 1110 02ca C1000000 		.4byte	0xc1
 1111 02ce 00       		.byte	0
 1112 02cf 0E       		.uleb128 0xe
 1113 02d0 48040000 		.4byte	.LASF30
 1114 02d4 01       		.byte	0x1
 1115 02d5 0401     		.2byte	0x104
 1116 02d7 00000000 		.4byte	.LFB74
 1117 02db 18010000 		.4byte	.LFE74-.LFB74
 1118 02df 01       		.uleb128 0x1
 1119 02e0 9C       		.byte	0x9c
 1120 02e1 4B030000 		.4byte	0x34b
 1121 02e5 0F       		.uleb128 0xf
 1122 02e6 D1020000 		.4byte	.LASF24
 1123 02ea 01       		.byte	0x1
 1124 02eb 0601     		.2byte	0x106
 1125 02ed 81000000 		.4byte	0x81
 1126 02f1 97000000 		.4byte	.LLST5
 1127 02f5 08       		.uleb128 0x8
 1128 02f6 06000000 		.4byte	.LVL42
 1129 02fa CA050000 		.4byte	0x5ca
 1130 02fe 08       		.uleb128 0x8
 1131 02ff 0E000000 		.4byte	.LVL43
 1132 0303 C1000000 		.4byte	0xc1
 1133 0307 08       		.uleb128 0x8
ARM GAS  C:\Users\HPz420\AppData\Local\Temp\cc2OwUEt.s 			page 27


 1134 0308 18000000 		.4byte	.LVL45
 1135 030c F2000000 		.4byte	0xf2
 1136 0310 0C       		.uleb128 0xc
 1137 0311 28000000 		.4byte	.LVL46
 1138 0315 4F020000 		.4byte	0x24f
 1139 0319 24030000 		.4byte	0x324
 1140 031d 0D       		.uleb128 0xd
 1141 031e 01       		.uleb128 0x1
 1142 031f 50       		.byte	0x50
 1143 0320 02       		.uleb128 0x2
 1144 0321 74       		.byte	0x74
 1145 0322 00       		.sleb128 0
 1146 0323 00       		.byte	0
 1147 0324 0C       		.uleb128 0xc
 1148 0325 3A000000 		.4byte	.LVL48
 1149 0329 98020000 		.4byte	0x298
 1150 032d 38030000 		.4byte	0x338
 1151 0331 0D       		.uleb128 0xd
 1152 0332 01       		.uleb128 0x1
 1153 0333 50       		.byte	0x50
 1154 0334 02       		.uleb128 0x2
 1155 0335 74       		.byte	0x74
 1156 0336 00       		.sleb128 0
 1157 0337 00       		.byte	0
 1158 0338 08       		.uleb128 0x8
 1159 0339 40000000 		.4byte	.LVL50
 1160 033d CA050000 		.4byte	0x5ca
 1161 0341 08       		.uleb128 0x8
 1162 0342 48000000 		.4byte	.LVL51
 1163 0346 C1000000 		.4byte	0xc1
 1164 034a 00       		.byte	0
 1165 034b 10       		.uleb128 0x10
 1166 034c 17030000 		.4byte	.LASF31
 1167 0350 05       		.byte	0x5
 1168 0351 1207     		.2byte	0x712
 1169 0353 57030000 		.4byte	0x357
 1170 0357 06       		.uleb128 0x6
 1171 0358 76000000 		.4byte	0x76
 1172 035c 11       		.uleb128 0x11
 1173 035d 22040000 		.4byte	.LASF32
 1174 0361 01       		.byte	0x1
 1175 0362 10       		.byte	0x10
 1176 0363 AE000000 		.4byte	0xae
 1177 0367 05       		.uleb128 0x5
 1178 0368 03       		.byte	0x3
 1179 0369 00000000 		.4byte	SIO_A_Ctrl1
 1180 036d 11       		.uleb128 0x11
 1181 036e 2E040000 		.4byte	.LASF33
 1182 0372 01       		.byte	0x1
 1183 0373 11       		.byte	0x11
 1184 0374 AE000000 		.4byte	0xae
 1185 0378 05       		.uleb128 0x5
 1186 0379 03       		.byte	0x3
 1187 037a 00000000 		.4byte	SIO_A_Ctrl2
 1188 037e 11       		.uleb128 0x11
 1189 037f 37000000 		.4byte	.LASF34
 1190 0383 01       		.byte	0x1
ARM GAS  C:\Users\HPz420\AppData\Local\Temp\cc2OwUEt.s 			page 28


 1191 0384 12       		.byte	0x12
 1192 0385 AE000000 		.4byte	0xae
 1193 0389 05       		.uleb128 0x5
 1194 038a 03       		.byte	0x3
 1195 038b 00000000 		.4byte	SIO_A_Status
 1196 038f 11       		.uleb128 0x11
 1197 0390 31010000 		.4byte	.LASF35
 1198 0394 01       		.byte	0x1
 1199 0395 13       		.byte	0x13
 1200 0396 AE000000 		.4byte	0xae
 1201 039a 05       		.uleb128 0x5
 1202 039b 03       		.byte	0x3
 1203 039c 00000000 		.4byte	SIO_A_DataOut
 1204 03a0 11       		.uleb128 0x11
 1205 03a1 0A030000 		.4byte	.LASF36
 1206 03a5 01       		.byte	0x1
 1207 03a6 14       		.byte	0x14
 1208 03a7 AE000000 		.4byte	0xae
 1209 03ab 05       		.uleb128 0x5
 1210 03ac 03       		.byte	0x3
 1211 03ad 00000000 		.4byte	SIO_A_DataIn
 1212 03b1 11       		.uleb128 0x11
 1213 03b2 E2020000 		.4byte	.LASF37
 1214 03b6 01       		.byte	0x1
 1215 03b7 15       		.byte	0x15
 1216 03b8 AE000000 		.4byte	0xae
 1217 03bc 05       		.uleb128 0x5
 1218 03bd 03       		.byte	0x3
 1219 03be 00000000 		.4byte	SIO_A_Ctrl_Count
 1220 03c2 11       		.uleb128 0x11
 1221 03c3 B1000000 		.4byte	.LASF38
 1222 03c7 01       		.byte	0x1
 1223 03c8 16       		.byte	0x16
 1224 03c9 AE000000 		.4byte	0xae
 1225 03cd 05       		.uleb128 0x5
 1226 03ce 03       		.byte	0x3
 1227 03cf 00000000 		.4byte	SIO_A_WR0
 1228 03d3 11       		.uleb128 0x11
 1229 03d4 BB000000 		.4byte	.LASF39
 1230 03d8 01       		.byte	0x1
 1231 03d9 17       		.byte	0x17
 1232 03da AE000000 		.4byte	0xae
 1233 03de 05       		.uleb128 0x5
 1234 03df 03       		.byte	0x3
 1235 03e0 00000000 		.4byte	SIO_A_WR1
 1236 03e4 11       		.uleb128 0x11
 1237 03e5 C5000000 		.4byte	.LASF40
 1238 03e9 01       		.byte	0x1
 1239 03ea 18       		.byte	0x18
 1240 03eb AE000000 		.4byte	0xae
 1241 03ef 05       		.uleb128 0x5
 1242 03f0 03       		.byte	0x3
 1243 03f1 00000000 		.4byte	SIO_A_WR2
 1244 03f5 11       		.uleb128 0x11
 1245 03f6 CF000000 		.4byte	.LASF41
 1246 03fa 01       		.byte	0x1
 1247 03fb 19       		.byte	0x19
ARM GAS  C:\Users\HPz420\AppData\Local\Temp\cc2OwUEt.s 			page 29


 1248 03fc AE000000 		.4byte	0xae
 1249 0400 05       		.uleb128 0x5
 1250 0401 03       		.byte	0x3
 1251 0402 00000000 		.4byte	SIO_A_WR3
 1252 0406 11       		.uleb128 0x11
 1253 0407 D9000000 		.4byte	.LASF42
 1254 040b 01       		.byte	0x1
 1255 040c 1A       		.byte	0x1a
 1256 040d AE000000 		.4byte	0xae
 1257 0411 05       		.uleb128 0x5
 1258 0412 03       		.byte	0x3
 1259 0413 00000000 		.4byte	SIO_A_WR4
 1260 0417 11       		.uleb128 0x11
 1261 0418 E3000000 		.4byte	.LASF43
 1262 041c 01       		.byte	0x1
 1263 041d 1B       		.byte	0x1b
 1264 041e AE000000 		.4byte	0xae
 1265 0422 05       		.uleb128 0x5
 1266 0423 03       		.byte	0x3
 1267 0424 00000000 		.4byte	SIO_A_WR5
 1268 0428 11       		.uleb128 0x11
 1269 0429 ED000000 		.4byte	.LASF44
 1270 042d 01       		.byte	0x1
 1271 042e 1C       		.byte	0x1c
 1272 042f AE000000 		.4byte	0xae
 1273 0433 05       		.uleb128 0x5
 1274 0434 03       		.byte	0x3
 1275 0435 00000000 		.4byte	SIO_A_WR6
 1276 0439 11       		.uleb128 0x11
 1277 043a F7000000 		.4byte	.LASF45
 1278 043e 01       		.byte	0x1
 1279 043f 1D       		.byte	0x1d
 1280 0440 AE000000 		.4byte	0xae
 1281 0444 05       		.uleb128 0x5
 1282 0445 03       		.byte	0x3
 1283 0446 00000000 		.4byte	SIO_A_WR7
 1284 044a 11       		.uleb128 0x11
 1285 044b 58000000 		.4byte	.LASF46
 1286 044f 01       		.byte	0x1
 1287 0450 1E       		.byte	0x1e
 1288 0451 AE000000 		.4byte	0xae
 1289 0455 05       		.uleb128 0x5
 1290 0456 03       		.byte	0x3
 1291 0457 00000000 		.4byte	SIO_A_RD0
 1292 045b 11       		.uleb128 0x11
 1293 045c 62000000 		.4byte	.LASF47
 1294 0460 01       		.byte	0x1
 1295 0461 1F       		.byte	0x1f
 1296 0462 AE000000 		.4byte	0xae
 1297 0466 05       		.uleb128 0x5
 1298 0467 03       		.byte	0x3
 1299 0468 00000000 		.4byte	SIO_A_RD1
 1300 046c 11       		.uleb128 0x11
 1301 046d 6C000000 		.4byte	.LASF48
 1302 0471 01       		.byte	0x1
 1303 0472 20       		.byte	0x20
 1304 0473 AE000000 		.4byte	0xae
ARM GAS  C:\Users\HPz420\AppData\Local\Temp\cc2OwUEt.s 			page 30


 1305 0477 05       		.uleb128 0x5
 1306 0478 03       		.byte	0x3
 1307 0479 00000000 		.4byte	SIO_A_RD2
 1308 047d 11       		.uleb128 0x11
 1309 047e 85010000 		.4byte	.LASF49
 1310 0482 01       		.byte	0x1
 1311 0483 22       		.byte	0x22
 1312 0484 AE000000 		.4byte	0xae
 1313 0488 05       		.uleb128 0x5
 1314 0489 03       		.byte	0x3
 1315 048a 00000000 		.4byte	SIO_B_Ctrl1
 1316 048e 11       		.uleb128 0x11
 1317 048f 91010000 		.4byte	.LASF50
 1318 0493 01       		.byte	0x1
 1319 0494 23       		.byte	0x23
 1320 0495 AE000000 		.4byte	0xae
 1321 0499 05       		.uleb128 0x5
 1322 049a 03       		.byte	0x3
 1323 049b 00000000 		.4byte	SIO_B_Ctrl2
 1324 049f 11       		.uleb128 0x11
 1325 04a0 5E010000 		.4byte	.LASF51
 1326 04a4 01       		.byte	0x1
 1327 04a5 24       		.byte	0x24
 1328 04a6 AE000000 		.4byte	0xae
 1329 04aa 05       		.uleb128 0x5
 1330 04ab 03       		.byte	0x3
 1331 04ac 00000000 		.4byte	SIO_B_Status
 1332 04b0 11       		.uleb128 0x11
 1333 04b1 50010000 		.4byte	.LASF52
 1334 04b5 01       		.byte	0x1
 1335 04b6 25       		.byte	0x25
 1336 04b7 AE000000 		.4byte	0xae
 1337 04bb 05       		.uleb128 0x5
 1338 04bc 03       		.byte	0x3
 1339 04bd 00000000 		.4byte	SIO_B_DataOut
 1340 04c1 11       		.uleb128 0x11
 1341 04c2 92000000 		.4byte	.LASF53
 1342 04c6 01       		.byte	0x1
 1343 04c7 26       		.byte	0x26
 1344 04c8 AE000000 		.4byte	0xae
 1345 04cc 05       		.uleb128 0x5
 1346 04cd 03       		.byte	0x3
 1347 04ce 00000000 		.4byte	SIO_B_DataIn
 1348 04d2 11       		.uleb128 0x11
 1349 04d3 F3020000 		.4byte	.LASF54
 1350 04d7 01       		.byte	0x1
 1351 04d8 27       		.byte	0x27
 1352 04d9 AE000000 		.4byte	0xae
 1353 04dd 05       		.uleb128 0x5
 1354 04de 03       		.byte	0x3
 1355 04df 00000000 		.4byte	SIO_B_Ctrl_Count
 1356 04e3 11       		.uleb128 0x11
 1357 04e4 63020000 		.4byte	.LASF55
 1358 04e8 01       		.byte	0x1
 1359 04e9 28       		.byte	0x28
 1360 04ea AE000000 		.4byte	0xae
 1361 04ee 05       		.uleb128 0x5
ARM GAS  C:\Users\HPz420\AppData\Local\Temp\cc2OwUEt.s 			page 31


 1362 04ef 03       		.byte	0x3
 1363 04f0 00000000 		.4byte	SIO_B_WR0
 1364 04f4 11       		.uleb128 0x11
 1365 04f5 6D020000 		.4byte	.LASF56
 1366 04f9 01       		.byte	0x1
 1367 04fa 29       		.byte	0x29
 1368 04fb AE000000 		.4byte	0xae
 1369 04ff 05       		.uleb128 0x5
 1370 0500 03       		.byte	0x3
 1371 0501 00000000 		.4byte	SIO_B_WR1
 1372 0505 11       		.uleb128 0x11
 1373 0506 77020000 		.4byte	.LASF57
 1374 050a 01       		.byte	0x1
 1375 050b 2A       		.byte	0x2a
 1376 050c AE000000 		.4byte	0xae
 1377 0510 05       		.uleb128 0x5
 1378 0511 03       		.byte	0x3
 1379 0512 00000000 		.4byte	SIO_B_WR2
 1380 0516 11       		.uleb128 0x11
 1381 0517 81020000 		.4byte	.LASF58
 1382 051b 01       		.byte	0x1
 1383 051c 2B       		.byte	0x2b
 1384 051d AE000000 		.4byte	0xae
 1385 0521 05       		.uleb128 0x5
 1386 0522 03       		.byte	0x3
 1387 0523 00000000 		.4byte	SIO_B_WR3
 1388 0527 11       		.uleb128 0x11
 1389 0528 8B020000 		.4byte	.LASF59
 1390 052c 01       		.byte	0x1
 1391 052d 2C       		.byte	0x2c
 1392 052e AE000000 		.4byte	0xae
 1393 0532 05       		.uleb128 0x5
 1394 0533 03       		.byte	0x3
 1395 0534 00000000 		.4byte	SIO_B_WR4
 1396 0538 11       		.uleb128 0x11
 1397 0539 95020000 		.4byte	.LASF60
 1398 053d 01       		.byte	0x1
 1399 053e 2D       		.byte	0x2d
 1400 053f AE000000 		.4byte	0xae
 1401 0543 05       		.uleb128 0x5
 1402 0544 03       		.byte	0x3
 1403 0545 00000000 		.4byte	SIO_B_WR5
 1404 0549 11       		.uleb128 0x11
 1405 054a 9F020000 		.4byte	.LASF61
 1406 054e 01       		.byte	0x1
 1407 054f 2E       		.byte	0x2e
 1408 0550 AE000000 		.4byte	0xae
 1409 0554 05       		.uleb128 0x5
 1410 0555 03       		.byte	0x3
 1411 0556 00000000 		.4byte	SIO_B_WR6
 1412 055a 11       		.uleb128 0x11
 1413 055b A9020000 		.4byte	.LASF62
 1414 055f 01       		.byte	0x1
 1415 0560 2F       		.byte	0x2f
 1416 0561 AE000000 		.4byte	0xae
 1417 0565 05       		.uleb128 0x5
 1418 0566 03       		.byte	0x3
ARM GAS  C:\Users\HPz420\AppData\Local\Temp\cc2OwUEt.s 			page 32


 1419 0567 00000000 		.4byte	SIO_B_WR7
 1420 056b 11       		.uleb128 0x11
 1421 056c 56040000 		.4byte	.LASF63
 1422 0570 01       		.byte	0x1
 1423 0571 30       		.byte	0x30
 1424 0572 AE000000 		.4byte	0xae
 1425 0576 05       		.uleb128 0x5
 1426 0577 03       		.byte	0x3
 1427 0578 00000000 		.4byte	SIO_B_RD0
 1428 057c 11       		.uleb128 0x11
 1429 057d AE010000 		.4byte	.LASF64
 1430 0581 01       		.byte	0x1
 1431 0582 31       		.byte	0x31
 1432 0583 AE000000 		.4byte	0xae
 1433 0587 05       		.uleb128 0x5
 1434 0588 03       		.byte	0x3
 1435 0589 00000000 		.4byte	SIO_B_RD1
 1436 058d 11       		.uleb128 0x11
 1437 058e B8010000 		.4byte	.LASF65
 1438 0592 01       		.byte	0x1
 1439 0593 32       		.byte	0x32
 1440 0594 AE000000 		.4byte	0xae
 1441 0598 05       		.uleb128 0x5
 1442 0599 03       		.byte	0x3
 1443 059a 00000000 		.4byte	SIO_B_RD2
 1444 059e 12       		.uleb128 0x12
 1445 059f 3F010000 		.4byte	.LASF66
 1446 05a3 3F010000 		.4byte	.LASF66
 1447 05a7 06       		.byte	0x6
 1448 05a8 30       		.byte	0x30
 1449 05a9 12       		.uleb128 0x12
 1450 05aa 26020000 		.4byte	.LASF67
 1451 05ae 26020000 		.4byte	.LASF67
 1452 05b2 06       		.byte	0x6
 1453 05b3 2F       		.byte	0x2f
 1454 05b4 12       		.uleb128 0x12
 1455 05b5 9D010000 		.4byte	.LASF68
 1456 05b9 9D010000 		.4byte	.LASF68
 1457 05bd 07       		.byte	0x7
 1458 05be 30       		.byte	0x30
 1459 05bf 12       		.uleb128 0x12
 1460 05c0 00000000 		.4byte	.LASF69
 1461 05c4 00000000 		.4byte	.LASF69
 1462 05c8 08       		.byte	0x8
 1463 05c9 2F       		.byte	0x2f
 1464 05ca 12       		.uleb128 0x12
 1465 05cb 25000000 		.4byte	.LASF70
 1466 05cf 25000000 		.4byte	.LASF70
 1467 05d3 09       		.byte	0x9
 1468 05d4 30       		.byte	0x30
 1469 05d5 00       		.byte	0
 1470              		.section	.debug_abbrev,"",%progbits
 1471              	.Ldebug_abbrev0:
 1472 0000 01       		.uleb128 0x1
 1473 0001 11       		.uleb128 0x11
 1474 0002 01       		.byte	0x1
 1475 0003 25       		.uleb128 0x25
ARM GAS  C:\Users\HPz420\AppData\Local\Temp\cc2OwUEt.s 			page 33


 1476 0004 0E       		.uleb128 0xe
 1477 0005 13       		.uleb128 0x13
 1478 0006 0B       		.uleb128 0xb
 1479 0007 03       		.uleb128 0x3
 1480 0008 0E       		.uleb128 0xe
 1481 0009 1B       		.uleb128 0x1b
 1482 000a 0E       		.uleb128 0xe
 1483 000b 55       		.uleb128 0x55
 1484 000c 17       		.uleb128 0x17
 1485 000d 11       		.uleb128 0x11
 1486 000e 01       		.uleb128 0x1
 1487 000f 10       		.uleb128 0x10
 1488 0010 17       		.uleb128 0x17
 1489 0011 00       		.byte	0
 1490 0012 00       		.byte	0
 1491 0013 02       		.uleb128 0x2
 1492 0014 24       		.uleb128 0x24
 1493 0015 00       		.byte	0
 1494 0016 0B       		.uleb128 0xb
 1495 0017 0B       		.uleb128 0xb
 1496 0018 3E       		.uleb128 0x3e
 1497 0019 0B       		.uleb128 0xb
 1498 001a 03       		.uleb128 0x3
 1499 001b 0E       		.uleb128 0xe
 1500 001c 00       		.byte	0
 1501 001d 00       		.byte	0
 1502 001e 03       		.uleb128 0x3
 1503 001f 16       		.uleb128 0x16
 1504 0020 00       		.byte	0
 1505 0021 03       		.uleb128 0x3
 1506 0022 0E       		.uleb128 0xe
 1507 0023 3A       		.uleb128 0x3a
 1508 0024 0B       		.uleb128 0xb
 1509 0025 3B       		.uleb128 0x3b
 1510 0026 0B       		.uleb128 0xb
 1511 0027 49       		.uleb128 0x49
 1512 0028 13       		.uleb128 0x13
 1513 0029 00       		.byte	0
 1514 002a 00       		.byte	0
 1515 002b 04       		.uleb128 0x4
 1516 002c 24       		.uleb128 0x24
 1517 002d 00       		.byte	0
 1518 002e 0B       		.uleb128 0xb
 1519 002f 0B       		.uleb128 0xb
 1520 0030 3E       		.uleb128 0x3e
 1521 0031 0B       		.uleb128 0xb
 1522 0032 03       		.uleb128 0x3
 1523 0033 08       		.uleb128 0x8
 1524 0034 00       		.byte	0
 1525 0035 00       		.byte	0
 1526 0036 05       		.uleb128 0x5
 1527 0037 16       		.uleb128 0x16
 1528 0038 00       		.byte	0
 1529 0039 03       		.uleb128 0x3
 1530 003a 0E       		.uleb128 0xe
 1531 003b 3A       		.uleb128 0x3a
 1532 003c 0B       		.uleb128 0xb
ARM GAS  C:\Users\HPz420\AppData\Local\Temp\cc2OwUEt.s 			page 34


 1533 003d 3B       		.uleb128 0x3b
 1534 003e 05       		.uleb128 0x5
 1535 003f 49       		.uleb128 0x49
 1536 0040 13       		.uleb128 0x13
 1537 0041 00       		.byte	0
 1538 0042 00       		.byte	0
 1539 0043 06       		.uleb128 0x6
 1540 0044 35       		.uleb128 0x35
 1541 0045 00       		.byte	0
 1542 0046 49       		.uleb128 0x49
 1543 0047 13       		.uleb128 0x13
 1544 0048 00       		.byte	0
 1545 0049 00       		.byte	0
 1546 004a 07       		.uleb128 0x7
 1547 004b 2E       		.uleb128 0x2e
 1548 004c 01       		.byte	0x1
 1549 004d 3F       		.uleb128 0x3f
 1550 004e 19       		.uleb128 0x19
 1551 004f 03       		.uleb128 0x3
 1552 0050 0E       		.uleb128 0xe
 1553 0051 3A       		.uleb128 0x3a
 1554 0052 0B       		.uleb128 0xb
 1555 0053 3B       		.uleb128 0x3b
 1556 0054 0B       		.uleb128 0xb
 1557 0055 27       		.uleb128 0x27
 1558 0056 19       		.uleb128 0x19
 1559 0057 11       		.uleb128 0x11
 1560 0058 01       		.uleb128 0x1
 1561 0059 12       		.uleb128 0x12
 1562 005a 06       		.uleb128 0x6
 1563 005b 40       		.uleb128 0x40
 1564 005c 18       		.uleb128 0x18
 1565 005d 9742     		.uleb128 0x2117
 1566 005f 19       		.uleb128 0x19
 1567 0060 01       		.uleb128 0x1
 1568 0061 13       		.uleb128 0x13
 1569 0062 00       		.byte	0
 1570 0063 00       		.byte	0
 1571 0064 08       		.uleb128 0x8
 1572 0065 898201   		.uleb128 0x4109
 1573 0068 00       		.byte	0
 1574 0069 11       		.uleb128 0x11
 1575 006a 01       		.uleb128 0x1
 1576 006b 31       		.uleb128 0x31
 1577 006c 13       		.uleb128 0x13
 1578 006d 00       		.byte	0
 1579 006e 00       		.byte	0
 1580 006f 09       		.uleb128 0x9
 1581 0070 2E       		.uleb128 0x2e
 1582 0071 00       		.byte	0
 1583 0072 3F       		.uleb128 0x3f
 1584 0073 19       		.uleb128 0x19
 1585 0074 03       		.uleb128 0x3
 1586 0075 0E       		.uleb128 0xe
 1587 0076 3A       		.uleb128 0x3a
 1588 0077 0B       		.uleb128 0xb
 1589 0078 3B       		.uleb128 0x3b
ARM GAS  C:\Users\HPz420\AppData\Local\Temp\cc2OwUEt.s 			page 35


 1590 0079 0B       		.uleb128 0xb
 1591 007a 27       		.uleb128 0x27
 1592 007b 19       		.uleb128 0x19
 1593 007c 11       		.uleb128 0x11
 1594 007d 01       		.uleb128 0x1
 1595 007e 12       		.uleb128 0x12
 1596 007f 06       		.uleb128 0x6
 1597 0080 40       		.uleb128 0x40
 1598 0081 18       		.uleb128 0x18
 1599 0082 9742     		.uleb128 0x2117
 1600 0084 19       		.uleb128 0x19
 1601 0085 00       		.byte	0
 1602 0086 00       		.byte	0
 1603 0087 0A       		.uleb128 0xa
 1604 0088 05       		.uleb128 0x5
 1605 0089 00       		.byte	0
 1606 008a 03       		.uleb128 0x3
 1607 008b 0E       		.uleb128 0xe
 1608 008c 3A       		.uleb128 0x3a
 1609 008d 0B       		.uleb128 0xb
 1610 008e 3B       		.uleb128 0x3b
 1611 008f 0B       		.uleb128 0xb
 1612 0090 49       		.uleb128 0x49
 1613 0091 13       		.uleb128 0x13
 1614 0092 02       		.uleb128 0x2
 1615 0093 17       		.uleb128 0x17
 1616 0094 00       		.byte	0
 1617 0095 00       		.byte	0
 1618 0096 0B       		.uleb128 0xb
 1619 0097 34       		.uleb128 0x34
 1620 0098 00       		.byte	0
 1621 0099 03       		.uleb128 0x3
 1622 009a 0E       		.uleb128 0xe
 1623 009b 3A       		.uleb128 0x3a
 1624 009c 0B       		.uleb128 0xb
 1625 009d 3B       		.uleb128 0x3b
 1626 009e 0B       		.uleb128 0xb
 1627 009f 49       		.uleb128 0x49
 1628 00a0 13       		.uleb128 0x13
 1629 00a1 02       		.uleb128 0x2
 1630 00a2 17       		.uleb128 0x17
 1631 00a3 00       		.byte	0
 1632 00a4 00       		.byte	0
 1633 00a5 0C       		.uleb128 0xc
 1634 00a6 898201   		.uleb128 0x4109
 1635 00a9 01       		.byte	0x1
 1636 00aa 11       		.uleb128 0x11
 1637 00ab 01       		.uleb128 0x1
 1638 00ac 31       		.uleb128 0x31
 1639 00ad 13       		.uleb128 0x13
 1640 00ae 01       		.uleb128 0x1
 1641 00af 13       		.uleb128 0x13
 1642 00b0 00       		.byte	0
 1643 00b1 00       		.byte	0
 1644 00b2 0D       		.uleb128 0xd
 1645 00b3 8A8201   		.uleb128 0x410a
 1646 00b6 00       		.byte	0
ARM GAS  C:\Users\HPz420\AppData\Local\Temp\cc2OwUEt.s 			page 36


 1647 00b7 02       		.uleb128 0x2
 1648 00b8 18       		.uleb128 0x18
 1649 00b9 9142     		.uleb128 0x2111
 1650 00bb 18       		.uleb128 0x18
 1651 00bc 00       		.byte	0
 1652 00bd 00       		.byte	0
 1653 00be 0E       		.uleb128 0xe
 1654 00bf 2E       		.uleb128 0x2e
 1655 00c0 01       		.byte	0x1
 1656 00c1 3F       		.uleb128 0x3f
 1657 00c2 19       		.uleb128 0x19
 1658 00c3 03       		.uleb128 0x3
 1659 00c4 0E       		.uleb128 0xe
 1660 00c5 3A       		.uleb128 0x3a
 1661 00c6 0B       		.uleb128 0xb
 1662 00c7 3B       		.uleb128 0x3b
 1663 00c8 05       		.uleb128 0x5
 1664 00c9 27       		.uleb128 0x27
 1665 00ca 19       		.uleb128 0x19
 1666 00cb 11       		.uleb128 0x11
 1667 00cc 01       		.uleb128 0x1
 1668 00cd 12       		.uleb128 0x12
 1669 00ce 06       		.uleb128 0x6
 1670 00cf 40       		.uleb128 0x40
 1671 00d0 18       		.uleb128 0x18
 1672 00d1 9742     		.uleb128 0x2117
 1673 00d3 19       		.uleb128 0x19
 1674 00d4 01       		.uleb128 0x1
 1675 00d5 13       		.uleb128 0x13
 1676 00d6 00       		.byte	0
 1677 00d7 00       		.byte	0
 1678 00d8 0F       		.uleb128 0xf
 1679 00d9 34       		.uleb128 0x34
 1680 00da 00       		.byte	0
 1681 00db 03       		.uleb128 0x3
 1682 00dc 0E       		.uleb128 0xe
 1683 00dd 3A       		.uleb128 0x3a
 1684 00de 0B       		.uleb128 0xb
 1685 00df 3B       		.uleb128 0x3b
 1686 00e0 05       		.uleb128 0x5
 1687 00e1 49       		.uleb128 0x49
 1688 00e2 13       		.uleb128 0x13
 1689 00e3 02       		.uleb128 0x2
 1690 00e4 17       		.uleb128 0x17
 1691 00e5 00       		.byte	0
 1692 00e6 00       		.byte	0
 1693 00e7 10       		.uleb128 0x10
 1694 00e8 34       		.uleb128 0x34
 1695 00e9 00       		.byte	0
 1696 00ea 03       		.uleb128 0x3
 1697 00eb 0E       		.uleb128 0xe
 1698 00ec 3A       		.uleb128 0x3a
 1699 00ed 0B       		.uleb128 0xb
 1700 00ee 3B       		.uleb128 0x3b
 1701 00ef 05       		.uleb128 0x5
 1702 00f0 49       		.uleb128 0x49
 1703 00f1 13       		.uleb128 0x13
ARM GAS  C:\Users\HPz420\AppData\Local\Temp\cc2OwUEt.s 			page 37


 1704 00f2 3F       		.uleb128 0x3f
 1705 00f3 19       		.uleb128 0x19
 1706 00f4 3C       		.uleb128 0x3c
 1707 00f5 19       		.uleb128 0x19
 1708 00f6 00       		.byte	0
 1709 00f7 00       		.byte	0
 1710 00f8 11       		.uleb128 0x11
 1711 00f9 34       		.uleb128 0x34
 1712 00fa 00       		.byte	0
 1713 00fb 03       		.uleb128 0x3
 1714 00fc 0E       		.uleb128 0xe
 1715 00fd 3A       		.uleb128 0x3a
 1716 00fe 0B       		.uleb128 0xb
 1717 00ff 3B       		.uleb128 0x3b
 1718 0100 0B       		.uleb128 0xb
 1719 0101 49       		.uleb128 0x49
 1720 0102 13       		.uleb128 0x13
 1721 0103 3F       		.uleb128 0x3f
 1722 0104 19       		.uleb128 0x19
 1723 0105 02       		.uleb128 0x2
 1724 0106 18       		.uleb128 0x18
 1725 0107 00       		.byte	0
 1726 0108 00       		.byte	0
 1727 0109 12       		.uleb128 0x12
 1728 010a 2E       		.uleb128 0x2e
 1729 010b 00       		.byte	0
 1730 010c 3F       		.uleb128 0x3f
 1731 010d 19       		.uleb128 0x19
 1732 010e 3C       		.uleb128 0x3c
 1733 010f 19       		.uleb128 0x19
 1734 0110 6E       		.uleb128 0x6e
 1735 0111 0E       		.uleb128 0xe
 1736 0112 03       		.uleb128 0x3
 1737 0113 0E       		.uleb128 0xe
 1738 0114 3A       		.uleb128 0x3a
 1739 0115 0B       		.uleb128 0xb
 1740 0116 3B       		.uleb128 0x3b
 1741 0117 0B       		.uleb128 0xb
 1742 0118 00       		.byte	0
 1743 0119 00       		.byte	0
 1744 011a 00       		.byte	0
 1745              		.section	.debug_loc,"",%progbits
 1746              	.Ldebug_loc0:
 1747              	.LLST0:
 1748 0000 00000000 		.4byte	.LVL4
 1749 0004 12000000 		.4byte	.LVL5
 1750 0008 0100     		.2byte	0x1
 1751 000a 50       		.byte	0x50
 1752 000b 12000000 		.4byte	.LVL5
 1753 000f 38000000 		.4byte	.LFE67
 1754 0013 0400     		.2byte	0x4
 1755 0015 F3       		.byte	0xf3
 1756 0016 01       		.uleb128 0x1
 1757 0017 50       		.byte	0x50
 1758 0018 9F       		.byte	0x9f
 1759 0019 00000000 		.4byte	0
 1760 001d 00000000 		.4byte	0
ARM GAS  C:\Users\HPz420\AppData\Local\Temp\cc2OwUEt.s 			page 38


 1761              	.LLST1:
 1762 0021 00000000 		.4byte	.LVL10
 1763 0025 06000000 		.4byte	.LVL11
 1764 0029 0100     		.2byte	0x1
 1765 002b 50       		.byte	0x50
 1766 002c 06000000 		.4byte	.LVL11
 1767 0030 14000000 		.4byte	.LFE68
 1768 0034 0400     		.2byte	0x4
 1769 0036 F3       		.byte	0xf3
 1770 0037 01       		.uleb128 0x1
 1771 0038 50       		.byte	0x50
 1772 0039 9F       		.byte	0x9f
 1773 003a 00000000 		.4byte	0
 1774 003e 00000000 		.4byte	0
 1775              	.LLST2:
 1776 0042 14000000 		.4byte	.LVL16
 1777 0046 E8000000 		.4byte	.LVL31
 1778 004a 0100     		.2byte	0x1
 1779 004c 54       		.byte	0x54
 1780 004d 00000000 		.4byte	0
 1781 0051 00000000 		.4byte	0
 1782              	.LLST3:
 1783 0055 00000000 		.4byte	.LVL32
 1784 0059 12000000 		.4byte	.LVL33
 1785 005d 0100     		.2byte	0x1
 1786 005f 50       		.byte	0x50
 1787 0060 12000000 		.4byte	.LVL33
 1788 0064 38000000 		.4byte	.LFE72
 1789 0068 0400     		.2byte	0x4
 1790 006a F3       		.byte	0xf3
 1791 006b 01       		.uleb128 0x1
 1792 006c 50       		.byte	0x50
 1793 006d 9F       		.byte	0x9f
 1794 006e 00000000 		.4byte	0
 1795 0072 00000000 		.4byte	0
 1796              	.LLST4:
 1797 0076 00000000 		.4byte	.LVL38
 1798 007a 06000000 		.4byte	.LVL39
 1799 007e 0100     		.2byte	0x1
 1800 0080 50       		.byte	0x50
 1801 0081 06000000 		.4byte	.LVL39
 1802 0085 14000000 		.4byte	.LFE73
 1803 0089 0400     		.2byte	0x4
 1804 008b F3       		.byte	0xf3
 1805 008c 01       		.uleb128 0x1
 1806 008d 50       		.byte	0x50
 1807 008e 9F       		.byte	0x9f
 1808 008f 00000000 		.4byte	0
 1809 0093 00000000 		.4byte	0
 1810              	.LLST5:
 1811 0097 14000000 		.4byte	.LVL44
 1812 009b E8000000 		.4byte	.LVL59
 1813 009f 0100     		.2byte	0x1
 1814 00a1 54       		.byte	0x54
 1815 00a2 00000000 		.4byte	0
 1816 00a6 00000000 		.4byte	0
 1817              		.section	.debug_aranges,"",%progbits
ARM GAS  C:\Users\HPz420\AppData\Local\Temp\cc2OwUEt.s 			page 39


 1818 0000 74000000 		.4byte	0x74
 1819 0004 0200     		.2byte	0x2
 1820 0006 00000000 		.4byte	.Ldebug_info0
 1821 000a 04       		.byte	0x4
 1822 000b 00       		.byte	0
 1823 000c 0000     		.2byte	0
 1824 000e 0000     		.2byte	0
 1825 0010 00000000 		.4byte	.LFB63
 1826 0014 1A000000 		.4byte	.LFE63-.LFB63
 1827 0018 00000000 		.4byte	.LFB64
 1828 001c 0E000000 		.4byte	.LFE64-.LFB64
 1829 0020 00000000 		.4byte	.LFB65
 1830 0024 02000000 		.4byte	.LFE65-.LFB65
 1831 0028 00000000 		.4byte	.LFB66
 1832 002c 02000000 		.4byte	.LFE66-.LFB66
 1833 0030 00000000 		.4byte	.LFB67
 1834 0034 38000000 		.4byte	.LFE67-.LFB67
 1835 0038 00000000 		.4byte	.LFB68
 1836 003c 14000000 		.4byte	.LFE68-.LFB68
 1837 0040 00000000 		.4byte	.LFB69
 1838 0044 18010000 		.4byte	.LFE69-.LFB69
 1839 0048 00000000 		.4byte	.LFB70
 1840 004c 02000000 		.4byte	.LFE70-.LFB70
 1841 0050 00000000 		.4byte	.LFB71
 1842 0054 02000000 		.4byte	.LFE71-.LFB71
 1843 0058 00000000 		.4byte	.LFB72
 1844 005c 38000000 		.4byte	.LFE72-.LFB72
 1845 0060 00000000 		.4byte	.LFB73
 1846 0064 14000000 		.4byte	.LFE73-.LFB73
 1847 0068 00000000 		.4byte	.LFB74
 1848 006c 18010000 		.4byte	.LFE74-.LFB74
 1849 0070 00000000 		.4byte	0
 1850 0074 00000000 		.4byte	0
 1851              		.section	.debug_ranges,"",%progbits
 1852              	.Ldebug_ranges0:
 1853 0000 00000000 		.4byte	.LFB63
 1854 0004 1A000000 		.4byte	.LFE63
 1855 0008 00000000 		.4byte	.LFB64
 1856 000c 0E000000 		.4byte	.LFE64
 1857 0010 00000000 		.4byte	.LFB65
 1858 0014 02000000 		.4byte	.LFE65
 1859 0018 00000000 		.4byte	.LFB66
 1860 001c 02000000 		.4byte	.LFE66
 1861 0020 00000000 		.4byte	.LFB67
 1862 0024 38000000 		.4byte	.LFE67
 1863 0028 00000000 		.4byte	.LFB68
 1864 002c 14000000 		.4byte	.LFE68
 1865 0030 00000000 		.4byte	.LFB69
 1866 0034 18010000 		.4byte	.LFE69
 1867 0038 00000000 		.4byte	.LFB70
 1868 003c 02000000 		.4byte	.LFE70
 1869 0040 00000000 		.4byte	.LFB71
 1870 0044 02000000 		.4byte	.LFE71
 1871 0048 00000000 		.4byte	.LFB72
 1872 004c 38000000 		.4byte	.LFE72
 1873 0050 00000000 		.4byte	.LFB73
 1874 0054 14000000 		.4byte	.LFE73
ARM GAS  C:\Users\HPz420\AppData\Local\Temp\cc2OwUEt.s 			page 40


 1875 0058 00000000 		.4byte	.LFB74
 1876 005c 18010000 		.4byte	.LFE74
 1877 0060 00000000 		.4byte	0
 1878 0064 00000000 		.4byte	0
 1879              		.section	.debug_line,"",%progbits
 1880              	.Ldebug_line0:
 1881 0000 D4020000 		.section	.debug_str,"MS",%progbits,1
 1881      02009901 
 1881      00000201 
 1881      FB0E0D00 
 1881      01010101 
 1882              	.LASF69:
 1883 0000 5A38305F 		.ascii	"Z80_Data_In_Write\000"
 1883      44617461 
 1883      5F496E5F 
 1883      57726974 
 1883      6500
 1884              	.LASF2:
 1885 0012 73686F72 		.ascii	"short int\000"
 1885      7420696E 
 1885      7400
 1886              	.LASF17:
 1887 001c 73697A65 		.ascii	"sizetype\000"
 1887      74797065 
 1887      00
 1888              	.LASF70:
 1889 0025 5A38305F 		.ascii	"Z80_Data_Out_Read\000"
 1889      44617461 
 1889      5F4F7574 
 1889      5F526561 
 1889      6400
 1890              	.LASF34:
 1891 0037 53494F5F 		.ascii	"SIO_A_Status\000"
 1891      415F5374 
 1891      61747573 
 1891      00
 1892              	.LASF18:
 1893 0044 61636B49 		.ascii	"ackIO\000"
 1893      4F00
 1894              	.LASF6:
 1895 004a 6C6F6E67 		.ascii	"long long int\000"
 1895      206C6F6E 
 1895      6720696E 
 1895      7400
 1896              	.LASF46:
 1897 0058 53494F5F 		.ascii	"SIO_A_RD0\000"
 1897      415F5244 
 1897      3000
 1898              	.LASF47:
 1899 0062 53494F5F 		.ascii	"SIO_A_RD1\000"
 1899      415F5244 
 1899      3100
 1900              	.LASF48:
 1901 006c 53494F5F 		.ascii	"SIO_A_RD2\000"
 1901      415F5244 
 1901      3200
 1902              	.LASF21:
ARM GAS  C:\Users\HPz420\AppData\Local\Temp\cc2OwUEt.s 			page 41


 1903 0076 53696F57 		.ascii	"SioWriteDataA\000"
 1903      72697465 
 1903      44617461 
 1903      4100
 1904              	.LASF27:
 1905 0084 53696F57 		.ascii	"SioWriteDataB\000"
 1905      72697465 
 1905      44617461 
 1905      4200
 1906              	.LASF53:
 1907 0092 53494F5F 		.ascii	"SIO_B_DataIn\000"
 1907      425F4461 
 1907      7461496E 
 1907      00
 1908              	.LASF0:
 1909 009f 7369676E 		.ascii	"signed char\000"
 1909      65642063 
 1909      68617200 
 1910              	.LASF12:
 1911 00ab 666C6F61 		.ascii	"float\000"
 1911      7400
 1912              	.LASF38:
 1913 00b1 53494F5F 		.ascii	"SIO_A_WR0\000"
 1913      415F5752 
 1913      3000
 1914              	.LASF39:
 1915 00bb 53494F5F 		.ascii	"SIO_A_WR1\000"
 1915      415F5752 
 1915      3100
 1916              	.LASF40:
 1917 00c5 53494F5F 		.ascii	"SIO_A_WR2\000"
 1917      415F5752 
 1917      3200
 1918              	.LASF41:
 1919 00cf 53494F5F 		.ascii	"SIO_A_WR3\000"
 1919      415F5752 
 1919      3300
 1920              	.LASF42:
 1921 00d9 53494F5F 		.ascii	"SIO_A_WR4\000"
 1921      415F5752 
 1921      3400
 1922              	.LASF43:
 1923 00e3 53494F5F 		.ascii	"SIO_A_WR5\000"
 1923      415F5752 
 1923      3500
 1924              	.LASF44:
 1925 00ed 53494F5F 		.ascii	"SIO_A_WR6\000"
 1925      415F5752 
 1925      3600
 1926              	.LASF45:
 1927 00f7 53494F5F 		.ascii	"SIO_A_WR7\000"
 1927      415F5752 
 1927      3700
 1928              	.LASF4:
 1929 0101 6C6F6E67 		.ascii	"long int\000"
 1929      20696E74 
 1929      00
ARM GAS  C:\Users\HPz420\AppData\Local\Temp\cc2OwUEt.s 			page 42


 1930              	.LASF19:
 1931 010a 77616974 		.ascii	"waitNextIORq\000"
 1931      4E657874 
 1931      494F5271 
 1931      00
 1932              	.LASF20:
 1933 0117 53696F52 		.ascii	"SioReadDataA\000"
 1933      65616444 
 1933      61746141 
 1933      00
 1934              	.LASF26:
 1935 0124 53696F52 		.ascii	"SioReadDataB\000"
 1935      65616444 
 1935      61746142 
 1935      00
 1936              	.LASF35:
 1937 0131 53494F5F 		.ascii	"SIO_A_DataOut\000"
 1937      415F4461 
 1937      74614F75 
 1937      7400
 1938              	.LASF66:
 1939 013f 494F5F43 		.ascii	"IO_Ctrl_Reg_Read\000"
 1939      74726C5F 
 1939      5265675F 
 1939      52656164 
 1939      00
 1940              	.LASF52:
 1941 0150 53494F5F 		.ascii	"SIO_B_DataOut\000"
 1941      425F4461 
 1941      74614F75 
 1941      7400
 1942              	.LASF51:
 1943 015e 53494F5F 		.ascii	"SIO_B_Status\000"
 1943      425F5374 
 1943      61747573 
 1943      00
 1944              	.LASF16:
 1945 016b 6C6F6E67 		.ascii	"long double\000"
 1945      20646F75 
 1945      626C6500 
 1946              	.LASF1:
 1947 0177 756E7369 		.ascii	"unsigned char\000"
 1947      676E6564 
 1947      20636861 
 1947      7200
 1948              	.LASF49:
 1949 0185 53494F5F 		.ascii	"SIO_B_Ctrl1\000"
 1949      425F4374 
 1949      726C3100 
 1950              	.LASF50:
 1951 0191 53494F5F 		.ascii	"SIO_B_Ctrl2\000"
 1951      425F4374 
 1951      726C3200 
 1952              	.LASF68:
 1953 019d 494F5F53 		.ascii	"IO_Stat_Reg_Read\000"
 1953      7461745F 
 1953      5265675F 
ARM GAS  C:\Users\HPz420\AppData\Local\Temp\cc2OwUEt.s 			page 43


 1953      52656164 
 1953      00
 1954              	.LASF64:
 1955 01ae 53494F5F 		.ascii	"SIO_B_RD1\000"
 1955      425F5244 
 1955      3100
 1956              	.LASF65:
 1957 01b8 53494F5F 		.ascii	"SIO_B_RD2\000"
 1957      425F5244 
 1957      3200
 1958              	.LASF7:
 1959 01c2 6C6F6E67 		.ascii	"long long unsigned int\000"
 1959      206C6F6E 
 1959      6720756E 
 1959      7369676E 
 1959      65642069 
 1960              	.LASF22:
 1961 01d9 53696F52 		.ascii	"SioReadStatusA\000"
 1961      65616453 
 1961      74617475 
 1961      734100
 1962              	.LASF28:
 1963 01e8 53696F52 		.ascii	"SioReadStatusB\000"
 1963      65616453 
 1963      74617475 
 1963      734200
 1964              	.LASF8:
 1965 01f7 756E7369 		.ascii	"unsigned int\000"
 1965      676E6564 
 1965      20696E74 
 1965      00
 1966              	.LASF72:
 1967 0204 5A38305F 		.ascii	"Z80_SIO_emul.c\000"
 1967      53494F5F 
 1967      656D756C 
 1967      2E6300
 1968              	.LASF3:
 1969 0213 73686F72 		.ascii	"short unsigned int\000"
 1969      7420756E 
 1969      7369676E 
 1969      65642069 
 1969      6E7400
 1970              	.LASF67:
 1971 0226 494F5F43 		.ascii	"IO_Ctrl_Reg_Write\000"
 1971      74726C5F 
 1971      5265675F 
 1971      57726974 
 1971      6500
 1972              	.LASF14:
 1973 0238 63686172 		.ascii	"char\000"
 1973      00
 1974              	.LASF10:
 1975 023d 696E7433 		.ascii	"int32_t\000"
 1975      325F7400 
 1976              	.LASF23:
 1977 0245 53696F52 		.ascii	"SioReadIntRegA\000"
 1977      65616449 
ARM GAS  C:\Users\HPz420\AppData\Local\Temp\cc2OwUEt.s 			page 44


 1977      6E745265 
 1977      674100
 1978              	.LASF29:
 1979 0254 53696F52 		.ascii	"SioReadIntRegB\000"
 1979      65616449 
 1979      6E745265 
 1979      674200
 1980              	.LASF55:
 1981 0263 53494F5F 		.ascii	"SIO_B_WR0\000"
 1981      425F5752 
 1981      3000
 1982              	.LASF56:
 1983 026d 53494F5F 		.ascii	"SIO_B_WR1\000"
 1983      425F5752 
 1983      3100
 1984              	.LASF57:
 1985 0277 53494F5F 		.ascii	"SIO_B_WR2\000"
 1985      425F5752 
 1985      3200
 1986              	.LASF58:
 1987 0281 53494F5F 		.ascii	"SIO_B_WR3\000"
 1987      425F5752 
 1987      3300
 1988              	.LASF59:
 1989 028b 53494F5F 		.ascii	"SIO_B_WR4\000"
 1989      425F5752 
 1989      3400
 1990              	.LASF60:
 1991 0295 53494F5F 		.ascii	"SIO_B_WR5\000"
 1991      425F5752 
 1991      3500
 1992              	.LASF61:
 1993 029f 53494F5F 		.ascii	"SIO_B_WR6\000"
 1993      425F5752 
 1993      3600
 1994              	.LASF62:
 1995 02a9 53494F5F 		.ascii	"SIO_B_WR7\000"
 1995      425F5752 
 1995      3700
 1996              	.LASF15:
 1997 02b3 72656738 		.ascii	"reg8\000"
 1997      00
 1998              	.LASF5:
 1999 02b8 6C6F6E67 		.ascii	"long unsigned int\000"
 1999      20756E73 
 1999      69676E65 
 1999      6420696E 
 1999      7400
 2000              	.LASF13:
 2001 02ca 646F7562 		.ascii	"double\000"
 2001      6C6500
 2002              	.LASF24:
 2003 02d1 7265674E 		.ascii	"regNum\000"
 2003      756D00
 2004              	.LASF9:
 2005 02d8 5F5F696E 		.ascii	"__int32_t\000"
 2005      7433325F 
ARM GAS  C:\Users\HPz420\AppData\Local\Temp\cc2OwUEt.s 			page 45


 2005      7400
 2006              	.LASF37:
 2007 02e2 53494F5F 		.ascii	"SIO_A_Ctrl_Count\000"
 2007      415F4374 
 2007      726C5F43 
 2007      6F756E74 
 2007      00
 2008              	.LASF54:
 2009 02f3 53494F5F 		.ascii	"SIO_B_Ctrl_Count\000"
 2009      425F4374 
 2009      726C5F43 
 2009      6F756E74 
 2009      00
 2010              	.LASF11:
 2011 0304 75696E74 		.ascii	"uint8\000"
 2011      3800
 2012              	.LASF36:
 2013 030a 53494F5F 		.ascii	"SIO_A_DataIn\000"
 2013      415F4461 
 2013      7461496E 
 2013      00
 2014              	.LASF31:
 2015 0317 49544D5F 		.ascii	"ITM_RxBuffer\000"
 2015      52784275 
 2015      66666572 
 2015      00
 2016              	.LASF71:
 2017 0324 474E5520 		.ascii	"GNU C11 5.4.1 20160609 (release) [ARM/embedded-5-br"
 2017      43313120 
 2017      352E342E 
 2017      31203230 
 2017      31363036 
 2018 0357 616E6368 		.ascii	"anch revision 237715] -mcpu=cortex-m3 -mthumb -g -O"
 2018      20726576 
 2018      6973696F 
 2018      6E203233 
 2018      37373135 
 2019 038a 67202D66 		.ascii	"g -ffunction-sections -ffat-lto-objects\000"
 2019      66756E63 
 2019      74696F6E 
 2019      2D736563 
 2019      74696F6E 
 2020              	.LASF73:
 2021 03b2 433A5C55 		.ascii	"C:\\Users\\HPz420\\Documents\\GitHub\\Retro-Compute"
 2021      73657273 
 2021      5C48507A 
 2021      3432305C 
 2021      446F6375 
 2022 03e0 72735C5A 		.ascii	"rs\\Z80\\PSOC\\PSOC_Design_Files\\Z80-PSoC-3-Chips_"
 2022      38305C50 
 2022      534F435C 
 2022      50534F43 
 2022      5F446573 
 2023 040f 3030315C 		.ascii	"001\\Z80_3Pin.cydsn\000"
 2023      5A38305F 
 2023      3350696E 
 2023      2E637964 
ARM GAS  C:\Users\HPz420\AppData\Local\Temp\cc2OwUEt.s 			page 46


 2023      736E00
 2024              	.LASF32:
 2025 0422 53494F5F 		.ascii	"SIO_A_Ctrl1\000"
 2025      415F4374 
 2025      726C3100 
 2026              	.LASF33:
 2027 042e 53494F5F 		.ascii	"SIO_A_Ctrl2\000"
 2027      415F4374 
 2027      726C3200 
 2028              	.LASF25:
 2029 043a 53696F57 		.ascii	"SioWriteCtrlA\000"
 2029      72697465 
 2029      4374726C 
 2029      4100
 2030              	.LASF30:
 2031 0448 53696F57 		.ascii	"SioWriteCtrlB\000"
 2031      72697465 
 2031      4374726C 
 2031      4200
 2032              	.LASF63:
 2033 0456 53494F5F 		.ascii	"SIO_B_RD0\000"
 2033      425F5244 
 2033      3000
 2034              		.ident	"GCC: (GNU Tools for ARM Embedded Processors) 5.4.1 20160609 (release) [ARM/embedded-5-bran
