ARM GAS  C:\Users\DGILLI~1\AppData\Local\Temp\ccOWV1S0.s 			page 1


   1              		.syntax unified
   2              		.cpu cortex-m0plus
   3              		.fpu softvfp
   4              		.eabi_attribute 20, 1
   5              		.eabi_attribute 21, 1
   6              		.eabi_attribute 23, 3
   7              		.eabi_attribute 24, 1
   8              		.eabi_attribute 25, 1
   9              		.eabi_attribute 26, 1
  10              		.eabi_attribute 30, 1
  11              		.eabi_attribute 34, 0
  12              		.eabi_attribute 18, 4
  13              		.thumb
  14              		.syntax unified
  15              		.file	"cyfitter_cfg.c"
  16              		.text
  17              	.Ltext0:
  18              		.cfi_sections	.debug_frame
  19              		.section	.psocinit,"ax",%progbits
  20              		.align	2
  21              		.code	16
  22              		.thumb_func
  23              		.type	ClockSetup, %function
  24              	ClockSetup:
  25              	.LFB4:
  26              		.file 1 "Generated_Source\\PSoC4\\cyfitter_cfg.c"
   1:Generated_Source\PSoC4/cyfitter_cfg.c **** 
   2:Generated_Source\PSoC4/cyfitter_cfg.c **** /*******************************************************************************
   3:Generated_Source\PSoC4/cyfitter_cfg.c **** * File Name: cyfitter_cfg.c
   4:Generated_Source\PSoC4/cyfitter_cfg.c **** * 
   5:Generated_Source\PSoC4/cyfitter_cfg.c **** * PSoC Creator  4.2
   6:Generated_Source\PSoC4/cyfitter_cfg.c **** *
   7:Generated_Source\PSoC4/cyfitter_cfg.c **** * Description:
   8:Generated_Source\PSoC4/cyfitter_cfg.c **** * This file contains device initialization code.
   9:Generated_Source\PSoC4/cyfitter_cfg.c **** * Except for the user defined sections in CyClockStartupError(), this file should not be modified.
  10:Generated_Source\PSoC4/cyfitter_cfg.c **** * This file is automatically generated by PSoC Creator.
  11:Generated_Source\PSoC4/cyfitter_cfg.c **** *
  12:Generated_Source\PSoC4/cyfitter_cfg.c **** ********************************************************************************
  13:Generated_Source\PSoC4/cyfitter_cfg.c **** * Copyright (c) 2007-2018 Cypress Semiconductor.  All rights reserved.
  14:Generated_Source\PSoC4/cyfitter_cfg.c **** * You may use this file only in accordance with the license, terms, conditions, 
  15:Generated_Source\PSoC4/cyfitter_cfg.c **** * disclaimers, and limitations in the end user license agreement accompanying 
  16:Generated_Source\PSoC4/cyfitter_cfg.c **** * the software package with which this file was provided.
  17:Generated_Source\PSoC4/cyfitter_cfg.c **** ********************************************************************************/
  18:Generated_Source\PSoC4/cyfitter_cfg.c **** 
  19:Generated_Source\PSoC4/cyfitter_cfg.c **** #include <string.h>
  20:Generated_Source\PSoC4/cyfitter_cfg.c **** #include "cytypes.h"
  21:Generated_Source\PSoC4/cyfitter_cfg.c **** #include "cydevice_trm.h"
  22:Generated_Source\PSoC4/cyfitter_cfg.c **** #include "cyfitter.h"
  23:Generated_Source\PSoC4/cyfitter_cfg.c **** #include "CyLib.h"
  24:Generated_Source\PSoC4/cyfitter_cfg.c **** #include "cyfitter_cfg.h"
  25:Generated_Source\PSoC4/cyfitter_cfg.c **** #include "cyapicallbacks.h"
  26:Generated_Source\PSoC4/cyfitter_cfg.c **** 
  27:Generated_Source\PSoC4/cyfitter_cfg.c **** 
  28:Generated_Source\PSoC4/cyfitter_cfg.c **** #if defined(__GNUC__) || defined(__ARMCC_VERSION)
  29:Generated_Source\PSoC4/cyfitter_cfg.c ****     #define CYPACKED 
  30:Generated_Source\PSoC4/cyfitter_cfg.c ****     #define CYPACKED_ATTR __attribute__ ((packed))
  31:Generated_Source\PSoC4/cyfitter_cfg.c ****     #define CYALIGNED __attribute__ ((aligned))
ARM GAS  C:\Users\DGILLI~1\AppData\Local\Temp\ccOWV1S0.s 			page 2


  32:Generated_Source\PSoC4/cyfitter_cfg.c ****     #define CY_CFG_UNUSED __attribute__ ((unused))
  33:Generated_Source\PSoC4/cyfitter_cfg.c ****     #ifndef CY_CFG_SECTION
  34:Generated_Source\PSoC4/cyfitter_cfg.c ****         #define CY_CFG_SECTION __attribute__ ((section(".psocinit")))
  35:Generated_Source\PSoC4/cyfitter_cfg.c ****     #endif
  36:Generated_Source\PSoC4/cyfitter_cfg.c ****     
  37:Generated_Source\PSoC4/cyfitter_cfg.c ****     #if defined(__ARMCC_VERSION)
  38:Generated_Source\PSoC4/cyfitter_cfg.c ****         #define CY_CFG_MEMORY_BARRIER() __memory_changed()
  39:Generated_Source\PSoC4/cyfitter_cfg.c ****     #else
  40:Generated_Source\PSoC4/cyfitter_cfg.c ****         #define CY_CFG_MEMORY_BARRIER() __sync_synchronize()
  41:Generated_Source\PSoC4/cyfitter_cfg.c ****     #endif
  42:Generated_Source\PSoC4/cyfitter_cfg.c ****     
  43:Generated_Source\PSoC4/cyfitter_cfg.c **** #elif defined(__ICCARM__)
  44:Generated_Source\PSoC4/cyfitter_cfg.c ****     #include <intrinsics.h>
  45:Generated_Source\PSoC4/cyfitter_cfg.c **** 
  46:Generated_Source\PSoC4/cyfitter_cfg.c ****     #define CYPACKED __packed
  47:Generated_Source\PSoC4/cyfitter_cfg.c ****     #define CYPACKED_ATTR 
  48:Generated_Source\PSoC4/cyfitter_cfg.c ****     #define CYALIGNED _Pragma("data_alignment=4")
  49:Generated_Source\PSoC4/cyfitter_cfg.c ****     #define CY_CFG_UNUSED _Pragma("diag_suppress=Pe177")
  50:Generated_Source\PSoC4/cyfitter_cfg.c ****     #define CY_CFG_SECTION _Pragma("location=\".psocinit\"")
  51:Generated_Source\PSoC4/cyfitter_cfg.c ****     
  52:Generated_Source\PSoC4/cyfitter_cfg.c ****     #define CY_CFG_MEMORY_BARRIER() __DMB()
  53:Generated_Source\PSoC4/cyfitter_cfg.c ****     
  54:Generated_Source\PSoC4/cyfitter_cfg.c **** #else
  55:Generated_Source\PSoC4/cyfitter_cfg.c ****     #error Unsupported toolchain
  56:Generated_Source\PSoC4/cyfitter_cfg.c **** #endif
  57:Generated_Source\PSoC4/cyfitter_cfg.c **** 
  58:Generated_Source\PSoC4/cyfitter_cfg.c **** #ifndef CYCODE
  59:Generated_Source\PSoC4/cyfitter_cfg.c ****     #define CYCODE
  60:Generated_Source\PSoC4/cyfitter_cfg.c **** #endif
  61:Generated_Source\PSoC4/cyfitter_cfg.c **** #ifndef CYDATA
  62:Generated_Source\PSoC4/cyfitter_cfg.c ****     #define CYDATA
  63:Generated_Source\PSoC4/cyfitter_cfg.c **** #endif
  64:Generated_Source\PSoC4/cyfitter_cfg.c **** #ifndef CYFAR
  65:Generated_Source\PSoC4/cyfitter_cfg.c ****     #define CYFAR
  66:Generated_Source\PSoC4/cyfitter_cfg.c **** #endif
  67:Generated_Source\PSoC4/cyfitter_cfg.c **** #ifndef CYXDATA
  68:Generated_Source\PSoC4/cyfitter_cfg.c ****     #define CYXDATA
  69:Generated_Source\PSoC4/cyfitter_cfg.c **** #endif
  70:Generated_Source\PSoC4/cyfitter_cfg.c **** 
  71:Generated_Source\PSoC4/cyfitter_cfg.c **** 
  72:Generated_Source\PSoC4/cyfitter_cfg.c **** CY_CFG_UNUSED
  73:Generated_Source\PSoC4/cyfitter_cfg.c **** static void CYMEMZERO(void *s, size_t n);
  74:Generated_Source\PSoC4/cyfitter_cfg.c **** CY_CFG_UNUSED
  75:Generated_Source\PSoC4/cyfitter_cfg.c **** static void CYMEMZERO(void *s, size_t n)
  76:Generated_Source\PSoC4/cyfitter_cfg.c **** {
  77:Generated_Source\PSoC4/cyfitter_cfg.c **** 	(void)memset(s, 0, n);
  78:Generated_Source\PSoC4/cyfitter_cfg.c **** }
  79:Generated_Source\PSoC4/cyfitter_cfg.c **** CY_CFG_UNUSED
  80:Generated_Source\PSoC4/cyfitter_cfg.c **** static void CYCONFIGCPY(void *dest, const void *src, size_t n);
  81:Generated_Source\PSoC4/cyfitter_cfg.c **** CY_CFG_UNUSED
  82:Generated_Source\PSoC4/cyfitter_cfg.c **** static void CYCONFIGCPY(void *dest, const void *src, size_t n)
  83:Generated_Source\PSoC4/cyfitter_cfg.c **** {
  84:Generated_Source\PSoC4/cyfitter_cfg.c **** 	(void)memcpy(dest, src, n);
  85:Generated_Source\PSoC4/cyfitter_cfg.c **** }
  86:Generated_Source\PSoC4/cyfitter_cfg.c **** CY_CFG_UNUSED
  87:Generated_Source\PSoC4/cyfitter_cfg.c **** static void CYCONFIGCPYCODE(void *dest, const void *src, size_t n);
  88:Generated_Source\PSoC4/cyfitter_cfg.c **** CY_CFG_UNUSED
ARM GAS  C:\Users\DGILLI~1\AppData\Local\Temp\ccOWV1S0.s 			page 3


  89:Generated_Source\PSoC4/cyfitter_cfg.c **** static void CYCONFIGCPYCODE(void *dest, const void *src, size_t n)
  90:Generated_Source\PSoC4/cyfitter_cfg.c **** {
  91:Generated_Source\PSoC4/cyfitter_cfg.c **** 	(void)memcpy(dest, src, n);
  92:Generated_Source\PSoC4/cyfitter_cfg.c **** }
  93:Generated_Source\PSoC4/cyfitter_cfg.c **** 
  94:Generated_Source\PSoC4/cyfitter_cfg.c **** 
  95:Generated_Source\PSoC4/cyfitter_cfg.c **** 
  96:Generated_Source\PSoC4/cyfitter_cfg.c **** 
  97:Generated_Source\PSoC4/cyfitter_cfg.c **** /* Clock startup error codes                                                   */
  98:Generated_Source\PSoC4/cyfitter_cfg.c **** #define CYCLOCKSTART_NO_ERROR    0u
  99:Generated_Source\PSoC4/cyfitter_cfg.c **** #define CYCLOCKSTART_XTAL_ERROR  1u
 100:Generated_Source\PSoC4/cyfitter_cfg.c **** #define CYCLOCKSTART_32KHZ_ERROR 2u
 101:Generated_Source\PSoC4/cyfitter_cfg.c **** #define CYCLOCKSTART_PLL_ERROR   3u
 102:Generated_Source\PSoC4/cyfitter_cfg.c **** #define CYCLOCKSTART_FLL_ERROR   4u
 103:Generated_Source\PSoC4/cyfitter_cfg.c **** #define CYCLOCKSTART_WCO_ERROR   5u
 104:Generated_Source\PSoC4/cyfitter_cfg.c **** 
 105:Generated_Source\PSoC4/cyfitter_cfg.c **** 
 106:Generated_Source\PSoC4/cyfitter_cfg.c **** #ifdef CY_NEED_CYCLOCKSTARTUPERROR
 107:Generated_Source\PSoC4/cyfitter_cfg.c **** /*******************************************************************************
 108:Generated_Source\PSoC4/cyfitter_cfg.c **** * Function Name: CyClockStartupError
 109:Generated_Source\PSoC4/cyfitter_cfg.c **** ********************************************************************************
 110:Generated_Source\PSoC4/cyfitter_cfg.c **** * Summary:
 111:Generated_Source\PSoC4/cyfitter_cfg.c **** *  If an error is encountered during clock configuration (crystal startup error,
 112:Generated_Source\PSoC4/cyfitter_cfg.c **** *  PLL lock error, etc.), the system will end up here.  Unless reimplemented by
 113:Generated_Source\PSoC4/cyfitter_cfg.c **** *  the customer, this function will stop in an infinite loop.
 114:Generated_Source\PSoC4/cyfitter_cfg.c **** *
 115:Generated_Source\PSoC4/cyfitter_cfg.c **** * Parameters:
 116:Generated_Source\PSoC4/cyfitter_cfg.c **** *   void
 117:Generated_Source\PSoC4/cyfitter_cfg.c **** *
 118:Generated_Source\PSoC4/cyfitter_cfg.c **** * Return:
 119:Generated_Source\PSoC4/cyfitter_cfg.c **** *   void
 120:Generated_Source\PSoC4/cyfitter_cfg.c **** *
 121:Generated_Source\PSoC4/cyfitter_cfg.c **** *******************************************************************************/
 122:Generated_Source\PSoC4/cyfitter_cfg.c **** CY_CFG_UNUSED
 123:Generated_Source\PSoC4/cyfitter_cfg.c **** static void CyClockStartupError(uint8 errorCode);
 124:Generated_Source\PSoC4/cyfitter_cfg.c **** CY_CFG_UNUSED
 125:Generated_Source\PSoC4/cyfitter_cfg.c **** static void CyClockStartupError(uint8 errorCode)
 126:Generated_Source\PSoC4/cyfitter_cfg.c **** {
 127:Generated_Source\PSoC4/cyfitter_cfg.c ****     /* To remove the compiler warning if errorCode not used.                */
 128:Generated_Source\PSoC4/cyfitter_cfg.c ****     errorCode = errorCode;
 129:Generated_Source\PSoC4/cyfitter_cfg.c **** 
 130:Generated_Source\PSoC4/cyfitter_cfg.c ****     /* If we have a clock startup error (bad MHz crystal, PLL lock, etc.),  */
 131:Generated_Source\PSoC4/cyfitter_cfg.c ****     /* we will end up here to allow the customer to implement something to  */
 132:Generated_Source\PSoC4/cyfitter_cfg.c ****     /* deal with the clock condition.                                       */
 133:Generated_Source\PSoC4/cyfitter_cfg.c **** 
 134:Generated_Source\PSoC4/cyfitter_cfg.c **** #ifdef CY_CFG_CLOCK_STARTUP_ERROR_CALLBACK
 135:Generated_Source\PSoC4/cyfitter_cfg.c ****     CY_CFG_Clock_Startup_ErrorCallback();
 136:Generated_Source\PSoC4/cyfitter_cfg.c **** #else
 137:Generated_Source\PSoC4/cyfitter_cfg.c ****     /*  If not using CY_CFG_CLOCK_STARTUP_ERROR_CALLBACK, place your clock startup code here. */
 138:Generated_Source\PSoC4/cyfitter_cfg.c ****     /* `#START CyClockStartupError` */
 139:Generated_Source\PSoC4/cyfitter_cfg.c **** 
 140:Generated_Source\PSoC4/cyfitter_cfg.c **** 
 141:Generated_Source\PSoC4/cyfitter_cfg.c **** 
 142:Generated_Source\PSoC4/cyfitter_cfg.c ****     /* `#END` */
 143:Generated_Source\PSoC4/cyfitter_cfg.c **** 
 144:Generated_Source\PSoC4/cyfitter_cfg.c ****     while(1) {}
 145:Generated_Source\PSoC4/cyfitter_cfg.c **** #endif /* CY_CFG_CLOCK_STARTUP_ERROR_CALLBACK */
ARM GAS  C:\Users\DGILLI~1\AppData\Local\Temp\ccOWV1S0.s 			page 4


 146:Generated_Source\PSoC4/cyfitter_cfg.c **** }
 147:Generated_Source\PSoC4/cyfitter_cfg.c **** #endif
 148:Generated_Source\PSoC4/cyfitter_cfg.c **** 
 149:Generated_Source\PSoC4/cyfitter_cfg.c **** 
 150:Generated_Source\PSoC4/cyfitter_cfg.c **** 
 151:Generated_Source\PSoC4/cyfitter_cfg.c **** /*******************************************************************************
 152:Generated_Source\PSoC4/cyfitter_cfg.c **** * Function Name: ClockSetup
 153:Generated_Source\PSoC4/cyfitter_cfg.c **** ********************************************************************************
 154:Generated_Source\PSoC4/cyfitter_cfg.c **** *
 155:Generated_Source\PSoC4/cyfitter_cfg.c **** * Summary:
 156:Generated_Source\PSoC4/cyfitter_cfg.c **** *   Performs the initialization of all of the clocks in the device based on the
 157:Generated_Source\PSoC4/cyfitter_cfg.c **** *   settings in the Clock tab of the DWR.  This includes enabling the requested
 158:Generated_Source\PSoC4/cyfitter_cfg.c **** *   clocks and setting the necessary dividers to produce the desired frequency. 
 159:Generated_Source\PSoC4/cyfitter_cfg.c **** *
 160:Generated_Source\PSoC4/cyfitter_cfg.c **** * Parameters:
 161:Generated_Source\PSoC4/cyfitter_cfg.c **** *   void
 162:Generated_Source\PSoC4/cyfitter_cfg.c **** *
 163:Generated_Source\PSoC4/cyfitter_cfg.c **** * Return:
 164:Generated_Source\PSoC4/cyfitter_cfg.c **** *   void
 165:Generated_Source\PSoC4/cyfitter_cfg.c **** *
 166:Generated_Source\PSoC4/cyfitter_cfg.c **** *******************************************************************************/
 167:Generated_Source\PSoC4/cyfitter_cfg.c **** static void ClockSetup(void);
 168:Generated_Source\PSoC4/cyfitter_cfg.c **** CY_CFG_SECTION
 169:Generated_Source\PSoC4/cyfitter_cfg.c **** static void ClockSetup(void)
 170:Generated_Source\PSoC4/cyfitter_cfg.c **** {
  27              		.loc 1 170 0
  28              		.cfi_startproc
  29              		@ args = 0, pretend = 0, frame = 0
  30              		@ frame_needed = 0, uses_anonymous_args = 0
  31 0000 10B5     		push	{r4, lr}
  32              		.cfi_def_cfa_offset 8
  33              		.cfi_offset 4, -8
  34              		.cfi_offset 14, -4
 171:Generated_Source\PSoC4/cyfitter_cfg.c **** 
 172:Generated_Source\PSoC4/cyfitter_cfg.c **** 	/* Set Flash Cycles based on max possible frequency in case a glitch occurs during ClockSetup(). *
 173:Generated_Source\PSoC4/cyfitter_cfg.c **** 	CY_SET_REG32((void CYXDATA *)(CYREG_CPUSS_FLASH_CTL), (0x0012u));
  35              		.loc 1 173 0
  36 0002 0B4C     		ldr	r4, .L2
  37 0004 1223     		movs	r3, #18
  38 0006 2360     		str	r3, [r4]
 174:Generated_Source\PSoC4/cyfitter_cfg.c **** 	/* Update IMO to new clock speed. */
 175:Generated_Source\PSoC4/cyfitter_cfg.c **** 	CySysClkWriteImoFreq(24u);
  39              		.loc 1 175 0
  40 0008 1820     		movs	r0, #24
  41 000a FFF7FEFF 		bl	CySysClkWriteImoFreq
  42              	.LVL0:
 176:Generated_Source\PSoC4/cyfitter_cfg.c **** 
 177:Generated_Source\PSoC4/cyfitter_cfg.c **** 	/* Setup phase aligned clocks */
 178:Generated_Source\PSoC4/cyfitter_cfg.c **** 	CY_SET_REG32((void *)CYREG_PERI_DIV_16_CTL0, 0x00000E00u);
  43              		.loc 1 178 0
  44 000e E022     		movs	r2, #224
  45 0010 1201     		lsls	r2, r2, #4
  46 0012 084B     		ldr	r3, .L2+4
  47 0014 1A60     		str	r2, [r3]
 179:Generated_Source\PSoC4/cyfitter_cfg.c **** 	CY_SET_REG32((void *)CYREG_PERI_DIV_CMD, 0x8000FF40u);
  48              		.loc 1 179 0
  49 0016 084A     		ldr	r2, .L2+8
ARM GAS  C:\Users\DGILLI~1\AppData\Local\Temp\ccOWV1S0.s 			page 5


  50 0018 084B     		ldr	r3, .L2+12
  51 001a 1A60     		str	r2, [r3]
 180:Generated_Source\PSoC4/cyfitter_cfg.c **** 
 181:Generated_Source\PSoC4/cyfitter_cfg.c **** 	/* CYDEV_CLK_SELECT Starting address: CYDEV_CLK_SELECT */
 182:Generated_Source\PSoC4/cyfitter_cfg.c **** 	CY_SET_REG32((void *)(CYREG_CLK_SELECT), 0x00000000u);
  52              		.loc 1 182 0
  53 001c 0022     		movs	r2, #0
  54 001e 084B     		ldr	r3, .L2+16
  55 0020 1A60     		str	r2, [r3]
 183:Generated_Source\PSoC4/cyfitter_cfg.c **** 
 184:Generated_Source\PSoC4/cyfitter_cfg.c **** 	/* CYDEV_PERI_PCLK_CTL0 Starting address: CYDEV_PERI_PCLK_CTL0 */
 185:Generated_Source\PSoC4/cyfitter_cfg.c **** 	CY_SET_REG32((void *)(CYREG_PERI_PCLK_CTL0), 0x00000040u);
  56              		.loc 1 185 0
  57 0022 4032     		adds	r2, r2, #64
  58 0024 074B     		ldr	r3, .L2+20
  59 0026 1A60     		str	r2, [r3]
 186:Generated_Source\PSoC4/cyfitter_cfg.c **** 
 187:Generated_Source\PSoC4/cyfitter_cfg.c **** 	/* Set Flash Cycles based on newly configured 24.00MHz HFCLK. */
 188:Generated_Source\PSoC4/cyfitter_cfg.c **** 	CY_SET_REG32((void CYXDATA *)(CYREG_CPUSS_FLASH_CTL), (0x0011u));
  60              		.loc 1 188 0
  61 0028 1123     		movs	r3, #17
  62 002a 2360     		str	r3, [r4]
 189:Generated_Source\PSoC4/cyfitter_cfg.c **** }
  63              		.loc 1 189 0
  64              		@ sp needed
  65 002c 10BD     		pop	{r4, pc}
  66              	.L3:
  67 002e C046     		.align	2
  68              	.L2:
  69 0030 30001040 		.word	1074790448
  70 0034 00030140 		.word	1073808128
  71 0038 40FF0080 		.word	-2147418304
  72 003c 00000140 		.word	1073807360
  73 0040 28000340 		.word	1073938472
  74 0044 00010140 		.word	1073807616
  75              		.cfi_endproc
  76              	.LFE4:
  77              		.size	ClockSetup, .-ClockSetup
  78              		.align	2
  79              		.global	cyfitter_cfg
  80              		.code	16
  81              		.thumb_func
  82              		.type	cyfitter_cfg, %function
  83              	cyfitter_cfg:
  84              	.LFB6:
 190:Generated_Source\PSoC4/cyfitter_cfg.c **** 
 191:Generated_Source\PSoC4/cyfitter_cfg.c **** 
 192:Generated_Source\PSoC4/cyfitter_cfg.c **** /* Analog API Functions */
 193:Generated_Source\PSoC4/cyfitter_cfg.c **** 
 194:Generated_Source\PSoC4/cyfitter_cfg.c **** 
 195:Generated_Source\PSoC4/cyfitter_cfg.c **** /*******************************************************************************
 196:Generated_Source\PSoC4/cyfitter_cfg.c **** * Function Name: AnalogSetDefault
 197:Generated_Source\PSoC4/cyfitter_cfg.c **** ********************************************************************************
 198:Generated_Source\PSoC4/cyfitter_cfg.c **** *
 199:Generated_Source\PSoC4/cyfitter_cfg.c **** * Summary:
 200:Generated_Source\PSoC4/cyfitter_cfg.c **** *  Sets up the analog portions of the chip to default values based on chip
 201:Generated_Source\PSoC4/cyfitter_cfg.c **** *  configuration options from the project.
ARM GAS  C:\Users\DGILLI~1\AppData\Local\Temp\ccOWV1S0.s 			page 6


 202:Generated_Source\PSoC4/cyfitter_cfg.c **** *
 203:Generated_Source\PSoC4/cyfitter_cfg.c **** * Parameters:
 204:Generated_Source\PSoC4/cyfitter_cfg.c **** *  void
 205:Generated_Source\PSoC4/cyfitter_cfg.c **** *
 206:Generated_Source\PSoC4/cyfitter_cfg.c **** * Return:
 207:Generated_Source\PSoC4/cyfitter_cfg.c **** *  void
 208:Generated_Source\PSoC4/cyfitter_cfg.c **** *
 209:Generated_Source\PSoC4/cyfitter_cfg.c **** *******************************************************************************/
 210:Generated_Source\PSoC4/cyfitter_cfg.c **** static void AnalogSetDefault(void);
 211:Generated_Source\PSoC4/cyfitter_cfg.c **** static void AnalogSetDefault(void)
 212:Generated_Source\PSoC4/cyfitter_cfg.c **** {
 213:Generated_Source\PSoC4/cyfitter_cfg.c **** }
 214:Generated_Source\PSoC4/cyfitter_cfg.c **** 
 215:Generated_Source\PSoC4/cyfitter_cfg.c **** 
 216:Generated_Source\PSoC4/cyfitter_cfg.c **** 
 217:Generated_Source\PSoC4/cyfitter_cfg.c **** 
 218:Generated_Source\PSoC4/cyfitter_cfg.c **** /*******************************************************************************
 219:Generated_Source\PSoC4/cyfitter_cfg.c **** * Function Name: cyfitter_cfg
 220:Generated_Source\PSoC4/cyfitter_cfg.c **** ********************************************************************************
 221:Generated_Source\PSoC4/cyfitter_cfg.c **** * Summary:
 222:Generated_Source\PSoC4/cyfitter_cfg.c **** *  This function is called by the start-up code for the selected device. It
 223:Generated_Source\PSoC4/cyfitter_cfg.c **** *  performs all of the necessary device configuration based on the design
 224:Generated_Source\PSoC4/cyfitter_cfg.c **** *  settings.  This includes settings from the Design Wide Resources (DWR) such
 225:Generated_Source\PSoC4/cyfitter_cfg.c **** *  as Clocks and Pins as well as any component configuration that is necessary.
 226:Generated_Source\PSoC4/cyfitter_cfg.c **** *
 227:Generated_Source\PSoC4/cyfitter_cfg.c **** * Parameters:
 228:Generated_Source\PSoC4/cyfitter_cfg.c **** *   void
 229:Generated_Source\PSoC4/cyfitter_cfg.c **** *
 230:Generated_Source\PSoC4/cyfitter_cfg.c **** * Return:
 231:Generated_Source\PSoC4/cyfitter_cfg.c **** *   void
 232:Generated_Source\PSoC4/cyfitter_cfg.c **** *
 233:Generated_Source\PSoC4/cyfitter_cfg.c **** *******************************************************************************/
 234:Generated_Source\PSoC4/cyfitter_cfg.c **** CY_CFG_SECTION
 235:Generated_Source\PSoC4/cyfitter_cfg.c **** void cyfitter_cfg(void)
 236:Generated_Source\PSoC4/cyfitter_cfg.c **** {
  85              		.loc 1 236 0
  86              		.cfi_startproc
  87              		@ args = 0, pretend = 0, frame = 0
  88              		@ frame_needed = 0, uses_anonymous_args = 0
  89 0048 10B5     		push	{r4, lr}
  90              		.cfi_def_cfa_offset 8
  91              		.cfi_offset 4, -8
  92              		.cfi_offset 14, -4
 237:Generated_Source\PSoC4/cyfitter_cfg.c **** 	/* Disable interrupts by default. Let user enable if/when they want. */
 238:Generated_Source\PSoC4/cyfitter_cfg.c **** 	CyGlobalIntDisable;
  93              		.loc 1 238 0
  94              		.syntax divided
  95              	@ 238 "Generated_Source\PSoC4\cyfitter_cfg.c" 1
  96 004a 72B6     		CPSID   i
  97              	@ 0 "" 2
 239:Generated_Source\PSoC4/cyfitter_cfg.c **** 
 240:Generated_Source\PSoC4/cyfitter_cfg.c **** 	{
 241:Generated_Source\PSoC4/cyfitter_cfg.c **** 		/* HSIOM Starting address: CYDEV_HSIOM_BASE */
 242:Generated_Source\PSoC4/cyfitter_cfg.c **** 		CY_SET_REG32((void *)(CYREG_HSIOM_PORT_SEL1), 0x000000EEu);
  98              		.loc 1 242 0
  99              		.thumb
 100              		.syntax unified
ARM GAS  C:\Users\DGILLI~1\AppData\Local\Temp\ccOWV1S0.s 			page 7


 101 004c EE22     		movs	r2, #238
 102 004e 094B     		ldr	r3, .L5
 103 0050 1A60     		str	r2, [r3]
 243:Generated_Source\PSoC4/cyfitter_cfg.c **** 		CY_SET_REG32((void *)(CYREG_HSIOM_PORT_SEL3), 0x0000EE00u);
 104              		.loc 1 243 0
 105 0052 EE22     		movs	r2, #238
 106 0054 1202     		lsls	r2, r2, #8
 107 0056 084B     		ldr	r3, .L5+4
 108 0058 1A60     		str	r2, [r3]
 244:Generated_Source\PSoC4/cyfitter_cfg.c **** 
 245:Generated_Source\PSoC4/cyfitter_cfg.c **** 	}
 246:Generated_Source\PSoC4/cyfitter_cfg.c **** 
 247:Generated_Source\PSoC4/cyfitter_cfg.c **** 	/* Perform second pass device configuration. These items must be configured in specific order afte
 248:Generated_Source\PSoC4/cyfitter_cfg.c **** 	/* IOPINS0_1 Starting address: CYDEV_GPIO_PRT1_BASE */
 249:Generated_Source\PSoC4/cyfitter_cfg.c **** 	CY_SET_REG32((void *)(CYDEV_GPIO_PRT1_BASE), 0x00000003u);
 109              		.loc 1 249 0
 110 005a 0322     		movs	r2, #3
 111 005c 074B     		ldr	r3, .L5+8
 112 005e 1A60     		str	r2, [r3]
 250:Generated_Source\PSoC4/cyfitter_cfg.c **** 	CY_SET_REG32((void *)(CYREG_GPIO_PRT1_PC), 0x00000024u);
 113              		.loc 1 250 0
 114 0060 2132     		adds	r2, r2, #33
 115 0062 074B     		ldr	r3, .L5+12
 116 0064 1A60     		str	r2, [r3]
 251:Generated_Source\PSoC4/cyfitter_cfg.c **** 
 252:Generated_Source\PSoC4/cyfitter_cfg.c **** 	/* IOPINS0_3 Starting address: CYDEV_GPIO_PRT3_BASE */
 253:Generated_Source\PSoC4/cyfitter_cfg.c **** 	CY_SET_REG32((void *)(CYREG_GPIO_PRT3_PC), 0x00000D80u);
 117              		.loc 1 253 0
 118 0066 D822     		movs	r2, #216
 119 0068 1201     		lsls	r2, r2, #4
 120 006a 064B     		ldr	r3, .L5+16
 121 006c 1A60     		str	r2, [r3]
 254:Generated_Source\PSoC4/cyfitter_cfg.c **** 
 255:Generated_Source\PSoC4/cyfitter_cfg.c **** 
 256:Generated_Source\PSoC4/cyfitter_cfg.c **** 	/* Setup clocks based on selections from Clock DWR */
 257:Generated_Source\PSoC4/cyfitter_cfg.c **** 	ClockSetup();
 122              		.loc 1 257 0
 123 006e FFF7C7FF 		bl	ClockSetup
 124              	.LVL1:
 258:Generated_Source\PSoC4/cyfitter_cfg.c **** 
 259:Generated_Source\PSoC4/cyfitter_cfg.c **** 	/* Perform basic analog initialization to defaults */
 260:Generated_Source\PSoC4/cyfitter_cfg.c **** 	AnalogSetDefault();
 261:Generated_Source\PSoC4/cyfitter_cfg.c **** 
 262:Generated_Source\PSoC4/cyfitter_cfg.c **** }
 125              		.loc 1 262 0
 126              		@ sp needed
 127 0072 10BD     		pop	{r4, pc}
 128              	.L6:
 129              		.align	2
 130              	.L5:
 131 0074 00010240 		.word	1073873152
 132 0078 00030240 		.word	1073873664
 133 007c 00010440 		.word	1074004224
 134 0080 08010440 		.word	1074004232
 135 0084 08030440 		.word	1074004744
 136              		.cfi_endproc
 137              	.LFE6:
ARM GAS  C:\Users\DGILLI~1\AppData\Local\Temp\ccOWV1S0.s 			page 8


 138              		.size	cyfitter_cfg, .-cyfitter_cfg
 139              		.text
 140              	.Letext0:
 141              		.file 2 "Generated_Source\\PSoC4\\cytypes.h"
 142              		.file 3 "Generated_Source\\PSoC4\\CyLib.h"
 143              		.section	.debug_info,"",%progbits
 144              	.Ldebug_info0:
 145 0000 F7000000 		.4byte	0xf7
 146 0004 0400     		.2byte	0x4
 147 0006 00000000 		.4byte	.Ldebug_abbrev0
 148 000a 04       		.byte	0x4
 149 000b 01       		.uleb128 0x1
 150 000c 7F010000 		.4byte	.LASF16
 151 0010 0C       		.byte	0xc
 152 0011 15000000 		.4byte	.LASF17
 153 0015 93000000 		.4byte	.LASF18
 154 0019 00000000 		.4byte	.Ldebug_ranges0+0
 155 001d 00000000 		.4byte	0
 156 0021 00000000 		.4byte	.Ldebug_line0
 157 0025 02       		.uleb128 0x2
 158 0026 04       		.byte	0x4
 159 0027 05       		.byte	0x5
 160 0028 696E7400 		.ascii	"int\000"
 161 002c 03       		.uleb128 0x3
 162 002d 04       		.byte	0x4
 163 002e 07       		.byte	0x7
 164 002f 3B000000 		.4byte	.LASF0
 165 0033 03       		.uleb128 0x3
 166 0034 08       		.byte	0x8
 167 0035 05       		.byte	0x5
 168 0036 00000000 		.4byte	.LASF1
 169 003a 03       		.uleb128 0x3
 170 003b 08       		.byte	0x8
 171 003c 04       		.byte	0x4
 172 003d 69010000 		.4byte	.LASF2
 173 0041 03       		.uleb128 0x3
 174 0042 01       		.byte	0x1
 175 0043 06       		.byte	0x6
 176 0044 5D010000 		.4byte	.LASF3
 177 0048 03       		.uleb128 0x3
 178 0049 01       		.byte	0x1
 179 004a 08       		.byte	0x8
 180 004b 16010000 		.4byte	.LASF4
 181 004f 03       		.uleb128 0x3
 182 0050 02       		.byte	0x2
 183 0051 05       		.byte	0x5
 184 0052 75010000 		.4byte	.LASF5
 185 0056 03       		.uleb128 0x3
 186 0057 02       		.byte	0x2
 187 0058 07       		.byte	0x7
 188 0059 4A010000 		.4byte	.LASF6
 189 005d 03       		.uleb128 0x3
 190 005e 04       		.byte	0x4
 191 005f 05       		.byte	0x5
 192 0060 29010000 		.4byte	.LASF7
 193 0064 03       		.uleb128 0x3
 194 0065 04       		.byte	0x4
ARM GAS  C:\Users\DGILLI~1\AppData\Local\Temp\ccOWV1S0.s 			page 9


 195 0066 07       		.byte	0x7
 196 0067 5D000000 		.4byte	.LASF8
 197 006b 03       		.uleb128 0x3
 198 006c 08       		.byte	0x8
 199 006d 07       		.byte	0x7
 200 006e 7C000000 		.4byte	.LASF9
 201 0072 03       		.uleb128 0x3
 202 0073 04       		.byte	0x4
 203 0074 07       		.byte	0x7
 204 0075 11020000 		.4byte	.LASF10
 205 0079 03       		.uleb128 0x3
 206 007a 01       		.byte	0x1
 207 007b 08       		.byte	0x8
 208 007c 24010000 		.4byte	.LASF11
 209 0080 04       		.uleb128 0x4
 210 0081 0E000000 		.4byte	.LASF14
 211 0085 02       		.byte	0x2
 212 0086 E601     		.2byte	0x1e6
 213 0088 64000000 		.4byte	0x64
 214 008c 03       		.uleb128 0x3
 215 008d 04       		.byte	0x4
 216 008e 04       		.byte	0x4
 217 008f 10010000 		.4byte	.LASF12
 218 0093 03       		.uleb128 0x3
 219 0094 08       		.byte	0x8
 220 0095 04       		.byte	0x4
 221 0096 3D010000 		.4byte	.LASF13
 222 009a 04       		.uleb128 0x4
 223 009b 44010000 		.4byte	.LASF15
 224 009f 02       		.byte	0x2
 225 00a0 9002     		.2byte	0x290
 226 00a2 A6000000 		.4byte	0xa6
 227 00a6 05       		.uleb128 0x5
 228 00a7 80000000 		.4byte	0x80
 229 00ab 06       		.uleb128 0x6
 230 00ac 32010000 		.4byte	.LASF19
 231 00b0 01       		.byte	0x1
 232 00b1 A9       		.byte	0xa9
 233 00b2 00000000 		.4byte	.LFB4
 234 00b6 48000000 		.4byte	.LFE4-.LFB4
 235 00ba 01       		.uleb128 0x1
 236 00bb 9C       		.byte	0x9c
 237 00bc D0000000 		.4byte	0xd0
 238 00c0 07       		.uleb128 0x7
 239 00c1 0E000000 		.4byte	.LVL0
 240 00c5 EF000000 		.4byte	0xef
 241 00c9 08       		.uleb128 0x8
 242 00ca 01       		.uleb128 0x1
 243 00cb 50       		.byte	0x50
 244 00cc 01       		.uleb128 0x1
 245 00cd 48       		.byte	0x48
 246 00ce 00       		.byte	0
 247 00cf 00       		.byte	0
 248 00d0 09       		.uleb128 0x9
 249 00d1 6F000000 		.4byte	.LASF20
 250 00d5 01       		.byte	0x1
 251 00d6 EB       		.byte	0xeb
ARM GAS  C:\Users\DGILLI~1\AppData\Local\Temp\ccOWV1S0.s 			page 10


 252 00d7 48000000 		.4byte	.LFB6
 253 00db 40000000 		.4byte	.LFE6-.LFB6
 254 00df 01       		.uleb128 0x1
 255 00e0 9C       		.byte	0x9c
 256 00e1 EF000000 		.4byte	0xef
 257 00e5 0A       		.uleb128 0xa
 258 00e6 72000000 		.4byte	.LVL1
 259 00ea AB000000 		.4byte	0xab
 260 00ee 00       		.byte	0
 261 00ef 0B       		.uleb128 0xb
 262 00f0 48000000 		.4byte	.LASF21
 263 00f4 48000000 		.4byte	.LASF21
 264 00f8 03       		.byte	0x3
 265 00f9 6C       		.byte	0x6c
 266 00fa 00       		.byte	0
 267              		.section	.debug_abbrev,"",%progbits
 268              	.Ldebug_abbrev0:
 269 0000 01       		.uleb128 0x1
 270 0001 11       		.uleb128 0x11
 271 0002 01       		.byte	0x1
 272 0003 25       		.uleb128 0x25
 273 0004 0E       		.uleb128 0xe
 274 0005 13       		.uleb128 0x13
 275 0006 0B       		.uleb128 0xb
 276 0007 03       		.uleb128 0x3
 277 0008 0E       		.uleb128 0xe
 278 0009 1B       		.uleb128 0x1b
 279 000a 0E       		.uleb128 0xe
 280 000b 55       		.uleb128 0x55
 281 000c 17       		.uleb128 0x17
 282 000d 11       		.uleb128 0x11
 283 000e 01       		.uleb128 0x1
 284 000f 10       		.uleb128 0x10
 285 0010 17       		.uleb128 0x17
 286 0011 00       		.byte	0
 287 0012 00       		.byte	0
 288 0013 02       		.uleb128 0x2
 289 0014 24       		.uleb128 0x24
 290 0015 00       		.byte	0
 291 0016 0B       		.uleb128 0xb
 292 0017 0B       		.uleb128 0xb
 293 0018 3E       		.uleb128 0x3e
 294 0019 0B       		.uleb128 0xb
 295 001a 03       		.uleb128 0x3
 296 001b 08       		.uleb128 0x8
 297 001c 00       		.byte	0
 298 001d 00       		.byte	0
 299 001e 03       		.uleb128 0x3
 300 001f 24       		.uleb128 0x24
 301 0020 00       		.byte	0
 302 0021 0B       		.uleb128 0xb
 303 0022 0B       		.uleb128 0xb
 304 0023 3E       		.uleb128 0x3e
 305 0024 0B       		.uleb128 0xb
 306 0025 03       		.uleb128 0x3
 307 0026 0E       		.uleb128 0xe
 308 0027 00       		.byte	0
ARM GAS  C:\Users\DGILLI~1\AppData\Local\Temp\ccOWV1S0.s 			page 11


 309 0028 00       		.byte	0
 310 0029 04       		.uleb128 0x4
 311 002a 16       		.uleb128 0x16
 312 002b 00       		.byte	0
 313 002c 03       		.uleb128 0x3
 314 002d 0E       		.uleb128 0xe
 315 002e 3A       		.uleb128 0x3a
 316 002f 0B       		.uleb128 0xb
 317 0030 3B       		.uleb128 0x3b
 318 0031 05       		.uleb128 0x5
 319 0032 49       		.uleb128 0x49
 320 0033 13       		.uleb128 0x13
 321 0034 00       		.byte	0
 322 0035 00       		.byte	0
 323 0036 05       		.uleb128 0x5
 324 0037 35       		.uleb128 0x35
 325 0038 00       		.byte	0
 326 0039 49       		.uleb128 0x49
 327 003a 13       		.uleb128 0x13
 328 003b 00       		.byte	0
 329 003c 00       		.byte	0
 330 003d 06       		.uleb128 0x6
 331 003e 2E       		.uleb128 0x2e
 332 003f 01       		.byte	0x1
 333 0040 03       		.uleb128 0x3
 334 0041 0E       		.uleb128 0xe
 335 0042 3A       		.uleb128 0x3a
 336 0043 0B       		.uleb128 0xb
 337 0044 3B       		.uleb128 0x3b
 338 0045 0B       		.uleb128 0xb
 339 0046 27       		.uleb128 0x27
 340 0047 19       		.uleb128 0x19
 341 0048 11       		.uleb128 0x11
 342 0049 01       		.uleb128 0x1
 343 004a 12       		.uleb128 0x12
 344 004b 06       		.uleb128 0x6
 345 004c 40       		.uleb128 0x40
 346 004d 18       		.uleb128 0x18
 347 004e 9742     		.uleb128 0x2117
 348 0050 19       		.uleb128 0x19
 349 0051 01       		.uleb128 0x1
 350 0052 13       		.uleb128 0x13
 351 0053 00       		.byte	0
 352 0054 00       		.byte	0
 353 0055 07       		.uleb128 0x7
 354 0056 898201   		.uleb128 0x4109
 355 0059 01       		.byte	0x1
 356 005a 11       		.uleb128 0x11
 357 005b 01       		.uleb128 0x1
 358 005c 31       		.uleb128 0x31
 359 005d 13       		.uleb128 0x13
 360 005e 00       		.byte	0
 361 005f 00       		.byte	0
 362 0060 08       		.uleb128 0x8
 363 0061 8A8201   		.uleb128 0x410a
 364 0064 00       		.byte	0
 365 0065 02       		.uleb128 0x2
ARM GAS  C:\Users\DGILLI~1\AppData\Local\Temp\ccOWV1S0.s 			page 12


 366 0066 18       		.uleb128 0x18
 367 0067 9142     		.uleb128 0x2111
 368 0069 18       		.uleb128 0x18
 369 006a 00       		.byte	0
 370 006b 00       		.byte	0
 371 006c 09       		.uleb128 0x9
 372 006d 2E       		.uleb128 0x2e
 373 006e 01       		.byte	0x1
 374 006f 3F       		.uleb128 0x3f
 375 0070 19       		.uleb128 0x19
 376 0071 03       		.uleb128 0x3
 377 0072 0E       		.uleb128 0xe
 378 0073 3A       		.uleb128 0x3a
 379 0074 0B       		.uleb128 0xb
 380 0075 3B       		.uleb128 0x3b
 381 0076 0B       		.uleb128 0xb
 382 0077 27       		.uleb128 0x27
 383 0078 19       		.uleb128 0x19
 384 0079 11       		.uleb128 0x11
 385 007a 01       		.uleb128 0x1
 386 007b 12       		.uleb128 0x12
 387 007c 06       		.uleb128 0x6
 388 007d 40       		.uleb128 0x40
 389 007e 18       		.uleb128 0x18
 390 007f 9742     		.uleb128 0x2117
 391 0081 19       		.uleb128 0x19
 392 0082 01       		.uleb128 0x1
 393 0083 13       		.uleb128 0x13
 394 0084 00       		.byte	0
 395 0085 00       		.byte	0
 396 0086 0A       		.uleb128 0xa
 397 0087 898201   		.uleb128 0x4109
 398 008a 00       		.byte	0
 399 008b 11       		.uleb128 0x11
 400 008c 01       		.uleb128 0x1
 401 008d 31       		.uleb128 0x31
 402 008e 13       		.uleb128 0x13
 403 008f 00       		.byte	0
 404 0090 00       		.byte	0
 405 0091 0B       		.uleb128 0xb
 406 0092 2E       		.uleb128 0x2e
 407 0093 00       		.byte	0
 408 0094 3F       		.uleb128 0x3f
 409 0095 19       		.uleb128 0x19
 410 0096 3C       		.uleb128 0x3c
 411 0097 19       		.uleb128 0x19
 412 0098 6E       		.uleb128 0x6e
 413 0099 0E       		.uleb128 0xe
 414 009a 03       		.uleb128 0x3
 415 009b 0E       		.uleb128 0xe
 416 009c 3A       		.uleb128 0x3a
 417 009d 0B       		.uleb128 0xb
 418 009e 3B       		.uleb128 0x3b
 419 009f 0B       		.uleb128 0xb
 420 00a0 00       		.byte	0
 421 00a1 00       		.byte	0
 422 00a2 00       		.byte	0
ARM GAS  C:\Users\DGILLI~1\AppData\Local\Temp\ccOWV1S0.s 			page 13


 423              		.section	.debug_aranges,"",%progbits
 424 0000 24000000 		.4byte	0x24
 425 0004 0200     		.2byte	0x2
 426 0006 00000000 		.4byte	.Ldebug_info0
 427 000a 04       		.byte	0x4
 428 000b 00       		.byte	0
 429 000c 0000     		.2byte	0
 430 000e 0000     		.2byte	0
 431 0010 00000000 		.4byte	.LFB4
 432 0014 48000000 		.4byte	.LFE4-.LFB4
 433 0018 48000000 		.4byte	.LFB6
 434 001c 40000000 		.4byte	.LFE6-.LFB6
 435 0020 00000000 		.4byte	0
 436 0024 00000000 		.4byte	0
 437              		.section	.debug_ranges,"",%progbits
 438              	.Ldebug_ranges0:
 439 0000 00000000 		.4byte	.LFB4
 440 0004 48000000 		.4byte	.LFE4
 441 0008 48000000 		.4byte	.LFB6
 442 000c 88000000 		.4byte	.LFE6
 443 0010 00000000 		.4byte	0
 444 0014 00000000 		.4byte	0
 445              		.section	.debug_line,"",%progbits
 446              	.Ldebug_line0:
 447 0000 7D000000 		.section	.debug_str,"MS",%progbits,1
 447      02005400 
 447      00000201 
 447      FB0E0D00 
 447      01010101 
 448              	.LASF1:
 449 0000 6C6F6E67 		.ascii	"long long int\000"
 449      206C6F6E 
 449      6720696E 
 449      7400
 450              	.LASF14:
 451 000e 75696E74 		.ascii	"uint32\000"
 451      333200
 452              	.LASF17:
 453 0015 47656E65 		.ascii	"Generated_Source\\PSoC4\\cyfitter_cfg.c\000"
 453      72617465 
 453      645F536F 
 453      75726365 
 453      5C50536F 
 454              	.LASF0:
 455 003b 756E7369 		.ascii	"unsigned int\000"
 455      676E6564 
 455      20696E74 
 455      00
 456              	.LASF21:
 457 0048 43795379 		.ascii	"CySysClkWriteImoFreq\000"
 457      73436C6B 
 457      57726974 
 457      65496D6F 
 457      46726571 
 458              	.LASF8:
 459 005d 6C6F6E67 		.ascii	"long unsigned int\000"
 459      20756E73 
ARM GAS  C:\Users\DGILLI~1\AppData\Local\Temp\ccOWV1S0.s 			page 14


 459      69676E65 
 459      6420696E 
 459      7400
 460              	.LASF20:
 461 006f 63796669 		.ascii	"cyfitter_cfg\000"
 461      74746572 
 461      5F636667 
 461      00
 462              	.LASF9:
 463 007c 6C6F6E67 		.ascii	"long long unsigned int\000"
 463      206C6F6E 
 463      6720756E 
 463      7369676E 
 463      65642069 
 464              	.LASF18:
 465 0093 433A5C55 		.ascii	"C:\\Users\\dgilliland\\Documents\\GitHub\\Retro-Com"
 465      73657273 
 465      5C646769 
 465      6C6C696C 
 465      616E645C 
 466 00c1 70757465 		.ascii	"puters\\Z80\\PSOC\\PSOC_Design_Files\\PSOC4_FP_Mux\\"
 466      72735C5A 
 466      38305C50 
 466      534F435C 
 466      50534F43 
 467 00f0 50536F63 		.ascii	"PSoc4_FP_Mux\\PSoc4_FP_Mux.cydsn\000"
 467      345F4650 
 467      5F4D7578 
 467      5C50536F 
 467      63345F46 
 468              	.LASF12:
 469 0110 666C6F61 		.ascii	"float\000"
 469      7400
 470              	.LASF4:
 471 0116 756E7369 		.ascii	"unsigned char\000"
 471      676E6564 
 471      20636861 
 471      7200
 472              	.LASF11:
 473 0124 63686172 		.ascii	"char\000"
 473      00
 474              	.LASF7:
 475 0129 6C6F6E67 		.ascii	"long int\000"
 475      20696E74 
 475      00
 476              	.LASF19:
 477 0132 436C6F63 		.ascii	"ClockSetup\000"
 477      6B536574 
 477      757000
 478              	.LASF13:
 479 013d 646F7562 		.ascii	"double\000"
 479      6C6500
 480              	.LASF15:
 481 0144 72656733 		.ascii	"reg32\000"
 481      3200
 482              	.LASF6:
 483 014a 73686F72 		.ascii	"short unsigned int\000"
ARM GAS  C:\Users\DGILLI~1\AppData\Local\Temp\ccOWV1S0.s 			page 15


 483      7420756E 
 483      7369676E 
 483      65642069 
 483      6E7400
 484              	.LASF3:
 485 015d 7369676E 		.ascii	"signed char\000"
 485      65642063 
 485      68617200 
 486              	.LASF2:
 487 0169 6C6F6E67 		.ascii	"long double\000"
 487      20646F75 
 487      626C6500 
 488              	.LASF5:
 489 0175 73686F72 		.ascii	"short int\000"
 489      7420696E 
 489      7400
 490              	.LASF16:
 491 017f 474E5520 		.ascii	"GNU C11 5.4.1 20160609 (release) [ARM/embedded-5-br"
 491      43313120 
 491      352E342E 
 491      31203230 
 491      31363036 
 492 01b2 616E6368 		.ascii	"anch revision 237715] -mcpu=cortex-m0plus -mthumb -"
 492      20726576 
 492      6973696F 
 492      6E203233 
 492      37373135 
 493 01e5 67202D4F 		.ascii	"g -Og -ffunction-sections -ffat-lto-objects\000"
 493      67202D66 
 493      66756E63 
 493      74696F6E 
 493      2D736563 
 494              	.LASF10:
 495 0211 73697A65 		.ascii	"sizetype\000"
 495      74797065 
 495      00
 496              		.ident	"GCC: (GNU Tools for ARM Embedded Processors) 5.4.1 20160609 (release) [ARM/embedded-5-bran
