ARM GAS  C:\Users\DGILLI~1\AppData\Local\Temp\ccZRJMyT.s 			page 1


   1              		.syntax unified
   2              		.cpu cortex-m0plus
   3              		.fpu softvfp
   4              		.eabi_attribute 20, 1
   5              		.eabi_attribute 21, 1
   6              		.eabi_attribute 23, 3
   7              		.eabi_attribute 24, 1
   8              		.eabi_attribute 25, 1
   9              		.eabi_attribute 26, 1
  10              		.eabi_attribute 30, 1
  11              		.eabi_attribute 34, 0
  12              		.eabi_attribute 18, 4
  13              		.thumb
  14              		.syntax unified
  15              		.file	"I2CS_I2C_SLAVE.c"
  16              		.text
  17              	.Ltext0:
  18              		.cfi_sections	.debug_frame
  19              		.section	.text.I2CS_I2CSlaveStatus,"ax",%progbits
  20              		.align	2
  21              		.global	I2CS_I2CSlaveStatus
  22              		.code	16
  23              		.thumb_func
  24              		.type	I2CS_I2CSlaveStatus, %function
  25              	I2CS_I2CSlaveStatus:
  26              	.LFB1:
  27              		.file 1 "Generated_Source\\PSoC4\\I2CS_I2C_SLAVE.c"
   1:Generated_Source\PSoC4/I2CS_I2C_SLAVE.c **** /***************************************************************************//**
   2:Generated_Source\PSoC4/I2CS_I2C_SLAVE.c **** * \file I2CS_I2C_SLAVE.c
   3:Generated_Source\PSoC4/I2CS_I2C_SLAVE.c **** * \version 4.0
   4:Generated_Source\PSoC4/I2CS_I2C_SLAVE.c **** *
   5:Generated_Source\PSoC4/I2CS_I2C_SLAVE.c **** * \brief
   6:Generated_Source\PSoC4/I2CS_I2C_SLAVE.c **** *  This file provides the source code to the API for the SCB Component in
   7:Generated_Source\PSoC4/I2CS_I2C_SLAVE.c **** *  I2C Slave mode.
   8:Generated_Source\PSoC4/I2CS_I2C_SLAVE.c **** *
   9:Generated_Source\PSoC4/I2CS_I2C_SLAVE.c **** * Note:
  10:Generated_Source\PSoC4/I2CS_I2C_SLAVE.c **** *
  11:Generated_Source\PSoC4/I2CS_I2C_SLAVE.c **** *******************************************************************************
  12:Generated_Source\PSoC4/I2CS_I2C_SLAVE.c **** * \copyright
  13:Generated_Source\PSoC4/I2CS_I2C_SLAVE.c **** * Copyright 2013-2017, Cypress Semiconductor Corporation.  All rights reserved.
  14:Generated_Source\PSoC4/I2CS_I2C_SLAVE.c **** * You may use this file only in accordance with the license, terms, conditions,
  15:Generated_Source\PSoC4/I2CS_I2C_SLAVE.c **** * disclaimers, and limitations in the end user license agreement accompanying
  16:Generated_Source\PSoC4/I2CS_I2C_SLAVE.c **** * the software package with which this file was provided.
  17:Generated_Source\PSoC4/I2CS_I2C_SLAVE.c **** *******************************************************************************/
  18:Generated_Source\PSoC4/I2CS_I2C_SLAVE.c **** 
  19:Generated_Source\PSoC4/I2CS_I2C_SLAVE.c **** #include "I2CS_I2C_PVT.h"
  20:Generated_Source\PSoC4/I2CS_I2C_SLAVE.c **** 
  21:Generated_Source\PSoC4/I2CS_I2C_SLAVE.c **** #if(I2CS_I2C_SLAVE_CONST)
  22:Generated_Source\PSoC4/I2CS_I2C_SLAVE.c **** 
  23:Generated_Source\PSoC4/I2CS_I2C_SLAVE.c **** /***************************************
  24:Generated_Source\PSoC4/I2CS_I2C_SLAVE.c **** *      I2C Slave Private Vars
  25:Generated_Source\PSoC4/I2CS_I2C_SLAVE.c **** ***************************************/
  26:Generated_Source\PSoC4/I2CS_I2C_SLAVE.c **** 
  27:Generated_Source\PSoC4/I2CS_I2C_SLAVE.c **** volatile uint8 I2CS_slStatus;          /* Slave Status */
  28:Generated_Source\PSoC4/I2CS_I2C_SLAVE.c **** 
  29:Generated_Source\PSoC4/I2CS_I2C_SLAVE.c **** /* Receive buffer variables */
  30:Generated_Source\PSoC4/I2CS_I2C_SLAVE.c **** volatile uint8 * I2CS_slWrBufPtr;      /* Pointer to Receive buffer  */
ARM GAS  C:\Users\DGILLI~1\AppData\Local\Temp\ccZRJMyT.s 			page 2


  31:Generated_Source\PSoC4/I2CS_I2C_SLAVE.c **** volatile uint32  I2CS_slWrBufSize;     /* Slave Receive buffer size  */
  32:Generated_Source\PSoC4/I2CS_I2C_SLAVE.c **** volatile uint32  I2CS_slWrBufIndex;    /* Slave Receive buffer Index */
  33:Generated_Source\PSoC4/I2CS_I2C_SLAVE.c **** 
  34:Generated_Source\PSoC4/I2CS_I2C_SLAVE.c **** /* Transmit buffer variables */
  35:Generated_Source\PSoC4/I2CS_I2C_SLAVE.c **** volatile uint8 * I2CS_slRdBufPtr;      /* Pointer to Transmit buffer  */
  36:Generated_Source\PSoC4/I2CS_I2C_SLAVE.c **** volatile uint32  I2CS_slRdBufSize;     /* Slave Transmit buffer size  */
  37:Generated_Source\PSoC4/I2CS_I2C_SLAVE.c **** volatile uint32  I2CS_slRdBufIndex;    /* Slave Transmit buffer Index */
  38:Generated_Source\PSoC4/I2CS_I2C_SLAVE.c **** volatile uint32  I2CS_slRdBufIndexTmp; /* Slave Transmit buffer Index Tmp */
  39:Generated_Source\PSoC4/I2CS_I2C_SLAVE.c **** volatile uint8   I2CS_slOverFlowCount; /* Slave Transmit Overflow counter */
  40:Generated_Source\PSoC4/I2CS_I2C_SLAVE.c **** 
  41:Generated_Source\PSoC4/I2CS_I2C_SLAVE.c **** #if (I2CS_I2C_CUSTOM_ADDRESS_HANDLER_CONST)
  42:Generated_Source\PSoC4/I2CS_I2C_SLAVE.c **** 
  43:Generated_Source\PSoC4/I2CS_I2C_SLAVE.c ****     uint32 (*I2CS_customAddressHandler)(void) = NULL;
  44:Generated_Source\PSoC4/I2CS_I2C_SLAVE.c **** 
  45:Generated_Source\PSoC4/I2CS_I2C_SLAVE.c ****     /*******************************************************************************
  46:Generated_Source\PSoC4/I2CS_I2C_SLAVE.c ****     * Function Name: I2CS_SetI2cAddressCustomInterruptHandler
  47:Generated_Source\PSoC4/I2CS_I2C_SLAVE.c ****     ****************************************************************************//**
  48:Generated_Source\PSoC4/I2CS_I2C_SLAVE.c ****     *
  49:Generated_Source\PSoC4/I2CS_I2C_SLAVE.c ****     *  Registers a function to be called by the I2C slave interrupt handler during
  50:Generated_Source\PSoC4/I2CS_I2C_SLAVE.c ****     *  the I2C interrupt address processing. This function should be used when
  51:Generated_Source\PSoC4/I2CS_I2C_SLAVE.c ****     *  multiple I2C addresses need to be decoded or general call address supported.
  52:Generated_Source\PSoC4/I2CS_I2C_SLAVE.c ****     *  The registered function must return decision whether to ACK or NACK address.
  53:Generated_Source\PSoC4/I2CS_I2C_SLAVE.c ****     *  Only one I2C address handler is supported, which is the function provided
  54:Generated_Source\PSoC4/I2CS_I2C_SLAVE.c ****     *  by the most recent call.
  55:Generated_Source\PSoC4/I2CS_I2C_SLAVE.c ****     *  At initialization time no I2C address handler is registered.
  56:Generated_Source\PSoC4/I2CS_I2C_SLAVE.c ****     *
  57:Generated_Source\PSoC4/I2CS_I2C_SLAVE.c ****     *  \param func: Pointer to the function to register.
  58:Generated_Source\PSoC4/I2CS_I2C_SLAVE.c ****     *   The value NULL indicates to remove the current custom interrupt
  59:Generated_Source\PSoC4/I2CS_I2C_SLAVE.c ****     *   handler.
  60:Generated_Source\PSoC4/I2CS_I2C_SLAVE.c ****     *   The registered function must return decision whether to ACK or NACK 
  61:Generated_Source\PSoC4/I2CS_I2C_SLAVE.c ****     *   accepted address: 0 – ACK, other values – NACK. The registered 
  62:Generated_Source\PSoC4/I2CS_I2C_SLAVE.c ****     *   callback function does not perform the ACK/NACK, this operation is 
  63:Generated_Source\PSoC4/I2CS_I2C_SLAVE.c ****     *   performed in the I2C ISR.
  64:Generated_Source\PSoC4/I2CS_I2C_SLAVE.c ****     *
  65:Generated_Source\PSoC4/I2CS_I2C_SLAVE.c ****     *******************************************************************************/
  66:Generated_Source\PSoC4/I2CS_I2C_SLAVE.c ****     void I2CS_SetI2cAddressCustomInterruptHandler(uint32 (*func) (void))
  67:Generated_Source\PSoC4/I2CS_I2C_SLAVE.c ****     {
  68:Generated_Source\PSoC4/I2CS_I2C_SLAVE.c ****         /* Register custom address handler */
  69:Generated_Source\PSoC4/I2CS_I2C_SLAVE.c ****         I2CS_customAddressHandler = func;
  70:Generated_Source\PSoC4/I2CS_I2C_SLAVE.c ****     }
  71:Generated_Source\PSoC4/I2CS_I2C_SLAVE.c **** #endif /* (I2CS_I2C_CUSTOM_ADDRESS_HANDLER_CONST) */
  72:Generated_Source\PSoC4/I2CS_I2C_SLAVE.c **** 
  73:Generated_Source\PSoC4/I2CS_I2C_SLAVE.c **** 
  74:Generated_Source\PSoC4/I2CS_I2C_SLAVE.c **** /*******************************************************************************
  75:Generated_Source\PSoC4/I2CS_I2C_SLAVE.c **** * Function Name: I2CS_I2CSlaveStatus
  76:Generated_Source\PSoC4/I2CS_I2C_SLAVE.c **** ****************************************************************************//**
  77:Generated_Source\PSoC4/I2CS_I2C_SLAVE.c **** *
  78:Generated_Source\PSoC4/I2CS_I2C_SLAVE.c **** *  Returns the I2C slave's communication status.
  79:Generated_Source\PSoC4/I2CS_I2C_SLAVE.c **** *
  80:Generated_Source\PSoC4/I2CS_I2C_SLAVE.c **** * \return
  81:Generated_Source\PSoC4/I2CS_I2C_SLAVE.c **** *  Current status of I2C slave.
  82:Generated_Source\PSoC4/I2CS_I2C_SLAVE.c **** *  This status incorporates read and write status constants. 
  83:Generated_Source\PSoC4/I2CS_I2C_SLAVE.c **** *  Each constant is a bit field value. The value returned may have multiple 
  84:Generated_Source\PSoC4/I2CS_I2C_SLAVE.c **** *  bits set to indicate the status of the read or write transfer.
  85:Generated_Source\PSoC4/I2CS_I2C_SLAVE.c **** *   - I2CS_I2C_SSTAT_RD_CMPLT - Slave read transfer complete. 
  86:Generated_Source\PSoC4/I2CS_I2C_SLAVE.c **** *     Set when master indicates it is done reading by sending a NAK.
  87:Generated_Source\PSoC4/I2CS_I2C_SLAVE.c **** *     The read error condition status bit must be checked to ensure that 
ARM GAS  C:\Users\DGILLI~1\AppData\Local\Temp\ccZRJMyT.s 			page 3


  88:Generated_Source\PSoC4/I2CS_I2C_SLAVE.c **** *     the read transfer was completed successfully.
  89:Generated_Source\PSoC4/I2CS_I2C_SLAVE.c **** *   - I2CS_I2C_SSTAT_RD_BUSY - Slave read transfer is in progress. 
  90:Generated_Source\PSoC4/I2CS_I2C_SLAVE.c **** *     Set when master addresses slave with a read, cleared when 
  91:Generated_Source\PSoC4/I2CS_I2C_SLAVE.c **** *    I2CS_I2C_SSTAT_RD_CMPLT is set.
  92:Generated_Source\PSoC4/I2CS_I2C_SLAVE.c **** *   - I2CS_I2C_SSTAT_RD_OVFL - Master attempted to read more bytes
  93:Generated_Source\PSoC4/I2CS_I2C_SLAVE.c **** *     than are in buffer. Slave continually returns 0xFF byte in this case.
  94:Generated_Source\PSoC4/I2CS_I2C_SLAVE.c **** *   - I2CS_I2C_SSTAT_RD_ERR - Slave captured error on the bus during 
  95:Generated_Source\PSoC4/I2CS_I2C_SLAVE.c **** *     a read transfer. The sources of error are: misplaced Start or Stop 
  96:Generated_Source\PSoC4/I2CS_I2C_SLAVE.c **** *     condition or lost arbitration while slave drives SDA.
  97:Generated_Source\PSoC4/I2CS_I2C_SLAVE.c **** *   - I2CS_I2C_SSTAT_WR_CMPLT - Slave write transfer complete. 
  98:Generated_Source\PSoC4/I2CS_I2C_SLAVE.c **** *     Set at reception of a Stop or ReStart condition. The write error condition
  99:Generated_Source\PSoC4/I2CS_I2C_SLAVE.c **** *     status bit must be checked to ensure that write transfer was completed
 100:Generated_Source\PSoC4/I2CS_I2C_SLAVE.c **** *     successfully.
 101:Generated_Source\PSoC4/I2CS_I2C_SLAVE.c **** *   - I2CS_I2C_SSTAT_WR_BUSY - Slave write transfer is in progress. 
 102:Generated_Source\PSoC4/I2CS_I2C_SLAVE.c **** *     Set when the master addresses the slave with a write, cleared when 
 103:Generated_Source\PSoC4/I2CS_I2C_SLAVE.c **** *    I2CS_I2C_SSTAT_WR_CMPLT is set.
 104:Generated_Source\PSoC4/I2CS_I2C_SLAVE.c **** *   - I2CS_I2C_SSTAT_WR_OVFL - Master attempted to write past end of 
 105:Generated_Source\PSoC4/I2CS_I2C_SLAVE.c **** *     buffer. Further bytes are ignored.
 106:Generated_Source\PSoC4/I2CS_I2C_SLAVE.c **** *   - I2CS_I2C_SSTAT_WR_ERR - Slave captured error on the bus during
 107:Generated_Source\PSoC4/I2CS_I2C_SLAVE.c **** *     write transfer. The sources of error are: misplaced Start or Stop condition
 108:Generated_Source\PSoC4/I2CS_I2C_SLAVE.c **** *     or lost arbitration while slave drives SDA.
 109:Generated_Source\PSoC4/I2CS_I2C_SLAVE.c **** *     The write buffer may contain invalid bytes or part of the data transfer when 
 110:Generated_Source\PSoC4/I2CS_I2C_SLAVE.c **** *     I2CS_I2C_SSTAT_WR_ERR is set. It is recommended to discard write 
 111:Generated_Source\PSoC4/I2CS_I2C_SLAVE.c **** *     buffer content in this case.
 112:Generated_Source\PSoC4/I2CS_I2C_SLAVE.c **** *
 113:Generated_Source\PSoC4/I2CS_I2C_SLAVE.c **** * \globalvars
 114:Generated_Source\PSoC4/I2CS_I2C_SLAVE.c **** *  I2CS_slStatus  - used to store current status of I2C slave.
 115:Generated_Source\PSoC4/I2CS_I2C_SLAVE.c **** *
 116:Generated_Source\PSoC4/I2CS_I2C_SLAVE.c **** *******************************************************************************/
 117:Generated_Source\PSoC4/I2CS_I2C_SLAVE.c **** uint32 I2CS_I2CSlaveStatus(void)
 118:Generated_Source\PSoC4/I2CS_I2C_SLAVE.c **** {
  28              		.loc 1 118 0
  29              		.cfi_startproc
  30              		@ args = 0, pretend = 0, frame = 0
  31              		@ frame_needed = 0, uses_anonymous_args = 0
  32              		@ link register save eliminated.
 119:Generated_Source\PSoC4/I2CS_I2C_SLAVE.c ****     return((uint32) I2CS_slStatus);
  33              		.loc 1 119 0
  34 0000 014B     		ldr	r3, .L2
  35 0002 1878     		ldrb	r0, [r3]
  36 0004 C0B2     		uxtb	r0, r0
 120:Generated_Source\PSoC4/I2CS_I2C_SLAVE.c **** }
  37              		.loc 1 120 0
  38              		@ sp needed
  39 0006 7047     		bx	lr
  40              	.L3:
  41              		.align	2
  42              	.L2:
  43 0008 00000000 		.word	I2CS_slStatus
  44              		.cfi_endproc
  45              	.LFE1:
  46              		.size	I2CS_I2CSlaveStatus, .-I2CS_I2CSlaveStatus
  47              		.section	.text.I2CS_I2CSlaveClearReadStatus,"ax",%progbits
  48              		.align	2
  49              		.global	I2CS_I2CSlaveClearReadStatus
  50              		.code	16
  51              		.thumb_func
ARM GAS  C:\Users\DGILLI~1\AppData\Local\Temp\ccZRJMyT.s 			page 4


  52              		.type	I2CS_I2CSlaveClearReadStatus, %function
  53              	I2CS_I2CSlaveClearReadStatus:
  54              	.LFB2:
 121:Generated_Source\PSoC4/I2CS_I2C_SLAVE.c **** 
 122:Generated_Source\PSoC4/I2CS_I2C_SLAVE.c **** 
 123:Generated_Source\PSoC4/I2CS_I2C_SLAVE.c **** /*******************************************************************************
 124:Generated_Source\PSoC4/I2CS_I2C_SLAVE.c **** * Function Name: I2CS_I2CSlaveClearReadStatus
 125:Generated_Source\PSoC4/I2CS_I2C_SLAVE.c **** ****************************************************************************//**
 126:Generated_Source\PSoC4/I2CS_I2C_SLAVE.c **** *
 127:Generated_Source\PSoC4/I2CS_I2C_SLAVE.c **** *  Clears the read status flags and returns their values. No other status flags
 128:Generated_Source\PSoC4/I2CS_I2C_SLAVE.c **** *  are affected.
 129:Generated_Source\PSoC4/I2CS_I2C_SLAVE.c **** *
 130:Generated_Source\PSoC4/I2CS_I2C_SLAVE.c **** * \return
 131:Generated_Source\PSoC4/I2CS_I2C_SLAVE.c **** *  Current read status of slave. See the SCB_I2CSlaveStatus() function for 
 132:Generated_Source\PSoC4/I2CS_I2C_SLAVE.c **** *  constants.
 133:Generated_Source\PSoC4/I2CS_I2C_SLAVE.c **** *
 134:Generated_Source\PSoC4/I2CS_I2C_SLAVE.c **** * \sideeffect
 135:Generated_Source\PSoC4/I2CS_I2C_SLAVE.c **** *  This function does not clear I2CS_I2C_SSTAT_RD_BUSY.
 136:Generated_Source\PSoC4/I2CS_I2C_SLAVE.c **** *
 137:Generated_Source\PSoC4/I2CS_I2C_SLAVE.c **** * \globalvars
 138:Generated_Source\PSoC4/I2CS_I2C_SLAVE.c **** *  I2CS_slStatus  - used to store current status of I2C slave.
 139:Generated_Source\PSoC4/I2CS_I2C_SLAVE.c **** *
 140:Generated_Source\PSoC4/I2CS_I2C_SLAVE.c **** *******************************************************************************/
 141:Generated_Source\PSoC4/I2CS_I2C_SLAVE.c **** uint32 I2CS_I2CSlaveClearReadStatus(void)
 142:Generated_Source\PSoC4/I2CS_I2C_SLAVE.c **** {
  55              		.loc 1 142 0
  56              		.cfi_startproc
  57              		@ args = 0, pretend = 0, frame = 0
  58              		@ frame_needed = 0, uses_anonymous_args = 0
  59 0000 10B5     		push	{r4, lr}
  60              		.cfi_def_cfa_offset 8
  61              		.cfi_offset 4, -8
  62              		.cfi_offset 14, -4
 143:Generated_Source\PSoC4/I2CS_I2C_SLAVE.c ****     uint32 status;
 144:Generated_Source\PSoC4/I2CS_I2C_SLAVE.c **** 
 145:Generated_Source\PSoC4/I2CS_I2C_SLAVE.c ****     I2CS_DisableInt();  /* Lock from interruption */
  63              		.loc 1 145 0
  64 0002 0720     		movs	r0, #7
  65 0004 FFF7FEFF 		bl	CyIntDisable
  66              	.LVL0:
 146:Generated_Source\PSoC4/I2CS_I2C_SLAVE.c **** 
 147:Generated_Source\PSoC4/I2CS_I2C_SLAVE.c ****     /* Mask of transfer complete flag and error status */
 148:Generated_Source\PSoC4/I2CS_I2C_SLAVE.c ****     status = ((uint32) I2CS_slStatus & I2CS_I2C_SSTAT_RD_MASK);
  67              		.loc 1 148 0
  68 0008 064A     		ldr	r2, .L5
  69 000a 1478     		ldrb	r4, [r2]
  70 000c 0F23     		movs	r3, #15
  71 000e 1C40     		ands	r4, r3
  72              	.LVL1:
 149:Generated_Source\PSoC4/I2CS_I2C_SLAVE.c ****     I2CS_slStatus &= (uint8) ~I2CS_I2C_SSTAT_RD_CLEAR;
  73              		.loc 1 149 0
  74 0010 1378     		ldrb	r3, [r2]
  75 0012 0D21     		movs	r1, #13
  76 0014 8B43     		bics	r3, r1
  77 0016 1370     		strb	r3, [r2]
 150:Generated_Source\PSoC4/I2CS_I2C_SLAVE.c **** 
 151:Generated_Source\PSoC4/I2CS_I2C_SLAVE.c ****     I2CS_EnableInt();   /* Release lock */
ARM GAS  C:\Users\DGILLI~1\AppData\Local\Temp\ccZRJMyT.s 			page 5


  78              		.loc 1 151 0
  79 0018 0720     		movs	r0, #7
  80 001a FFF7FEFF 		bl	CyIntEnable
  81              	.LVL2:
 152:Generated_Source\PSoC4/I2CS_I2C_SLAVE.c **** 
 153:Generated_Source\PSoC4/I2CS_I2C_SLAVE.c ****     return(status);
 154:Generated_Source\PSoC4/I2CS_I2C_SLAVE.c **** }
  82              		.loc 1 154 0
  83 001e 2000     		movs	r0, r4
  84              		@ sp needed
  85              	.LVL3:
  86 0020 10BD     		pop	{r4, pc}
  87              	.L6:
  88 0022 C046     		.align	2
  89              	.L5:
  90 0024 00000000 		.word	I2CS_slStatus
  91              		.cfi_endproc
  92              	.LFE2:
  93              		.size	I2CS_I2CSlaveClearReadStatus, .-I2CS_I2CSlaveClearReadStatus
  94              		.section	.text.I2CS_I2CSlaveClearWriteStatus,"ax",%progbits
  95              		.align	2
  96              		.global	I2CS_I2CSlaveClearWriteStatus
  97              		.code	16
  98              		.thumb_func
  99              		.type	I2CS_I2CSlaveClearWriteStatus, %function
 100              	I2CS_I2CSlaveClearWriteStatus:
 101              	.LFB3:
 155:Generated_Source\PSoC4/I2CS_I2C_SLAVE.c **** 
 156:Generated_Source\PSoC4/I2CS_I2C_SLAVE.c **** 
 157:Generated_Source\PSoC4/I2CS_I2C_SLAVE.c **** /*******************************************************************************
 158:Generated_Source\PSoC4/I2CS_I2C_SLAVE.c **** * Function Name: I2CS_I2CSlaveClearWriteStatus
 159:Generated_Source\PSoC4/I2CS_I2C_SLAVE.c **** ****************************************************************************//**
 160:Generated_Source\PSoC4/I2CS_I2C_SLAVE.c **** *
 161:Generated_Source\PSoC4/I2CS_I2C_SLAVE.c **** *  Clears the write status flags and returns their values. No other status flags
 162:Generated_Source\PSoC4/I2CS_I2C_SLAVE.c **** *  are affected.
 163:Generated_Source\PSoC4/I2CS_I2C_SLAVE.c **** *
 164:Generated_Source\PSoC4/I2CS_I2C_SLAVE.c **** * \return
 165:Generated_Source\PSoC4/I2CS_I2C_SLAVE.c **** *  Current write status of slave. See the SCB_I2CSlaveStatus() function 
 166:Generated_Source\PSoC4/I2CS_I2C_SLAVE.c **** *  for constants.
 167:Generated_Source\PSoC4/I2CS_I2C_SLAVE.c **** *
 168:Generated_Source\PSoC4/I2CS_I2C_SLAVE.c **** * \sideeffect
 169:Generated_Source\PSoC4/I2CS_I2C_SLAVE.c **** *  This function does not clear I2CS_I2C_SSTAT_WR_BUSY.*
 170:Generated_Source\PSoC4/I2CS_I2C_SLAVE.c **** *
 171:Generated_Source\PSoC4/I2CS_I2C_SLAVE.c **** * \globalvars
 172:Generated_Source\PSoC4/I2CS_I2C_SLAVE.c **** *  I2CS_slStatus  - used to store current status of I2C slave.
 173:Generated_Source\PSoC4/I2CS_I2C_SLAVE.c **** *
 174:Generated_Source\PSoC4/I2CS_I2C_SLAVE.c **** *******************************************************************************/
 175:Generated_Source\PSoC4/I2CS_I2C_SLAVE.c **** uint32 I2CS_I2CSlaveClearWriteStatus(void)
 176:Generated_Source\PSoC4/I2CS_I2C_SLAVE.c **** {
 102              		.loc 1 176 0
 103              		.cfi_startproc
 104              		@ args = 0, pretend = 0, frame = 0
 105              		@ frame_needed = 0, uses_anonymous_args = 0
 106 0000 10B5     		push	{r4, lr}
 107              		.cfi_def_cfa_offset 8
 108              		.cfi_offset 4, -8
 109              		.cfi_offset 14, -4
ARM GAS  C:\Users\DGILLI~1\AppData\Local\Temp\ccZRJMyT.s 			page 6


 177:Generated_Source\PSoC4/I2CS_I2C_SLAVE.c ****     uint32 status;
 178:Generated_Source\PSoC4/I2CS_I2C_SLAVE.c **** 
 179:Generated_Source\PSoC4/I2CS_I2C_SLAVE.c ****     I2CS_DisableInt();  /* Lock from interruption */
 110              		.loc 1 179 0
 111 0002 0720     		movs	r0, #7
 112 0004 FFF7FEFF 		bl	CyIntDisable
 113              	.LVL4:
 180:Generated_Source\PSoC4/I2CS_I2C_SLAVE.c **** 
 181:Generated_Source\PSoC4/I2CS_I2C_SLAVE.c ****     /* Mask of transfer complete flag and Error status */
 182:Generated_Source\PSoC4/I2CS_I2C_SLAVE.c ****     status = ((uint32) I2CS_slStatus & I2CS_I2C_SSTAT_WR_MASK);
 114              		.loc 1 182 0
 115 0008 064B     		ldr	r3, .L8
 116 000a 1C78     		ldrb	r4, [r3]
 117 000c 0F22     		movs	r2, #15
 118 000e 9443     		bics	r4, r2
 119              	.LVL5:
 183:Generated_Source\PSoC4/I2CS_I2C_SLAVE.c ****     I2CS_slStatus &= (uint8) ~I2CS_I2C_SSTAT_WR_CLEAR;
 120              		.loc 1 183 0
 121 0010 1978     		ldrb	r1, [r3]
 122 0012 2032     		adds	r2, r2, #32
 123 0014 0A40     		ands	r2, r1
 124 0016 1A70     		strb	r2, [r3]
 184:Generated_Source\PSoC4/I2CS_I2C_SLAVE.c **** 
 185:Generated_Source\PSoC4/I2CS_I2C_SLAVE.c ****     I2CS_EnableInt();   /* Release lock */
 125              		.loc 1 185 0
 126 0018 0720     		movs	r0, #7
 127 001a FFF7FEFF 		bl	CyIntEnable
 128              	.LVL6:
 186:Generated_Source\PSoC4/I2CS_I2C_SLAVE.c **** 
 187:Generated_Source\PSoC4/I2CS_I2C_SLAVE.c ****     return(status);
 188:Generated_Source\PSoC4/I2CS_I2C_SLAVE.c **** }
 129              		.loc 1 188 0
 130 001e 2000     		movs	r0, r4
 131              		@ sp needed
 132              	.LVL7:
 133 0020 10BD     		pop	{r4, pc}
 134              	.L9:
 135 0022 C046     		.align	2
 136              	.L8:
 137 0024 00000000 		.word	I2CS_slStatus
 138              		.cfi_endproc
 139              	.LFE3:
 140              		.size	I2CS_I2CSlaveClearWriteStatus, .-I2CS_I2CSlaveClearWriteStatus
 141              		.section	.text.I2CS_I2CSlaveSetAddress,"ax",%progbits
 142              		.align	2
 143              		.global	I2CS_I2CSlaveSetAddress
 144              		.code	16
 145              		.thumb_func
 146              		.type	I2CS_I2CSlaveSetAddress, %function
 147              	I2CS_I2CSlaveSetAddress:
 148              	.LFB4:
 189:Generated_Source\PSoC4/I2CS_I2C_SLAVE.c **** 
 190:Generated_Source\PSoC4/I2CS_I2C_SLAVE.c **** 
 191:Generated_Source\PSoC4/I2CS_I2C_SLAVE.c **** /*******************************************************************************
 192:Generated_Source\PSoC4/I2CS_I2C_SLAVE.c **** * Function Name: I2CS_I2CSlaveSetAddress
 193:Generated_Source\PSoC4/I2CS_I2C_SLAVE.c **** ****************************************************************************//**
 194:Generated_Source\PSoC4/I2CS_I2C_SLAVE.c **** *
ARM GAS  C:\Users\DGILLI~1\AppData\Local\Temp\ccZRJMyT.s 			page 7


 195:Generated_Source\PSoC4/I2CS_I2C_SLAVE.c **** * Sets the I2C slave address.
 196:Generated_Source\PSoC4/I2CS_I2C_SLAVE.c **** *
 197:Generated_Source\PSoC4/I2CS_I2C_SLAVE.c **** * \param address: I2C slave address for the primary device.
 198:Generated_Source\PSoC4/I2CS_I2C_SLAVE.c **** *  This address is the 7-bit right-justified slave address and does not 
 199:Generated_Source\PSoC4/I2CS_I2C_SLAVE.c **** *  include the R/W bit.
 200:Generated_Source\PSoC4/I2CS_I2C_SLAVE.c **** *  The address value is not checked to see if it violates the I2C spec. 
 201:Generated_Source\PSoC4/I2CS_I2C_SLAVE.c **** *  The preferred addresses are between 8 and 120 (0x08 to 0x78).
 202:Generated_Source\PSoC4/I2CS_I2C_SLAVE.c **** *
 203:Generated_Source\PSoC4/I2CS_I2C_SLAVE.c **** *******************************************************************************/
 204:Generated_Source\PSoC4/I2CS_I2C_SLAVE.c **** void I2CS_I2CSlaveSetAddress(uint32 address)
 205:Generated_Source\PSoC4/I2CS_I2C_SLAVE.c **** {
 149              		.loc 1 205 0
 150              		.cfi_startproc
 151              		@ args = 0, pretend = 0, frame = 0
 152              		@ frame_needed = 0, uses_anonymous_args = 0
 153              		@ link register save eliminated.
 154              	.LVL8:
 155 0000 0300     		movs	r3, r0
 206:Generated_Source\PSoC4/I2CS_I2C_SLAVE.c ****     uint32 matchReg;
 207:Generated_Source\PSoC4/I2CS_I2C_SLAVE.c **** 
 208:Generated_Source\PSoC4/I2CS_I2C_SLAVE.c ****     matchReg = I2CS_RX_MATCH_REG;
 156              		.loc 1 208 0
 157 0002 0449     		ldr	r1, .L11
 158 0004 0A68     		ldr	r2, [r1]
 159              	.LVL9:
 209:Generated_Source\PSoC4/I2CS_I2C_SLAVE.c **** 
 210:Generated_Source\PSoC4/I2CS_I2C_SLAVE.c ****     matchReg &= ((uint32) ~I2CS_RX_MATCH_ADDR_MASK); /* Clear address bits */
 160              		.loc 1 210 0
 161 0006 FF20     		movs	r0, #255
 162              	.LVL10:
 163 0008 8243     		bics	r2, r0
 164              	.LVL11:
 211:Generated_Source\PSoC4/I2CS_I2C_SLAVE.c ****     matchReg |= ((uint32)  I2CS_GET_I2C_8BIT_ADDRESS(address));
 165              		.loc 1 211 0
 166 000a 5B00     		lsls	r3, r3, #1
 167              	.LVL12:
 168 000c 1840     		ands	r0, r3
 169 000e 1043     		orrs	r0, r2
 170              	.LVL13:
 212:Generated_Source\PSoC4/I2CS_I2C_SLAVE.c **** 
 213:Generated_Source\PSoC4/I2CS_I2C_SLAVE.c ****     I2CS_RX_MATCH_REG = matchReg;
 171              		.loc 1 213 0
 172 0010 0860     		str	r0, [r1]
 214:Generated_Source\PSoC4/I2CS_I2C_SLAVE.c **** }
 173              		.loc 1 214 0
 174              		@ sp needed
 175 0012 7047     		bx	lr
 176              	.L12:
 177              		.align	2
 178              	.L11:
 179 0014 10030840 		.word	1074266896
 180              		.cfi_endproc
 181              	.LFE4:
 182              		.size	I2CS_I2CSlaveSetAddress, .-I2CS_I2CSlaveSetAddress
 183              		.section	.text.I2CS_I2CSlaveSetAddressMask,"ax",%progbits
 184              		.align	2
 185              		.global	I2CS_I2CSlaveSetAddressMask
ARM GAS  C:\Users\DGILLI~1\AppData\Local\Temp\ccZRJMyT.s 			page 8


 186              		.code	16
 187              		.thumb_func
 188              		.type	I2CS_I2CSlaveSetAddressMask, %function
 189              	I2CS_I2CSlaveSetAddressMask:
 190              	.LFB5:
 215:Generated_Source\PSoC4/I2CS_I2C_SLAVE.c **** 
 216:Generated_Source\PSoC4/I2CS_I2C_SLAVE.c **** 
 217:Generated_Source\PSoC4/I2CS_I2C_SLAVE.c **** /*******************************************************************************
 218:Generated_Source\PSoC4/I2CS_I2C_SLAVE.c **** * Function Name: I2CS_I2CSlaveSetAddressMask
 219:Generated_Source\PSoC4/I2CS_I2C_SLAVE.c **** ****************************************************************************//**
 220:Generated_Source\PSoC4/I2CS_I2C_SLAVE.c **** *
 221:Generated_Source\PSoC4/I2CS_I2C_SLAVE.c **** *  Sets the I2C slave address mask.
 222:Generated_Source\PSoC4/I2CS_I2C_SLAVE.c **** *
 223:Generated_Source\PSoC4/I2CS_I2C_SLAVE.c **** * \param addressMask: I2C slave address mask.
 224:Generated_Source\PSoC4/I2CS_I2C_SLAVE.c **** *  - Bit value 0 – excludes bit from address comparison.
 225:Generated_Source\PSoC4/I2CS_I2C_SLAVE.c **** *  - Bit value 1 – the bit needs to match with the corresponding bit of the 
 226:Generated_Source\PSoC4/I2CS_I2C_SLAVE.c **** *  I2C slave address.
 227:Generated_Source\PSoC4/I2CS_I2C_SLAVE.c **** *
 228:Generated_Source\PSoC4/I2CS_I2C_SLAVE.c **** *  The range of valid values is between 0 and 254 (0x00 to 0xFE). 
 229:Generated_Source\PSoC4/I2CS_I2C_SLAVE.c **** *  The LSB of the address mask must be 0 because it corresponds to R/W bit 
 230:Generated_Source\PSoC4/I2CS_I2C_SLAVE.c **** *  within I2C slave address byte.
 231:Generated_Source\PSoC4/I2CS_I2C_SLAVE.c **** *
 232:Generated_Source\PSoC4/I2CS_I2C_SLAVE.c **** *******************************************************************************/
 233:Generated_Source\PSoC4/I2CS_I2C_SLAVE.c **** void I2CS_I2CSlaveSetAddressMask(uint32 addressMask)
 234:Generated_Source\PSoC4/I2CS_I2C_SLAVE.c **** {
 191              		.loc 1 234 0
 192              		.cfi_startproc
 193              		@ args = 0, pretend = 0, frame = 0
 194              		@ frame_needed = 0, uses_anonymous_args = 0
 195              		@ link register save eliminated.
 196              	.LVL14:
 235:Generated_Source\PSoC4/I2CS_I2C_SLAVE.c ****     uint32 matchReg;
 236:Generated_Source\PSoC4/I2CS_I2C_SLAVE.c **** 
 237:Generated_Source\PSoC4/I2CS_I2C_SLAVE.c ****     matchReg = I2CS_RX_MATCH_REG;
 197              		.loc 1 237 0
 198 0000 034A     		ldr	r2, .L14
 199 0002 1168     		ldr	r1, [r2]
 200              	.LVL15:
 238:Generated_Source\PSoC4/I2CS_I2C_SLAVE.c **** 
 239:Generated_Source\PSoC4/I2CS_I2C_SLAVE.c ****     matchReg &= ((uint32) ~I2CS_RX_MATCH_MASK_MASK);
 201              		.loc 1 239 0
 202 0004 034B     		ldr	r3, .L14+4
 203 0006 0B40     		ands	r3, r1
 204              	.LVL16:
 240:Generated_Source\PSoC4/I2CS_I2C_SLAVE.c ****     matchReg |= ((uint32) (addressMask << I2CS_RX_MATCH_MASK_POS));
 205              		.loc 1 240 0
 206 0008 0004     		lsls	r0, r0, #16
 207              	.LVL17:
 208 000a 1843     		orrs	r0, r3
 209              	.LVL18:
 241:Generated_Source\PSoC4/I2CS_I2C_SLAVE.c **** 
 242:Generated_Source\PSoC4/I2CS_I2C_SLAVE.c ****     I2CS_RX_MATCH_REG = matchReg;
 210              		.loc 1 242 0
 211 000c 1060     		str	r0, [r2]
 243:Generated_Source\PSoC4/I2CS_I2C_SLAVE.c **** }
 212              		.loc 1 243 0
 213              		@ sp needed
ARM GAS  C:\Users\DGILLI~1\AppData\Local\Temp\ccZRJMyT.s 			page 9


 214 000e 7047     		bx	lr
 215              	.L15:
 216              		.align	2
 217              	.L14:
 218 0010 10030840 		.word	1074266896
 219 0014 FFFF00FF 		.word	-16711681
 220              		.cfi_endproc
 221              	.LFE5:
 222              		.size	I2CS_I2CSlaveSetAddressMask, .-I2CS_I2CSlaveSetAddressMask
 223              		.section	.text.I2CS_I2CSlaveInitReadBuf,"ax",%progbits
 224              		.align	2
 225              		.global	I2CS_I2CSlaveInitReadBuf
 226              		.code	16
 227              		.thumb_func
 228              		.type	I2CS_I2CSlaveInitReadBuf, %function
 229              	I2CS_I2CSlaveInitReadBuf:
 230              	.LFB6:
 244:Generated_Source\PSoC4/I2CS_I2C_SLAVE.c **** 
 245:Generated_Source\PSoC4/I2CS_I2C_SLAVE.c **** 
 246:Generated_Source\PSoC4/I2CS_I2C_SLAVE.c **** /*******************************************************************************
 247:Generated_Source\PSoC4/I2CS_I2C_SLAVE.c **** * Function Name: I2CS_I2CSlaveInitReadBuf
 248:Generated_Source\PSoC4/I2CS_I2C_SLAVE.c **** ****************************************************************************//**
 249:Generated_Source\PSoC4/I2CS_I2C_SLAVE.c **** *
 250:Generated_Source\PSoC4/I2CS_I2C_SLAVE.c **** *  Sets the buffer pointer and size of the read buffer. This function also
 251:Generated_Source\PSoC4/I2CS_I2C_SLAVE.c **** *  resets the transfer count returned with the 
 252:Generated_Source\PSoC4/I2CS_I2C_SLAVE.c **** *  I2CS_SlaveGetReadBufSize() function.
 253:Generated_Source\PSoC4/I2CS_I2C_SLAVE.c **** *
 254:Generated_Source\PSoC4/I2CS_I2C_SLAVE.c **** * \param readBuf: Pointer to the data buffer to be read by the master.
 255:Generated_Source\PSoC4/I2CS_I2C_SLAVE.c **** * \param bufSize: Size of the read buffer exposed to the I2C master.
 256:Generated_Source\PSoC4/I2CS_I2C_SLAVE.c **** *
 257:Generated_Source\PSoC4/I2CS_I2C_SLAVE.c **** * \sideeffect
 258:Generated_Source\PSoC4/I2CS_I2C_SLAVE.c **** *  If this function is called during a bus transaction, data from the previous
 259:Generated_Source\PSoC4/I2CS_I2C_SLAVE.c **** *  buffer location and the beginning of current buffer may be transmitted.
 260:Generated_Source\PSoC4/I2CS_I2C_SLAVE.c **** *
 261:Generated_Source\PSoC4/I2CS_I2C_SLAVE.c **** * \globalvars
 262:Generated_Source\PSoC4/I2CS_I2C_SLAVE.c **** *  I2CS_slRdBufPtr   - used to store pointer to slave read buffer.
 263:Generated_Source\PSoC4/I2CS_I2C_SLAVE.c **** *  I2CS_slRdBufSize  - used to store salve read buffer size.
 264:Generated_Source\PSoC4/I2CS_I2C_SLAVE.c **** *  I2CS_slRdBufIndex - used to store current index within slave
 265:Generated_Source\PSoC4/I2CS_I2C_SLAVE.c **** *  read buffer.
 266:Generated_Source\PSoC4/I2CS_I2C_SLAVE.c **** *
 267:Generated_Source\PSoC4/I2CS_I2C_SLAVE.c **** *******************************************************************************/
 268:Generated_Source\PSoC4/I2CS_I2C_SLAVE.c **** void I2CS_I2CSlaveInitReadBuf(uint8 * rdBuf, uint32 bufSize)
 269:Generated_Source\PSoC4/I2CS_I2C_SLAVE.c **** {
 231              		.loc 1 269 0
 232              		.cfi_startproc
 233              		@ args = 0, pretend = 0, frame = 0
 234              		@ frame_needed = 0, uses_anonymous_args = 0
 235              	.LVL19:
 236 0000 70B5     		push	{r4, r5, r6, lr}
 237              		.cfi_def_cfa_offset 16
 238              		.cfi_offset 4, -16
 239              		.cfi_offset 5, -12
 240              		.cfi_offset 6, -8
 241              		.cfi_offset 14, -4
 242 0002 0400     		movs	r4, r0
 243 0004 0D00     		movs	r5, r1
 270:Generated_Source\PSoC4/I2CS_I2C_SLAVE.c ****     /* Check for proper buffer */
ARM GAS  C:\Users\DGILLI~1\AppData\Local\Temp\ccZRJMyT.s 			page 10


 271:Generated_Source\PSoC4/I2CS_I2C_SLAVE.c ****     if(NULL != rdBuf)
 244              		.loc 1 271 0
 245 0006 0028     		cmp	r0, #0
 246 0008 0ED0     		beq	.L16
 272:Generated_Source\PSoC4/I2CS_I2C_SLAVE.c ****     {
 273:Generated_Source\PSoC4/I2CS_I2C_SLAVE.c ****         I2CS_DisableInt();  /* Lock from interruption */
 247              		.loc 1 273 0
 248 000a 0720     		movs	r0, #7
 249              	.LVL20:
 250 000c FFF7FEFF 		bl	CyIntDisable
 251              	.LVL21:
 274:Generated_Source\PSoC4/I2CS_I2C_SLAVE.c **** 
 275:Generated_Source\PSoC4/I2CS_I2C_SLAVE.c ****         I2CS_slRdBufPtr      = (volatile uint8 *) rdBuf; /* Set buffer pointer  */
 252              		.loc 1 275 0
 253 0010 064B     		ldr	r3, .L18
 254 0012 1C60     		str	r4, [r3]
 276:Generated_Source\PSoC4/I2CS_I2C_SLAVE.c ****         I2CS_slRdBufSize     = bufSize;                  /* Set buffer size     */
 255              		.loc 1 276 0
 256 0014 064B     		ldr	r3, .L18+4
 257 0016 1D60     		str	r5, [r3]
 277:Generated_Source\PSoC4/I2CS_I2C_SLAVE.c ****         I2CS_slRdBufIndex    = 0u;                       /* Clear buffer index  */
 258              		.loc 1 277 0
 259 0018 0023     		movs	r3, #0
 260 001a 064A     		ldr	r2, .L18+8
 261 001c 1360     		str	r3, [r2]
 278:Generated_Source\PSoC4/I2CS_I2C_SLAVE.c ****         I2CS_slRdBufIndexTmp = 0u;                       /* Clear buffer index  */
 262              		.loc 1 278 0
 263 001e 064A     		ldr	r2, .L18+12
 264 0020 1360     		str	r3, [r2]
 279:Generated_Source\PSoC4/I2CS_I2C_SLAVE.c **** 
 280:Generated_Source\PSoC4/I2CS_I2C_SLAVE.c ****         I2CS_EnableInt();   /* Release lock */
 265              		.loc 1 280 0
 266 0022 0720     		movs	r0, #7
 267 0024 FFF7FEFF 		bl	CyIntEnable
 268              	.LVL22:
 269              	.L16:
 281:Generated_Source\PSoC4/I2CS_I2C_SLAVE.c ****     }
 282:Generated_Source\PSoC4/I2CS_I2C_SLAVE.c **** }
 270              		.loc 1 282 0
 271              		@ sp needed
 272              	.LVL23:
 273              	.LVL24:
 274 0028 70BD     		pop	{r4, r5, r6, pc}
 275              	.L19:
 276 002a C046     		.align	2
 277              	.L18:
 278 002c 00000000 		.word	I2CS_slRdBufPtr
 279 0030 00000000 		.word	I2CS_slRdBufSize
 280 0034 00000000 		.word	I2CS_slRdBufIndex
 281 0038 00000000 		.word	I2CS_slRdBufIndexTmp
 282              		.cfi_endproc
 283              	.LFE6:
 284              		.size	I2CS_I2CSlaveInitReadBuf, .-I2CS_I2CSlaveInitReadBuf
 285              		.section	.text.I2CS_I2CSlaveInitWriteBuf,"ax",%progbits
 286              		.align	2
 287              		.global	I2CS_I2CSlaveInitWriteBuf
 288              		.code	16
ARM GAS  C:\Users\DGILLI~1\AppData\Local\Temp\ccZRJMyT.s 			page 11


 289              		.thumb_func
 290              		.type	I2CS_I2CSlaveInitWriteBuf, %function
 291              	I2CS_I2CSlaveInitWriteBuf:
 292              	.LFB7:
 283:Generated_Source\PSoC4/I2CS_I2C_SLAVE.c **** 
 284:Generated_Source\PSoC4/I2CS_I2C_SLAVE.c **** 
 285:Generated_Source\PSoC4/I2CS_I2C_SLAVE.c **** /*******************************************************************************
 286:Generated_Source\PSoC4/I2CS_I2C_SLAVE.c **** * Function Name: I2CS_I2CSlaveInitWriteBuf
 287:Generated_Source\PSoC4/I2CS_I2C_SLAVE.c **** ****************************************************************************//**
 288:Generated_Source\PSoC4/I2CS_I2C_SLAVE.c **** *
 289:Generated_Source\PSoC4/I2CS_I2C_SLAVE.c **** *  Sets the buffer pointer and size of the write buffer. This function also 
 290:Generated_Source\PSoC4/I2CS_I2C_SLAVE.c **** *  resets the transfer count returned with the 
 291:Generated_Source\PSoC4/I2CS_I2C_SLAVE.c **** *  I2CS_I2CSlaveGetWriteBufSize() function.
 292:Generated_Source\PSoC4/I2CS_I2C_SLAVE.c **** *
 293:Generated_Source\PSoC4/I2CS_I2C_SLAVE.c **** * \param writeBuf: Pointer to the data buffer to be written by the master.
 294:Generated_Source\PSoC4/I2CS_I2C_SLAVE.c **** * \param bufSize:  Size of the write buffer exposed to the I2C master.
 295:Generated_Source\PSoC4/I2CS_I2C_SLAVE.c **** *
 296:Generated_Source\PSoC4/I2CS_I2C_SLAVE.c **** * \sideeffect
 297:Generated_Source\PSoC4/I2CS_I2C_SLAVE.c **** *  If this function is called during a bus transaction, data may be received in 
 298:Generated_Source\PSoC4/I2CS_I2C_SLAVE.c **** *  the previous buffer and the current buffer location.
 299:Generated_Source\PSoC4/I2CS_I2C_SLAVE.c **** *
 300:Generated_Source\PSoC4/I2CS_I2C_SLAVE.c **** * \globalvars
 301:Generated_Source\PSoC4/I2CS_I2C_SLAVE.c **** *  I2CS_slWrBufPtr   - used to store pointer to slave write buffer.
 302:Generated_Source\PSoC4/I2CS_I2C_SLAVE.c **** *  I2CS_slWrBufSize  - used to store salve write buffer size.
 303:Generated_Source\PSoC4/I2CS_I2C_SLAVE.c **** *  I2CS_slWrBufIndex - used to store current index within slave
 304:Generated_Source\PSoC4/I2CS_I2C_SLAVE.c **** *   write buffer.
 305:Generated_Source\PSoC4/I2CS_I2C_SLAVE.c **** *
 306:Generated_Source\PSoC4/I2CS_I2C_SLAVE.c **** *******************************************************************************/
 307:Generated_Source\PSoC4/I2CS_I2C_SLAVE.c **** void I2CS_I2CSlaveInitWriteBuf(uint8 * wrBuf, uint32 bufSize)
 308:Generated_Source\PSoC4/I2CS_I2C_SLAVE.c **** {
 293              		.loc 1 308 0
 294              		.cfi_startproc
 295              		@ args = 0, pretend = 0, frame = 0
 296              		@ frame_needed = 0, uses_anonymous_args = 0
 297              	.LVL25:
 298 0000 70B5     		push	{r4, r5, r6, lr}
 299              		.cfi_def_cfa_offset 16
 300              		.cfi_offset 4, -16
 301              		.cfi_offset 5, -12
 302              		.cfi_offset 6, -8
 303              		.cfi_offset 14, -4
 304 0002 0400     		movs	r4, r0
 305 0004 0D00     		movs	r5, r1
 309:Generated_Source\PSoC4/I2CS_I2C_SLAVE.c ****     /* Check buffer pointer */
 310:Generated_Source\PSoC4/I2CS_I2C_SLAVE.c ****     if(NULL != wrBuf)
 306              		.loc 1 310 0
 307 0006 0028     		cmp	r0, #0
 308 0008 0CD0     		beq	.L20
 311:Generated_Source\PSoC4/I2CS_I2C_SLAVE.c ****     {
 312:Generated_Source\PSoC4/I2CS_I2C_SLAVE.c ****         I2CS_DisableInt();  /* Lock from interruption */
 309              		.loc 1 312 0
 310 000a 0720     		movs	r0, #7
 311              	.LVL26:
 312 000c FFF7FEFF 		bl	CyIntDisable
 313              	.LVL27:
 313:Generated_Source\PSoC4/I2CS_I2C_SLAVE.c **** 
 314:Generated_Source\PSoC4/I2CS_I2C_SLAVE.c ****         I2CS_slWrBufPtr   = (volatile uint8 *) wrBuf; /* Set buffer pointer  */
ARM GAS  C:\Users\DGILLI~1\AppData\Local\Temp\ccZRJMyT.s 			page 12


 314              		.loc 1 314 0
 315 0010 054B     		ldr	r3, .L22
 316 0012 1C60     		str	r4, [r3]
 315:Generated_Source\PSoC4/I2CS_I2C_SLAVE.c ****         I2CS_slWrBufSize  = bufSize;                  /* Set buffer size     */
 317              		.loc 1 315 0
 318 0014 054B     		ldr	r3, .L22+4
 319 0016 1D60     		str	r5, [r3]
 316:Generated_Source\PSoC4/I2CS_I2C_SLAVE.c ****         I2CS_slWrBufIndex = 0u;                       /* Clear buffer index  */
 320              		.loc 1 316 0
 321 0018 0022     		movs	r2, #0
 322 001a 054B     		ldr	r3, .L22+8
 323 001c 1A60     		str	r2, [r3]
 317:Generated_Source\PSoC4/I2CS_I2C_SLAVE.c **** 
 318:Generated_Source\PSoC4/I2CS_I2C_SLAVE.c ****         I2CS_EnableInt();   /* Release lock */
 324              		.loc 1 318 0
 325 001e 0720     		movs	r0, #7
 326 0020 FFF7FEFF 		bl	CyIntEnable
 327              	.LVL28:
 328              	.L20:
 319:Generated_Source\PSoC4/I2CS_I2C_SLAVE.c ****     }
 320:Generated_Source\PSoC4/I2CS_I2C_SLAVE.c **** }
 329              		.loc 1 320 0
 330              		@ sp needed
 331              	.LVL29:
 332              	.LVL30:
 333 0024 70BD     		pop	{r4, r5, r6, pc}
 334              	.L23:
 335 0026 C046     		.align	2
 336              	.L22:
 337 0028 00000000 		.word	I2CS_slWrBufPtr
 338 002c 00000000 		.word	I2CS_slWrBufSize
 339 0030 00000000 		.word	I2CS_slWrBufIndex
 340              		.cfi_endproc
 341              	.LFE7:
 342              		.size	I2CS_I2CSlaveInitWriteBuf, .-I2CS_I2CSlaveInitWriteBuf
 343              		.section	.text.I2CS_I2CSlaveGetReadBufSize,"ax",%progbits
 344              		.align	2
 345              		.global	I2CS_I2CSlaveGetReadBufSize
 346              		.code	16
 347              		.thumb_func
 348              		.type	I2CS_I2CSlaveGetReadBufSize, %function
 349              	I2CS_I2CSlaveGetReadBufSize:
 350              	.LFB8:
 321:Generated_Source\PSoC4/I2CS_I2C_SLAVE.c **** 
 322:Generated_Source\PSoC4/I2CS_I2C_SLAVE.c **** 
 323:Generated_Source\PSoC4/I2CS_I2C_SLAVE.c **** /*******************************************************************************
 324:Generated_Source\PSoC4/I2CS_I2C_SLAVE.c **** * Function Name: I2CS_I2CSlaveGetReadBufSize
 325:Generated_Source\PSoC4/I2CS_I2C_SLAVE.c **** ****************************************************************************//**
 326:Generated_Source\PSoC4/I2CS_I2C_SLAVE.c **** *
 327:Generated_Source\PSoC4/I2CS_I2C_SLAVE.c **** *  Returns the number of bytes read by the I2C master since an
 328:Generated_Source\PSoC4/I2CS_I2C_SLAVE.c **** *  I2CS_I2CSlaveInitReadBuf() or 
 329:Generated_Source\PSoC4/I2CS_I2C_SLAVE.c **** *  I2CS_I2CSlaveClearReadBuf() function was executed.
 330:Generated_Source\PSoC4/I2CS_I2C_SLAVE.c **** *  The maximum return value is the size of the read buffer.
 331:Generated_Source\PSoC4/I2CS_I2C_SLAVE.c **** *
 332:Generated_Source\PSoC4/I2CS_I2C_SLAVE.c **** * \return
 333:Generated_Source\PSoC4/I2CS_I2C_SLAVE.c **** *  Bytes read by master. If the transfer is not yet complete, it returns 
 334:Generated_Source\PSoC4/I2CS_I2C_SLAVE.c **** *  zero until transfer completion.
ARM GAS  C:\Users\DGILLI~1\AppData\Local\Temp\ccZRJMyT.s 			page 13


 335:Generated_Source\PSoC4/I2CS_I2C_SLAVE.c **** *
 336:Generated_Source\PSoC4/I2CS_I2C_SLAVE.c **** * \sideeffect
 337:Generated_Source\PSoC4/I2CS_I2C_SLAVE.c **** *  The returned value is not valid if I2CS_I2C_SSTAT_RD_ERR was 
 338:Generated_Source\PSoC4/I2CS_I2C_SLAVE.c **** *  captured by the slave.
 339:Generated_Source\PSoC4/I2CS_I2C_SLAVE.c **** *
 340:Generated_Source\PSoC4/I2CS_I2C_SLAVE.c **** * \globalvars
 341:Generated_Source\PSoC4/I2CS_I2C_SLAVE.c **** *  I2CS_slRdBufIndex - used to store current index within slave
 342:Generated_Source\PSoC4/I2CS_I2C_SLAVE.c **** *  read buffer.
 343:Generated_Source\PSoC4/I2CS_I2C_SLAVE.c **** *
 344:Generated_Source\PSoC4/I2CS_I2C_SLAVE.c **** *******************************************************************************/
 345:Generated_Source\PSoC4/I2CS_I2C_SLAVE.c **** uint32 I2CS_I2CSlaveGetReadBufSize(void)
 346:Generated_Source\PSoC4/I2CS_I2C_SLAVE.c **** {
 351              		.loc 1 346 0
 352              		.cfi_startproc
 353              		@ args = 0, pretend = 0, frame = 0
 354              		@ frame_needed = 0, uses_anonymous_args = 0
 355              		@ link register save eliminated.
 347:Generated_Source\PSoC4/I2CS_I2C_SLAVE.c ****     return(I2CS_slRdBufIndex);
 356              		.loc 1 347 0
 357 0000 014B     		ldr	r3, .L25
 358 0002 1868     		ldr	r0, [r3]
 348:Generated_Source\PSoC4/I2CS_I2C_SLAVE.c **** }
 359              		.loc 1 348 0
 360              		@ sp needed
 361 0004 7047     		bx	lr
 362              	.L26:
 363 0006 C046     		.align	2
 364              	.L25:
 365 0008 00000000 		.word	I2CS_slRdBufIndex
 366              		.cfi_endproc
 367              	.LFE8:
 368              		.size	I2CS_I2CSlaveGetReadBufSize, .-I2CS_I2CSlaveGetReadBufSize
 369              		.section	.text.I2CS_I2CSlaveGetWriteBufSize,"ax",%progbits
 370              		.align	2
 371              		.global	I2CS_I2CSlaveGetWriteBufSize
 372              		.code	16
 373              		.thumb_func
 374              		.type	I2CS_I2CSlaveGetWriteBufSize, %function
 375              	I2CS_I2CSlaveGetWriteBufSize:
 376              	.LFB9:
 349:Generated_Source\PSoC4/I2CS_I2C_SLAVE.c **** 
 350:Generated_Source\PSoC4/I2CS_I2C_SLAVE.c **** 
 351:Generated_Source\PSoC4/I2CS_I2C_SLAVE.c **** /*******************************************************************************
 352:Generated_Source\PSoC4/I2CS_I2C_SLAVE.c **** * Function Name: I2CS_I2CSlaveGetWriteBufSize
 353:Generated_Source\PSoC4/I2CS_I2C_SLAVE.c **** ****************************************************************************//**
 354:Generated_Source\PSoC4/I2CS_I2C_SLAVE.c **** *
 355:Generated_Source\PSoC4/I2CS_I2C_SLAVE.c **** *  Returns the number of bytes written by the I2C master since an
 356:Generated_Source\PSoC4/I2CS_I2C_SLAVE.c **** *  I2CS_I2CSlaveInitWriteBuf() or 
 357:Generated_Source\PSoC4/I2CS_I2C_SLAVE.c **** *  I2CS_I2CSlaveClearWriteBuf() function was executed.
 358:Generated_Source\PSoC4/I2CS_I2C_SLAVE.c **** *  The maximum return value is the size of the write buffer.
 359:Generated_Source\PSoC4/I2CS_I2C_SLAVE.c **** *
 360:Generated_Source\PSoC4/I2CS_I2C_SLAVE.c **** * \return
 361:Generated_Source\PSoC4/I2CS_I2C_SLAVE.c **** *  Bytes written by master.
 362:Generated_Source\PSoC4/I2CS_I2C_SLAVE.c **** *
 363:Generated_Source\PSoC4/I2CS_I2C_SLAVE.c **** * \sideeffect
 364:Generated_Source\PSoC4/I2CS_I2C_SLAVE.c **** *  The returned value is not valid if I2CS_I2C_SSTAT_WR_ERR was 
 365:Generated_Source\PSoC4/I2CS_I2C_SLAVE.c **** *  captured by the slave.
ARM GAS  C:\Users\DGILLI~1\AppData\Local\Temp\ccZRJMyT.s 			page 14


 366:Generated_Source\PSoC4/I2CS_I2C_SLAVE.c **** *
 367:Generated_Source\PSoC4/I2CS_I2C_SLAVE.c **** * \globalvars
 368:Generated_Source\PSoC4/I2CS_I2C_SLAVE.c **** *  I2CS_slWrBufIndex - used to store current index within slave
 369:Generated_Source\PSoC4/I2CS_I2C_SLAVE.c **** *   write buffer.
 370:Generated_Source\PSoC4/I2CS_I2C_SLAVE.c **** *
 371:Generated_Source\PSoC4/I2CS_I2C_SLAVE.c **** *******************************************************************************/
 372:Generated_Source\PSoC4/I2CS_I2C_SLAVE.c **** uint32 I2CS_I2CSlaveGetWriteBufSize(void)
 373:Generated_Source\PSoC4/I2CS_I2C_SLAVE.c **** {
 377              		.loc 1 373 0
 378              		.cfi_startproc
 379              		@ args = 0, pretend = 0, frame = 0
 380              		@ frame_needed = 0, uses_anonymous_args = 0
 381              		@ link register save eliminated.
 374:Generated_Source\PSoC4/I2CS_I2C_SLAVE.c ****     return(I2CS_slWrBufIndex);
 382              		.loc 1 374 0
 383 0000 014B     		ldr	r3, .L28
 384 0002 1868     		ldr	r0, [r3]
 375:Generated_Source\PSoC4/I2CS_I2C_SLAVE.c **** }
 385              		.loc 1 375 0
 386              		@ sp needed
 387 0004 7047     		bx	lr
 388              	.L29:
 389 0006 C046     		.align	2
 390              	.L28:
 391 0008 00000000 		.word	I2CS_slWrBufIndex
 392              		.cfi_endproc
 393              	.LFE9:
 394              		.size	I2CS_I2CSlaveGetWriteBufSize, .-I2CS_I2CSlaveGetWriteBufSize
 395              		.section	.text.I2CS_I2CSlaveClearReadBuf,"ax",%progbits
 396              		.align	2
 397              		.global	I2CS_I2CSlaveClearReadBuf
 398              		.code	16
 399              		.thumb_func
 400              		.type	I2CS_I2CSlaveClearReadBuf, %function
 401              	I2CS_I2CSlaveClearReadBuf:
 402              	.LFB10:
 376:Generated_Source\PSoC4/I2CS_I2C_SLAVE.c **** 
 377:Generated_Source\PSoC4/I2CS_I2C_SLAVE.c **** 
 378:Generated_Source\PSoC4/I2CS_I2C_SLAVE.c **** /*******************************************************************************
 379:Generated_Source\PSoC4/I2CS_I2C_SLAVE.c **** * Function Name: I2CS_I2CSlaveClearReadBuf
 380:Generated_Source\PSoC4/I2CS_I2C_SLAVE.c **** ****************************************************************************//**
 381:Generated_Source\PSoC4/I2CS_I2C_SLAVE.c **** *
 382:Generated_Source\PSoC4/I2CS_I2C_SLAVE.c **** *  Resets the read pointer to the first byte in the read buffer. The next byte
 383:Generated_Source\PSoC4/I2CS_I2C_SLAVE.c **** *  read by the master will be the first byte in the read buffer.
 384:Generated_Source\PSoC4/I2CS_I2C_SLAVE.c **** *
 385:Generated_Source\PSoC4/I2CS_I2C_SLAVE.c **** * \globalvars
 386:Generated_Source\PSoC4/I2CS_I2C_SLAVE.c **** *  I2CS_slRdBufIndex - used to store current index within slave
 387:Generated_Source\PSoC4/I2CS_I2C_SLAVE.c **** *  read buffer.
 388:Generated_Source\PSoC4/I2CS_I2C_SLAVE.c **** *
 389:Generated_Source\PSoC4/I2CS_I2C_SLAVE.c **** *******************************************************************************/
 390:Generated_Source\PSoC4/I2CS_I2C_SLAVE.c **** void I2CS_I2CSlaveClearReadBuf(void)
 391:Generated_Source\PSoC4/I2CS_I2C_SLAVE.c **** {
 403              		.loc 1 391 0
 404              		.cfi_startproc
 405              		@ args = 0, pretend = 0, frame = 0
 406              		@ frame_needed = 0, uses_anonymous_args = 0
 407              		@ link register save eliminated.
ARM GAS  C:\Users\DGILLI~1\AppData\Local\Temp\ccZRJMyT.s 			page 15


 392:Generated_Source\PSoC4/I2CS_I2C_SLAVE.c ****     I2CS_slRdBufIndex = 0u;
 408              		.loc 1 392 0
 409 0000 0022     		movs	r2, #0
 410 0002 014B     		ldr	r3, .L31
 411 0004 1A60     		str	r2, [r3]
 393:Generated_Source\PSoC4/I2CS_I2C_SLAVE.c **** }
 412              		.loc 1 393 0
 413              		@ sp needed
 414 0006 7047     		bx	lr
 415              	.L32:
 416              		.align	2
 417              	.L31:
 418 0008 00000000 		.word	I2CS_slRdBufIndex
 419              		.cfi_endproc
 420              	.LFE10:
 421              		.size	I2CS_I2CSlaveClearReadBuf, .-I2CS_I2CSlaveClearReadBuf
 422              		.section	.text.I2CS_I2CSlaveClearWriteBuf,"ax",%progbits
 423              		.align	2
 424              		.global	I2CS_I2CSlaveClearWriteBuf
 425              		.code	16
 426              		.thumb_func
 427              		.type	I2CS_I2CSlaveClearWriteBuf, %function
 428              	I2CS_I2CSlaveClearWriteBuf:
 429              	.LFB11:
 394:Generated_Source\PSoC4/I2CS_I2C_SLAVE.c **** 
 395:Generated_Source\PSoC4/I2CS_I2C_SLAVE.c **** 
 396:Generated_Source\PSoC4/I2CS_I2C_SLAVE.c **** /*******************************************************************************
 397:Generated_Source\PSoC4/I2CS_I2C_SLAVE.c **** * Function Name: I2CS_I2CSlaveClearWriteBuf
 398:Generated_Source\PSoC4/I2CS_I2C_SLAVE.c **** ****************************************************************************//**
 399:Generated_Source\PSoC4/I2CS_I2C_SLAVE.c **** *
 400:Generated_Source\PSoC4/I2CS_I2C_SLAVE.c **** *  Resets the write pointer to the first byte in the write buffer. The next byte
 401:Generated_Source\PSoC4/I2CS_I2C_SLAVE.c **** *  written by the master will be the first byte in the write buffer.
 402:Generated_Source\PSoC4/I2CS_I2C_SLAVE.c **** *
 403:Generated_Source\PSoC4/I2CS_I2C_SLAVE.c **** * \globalvars
 404:Generated_Source\PSoC4/I2CS_I2C_SLAVE.c **** *  I2CS_slWrBufIndex - used to store current index within slave
 405:Generated_Source\PSoC4/I2CS_I2C_SLAVE.c **** *  write buffer.
 406:Generated_Source\PSoC4/I2CS_I2C_SLAVE.c **** *
 407:Generated_Source\PSoC4/I2CS_I2C_SLAVE.c **** *******************************************************************************/
 408:Generated_Source\PSoC4/I2CS_I2C_SLAVE.c **** void I2CS_I2CSlaveClearWriteBuf(void)
 409:Generated_Source\PSoC4/I2CS_I2C_SLAVE.c **** {
 430              		.loc 1 409 0
 431              		.cfi_startproc
 432              		@ args = 0, pretend = 0, frame = 0
 433              		@ frame_needed = 0, uses_anonymous_args = 0
 434              		@ link register save eliminated.
 410:Generated_Source\PSoC4/I2CS_I2C_SLAVE.c ****     I2CS_slWrBufIndex = 0u;
 435              		.loc 1 410 0
 436 0000 0022     		movs	r2, #0
 437 0002 014B     		ldr	r3, .L34
 438 0004 1A60     		str	r2, [r3]
 411:Generated_Source\PSoC4/I2CS_I2C_SLAVE.c **** }
 439              		.loc 1 411 0
 440              		@ sp needed
 441 0006 7047     		bx	lr
 442              	.L35:
 443              		.align	2
 444              	.L34:
ARM GAS  C:\Users\DGILLI~1\AppData\Local\Temp\ccZRJMyT.s 			page 16


 445 0008 00000000 		.word	I2CS_slWrBufIndex
 446              		.cfi_endproc
 447              	.LFE11:
 448              		.size	I2CS_I2CSlaveClearWriteBuf, .-I2CS_I2CSlaveClearWriteBuf
 449              		.comm	I2CS_slOverFlowCount,1,1
 450              		.comm	I2CS_slRdBufIndexTmp,4,4
 451              		.comm	I2CS_slRdBufIndex,4,4
 452              		.comm	I2CS_slRdBufSize,4,4
 453              		.comm	I2CS_slRdBufPtr,4,4
 454              		.comm	I2CS_slWrBufIndex,4,4
 455              		.comm	I2CS_slWrBufSize,4,4
 456              		.comm	I2CS_slWrBufPtr,4,4
 457              		.comm	I2CS_slStatus,1,1
 458              		.text
 459              	.Letext0:
 460              		.file 2 "Generated_Source\\PSoC4/cytypes.h"
 461              		.file 3 "Generated_Source\\PSoC4/CyLib.h"
 462              		.section	.debug_info,"",%progbits
 463              	.Ldebug_info0:
 464 0000 89030000 		.4byte	0x389
 465 0004 0400     		.2byte	0x4
 466 0006 00000000 		.4byte	.Ldebug_abbrev0
 467 000a 04       		.byte	0x4
 468 000b 01       		.uleb128 0x1
 469 000c 3B030000 		.4byte	.LASF46
 470 0010 0C       		.byte	0xc
 471 0011 14000000 		.4byte	.LASF47
 472 0015 9A000000 		.4byte	.LASF48
 473 0019 00000000 		.4byte	.Ldebug_ranges0+0
 474 001d 00000000 		.4byte	0
 475 0021 00000000 		.4byte	.Ldebug_line0
 476 0025 02       		.uleb128 0x2
 477 0026 01       		.byte	0x1
 478 0027 06       		.byte	0x6
 479 0028 CD030000 		.4byte	.LASF0
 480 002c 02       		.uleb128 0x2
 481 002d 01       		.byte	0x1
 482 002e 08       		.byte	0x8
 483 002f 48010000 		.4byte	.LASF1
 484 0033 02       		.uleb128 0x2
 485 0034 02       		.byte	0x2
 486 0035 05       		.byte	0x5
 487 0036 EF020000 		.4byte	.LASF2
 488 003a 02       		.uleb128 0x2
 489 003b 02       		.byte	0x2
 490 003c 07       		.byte	0x7
 491 003d 87000000 		.4byte	.LASF3
 492 0041 02       		.uleb128 0x2
 493 0042 04       		.byte	0x4
 494 0043 05       		.byte	0x5
 495 0044 11030000 		.4byte	.LASF4
 496 0048 02       		.uleb128 0x2
 497 0049 04       		.byte	0x4
 498 004a 07       		.byte	0x7
 499 004b 72010000 		.4byte	.LASF5
 500 004f 02       		.uleb128 0x2
 501 0050 08       		.byte	0x8
ARM GAS  C:\Users\DGILLI~1\AppData\Local\Temp\ccZRJMyT.s 			page 17


 502 0051 05       		.byte	0x5
 503 0052 87020000 		.4byte	.LASF6
 504 0056 02       		.uleb128 0x2
 505 0057 08       		.byte	0x8
 506 0058 07       		.byte	0x7
 507 0059 34020000 		.4byte	.LASF7
 508 005d 03       		.uleb128 0x3
 509 005e 04       		.byte	0x4
 510 005f 05       		.byte	0x5
 511 0060 696E7400 		.ascii	"int\000"
 512 0064 02       		.uleb128 0x2
 513 0065 04       		.byte	0x4
 514 0066 07       		.byte	0x7
 515 0067 1F020000 		.4byte	.LASF8
 516 006b 04       		.uleb128 0x4
 517 006c 84010000 		.4byte	.LASF9
 518 0070 02       		.byte	0x2
 519 0071 E401     		.2byte	0x1e4
 520 0073 2C000000 		.4byte	0x2c
 521 0077 04       		.uleb128 0x4
 522 0078 E3010000 		.4byte	.LASF10
 523 007c 02       		.byte	0x2
 524 007d E601     		.2byte	0x1e6
 525 007f 48000000 		.4byte	0x48
 526 0083 02       		.uleb128 0x2
 527 0084 04       		.byte	0x4
 528 0085 04       		.byte	0x4
 529 0086 42010000 		.4byte	.LASF11
 530 008a 02       		.uleb128 0x2
 531 008b 08       		.byte	0x8
 532 008c 04       		.byte	0x4
 533 008d C0010000 		.4byte	.LASF12
 534 0091 02       		.uleb128 0x2
 535 0092 01       		.byte	0x1
 536 0093 08       		.byte	0x8
 537 0094 B2020000 		.4byte	.LASF13
 538 0098 05       		.uleb128 0x5
 539 0099 6B000000 		.4byte	0x6b
 540 009d 04       		.uleb128 0x4
 541 009e 0E000000 		.4byte	.LASF14
 542 00a2 02       		.byte	0x2
 543 00a3 9002     		.2byte	0x290
 544 00a5 A9000000 		.4byte	0xa9
 545 00a9 05       		.uleb128 0x5
 546 00aa 77000000 		.4byte	0x77
 547 00ae 02       		.uleb128 0x2
 548 00af 08       		.byte	0x8
 549 00b0 04       		.byte	0x4
 550 00b1 72020000 		.4byte	.LASF15
 551 00b5 02       		.uleb128 0x2
 552 00b6 04       		.byte	0x4
 553 00b7 07       		.byte	0x7
 554 00b8 7E020000 		.4byte	.LASF16
 555 00bc 06       		.uleb128 0x6
 556 00bd 90010000 		.4byte	.LASF30
 557 00c1 01       		.byte	0x1
 558 00c2 75       		.byte	0x75
ARM GAS  C:\Users\DGILLI~1\AppData\Local\Temp\ccZRJMyT.s 			page 18


 559 00c3 77000000 		.4byte	0x77
 560 00c7 00000000 		.4byte	.LFB1
 561 00cb 0C000000 		.4byte	.LFE1-.LFB1
 562 00cf 01       		.uleb128 0x1
 563 00d0 9C       		.byte	0x9c
 564 00d1 07       		.uleb128 0x7
 565 00d2 55000000 		.4byte	.LASF17
 566 00d6 01       		.byte	0x1
 567 00d7 8D       		.byte	0x8d
 568 00d8 77000000 		.4byte	0x77
 569 00dc 00000000 		.4byte	.LFB2
 570 00e0 28000000 		.4byte	.LFE2-.LFB2
 571 00e4 01       		.uleb128 0x1
 572 00e5 9C       		.byte	0x9c
 573 00e6 1C010000 		.4byte	0x11c
 574 00ea 08       		.uleb128 0x8
 575 00eb 17010000 		.4byte	.LASF19
 576 00ef 01       		.byte	0x1
 577 00f0 8F       		.byte	0x8f
 578 00f1 77000000 		.4byte	0x77
 579 00f5 00000000 		.4byte	.LLST0
 580 00f9 09       		.uleb128 0x9
 581 00fa 08000000 		.4byte	.LVL0
 582 00fe 76030000 		.4byte	0x376
 583 0102 0C010000 		.4byte	0x10c
 584 0106 0A       		.uleb128 0xa
 585 0107 01       		.uleb128 0x1
 586 0108 50       		.byte	0x50
 587 0109 01       		.uleb128 0x1
 588 010a 37       		.byte	0x37
 589 010b 00       		.byte	0
 590 010c 0B       		.uleb128 0xb
 591 010d 1E000000 		.4byte	.LVL2
 592 0111 81030000 		.4byte	0x381
 593 0115 0A       		.uleb128 0xa
 594 0116 01       		.uleb128 0x1
 595 0117 50       		.byte	0x50
 596 0118 01       		.uleb128 0x1
 597 0119 37       		.byte	0x37
 598 011a 00       		.byte	0
 599 011b 00       		.byte	0
 600 011c 07       		.uleb128 0x7
 601 011d 24010000 		.4byte	.LASF18
 602 0121 01       		.byte	0x1
 603 0122 AF       		.byte	0xaf
 604 0123 77000000 		.4byte	0x77
 605 0127 00000000 		.4byte	.LFB3
 606 012b 28000000 		.4byte	.LFE3-.LFB3
 607 012f 01       		.uleb128 0x1
 608 0130 9C       		.byte	0x9c
 609 0131 67010000 		.4byte	0x167
 610 0135 08       		.uleb128 0x8
 611 0136 17010000 		.4byte	.LASF19
 612 013a 01       		.byte	0x1
 613 013b B1       		.byte	0xb1
 614 013c 77000000 		.4byte	0x77
 615 0140 1E000000 		.4byte	.LLST1
ARM GAS  C:\Users\DGILLI~1\AppData\Local\Temp\ccZRJMyT.s 			page 19


 616 0144 09       		.uleb128 0x9
 617 0145 08000000 		.4byte	.LVL4
 618 0149 76030000 		.4byte	0x376
 619 014d 57010000 		.4byte	0x157
 620 0151 0A       		.uleb128 0xa
 621 0152 01       		.uleb128 0x1
 622 0153 50       		.byte	0x50
 623 0154 01       		.uleb128 0x1
 624 0155 37       		.byte	0x37
 625 0156 00       		.byte	0
 626 0157 0B       		.uleb128 0xb
 627 0158 1E000000 		.4byte	.LVL6
 628 015c 81030000 		.4byte	0x381
 629 0160 0A       		.uleb128 0xa
 630 0161 01       		.uleb128 0x1
 631 0162 50       		.byte	0x50
 632 0163 01       		.uleb128 0x1
 633 0164 37       		.byte	0x37
 634 0165 00       		.byte	0
 635 0166 00       		.byte	0
 636 0167 0C       		.uleb128 0xc
 637 0168 23030000 		.4byte	.LASF21
 638 016c 01       		.byte	0x1
 639 016d CC       		.byte	0xcc
 640 016e 00000000 		.4byte	.LFB4
 641 0172 18000000 		.4byte	.LFE4-.LFB4
 642 0176 01       		.uleb128 0x1
 643 0177 9C       		.byte	0x9c
 644 0178 9B010000 		.4byte	0x19b
 645 017c 0D       		.uleb128 0xd
 646 017d 2C020000 		.4byte	.LASF23
 647 0181 01       		.byte	0x1
 648 0182 CC       		.byte	0xcc
 649 0183 77000000 		.4byte	0x77
 650 0187 3C000000 		.4byte	.LLST2
 651 018b 08       		.uleb128 0x8
 652 018c 1A030000 		.4byte	.LASF20
 653 0190 01       		.byte	0x1
 654 0191 CE       		.byte	0xce
 655 0192 77000000 		.4byte	0x77
 656 0196 68000000 		.4byte	.LLST3
 657 019a 00       		.byte	0
 658 019b 0C       		.uleb128 0xc
 659 019c 56010000 		.4byte	.LASF22
 660 01a0 01       		.byte	0x1
 661 01a1 E9       		.byte	0xe9
 662 01a2 00000000 		.4byte	.LFB5
 663 01a6 18000000 		.4byte	.LFE5-.LFB5
 664 01aa 01       		.uleb128 0x1
 665 01ab 9C       		.byte	0x9c
 666 01ac CF010000 		.4byte	0x1cf
 667 01b0 0D       		.uleb128 0xd
 668 01b1 FC030000 		.4byte	.LASF24
 669 01b5 01       		.byte	0x1
 670 01b6 E9       		.byte	0xe9
 671 01b7 77000000 		.4byte	0x77
 672 01bb 86000000 		.4byte	.LLST4
ARM GAS  C:\Users\DGILLI~1\AppData\Local\Temp\ccZRJMyT.s 			page 20


 673 01bf 08       		.uleb128 0x8
 674 01c0 1A030000 		.4byte	.LASF20
 675 01c4 01       		.byte	0x1
 676 01c5 EB       		.byte	0xeb
 677 01c6 77000000 		.4byte	0x77
 678 01ca A7000000 		.4byte	.LLST5
 679 01ce 00       		.byte	0
 680 01cf 0E       		.uleb128 0xe
 681 01d0 3C000000 		.4byte	.LASF25
 682 01d4 01       		.byte	0x1
 683 01d5 0C01     		.2byte	0x10c
 684 01d7 00000000 		.4byte	.LFB6
 685 01db 3C000000 		.4byte	.LFE6-.LFB6
 686 01df 01       		.uleb128 0x1
 687 01e0 9C       		.byte	0x9c
 688 01e1 28020000 		.4byte	0x228
 689 01e5 0F       		.uleb128 0xf
 690 01e6 1E010000 		.4byte	.LASF26
 691 01ea 01       		.byte	0x1
 692 01eb 0C01     		.2byte	0x10c
 693 01ed 28020000 		.4byte	0x228
 694 01f1 D0000000 		.4byte	.LLST6
 695 01f5 0F       		.uleb128 0xf
 696 01f6 F9020000 		.4byte	.LASF27
 697 01fa 01       		.byte	0x1
 698 01fb 0C01     		.2byte	0x10c
 699 01fd 77000000 		.4byte	0x77
 700 0201 FC000000 		.4byte	.LLST7
 701 0205 09       		.uleb128 0x9
 702 0206 10000000 		.4byte	.LVL21
 703 020a 76030000 		.4byte	0x376
 704 020e 18020000 		.4byte	0x218
 705 0212 0A       		.uleb128 0xa
 706 0213 01       		.uleb128 0x1
 707 0214 50       		.byte	0x50
 708 0215 01       		.uleb128 0x1
 709 0216 37       		.byte	0x37
 710 0217 00       		.byte	0
 711 0218 0B       		.uleb128 0xb
 712 0219 28000000 		.4byte	.LVL22
 713 021d 81030000 		.4byte	0x381
 714 0221 0A       		.uleb128 0xa
 715 0222 01       		.uleb128 0x1
 716 0223 50       		.byte	0x50
 717 0224 01       		.uleb128 0x1
 718 0225 37       		.byte	0x37
 719 0226 00       		.byte	0
 720 0227 00       		.byte	0
 721 0228 10       		.uleb128 0x10
 722 0229 04       		.byte	0x4
 723 022a 6B000000 		.4byte	0x6b
 724 022e 0E       		.uleb128 0xe
 725 022f 05020000 		.4byte	.LASF28
 726 0233 01       		.byte	0x1
 727 0234 3301     		.2byte	0x133
 728 0236 00000000 		.4byte	.LFB7
 729 023a 34000000 		.4byte	.LFE7-.LFB7
ARM GAS  C:\Users\DGILLI~1\AppData\Local\Temp\ccZRJMyT.s 			page 21


 730 023e 01       		.uleb128 0x1
 731 023f 9C       		.byte	0x9c
 732 0240 87020000 		.4byte	0x287
 733 0244 0F       		.uleb128 0xf
 734 0245 8A010000 		.4byte	.LASF29
 735 0249 01       		.byte	0x1
 736 024a 3301     		.2byte	0x133
 737 024c 28020000 		.4byte	0x228
 738 0250 28010000 		.4byte	.LLST8
 739 0254 0F       		.uleb128 0xf
 740 0255 F9020000 		.4byte	.LASF27
 741 0259 01       		.byte	0x1
 742 025a 3301     		.2byte	0x133
 743 025c 77000000 		.4byte	0x77
 744 0260 54010000 		.4byte	.LLST9
 745 0264 09       		.uleb128 0x9
 746 0265 10000000 		.4byte	.LVL27
 747 0269 76030000 		.4byte	0x376
 748 026d 77020000 		.4byte	0x277
 749 0271 0A       		.uleb128 0xa
 750 0272 01       		.uleb128 0x1
 751 0273 50       		.byte	0x50
 752 0274 01       		.uleb128 0x1
 753 0275 37       		.byte	0x37
 754 0276 00       		.byte	0
 755 0277 0B       		.uleb128 0xb
 756 0278 24000000 		.4byte	.LVL28
 757 027c 81030000 		.4byte	0x381
 758 0280 0A       		.uleb128 0xa
 759 0281 01       		.uleb128 0x1
 760 0282 50       		.byte	0x50
 761 0283 01       		.uleb128 0x1
 762 0284 37       		.byte	0x37
 763 0285 00       		.byte	0
 764 0286 00       		.byte	0
 765 0287 11       		.uleb128 0x11
 766 0288 A4010000 		.4byte	.LASF31
 767 028c 01       		.byte	0x1
 768 028d 5901     		.2byte	0x159
 769 028f 77000000 		.4byte	0x77
 770 0293 00000000 		.4byte	.LFB8
 771 0297 0C000000 		.4byte	.LFE8-.LFB8
 772 029b 01       		.uleb128 0x1
 773 029c 9C       		.byte	0x9c
 774 029d 11       		.uleb128 0x11
 775 029e 95020000 		.4byte	.LASF32
 776 02a2 01       		.byte	0x1
 777 02a3 7401     		.2byte	0x174
 778 02a5 77000000 		.4byte	0x77
 779 02a9 00000000 		.4byte	.LFB9
 780 02ad 0C000000 		.4byte	.LFE9-.LFB9
 781 02b1 01       		.uleb128 0x1
 782 02b2 9C       		.byte	0x9c
 783 02b3 12       		.uleb128 0x12
 784 02b4 B7020000 		.4byte	.LASF33
 785 02b8 01       		.byte	0x1
 786 02b9 8601     		.2byte	0x186
ARM GAS  C:\Users\DGILLI~1\AppData\Local\Temp\ccZRJMyT.s 			page 22


 787 02bb 00000000 		.4byte	.LFB10
 788 02bf 0C000000 		.4byte	.LFE10-.LFB10
 789 02c3 01       		.uleb128 0x1
 790 02c4 9C       		.byte	0x9c
 791 02c5 12       		.uleb128 0x12
 792 02c6 EA010000 		.4byte	.LASF34
 793 02ca 01       		.byte	0x1
 794 02cb 9801     		.2byte	0x198
 795 02cd 00000000 		.4byte	.LFB11
 796 02d1 0C000000 		.4byte	.LFE11-.LFB11
 797 02d5 01       		.uleb128 0x1
 798 02d6 9C       		.byte	0x9c
 799 02d7 13       		.uleb128 0x13
 800 02d8 00000000 		.4byte	.LASF35
 801 02dc 01       		.byte	0x1
 802 02dd 1B       		.byte	0x1b
 803 02de 98000000 		.4byte	0x98
 804 02e2 05       		.uleb128 0x5
 805 02e3 03       		.byte	0x3
 806 02e4 00000000 		.4byte	I2CS_slStatus
 807 02e8 13       		.uleb128 0x13
 808 02e9 01030000 		.4byte	.LASF36
 809 02ed 01       		.byte	0x1
 810 02ee 1E       		.byte	0x1e
 811 02ef F9020000 		.4byte	0x2f9
 812 02f3 05       		.uleb128 0x5
 813 02f4 03       		.byte	0x3
 814 02f5 00000000 		.4byte	I2CS_slWrBufPtr
 815 02f9 10       		.uleb128 0x10
 816 02fa 04       		.byte	0x4
 817 02fb 98000000 		.4byte	0x98
 818 02ff 13       		.uleb128 0x13
 819 0300 DE020000 		.4byte	.LASF37
 820 0304 01       		.byte	0x1
 821 0305 1F       		.byte	0x1f
 822 0306 A9000000 		.4byte	0xa9
 823 030a 05       		.uleb128 0x5
 824 030b 03       		.byte	0x3
 825 030c 00000000 		.4byte	I2CS_slWrBufSize
 826 0310 13       		.uleb128 0x13
 827 0311 D9030000 		.4byte	.LASF38
 828 0315 01       		.byte	0x1
 829 0316 20       		.byte	0x20
 830 0317 A9000000 		.4byte	0xa9
 831 031b 05       		.uleb128 0x5
 832 031c 03       		.byte	0x3
 833 031d 00000000 		.4byte	I2CS_slWrBufIndex
 834 0321 13       		.uleb128 0x13
 835 0322 D3010000 		.4byte	.LASF39
 836 0326 01       		.byte	0x1
 837 0327 23       		.byte	0x23
 838 0328 F9020000 		.4byte	0x2f9
 839 032c 05       		.uleb128 0x5
 840 032d 03       		.byte	0x3
 841 032e 00000000 		.4byte	I2CS_slRdBufPtr
 842 0332 13       		.uleb128 0x13
 843 0333 EB030000 		.4byte	.LASF40
ARM GAS  C:\Users\DGILLI~1\AppData\Local\Temp\ccZRJMyT.s 			page 23


 844 0337 01       		.byte	0x1
 845 0338 24       		.byte	0x24
 846 0339 A9000000 		.4byte	0xa9
 847 033d 05       		.uleb128 0x5
 848 033e 03       		.byte	0x3
 849 033f 00000000 		.4byte	I2CS_slRdBufSize
 850 0343 13       		.uleb128 0x13
 851 0344 60020000 		.4byte	.LASF41
 852 0348 01       		.byte	0x1
 853 0349 25       		.byte	0x25
 854 034a A9000000 		.4byte	0xa9
 855 034e 05       		.uleb128 0x5
 856 034f 03       		.byte	0x3
 857 0350 00000000 		.4byte	I2CS_slRdBufIndex
 858 0354 13       		.uleb128 0x13
 859 0355 4B020000 		.4byte	.LASF42
 860 0359 01       		.byte	0x1
 861 035a 26       		.byte	0x26
 862 035b A9000000 		.4byte	0xa9
 863 035f 05       		.uleb128 0x5
 864 0360 03       		.byte	0x3
 865 0361 00000000 		.4byte	I2CS_slRdBufIndexTmp
 866 0365 13       		.uleb128 0x13
 867 0366 72000000 		.4byte	.LASF43
 868 036a 01       		.byte	0x1
 869 036b 27       		.byte	0x27
 870 036c 98000000 		.4byte	0x98
 871 0370 05       		.uleb128 0x5
 872 0371 03       		.byte	0x3
 873 0372 00000000 		.4byte	I2CS_slOverFlowCount
 874 0376 14       		.uleb128 0x14
 875 0377 D1020000 		.4byte	.LASF44
 876 037b D1020000 		.4byte	.LASF44
 877 037f 03       		.byte	0x3
 878 0380 C5       		.byte	0xc5
 879 0381 14       		.uleb128 0x14
 880 0382 C7010000 		.4byte	.LASF45
 881 0386 C7010000 		.4byte	.LASF45
 882 038a 03       		.byte	0x3
 883 038b C3       		.byte	0xc3
 884 038c 00       		.byte	0
 885              		.section	.debug_abbrev,"",%progbits
 886              	.Ldebug_abbrev0:
 887 0000 01       		.uleb128 0x1
 888 0001 11       		.uleb128 0x11
 889 0002 01       		.byte	0x1
 890 0003 25       		.uleb128 0x25
 891 0004 0E       		.uleb128 0xe
 892 0005 13       		.uleb128 0x13
 893 0006 0B       		.uleb128 0xb
 894 0007 03       		.uleb128 0x3
 895 0008 0E       		.uleb128 0xe
 896 0009 1B       		.uleb128 0x1b
 897 000a 0E       		.uleb128 0xe
 898 000b 55       		.uleb128 0x55
 899 000c 17       		.uleb128 0x17
 900 000d 11       		.uleb128 0x11
ARM GAS  C:\Users\DGILLI~1\AppData\Local\Temp\ccZRJMyT.s 			page 24


 901 000e 01       		.uleb128 0x1
 902 000f 10       		.uleb128 0x10
 903 0010 17       		.uleb128 0x17
 904 0011 00       		.byte	0
 905 0012 00       		.byte	0
 906 0013 02       		.uleb128 0x2
 907 0014 24       		.uleb128 0x24
 908 0015 00       		.byte	0
 909 0016 0B       		.uleb128 0xb
 910 0017 0B       		.uleb128 0xb
 911 0018 3E       		.uleb128 0x3e
 912 0019 0B       		.uleb128 0xb
 913 001a 03       		.uleb128 0x3
 914 001b 0E       		.uleb128 0xe
 915 001c 00       		.byte	0
 916 001d 00       		.byte	0
 917 001e 03       		.uleb128 0x3
 918 001f 24       		.uleb128 0x24
 919 0020 00       		.byte	0
 920 0021 0B       		.uleb128 0xb
 921 0022 0B       		.uleb128 0xb
 922 0023 3E       		.uleb128 0x3e
 923 0024 0B       		.uleb128 0xb
 924 0025 03       		.uleb128 0x3
 925 0026 08       		.uleb128 0x8
 926 0027 00       		.byte	0
 927 0028 00       		.byte	0
 928 0029 04       		.uleb128 0x4
 929 002a 16       		.uleb128 0x16
 930 002b 00       		.byte	0
 931 002c 03       		.uleb128 0x3
 932 002d 0E       		.uleb128 0xe
 933 002e 3A       		.uleb128 0x3a
 934 002f 0B       		.uleb128 0xb
 935 0030 3B       		.uleb128 0x3b
 936 0031 05       		.uleb128 0x5
 937 0032 49       		.uleb128 0x49
 938 0033 13       		.uleb128 0x13
 939 0034 00       		.byte	0
 940 0035 00       		.byte	0
 941 0036 05       		.uleb128 0x5
 942 0037 35       		.uleb128 0x35
 943 0038 00       		.byte	0
 944 0039 49       		.uleb128 0x49
 945 003a 13       		.uleb128 0x13
 946 003b 00       		.byte	0
 947 003c 00       		.byte	0
 948 003d 06       		.uleb128 0x6
 949 003e 2E       		.uleb128 0x2e
 950 003f 00       		.byte	0
 951 0040 3F       		.uleb128 0x3f
 952 0041 19       		.uleb128 0x19
 953 0042 03       		.uleb128 0x3
 954 0043 0E       		.uleb128 0xe
 955 0044 3A       		.uleb128 0x3a
 956 0045 0B       		.uleb128 0xb
 957 0046 3B       		.uleb128 0x3b
ARM GAS  C:\Users\DGILLI~1\AppData\Local\Temp\ccZRJMyT.s 			page 25


 958 0047 0B       		.uleb128 0xb
 959 0048 27       		.uleb128 0x27
 960 0049 19       		.uleb128 0x19
 961 004a 49       		.uleb128 0x49
 962 004b 13       		.uleb128 0x13
 963 004c 11       		.uleb128 0x11
 964 004d 01       		.uleb128 0x1
 965 004e 12       		.uleb128 0x12
 966 004f 06       		.uleb128 0x6
 967 0050 40       		.uleb128 0x40
 968 0051 18       		.uleb128 0x18
 969 0052 9742     		.uleb128 0x2117
 970 0054 19       		.uleb128 0x19
 971 0055 00       		.byte	0
 972 0056 00       		.byte	0
 973 0057 07       		.uleb128 0x7
 974 0058 2E       		.uleb128 0x2e
 975 0059 01       		.byte	0x1
 976 005a 3F       		.uleb128 0x3f
 977 005b 19       		.uleb128 0x19
 978 005c 03       		.uleb128 0x3
 979 005d 0E       		.uleb128 0xe
 980 005e 3A       		.uleb128 0x3a
 981 005f 0B       		.uleb128 0xb
 982 0060 3B       		.uleb128 0x3b
 983 0061 0B       		.uleb128 0xb
 984 0062 27       		.uleb128 0x27
 985 0063 19       		.uleb128 0x19
 986 0064 49       		.uleb128 0x49
 987 0065 13       		.uleb128 0x13
 988 0066 11       		.uleb128 0x11
 989 0067 01       		.uleb128 0x1
 990 0068 12       		.uleb128 0x12
 991 0069 06       		.uleb128 0x6
 992 006a 40       		.uleb128 0x40
 993 006b 18       		.uleb128 0x18
 994 006c 9742     		.uleb128 0x2117
 995 006e 19       		.uleb128 0x19
 996 006f 01       		.uleb128 0x1
 997 0070 13       		.uleb128 0x13
 998 0071 00       		.byte	0
 999 0072 00       		.byte	0
 1000 0073 08       		.uleb128 0x8
 1001 0074 34       		.uleb128 0x34
 1002 0075 00       		.byte	0
 1003 0076 03       		.uleb128 0x3
 1004 0077 0E       		.uleb128 0xe
 1005 0078 3A       		.uleb128 0x3a
 1006 0079 0B       		.uleb128 0xb
 1007 007a 3B       		.uleb128 0x3b
 1008 007b 0B       		.uleb128 0xb
 1009 007c 49       		.uleb128 0x49
 1010 007d 13       		.uleb128 0x13
 1011 007e 02       		.uleb128 0x2
 1012 007f 17       		.uleb128 0x17
 1013 0080 00       		.byte	0
 1014 0081 00       		.byte	0
ARM GAS  C:\Users\DGILLI~1\AppData\Local\Temp\ccZRJMyT.s 			page 26


 1015 0082 09       		.uleb128 0x9
 1016 0083 898201   		.uleb128 0x4109
 1017 0086 01       		.byte	0x1
 1018 0087 11       		.uleb128 0x11
 1019 0088 01       		.uleb128 0x1
 1020 0089 31       		.uleb128 0x31
 1021 008a 13       		.uleb128 0x13
 1022 008b 01       		.uleb128 0x1
 1023 008c 13       		.uleb128 0x13
 1024 008d 00       		.byte	0
 1025 008e 00       		.byte	0
 1026 008f 0A       		.uleb128 0xa
 1027 0090 8A8201   		.uleb128 0x410a
 1028 0093 00       		.byte	0
 1029 0094 02       		.uleb128 0x2
 1030 0095 18       		.uleb128 0x18
 1031 0096 9142     		.uleb128 0x2111
 1032 0098 18       		.uleb128 0x18
 1033 0099 00       		.byte	0
 1034 009a 00       		.byte	0
 1035 009b 0B       		.uleb128 0xb
 1036 009c 898201   		.uleb128 0x4109
 1037 009f 01       		.byte	0x1
 1038 00a0 11       		.uleb128 0x11
 1039 00a1 01       		.uleb128 0x1
 1040 00a2 31       		.uleb128 0x31
 1041 00a3 13       		.uleb128 0x13
 1042 00a4 00       		.byte	0
 1043 00a5 00       		.byte	0
 1044 00a6 0C       		.uleb128 0xc
 1045 00a7 2E       		.uleb128 0x2e
 1046 00a8 01       		.byte	0x1
 1047 00a9 3F       		.uleb128 0x3f
 1048 00aa 19       		.uleb128 0x19
 1049 00ab 03       		.uleb128 0x3
 1050 00ac 0E       		.uleb128 0xe
 1051 00ad 3A       		.uleb128 0x3a
 1052 00ae 0B       		.uleb128 0xb
 1053 00af 3B       		.uleb128 0x3b
 1054 00b0 0B       		.uleb128 0xb
 1055 00b1 27       		.uleb128 0x27
 1056 00b2 19       		.uleb128 0x19
 1057 00b3 11       		.uleb128 0x11
 1058 00b4 01       		.uleb128 0x1
 1059 00b5 12       		.uleb128 0x12
 1060 00b6 06       		.uleb128 0x6
 1061 00b7 40       		.uleb128 0x40
 1062 00b8 18       		.uleb128 0x18
 1063 00b9 9742     		.uleb128 0x2117
 1064 00bb 19       		.uleb128 0x19
 1065 00bc 01       		.uleb128 0x1
 1066 00bd 13       		.uleb128 0x13
 1067 00be 00       		.byte	0
 1068 00bf 00       		.byte	0
 1069 00c0 0D       		.uleb128 0xd
 1070 00c1 05       		.uleb128 0x5
 1071 00c2 00       		.byte	0
ARM GAS  C:\Users\DGILLI~1\AppData\Local\Temp\ccZRJMyT.s 			page 27


 1072 00c3 03       		.uleb128 0x3
 1073 00c4 0E       		.uleb128 0xe
 1074 00c5 3A       		.uleb128 0x3a
 1075 00c6 0B       		.uleb128 0xb
 1076 00c7 3B       		.uleb128 0x3b
 1077 00c8 0B       		.uleb128 0xb
 1078 00c9 49       		.uleb128 0x49
 1079 00ca 13       		.uleb128 0x13
 1080 00cb 02       		.uleb128 0x2
 1081 00cc 17       		.uleb128 0x17
 1082 00cd 00       		.byte	0
 1083 00ce 00       		.byte	0
 1084 00cf 0E       		.uleb128 0xe
 1085 00d0 2E       		.uleb128 0x2e
 1086 00d1 01       		.byte	0x1
 1087 00d2 3F       		.uleb128 0x3f
 1088 00d3 19       		.uleb128 0x19
 1089 00d4 03       		.uleb128 0x3
 1090 00d5 0E       		.uleb128 0xe
 1091 00d6 3A       		.uleb128 0x3a
 1092 00d7 0B       		.uleb128 0xb
 1093 00d8 3B       		.uleb128 0x3b
 1094 00d9 05       		.uleb128 0x5
 1095 00da 27       		.uleb128 0x27
 1096 00db 19       		.uleb128 0x19
 1097 00dc 11       		.uleb128 0x11
 1098 00dd 01       		.uleb128 0x1
 1099 00de 12       		.uleb128 0x12
 1100 00df 06       		.uleb128 0x6
 1101 00e0 40       		.uleb128 0x40
 1102 00e1 18       		.uleb128 0x18
 1103 00e2 9742     		.uleb128 0x2117
 1104 00e4 19       		.uleb128 0x19
 1105 00e5 01       		.uleb128 0x1
 1106 00e6 13       		.uleb128 0x13
 1107 00e7 00       		.byte	0
 1108 00e8 00       		.byte	0
 1109 00e9 0F       		.uleb128 0xf
 1110 00ea 05       		.uleb128 0x5
 1111 00eb 00       		.byte	0
 1112 00ec 03       		.uleb128 0x3
 1113 00ed 0E       		.uleb128 0xe
 1114 00ee 3A       		.uleb128 0x3a
 1115 00ef 0B       		.uleb128 0xb
 1116 00f0 3B       		.uleb128 0x3b
 1117 00f1 05       		.uleb128 0x5
 1118 00f2 49       		.uleb128 0x49
 1119 00f3 13       		.uleb128 0x13
 1120 00f4 02       		.uleb128 0x2
 1121 00f5 17       		.uleb128 0x17
 1122 00f6 00       		.byte	0
 1123 00f7 00       		.byte	0
 1124 00f8 10       		.uleb128 0x10
 1125 00f9 0F       		.uleb128 0xf
 1126 00fa 00       		.byte	0
 1127 00fb 0B       		.uleb128 0xb
 1128 00fc 0B       		.uleb128 0xb
ARM GAS  C:\Users\DGILLI~1\AppData\Local\Temp\ccZRJMyT.s 			page 28


 1129 00fd 49       		.uleb128 0x49
 1130 00fe 13       		.uleb128 0x13
 1131 00ff 00       		.byte	0
 1132 0100 00       		.byte	0
 1133 0101 11       		.uleb128 0x11
 1134 0102 2E       		.uleb128 0x2e
 1135 0103 00       		.byte	0
 1136 0104 3F       		.uleb128 0x3f
 1137 0105 19       		.uleb128 0x19
 1138 0106 03       		.uleb128 0x3
 1139 0107 0E       		.uleb128 0xe
 1140 0108 3A       		.uleb128 0x3a
 1141 0109 0B       		.uleb128 0xb
 1142 010a 3B       		.uleb128 0x3b
 1143 010b 05       		.uleb128 0x5
 1144 010c 27       		.uleb128 0x27
 1145 010d 19       		.uleb128 0x19
 1146 010e 49       		.uleb128 0x49
 1147 010f 13       		.uleb128 0x13
 1148 0110 11       		.uleb128 0x11
 1149 0111 01       		.uleb128 0x1
 1150 0112 12       		.uleb128 0x12
 1151 0113 06       		.uleb128 0x6
 1152 0114 40       		.uleb128 0x40
 1153 0115 18       		.uleb128 0x18
 1154 0116 9742     		.uleb128 0x2117
 1155 0118 19       		.uleb128 0x19
 1156 0119 00       		.byte	0
 1157 011a 00       		.byte	0
 1158 011b 12       		.uleb128 0x12
 1159 011c 2E       		.uleb128 0x2e
 1160 011d 00       		.byte	0
 1161 011e 3F       		.uleb128 0x3f
 1162 011f 19       		.uleb128 0x19
 1163 0120 03       		.uleb128 0x3
 1164 0121 0E       		.uleb128 0xe
 1165 0122 3A       		.uleb128 0x3a
 1166 0123 0B       		.uleb128 0xb
 1167 0124 3B       		.uleb128 0x3b
 1168 0125 05       		.uleb128 0x5
 1169 0126 27       		.uleb128 0x27
 1170 0127 19       		.uleb128 0x19
 1171 0128 11       		.uleb128 0x11
 1172 0129 01       		.uleb128 0x1
 1173 012a 12       		.uleb128 0x12
 1174 012b 06       		.uleb128 0x6
 1175 012c 40       		.uleb128 0x40
 1176 012d 18       		.uleb128 0x18
 1177 012e 9742     		.uleb128 0x2117
 1178 0130 19       		.uleb128 0x19
 1179 0131 00       		.byte	0
 1180 0132 00       		.byte	0
 1181 0133 13       		.uleb128 0x13
 1182 0134 34       		.uleb128 0x34
 1183 0135 00       		.byte	0
 1184 0136 03       		.uleb128 0x3
 1185 0137 0E       		.uleb128 0xe
ARM GAS  C:\Users\DGILLI~1\AppData\Local\Temp\ccZRJMyT.s 			page 29


 1186 0138 3A       		.uleb128 0x3a
 1187 0139 0B       		.uleb128 0xb
 1188 013a 3B       		.uleb128 0x3b
 1189 013b 0B       		.uleb128 0xb
 1190 013c 49       		.uleb128 0x49
 1191 013d 13       		.uleb128 0x13
 1192 013e 3F       		.uleb128 0x3f
 1193 013f 19       		.uleb128 0x19
 1194 0140 02       		.uleb128 0x2
 1195 0141 18       		.uleb128 0x18
 1196 0142 00       		.byte	0
 1197 0143 00       		.byte	0
 1198 0144 14       		.uleb128 0x14
 1199 0145 2E       		.uleb128 0x2e
 1200 0146 00       		.byte	0
 1201 0147 3F       		.uleb128 0x3f
 1202 0148 19       		.uleb128 0x19
 1203 0149 3C       		.uleb128 0x3c
 1204 014a 19       		.uleb128 0x19
 1205 014b 6E       		.uleb128 0x6e
 1206 014c 0E       		.uleb128 0xe
 1207 014d 03       		.uleb128 0x3
 1208 014e 0E       		.uleb128 0xe
 1209 014f 3A       		.uleb128 0x3a
 1210 0150 0B       		.uleb128 0xb
 1211 0151 3B       		.uleb128 0x3b
 1212 0152 0B       		.uleb128 0xb
 1213 0153 00       		.byte	0
 1214 0154 00       		.byte	0
 1215 0155 00       		.byte	0
 1216              		.section	.debug_loc,"",%progbits
 1217              	.Ldebug_loc0:
 1218              	.LLST0:
 1219 0000 10000000 		.4byte	.LVL1
 1220 0004 20000000 		.4byte	.LVL3
 1221 0008 0100     		.2byte	0x1
 1222 000a 54       		.byte	0x54
 1223 000b 20000000 		.4byte	.LVL3
 1224 000f 28000000 		.4byte	.LFE2
 1225 0013 0100     		.2byte	0x1
 1226 0015 50       		.byte	0x50
 1227 0016 00000000 		.4byte	0
 1228 001a 00000000 		.4byte	0
 1229              	.LLST1:
 1230 001e 10000000 		.4byte	.LVL5
 1231 0022 20000000 		.4byte	.LVL7
 1232 0026 0100     		.2byte	0x1
 1233 0028 54       		.byte	0x54
 1234 0029 20000000 		.4byte	.LVL7
 1235 002d 28000000 		.4byte	.LFE3
 1236 0031 0100     		.2byte	0x1
 1237 0033 50       		.byte	0x50
 1238 0034 00000000 		.4byte	0
 1239 0038 00000000 		.4byte	0
 1240              	.LLST2:
 1241 003c 00000000 		.4byte	.LVL8
 1242 0040 08000000 		.4byte	.LVL10
ARM GAS  C:\Users\DGILLI~1\AppData\Local\Temp\ccZRJMyT.s 			page 30


 1243 0044 0100     		.2byte	0x1
 1244 0046 50       		.byte	0x50
 1245 0047 08000000 		.4byte	.LVL10
 1246 004b 0C000000 		.4byte	.LVL12
 1247 004f 0100     		.2byte	0x1
 1248 0051 53       		.byte	0x53
 1249 0052 0C000000 		.4byte	.LVL12
 1250 0056 18000000 		.4byte	.LFE4
 1251 005a 0400     		.2byte	0x4
 1252 005c F3       		.byte	0xf3
 1253 005d 01       		.uleb128 0x1
 1254 005e 50       		.byte	0x50
 1255 005f 9F       		.byte	0x9f
 1256 0060 00000000 		.4byte	0
 1257 0064 00000000 		.4byte	0
 1258              	.LLST3:
 1259 0068 06000000 		.4byte	.LVL9
 1260 006c 10000000 		.4byte	.LVL13
 1261 0070 0100     		.2byte	0x1
 1262 0072 52       		.byte	0x52
 1263 0073 10000000 		.4byte	.LVL13
 1264 0077 18000000 		.4byte	.LFE4
 1265 007b 0100     		.2byte	0x1
 1266 007d 50       		.byte	0x50
 1267 007e 00000000 		.4byte	0
 1268 0082 00000000 		.4byte	0
 1269              	.LLST4:
 1270 0086 00000000 		.4byte	.LVL14
 1271 008a 0A000000 		.4byte	.LVL17
 1272 008e 0100     		.2byte	0x1
 1273 0090 50       		.byte	0x50
 1274 0091 0A000000 		.4byte	.LVL17
 1275 0095 18000000 		.4byte	.LFE5
 1276 0099 0400     		.2byte	0x4
 1277 009b F3       		.byte	0xf3
 1278 009c 01       		.uleb128 0x1
 1279 009d 50       		.byte	0x50
 1280 009e 9F       		.byte	0x9f
 1281 009f 00000000 		.4byte	0
 1282 00a3 00000000 		.4byte	0
 1283              	.LLST5:
 1284 00a7 04000000 		.4byte	.LVL15
 1285 00ab 08000000 		.4byte	.LVL16
 1286 00af 0100     		.2byte	0x1
 1287 00b1 51       		.byte	0x51
 1288 00b2 08000000 		.4byte	.LVL16
 1289 00b6 0C000000 		.4byte	.LVL18
 1290 00ba 0100     		.2byte	0x1
 1291 00bc 53       		.byte	0x53
 1292 00bd 0C000000 		.4byte	.LVL18
 1293 00c1 18000000 		.4byte	.LFE5
 1294 00c5 0100     		.2byte	0x1
 1295 00c7 50       		.byte	0x50
 1296 00c8 00000000 		.4byte	0
 1297 00cc 00000000 		.4byte	0
 1298              	.LLST6:
 1299 00d0 00000000 		.4byte	.LVL19
ARM GAS  C:\Users\DGILLI~1\AppData\Local\Temp\ccZRJMyT.s 			page 31


 1300 00d4 0C000000 		.4byte	.LVL20
 1301 00d8 0100     		.2byte	0x1
 1302 00da 50       		.byte	0x50
 1303 00db 0C000000 		.4byte	.LVL20
 1304 00df 28000000 		.4byte	.LVL23
 1305 00e3 0100     		.2byte	0x1
 1306 00e5 54       		.byte	0x54
 1307 00e6 28000000 		.4byte	.LVL23
 1308 00ea 3C000000 		.4byte	.LFE6
 1309 00ee 0400     		.2byte	0x4
 1310 00f0 F3       		.byte	0xf3
 1311 00f1 01       		.uleb128 0x1
 1312 00f2 50       		.byte	0x50
 1313 00f3 9F       		.byte	0x9f
 1314 00f4 00000000 		.4byte	0
 1315 00f8 00000000 		.4byte	0
 1316              	.LLST7:
 1317 00fc 00000000 		.4byte	.LVL19
 1318 0100 0F000000 		.4byte	.LVL21-1
 1319 0104 0100     		.2byte	0x1
 1320 0106 51       		.byte	0x51
 1321 0107 0F000000 		.4byte	.LVL21-1
 1322 010b 28000000 		.4byte	.LVL24
 1323 010f 0100     		.2byte	0x1
 1324 0111 55       		.byte	0x55
 1325 0112 28000000 		.4byte	.LVL24
 1326 0116 3C000000 		.4byte	.LFE6
 1327 011a 0400     		.2byte	0x4
 1328 011c F3       		.byte	0xf3
 1329 011d 01       		.uleb128 0x1
 1330 011e 51       		.byte	0x51
 1331 011f 9F       		.byte	0x9f
 1332 0120 00000000 		.4byte	0
 1333 0124 00000000 		.4byte	0
 1334              	.LLST8:
 1335 0128 00000000 		.4byte	.LVL25
 1336 012c 0C000000 		.4byte	.LVL26
 1337 0130 0100     		.2byte	0x1
 1338 0132 50       		.byte	0x50
 1339 0133 0C000000 		.4byte	.LVL26
 1340 0137 24000000 		.4byte	.LVL29
 1341 013b 0100     		.2byte	0x1
 1342 013d 54       		.byte	0x54
 1343 013e 24000000 		.4byte	.LVL29
 1344 0142 34000000 		.4byte	.LFE7
 1345 0146 0400     		.2byte	0x4
 1346 0148 F3       		.byte	0xf3
 1347 0149 01       		.uleb128 0x1
 1348 014a 50       		.byte	0x50
 1349 014b 9F       		.byte	0x9f
 1350 014c 00000000 		.4byte	0
 1351 0150 00000000 		.4byte	0
 1352              	.LLST9:
 1353 0154 00000000 		.4byte	.LVL25
 1354 0158 0F000000 		.4byte	.LVL27-1
 1355 015c 0100     		.2byte	0x1
 1356 015e 51       		.byte	0x51
ARM GAS  C:\Users\DGILLI~1\AppData\Local\Temp\ccZRJMyT.s 			page 32


 1357 015f 0F000000 		.4byte	.LVL27-1
 1358 0163 24000000 		.4byte	.LVL30
 1359 0167 0100     		.2byte	0x1
 1360 0169 55       		.byte	0x55
 1361 016a 24000000 		.4byte	.LVL30
 1362 016e 34000000 		.4byte	.LFE7
 1363 0172 0400     		.2byte	0x4
 1364 0174 F3       		.byte	0xf3
 1365 0175 01       		.uleb128 0x1
 1366 0176 51       		.byte	0x51
 1367 0177 9F       		.byte	0x9f
 1368 0178 00000000 		.4byte	0
 1369 017c 00000000 		.4byte	0
 1370              		.section	.debug_aranges,"",%progbits
 1371 0000 6C000000 		.4byte	0x6c
 1372 0004 0200     		.2byte	0x2
 1373 0006 00000000 		.4byte	.Ldebug_info0
 1374 000a 04       		.byte	0x4
 1375 000b 00       		.byte	0
 1376 000c 0000     		.2byte	0
 1377 000e 0000     		.2byte	0
 1378 0010 00000000 		.4byte	.LFB1
 1379 0014 0C000000 		.4byte	.LFE1-.LFB1
 1380 0018 00000000 		.4byte	.LFB2
 1381 001c 28000000 		.4byte	.LFE2-.LFB2
 1382 0020 00000000 		.4byte	.LFB3
 1383 0024 28000000 		.4byte	.LFE3-.LFB3
 1384 0028 00000000 		.4byte	.LFB4
 1385 002c 18000000 		.4byte	.LFE4-.LFB4
 1386 0030 00000000 		.4byte	.LFB5
 1387 0034 18000000 		.4byte	.LFE5-.LFB5
 1388 0038 00000000 		.4byte	.LFB6
 1389 003c 3C000000 		.4byte	.LFE6-.LFB6
 1390 0040 00000000 		.4byte	.LFB7
 1391 0044 34000000 		.4byte	.LFE7-.LFB7
 1392 0048 00000000 		.4byte	.LFB8
 1393 004c 0C000000 		.4byte	.LFE8-.LFB8
 1394 0050 00000000 		.4byte	.LFB9
 1395 0054 0C000000 		.4byte	.LFE9-.LFB9
 1396 0058 00000000 		.4byte	.LFB10
 1397 005c 0C000000 		.4byte	.LFE10-.LFB10
 1398 0060 00000000 		.4byte	.LFB11
 1399 0064 0C000000 		.4byte	.LFE11-.LFB11
 1400 0068 00000000 		.4byte	0
 1401 006c 00000000 		.4byte	0
 1402              		.section	.debug_ranges,"",%progbits
 1403              	.Ldebug_ranges0:
 1404 0000 00000000 		.4byte	.LFB1
 1405 0004 0C000000 		.4byte	.LFE1
 1406 0008 00000000 		.4byte	.LFB2
 1407 000c 28000000 		.4byte	.LFE2
 1408 0010 00000000 		.4byte	.LFB3
 1409 0014 28000000 		.4byte	.LFE3
 1410 0018 00000000 		.4byte	.LFB4
 1411 001c 18000000 		.4byte	.LFE4
 1412 0020 00000000 		.4byte	.LFB5
 1413 0024 18000000 		.4byte	.LFE5
ARM GAS  C:\Users\DGILLI~1\AppData\Local\Temp\ccZRJMyT.s 			page 33


 1414 0028 00000000 		.4byte	.LFB6
 1415 002c 3C000000 		.4byte	.LFE6
 1416 0030 00000000 		.4byte	.LFB7
 1417 0034 34000000 		.4byte	.LFE7
 1418 0038 00000000 		.4byte	.LFB8
 1419 003c 0C000000 		.4byte	.LFE8
 1420 0040 00000000 		.4byte	.LFB9
 1421 0044 0C000000 		.4byte	.LFE9
 1422 0048 00000000 		.4byte	.LFB10
 1423 004c 0C000000 		.4byte	.LFE10
 1424 0050 00000000 		.4byte	.LFB11
 1425 0054 0C000000 		.4byte	.LFE11
 1426 0058 00000000 		.4byte	0
 1427 005c 00000000 		.4byte	0
 1428              		.section	.debug_line,"",%progbits
 1429              	.Ldebug_line0:
 1430 0000 39010000 		.section	.debug_str,"MS",%progbits,1
 1430      02005600 
 1430      00000201 
 1430      FB0E0D00 
 1430      01010101 
 1431              	.LASF35:
 1432 0000 49324353 		.ascii	"I2CS_slStatus\000"
 1432      5F736C53 
 1432      74617475 
 1432      7300
 1433              	.LASF14:
 1434 000e 72656733 		.ascii	"reg32\000"
 1434      3200
 1435              	.LASF47:
 1436 0014 47656E65 		.ascii	"Generated_Source\\PSoC4\\I2CS_I2C_SLAVE.c\000"
 1436      72617465 
 1436      645F536F 
 1436      75726365 
 1436      5C50536F 
 1437              	.LASF25:
 1438 003c 49324353 		.ascii	"I2CS_I2CSlaveInitReadBuf\000"
 1438      5F493243 
 1438      536C6176 
 1438      65496E69 
 1438      74526561 
 1439              	.LASF17:
 1440 0055 49324353 		.ascii	"I2CS_I2CSlaveClearReadStatus\000"
 1440      5F493243 
 1440      536C6176 
 1440      65436C65 
 1440      61725265 
 1441              	.LASF43:
 1442 0072 49324353 		.ascii	"I2CS_slOverFlowCount\000"
 1442      5F736C4F 
 1442      76657246 
 1442      6C6F7743 
 1442      6F756E74 
 1443              	.LASF3:
 1444 0087 73686F72 		.ascii	"short unsigned int\000"
 1444      7420756E 
 1444      7369676E 
ARM GAS  C:\Users\DGILLI~1\AppData\Local\Temp\ccZRJMyT.s 			page 34


 1444      65642069 
 1444      6E7400
 1445              	.LASF48:
 1446 009a 433A5C55 		.ascii	"C:\\Users\\dgilliland\\Documents\\GitHub\\Retro-Com"
 1446      73657273 
 1446      5C646769 
 1446      6C6C696C 
 1446      616E645C 
 1447 00c8 70757465 		.ascii	"puters\\Z80\\PSOC\\PSOC_Design_Files\\PSOC4_FP_Mux\\"
 1447      72735C5A 
 1447      38305C50 
 1447      534F435C 
 1447      50534F43 
 1448 00f7 50536F63 		.ascii	"PSoc4_FP_Mux\\PSoc4_FP_Mux.cydsn\000"
 1448      345F4650 
 1448      5F4D7578 
 1448      5C50536F 
 1448      63345F46 
 1449              	.LASF19:
 1450 0117 73746174 		.ascii	"status\000"
 1450      757300
 1451              	.LASF26:
 1452 011e 72644275 		.ascii	"rdBuf\000"
 1452      6600
 1453              	.LASF18:
 1454 0124 49324353 		.ascii	"I2CS_I2CSlaveClearWriteStatus\000"
 1454      5F493243 
 1454      536C6176 
 1454      65436C65 
 1454      61725772 
 1455              	.LASF11:
 1456 0142 666C6F61 		.ascii	"float\000"
 1456      7400
 1457              	.LASF1:
 1458 0148 756E7369 		.ascii	"unsigned char\000"
 1458      676E6564 
 1458      20636861 
 1458      7200
 1459              	.LASF22:
 1460 0156 49324353 		.ascii	"I2CS_I2CSlaveSetAddressMask\000"
 1460      5F493243 
 1460      536C6176 
 1460      65536574 
 1460      41646472 
 1461              	.LASF5:
 1462 0172 6C6F6E67 		.ascii	"long unsigned int\000"
 1462      20756E73 
 1462      69676E65 
 1462      6420696E 
 1462      7400
 1463              	.LASF9:
 1464 0184 75696E74 		.ascii	"uint8\000"
 1464      3800
 1465              	.LASF29:
 1466 018a 77724275 		.ascii	"wrBuf\000"
 1466      6600
 1467              	.LASF30:
ARM GAS  C:\Users\DGILLI~1\AppData\Local\Temp\ccZRJMyT.s 			page 35


 1468 0190 49324353 		.ascii	"I2CS_I2CSlaveStatus\000"
 1468      5F493243 
 1468      536C6176 
 1468      65537461 
 1468      74757300 
 1469              	.LASF31:
 1470 01a4 49324353 		.ascii	"I2CS_I2CSlaveGetReadBufSize\000"
 1470      5F493243 
 1470      536C6176 
 1470      65476574 
 1470      52656164 
 1471              	.LASF12:
 1472 01c0 646F7562 		.ascii	"double\000"
 1472      6C6500
 1473              	.LASF45:
 1474 01c7 4379496E 		.ascii	"CyIntEnable\000"
 1474      74456E61 
 1474      626C6500 
 1475              	.LASF39:
 1476 01d3 49324353 		.ascii	"I2CS_slRdBufPtr\000"
 1476      5F736C52 
 1476      64427566 
 1476      50747200 
 1477              	.LASF10:
 1478 01e3 75696E74 		.ascii	"uint32\000"
 1478      333200
 1479              	.LASF34:
 1480 01ea 49324353 		.ascii	"I2CS_I2CSlaveClearWriteBuf\000"
 1480      5F493243 
 1480      536C6176 
 1480      65436C65 
 1480      61725772 
 1481              	.LASF28:
 1482 0205 49324353 		.ascii	"I2CS_I2CSlaveInitWriteBuf\000"
 1482      5F493243 
 1482      536C6176 
 1482      65496E69 
 1482      74577269 
 1483              	.LASF8:
 1484 021f 756E7369 		.ascii	"unsigned int\000"
 1484      676E6564 
 1484      20696E74 
 1484      00
 1485              	.LASF23:
 1486 022c 61646472 		.ascii	"address\000"
 1486      65737300 
 1487              	.LASF7:
 1488 0234 6C6F6E67 		.ascii	"long long unsigned int\000"
 1488      206C6F6E 
 1488      6720756E 
 1488      7369676E 
 1488      65642069 
 1489              	.LASF42:
 1490 024b 49324353 		.ascii	"I2CS_slRdBufIndexTmp\000"
 1490      5F736C52 
 1490      64427566 
 1490      496E6465 
ARM GAS  C:\Users\DGILLI~1\AppData\Local\Temp\ccZRJMyT.s 			page 36


 1490      78546D70 
 1491              	.LASF41:
 1492 0260 49324353 		.ascii	"I2CS_slRdBufIndex\000"
 1492      5F736C52 
 1492      64427566 
 1492      496E6465 
 1492      7800
 1493              	.LASF15:
 1494 0272 6C6F6E67 		.ascii	"long double\000"
 1494      20646F75 
 1494      626C6500 
 1495              	.LASF16:
 1496 027e 73697A65 		.ascii	"sizetype\000"
 1496      74797065 
 1496      00
 1497              	.LASF6:
 1498 0287 6C6F6E67 		.ascii	"long long int\000"
 1498      206C6F6E 
 1498      6720696E 
 1498      7400
 1499              	.LASF32:
 1500 0295 49324353 		.ascii	"I2CS_I2CSlaveGetWriteBufSize\000"
 1500      5F493243 
 1500      536C6176 
 1500      65476574 
 1500      57726974 
 1501              	.LASF13:
 1502 02b2 63686172 		.ascii	"char\000"
 1502      00
 1503              	.LASF33:
 1504 02b7 49324353 		.ascii	"I2CS_I2CSlaveClearReadBuf\000"
 1504      5F493243 
 1504      536C6176 
 1504      65436C65 
 1504      61725265 
 1505              	.LASF44:
 1506 02d1 4379496E 		.ascii	"CyIntDisable\000"
 1506      74446973 
 1506      61626C65 
 1506      00
 1507              	.LASF37:
 1508 02de 49324353 		.ascii	"I2CS_slWrBufSize\000"
 1508      5F736C57 
 1508      72427566 
 1508      53697A65 
 1508      00
 1509              	.LASF2:
 1510 02ef 73686F72 		.ascii	"short int\000"
 1510      7420696E 
 1510      7400
 1511              	.LASF27:
 1512 02f9 62756653 		.ascii	"bufSize\000"
 1512      697A6500 
 1513              	.LASF36:
 1514 0301 49324353 		.ascii	"I2CS_slWrBufPtr\000"
 1514      5F736C57 
 1514      72427566 
ARM GAS  C:\Users\DGILLI~1\AppData\Local\Temp\ccZRJMyT.s 			page 37


 1514      50747200 
 1515              	.LASF4:
 1516 0311 6C6F6E67 		.ascii	"long int\000"
 1516      20696E74 
 1516      00
 1517              	.LASF20:
 1518 031a 6D617463 		.ascii	"matchReg\000"
 1518      68526567 
 1518      00
 1519              	.LASF21:
 1520 0323 49324353 		.ascii	"I2CS_I2CSlaveSetAddress\000"
 1520      5F493243 
 1520      536C6176 
 1520      65536574 
 1520      41646472 
 1521              	.LASF46:
 1522 033b 474E5520 		.ascii	"GNU C11 5.4.1 20160609 (release) [ARM/embedded-5-br"
 1522      43313120 
 1522      352E342E 
 1522      31203230 
 1522      31363036 
 1523 036e 616E6368 		.ascii	"anch revision 237715] -mcpu=cortex-m0plus -mthumb -"
 1523      20726576 
 1523      6973696F 
 1523      6E203233 
 1523      37373135 
 1524 03a1 67202D4F 		.ascii	"g -Og -ffunction-sections -ffat-lto-objects\000"
 1524      67202D66 
 1524      66756E63 
 1524      74696F6E 
 1524      2D736563 
 1525              	.LASF0:
 1526 03cd 7369676E 		.ascii	"signed char\000"
 1526      65642063 
 1526      68617200 
 1527              	.LASF38:
 1528 03d9 49324353 		.ascii	"I2CS_slWrBufIndex\000"
 1528      5F736C57 
 1528      72427566 
 1528      496E6465 
 1528      7800
 1529              	.LASF40:
 1530 03eb 49324353 		.ascii	"I2CS_slRdBufSize\000"
 1530      5F736C52 
 1530      64427566 
 1530      53697A65 
 1530      00
 1531              	.LASF24:
 1532 03fc 61646472 		.ascii	"addressMask\000"
 1532      6573734D 
 1532      61736B00 
 1533              		.ident	"GCC: (GNU Tools for ARM Embedded Processors) 5.4.1 20160609 (release) [ARM/embedded-5-bran
