#***************************************************************************

#sjplacer

#Version:            1.1

#Build Date:         Dec  5 2017 15:35:27

#File Generated:     Nov 7 2019 05:24:24

#Purpose:            

#Copyright (C) 2010-2011 by Softjin Technologies Pvt Ltd. All rights reserved.

#***************************************************************************

Executing : C:\Program Files (x86)\Cypress\PSoC Creator\4.2\PSoC Creator\bin/sjplacer.exe --proj-name Z80_3Chip --netlist-vh2 Z80_3Chip_p.vh2 --arch p35_udb4x6 --arch-file C:\Program Files (x86)\Cypress\PSoC Creator\4.2\PSoC Creator\dev\arch/udbdsi_4x6_24.cydata --ip-file C:\Program Files (x86)\Cypress\PSoC Creator\4.2\PSoC Creator\dev\psoc5/psoc5lp/ip_blocks.cydata --rrg-file C:\Program Files (x86)\Cypress\PSoC Creator\4.2\PSoC Creator\dev\psoc5/psoc5lp/route_arch-rrg.cydata --irq-file C:\Program Files (x86)\Cypress\PSoC Creator\4.2\PSoC Creator\dev\psoc5/psoc5lp/irqconn.cydata --drq-file C:\Program Files (x86)\Cypress\PSoC Creator\4.2\PSoC Creator\dev\psoc5/psoc5lp/dmaconn.cydata --dsi-conn-file C:\Program Files (x86)\Cypress\PSoC Creator\4.2\PSoC Creator\dev\psoc5/psoc5lp/dsiconn.cydata --pins-file pins_100-TQFP.xml --lib-file Z80_3Chip_p.lib --sdc-file Z80_3Chip.sdc --io-pcf Z80_3Chip.pci --outdir .

		Softjin Techologies Placer, Version 1.1

Build Date : Dec  5 2017	15:33:41

D2004: Option and Settings Summary
=============================================================
Netlist vh2 file          - Z80_3Chip_p.vh2
Architecture file         - C:\Program Files (x86)\Cypress\PSoC Creator\4.2\PSoC Creator\dev\arch/udbdsi_4x6_24.cydata
Package                   - 
Defparam file             - 
SDC file                  - Z80_3Chip.sdc
Output directory          - .
Timing library            - Z80_3Chip_p.lib
IO Placement file         - Z80_3Chip.pci

D2050: Starting reading inputs for placer
=============================================================
D2065: Reading netlist file : "Z80_3Chip_p.vh2"
D2065: Reading arch file : "C:\Program Files (x86)\Cypress\PSoC Creator\4.2\PSoC Creator\dev\arch/udbdsi_4x6_24.cydata"
D2051: Reading of inputs for placer completed successfully

D2053: Starting placement of the design
=============================================================

Phase 2
Phase 3

Design Statistics after Packing
    Number of Combinational MCs 	:	29
    Number of Sequential MCs    	:	26
    Number of DPs               	:	4
    Number of Controls          	:	12
    Number of Status            	:	6
    Number of SyncCells         	:	2
    Number of count7cells       	:	1

Device Utilization Summary after Packing
    Macrocells                  :	55/192
    UDBS                        :	12/24
    IOs                         :	60/72


D2088: Phase 3, elapsed time : 0.0 (sec)

Phase 4
D2088: Phase 4, elapsed time : 0.0 (sec)

Phase 5
D2088: Phase 5, elapsed time : 0.0 (sec)

Phase 6

######################################################################
Placement Timing Summary

The timing summary is based on estimated routing delays after
placement. For final timing report, please carry out the timing
analysis after routing.
======================================================================

######################################################################
                     Clock Summary 
======================================================================
Number of clocks: 15
Clock: CPUCLK               | Frequency: N/A       | Target:  12.0 MHz
Clock: CPUCLK(routed)       | Frequency: N/A       | Target:  12.0 MHz
Clock: Clock_1              | Frequency: 112.3 MHz | Target:  60.0 MHz
Clock: CyBUS_CLK            | Frequency:  40.8 MHz | Target:  60.0 MHz
Clock: CyBUS_CLK(fixed-function) | Frequency: N/A       | Target:  60.0 MHz
Clock: CyILO                | Frequency: N/A       | Target:   0.1 MHz
Clock: CyIMO                | Frequency: N/A       | Target:  24.0 MHz
Clock: CyMASTER_CLK         | Frequency: N/A       | Target:  60.0 MHz
Clock: CyPLL_OUT            | Frequency: N/A       | Target:  60.0 MHz
Clock: CyXTAL_32kHz         | Frequency: N/A       | Target:   0.0 MHz
Clock: DAC_Clock            | Frequency: N/A       | Target:  30.0 MHz
Clock: DAC_Clock(fixed-function) | Frequency: N/A       | Target:  30.0 MHz
Clock: IORQ_n(0)_PAD        | Frequency: N/A       | Target:   0.1 MHz
Clock: SPI_Master_IntClock  | Frequency:  65.0 MHz | Target:   0.8 MHz
Clock: \Sound_Counter:CounterHW\/tc | Frequency: N/A       | Target:  15.0 MHz

======================================================================
                     End of Clock Summary
######################################################################

D2088: Phase 6, elapsed time : 0.1 (sec)

Phase 7
######################################################################
                     Clock Summary 
======================================================================
Number of clocks: 15
Clock: CPUCLK               | Frequency: N/A       | Target:  12.0 MHz
Clock: CPUCLK(routed)       | Frequency: N/A       | Target:  12.0 MHz
Clock: Clock_1              | Frequency: 112.3 MHz | Target:  60.0 MHz
Clock: CyBUS_CLK            | Frequency:  40.8 MHz | Target:  60.0 MHz
Clock: CyBUS_CLK(fixed-function) | Frequency: N/A       | Target:  60.0 MHz
Clock: CyILO                | Frequency: N/A       | Target:   0.1 MHz
Clock: CyIMO                | Frequency: N/A       | Target:  24.0 MHz
Clock: CyMASTER_CLK         | Frequency: N/A       | Target:  60.0 MHz
Clock: CyPLL_OUT            | Frequency: N/A       | Target:  60.0 MHz
Clock: CyXTAL_32kHz         | Frequency: N/A       | Target:   0.0 MHz
Clock: DAC_Clock            | Frequency: N/A       | Target:  30.0 MHz
Clock: DAC_Clock(fixed-function) | Frequency: N/A       | Target:  30.0 MHz
Clock: IORQ_n(0)_PAD        | Frequency: N/A       | Target:   0.1 MHz
Clock: SPI_Master_IntClock  | Frequency:  50.0 MHz | Target:   0.8 MHz
Clock: \Sound_Counter:CounterHW\/tc | Frequency: N/A       | Target:  15.0 MHz

======================================================================
                     End of Clock Summary
######################################################################
D2088: Phase 7, elapsed time : 1.0 (sec)

Final Design Statistics
    Number of Combinational MCs 	:	29
    Number of Sequential MCs    	:	26
    Number of DPs               	:	4
    Number of Controls          	:	12
    Number of Status            	:	6
    Number of SyncCells         	:	2
    Number of count7cells       	:	1
    Number of IOs       	:	60

Device Utilization Summary
    Macrocells                  :	55/192
    IOs                         :	60/72



######################################################################
Placement Timing Summary

The timing summary is based on estimated routing delays after
placement. For final timing report, please carry out the timing
analysis after routing.
======================================================================


######################################################################
                     Clock Summary 
======================================================================
Number of clocks: 15
Clock: CPUCLK               | Frequency: N/A       | Target:  12.0 MHz
Clock: CPUCLK(routed)       | Frequency: N/A       | Target:  12.0 MHz
Clock: Clock_1              | Frequency: 108.2 MHz | Target:  60.0 MHz
Clock: CyBUS_CLK            | Frequency:  42.6 MHz | Target:  60.0 MHz
Clock: CyBUS_CLK(fixed-function) | Frequency: N/A       | Target:  60.0 MHz
Clock: CyILO                | Frequency: N/A       | Target:   0.1 MHz
Clock: CyIMO                | Frequency: N/A       | Target:  24.0 MHz
Clock: CyMASTER_CLK         | Frequency: N/A       | Target:  60.0 MHz
Clock: CyPLL_OUT            | Frequency: N/A       | Target:  60.0 MHz
Clock: CyXTAL_32kHz         | Frequency: N/A       | Target:   0.0 MHz
Clock: DAC_Clock            | Frequency: N/A       | Target:  30.0 MHz
Clock: DAC_Clock(fixed-function) | Frequency: N/A       | Target:  30.0 MHz
Clock: IORQ_n(0)_PAD        | Frequency: N/A       | Target:   0.1 MHz
Clock: SPI_Master_IntClock  | Frequency:  47.0 MHz | Target:   0.8 MHz
Clock: \Sound_Counter:CounterHW\/tc | Frequency: N/A       | Target:  15.0 MHz

======================================================================
                     End of Clock Summary
######################################################################

Phase 8
D2088: Phase 8, elapsed time : 0.0 (sec)

D2054: Placement of the design completed successfully

I2076: Total run-time: 2.0 sec.

