ARM GAS  C:\Users\DGILLI~1\AppData\Local\Temp\ccLDsTqs.s 			page 1


   1              		.syntax unified
   2              		.cpu cortex-m3
   3              		.fpu softvfp
   4              		.eabi_attribute 20, 1
   5              		.eabi_attribute 21, 1
   6              		.eabi_attribute 23, 3
   7              		.eabi_attribute 24, 1
   8              		.eabi_attribute 25, 1
   9              		.eabi_attribute 26, 1
  10              		.eabi_attribute 30, 1
  11              		.eabi_attribute 34, 1
  12              		.eabi_attribute 18, 4
  13              		.thumb
  14              		.syntax unified
  15              		.file	"ExtSRAM.c"
  16              		.text
  17              	.Ltext0:
  18              		.cfi_sections	.debug_frame
  19              		.section	.text.SetExtSRAMAddr,"ax",%progbits
  20              		.align	2
  21              		.global	SetExtSRAMAddr
  22              		.thumb
  23              		.thumb_func
  24              		.type	SetExtSRAMAddr, %function
  25              	SetExtSRAMAddr:
  26              	.LFB63:
  27              		.file 1 "ExtSRAM.c"
   1:ExtSRAM.c     **** /* ========================================
   2:ExtSRAM.c     **** *
   3:ExtSRAM.c     **** * Copyright LAND BOARDS, LLC, 2019
   4:ExtSRAM.c     **** * All Rights Reserved
   5:ExtSRAM.c     **** * UNPUBLISHED, LICENSED SOFTWARE.
   6:ExtSRAM.c     **** *
   7:ExtSRAM.c     **** * CONFIDENTIAL AND PROPRIETARY INFORMATION
   8:ExtSRAM.c     **** * WHICH IS THE PROPERTY OF LAND BOARDS, LLC.
   9:ExtSRAM.c     **** *
  10:ExtSRAM.c     **** * ========================================
  11:ExtSRAM.c     **** */
  12:ExtSRAM.c     **** 
  13:ExtSRAM.c     **** ////////////////////////////////////////////////////////////////////////////
  14:ExtSRAM.c     **** // Controls test and loading of the SRAM image from EPROM space of the PSoC.
  15:ExtSRAM.c     **** 
  16:ExtSRAM.c     **** #include <project.h>
  17:ExtSRAM.c     **** #include <Z80_PSoC_3Chips.h>
  18:ExtSRAM.c     **** 
  19:ExtSRAM.c     **** ////////////////////////////////////////////////////////////////////////////
  20:ExtSRAM.c     **** // Bits in the SRAM direct control register 
  21:ExtSRAM.c     **** 
  22:ExtSRAM.c     **** #define DRVRAM_BIT      0x01    // 1 = Drive SRAM bus from PSoC
  23:ExtSRAM.c     **** #define SRAMCS_BIT      0x02    // 1 = Drive SRAMCS
  24:ExtSRAM.c     **** #define SRAMRD_BIT      0x04    // 1 = SRAM read
  25:ExtSRAM.c     **** #define SRAMWR_BIT      0x08    // 1 = SRAM write
  26:ExtSRAM.c     **** #define CPURESET_BIT    0x10    // 1 = Z80 held in reset
  27:ExtSRAM.c     **** 
  28:ExtSRAM.c     **** ////////////////////////////////////////////////////////////////////////////
  29:ExtSRAM.c     **** // externs for the EPROM images
  30:ExtSRAM.c     **** 
ARM GAS  C:\Users\DGILLI~1\AppData\Local\Temp\ccLDsTqs.s 			page 2


  31:ExtSRAM.c     **** #ifdef GRANT_9_CHIP_Z80
  32:ExtSRAM.c     **** extern unsigned char monitor_basic_eprom[];
  33:ExtSRAM.c     **** #endif
  34:ExtSRAM.c     **** #ifdef GRANT_7_CHIP_Z80
  35:ExtSRAM.c     **** extern unsigned char gs7chip_basic_eeprom[];
  36:ExtSRAM.c     **** #endif
  37:ExtSRAM.c     **** #ifdef GRANT_FPGA_CPM
  38:ExtSRAM.c     **** extern const unsigned char gs_fpga_basic_eeprom[];
  39:ExtSRAM.c     **** #endif
  40:ExtSRAM.c     **** #ifdef MULTIBOOT_CPM
  41:ExtSRAM.c     **** extern const unsigned char multi_boot_eprom[];
  42:ExtSRAM.c     **** #endif
  43:ExtSRAM.c     **** 
  44:ExtSRAM.c     **** ////////////////////////////////////////////////////////////////////////////
  45:ExtSRAM.c     **** // SetExtSRAMAddr(addr) - Set the address registers for the SRAM
  46:ExtSRAM.c     **** 
  47:ExtSRAM.c     **** void SetExtSRAMAddr(uint32 addr)
  48:ExtSRAM.c     **** {
  28              		.loc 1 48 0
  29              		.cfi_startproc
  30              		@ args = 0, pretend = 0, frame = 0
  31              		@ frame_needed = 0, uses_anonymous_args = 0
  32              	.LVL0:
  33 0000 10B5     		push	{r4, lr}
  34              		.cfi_def_cfa_offset 8
  35              		.cfi_offset 4, -8
  36              		.cfi_offset 14, -4
  37 0002 0446     		mov	r4, r0
  49:ExtSRAM.c     **** 	AdrLowOut_Write(addr & 0xff);           // bottom 8-bits of the address A0..A7
  38              		.loc 1 49 0
  39 0004 C0B2     		uxtb	r0, r0
  40              	.LVL1:
  41 0006 FFF7FEFF 		bl	AdrLowOut_Write
  42              	.LVL2:
  50:ExtSRAM.c     **** 	AdrMidOut_Write((addr>>8) & 0x7);       // middle 3-bits of the address A8..A10
  43              		.loc 1 50 0
  44 000a C4F30220 		ubfx	r0, r4, #8, #3
  45 000e FFF7FEFF 		bl	AdrMidOut_Write
  46              	.LVL3:
  51:ExtSRAM.c     **** 	AdrHighOut_Write((addr>>11) & 0xFF);    // Upper bits of the address A11..A18
  47              		.loc 1 51 0
  48 0012 C4F3C720 		ubfx	r0, r4, #11, #8
  49 0016 FFF7FEFF 		bl	AdrHighOut_Write
  50              	.LVL4:
  51 001a 10BD     		pop	{r4, pc}
  52              		.cfi_endproc
  53              	.LFE63:
  54              		.size	SetExtSRAMAddr, .-SetExtSRAMAddr
  55              		.section	.text.ReadExtSRAM,"ax",%progbits
  56              		.align	2
  57              		.global	ReadExtSRAM
  58              		.thumb
  59              		.thumb_func
  60              		.type	ReadExtSRAM, %function
  61              	ReadExtSRAM:
  62              	.LFB64:
  52:ExtSRAM.c     **** }
ARM GAS  C:\Users\DGILLI~1\AppData\Local\Temp\ccLDsTqs.s 			page 3


  53:ExtSRAM.c     **** 
  54:ExtSRAM.c     **** ////////////////////////////////////////////////////////////////////////////
  55:ExtSRAM.c     **** // ReadExtSRAM(addr) - Read the external SRAM at address = addr
  56:ExtSRAM.c     **** //  Z80 is held in CPU_RESET during this action
  57:ExtSRAM.c     **** 
  58:ExtSRAM.c     **** uint8 ReadExtSRAM(uint32 addr)
  59:ExtSRAM.c     **** {
  63              		.loc 1 59 0
  64              		.cfi_startproc
  65              		@ args = 0, pretend = 0, frame = 0
  66              		@ frame_needed = 0, uses_anonymous_args = 0
  67              	.LVL5:
  68 0000 10B5     		push	{r4, lr}
  69              		.cfi_def_cfa_offset 8
  70              		.cfi_offset 4, -8
  71              		.cfi_offset 14, -4
  60:ExtSRAM.c     **** 	uint8 rdVal;
  61:ExtSRAM.c     **** 	SetExtSRAMAddr(addr);
  72              		.loc 1 61 0
  73 0002 FFF7FEFF 		bl	SetExtSRAMAddr
  74              	.LVL6:
  62:ExtSRAM.c     **** 	ExtSRAMCtl_Write(CPURESET_BIT | DRVRAM_BIT | SRAMRD_BIT);               // Set R/W* to Read
  75              		.loc 1 62 0
  76 0006 1520     		movs	r0, #21
  77 0008 FFF7FEFF 		bl	ExtSRAMCtl_Write
  78              	.LVL7:
  63:ExtSRAM.c     **** 	ExtSRAMCtl_Write(CPURESET_BIT | DRVRAM_BIT | SRAMRD_BIT | SRAMCS_BIT);  // Assert SRAMCS
  79              		.loc 1 63 0
  80 000c 1720     		movs	r0, #23
  81 000e FFF7FEFF 		bl	ExtSRAMCtl_Write
  82              	.LVL8:
  64:ExtSRAM.c     **** 	rdVal = Z80_Data_Out_Status;
  83              		.loc 1 64 0
  84 0012 044B     		ldr	r3, .L5
  85 0014 1C78     		ldrb	r4, [r3]	@ zero_extendqisi2
  86 0016 E4B2     		uxtb	r4, r4
  87              	.LVL9:
  65:ExtSRAM.c     **** 	ExtSRAMCtl_Write(CPURESET_BIT | DRVRAM_BIT);                        // Remove SRAMCS
  88              		.loc 1 65 0
  89 0018 1120     		movs	r0, #17
  90 001a FFF7FEFF 		bl	ExtSRAMCtl_Write
  91              	.LVL10:
  66:ExtSRAM.c     **** 	return(rdVal);
  67:ExtSRAM.c     **** }
  92              		.loc 1 67 0
  93 001e 2046     		mov	r0, r4
  94 0020 10BD     		pop	{r4, pc}
  95              	.LVL11:
  96              	.L6:
  97 0022 00BF     		.align	2
  98              	.L5:
  99 0024 6A640040 		.word	1073767530
 100              		.cfi_endproc
 101              	.LFE64:
 102              		.size	ReadExtSRAM, .-ReadExtSRAM
 103              		.section	.text.WriteExtSRAM,"ax",%progbits
 104              		.align	2
ARM GAS  C:\Users\DGILLI~1\AppData\Local\Temp\ccLDsTqs.s 			page 4


 105              		.global	WriteExtSRAM
 106              		.thumb
 107              		.thumb_func
 108              		.type	WriteExtSRAM, %function
 109              	WriteExtSRAM:
 110              	.LFB65:
  68:ExtSRAM.c     **** 
  69:ExtSRAM.c     **** ////////////////////////////////////////////////////////////////////////////
  70:ExtSRAM.c     **** // WriteExtSRAM(addr,data) - Write to the external SRAM at address = addr
  71:ExtSRAM.c     **** //  Z80 is held in CPU_RESET during this action
  72:ExtSRAM.c     **** 
  73:ExtSRAM.c     **** void WriteExtSRAM(uint32 addr, uint8 data)
  74:ExtSRAM.c     **** {
 111              		.loc 1 74 0
 112              		.cfi_startproc
 113              		@ args = 0, pretend = 0, frame = 0
 114              		@ frame_needed = 0, uses_anonymous_args = 0
 115              	.LVL12:
 116 0000 10B5     		push	{r4, lr}
 117              		.cfi_def_cfa_offset 8
 118              		.cfi_offset 4, -8
 119              		.cfi_offset 14, -4
 120 0002 0C46     		mov	r4, r1
  75:ExtSRAM.c     **** 	SetExtSRAMAddr(addr);
 121              		.loc 1 75 0
 122 0004 FFF7FEFF 		bl	SetExtSRAMAddr
 123              	.LVL13:
  76:ExtSRAM.c     **** 	ExtSRAMCtl_Write(CPURESET_BIT | DRVRAM_BIT | SRAMWR_BIT);               // Set R/W* to Write
 124              		.loc 1 76 0
 125 0008 1920     		movs	r0, #25
 126 000a FFF7FEFF 		bl	ExtSRAMCtl_Write
 127              	.LVL14:
  77:ExtSRAM.c     **** 	Z80_Data_In_Write(data);                                                // Provide value to SRAM d
 128              		.loc 1 77 0
 129 000e 2046     		mov	r0, r4
 130 0010 FFF7FEFF 		bl	Z80_Data_In_Write
 131              	.LVL15:
  78:ExtSRAM.c     **** 	ExtSRAMCtl_Write(CPURESET_BIT | DRVRAM_BIT | SRAMWR_BIT | SRAMCS_BIT);  // Assert SRAMCSn
 132              		.loc 1 78 0
 133 0014 1B20     		movs	r0, #27
 134 0016 FFF7FEFF 		bl	ExtSRAMCtl_Write
 135              	.LVL16:
  79:ExtSRAM.c     **** 	ExtSRAMCtl_Write(CPURESET_BIT | DRVRAM_BIT);                            // De-assert SRAMCSn, Set 
 136              		.loc 1 79 0
 137 001a 1120     		movs	r0, #17
 138 001c FFF7FEFF 		bl	ExtSRAMCtl_Write
 139              	.LVL17:
 140 0020 10BD     		pop	{r4, pc}
 141              		.cfi_endproc
 142              	.LFE65:
 143              		.size	WriteExtSRAM, .-WriteExtSRAM
 144 0022 00BF     		.section	.text.TestSRAM,"ax",%progbits
 145              		.align	2
 146              		.global	TestSRAM
 147              		.thumb
 148              		.thumb_func
 149              		.type	TestSRAM, %function
ARM GAS  C:\Users\DGILLI~1\AppData\Local\Temp\ccLDsTqs.s 			page 5


 150              	TestSRAM:
 151              	.LFB66:
  80:ExtSRAM.c     **** }
  81:ExtSRAM.c     **** 
  82:ExtSRAM.c     **** ////////////////////////////////////////////////////////////////////////////
  83:ExtSRAM.c     **** // TestSRAM() - Test the 512KB External SRAM
  84:ExtSRAM.c     **** //  Z80 is held in CPU_RESET during this action
  85:ExtSRAM.c     **** // Returns 
  86:ExtSRAM.c     **** //  0 if POST passed
  87:ExtSRAM.c     **** //  1 if POST Failed single location test
  88:ExtSRAM.c     **** //  2 if POST failed test of first 256 locations
  89:ExtSRAM.c     **** //  3 if POST failed address ramp test
  90:ExtSRAM.c     **** 
  91:ExtSRAM.c     **** #define POST_PASSED                         0
  92:ExtSRAM.c     **** #define POST_FAILED_SINGLE_LOCATION_TEST    1
  93:ExtSRAM.c     **** #define POST_FAILED_ADDRESS_RAMP            2
  94:ExtSRAM.c     **** #define POST_FAILED_TEST_ALL_RAM            3
  95:ExtSRAM.c     **** 
  96:ExtSRAM.c     **** uint32 TestSRAM(void)
  97:ExtSRAM.c     **** {
 152              		.loc 1 97 0
 153              		.cfi_startproc
 154              		@ args = 0, pretend = 0, frame = 8
 155              		@ frame_needed = 0, uses_anonymous_args = 0
 156 0000 00B5     		push	{lr}
 157              		.cfi_def_cfa_offset 4
 158              		.cfi_offset 14, -4
 159 0002 83B0     		sub	sp, sp, #12
 160              		.cfi_def_cfa_offset 16
  98:ExtSRAM.c     **** 	volatile uint32 sramAddr;
  99:ExtSRAM.c     **** 	volatile uint8 sramData;
 100:ExtSRAM.c     **** 	volatile uint8 sramReadData;
 101:ExtSRAM.c     **** 	ExtSRAMCtl_Control = (CPURESET_BIT | DRVRAM_BIT);              // Z80 in reset, SRAM deselected, D
 161              		.loc 1 101 0
 162 0004 1122     		movs	r2, #17
 163 0006 424B     		ldr	r3, .L23
 164 0008 1A70     		strb	r2, [r3]
 102:ExtSRAM.c     **** 	// Do a single write/read of the first location as a quick test
 103:ExtSRAM.c     **** 	WriteExtSRAM(0x0,0x55);             // Write 0x55 to the SRAM
 165              		.loc 1 103 0
 166 000a 5521     		movs	r1, #85
 167 000c 0020     		movs	r0, #0
 168 000e FFF7FEFF 		bl	WriteExtSRAM
 169              	.LVL18:
 104:ExtSRAM.c     **** 	if (ReadExtSRAM(0x0) != 0x55)       // Read the SRAM
 170              		.loc 1 104 0
 171 0012 0020     		movs	r0, #0
 172 0014 FFF7FEFF 		bl	ReadExtSRAM
 173              	.LVL19:
 174 0018 5528     		cmp	r0, #85
 175 001a 70D1     		bne	.L19
 105:ExtSRAM.c     **** 	return(POST_FAILED_SINGLE_LOCATION_TEST);   // Post failed
 106:ExtSRAM.c     **** 	// Write/read a data ramp to exercise address lines (step in address bits)
 107:ExtSRAM.c     **** 	sramData = 1;
 176              		.loc 1 107 0
 177 001c 0123     		movs	r3, #1
 178 001e 8DF80330 		strb	r3, [sp, #3]
ARM GAS  C:\Users\DGILLI~1\AppData\Local\Temp\ccLDsTqs.s 			page 6


 108:ExtSRAM.c     **** 	for (sramAddr = 1; sramAddr < 0x80000; sramAddr <<= 1)
 179              		.loc 1 108 0
 180 0022 0193     		str	r3, [sp, #4]
 181 0024 0DE0     		b	.L11
 182              	.L12:
 109:ExtSRAM.c     **** 	{
 110:ExtSRAM.c     **** 		WriteExtSRAM(sramAddr,sramData);
 183              		.loc 1 110 0 discriminator 3
 184 0026 0198     		ldr	r0, [sp, #4]
 185 0028 9DF80310 		ldrb	r1, [sp, #3]	@ zero_extendqisi2
 186 002c FFF7FEFF 		bl	WriteExtSRAM
 187              	.LVL20:
 111:ExtSRAM.c     **** 		sramData++;
 188              		.loc 1 111 0 discriminator 3
 189 0030 9DF80330 		ldrb	r3, [sp, #3]	@ zero_extendqisi2
 190 0034 0133     		adds	r3, r3, #1
 191 0036 DBB2     		uxtb	r3, r3
 192 0038 8DF80330 		strb	r3, [sp, #3]
 108:ExtSRAM.c     **** 	for (sramAddr = 1; sramAddr < 0x80000; sramAddr <<= 1)
 193              		.loc 1 108 0 discriminator 3
 194 003c 019B     		ldr	r3, [sp, #4]
 195 003e 5B00     		lsls	r3, r3, #1
 196 0040 0193     		str	r3, [sp, #4]
 197              	.L11:
 108:ExtSRAM.c     **** 	for (sramAddr = 1; sramAddr < 0x80000; sramAddr <<= 1)
 198              		.loc 1 108 0 is_stmt 0 discriminator 1
 199 0042 019B     		ldr	r3, [sp, #4]
 200 0044 B3F5002F 		cmp	r3, #524288
 201 0048 EDD3     		bcc	.L12
 112:ExtSRAM.c     **** 	}
 113:ExtSRAM.c     **** 	// Bounce a one across the address lines to test all 512KB
 114:ExtSRAM.c     **** 	sramData = 1;
 202              		.loc 1 114 0 is_stmt 1
 203 004a 0123     		movs	r3, #1
 204 004c 8DF80330 		strb	r3, [sp, #3]
 115:ExtSRAM.c     **** 	for (sramAddr = 1; sramAddr < 0x80000; sramAddr <<= 1)
 205              		.loc 1 115 0
 206 0050 0193     		str	r3, [sp, #4]
 207 0052 15E0     		b	.L13
 208              	.L14:
 116:ExtSRAM.c     **** 	{
 117:ExtSRAM.c     **** 		sramReadData = ReadExtSRAM(sramAddr);
 209              		.loc 1 117 0
 210 0054 0198     		ldr	r0, [sp, #4]
 211 0056 FFF7FEFF 		bl	ReadExtSRAM
 212              	.LVL21:
 213 005a 8DF80200 		strb	r0, [sp, #2]
 118:ExtSRAM.c     **** 		if (sramReadData != sramData)
 214              		.loc 1 118 0
 215 005e 9DF80220 		ldrb	r2, [sp, #2]	@ zero_extendqisi2
 216 0062 D2B2     		uxtb	r2, r2
 217 0064 9DF80330 		ldrb	r3, [sp, #3]	@ zero_extendqisi2
 218 0068 DBB2     		uxtb	r3, r3
 219 006a 9A42     		cmp	r2, r3
 220 006c 49D1     		bne	.L20
 119:ExtSRAM.c     **** 		return(POST_FAILED_ADDRESS_RAMP);
 120:ExtSRAM.c     **** 		sramData++;
ARM GAS  C:\Users\DGILLI~1\AppData\Local\Temp\ccLDsTqs.s 			page 7


 221              		.loc 1 120 0 discriminator 2
 222 006e 9DF80330 		ldrb	r3, [sp, #3]	@ zero_extendqisi2
 223 0072 0133     		adds	r3, r3, #1
 224 0074 DBB2     		uxtb	r3, r3
 225 0076 8DF80330 		strb	r3, [sp, #3]
 115:ExtSRAM.c     **** 	{
 226              		.loc 1 115 0 discriminator 2
 227 007a 019B     		ldr	r3, [sp, #4]
 228 007c 5B00     		lsls	r3, r3, #1
 229 007e 0193     		str	r3, [sp, #4]
 230              	.L13:
 115:ExtSRAM.c     **** 	{
 231              		.loc 1 115 0 is_stmt 0 discriminator 1
 232 0080 019B     		ldr	r3, [sp, #4]
 233 0082 B3F5002F 		cmp	r3, #524288
 234 0086 E5D3     		bcc	.L14
 121:ExtSRAM.c     **** 	}
 122:ExtSRAM.c     **** 	// Fill all of the SRAM with data = bottom of 8 bits of address
 123:ExtSRAM.c     **** 	sramData = 0;
 235              		.loc 1 123 0 is_stmt 1
 236 0088 0023     		movs	r3, #0
 237 008a 8DF80330 		strb	r3, [sp, #3]
 124:ExtSRAM.c     **** 	for (sramAddr = 0; sramAddr < 0x80000; sramAddr++)
 238              		.loc 1 124 0
 239 008e 0193     		str	r3, [sp, #4]
 240 0090 0DE0     		b	.L15
 241              	.L16:
 125:ExtSRAM.c     **** 	{
 126:ExtSRAM.c     **** 		WriteExtSRAM(sramAddr,sramData);
 242              		.loc 1 126 0 discriminator 3
 243 0092 0198     		ldr	r0, [sp, #4]
 244 0094 9DF80310 		ldrb	r1, [sp, #3]	@ zero_extendqisi2
 245 0098 FFF7FEFF 		bl	WriteExtSRAM
 246              	.LVL22:
 127:ExtSRAM.c     **** 		sramData++;
 247              		.loc 1 127 0 discriminator 3
 248 009c 9DF80330 		ldrb	r3, [sp, #3]	@ zero_extendqisi2
 249 00a0 0133     		adds	r3, r3, #1
 250 00a2 DBB2     		uxtb	r3, r3
 251 00a4 8DF80330 		strb	r3, [sp, #3]
 124:ExtSRAM.c     **** 	for (sramAddr = 0; sramAddr < 0x80000; sramAddr++)
 252              		.loc 1 124 0 discriminator 3
 253 00a8 019B     		ldr	r3, [sp, #4]
 254 00aa 0133     		adds	r3, r3, #1
 255 00ac 0193     		str	r3, [sp, #4]
 256              	.L15:
 124:ExtSRAM.c     **** 	for (sramAddr = 0; sramAddr < 0x80000; sramAddr++)
 257              		.loc 1 124 0 is_stmt 0 discriminator 1
 258 00ae 019B     		ldr	r3, [sp, #4]
 259 00b0 B3F5002F 		cmp	r3, #524288
 260 00b4 EDD3     		bcc	.L16
 128:ExtSRAM.c     **** 	}
 129:ExtSRAM.c     **** 	// Verify the SRAM has data=address
 130:ExtSRAM.c     **** 	sramData = 0;
 261              		.loc 1 130 0 is_stmt 1
 262 00b6 0023     		movs	r3, #0
 263 00b8 8DF80330 		strb	r3, [sp, #3]
ARM GAS  C:\Users\DGILLI~1\AppData\Local\Temp\ccLDsTqs.s 			page 8


 131:ExtSRAM.c     **** 	for (sramAddr = 0; sramAddr < 0x80000; sramAddr++)
 264              		.loc 1 131 0
 265 00bc 0193     		str	r3, [sp, #4]
 266 00be 15E0     		b	.L17
 267              	.L18:
 132:ExtSRAM.c     **** 	{
 133:ExtSRAM.c     **** 		sramReadData = ReadExtSRAM(sramAddr);
 268              		.loc 1 133 0
 269 00c0 0198     		ldr	r0, [sp, #4]
 270 00c2 FFF7FEFF 		bl	ReadExtSRAM
 271              	.LVL23:
 272 00c6 8DF80200 		strb	r0, [sp, #2]
 134:ExtSRAM.c     **** 		if (sramReadData != sramData)
 273              		.loc 1 134 0
 274 00ca 9DF80220 		ldrb	r2, [sp, #2]	@ zero_extendqisi2
 275 00ce D2B2     		uxtb	r2, r2
 276 00d0 9DF80330 		ldrb	r3, [sp, #3]	@ zero_extendqisi2
 277 00d4 DBB2     		uxtb	r3, r3
 278 00d6 9A42     		cmp	r2, r3
 279 00d8 15D1     		bne	.L21
 135:ExtSRAM.c     **** 		return(POST_FAILED_TEST_ALL_RAM);
 136:ExtSRAM.c     **** 		sramData++;
 280              		.loc 1 136 0 discriminator 2
 281 00da 9DF80330 		ldrb	r3, [sp, #3]	@ zero_extendqisi2
 282 00de 0133     		adds	r3, r3, #1
 283 00e0 DBB2     		uxtb	r3, r3
 284 00e2 8DF80330 		strb	r3, [sp, #3]
 131:ExtSRAM.c     **** 	{
 285              		.loc 1 131 0 discriminator 2
 286 00e6 019B     		ldr	r3, [sp, #4]
 287 00e8 0133     		adds	r3, r3, #1
 288 00ea 0193     		str	r3, [sp, #4]
 289              	.L17:
 131:ExtSRAM.c     **** 	{
 290              		.loc 1 131 0 is_stmt 0 discriminator 1
 291 00ec 019B     		ldr	r3, [sp, #4]
 292 00ee B3F5002F 		cmp	r3, #524288
 293 00f2 E5D3     		bcc	.L18
 137:ExtSRAM.c     **** 	}
 138:ExtSRAM.c     **** 	ExtSRAMCtl_Control = (CPURESET_BIT);              // Leave Z80 in reset
 294              		.loc 1 138 0 is_stmt 1
 295 00f4 1022     		movs	r2, #16
 296 00f6 064B     		ldr	r3, .L23
 297 00f8 1A70     		strb	r2, [r3]
 139:ExtSRAM.c     **** 	return(POST_PASSED);
 298              		.loc 1 139 0
 299 00fa 0020     		movs	r0, #0
 300 00fc 04E0     		b	.L10
 301              	.L19:
 105:ExtSRAM.c     **** 	// Write/read a data ramp to exercise address lines (step in address bits)
 302              		.loc 1 105 0
 303 00fe 0120     		movs	r0, #1
 304 0100 02E0     		b	.L10
 305              	.L20:
 119:ExtSRAM.c     **** 		sramData++;
 306              		.loc 1 119 0
 307 0102 0220     		movs	r0, #2
ARM GAS  C:\Users\DGILLI~1\AppData\Local\Temp\ccLDsTqs.s 			page 9


 308 0104 00E0     		b	.L10
 309              	.L21:
 135:ExtSRAM.c     **** 		sramData++;
 310              		.loc 1 135 0
 311 0106 0320     		movs	r0, #3
 312              	.L10:
 140:ExtSRAM.c     **** }
 313              		.loc 1 140 0
 314 0108 03B0     		add	sp, sp, #12
 315              		.cfi_def_cfa_offset 4
 316              		@ sp needed
 317 010a 5DF804FB 		ldr	pc, [sp], #4
 318              	.L24:
 319 010e 00BF     		.align	2
 320              	.L23:
 321 0110 75650040 		.word	1073767797
 322              		.cfi_endproc
 323              	.LFE66:
 324              		.size	TestSRAM, .-TestSRAM
 325              		.section	.text.loadSRAM,"ax",%progbits
 326              		.align	2
 327              		.global	loadSRAM
 328              		.thumb
 329              		.thumb_func
 330              		.type	loadSRAM, %function
 331              	loadSRAM:
 332              	.LFB67:
 141:ExtSRAM.c     **** 
 142:ExtSRAM.c     **** ////////////////////////////////////////////////////////////////////////////
 143:ExtSRAM.c     **** // void loadSRAM(void) - Load the SRAM on the card with the ROM code
 144:ExtSRAM.c     **** // Supports all builds
 145:ExtSRAM.c     **** // Create the C array using srec_cat and put into a .c file
 146:ExtSRAM.c     **** //  Hex files:      srec_cat.exe HexFile.hex -I -o cmon32.c -C-Array
 147:ExtSRAM.c     **** //  Object files:   srec_cat.exe ObjFile.o -binary -o CCode.c -C-Array
 148:ExtSRAM.c     **** 
 149:ExtSRAM.c     **** void loadSRAM(void)
 150:ExtSRAM.c     **** {
 333              		.loc 1 150 0
 334              		.cfi_startproc
 335              		@ args = 0, pretend = 0, frame = 0
 336              		@ frame_needed = 0, uses_anonymous_args = 0
 337 0000 38B5     		push	{r3, r4, r5, lr}
 338              		.cfi_def_cfa_offset 16
 339              		.cfi_offset 3, -16
 340              		.cfi_offset 4, -12
 341              		.cfi_offset 5, -8
 342              		.cfi_offset 14, -4
 343              	.LVL24:
 344              	.LBB2:
 151:ExtSRAM.c     **** 	uint32 SRAMAddr = MONITOR_START;    // Should all start at 0x0000 for Z80
 152:ExtSRAM.c     ****     uint8 dataVal;
 153:ExtSRAM.c     **** 	for (uint32 charCount = 0; charCount < MONITOR_LENGTH; charCount++)
 345              		.loc 1 153 0
 346 0002 0024     		movs	r4, #0
 347              	.LBE2:
 151:ExtSRAM.c     **** 	uint32 SRAMAddr = MONITOR_START;    // Should all start at 0x0000 for Z80
 348              		.loc 1 151 0
ARM GAS  C:\Users\DGILLI~1\AppData\Local\Temp\ccLDsTqs.s 			page 10


 349 0004 2546     		mov	r5, r4
 350              	.LBB3:
 351              		.loc 1 153 0
 352 0006 06E0     		b	.L26
 353              	.LVL25:
 354              	.L27:
 154:ExtSRAM.c     **** 	{
 155:ExtSRAM.c     **** #ifdef GRANT_9_CHIP_Z80
 156:ExtSRAM.c     **** 		dataVal = monitor_basic_eprom[charCount];
 157:ExtSRAM.c     **** #endif
 158:ExtSRAM.c     **** #ifdef GRANT_7_CHIP_Z80
 159:ExtSRAM.c     **** 		dataVal = gs7chip_basic_eeprom[charCount];
 160:ExtSRAM.c     **** #endif
 161:ExtSRAM.c     **** #ifdef GRANT_FPGA_CPM
 162:ExtSRAM.c     **** 		dataVal = gs_fpga_basic_eeprom[charCount];
 163:ExtSRAM.c     **** #endif
 164:ExtSRAM.c     **** #ifdef MULTIBOOT_CPM
 165:ExtSRAM.c     **** 		dataVal = multi_boot_eprom[charCount];
 166:ExtSRAM.c     **** #endif
 167:ExtSRAM.c     **** 		WriteExtSRAM(SRAMAddr,dataVal);
 355              		.loc 1 167 0 discriminator 3
 356 0008 054B     		ldr	r3, .L29
 357 000a 195D     		ldrb	r1, [r3, r4]	@ zero_extendqisi2
 358 000c 2846     		mov	r0, r5
 359 000e FFF7FEFF 		bl	WriteExtSRAM
 360              	.LVL26:
 168:ExtSRAM.c     **** 		SRAMAddr++;
 361              		.loc 1 168 0 discriminator 3
 362 0012 0135     		adds	r5, r5, #1
 363              	.LVL27:
 153:ExtSRAM.c     **** 	{
 364              		.loc 1 153 0 discriminator 3
 365 0014 0134     		adds	r4, r4, #1
 366              	.LVL28:
 367              	.L26:
 153:ExtSRAM.c     **** 	{
 368              		.loc 1 153 0 is_stmt 0 discriminator 1
 369 0016 B4F5005F 		cmp	r4, #8192
 370 001a F5D3     		bcc	.L27
 371              	.LBE3:
 169:ExtSRAM.c     **** 	}
 170:ExtSRAM.c     **** }
 372              		.loc 1 170 0 is_stmt 1
 373 001c 38BD     		pop	{r3, r4, r5, pc}
 374              	.LVL29:
 375              	.L30:
 376 001e 00BF     		.align	2
 377              	.L29:
 378 0020 00000000 		.word	multi_boot_eprom
 379              		.cfi_endproc
 380              	.LFE67:
 381              		.size	loadSRAM, .-loadSRAM
 382              		.text
 383              	.Letext0:
 384              		.file 2 "c:\\program files (x86)\\cypress\\psoc creator\\4.2\\psoc creator\\import\\gnu\\arm\\5.4.
 385              		.file 3 "c:\\program files (x86)\\cypress\\psoc creator\\4.2\\psoc creator\\import\\gnu\\arm\\5.4.
 386              		.file 4 "Generated_Source\\PSoC5/cytypes.h"
ARM GAS  C:\Users\DGILLI~1\AppData\Local\Temp\ccLDsTqs.s 			page 11


 387              		.file 5 "Generated_Source\\PSoC5/core_cm3.h"
 388              		.file 6 "Generated_Source\\PSoC5/AdrLowOut.h"
 389              		.file 7 "Generated_Source\\PSoC5/AdrMidOut.h"
 390              		.file 8 "Generated_Source\\PSoC5/AdrHighOut.h"
 391              		.file 9 "Generated_Source\\PSoC5/ExtSRAMCtl.h"
 392              		.file 10 "Generated_Source\\PSoC5/Z80_Data_In.h"
 393              		.section	.debug_info,"",%progbits
 394              	.Ldebug_info0:
 395 0000 9C030000 		.4byte	0x39c
 396 0004 0400     		.2byte	0x4
 397 0006 00000000 		.4byte	.Ldebug_abbrev0
 398 000a 04       		.byte	0x4
 399 000b 01       		.uleb128 0x1
 400 000c 8D000000 		.4byte	.LASF39
 401 0010 0C       		.byte	0xc
 402 0011 C8020000 		.4byte	.LASF40
 403 0015 E1010000 		.4byte	.LASF41
 404 0019 18000000 		.4byte	.Ldebug_ranges0+0x18
 405 001d 00000000 		.4byte	0
 406 0021 00000000 		.4byte	.Ldebug_line0
 407 0025 02       		.uleb128 0x2
 408 0026 01       		.byte	0x1
 409 0027 06       		.byte	0x6
 410 0028 BC020000 		.4byte	.LASF0
 411 002c 02       		.uleb128 0x2
 412 002d 01       		.byte	0x1
 413 002e 08       		.byte	0x8
 414 002f 7F000000 		.4byte	.LASF1
 415 0033 02       		.uleb128 0x2
 416 0034 02       		.byte	0x2
 417 0035 05       		.byte	0x5
 418 0036 7A020000 		.4byte	.LASF2
 419 003a 02       		.uleb128 0x2
 420 003b 02       		.byte	0x2
 421 003c 07       		.byte	0x7
 422 003d 32000000 		.4byte	.LASF3
 423 0041 03       		.uleb128 0x3
 424 0042 09000000 		.4byte	.LASF9
 425 0046 02       		.byte	0x2
 426 0047 3F       		.byte	0x3f
 427 0048 4C000000 		.4byte	0x4c
 428 004c 02       		.uleb128 0x2
 429 004d 04       		.byte	0x4
 430 004e 05       		.byte	0x5
 431 004f 1C000000 		.4byte	.LASF4
 432 0053 02       		.uleb128 0x2
 433 0054 04       		.byte	0x4
 434 0055 07       		.byte	0x7
 435 0056 44010000 		.4byte	.LASF5
 436 005a 02       		.uleb128 0x2
 437 005b 08       		.byte	0x8
 438 005c 05       		.byte	0x5
 439 005d 67020000 		.4byte	.LASF6
 440 0061 02       		.uleb128 0x2
 441 0062 08       		.byte	0x8
 442 0063 07       		.byte	0x7
 443 0064 A6010000 		.4byte	.LASF7
ARM GAS  C:\Users\DGILLI~1\AppData\Local\Temp\ccLDsTqs.s 			page 12


 444 0068 04       		.uleb128 0x4
 445 0069 04       		.byte	0x4
 446 006a 05       		.byte	0x5
 447 006b 696E7400 		.ascii	"int\000"
 448 006f 02       		.uleb128 0x2
 449 0070 04       		.byte	0x4
 450 0071 07       		.byte	0x7
 451 0072 99010000 		.4byte	.LASF8
 452 0076 03       		.uleb128 0x3
 453 0077 56020000 		.4byte	.LASF10
 454 007b 03       		.byte	0x3
 455 007c 2C       		.byte	0x2c
 456 007d 41000000 		.4byte	0x41
 457 0081 05       		.uleb128 0x5
 458 0082 84020000 		.4byte	.LASF11
 459 0086 04       		.byte	0x4
 460 0087 E401     		.2byte	0x1e4
 461 0089 2C000000 		.4byte	0x2c
 462 008d 05       		.uleb128 0x5
 463 008e 89010000 		.4byte	.LASF12
 464 0092 04       		.byte	0x4
 465 0093 E601     		.2byte	0x1e6
 466 0095 53000000 		.4byte	0x53
 467 0099 02       		.uleb128 0x2
 468 009a 04       		.byte	0x4
 469 009b 04       		.byte	0x4
 470 009c 65000000 		.4byte	.LASF13
 471 00a0 02       		.uleb128 0x2
 472 00a1 08       		.byte	0x8
 473 00a2 04       		.byte	0x4
 474 00a3 5E000000 		.4byte	.LASF14
 475 00a7 02       		.uleb128 0x2
 476 00a8 01       		.byte	0x1
 477 00a9 08       		.byte	0x8
 478 00aa 75020000 		.4byte	.LASF15
 479 00ae 05       		.uleb128 0x5
 480 00af 1B010000 		.4byte	.LASF16
 481 00b3 04       		.byte	0x4
 482 00b4 8E02     		.2byte	0x28e
 483 00b6 BA000000 		.4byte	0xba
 484 00ba 06       		.uleb128 0x6
 485 00bb 81000000 		.4byte	0x81
 486 00bf 06       		.uleb128 0x6
 487 00c0 8D000000 		.4byte	0x8d
 488 00c4 02       		.uleb128 0x2
 489 00c5 08       		.byte	0x8
 490 00c6 04       		.byte	0x4
 491 00c7 B0020000 		.4byte	.LASF17
 492 00cb 02       		.uleb128 0x2
 493 00cc 04       		.byte	0x4
 494 00cd 07       		.byte	0x7
 495 00ce 5E020000 		.4byte	.LASF18
 496 00d2 07       		.uleb128 0x7
 497 00d3 70000000 		.4byte	.LASF20
 498 00d7 01       		.byte	0x1
 499 00d8 2F       		.byte	0x2f
 500 00d9 00000000 		.4byte	.LFB63
ARM GAS  C:\Users\DGILLI~1\AppData\Local\Temp\ccLDsTqs.s 			page 13


 501 00dd 1C000000 		.4byte	.LFE63-.LFB63
 502 00e1 01       		.uleb128 0x1
 503 00e2 9C       		.byte	0x9c
 504 00e3 3A010000 		.4byte	0x13a
 505 00e7 08       		.uleb128 0x8
 506 00e8 28010000 		.4byte	.LASF19
 507 00ec 01       		.byte	0x1
 508 00ed 2F       		.byte	0x2f
 509 00ee 8D000000 		.4byte	0x8d
 510 00f2 00000000 		.4byte	.LLST0
 511 00f6 09       		.uleb128 0x9
 512 00f7 0A000000 		.4byte	.LVL2
 513 00fb 68030000 		.4byte	0x368
 514 00ff 0A010000 		.4byte	0x10a
 515 0103 0A       		.uleb128 0xa
 516 0104 01       		.uleb128 0x1
 517 0105 50       		.byte	0x50
 518 0106 02       		.uleb128 0x2
 519 0107 74       		.byte	0x74
 520 0108 00       		.sleb128 0
 521 0109 00       		.byte	0
 522 010a 09       		.uleb128 0x9
 523 010b 12000000 		.4byte	.LVL3
 524 010f 73030000 		.4byte	0x373
 525 0113 23010000 		.4byte	0x123
 526 0117 0A       		.uleb128 0xa
 527 0118 01       		.uleb128 0x1
 528 0119 50       		.byte	0x50
 529 011a 07       		.uleb128 0x7
 530 011b 74       		.byte	0x74
 531 011c 00       		.sleb128 0
 532 011d 09       		.byte	0x9
 533 011e F9       		.byte	0xf9
 534 011f 24       		.byte	0x24
 535 0120 31       		.byte	0x31
 536 0121 25       		.byte	0x25
 537 0122 00       		.byte	0
 538 0123 0B       		.uleb128 0xb
 539 0124 1A000000 		.4byte	.LVL4
 540 0128 7E030000 		.4byte	0x37e
 541 012c 0A       		.uleb128 0xa
 542 012d 01       		.uleb128 0x1
 543 012e 50       		.byte	0x50
 544 012f 08       		.uleb128 0x8
 545 0130 74       		.byte	0x74
 546 0131 00       		.sleb128 0
 547 0132 09       		.byte	0x9
 548 0133 F1       		.byte	0xf1
 549 0134 24       		.byte	0x24
 550 0135 09       		.byte	0x9
 551 0136 FC       		.byte	0xfc
 552 0137 25       		.byte	0x25
 553 0138 00       		.byte	0
 554 0139 00       		.byte	0
 555 013a 0C       		.uleb128 0xc
 556 013b A4020000 		.4byte	.LASF23
 557 013f 01       		.byte	0x1
ARM GAS  C:\Users\DGILLI~1\AppData\Local\Temp\ccLDsTqs.s 			page 14


 558 0140 3A       		.byte	0x3a
 559 0141 81000000 		.4byte	0x81
 560 0145 00000000 		.4byte	.LFB64
 561 0149 28000000 		.4byte	.LFE64-.LFB64
 562 014d 01       		.uleb128 0x1
 563 014e 9C       		.byte	0x9c
 564 014f BC010000 		.4byte	0x1bc
 565 0153 08       		.uleb128 0x8
 566 0154 28010000 		.4byte	.LASF19
 567 0158 01       		.byte	0x1
 568 0159 3A       		.byte	0x3a
 569 015a 8D000000 		.4byte	0x8d
 570 015e 1E000000 		.4byte	.LLST1
 571 0162 0D       		.uleb128 0xd
 572 0163 DB010000 		.4byte	.LASF25
 573 0167 01       		.byte	0x1
 574 0168 3C       		.byte	0x3c
 575 0169 81000000 		.4byte	0x81
 576 016d 3F000000 		.4byte	.LLST2
 577 0171 09       		.uleb128 0x9
 578 0172 06000000 		.4byte	.LVL6
 579 0176 D2000000 		.4byte	0xd2
 580 017a 86010000 		.4byte	0x186
 581 017e 0A       		.uleb128 0xa
 582 017f 01       		.uleb128 0x1
 583 0180 50       		.byte	0x50
 584 0181 03       		.uleb128 0x3
 585 0182 F3       		.byte	0xf3
 586 0183 01       		.uleb128 0x1
 587 0184 50       		.byte	0x50
 588 0185 00       		.byte	0
 589 0186 09       		.uleb128 0x9
 590 0187 0C000000 		.4byte	.LVL7
 591 018b 89030000 		.4byte	0x389
 592 018f 99010000 		.4byte	0x199
 593 0193 0A       		.uleb128 0xa
 594 0194 01       		.uleb128 0x1
 595 0195 50       		.byte	0x50
 596 0196 01       		.uleb128 0x1
 597 0197 45       		.byte	0x45
 598 0198 00       		.byte	0
 599 0199 09       		.uleb128 0x9
 600 019a 12000000 		.4byte	.LVL8
 601 019e 89030000 		.4byte	0x389
 602 01a2 AC010000 		.4byte	0x1ac
 603 01a6 0A       		.uleb128 0xa
 604 01a7 01       		.uleb128 0x1
 605 01a8 50       		.byte	0x50
 606 01a9 01       		.uleb128 0x1
 607 01aa 47       		.byte	0x47
 608 01ab 00       		.byte	0
 609 01ac 0B       		.uleb128 0xb
 610 01ad 1E000000 		.4byte	.LVL10
 611 01b1 89030000 		.4byte	0x389
 612 01b5 0A       		.uleb128 0xa
 613 01b6 01       		.uleb128 0x1
 614 01b7 50       		.byte	0x50
ARM GAS  C:\Users\DGILLI~1\AppData\Local\Temp\ccLDsTqs.s 			page 15


 615 01b8 01       		.uleb128 0x1
 616 01b9 41       		.byte	0x41
 617 01ba 00       		.byte	0
 618 01bb 00       		.byte	0
 619 01bc 07       		.uleb128 0x7
 620 01bd 25000000 		.4byte	.LASF21
 621 01c1 01       		.byte	0x1
 622 01c2 49       		.byte	0x49
 623 01c3 00000000 		.4byte	.LFB65
 624 01c7 22000000 		.4byte	.LFE65-.LFB65
 625 01cb 01       		.uleb128 0x1
 626 01cc 9C       		.byte	0x9c
 627 01cd 4E020000 		.4byte	0x24e
 628 01d1 08       		.uleb128 0x8
 629 01d2 28010000 		.4byte	.LASF19
 630 01d6 01       		.byte	0x1
 631 01d7 49       		.byte	0x49
 632 01d8 8D000000 		.4byte	0x8d
 633 01dc 5D000000 		.4byte	.LLST3
 634 01e0 08       		.uleb128 0x8
 635 01e1 6B000000 		.4byte	.LASF22
 636 01e5 01       		.byte	0x1
 637 01e6 49       		.byte	0x49
 638 01e7 81000000 		.4byte	0x81
 639 01eb 7E000000 		.4byte	.LLST4
 640 01ef 09       		.uleb128 0x9
 641 01f0 08000000 		.4byte	.LVL13
 642 01f4 D2000000 		.4byte	0xd2
 643 01f8 04020000 		.4byte	0x204
 644 01fc 0A       		.uleb128 0xa
 645 01fd 01       		.uleb128 0x1
 646 01fe 50       		.byte	0x50
 647 01ff 03       		.uleb128 0x3
 648 0200 F3       		.byte	0xf3
 649 0201 01       		.uleb128 0x1
 650 0202 50       		.byte	0x50
 651 0203 00       		.byte	0
 652 0204 09       		.uleb128 0x9
 653 0205 0E000000 		.4byte	.LVL14
 654 0209 89030000 		.4byte	0x389
 655 020d 17020000 		.4byte	0x217
 656 0211 0A       		.uleb128 0xa
 657 0212 01       		.uleb128 0x1
 658 0213 50       		.byte	0x50
 659 0214 01       		.uleb128 0x1
 660 0215 49       		.byte	0x49
 661 0216 00       		.byte	0
 662 0217 09       		.uleb128 0x9
 663 0218 14000000 		.4byte	.LVL15
 664 021c 94030000 		.4byte	0x394
 665 0220 2B020000 		.4byte	0x22b
 666 0224 0A       		.uleb128 0xa
 667 0225 01       		.uleb128 0x1
 668 0226 50       		.byte	0x50
 669 0227 02       		.uleb128 0x2
 670 0228 74       		.byte	0x74
 671 0229 00       		.sleb128 0
ARM GAS  C:\Users\DGILLI~1\AppData\Local\Temp\ccLDsTqs.s 			page 16


 672 022a 00       		.byte	0
 673 022b 09       		.uleb128 0x9
 674 022c 1A000000 		.4byte	.LVL16
 675 0230 89030000 		.4byte	0x389
 676 0234 3E020000 		.4byte	0x23e
 677 0238 0A       		.uleb128 0xa
 678 0239 01       		.uleb128 0x1
 679 023a 50       		.byte	0x50
 680 023b 01       		.uleb128 0x1
 681 023c 4B       		.byte	0x4b
 682 023d 00       		.byte	0
 683 023e 0B       		.uleb128 0xb
 684 023f 20000000 		.4byte	.LVL17
 685 0243 89030000 		.4byte	0x389
 686 0247 0A       		.uleb128 0xa
 687 0248 01       		.uleb128 0x1
 688 0249 50       		.byte	0x50
 689 024a 01       		.uleb128 0x1
 690 024b 41       		.byte	0x41
 691 024c 00       		.byte	0
 692 024d 00       		.byte	0
 693 024e 0C       		.uleb128 0xc
 694 024f 90010000 		.4byte	.LASF24
 695 0253 01       		.byte	0x1
 696 0254 60       		.byte	0x60
 697 0255 8D000000 		.4byte	0x8d
 698 0259 00000000 		.4byte	.LFB66
 699 025d 14010000 		.4byte	.LFE66-.LFB66
 700 0261 01       		.uleb128 0x1
 701 0262 9C       		.byte	0x9c
 702 0263 E2020000 		.4byte	0x2e2
 703 0267 0E       		.uleb128 0xe
 704 0268 45000000 		.4byte	.LASF26
 705 026c 01       		.byte	0x1
 706 026d 62       		.byte	0x62
 707 026e BF000000 		.4byte	0xbf
 708 0272 02       		.uleb128 0x2
 709 0273 91       		.byte	0x91
 710 0274 74       		.sleb128 -12
 711 0275 0E       		.uleb128 0xe
 712 0276 00000000 		.4byte	.LASF27
 713 027a 01       		.byte	0x1
 714 027b 63       		.byte	0x63
 715 027c BA000000 		.4byte	0xba
 716 0280 02       		.uleb128 0x2
 717 0281 91       		.byte	0x91
 718 0282 73       		.sleb128 -13
 719 0283 0E       		.uleb128 0xe
 720 0284 BD010000 		.4byte	.LASF28
 721 0288 01       		.byte	0x1
 722 0289 64       		.byte	0x64
 723 028a BA000000 		.4byte	0xba
 724 028e 02       		.uleb128 0x2
 725 028f 91       		.byte	0x91
 726 0290 72       		.sleb128 -14
 727 0291 09       		.uleb128 0x9
 728 0292 12000000 		.4byte	.LVL18
ARM GAS  C:\Users\DGILLI~1\AppData\Local\Temp\ccLDsTqs.s 			page 17


 729 0296 BC010000 		.4byte	0x1bc
 730 029a AA020000 		.4byte	0x2aa
 731 029e 0A       		.uleb128 0xa
 732 029f 01       		.uleb128 0x1
 733 02a0 50       		.byte	0x50
 734 02a1 01       		.uleb128 0x1
 735 02a2 30       		.byte	0x30
 736 02a3 0A       		.uleb128 0xa
 737 02a4 01       		.uleb128 0x1
 738 02a5 51       		.byte	0x51
 739 02a6 02       		.uleb128 0x2
 740 02a7 08       		.byte	0x8
 741 02a8 55       		.byte	0x55
 742 02a9 00       		.byte	0
 743 02aa 09       		.uleb128 0x9
 744 02ab 18000000 		.4byte	.LVL19
 745 02af 3A010000 		.4byte	0x13a
 746 02b3 BD020000 		.4byte	0x2bd
 747 02b7 0A       		.uleb128 0xa
 748 02b8 01       		.uleb128 0x1
 749 02b9 50       		.byte	0x50
 750 02ba 01       		.uleb128 0x1
 751 02bb 30       		.byte	0x30
 752 02bc 00       		.byte	0
 753 02bd 0F       		.uleb128 0xf
 754 02be 30000000 		.4byte	.LVL20
 755 02c2 BC010000 		.4byte	0x1bc
 756 02c6 0F       		.uleb128 0xf
 757 02c7 5A000000 		.4byte	.LVL21
 758 02cb 3A010000 		.4byte	0x13a
 759 02cf 0F       		.uleb128 0xf
 760 02d0 9C000000 		.4byte	.LVL22
 761 02d4 BC010000 		.4byte	0x1bc
 762 02d8 0F       		.uleb128 0xf
 763 02d9 C6000000 		.4byte	.LVL23
 764 02dd 3A010000 		.4byte	0x13a
 765 02e1 00       		.byte	0
 766 02e2 07       		.uleb128 0x7
 767 02e3 8A020000 		.4byte	.LASF29
 768 02e7 01       		.byte	0x1
 769 02e8 95       		.byte	0x95
 770 02e9 00000000 		.4byte	.LFB67
 771 02ed 24000000 		.4byte	.LFE67-.LFB67
 772 02f1 01       		.uleb128 0x1
 773 02f2 9C       		.byte	0x9c
 774 02f3 37030000 		.4byte	0x337
 775 02f7 0D       		.uleb128 0xd
 776 02f8 13000000 		.4byte	.LASF30
 777 02fc 01       		.byte	0x1
 778 02fd 97       		.byte	0x97
 779 02fe 8D000000 		.4byte	0x8d
 780 0302 9F000000 		.4byte	.LLST5
 781 0306 10       		.uleb128 0x10
 782 0307 20010000 		.4byte	.LASF42
 783 030b 01       		.byte	0x1
 784 030c 98       		.byte	0x98
 785 030d 81000000 		.4byte	0x81
ARM GAS  C:\Users\DGILLI~1\AppData\Local\Temp\ccLDsTqs.s 			page 18


 786 0311 11       		.uleb128 0x11
 787 0312 00000000 		.4byte	.Ldebug_ranges0+0
 788 0316 0D       		.uleb128 0xd
 789 0317 3A010000 		.4byte	.LASF31
 790 031b 01       		.byte	0x1
 791 031c 99       		.byte	0x99
 792 031d 8D000000 		.4byte	0x8d
 793 0321 BE000000 		.4byte	.LLST6
 794 0325 0B       		.uleb128 0xb
 795 0326 12000000 		.4byte	.LVL26
 796 032a BC010000 		.4byte	0x1bc
 797 032e 0A       		.uleb128 0xa
 798 032f 01       		.uleb128 0x1
 799 0330 50       		.byte	0x50
 800 0331 02       		.uleb128 0x2
 801 0332 75       		.byte	0x75
 802 0333 00       		.sleb128 0
 803 0334 00       		.byte	0
 804 0335 00       		.byte	0
 805 0336 00       		.byte	0
 806 0337 12       		.uleb128 0x12
 807 0338 2D010000 		.4byte	.LASF32
 808 033c 05       		.byte	0x5
 809 033d 1207     		.2byte	0x712
 810 033f 43030000 		.4byte	0x343
 811 0343 06       		.uleb128 0x6
 812 0344 76000000 		.4byte	0x76
 813 0348 13       		.uleb128 0x13
 814 0349 53030000 		.4byte	0x353
 815 034d 53030000 		.4byte	0x353
 816 0351 14       		.uleb128 0x14
 817 0352 00       		.byte	0
 818 0353 15       		.uleb128 0x15
 819 0354 2C000000 		.4byte	0x2c
 820 0358 16       		.uleb128 0x16
 821 0359 93020000 		.4byte	.LASF33
 822 035d 01       		.byte	0x1
 823 035e 29       		.byte	0x29
 824 035f 63030000 		.4byte	0x363
 825 0363 15       		.uleb128 0x15
 826 0364 48030000 		.4byte	0x348
 827 0368 17       		.uleb128 0x17
 828 0369 79010000 		.4byte	.LASF34
 829 036d 79010000 		.4byte	.LASF34
 830 0371 06       		.byte	0x6
 831 0372 2F       		.byte	0x2f
 832 0373 17       		.uleb128 0x17
 833 0374 4E000000 		.4byte	.LASF35
 834 0378 4E000000 		.4byte	.LASF35
 835 037c 07       		.byte	0x7
 836 037d 2F       		.byte	0x2f
 837 037e 17       		.uleb128 0x17
 838 037f 68010000 		.4byte	.LASF36
 839 0383 68010000 		.4byte	.LASF36
 840 0387 08       		.byte	0x8
 841 0388 2F       		.byte	0x2f
 842 0389 17       		.uleb128 0x17
ARM GAS  C:\Users\DGILLI~1\AppData\Local\Temp\ccLDsTqs.s 			page 19


 843 038a CA010000 		.4byte	.LASF37
 844 038e CA010000 		.4byte	.LASF37
 845 0392 09       		.byte	0x9
 846 0393 2F       		.byte	0x2f
 847 0394 17       		.uleb128 0x17
 848 0395 56010000 		.4byte	.LASF38
 849 0399 56010000 		.4byte	.LASF38
 850 039d 0A       		.byte	0xa
 851 039e 2F       		.byte	0x2f
 852 039f 00       		.byte	0
 853              		.section	.debug_abbrev,"",%progbits
 854              	.Ldebug_abbrev0:
 855 0000 01       		.uleb128 0x1
 856 0001 11       		.uleb128 0x11
 857 0002 01       		.byte	0x1
 858 0003 25       		.uleb128 0x25
 859 0004 0E       		.uleb128 0xe
 860 0005 13       		.uleb128 0x13
 861 0006 0B       		.uleb128 0xb
 862 0007 03       		.uleb128 0x3
 863 0008 0E       		.uleb128 0xe
 864 0009 1B       		.uleb128 0x1b
 865 000a 0E       		.uleb128 0xe
 866 000b 55       		.uleb128 0x55
 867 000c 17       		.uleb128 0x17
 868 000d 11       		.uleb128 0x11
 869 000e 01       		.uleb128 0x1
 870 000f 10       		.uleb128 0x10
 871 0010 17       		.uleb128 0x17
 872 0011 00       		.byte	0
 873 0012 00       		.byte	0
 874 0013 02       		.uleb128 0x2
 875 0014 24       		.uleb128 0x24
 876 0015 00       		.byte	0
 877 0016 0B       		.uleb128 0xb
 878 0017 0B       		.uleb128 0xb
 879 0018 3E       		.uleb128 0x3e
 880 0019 0B       		.uleb128 0xb
 881 001a 03       		.uleb128 0x3
 882 001b 0E       		.uleb128 0xe
 883 001c 00       		.byte	0
 884 001d 00       		.byte	0
 885 001e 03       		.uleb128 0x3
 886 001f 16       		.uleb128 0x16
 887 0020 00       		.byte	0
 888 0021 03       		.uleb128 0x3
 889 0022 0E       		.uleb128 0xe
 890 0023 3A       		.uleb128 0x3a
 891 0024 0B       		.uleb128 0xb
 892 0025 3B       		.uleb128 0x3b
 893 0026 0B       		.uleb128 0xb
 894 0027 49       		.uleb128 0x49
 895 0028 13       		.uleb128 0x13
 896 0029 00       		.byte	0
 897 002a 00       		.byte	0
 898 002b 04       		.uleb128 0x4
 899 002c 24       		.uleb128 0x24
ARM GAS  C:\Users\DGILLI~1\AppData\Local\Temp\ccLDsTqs.s 			page 20


 900 002d 00       		.byte	0
 901 002e 0B       		.uleb128 0xb
 902 002f 0B       		.uleb128 0xb
 903 0030 3E       		.uleb128 0x3e
 904 0031 0B       		.uleb128 0xb
 905 0032 03       		.uleb128 0x3
 906 0033 08       		.uleb128 0x8
 907 0034 00       		.byte	0
 908 0035 00       		.byte	0
 909 0036 05       		.uleb128 0x5
 910 0037 16       		.uleb128 0x16
 911 0038 00       		.byte	0
 912 0039 03       		.uleb128 0x3
 913 003a 0E       		.uleb128 0xe
 914 003b 3A       		.uleb128 0x3a
 915 003c 0B       		.uleb128 0xb
 916 003d 3B       		.uleb128 0x3b
 917 003e 05       		.uleb128 0x5
 918 003f 49       		.uleb128 0x49
 919 0040 13       		.uleb128 0x13
 920 0041 00       		.byte	0
 921 0042 00       		.byte	0
 922 0043 06       		.uleb128 0x6
 923 0044 35       		.uleb128 0x35
 924 0045 00       		.byte	0
 925 0046 49       		.uleb128 0x49
 926 0047 13       		.uleb128 0x13
 927 0048 00       		.byte	0
 928 0049 00       		.byte	0
 929 004a 07       		.uleb128 0x7
 930 004b 2E       		.uleb128 0x2e
 931 004c 01       		.byte	0x1
 932 004d 3F       		.uleb128 0x3f
 933 004e 19       		.uleb128 0x19
 934 004f 03       		.uleb128 0x3
 935 0050 0E       		.uleb128 0xe
 936 0051 3A       		.uleb128 0x3a
 937 0052 0B       		.uleb128 0xb
 938 0053 3B       		.uleb128 0x3b
 939 0054 0B       		.uleb128 0xb
 940 0055 27       		.uleb128 0x27
 941 0056 19       		.uleb128 0x19
 942 0057 11       		.uleb128 0x11
 943 0058 01       		.uleb128 0x1
 944 0059 12       		.uleb128 0x12
 945 005a 06       		.uleb128 0x6
 946 005b 40       		.uleb128 0x40
 947 005c 18       		.uleb128 0x18
 948 005d 9742     		.uleb128 0x2117
 949 005f 19       		.uleb128 0x19
 950 0060 01       		.uleb128 0x1
 951 0061 13       		.uleb128 0x13
 952 0062 00       		.byte	0
 953 0063 00       		.byte	0
 954 0064 08       		.uleb128 0x8
 955 0065 05       		.uleb128 0x5
 956 0066 00       		.byte	0
ARM GAS  C:\Users\DGILLI~1\AppData\Local\Temp\ccLDsTqs.s 			page 21


 957 0067 03       		.uleb128 0x3
 958 0068 0E       		.uleb128 0xe
 959 0069 3A       		.uleb128 0x3a
 960 006a 0B       		.uleb128 0xb
 961 006b 3B       		.uleb128 0x3b
 962 006c 0B       		.uleb128 0xb
 963 006d 49       		.uleb128 0x49
 964 006e 13       		.uleb128 0x13
 965 006f 02       		.uleb128 0x2
 966 0070 17       		.uleb128 0x17
 967 0071 00       		.byte	0
 968 0072 00       		.byte	0
 969 0073 09       		.uleb128 0x9
 970 0074 898201   		.uleb128 0x4109
 971 0077 01       		.byte	0x1
 972 0078 11       		.uleb128 0x11
 973 0079 01       		.uleb128 0x1
 974 007a 31       		.uleb128 0x31
 975 007b 13       		.uleb128 0x13
 976 007c 01       		.uleb128 0x1
 977 007d 13       		.uleb128 0x13
 978 007e 00       		.byte	0
 979 007f 00       		.byte	0
 980 0080 0A       		.uleb128 0xa
 981 0081 8A8201   		.uleb128 0x410a
 982 0084 00       		.byte	0
 983 0085 02       		.uleb128 0x2
 984 0086 18       		.uleb128 0x18
 985 0087 9142     		.uleb128 0x2111
 986 0089 18       		.uleb128 0x18
 987 008a 00       		.byte	0
 988 008b 00       		.byte	0
 989 008c 0B       		.uleb128 0xb
 990 008d 898201   		.uleb128 0x4109
 991 0090 01       		.byte	0x1
 992 0091 11       		.uleb128 0x11
 993 0092 01       		.uleb128 0x1
 994 0093 31       		.uleb128 0x31
 995 0094 13       		.uleb128 0x13
 996 0095 00       		.byte	0
 997 0096 00       		.byte	0
 998 0097 0C       		.uleb128 0xc
 999 0098 2E       		.uleb128 0x2e
 1000 0099 01       		.byte	0x1
 1001 009a 3F       		.uleb128 0x3f
 1002 009b 19       		.uleb128 0x19
 1003 009c 03       		.uleb128 0x3
 1004 009d 0E       		.uleb128 0xe
 1005 009e 3A       		.uleb128 0x3a
 1006 009f 0B       		.uleb128 0xb
 1007 00a0 3B       		.uleb128 0x3b
 1008 00a1 0B       		.uleb128 0xb
 1009 00a2 27       		.uleb128 0x27
 1010 00a3 19       		.uleb128 0x19
 1011 00a4 49       		.uleb128 0x49
 1012 00a5 13       		.uleb128 0x13
 1013 00a6 11       		.uleb128 0x11
ARM GAS  C:\Users\DGILLI~1\AppData\Local\Temp\ccLDsTqs.s 			page 22


 1014 00a7 01       		.uleb128 0x1
 1015 00a8 12       		.uleb128 0x12
 1016 00a9 06       		.uleb128 0x6
 1017 00aa 40       		.uleb128 0x40
 1018 00ab 18       		.uleb128 0x18
 1019 00ac 9742     		.uleb128 0x2117
 1020 00ae 19       		.uleb128 0x19
 1021 00af 01       		.uleb128 0x1
 1022 00b0 13       		.uleb128 0x13
 1023 00b1 00       		.byte	0
 1024 00b2 00       		.byte	0
 1025 00b3 0D       		.uleb128 0xd
 1026 00b4 34       		.uleb128 0x34
 1027 00b5 00       		.byte	0
 1028 00b6 03       		.uleb128 0x3
 1029 00b7 0E       		.uleb128 0xe
 1030 00b8 3A       		.uleb128 0x3a
 1031 00b9 0B       		.uleb128 0xb
 1032 00ba 3B       		.uleb128 0x3b
 1033 00bb 0B       		.uleb128 0xb
 1034 00bc 49       		.uleb128 0x49
 1035 00bd 13       		.uleb128 0x13
 1036 00be 02       		.uleb128 0x2
 1037 00bf 17       		.uleb128 0x17
 1038 00c0 00       		.byte	0
 1039 00c1 00       		.byte	0
 1040 00c2 0E       		.uleb128 0xe
 1041 00c3 34       		.uleb128 0x34
 1042 00c4 00       		.byte	0
 1043 00c5 03       		.uleb128 0x3
 1044 00c6 0E       		.uleb128 0xe
 1045 00c7 3A       		.uleb128 0x3a
 1046 00c8 0B       		.uleb128 0xb
 1047 00c9 3B       		.uleb128 0x3b
 1048 00ca 0B       		.uleb128 0xb
 1049 00cb 49       		.uleb128 0x49
 1050 00cc 13       		.uleb128 0x13
 1051 00cd 02       		.uleb128 0x2
 1052 00ce 18       		.uleb128 0x18
 1053 00cf 00       		.byte	0
 1054 00d0 00       		.byte	0
 1055 00d1 0F       		.uleb128 0xf
 1056 00d2 898201   		.uleb128 0x4109
 1057 00d5 00       		.byte	0
 1058 00d6 11       		.uleb128 0x11
 1059 00d7 01       		.uleb128 0x1
 1060 00d8 31       		.uleb128 0x31
 1061 00d9 13       		.uleb128 0x13
 1062 00da 00       		.byte	0
 1063 00db 00       		.byte	0
 1064 00dc 10       		.uleb128 0x10
 1065 00dd 34       		.uleb128 0x34
 1066 00de 00       		.byte	0
 1067 00df 03       		.uleb128 0x3
 1068 00e0 0E       		.uleb128 0xe
 1069 00e1 3A       		.uleb128 0x3a
 1070 00e2 0B       		.uleb128 0xb
ARM GAS  C:\Users\DGILLI~1\AppData\Local\Temp\ccLDsTqs.s 			page 23


 1071 00e3 3B       		.uleb128 0x3b
 1072 00e4 0B       		.uleb128 0xb
 1073 00e5 49       		.uleb128 0x49
 1074 00e6 13       		.uleb128 0x13
 1075 00e7 00       		.byte	0
 1076 00e8 00       		.byte	0
 1077 00e9 11       		.uleb128 0x11
 1078 00ea 0B       		.uleb128 0xb
 1079 00eb 01       		.byte	0x1
 1080 00ec 55       		.uleb128 0x55
 1081 00ed 17       		.uleb128 0x17
 1082 00ee 00       		.byte	0
 1083 00ef 00       		.byte	0
 1084 00f0 12       		.uleb128 0x12
 1085 00f1 34       		.uleb128 0x34
 1086 00f2 00       		.byte	0
 1087 00f3 03       		.uleb128 0x3
 1088 00f4 0E       		.uleb128 0xe
 1089 00f5 3A       		.uleb128 0x3a
 1090 00f6 0B       		.uleb128 0xb
 1091 00f7 3B       		.uleb128 0x3b
 1092 00f8 05       		.uleb128 0x5
 1093 00f9 49       		.uleb128 0x49
 1094 00fa 13       		.uleb128 0x13
 1095 00fb 3F       		.uleb128 0x3f
 1096 00fc 19       		.uleb128 0x19
 1097 00fd 3C       		.uleb128 0x3c
 1098 00fe 19       		.uleb128 0x19
 1099 00ff 00       		.byte	0
 1100 0100 00       		.byte	0
 1101 0101 13       		.uleb128 0x13
 1102 0102 01       		.uleb128 0x1
 1103 0103 01       		.byte	0x1
 1104 0104 49       		.uleb128 0x49
 1105 0105 13       		.uleb128 0x13
 1106 0106 01       		.uleb128 0x1
 1107 0107 13       		.uleb128 0x13
 1108 0108 00       		.byte	0
 1109 0109 00       		.byte	0
 1110 010a 14       		.uleb128 0x14
 1111 010b 21       		.uleb128 0x21
 1112 010c 00       		.byte	0
 1113 010d 00       		.byte	0
 1114 010e 00       		.byte	0
 1115 010f 15       		.uleb128 0x15
 1116 0110 26       		.uleb128 0x26
 1117 0111 00       		.byte	0
 1118 0112 49       		.uleb128 0x49
 1119 0113 13       		.uleb128 0x13
 1120 0114 00       		.byte	0
 1121 0115 00       		.byte	0
 1122 0116 16       		.uleb128 0x16
 1123 0117 34       		.uleb128 0x34
 1124 0118 00       		.byte	0
 1125 0119 03       		.uleb128 0x3
 1126 011a 0E       		.uleb128 0xe
 1127 011b 3A       		.uleb128 0x3a
ARM GAS  C:\Users\DGILLI~1\AppData\Local\Temp\ccLDsTqs.s 			page 24


 1128 011c 0B       		.uleb128 0xb
 1129 011d 3B       		.uleb128 0x3b
 1130 011e 0B       		.uleb128 0xb
 1131 011f 49       		.uleb128 0x49
 1132 0120 13       		.uleb128 0x13
 1133 0121 3F       		.uleb128 0x3f
 1134 0122 19       		.uleb128 0x19
 1135 0123 3C       		.uleb128 0x3c
 1136 0124 19       		.uleb128 0x19
 1137 0125 00       		.byte	0
 1138 0126 00       		.byte	0
 1139 0127 17       		.uleb128 0x17
 1140 0128 2E       		.uleb128 0x2e
 1141 0129 00       		.byte	0
 1142 012a 3F       		.uleb128 0x3f
 1143 012b 19       		.uleb128 0x19
 1144 012c 3C       		.uleb128 0x3c
 1145 012d 19       		.uleb128 0x19
 1146 012e 6E       		.uleb128 0x6e
 1147 012f 0E       		.uleb128 0xe
 1148 0130 03       		.uleb128 0x3
 1149 0131 0E       		.uleb128 0xe
 1150 0132 3A       		.uleb128 0x3a
 1151 0133 0B       		.uleb128 0xb
 1152 0134 3B       		.uleb128 0x3b
 1153 0135 0B       		.uleb128 0xb
 1154 0136 00       		.byte	0
 1155 0137 00       		.byte	0
 1156 0138 00       		.byte	0
 1157              		.section	.debug_loc,"",%progbits
 1158              	.Ldebug_loc0:
 1159              	.LLST0:
 1160 0000 00000000 		.4byte	.LVL0
 1161 0004 06000000 		.4byte	.LVL1
 1162 0008 0100     		.2byte	0x1
 1163 000a 50       		.byte	0x50
 1164 000b 06000000 		.4byte	.LVL1
 1165 000f 1C000000 		.4byte	.LFE63
 1166 0013 0100     		.2byte	0x1
 1167 0015 54       		.byte	0x54
 1168 0016 00000000 		.4byte	0
 1169 001a 00000000 		.4byte	0
 1170              	.LLST1:
 1171 001e 00000000 		.4byte	.LVL5
 1172 0022 05000000 		.4byte	.LVL6-1
 1173 0026 0100     		.2byte	0x1
 1174 0028 50       		.byte	0x50
 1175 0029 05000000 		.4byte	.LVL6-1
 1176 002d 28000000 		.4byte	.LFE64
 1177 0031 0400     		.2byte	0x4
 1178 0033 F3       		.byte	0xf3
 1179 0034 01       		.uleb128 0x1
 1180 0035 50       		.byte	0x50
 1181 0036 9F       		.byte	0x9f
 1182 0037 00000000 		.4byte	0
 1183 003b 00000000 		.4byte	0
 1184              	.LLST2:
ARM GAS  C:\Users\DGILLI~1\AppData\Local\Temp\ccLDsTqs.s 			page 25


 1185 003f 18000000 		.4byte	.LVL9
 1186 0043 22000000 		.4byte	.LVL11
 1187 0047 0100     		.2byte	0x1
 1188 0049 54       		.byte	0x54
 1189 004a 22000000 		.4byte	.LVL11
 1190 004e 28000000 		.4byte	.LFE64
 1191 0052 0100     		.2byte	0x1
 1192 0054 50       		.byte	0x50
 1193 0055 00000000 		.4byte	0
 1194 0059 00000000 		.4byte	0
 1195              	.LLST3:
 1196 005d 00000000 		.4byte	.LVL12
 1197 0061 07000000 		.4byte	.LVL13-1
 1198 0065 0100     		.2byte	0x1
 1199 0067 50       		.byte	0x50
 1200 0068 07000000 		.4byte	.LVL13-1
 1201 006c 22000000 		.4byte	.LFE65
 1202 0070 0400     		.2byte	0x4
 1203 0072 F3       		.byte	0xf3
 1204 0073 01       		.uleb128 0x1
 1205 0074 50       		.byte	0x50
 1206 0075 9F       		.byte	0x9f
 1207 0076 00000000 		.4byte	0
 1208 007a 00000000 		.4byte	0
 1209              	.LLST4:
 1210 007e 00000000 		.4byte	.LVL12
 1211 0082 07000000 		.4byte	.LVL13-1
 1212 0086 0100     		.2byte	0x1
 1213 0088 51       		.byte	0x51
 1214 0089 07000000 		.4byte	.LVL13-1
 1215 008d 22000000 		.4byte	.LFE65
 1216 0091 0400     		.2byte	0x4
 1217 0093 F3       		.byte	0xf3
 1218 0094 01       		.uleb128 0x1
 1219 0095 51       		.byte	0x51
 1220 0096 9F       		.byte	0x9f
 1221 0097 00000000 		.4byte	0
 1222 009b 00000000 		.4byte	0
 1223              	.LLST5:
 1224 009f 02000000 		.4byte	.LVL24
 1225 00a3 08000000 		.4byte	.LVL25
 1226 00a7 0200     		.2byte	0x2
 1227 00a9 30       		.byte	0x30
 1228 00aa 9F       		.byte	0x9f
 1229 00ab 08000000 		.4byte	.LVL25
 1230 00af 1E000000 		.4byte	.LVL29
 1231 00b3 0100     		.2byte	0x1
 1232 00b5 55       		.byte	0x55
 1233 00b6 00000000 		.4byte	0
 1234 00ba 00000000 		.4byte	0
 1235              	.LLST6:
 1236 00be 02000000 		.4byte	.LVL24
 1237 00c2 08000000 		.4byte	.LVL25
 1238 00c6 0200     		.2byte	0x2
 1239 00c8 30       		.byte	0x30
 1240 00c9 9F       		.byte	0x9f
 1241 00ca 08000000 		.4byte	.LVL25
ARM GAS  C:\Users\DGILLI~1\AppData\Local\Temp\ccLDsTqs.s 			page 26


 1242 00ce 1E000000 		.4byte	.LVL29
 1243 00d2 0100     		.2byte	0x1
 1244 00d4 54       		.byte	0x54
 1245 00d5 00000000 		.4byte	0
 1246 00d9 00000000 		.4byte	0
 1247              		.section	.debug_aranges,"",%progbits
 1248 0000 3C000000 		.4byte	0x3c
 1249 0004 0200     		.2byte	0x2
 1250 0006 00000000 		.4byte	.Ldebug_info0
 1251 000a 04       		.byte	0x4
 1252 000b 00       		.byte	0
 1253 000c 0000     		.2byte	0
 1254 000e 0000     		.2byte	0
 1255 0010 00000000 		.4byte	.LFB63
 1256 0014 1C000000 		.4byte	.LFE63-.LFB63
 1257 0018 00000000 		.4byte	.LFB64
 1258 001c 28000000 		.4byte	.LFE64-.LFB64
 1259 0020 00000000 		.4byte	.LFB65
 1260 0024 22000000 		.4byte	.LFE65-.LFB65
 1261 0028 00000000 		.4byte	.LFB66
 1262 002c 14010000 		.4byte	.LFE66-.LFB66
 1263 0030 00000000 		.4byte	.LFB67
 1264 0034 24000000 		.4byte	.LFE67-.LFB67
 1265 0038 00000000 		.4byte	0
 1266 003c 00000000 		.4byte	0
 1267              		.section	.debug_ranges,"",%progbits
 1268              	.Ldebug_ranges0:
 1269 0000 02000000 		.4byte	.LBB2
 1270 0004 04000000 		.4byte	.LBE2
 1271 0008 06000000 		.4byte	.LBB3
 1272 000c 1C000000 		.4byte	.LBE3
 1273 0010 00000000 		.4byte	0
 1274 0014 00000000 		.4byte	0
 1275 0018 00000000 		.4byte	.LFB63
 1276 001c 1C000000 		.4byte	.LFE63
 1277 0020 00000000 		.4byte	.LFB64
 1278 0024 28000000 		.4byte	.LFE64
 1279 0028 00000000 		.4byte	.LFB65
 1280 002c 22000000 		.4byte	.LFE65
 1281 0030 00000000 		.4byte	.LFB66
 1282 0034 14010000 		.4byte	.LFE66
 1283 0038 00000000 		.4byte	.LFB67
 1284 003c 24000000 		.4byte	.LFE67
 1285 0040 00000000 		.4byte	0
 1286 0044 00000000 		.4byte	0
 1287              		.section	.debug_line,"",%progbits
 1288              	.Ldebug_line0:
 1289 0000 89020000 		.section	.debug_str,"MS",%progbits,1
 1289      02009E01 
 1289      00000201 
 1289      FB0E0D00 
 1289      01010101 
 1290              	.LASF27:
 1291 0000 7372616D 		.ascii	"sramData\000"
 1291      44617461 
 1291      00
 1292              	.LASF9:
ARM GAS  C:\Users\DGILLI~1\AppData\Local\Temp\ccLDsTqs.s 			page 27


 1293 0009 5F5F696E 		.ascii	"__int32_t\000"
 1293      7433325F 
 1293      7400
 1294              	.LASF30:
 1295 0013 5352414D 		.ascii	"SRAMAddr\000"
 1295      41646472 
 1295      00
 1296              	.LASF4:
 1297 001c 6C6F6E67 		.ascii	"long int\000"
 1297      20696E74 
 1297      00
 1298              	.LASF21:
 1299 0025 57726974 		.ascii	"WriteExtSRAM\000"
 1299      65457874 
 1299      5352414D 
 1299      00
 1300              	.LASF3:
 1301 0032 73686F72 		.ascii	"short unsigned int\000"
 1301      7420756E 
 1301      7369676E 
 1301      65642069 
 1301      6E7400
 1302              	.LASF26:
 1303 0045 7372616D 		.ascii	"sramAddr\000"
 1303      41646472 
 1303      00
 1304              	.LASF35:
 1305 004e 4164724D 		.ascii	"AdrMidOut_Write\000"
 1305      69644F75 
 1305      745F5772 
 1305      69746500 
 1306              	.LASF14:
 1307 005e 646F7562 		.ascii	"double\000"
 1307      6C6500
 1308              	.LASF13:
 1309 0065 666C6F61 		.ascii	"float\000"
 1309      7400
 1310              	.LASF22:
 1311 006b 64617461 		.ascii	"data\000"
 1311      00
 1312              	.LASF20:
 1313 0070 53657445 		.ascii	"SetExtSRAMAddr\000"
 1313      78745352 
 1313      414D4164 
 1313      647200
 1314              	.LASF1:
 1315 007f 756E7369 		.ascii	"unsigned char\000"
 1315      676E6564 
 1315      20636861 
 1315      7200
 1316              	.LASF39:
 1317 008d 474E5520 		.ascii	"GNU C11 5.4.1 20160609 (release) [ARM/embedded-5-br"
 1317      43313120 
 1317      352E342E 
 1317      31203230 
 1317      31363036 
 1318 00c0 616E6368 		.ascii	"anch revision 237715] -mcpu=cortex-m3 -mthumb -g -O"
ARM GAS  C:\Users\DGILLI~1\AppData\Local\Temp\ccLDsTqs.s 			page 28


 1318      20726576 
 1318      6973696F 
 1318      6E203233 
 1318      37373135 
 1319 00f3 67202D66 		.ascii	"g -ffunction-sections -ffat-lto-objects\000"
 1319      66756E63 
 1319      74696F6E 
 1319      2D736563 
 1319      74696F6E 
 1320              	.LASF16:
 1321 011b 72656738 		.ascii	"reg8\000"
 1321      00
 1322              	.LASF42:
 1323 0120 64617461 		.ascii	"dataVal\000"
 1323      56616C00 
 1324              	.LASF19:
 1325 0128 61646472 		.ascii	"addr\000"
 1325      00
 1326              	.LASF32:
 1327 012d 49544D5F 		.ascii	"ITM_RxBuffer\000"
 1327      52784275 
 1327      66666572 
 1327      00
 1328              	.LASF31:
 1329 013a 63686172 		.ascii	"charCount\000"
 1329      436F756E 
 1329      7400
 1330              	.LASF5:
 1331 0144 6C6F6E67 		.ascii	"long unsigned int\000"
 1331      20756E73 
 1331      69676E65 
 1331      6420696E 
 1331      7400
 1332              	.LASF38:
 1333 0156 5A38305F 		.ascii	"Z80_Data_In_Write\000"
 1333      44617461 
 1333      5F496E5F 
 1333      57726974 
 1333      6500
 1334              	.LASF36:
 1335 0168 41647248 		.ascii	"AdrHighOut_Write\000"
 1335      6967684F 
 1335      75745F57 
 1335      72697465 
 1335      00
 1336              	.LASF34:
 1337 0179 4164724C 		.ascii	"AdrLowOut_Write\000"
 1337      6F774F75 
 1337      745F5772 
 1337      69746500 
 1338              	.LASF12:
 1339 0189 75696E74 		.ascii	"uint32\000"
 1339      333200
 1340              	.LASF24:
 1341 0190 54657374 		.ascii	"TestSRAM\000"
 1341      5352414D 
 1341      00
ARM GAS  C:\Users\DGILLI~1\AppData\Local\Temp\ccLDsTqs.s 			page 29


 1342              	.LASF8:
 1343 0199 756E7369 		.ascii	"unsigned int\000"
 1343      676E6564 
 1343      20696E74 
 1343      00
 1344              	.LASF7:
 1345 01a6 6C6F6E67 		.ascii	"long long unsigned int\000"
 1345      206C6F6E 
 1345      6720756E 
 1345      7369676E 
 1345      65642069 
 1346              	.LASF28:
 1347 01bd 7372616D 		.ascii	"sramReadData\000"
 1347      52656164 
 1347      44617461 
 1347      00
 1348              	.LASF37:
 1349 01ca 45787453 		.ascii	"ExtSRAMCtl_Write\000"
 1349      52414D43 
 1349      746C5F57 
 1349      72697465 
 1349      00
 1350              	.LASF25:
 1351 01db 72645661 		.ascii	"rdVal\000"
 1351      6C00
 1352              	.LASF41:
 1353 01e1 433A5C55 		.ascii	"C:\\Users\\dgilliland\\Documents\\GitHub\\Retro-Com"
 1353      73657273 
 1353      5C646769 
 1353      6C6C696C 
 1353      616E645C 
 1354 020f 70757465 		.ascii	"puters\\Z80\\PSOC\\PSOC_Design_Files\\Z80-PSoC-3-Ch"
 1354      72735C5A 
 1354      38305C50 
 1354      534F435C 
 1354      50534F43 
 1355 023e 6970735F 		.ascii	"ips_002\\Z80_3Chip.cydsn\000"
 1355      3030325C 
 1355      5A38305F 
 1355      33436869 
 1355      702E6379 
 1356              	.LASF10:
 1357 0256 696E7433 		.ascii	"int32_t\000"
 1357      325F7400 
 1358              	.LASF18:
 1359 025e 73697A65 		.ascii	"sizetype\000"
 1359      74797065 
 1359      00
 1360              	.LASF6:
 1361 0267 6C6F6E67 		.ascii	"long long int\000"
 1361      206C6F6E 
 1361      6720696E 
 1361      7400
 1362              	.LASF15:
 1363 0275 63686172 		.ascii	"char\000"
 1363      00
 1364              	.LASF2:
ARM GAS  C:\Users\DGILLI~1\AppData\Local\Temp\ccLDsTqs.s 			page 30


 1365 027a 73686F72 		.ascii	"short int\000"
 1365      7420696E 
 1365      7400
 1366              	.LASF11:
 1367 0284 75696E74 		.ascii	"uint8\000"
 1367      3800
 1368              	.LASF29:
 1369 028a 6C6F6164 		.ascii	"loadSRAM\000"
 1369      5352414D 
 1369      00
 1370              	.LASF33:
 1371 0293 6D756C74 		.ascii	"multi_boot_eprom\000"
 1371      695F626F 
 1371      6F745F65 
 1371      70726F6D 
 1371      00
 1372              	.LASF23:
 1373 02a4 52656164 		.ascii	"ReadExtSRAM\000"
 1373      45787453 
 1373      52414D00 
 1374              	.LASF17:
 1375 02b0 6C6F6E67 		.ascii	"long double\000"
 1375      20646F75 
 1375      626C6500 
 1376              	.LASF0:
 1377 02bc 7369676E 		.ascii	"signed char\000"
 1377      65642063 
 1377      68617200 
 1378              	.LASF40:
 1379 02c8 45787453 		.ascii	"ExtSRAM.c\000"
 1379      52414D2E 
 1379      6300
 1380              		.ident	"GCC: (GNU Tools for ARM Embedded Processors) 5.4.1 20160609 (release) [ARM/embedded-5-bran
