ARM GAS  C:\Users\HPz420\AppData\Local\Temp\ccYC8MpV.s 			page 1


   1              		.syntax unified
   2              		.cpu cortex-m3
   3              		.fpu softvfp
   4              		.eabi_attribute 20, 1
   5              		.eabi_attribute 21, 1
   6              		.eabi_attribute 23, 3
   7              		.eabi_attribute 24, 1
   8              		.eabi_attribute 25, 1
   9              		.eabi_attribute 26, 1
  10              		.eabi_attribute 30, 1
  11              		.eabi_attribute 34, 1
  12              		.eabi_attribute 18, 4
  13              		.thumb
  14              		.syntax unified
  15              		.file	"main.c"
  16              		.text
  17              	.Ltext0:
  18              		.cfi_sections	.debug_frame
  19              		.section	.text.initZ80PSOC,"ax",%progbits
  20              		.align	2
  21              		.global	initZ80PSOC
  22              		.thumb
  23              		.thumb_func
  24              		.type	initZ80PSOC, %function
  25              	initZ80PSOC:
  26              	.LFB64:
  27              		.file 1 "main.c"
   1:main.c        **** /* ========================================
   2:main.c        ****  *
   3:main.c        ****  * Copyright LAND BOARDS, LLC, 2019
   4:main.c        ****  * All Rights Reserved
   5:main.c        ****  * UNPUBLISHED, LICENSED SOFTWARE.
   6:main.c        ****  *
   7:main.c        ****  * CONFIDENTIAL AND PROPRIETARY INFORMATION
   8:main.c        ****  * WHICH IS THE PROPERTY OF your company.
   9:main.c        ****  *
  10:main.c        ****  * ========================================
  11:main.c        **** */
  12:main.c        **** 
  13:main.c        **** #include "project.h"            // All of the #includes from Cypress generated Hardware APIs
  14:main.c        **** #include "stdio.h"              // sprintf needs this
  15:main.c        **** #include <Z80_PSoC_3Chips.h>    // Combination of all of the .h Source file
  16:main.c        **** 
  17:main.c        **** #define USBFS_DEVICE            (0u)
  18:main.c        **** #define USBUART_uartBuffer_SIZE (64u)
  19:main.c        **** #define LINE_STR_LENGTH         (20u)
  20:main.c        **** #define USBUART_Buffer_SIZE     (64u)
  21:main.c        **** 
  22:main.c        **** #ifdef USING_FRONT_PANEL
  23:main.c        ****     uint32 fpIntVal;
  24:main.c        **** #endif
  25:main.c        **** #ifdef USING_EXP_MCCP23017
  26:main.c        ****     uint8 pioAIntVals;
  27:main.c        ****     uint8 pioBIntVals;
  28:main.c        **** #endif
  29:main.c        **** 
  30:main.c        **** ////////////////////////////////////////////////////////////////////////////
ARM GAS  C:\Users\HPz420\AppData\Local\Temp\ccYC8MpV.s 			page 2


  31:main.c        **** // initZ80PSOC() - Initialize the PSoC for Z80 operations
  32:main.c        **** 
  33:main.c        **** uint8 initZ80PSOC(void)
  34:main.c        **** {
  28              		.loc 1 34 0
  29              		.cfi_startproc
  30              		@ args = 0, pretend = 0, frame = 0
  31              		@ frame_needed = 0, uses_anonymous_args = 0
  32 0000 10B5     		push	{r4, lr}
  33              		.cfi_def_cfa_offset 8
  34              		.cfi_offset 4, -8
  35              		.cfi_offset 14, -4
  36              	.LVL0:
  35:main.c        **** 	uint32 postVal;
  36:main.c        **** 	uint8 Z80Running = 0;
  37:main.c        ****     
  38:main.c        **** #ifdef USING_FRONT_PANEL
  39:main.c        ****     fpIntVal = 0;
  37              		.loc 1 39 0
  38 0002 0020     		movs	r0, #0
  39 0004 184B     		ldr	r3, .L5
  40 0006 1860     		str	r0, [r3]
  40:main.c        **** #endif
  41:main.c        **** 
  42:main.c        **** #ifdef USING_EXP_MCCP23017
  43:main.c        ****     pioAIntVals = 0;
  41              		.loc 1 43 0
  42 0008 184B     		ldr	r3, .L5+4
  43 000a 1870     		strb	r0, [r3]
  44:main.c        ****     pioBIntVals = 0;
  44              		.loc 1 44 0
  45 000c 184B     		ldr	r3, .L5+8
  46 000e 1870     		strb	r0, [r3]
  45:main.c        **** #endif
  46:main.c        **** 	
  47:main.c        **** 	USBUART_Start(USBFS_DEVICE, USBUART_5V_OPERATION);  // Start USBFS operation with 5-V operation.
  47              		.loc 1 47 0
  48 0010 0121     		movs	r1, #1
  49 0012 FFF7FEFF 		bl	USBUART_Start
  50              	.LVL1:
  48:main.c        ****     clearReceiveBuffer();
  51              		.loc 1 48 0
  52 0016 FFF7FEFF 		bl	clearReceiveBuffer
  53              	.LVL2:
  49:main.c        **** 
  50:main.c        ****     // Memory Map/MMU initialization
  51:main.c        ****     #ifdef USING_MEM_MAP_1
  52:main.c        **** 	    init_mem_map_1();       // Set up the address mapper
  53:main.c        ****     #endif
  54:main.c        ****         
  55:main.c        **** 	CyGlobalIntEnable;          /* Enable global interrupts. */
  54              		.loc 1 55 0
  55              		.syntax unified
  56              	@ 55 "main.c" 1
  57 001a 62B6     		CPSIE   i
  58              	@ 0 "" 2
  56:main.c        ****     
ARM GAS  C:\Users\HPz420\AppData\Local\Temp\ccYC8MpV.s 			page 3


  57:main.c        ****     // I2C_Start() if either External MPC23017 or Front Panel or both are present
  58:main.c        ****     // I2C interrupts have to be enabled prior to starting up the PIO it uses interrupts
  59:main.c        **** 	#ifdef USING_MCP23017
  60:main.c        **** 		I2C_Start();                                // Start up the I2C interface
  59              		.loc 1 60 0
  60              		.thumb
  61              		.syntax unified
  62 001c FFF7FEFF 		bl	I2C_Start
  63              	.LVL3:
  61:main.c        ****     	I2CINT_n_SetDriveMode(I2CINT_n_DM_RES_UP);  // Pull-up the I2C interrupt line
  64              		.loc 1 61 0
  65 0020 0420     		movs	r0, #4
  66 0022 FFF7FEFF 		bl	I2CINT_n_SetDriveMode
  67              	.LVL4:
  62:main.c        ****         I2CINT_ISR_Start();                         // Start up I2C interface interrupts
  68              		.loc 1 62 0
  69 0026 FFF7FEFF 		bl	I2CINT_ISR_Start
  70              	.LVL5:
  63:main.c        ****         I2CINT_ISR_Disable();
  71              		.loc 1 63 0
  72 002a FFF7FEFF 		bl	I2CINT_ISR_Disable
  73              	.LVL6:
  64:main.c        ****     	init_PIO();
  74              		.loc 1 64 0
  75 002e FFF7FEFF 		bl	init_PIO
  76              	.LVL7:
  65:main.c        **** 	#endif  
  66:main.c        ****     
  67:main.c        **** 	#ifdef USING_FRONT_PANEL
  68:main.c        ****         init_FrontPanel();
  77              		.loc 1 68 0
  78 0032 FFF7FEFF 		bl	init_FrontPanel
  79              	.LVL8:
  69:main.c        ****     #endif
  70:main.c        ****   	
  71:main.c        **** 	#ifdef USING_SDCARD
  72:main.c        **** 		SDInit();
  80              		.loc 1 72 0
  81 0036 FFF7FEFF 		bl	SDInit
  82              	.LVL9:
  73:main.c        **** 	#endif
  74:main.c        ****     	
  75:main.c        ****     #ifdef USING_RTC
  76:main.c        ****         init_Z80_RTC();
  83              		.loc 1 76 0
  84 003a FFF7FEFF 		bl	init_Z80_RTC
  85              	.LVL10:
  77:main.c        ****     #endif
  78:main.c        ****     
  79:main.c        ****     #ifdef USING_DAC
  80:main.c        ****         init_DAC();
  86              		.loc 1 80 0
  87 003e FFF7FEFF 		bl	init_DAC
  88              	.LVL11:
  81:main.c        ****     #endif
  82:main.c        ****     
  83:main.c        ****     #ifdef USING_MMU4
ARM GAS  C:\Users\HPz420\AppData\Local\Temp\ccYC8MpV.s 			page 4


  84:main.c        **** 	    init_mem_map_4();       // Set up the address mapper - will be over-written by the BIOS
  89              		.loc 1 84 0
  90 0042 FFF7FEFF 		bl	init_mem_map_4
  91              	.LVL12:
  85:main.c        ****     #endif
  86:main.c        ****     
  87:main.c        **** 	#ifdef USING_6850
  88:main.c        **** 		initM6850StatusRegister();
  92              		.loc 1 88 0
  93 0046 FFF7FEFF 		bl	initM6850StatusRegister
  94              	.LVL13:
  89:main.c        **** 	#endif
  90:main.c        **** 	
  91:main.c        ****     #ifdef USING_6850_2
  92:main.c        **** 		initM6850_2_StatusRegister();
  95              		.loc 1 92 0
  96 004a FFF7FEFF 		bl	initM6850_2_StatusRegister
  97              	.LVL14:
  93:main.c        **** 	#endif
  94:main.c        ****     
  95:main.c        **** 	// Do Power On Self Tests (POST)
  96:main.c        **** 	// SRAM POST
  97:main.c        **** 	postVal = TestSRAM();       // Run External SRAM POST
  98              		.loc 1 97 0
  99 004e FFF7FEFF 		bl	TestSRAM
 100              	.LVL15:
 101 0052 0446     		mov	r4, r0
 102              	.LVL16:
  98:main.c        **** 	PostLed(postVal+1);         // 1 blink = pass, more than 1 = fail
 103              		.loc 1 98 0
 104 0054 0130     		adds	r0, r0, #1
 105              	.LVL17:
 106 0056 FFF7FEFF 		bl	PostLed
 107              	.LVL18:
  99:main.c        **** 	if (postVal != 0)           // Halt on POST failure (could do something better here)
 108              		.loc 1 99 0
 109 005a 04B1     		cbz	r4, .L2
 110              	.L3:
 111 005c FEE7     		b	.L3
 112              	.L2:
 100:main.c        **** 		while(1);
 101:main.c        ****         
 102:main.c        ****     // Load SRAM with BIOS and/or BASIC image
 103:main.c        **** 	loadSRAM();
 113              		.loc 1 103 0
 114 005e FFF7FEFF 		bl	loadSRAM
 115              	.LVL19:
 104:main.c        **** 	
 105:main.c        **** 	// Front Panel Initialization
 106:main.c        ****     #ifdef USING_FRONT_PANEL
 107:main.c        **** 		Z80Running = runFrontPanel();            // Exits either by pressing EXitFrontPanel or RUN button
 116              		.loc 1 107 0
 117 0062 FFF7FEFF 		bl	runFrontPanel
 118              	.LVL20:
 108:main.c        ****  	#else
 109:main.c        **** 		ExtSRAMCtl_Control = 0;     // Auto Run if there's no Front Panel
 110:main.c        **** 	#endif
ARM GAS  C:\Users\HPz420\AppData\Local\Temp\ccYC8MpV.s 			page 5


 111:main.c        ****     
 112:main.c        ****     return(Z80Running);
 113:main.c        **** }
 119              		.loc 1 113 0
 120 0066 10BD     		pop	{r4, pc}
 121              	.LVL21:
 122              	.L6:
 123              		.align	2
 124              	.L5:
 125 0068 00000000 		.word	fpIntVal
 126 006c 00000000 		.word	pioAIntVals
 127 0070 00000000 		.word	pioBIntVals
 128              		.cfi_endproc
 129              	.LFE64:
 130              		.size	initZ80PSOC, .-initZ80PSOC
 131              		.section	.text.main,"ax",%progbits
 132              		.align	2
 133              		.global	main
 134              		.thumb
 135              		.thumb_func
 136              		.type	main, %function
 137              	main:
 138              	.LFB65:
 114:main.c        **** 
 115:main.c        **** ////////////////////////////////////////////////////////////////////////////
 116:main.c        **** // main() - Setup and Loop code goes in here
 117:main.c        **** 
 118:main.c        **** int main(void)
 119:main.c        **** {
 139              		.loc 1 119 0
 140              		.cfi_startproc
 141              		@ args = 0, pretend = 0, frame = 144
 142              		@ frame_needed = 0, uses_anonymous_args = 0
 143 0000 30B5     		push	{r4, r5, lr}
 144              		.cfi_def_cfa_offset 12
 145              		.cfi_offset 4, -12
 146              		.cfi_offset 5, -8
 147              		.cfi_offset 14, -4
 148 0002 A5B0     		sub	sp, sp, #148
 149              		.cfi_def_cfa_offset 160
 150              	.LVL22:
 120:main.c        **** 	uint16 USB_To_Z80_RxBytes_count = 0;    
 121:main.c        **** 	uint8 inBuffer[USBUART_Buffer_SIZE];
 122:main.c        **** 	uint8 uartReadBuffer[USBUART_uartBuffer_SIZE];
 123:main.c        ****     uint16 uartReadBufferOff = 0;
 124:main.c        **** 	uint8 Z80Running;
 125:main.c        **** 	uint16 inCount;
 126:main.c        ****     uint32 sectorNumber = 0;
 127:main.c        ****     
 128:main.c        ****     Z80Running = initZ80PSOC();
 151              		.loc 1 128 0
 152 0004 FFF7FEFF 		bl	initZ80PSOC
 153              	.LVL23:
 129:main.c        ****     // Code has two loops - one for when Z80 is running with PSoC as Z80 I/O handler - other as PSo
 130:main.c        ****     if (Z80Running == 1)    // Z80 Running (RUN front panel switch pushed)
 154              		.loc 1 130 0
 155 0008 0128     		cmp	r0, #1
ARM GAS  C:\Users\HPz420\AppData\Local\Temp\ccYC8MpV.s 			page 6


 156 000a 40D1     		bne	.L30
 157 000c 0025     		movs	r5, #0
 158 000e 2C46     		mov	r4, r5
 159              	.LVL24:
 160              	.L13:
 131:main.c        **** 	{
 132:main.c        **** 		for(;;)
 133:main.c        **** 		{
 134:main.c        **** 			if (0u != USBUART_IsConfigurationChanged()) // Host can send double SET_INTERFACE request.
 161              		.loc 1 134 0
 162 0010 FFF7FEFF 		bl	USBUART_IsConfigurationChanged
 163              	.LVL25:
 164 0014 20B1     		cbz	r0, .L9
 135:main.c        **** 			{
 136:main.c        **** 				/* Initialize IN endpoints when device is configured. */
 137:main.c        **** 				if (0u != USBUART_GetConfiguration())
 165              		.loc 1 137 0
 166 0016 FFF7FEFF 		bl	USBUART_GetConfiguration
 167              	.LVL26:
 168 001a 08B1     		cbz	r0, .L9
 138:main.c        **** 				{
 139:main.c        **** 					/* Enumeration is done, enable OUT endpoint to receive data from host. */
 140:main.c        **** 					USBUART_CDC_Init();
 169              		.loc 1 140 0
 170 001c FFF7FEFF 		bl	USBUART_CDC_Init
 171              	.LVL27:
 172              	.L9:
 141:main.c        **** 				}
 142:main.c        **** 			}
 143:main.c        **** 			if (0u != USBUART_GetConfiguration())       // Service USB CDC when device is configured.
 173              		.loc 1 143 0
 174 0020 FFF7FEFF 		bl	USBUART_GetConfiguration
 175              	.LVL28:
 176 0024 B8B1     		cbz	r0, .L10
 144:main.c        **** 			{
 145:main.c        **** 				/* Check for input data from host. */
 146:main.c        **** 				/* Only do the check if the buffer is already empty */
 147:main.c        **** 				if ((0u != USBUART_DataIsReady()) & (USB_To_Z80_RxBytes_count == 0))
 177              		.loc 1 147 0
 178 0026 FFF7FEFF 		bl	USBUART_DataIsReady
 179              	.LVL29:
 180 002a 0030     		adds	r0, r0, #0
 181 002c 18BF     		it	ne
 182 002e 0120     		movne	r0, #1
 183 0030 002C     		cmp	r4, #0
 184 0032 18BF     		it	ne
 185 0034 0020     		movne	r0, #0
 186 0036 70B1     		cbz	r0, .L10
 148:main.c        **** 				{
 149:main.c        **** 					/* Read received data and re-enable OUT endpoint. */
 150:main.c        **** 					USB_To_Z80_RxBytes_count = USBUART_GetAll(uartReadBuffer);
 187              		.loc 1 150 0
 188 0038 04A8     		add	r0, sp, #16
 189 003a FFF7FEFF 		bl	USBUART_GetAll
 190              	.LVL30:
 191 003e 0446     		mov	r4, r0
 192              	.LVL31:
ARM GAS  C:\Users\HPz420\AppData\Local\Temp\ccYC8MpV.s 			page 7


 151:main.c        **** 					if ((USB_To_Z80_RxBytes_count == 1) & (checkSerialReceiverBusy() == 0))     // Input 1 charact
 193              		.loc 1 151 0
 194 0040 FFF7FEFF 		bl	checkSerialReceiverBusy
 195              	.LVL32:
 196 0044 012C     		cmp	r4, #1
 197 0046 08BF     		it	eq
 198 0048 0028     		cmpeq	r0, #0
 199 004a 04D1     		bne	.L10
 152:main.c        **** 					{
 153:main.c        **** 						sendCharToZ80(uartReadBuffer[0]);
 200              		.loc 1 153 0
 201 004c 9DF81000 		ldrb	r0, [sp, #16]	@ zero_extendqisi2
 202 0050 FFF7FEFF 		bl	sendCharToZ80
 203              	.LVL33:
 154:main.c        **** 						USB_To_Z80_RxBytes_count = 0;
 204              		.loc 1 154 0
 205 0054 0024     		movs	r4, #0
 206              	.LVL34:
 207              	.L10:
 155:main.c        **** 					}
 156:main.c        **** 				}
 157:main.c        **** 			}
 158:main.c        **** 			if (USB_To_Z80_RxBytes_count > 0)           // There are chars in the input uartReadBuffer (USB 
 208              		.loc 1 158 0
 209 0056 74B1     		cbz	r4, .L11
 159:main.c        **** 			{
 160:main.c        **** 				if (checkSerialReceiverBusy() == 0)        // Check if receive uartReadBuffer can take another 
 210              		.loc 1 160 0
 211 0058 FFF7FEFF 		bl	checkSerialReceiverBusy
 212              	.LVL35:
 213 005c 58B9     		cbnz	r0, .L11
 161:main.c        **** 				{
 162:main.c        **** 					sendCharToZ80(uartReadBuffer[uartReadBufferOff]);   // Send received character to Z80 SIO inte
 214              		.loc 1 162 0
 215 005e 24AB     		add	r3, sp, #144
 216 0060 2B44     		add	r3, r3, r5
 217 0062 13F8800C 		ldrb	r0, [r3, #-128]	@ zero_extendqisi2
 218 0066 FFF7FEFF 		bl	sendCharToZ80
 219              	.LVL36:
 163:main.c        **** 					uartReadBufferOff++;                                // ready for next character
 220              		.loc 1 163 0
 221 006a 0135     		adds	r5, r5, #1
 222              	.LVL37:
 223 006c ADB2     		uxth	r5, r5
 224              	.LVL38:
 164:main.c        **** 					USB_To_Z80_RxBytes_count--;                         // worked off one character
 225              		.loc 1 164 0
 226 006e 013C     		subs	r4, r4, #1
 227              	.LVL39:
 228 0070 A4B2     		uxth	r4, r4
 229              	.LVL40:
 165:main.c        **** 					if (USB_To_Z80_RxBytes_count == 0)                  // Sent last character to Z80
 230              		.loc 1 165 0
 231 0072 04B9     		cbnz	r4, .L11
 166:main.c        **** 					{
 167:main.c        **** 						uartReadBufferOff = 0;                          // point back to start of character in uartRe
 232              		.loc 1 167 0
ARM GAS  C:\Users\HPz420\AppData\Local\Temp\ccYC8MpV.s 			page 8


 233 0074 0025     		movs	r5, #0
 234              	.LVL41:
 235              	.L11:
 168:main.c        **** 					}
 169:main.c        **** 				}
 170:main.c        **** 			}
 171:main.c        **** 			if ((IO_Stat_Reg_Status & IOBUSY_BIT) == IOBUSY_BIT)
 236              		.loc 1 171 0
 237 0076 544B     		ldr	r3, .L33
 238 0078 1B78     		ldrb	r3, [r3]	@ zero_extendqisi2
 239 007a 13F0100F 		tst	r3, #16
 240 007e 01D0     		beq	.L12
 172:main.c        **** 			{
 173:main.c        **** 				HandleZ80IO();
 241              		.loc 1 173 0
 242 0080 FFF7FEFF 		bl	HandleZ80IO
 243              	.LVL42:
 244              	.L12:
 174:main.c        **** 			}
 175:main.c        ****             // Window for the I2C Interrupt
 176:main.c        ****             #ifdef USING_MCP23017
 177:main.c        ****                 I2CINT_ISR_Enable();
 245              		.loc 1 177 0
 246 0084 FFF7FEFF 		bl	I2CINT_ISR_Enable
 247              	.LVL43:
 178:main.c        ****                 I2CINT_ISR_Disable();
 248              		.loc 1 178 0
 249 0088 FFF7FEFF 		bl	I2CINT_ISR_Disable
 250              	.LVL44:
 179:main.c        **** 		    #endif
 180:main.c        **** 		}
 251              		.loc 1 180 0
 252 008c C0E7     		b	.L13
 253              	.LVL45:
 254              	.L30:
 255 008e 0025     		movs	r5, #0
 256              	.LVL46:
 257              	.L8:
 181:main.c        **** 	}
 182:main.c        **** 	else                    // Z80 is not running (EXFP front panel switch pushed)
 183:main.c        **** 	{
 184:main.c        **** 		while(1)
 185:main.c        **** 		{			
 186:main.c        **** 			if (0u != USBUART_IsConfigurationChanged()) // Host can send double SET_INTERFACE request
 258              		.loc 1 186 0
 259 0090 FFF7FEFF 		bl	USBUART_IsConfigurationChanged
 260              	.LVL47:
 261 0094 20B1     		cbz	r0, .L14
 187:main.c        **** 			{
 188:main.c        **** 				if (0u != USBUART_GetConfiguration())   // Initialize IN endpoints when device is configured
 262              		.loc 1 188 0
 263 0096 FFF7FEFF 		bl	USBUART_GetConfiguration
 264              	.LVL48:
 265 009a 08B1     		cbz	r0, .L14
 189:main.c        **** 				{
 190:main.c        **** 					USBUART_CDC_Init();                 // Enumeration is done, enable OUT endpoint to receive dat
 266              		.loc 1 190 0
ARM GAS  C:\Users\HPz420\AppData\Local\Temp\ccYC8MpV.s 			page 9


 267 009c FFF7FEFF 		bl	USBUART_CDC_Init
 268              	.LVL49:
 269              	.L14:
 191:main.c        **** 				}
 192:main.c        **** 			}
 193:main.c        **** 			
 194:main.c        **** 			if (0u != USBUART_GetConfiguration())       // Service USB CDC when device is configured
 270              		.loc 1 194 0
 271 00a0 FFF7FEFF 		bl	USBUART_GetConfiguration
 272              	.LVL50:
 273 00a4 0028     		cmp	r0, #0
 274 00a6 00F08980 		beq	.L15
 195:main.c        **** 			{
 196:main.c        **** 				if (0u != USBUART_DataIsReady())        // Check for input data from host
 275              		.loc 1 196 0
 276 00aa FFF7FEFF 		bl	USBUART_DataIsReady
 277              	.LVL51:
 278 00ae 0028     		cmp	r0, #0
 279 00b0 00F08480 		beq	.L15
 197:main.c        **** 				{
 198:main.c        ****     				inCount = USBUART_GetAll(inBuffer);     // Read received data and re-enable OUT endpoint
 280              		.loc 1 198 0
 281 00b4 14A8     		add	r0, sp, #80
 282 00b6 FFF7FEFF 		bl	USBUART_GetAll
 283              	.LVL52:
 284 00ba 0446     		mov	r4, r0
 285              	.LVL53:
 199:main.c        ****                     addToReceiveBuffer(inCount,inBuffer);
 286              		.loc 1 199 0
 287 00bc 14A9     		add	r1, sp, #80
 288 00be FFF7FEFF 		bl	addToReceiveBuffer
 289              	.LVL54:
 200:main.c        ****     				if (gotCRorLF == 1)
 290              		.loc 1 200 0
 291 00c2 424B     		ldr	r3, .L33+4
 292 00c4 1B78     		ldrb	r3, [r3]	@ zero_extendqisi2
 293 00c6 012B     		cmp	r3, #1
 294 00c8 78D1     		bne	.L15
 295              	.L16:
 201:main.c        ****     				{
 202:main.c        ****     					while (0u == USBUART_CDCIsReady()); // Wait until component is ready to send data to host
 296              		.loc 1 202 0 discriminator 1
 297 00ca FFF7FEFF 		bl	USBUART_CDCIsReady
 298              	.LVL55:
 299 00ce 0028     		cmp	r0, #0
 300 00d0 FBD0     		beq	.L16
 203:main.c        ****     					if ((receiveBuffer[0] == 'r') || (receiveBuffer[0] == 'R'))
 301              		.loc 1 203 0
 302 00d2 3F4B     		ldr	r3, .L33+8
 303 00d4 1B78     		ldrb	r3, [r3]	@ zero_extendqisi2
 304 00d6 722B     		cmp	r3, #114
 305 00d8 01D0     		beq	.L17
 306              		.loc 1 203 0 is_stmt 0 discriminator 1
 307 00da 522B     		cmp	r3, #82
 308 00dc 09D1     		bne	.L18
 309              	.L17:
 204:main.c        ****     					{
ARM GAS  C:\Users\HPz420\AppData\Local\Temp\ccYC8MpV.s 			page 10


 205:main.c        ****     						putStringToUSB("Read from the SD Card at 0x4000\n\r");
 310              		.loc 1 205 0 is_stmt 1
 311 00de 3D48     		ldr	r0, .L33+12
 312 00e0 FFF7FEFF 		bl	putStringToUSB
 313              	.LVL56:
 206:main.c        ****                             sectorNumber = 0x4000;
 207:main.c        ****                             readSDCard(sectorNumber);
 314              		.loc 1 207 0
 315 00e4 4FF48040 		mov	r0, #16384
 316 00e8 FFF7FEFF 		bl	readSDCard
 317              	.LVL57:
 206:main.c        ****                             sectorNumber = 0x4000;
 318              		.loc 1 206 0
 319 00ec 4FF48045 		mov	r5, #16384
 320              		.loc 1 207 0
 321 00f0 58E0     		b	.L19
 322              	.LVL58:
 323              	.L18:
 208:main.c        ****     					}
 209:main.c        ****     					else if (receiveBuffer[0] == '1')
 324              		.loc 1 209 0
 325 00f2 312B     		cmp	r3, #49
 326 00f4 07D1     		bne	.L20
 210:main.c        ****     					{
 211:main.c        ****     						putStringToUSB("Read first sector from the SD Card\n\r");
 327              		.loc 1 211 0
 328 00f6 3848     		ldr	r0, .L33+16
 329 00f8 FFF7FEFF 		bl	putStringToUSB
 330              	.LVL59:
 212:main.c        ****                             sectorNumber = 0x0;
 213:main.c        ****                             readSDCard(sectorNumber);
 331              		.loc 1 213 0
 332 00fc 0020     		movs	r0, #0
 333 00fe FFF7FEFF 		bl	readSDCard
 334              	.LVL60:
 212:main.c        ****                             sectorNumber = 0x0;
 335              		.loc 1 212 0
 336 0102 0025     		movs	r5, #0
 337 0104 4EE0     		b	.L19
 338              	.LVL61:
 339              	.L20:
 214:main.c        ****     					}
 215:main.c        ****     					else if ((receiveBuffer[0] == 'n') || (receiveBuffer[0] == 'N'))
 340              		.loc 1 215 0
 341 0106 6E2B     		cmp	r3, #110
 342 0108 01D0     		beq	.L21
 343              		.loc 1 215 0 is_stmt 0 discriminator 1
 344 010a 4E2B     		cmp	r3, #78
 345 010c 07D1     		bne	.L22
 346              	.L21:
 216:main.c        ****     					{
 217:main.c        ****     						putStringToUSB("Read next sector from the SD Card\n\r");
 347              		.loc 1 217 0 is_stmt 1
 348 010e 3348     		ldr	r0, .L33+20
 349 0110 FFF7FEFF 		bl	putStringToUSB
 350              	.LVL62:
 218:main.c        ****                             sectorNumber++;
ARM GAS  C:\Users\HPz420\AppData\Local\Temp\ccYC8MpV.s 			page 11


 351              		.loc 1 218 0
 352 0114 0135     		adds	r5, r5, #1
 353              	.LVL63:
 219:main.c        ****                             readSDCard(sectorNumber);
 354              		.loc 1 219 0
 355 0116 2846     		mov	r0, r5
 356 0118 FFF7FEFF 		bl	readSDCard
 357              	.LVL64:
 358 011c 42E0     		b	.L19
 359              	.L22:
 220:main.c        ****                             
 221:main.c        ****     					}
 222:main.c        ****     					else if ((receiveBuffer[0] == 'w') || (receiveBuffer[0] == 'W'))
 360              		.loc 1 222 0
 361 011e 772B     		cmp	r3, #119
 362 0120 01D0     		beq	.L23
 363              		.loc 1 222 0 is_stmt 0 discriminator 1
 364 0122 572B     		cmp	r3, #87
 365 0124 06D1     		bne	.L24
 366              	.L23:
 223:main.c        ****     					{
 224:main.c        ****     						putStringToUSB("Write to the SD Card at 2GB - 1 sector\n\r");
 367              		.loc 1 224 0 is_stmt 1
 368 0126 2E48     		ldr	r0, .L33+24
 369 0128 FFF7FEFF 		bl	putStringToUSB
 370              	.LVL65:
 225:main.c        ****                             writeSDCard(0x1FFFFF);
 371              		.loc 1 225 0
 372 012c 2D48     		ldr	r0, .L33+28
 373 012e FFF7FEFF 		bl	writeSDCard
 374              	.LVL66:
 375 0132 37E0     		b	.L19
 376              	.L24:
 226:main.c        ****     					}
 227:main.c        ****     					else if ((receiveBuffer[0] == 'i') || (receiveBuffer[0] == 'I'))
 377              		.loc 1 227 0
 378 0134 692B     		cmp	r3, #105
 379 0136 01D0     		beq	.L25
 380              		.loc 1 227 0 is_stmt 0 discriminator 1
 381 0138 492B     		cmp	r3, #73
 382 013a 05D1     		bne	.L26
 383              	.L25:
 228:main.c        ****     					{
 229:main.c        ****     						putStringToUSB("Initialize the SD Card\n\r");
 384              		.loc 1 229 0 is_stmt 1
 385 013c 2A48     		ldr	r0, .L33+32
 386 013e FFF7FEFF 		bl	putStringToUSB
 387              	.LVL67:
 230:main.c        ****                             SDInit();
 388              		.loc 1 230 0
 389 0142 FFF7FEFF 		bl	SDInit
 390              	.LVL68:
 391 0146 2DE0     		b	.L19
 392              	.L26:
 231:main.c        ****     					}
 232:main.c        ****     					else if ((receiveBuffer[0] == 'f') || (receiveBuffer[0] == 'F'))
 393              		.loc 1 232 0
ARM GAS  C:\Users\HPz420\AppData\Local\Temp\ccYC8MpV.s 			page 12


 394 0148 662B     		cmp	r3, #102
 395 014a 01D0     		beq	.L27
 396              		.loc 1 232 0 is_stmt 0 discriminator 1
 397 014c 462B     		cmp	r3, #70
 398 014e 11D1     		bne	.L28
 399              	.L27:
 400              	.LBB2:
 233:main.c        ****     					{
 234:main.c        ****                             char lineString[16];
 235:main.c        ****     						putStringToUSB("Front Panel Value - ");
 401              		.loc 1 235 0 is_stmt 1
 402 0150 2648     		ldr	r0, .L33+36
 403 0152 FFF7FEFF 		bl	putStringToUSB
 404              	.LVL69:
 236:main.c        ****                       		sprintf(lineString,"0x%08lx",fpIntVal);
 405              		.loc 1 236 0
 406 0156 264B     		ldr	r3, .L33+40
 407 0158 1A68     		ldr	r2, [r3]
 408 015a 2649     		ldr	r1, .L33+44
 409 015c 6846     		mov	r0, sp
 410 015e FFF7FEFF 		bl	sprintf
 411              	.LVL70:
 237:main.c        ****                             putStringToUSB(lineString);
 412              		.loc 1 237 0
 413 0162 6846     		mov	r0, sp
 414 0164 FFF7FEFF 		bl	putStringToUSB
 415              	.LVL71:
 238:main.c        ****                             putStringToUSB("\n\r");
 416              		.loc 1 238 0
 417 0168 2348     		ldr	r0, .L33+48
 418 016a FFF7FEFF 		bl	putStringToUSB
 419              	.LVL72:
 239:main.c        ****                             SDInit();
 420              		.loc 1 239 0
 421 016e FFF7FEFF 		bl	SDInit
 422              	.LVL73:
 423              	.LBE2:
 233:main.c        ****                             char lineString[16];
 424              		.loc 1 233 0
 425 0172 17E0     		b	.L19
 426              	.L28:
 240:main.c        ****     					}
 241:main.c        ****     					else
 242:main.c        ****     					{
 243:main.c        ****     						putStringToUSB("\n\rLand Boards, LLC - Z80_PSoC monitor\n\r");
 427              		.loc 1 243 0
 428 0174 2148     		ldr	r0, .L33+52
 429 0176 FFF7FEFF 		bl	putStringToUSB
 430              	.LVL74:
 244:main.c        ****     						putStringToUSB("1 - Read first sector from the SD Card\n\r");
 431              		.loc 1 244 0
 432 017a 2148     		ldr	r0, .L33+56
 433 017c FFF7FEFF 		bl	putStringToUSB
 434              	.LVL75:
 245:main.c        ****     						putStringToUSB("N - Read next sector from the SD Card\n\r");
 435              		.loc 1 245 0
 436 0180 2048     		ldr	r0, .L33+60
ARM GAS  C:\Users\HPz420\AppData\Local\Temp\ccYC8MpV.s 			page 13


 437 0182 FFF7FEFF 		bl	putStringToUSB
 438              	.LVL76:
 246:main.c        ****     						putStringToUSB("R - Read from the SD Card at 0x4000\n\r");
 439              		.loc 1 246 0
 440 0186 2048     		ldr	r0, .L33+64
 441 0188 FFF7FEFF 		bl	putStringToUSB
 442              	.LVL77:
 247:main.c        ****     						putStringToUSB("W - Write to the SD Card at 2GB - 1 sector\n\r");
 443              		.loc 1 247 0
 444 018c 1F48     		ldr	r0, .L33+68
 445 018e FFF7FEFF 		bl	putStringToUSB
 446              	.LVL78:
 248:main.c        ****     						putStringToUSB("I - Initialize SD Card\n\r");
 447              		.loc 1 248 0
 448 0192 1F48     		ldr	r0, .L33+72
 449 0194 FFF7FEFF 		bl	putStringToUSB
 450              	.LVL79:
 249:main.c        ****                             putStringToUSB("F - Read Front Panel\n\r");
 451              		.loc 1 249 0
 452 0198 1E48     		ldr	r0, .L33+76
 453 019a FFF7FEFF 		bl	putStringToUSB
 454              	.LVL80:
 250:main.c        ****     						putStringToUSB("? - Print this menu\n\r");
 455              		.loc 1 250 0
 456 019e 1E48     		ldr	r0, .L33+80
 457 01a0 FFF7FEFF 		bl	putStringToUSB
 458              	.LVL81:
 459              	.L19:
 251:main.c        ****     					}
 252:main.c        ****                         clearReceiveBuffer();
 460              		.loc 1 252 0
 461 01a4 FFF7FEFF 		bl	clearReceiveBuffer
 462              	.LVL82:
 253:main.c        ****     					/* If the last sent packet is exactly the maximum packet size, it is followed by a 
 254:main.c        ****                         zero-length packet to assure that the end of the segment is properly identi
 255:main.c        ****     					*  the terminal. */
 256:main.c        ****     					if (USBUART_Buffer_SIZE == inCount)
 463              		.loc 1 256 0
 464 01a8 402C     		cmp	r4, #64
 465 01aa 07D1     		bne	.L15
 466              	.L29:
 257:main.c        ****     					{
 258:main.c        ****     						while (0u == USBUART_CDCIsReady()); // Wait until component is ready to send data to PC		
 467              		.loc 1 258 0 discriminator 1
 468 01ac FFF7FEFF 		bl	USBUART_CDCIsReady
 469              	.LVL83:
 470 01b0 0028     		cmp	r0, #0
 471 01b2 FBD0     		beq	.L29
 259:main.c        ****     						USBUART_PutData(NULL, 0u);          // Send zero-length packet to PC
 472              		.loc 1 259 0
 473 01b4 0021     		movs	r1, #0
 474 01b6 0846     		mov	r0, r1
 475 01b8 FFF7FEFF 		bl	USBUART_PutData
 476              	.LVL84:
 477              	.L15:
 260:main.c        ****     					}
 261:main.c        ****     				}
ARM GAS  C:\Users\HPz420\AppData\Local\Temp\ccYC8MpV.s 			page 14


 262:main.c        ****     			}
 263:main.c        **** 			}
 264:main.c        ****             // Window for the I2C Interrupt
 265:main.c        ****             #ifdef USING_MCP23017
 266:main.c        ****                 I2CINT_ISR_Enable();
 478              		.loc 1 266 0
 479 01bc FFF7FEFF 		bl	I2CINT_ISR_Enable
 480              	.LVL85:
 267:main.c        ****                 I2CINT_ISR_Disable();
 481              		.loc 1 267 0
 482 01c0 FFF7FEFF 		bl	I2CINT_ISR_Disable
 483              	.LVL86:
 268:main.c        **** 		    #endif
 269:main.c        **** 		}
 484              		.loc 1 269 0
 485 01c4 64E7     		b	.L8
 486              	.L34:
 487 01c6 00BF     		.align	2
 488              	.L33:
 489 01c8 64650040 		.word	1073767780
 490 01cc 00000000 		.word	gotCRorLF
 491 01d0 00000000 		.word	receiveBuffer
 492 01d4 00000000 		.word	.LC0
 493 01d8 24000000 		.word	.LC1
 494 01dc 4C000000 		.word	.LC2
 495 01e0 70000000 		.word	.LC3
 496 01e4 FFFF1F00 		.word	2097151
 497 01e8 9C000000 		.word	.LC4
 498 01ec B8000000 		.word	.LC5
 499 01f0 00000000 		.word	fpIntVal
 500 01f4 D0000000 		.word	.LC6
 501 01f8 D8000000 		.word	.LC7
 502 01fc DC000000 		.word	.LC8
 503 0200 04010000 		.word	.LC9
 504 0204 30010000 		.word	.LC10
 505 0208 58010000 		.word	.LC11
 506 020c 80010000 		.word	.LC12
 507 0210 B0010000 		.word	.LC13
 508 0214 CC010000 		.word	.LC14
 509 0218 E4010000 		.word	.LC15
 510              		.cfi_endproc
 511              	.LFE65:
 512              		.size	main, .-main
 513              		.comm	pioBIntVals,1,1
 514              		.comm	pioAIntVals,1,1
 515              		.comm	fpIntVal,4,4
 516              		.section	.rodata.str1.4,"aMS",%progbits,1
 517              		.align	2
 518              	.LC0:
 519 0000 52656164 		.ascii	"Read from the SD Card at 0x4000\012\015\000"
 519      2066726F 
 519      6D207468 
 519      65205344 
 519      20436172 
 520 0022 0000     		.space	2
 521              	.LC1:
 522 0024 52656164 		.ascii	"Read first sector from the SD Card\012\015\000"
ARM GAS  C:\Users\HPz420\AppData\Local\Temp\ccYC8MpV.s 			page 15


 522      20666972 
 522      73742073 
 522      6563746F 
 522      72206672 
 523 0049 000000   		.space	3
 524              	.LC2:
 525 004c 52656164 		.ascii	"Read next sector from the SD Card\012\015\000"
 525      206E6578 
 525      74207365 
 525      63746F72 
 525      2066726F 
 526              	.LC3:
 527 0070 57726974 		.ascii	"Write to the SD Card at 2GB - 1 sector\012\015\000"
 527      6520746F 
 527      20746865 
 527      20534420 
 527      43617264 
 528 0099 000000   		.space	3
 529              	.LC4:
 530 009c 496E6974 		.ascii	"Initialize the SD Card\012\015\000"
 530      69616C69 
 530      7A652074 
 530      68652053 
 530      44204361 
 531 00b5 000000   		.space	3
 532              	.LC5:
 533 00b8 46726F6E 		.ascii	"Front Panel Value - \000"
 533      74205061 
 533      6E656C20 
 533      56616C75 
 533      65202D20 
 534 00cd 000000   		.space	3
 535              	.LC6:
 536 00d0 30782530 		.ascii	"0x%08lx\000"
 536      386C7800 
 537              	.LC7:
 538 00d8 0A0D00   		.ascii	"\012\015\000"
 539 00db 00       		.space	1
 540              	.LC8:
 541 00dc 0A0D4C61 		.ascii	"\012\015Land Boards, LLC - Z80_PSoC monitor\012\015"
 541      6E642042 
 541      6F617264 
 541      732C204C 
 541      4C43202D 
 542 0103 00       		.ascii	"\000"
 543              	.LC9:
 544 0104 31202D20 		.ascii	"1 - Read first sector from the SD Card\012\015\000"
 544      52656164 
 544      20666972 
 544      73742073 
 544      6563746F 
 545 012d 000000   		.space	3
 546              	.LC10:
 547 0130 4E202D20 		.ascii	"N - Read next sector from the SD Card\012\015\000"
 547      52656164 
 547      206E6578 
 547      74207365 
ARM GAS  C:\Users\HPz420\AppData\Local\Temp\ccYC8MpV.s 			page 16


 547      63746F72 
 548              	.LC11:
 549 0158 52202D20 		.ascii	"R - Read from the SD Card at 0x4000\012\015\000"
 549      52656164 
 549      2066726F 
 549      6D207468 
 549      65205344 
 550 017e 0000     		.space	2
 551              	.LC12:
 552 0180 57202D20 		.ascii	"W - Write to the SD Card at 2GB - 1 sector\012\015\000"
 552      57726974 
 552      6520746F 
 552      20746865 
 552      20534420 
 553 01ad 000000   		.space	3
 554              	.LC13:
 555 01b0 49202D20 		.ascii	"I - Initialize SD Card\012\015\000"
 555      496E6974 
 555      69616C69 
 555      7A652053 
 555      44204361 
 556 01c9 000000   		.space	3
 557              	.LC14:
 558 01cc 46202D20 		.ascii	"F - Read Front Panel\012\015\000"
 558      52656164 
 558      2046726F 
 558      6E742050 
 558      616E656C 
 559 01e3 00       		.space	1
 560              	.LC15:
 561 01e4 3F202D20 		.ascii	"? - Print this menu\012\015\000"
 561      5072696E 
 561      74207468 
 561      6973206D 
 561      656E750A 
 562              		.text
 563              	.Letext0:
 564              		.file 2 "c:\\program files (x86)\\cypress\\psoc creator\\4.2\\psoc creator\\import\\gnu\\arm\\5.4.
 565              		.file 3 "c:\\program files (x86)\\cypress\\psoc creator\\4.2\\psoc creator\\import\\gnu\\arm\\5.4.
 566              		.file 4 "Generated_Source\\PSoC5/cytypes.h"
 567              		.file 5 "Generated_Source\\PSoC5/core_cm3.h"
 568              		.file 6 "./Z80_PSoC_3Chips.h"
 569              		.file 7 "Generated_Source\\PSoC5/USBUART.h"
 570              		.file 8 "Generated_Source\\PSoC5/I2C.h"
 571              		.file 9 "Generated_Source\\PSoC5/I2CINT_n.h"
 572              		.file 10 "Generated_Source\\PSoC5/I2CINT_ISR.h"
 573              		.file 11 "./Z80_PIO_emul.h"
 574              		.file 12 "./FrontPanel.h"
 575              		.file 13 "./Z80_SDCard_Emul.h"
 576              		.file 14 "./Z80_RTC.h"
 577              		.file 15 "./Z80_DAC.h"
 578              		.file 16 "./Z80_Mem_Mappers.h"
 579              		.file 17 "./Z80_6850_Emul.h"
 580              		.file 18 "./Z80_6850_2_Emul.h"
 581              		.file 19 "./ExtSRAM.h"
 582              		.file 20 "c:\\program files (x86)\\cypress\\psoc creator\\4.2\\psoc creator\\import\\gnu\\arm\\5.4
 583              		.file 21 "Generated_Source\\PSoC5/USBUART_cdc.h"
ARM GAS  C:\Users\HPz420\AppData\Local\Temp\ccYC8MpV.s 			page 17


 584              		.file 22 "./Z80_IO_Handle.h"
 585              		.file 23 "./SDCard.h"
 586              		.section	.debug_info,"",%progbits
 587              	.Ldebug_info0:
 588 0000 92070000 		.4byte	0x792
 589 0004 0400     		.2byte	0x4
 590 0006 00000000 		.4byte	.Ldebug_abbrev0
 591 000a 04       		.byte	0x4
 592 000b 01       		.uleb128 0x1
 593 000c 08040000 		.4byte	.LASF69
 594 0010 0C       		.byte	0xc
 595 0011 4C030000 		.4byte	.LASF70
 596 0015 4E000000 		.4byte	.LASF71
 597 0019 00000000 		.4byte	.Ldebug_ranges0+0
 598 001d 00000000 		.4byte	0
 599 0021 00000000 		.4byte	.Ldebug_line0
 600 0025 02       		.uleb128 0x2
 601 0026 01       		.byte	0x1
 602 0027 06       		.byte	0x6
 603 0028 5C020000 		.4byte	.LASF0
 604 002c 02       		.uleb128 0x2
 605 002d 01       		.byte	0x1
 606 002e 08       		.byte	0x8
 607 002f 10020000 		.4byte	.LASF1
 608 0033 02       		.uleb128 0x2
 609 0034 02       		.byte	0x2
 610 0035 05       		.byte	0x5
 611 0036 33000000 		.4byte	.LASF2
 612 003a 02       		.uleb128 0x2
 613 003b 02       		.byte	0x2
 614 003c 07       		.byte	0x7
 615 003d B5020000 		.4byte	.LASF3
 616 0041 03       		.uleb128 0x3
 617 0042 9A030000 		.4byte	.LASF9
 618 0046 02       		.byte	0x2
 619 0047 3F       		.byte	0x3f
 620 0048 4C000000 		.4byte	0x4c
 621 004c 02       		.uleb128 0x2
 622 004d 04       		.byte	0x4
 623 004e 05       		.byte	0x5
 624 004f CD020000 		.4byte	.LASF4
 625 0053 02       		.uleb128 0x2
 626 0054 04       		.byte	0x4
 627 0055 07       		.byte	0x7
 628 0056 58030000 		.4byte	.LASF5
 629 005a 02       		.uleb128 0x2
 630 005b 08       		.byte	0x8
 631 005c 05       		.byte	0x5
 632 005d 9C010000 		.4byte	.LASF6
 633 0061 02       		.uleb128 0x2
 634 0062 08       		.byte	0x8
 635 0063 07       		.byte	0x7
 636 0064 68020000 		.4byte	.LASF7
 637 0068 04       		.uleb128 0x4
 638 0069 04       		.byte	0x4
 639 006a 05       		.byte	0x5
 640 006b 696E7400 		.ascii	"int\000"
ARM GAS  C:\Users\HPz420\AppData\Local\Temp\ccYC8MpV.s 			page 18


 641 006f 02       		.uleb128 0x2
 642 0070 04       		.byte	0x4
 643 0071 07       		.byte	0x7
 644 0072 87020000 		.4byte	.LASF8
 645 0076 03       		.uleb128 0x3
 646 0077 D6020000 		.4byte	.LASF10
 647 007b 03       		.byte	0x3
 648 007c 2C       		.byte	0x2c
 649 007d 41000000 		.4byte	0x41
 650 0081 05       		.uleb128 0x5
 651 0082 37010000 		.4byte	.LASF11
 652 0086 04       		.byte	0x4
 653 0087 E401     		.2byte	0x1e4
 654 0089 2C000000 		.4byte	0x2c
 655 008d 05       		.uleb128 0x5
 656 008e 15010000 		.4byte	.LASF12
 657 0092 04       		.byte	0x4
 658 0093 E501     		.2byte	0x1e5
 659 0095 3A000000 		.4byte	0x3a
 660 0099 05       		.uleb128 0x5
 661 009a 45030000 		.4byte	.LASF13
 662 009e 04       		.byte	0x4
 663 009f E601     		.2byte	0x1e6
 664 00a1 53000000 		.4byte	0x53
 665 00a5 02       		.uleb128 0x2
 666 00a6 04       		.byte	0x4
 667 00a7 04       		.byte	0x4
 668 00a8 7D010000 		.4byte	.LASF14
 669 00ac 02       		.uleb128 0x2
 670 00ad 08       		.byte	0x8
 671 00ae 04       		.byte	0x4
 672 00af 7A030000 		.4byte	.LASF15
 673 00b3 02       		.uleb128 0x2
 674 00b4 01       		.byte	0x1
 675 00b5 08       		.byte	0x8
 676 00b6 C8020000 		.4byte	.LASF16
 677 00ba 05       		.uleb128 0x5
 678 00bb 53030000 		.4byte	.LASF17
 679 00bf 04       		.byte	0x4
 680 00c0 8E02     		.2byte	0x28e
 681 00c2 C6000000 		.4byte	0xc6
 682 00c6 06       		.uleb128 0x6
 683 00c7 81000000 		.4byte	0x81
 684 00cb 02       		.uleb128 0x2
 685 00cc 08       		.byte	0x8
 686 00cd 04       		.byte	0x4
 687 00ce 04020000 		.4byte	.LASF18
 688 00d2 02       		.uleb128 0x2
 689 00d3 04       		.byte	0x4
 690 00d4 07       		.byte	0x7
 691 00d5 45000000 		.4byte	.LASF19
 692 00d9 07       		.uleb128 0x7
 693 00da A0020000 		.4byte	.LASF72
 694 00de 01       		.byte	0x1
 695 00df 21       		.byte	0x21
 696 00e0 81000000 		.4byte	0x81
 697 00e4 00000000 		.4byte	.LFB64
ARM GAS  C:\Users\HPz420\AppData\Local\Temp\ccYC8MpV.s 			page 19


 698 00e8 74000000 		.4byte	.LFE64-.LFB64
 699 00ec 01       		.uleb128 0x1
 700 00ed 9C       		.byte	0x9c
 701 00ee D7010000 		.4byte	0x1d7
 702 00f2 08       		.uleb128 0x8
 703 00f3 5F010000 		.4byte	.LASF20
 704 00f7 01       		.byte	0x1
 705 00f8 23       		.byte	0x23
 706 00f9 99000000 		.4byte	0x99
 707 00fd 00000000 		.4byte	.LLST0
 708 0101 08       		.uleb128 0x8
 709 0102 0A010000 		.4byte	.LASF21
 710 0106 01       		.byte	0x1
 711 0107 24       		.byte	0x24
 712 0108 81000000 		.4byte	0x81
 713 010c 1E000000 		.4byte	.LLST1
 714 0110 09       		.uleb128 0x9
 715 0111 16000000 		.4byte	.LVL1
 716 0115 1C060000 		.4byte	0x61c
 717 0119 28010000 		.4byte	0x128
 718 011d 0A       		.uleb128 0xa
 719 011e 01       		.uleb128 0x1
 720 011f 50       		.byte	0x50
 721 0120 01       		.uleb128 0x1
 722 0121 30       		.byte	0x30
 723 0122 0A       		.uleb128 0xa
 724 0123 01       		.uleb128 0x1
 725 0124 51       		.byte	0x51
 726 0125 01       		.uleb128 0x1
 727 0126 31       		.byte	0x31
 728 0127 00       		.byte	0
 729 0128 0B       		.uleb128 0xb
 730 0129 1A000000 		.4byte	.LVL2
 731 012d 28060000 		.4byte	0x628
 732 0131 0B       		.uleb128 0xb
 733 0132 20000000 		.4byte	.LVL3
 734 0136 33060000 		.4byte	0x633
 735 013a 09       		.uleb128 0x9
 736 013b 26000000 		.4byte	.LVL4
 737 013f 3E060000 		.4byte	0x63e
 738 0143 4D010000 		.4byte	0x14d
 739 0147 0A       		.uleb128 0xa
 740 0148 01       		.uleb128 0x1
 741 0149 50       		.byte	0x50
 742 014a 01       		.uleb128 0x1
 743 014b 34       		.byte	0x34
 744 014c 00       		.byte	0
 745 014d 0B       		.uleb128 0xb
 746 014e 2A000000 		.4byte	.LVL5
 747 0152 49060000 		.4byte	0x649
 748 0156 0B       		.uleb128 0xb
 749 0157 2E000000 		.4byte	.LVL6
 750 015b 54060000 		.4byte	0x654
 751 015f 0B       		.uleb128 0xb
 752 0160 32000000 		.4byte	.LVL7
 753 0164 5F060000 		.4byte	0x65f
 754 0168 0B       		.uleb128 0xb
ARM GAS  C:\Users\HPz420\AppData\Local\Temp\ccYC8MpV.s 			page 20


 755 0169 36000000 		.4byte	.LVL8
 756 016d 6A060000 		.4byte	0x66a
 757 0171 0B       		.uleb128 0xb
 758 0172 3A000000 		.4byte	.LVL9
 759 0176 75060000 		.4byte	0x675
 760 017a 0B       		.uleb128 0xb
 761 017b 3E000000 		.4byte	.LVL10
 762 017f 80060000 		.4byte	0x680
 763 0183 0B       		.uleb128 0xb
 764 0184 42000000 		.4byte	.LVL11
 765 0188 8B060000 		.4byte	0x68b
 766 018c 0B       		.uleb128 0xb
 767 018d 46000000 		.4byte	.LVL12
 768 0191 96060000 		.4byte	0x696
 769 0195 0B       		.uleb128 0xb
 770 0196 4A000000 		.4byte	.LVL13
 771 019a A1060000 		.4byte	0x6a1
 772 019e 0B       		.uleb128 0xb
 773 019f 4E000000 		.4byte	.LVL14
 774 01a3 AC060000 		.4byte	0x6ac
 775 01a7 0B       		.uleb128 0xb
 776 01a8 52000000 		.4byte	.LVL15
 777 01ac B7060000 		.4byte	0x6b7
 778 01b0 09       		.uleb128 0x9
 779 01b1 5A000000 		.4byte	.LVL18
 780 01b5 C2060000 		.4byte	0x6c2
 781 01b9 C4010000 		.4byte	0x1c4
 782 01bd 0A       		.uleb128 0xa
 783 01be 01       		.uleb128 0x1
 784 01bf 50       		.byte	0x50
 785 01c0 02       		.uleb128 0x2
 786 01c1 74       		.byte	0x74
 787 01c2 01       		.sleb128 1
 788 01c3 00       		.byte	0
 789 01c4 0B       		.uleb128 0xb
 790 01c5 62000000 		.4byte	.LVL19
 791 01c9 CD060000 		.4byte	0x6cd
 792 01cd 0B       		.uleb128 0xb
 793 01ce 66000000 		.4byte	.LVL20
 794 01d2 D8060000 		.4byte	0x6d8
 795 01d6 00       		.byte	0
 796 01d7 0C       		.uleb128 0xc
 797 01d8 DA000000 		.4byte	.LASF73
 798 01dc 01       		.byte	0x1
 799 01dd 76       		.byte	0x76
 800 01de 68000000 		.4byte	0x68
 801 01e2 00000000 		.4byte	.LFB65
 802 01e6 1C020000 		.4byte	.LFE65-.LFB65
 803 01ea 01       		.uleb128 0x1
 804 01eb 9C       		.byte	0x9c
 805 01ec 92050000 		.4byte	0x592
 806 01f0 08       		.uleb128 0x8
 807 01f1 81030000 		.4byte	.LASF22
 808 01f5 01       		.byte	0x1
 809 01f6 78       		.byte	0x78
 810 01f7 8D000000 		.4byte	0x8d
 811 01fb 3D000000 		.4byte	.LLST2
ARM GAS  C:\Users\HPz420\AppData\Local\Temp\ccYC8MpV.s 			page 21


 812 01ff 0D       		.uleb128 0xd
 813 0200 2A000000 		.4byte	.LASF23
 814 0204 01       		.byte	0x1
 815 0205 79       		.byte	0x79
 816 0206 92050000 		.4byte	0x592
 817 020a 03       		.uleb128 0x3
 818 020b 91       		.byte	0x91
 819 020c B07F     		.sleb128 -80
 820 020e 0D       		.uleb128 0xd
 821 020f 07030000 		.4byte	.LASF24
 822 0213 01       		.byte	0x1
 823 0214 7A       		.byte	0x7a
 824 0215 92050000 		.4byte	0x592
 825 0219 03       		.uleb128 0x3
 826 021a 91       		.byte	0x91
 827 021b F07E     		.sleb128 -144
 828 021d 08       		.uleb128 0x8
 829 021e 29020000 		.4byte	.LASF25
 830 0222 01       		.byte	0x1
 831 0223 7B       		.byte	0x7b
 832 0224 8D000000 		.4byte	0x8d
 833 0228 8A000000 		.4byte	.LLST3
 834 022c 08       		.uleb128 0x8
 835 022d 0A010000 		.4byte	.LASF21
 836 0231 01       		.byte	0x1
 837 0232 7C       		.byte	0x7c
 838 0233 81000000 		.4byte	0x81
 839 0237 C0000000 		.4byte	.LLST4
 840 023b 08       		.uleb128 0x8
 841 023c EA010000 		.4byte	.LASF26
 842 0240 01       		.byte	0x1
 843 0241 7D       		.byte	0x7d
 844 0242 8D000000 		.4byte	0x8d
 845 0246 DE000000 		.4byte	.LLST5
 846 024a 08       		.uleb128 0x8
 847 024b 16030000 		.4byte	.LASF27
 848 024f 01       		.byte	0x1
 849 0250 7E       		.byte	0x7e
 850 0251 99000000 		.4byte	0x99
 851 0255 F1000000 		.4byte	.LLST6
 852 0259 0E       		.uleb128 0xe
 853 025a 50010000 		.4byte	.LBB2
 854 025e 22000000 		.4byte	.LBE2-.LBB2
 855 0262 DE020000 		.4byte	0x2de
 856 0266 0D       		.uleb128 0xd
 857 0267 3D010000 		.4byte	.LASF28
 858 026b 01       		.byte	0x1
 859 026c EA       		.byte	0xea
 860 026d A2050000 		.4byte	0x5a2
 861 0271 03       		.uleb128 0x3
 862 0272 91       		.byte	0x91
 863 0273 E07E     		.sleb128 -160
 864 0275 09       		.uleb128 0x9
 865 0276 56010000 		.4byte	.LVL69
 866 027a E3060000 		.4byte	0x6e3
 867 027e 8C020000 		.4byte	0x28c
 868 0282 0A       		.uleb128 0xa
ARM GAS  C:\Users\HPz420\AppData\Local\Temp\ccYC8MpV.s 			page 22


 869 0283 01       		.uleb128 0x1
 870 0284 50       		.byte	0x50
 871 0285 05       		.uleb128 0x5
 872 0286 03       		.byte	0x3
 873 0287 B8000000 		.4byte	.LC5
 874 028b 00       		.byte	0
 875 028c 09       		.uleb128 0x9
 876 028d 62010000 		.4byte	.LVL70
 877 0291 EE060000 		.4byte	0x6ee
 878 0295 A9020000 		.4byte	0x2a9
 879 0299 0A       		.uleb128 0xa
 880 029a 01       		.uleb128 0x1
 881 029b 50       		.byte	0x50
 882 029c 02       		.uleb128 0x2
 883 029d 7D       		.byte	0x7d
 884 029e 00       		.sleb128 0
 885 029f 0A       		.uleb128 0xa
 886 02a0 01       		.uleb128 0x1
 887 02a1 51       		.byte	0x51
 888 02a2 05       		.uleb128 0x5
 889 02a3 03       		.byte	0x3
 890 02a4 D0000000 		.4byte	.LC6
 891 02a8 00       		.byte	0
 892 02a9 09       		.uleb128 0x9
 893 02aa 68010000 		.4byte	.LVL71
 894 02ae E3060000 		.4byte	0x6e3
 895 02b2 BD020000 		.4byte	0x2bd
 896 02b6 0A       		.uleb128 0xa
 897 02b7 01       		.uleb128 0x1
 898 02b8 50       		.byte	0x50
 899 02b9 02       		.uleb128 0x2
 900 02ba 7D       		.byte	0x7d
 901 02bb 00       		.sleb128 0
 902 02bc 00       		.byte	0
 903 02bd 09       		.uleb128 0x9
 904 02be 6E010000 		.4byte	.LVL72
 905 02c2 E3060000 		.4byte	0x6e3
 906 02c6 D4020000 		.4byte	0x2d4
 907 02ca 0A       		.uleb128 0xa
 908 02cb 01       		.uleb128 0x1
 909 02cc 50       		.byte	0x50
 910 02cd 05       		.uleb128 0x5
 911 02ce 03       		.byte	0x3
 912 02cf D8000000 		.4byte	.LC7
 913 02d3 00       		.byte	0
 914 02d4 0B       		.uleb128 0xb
 915 02d5 72010000 		.4byte	.LVL73
 916 02d9 75060000 		.4byte	0x675
 917 02dd 00       		.byte	0
 918 02de 0B       		.uleb128 0xb
 919 02df 08000000 		.4byte	.LVL23
 920 02e3 D9000000 		.4byte	0xd9
 921 02e7 0B       		.uleb128 0xb
 922 02e8 14000000 		.4byte	.LVL25
 923 02ec F9060000 		.4byte	0x6f9
 924 02f0 0B       		.uleb128 0xb
 925 02f1 1A000000 		.4byte	.LVL26
ARM GAS  C:\Users\HPz420\AppData\Local\Temp\ccYC8MpV.s 			page 23


 926 02f5 05070000 		.4byte	0x705
 927 02f9 0B       		.uleb128 0xb
 928 02fa 20000000 		.4byte	.LVL27
 929 02fe 11070000 		.4byte	0x711
 930 0302 0B       		.uleb128 0xb
 931 0303 24000000 		.4byte	.LVL28
 932 0307 05070000 		.4byte	0x705
 933 030b 0B       		.uleb128 0xb
 934 030c 2A000000 		.4byte	.LVL29
 935 0310 1C070000 		.4byte	0x71c
 936 0314 09       		.uleb128 0x9
 937 0315 3E000000 		.4byte	.LVL30
 938 0319 27070000 		.4byte	0x727
 939 031d 29030000 		.4byte	0x329
 940 0321 0A       		.uleb128 0xa
 941 0322 01       		.uleb128 0x1
 942 0323 50       		.byte	0x50
 943 0324 03       		.uleb128 0x3
 944 0325 91       		.byte	0x91
 945 0326 F07E     		.sleb128 -144
 946 0328 00       		.byte	0
 947 0329 0B       		.uleb128 0xb
 948 032a 44000000 		.4byte	.LVL32
 949 032e 32070000 		.4byte	0x732
 950 0332 0B       		.uleb128 0xb
 951 0333 54000000 		.4byte	.LVL33
 952 0337 3D070000 		.4byte	0x73d
 953 033b 0B       		.uleb128 0xb
 954 033c 5C000000 		.4byte	.LVL35
 955 0340 32070000 		.4byte	0x732
 956 0344 0B       		.uleb128 0xb
 957 0345 6A000000 		.4byte	.LVL36
 958 0349 3D070000 		.4byte	0x73d
 959 034d 0B       		.uleb128 0xb
 960 034e 84000000 		.4byte	.LVL42
 961 0352 48070000 		.4byte	0x748
 962 0356 0B       		.uleb128 0xb
 963 0357 88000000 		.4byte	.LVL43
 964 035b 53070000 		.4byte	0x753
 965 035f 0B       		.uleb128 0xb
 966 0360 8C000000 		.4byte	.LVL44
 967 0364 54060000 		.4byte	0x654
 968 0368 0B       		.uleb128 0xb
 969 0369 94000000 		.4byte	.LVL47
 970 036d F9060000 		.4byte	0x6f9
 971 0371 0B       		.uleb128 0xb
 972 0372 9A000000 		.4byte	.LVL48
 973 0376 05070000 		.4byte	0x705
 974 037a 0B       		.uleb128 0xb
 975 037b A0000000 		.4byte	.LVL49
 976 037f 11070000 		.4byte	0x711
 977 0383 0B       		.uleb128 0xb
 978 0384 A4000000 		.4byte	.LVL50
 979 0388 05070000 		.4byte	0x705
 980 038c 0B       		.uleb128 0xb
 981 038d AE000000 		.4byte	.LVL51
 982 0391 1C070000 		.4byte	0x71c
ARM GAS  C:\Users\HPz420\AppData\Local\Temp\ccYC8MpV.s 			page 24


 983 0395 09       		.uleb128 0x9
 984 0396 BA000000 		.4byte	.LVL52
 985 039a 27070000 		.4byte	0x727
 986 039e AA030000 		.4byte	0x3aa
 987 03a2 0A       		.uleb128 0xa
 988 03a3 01       		.uleb128 0x1
 989 03a4 50       		.byte	0x50
 990 03a5 03       		.uleb128 0x3
 991 03a6 91       		.byte	0x91
 992 03a7 B07F     		.sleb128 -80
 993 03a9 00       		.byte	0
 994 03aa 09       		.uleb128 0x9
 995 03ab C2000000 		.4byte	.LVL54
 996 03af 5E070000 		.4byte	0x75e
 997 03b3 C5030000 		.4byte	0x3c5
 998 03b7 0A       		.uleb128 0xa
 999 03b8 01       		.uleb128 0x1
 1000 03b9 50       		.byte	0x50
 1001 03ba 02       		.uleb128 0x2
 1002 03bb 74       		.byte	0x74
 1003 03bc 00       		.sleb128 0
 1004 03bd 0A       		.uleb128 0xa
 1005 03be 01       		.uleb128 0x1
 1006 03bf 51       		.byte	0x51
 1007 03c0 03       		.uleb128 0x3
 1008 03c1 91       		.byte	0x91
 1009 03c2 B07F     		.sleb128 -80
 1010 03c4 00       		.byte	0
 1011 03c5 0B       		.uleb128 0xb
 1012 03c6 CE000000 		.4byte	.LVL55
 1013 03ca 69070000 		.4byte	0x769
 1014 03ce 09       		.uleb128 0x9
 1015 03cf E4000000 		.4byte	.LVL56
 1016 03d3 E3060000 		.4byte	0x6e3
 1017 03d7 E5030000 		.4byte	0x3e5
 1018 03db 0A       		.uleb128 0xa
 1019 03dc 01       		.uleb128 0x1
 1020 03dd 50       		.byte	0x50
 1021 03de 05       		.uleb128 0x5
 1022 03df 03       		.byte	0x3
 1023 03e0 00000000 		.4byte	.LC0
 1024 03e4 00       		.byte	0
 1025 03e5 09       		.uleb128 0x9
 1026 03e6 EC000000 		.4byte	.LVL57
 1027 03ea 74070000 		.4byte	0x774
 1028 03ee FA030000 		.4byte	0x3fa
 1029 03f2 0A       		.uleb128 0xa
 1030 03f3 01       		.uleb128 0x1
 1031 03f4 50       		.byte	0x50
 1032 03f5 03       		.uleb128 0x3
 1033 03f6 0A       		.byte	0xa
 1034 03f7 0040     		.2byte	0x4000
 1035 03f9 00       		.byte	0
 1036 03fa 09       		.uleb128 0x9
 1037 03fb FC000000 		.4byte	.LVL59
 1038 03ff E3060000 		.4byte	0x6e3
 1039 0403 11040000 		.4byte	0x411
ARM GAS  C:\Users\HPz420\AppData\Local\Temp\ccYC8MpV.s 			page 25


 1040 0407 0A       		.uleb128 0xa
 1041 0408 01       		.uleb128 0x1
 1042 0409 50       		.byte	0x50
 1043 040a 05       		.uleb128 0x5
 1044 040b 03       		.byte	0x3
 1045 040c 24000000 		.4byte	.LC1
 1046 0410 00       		.byte	0
 1047 0411 09       		.uleb128 0x9
 1048 0412 02010000 		.4byte	.LVL60
 1049 0416 74070000 		.4byte	0x774
 1050 041a 24040000 		.4byte	0x424
 1051 041e 0A       		.uleb128 0xa
 1052 041f 01       		.uleb128 0x1
 1053 0420 50       		.byte	0x50
 1054 0421 01       		.uleb128 0x1
 1055 0422 30       		.byte	0x30
 1056 0423 00       		.byte	0
 1057 0424 09       		.uleb128 0x9
 1058 0425 14010000 		.4byte	.LVL62
 1059 0429 E3060000 		.4byte	0x6e3
 1060 042d 3B040000 		.4byte	0x43b
 1061 0431 0A       		.uleb128 0xa
 1062 0432 01       		.uleb128 0x1
 1063 0433 50       		.byte	0x50
 1064 0434 05       		.uleb128 0x5
 1065 0435 03       		.byte	0x3
 1066 0436 4C000000 		.4byte	.LC2
 1067 043a 00       		.byte	0
 1068 043b 09       		.uleb128 0x9
 1069 043c 1C010000 		.4byte	.LVL64
 1070 0440 74070000 		.4byte	0x774
 1071 0444 4F040000 		.4byte	0x44f
 1072 0448 0A       		.uleb128 0xa
 1073 0449 01       		.uleb128 0x1
 1074 044a 50       		.byte	0x50
 1075 044b 02       		.uleb128 0x2
 1076 044c 75       		.byte	0x75
 1077 044d 00       		.sleb128 0
 1078 044e 00       		.byte	0
 1079 044f 09       		.uleb128 0x9
 1080 0450 2C010000 		.4byte	.LVL65
 1081 0454 E3060000 		.4byte	0x6e3
 1082 0458 66040000 		.4byte	0x466
 1083 045c 0A       		.uleb128 0xa
 1084 045d 01       		.uleb128 0x1
 1085 045e 50       		.byte	0x50
 1086 045f 05       		.uleb128 0x5
 1087 0460 03       		.byte	0x3
 1088 0461 70000000 		.4byte	.LC3
 1089 0465 00       		.byte	0
 1090 0466 09       		.uleb128 0x9
 1091 0467 32010000 		.4byte	.LVL66
 1092 046b 7F070000 		.4byte	0x77f
 1093 046f 7D040000 		.4byte	0x47d
 1094 0473 0A       		.uleb128 0xa
 1095 0474 01       		.uleb128 0x1
 1096 0475 50       		.byte	0x50
ARM GAS  C:\Users\HPz420\AppData\Local\Temp\ccYC8MpV.s 			page 26


 1097 0476 05       		.uleb128 0x5
 1098 0477 0C       		.byte	0xc
 1099 0478 FFFF1F00 		.4byte	0x1fffff
 1100 047c 00       		.byte	0
 1101 047d 09       		.uleb128 0x9
 1102 047e 42010000 		.4byte	.LVL67
 1103 0482 E3060000 		.4byte	0x6e3
 1104 0486 94040000 		.4byte	0x494
 1105 048a 0A       		.uleb128 0xa
 1106 048b 01       		.uleb128 0x1
 1107 048c 50       		.byte	0x50
 1108 048d 05       		.uleb128 0x5
 1109 048e 03       		.byte	0x3
 1110 048f 9C000000 		.4byte	.LC4
 1111 0493 00       		.byte	0
 1112 0494 0B       		.uleb128 0xb
 1113 0495 46010000 		.4byte	.LVL68
 1114 0499 75060000 		.4byte	0x675
 1115 049d 09       		.uleb128 0x9
 1116 049e 7A010000 		.4byte	.LVL74
 1117 04a2 E3060000 		.4byte	0x6e3
 1118 04a6 B4040000 		.4byte	0x4b4
 1119 04aa 0A       		.uleb128 0xa
 1120 04ab 01       		.uleb128 0x1
 1121 04ac 50       		.byte	0x50
 1122 04ad 05       		.uleb128 0x5
 1123 04ae 03       		.byte	0x3
 1124 04af DC000000 		.4byte	.LC8
 1125 04b3 00       		.byte	0
 1126 04b4 09       		.uleb128 0x9
 1127 04b5 80010000 		.4byte	.LVL75
 1128 04b9 E3060000 		.4byte	0x6e3
 1129 04bd CB040000 		.4byte	0x4cb
 1130 04c1 0A       		.uleb128 0xa
 1131 04c2 01       		.uleb128 0x1
 1132 04c3 50       		.byte	0x50
 1133 04c4 05       		.uleb128 0x5
 1134 04c5 03       		.byte	0x3
 1135 04c6 04010000 		.4byte	.LC9
 1136 04ca 00       		.byte	0
 1137 04cb 09       		.uleb128 0x9
 1138 04cc 86010000 		.4byte	.LVL76
 1139 04d0 E3060000 		.4byte	0x6e3
 1140 04d4 E2040000 		.4byte	0x4e2
 1141 04d8 0A       		.uleb128 0xa
 1142 04d9 01       		.uleb128 0x1
 1143 04da 50       		.byte	0x50
 1144 04db 05       		.uleb128 0x5
 1145 04dc 03       		.byte	0x3
 1146 04dd 30010000 		.4byte	.LC10
 1147 04e1 00       		.byte	0
 1148 04e2 09       		.uleb128 0x9
 1149 04e3 8C010000 		.4byte	.LVL77
 1150 04e7 E3060000 		.4byte	0x6e3
 1151 04eb F9040000 		.4byte	0x4f9
 1152 04ef 0A       		.uleb128 0xa
 1153 04f0 01       		.uleb128 0x1
ARM GAS  C:\Users\HPz420\AppData\Local\Temp\ccYC8MpV.s 			page 27


 1154 04f1 50       		.byte	0x50
 1155 04f2 05       		.uleb128 0x5
 1156 04f3 03       		.byte	0x3
 1157 04f4 58010000 		.4byte	.LC11
 1158 04f8 00       		.byte	0
 1159 04f9 09       		.uleb128 0x9
 1160 04fa 92010000 		.4byte	.LVL78
 1161 04fe E3060000 		.4byte	0x6e3
 1162 0502 10050000 		.4byte	0x510
 1163 0506 0A       		.uleb128 0xa
 1164 0507 01       		.uleb128 0x1
 1165 0508 50       		.byte	0x50
 1166 0509 05       		.uleb128 0x5
 1167 050a 03       		.byte	0x3
 1168 050b 80010000 		.4byte	.LC12
 1169 050f 00       		.byte	0
 1170 0510 09       		.uleb128 0x9
 1171 0511 98010000 		.4byte	.LVL79
 1172 0515 E3060000 		.4byte	0x6e3
 1173 0519 27050000 		.4byte	0x527
 1174 051d 0A       		.uleb128 0xa
 1175 051e 01       		.uleb128 0x1
 1176 051f 50       		.byte	0x50
 1177 0520 05       		.uleb128 0x5
 1178 0521 03       		.byte	0x3
 1179 0522 B0010000 		.4byte	.LC13
 1180 0526 00       		.byte	0
 1181 0527 09       		.uleb128 0x9
 1182 0528 9E010000 		.4byte	.LVL80
 1183 052c E3060000 		.4byte	0x6e3
 1184 0530 3E050000 		.4byte	0x53e
 1185 0534 0A       		.uleb128 0xa
 1186 0535 01       		.uleb128 0x1
 1187 0536 50       		.byte	0x50
 1188 0537 05       		.uleb128 0x5
 1189 0538 03       		.byte	0x3
 1190 0539 CC010000 		.4byte	.LC14
 1191 053d 00       		.byte	0
 1192 053e 09       		.uleb128 0x9
 1193 053f A4010000 		.4byte	.LVL81
 1194 0543 E3060000 		.4byte	0x6e3
 1195 0547 55050000 		.4byte	0x555
 1196 054b 0A       		.uleb128 0xa
 1197 054c 01       		.uleb128 0x1
 1198 054d 50       		.byte	0x50
 1199 054e 05       		.uleb128 0x5
 1200 054f 03       		.byte	0x3
 1201 0550 E4010000 		.4byte	.LC15
 1202 0554 00       		.byte	0
 1203 0555 0B       		.uleb128 0xb
 1204 0556 A8010000 		.4byte	.LVL82
 1205 055a 28060000 		.4byte	0x628
 1206 055e 0B       		.uleb128 0xb
 1207 055f B0010000 		.4byte	.LVL83
 1208 0563 69070000 		.4byte	0x769
 1209 0567 09       		.uleb128 0x9
 1210 0568 BC010000 		.4byte	.LVL84
ARM GAS  C:\Users\HPz420\AppData\Local\Temp\ccYC8MpV.s 			page 28


 1211 056c 8A070000 		.4byte	0x78a
 1212 0570 7F050000 		.4byte	0x57f
 1213 0574 0A       		.uleb128 0xa
 1214 0575 01       		.uleb128 0x1
 1215 0576 50       		.byte	0x50
 1216 0577 01       		.uleb128 0x1
 1217 0578 30       		.byte	0x30
 1218 0579 0A       		.uleb128 0xa
 1219 057a 01       		.uleb128 0x1
 1220 057b 51       		.byte	0x51
 1221 057c 01       		.uleb128 0x1
 1222 057d 30       		.byte	0x30
 1223 057e 00       		.byte	0
 1224 057f 0B       		.uleb128 0xb
 1225 0580 C0010000 		.4byte	.LVL85
 1226 0584 53070000 		.4byte	0x753
 1227 0588 0B       		.uleb128 0xb
 1228 0589 C4010000 		.4byte	.LVL86
 1229 058d 54060000 		.4byte	0x654
 1230 0591 00       		.byte	0
 1231 0592 0F       		.uleb128 0xf
 1232 0593 81000000 		.4byte	0x81
 1233 0597 A2050000 		.4byte	0x5a2
 1234 059b 10       		.uleb128 0x10
 1235 059c D2000000 		.4byte	0xd2
 1236 05a0 3F       		.byte	0x3f
 1237 05a1 00       		.byte	0
 1238 05a2 0F       		.uleb128 0xf
 1239 05a3 B3000000 		.4byte	0xb3
 1240 05a7 B2050000 		.4byte	0x5b2
 1241 05ab 10       		.uleb128 0x10
 1242 05ac D2000000 		.4byte	0xd2
 1243 05b0 0F       		.byte	0xf
 1244 05b1 00       		.byte	0
 1245 05b2 11       		.uleb128 0x11
 1246 05b3 FB030000 		.4byte	.LASF29
 1247 05b7 05       		.byte	0x5
 1248 05b8 1207     		.2byte	0x712
 1249 05ba BE050000 		.4byte	0x5be
 1250 05be 06       		.uleb128 0x6
 1251 05bf 76000000 		.4byte	0x76
 1252 05c3 0F       		.uleb128 0xf
 1253 05c4 81000000 		.4byte	0x81
 1254 05c8 D3050000 		.4byte	0x5d3
 1255 05cc 10       		.uleb128 0x10
 1256 05cd D2000000 		.4byte	0xd2
 1257 05d1 4F       		.byte	0x4f
 1258 05d2 00       		.byte	0
 1259 05d3 12       		.uleb128 0x12
 1260 05d4 A0040000 		.4byte	.LASF30
 1261 05d8 06       		.byte	0x6
 1262 05d9 20       		.byte	0x20
 1263 05da C3050000 		.4byte	0x5c3
 1264 05de 12       		.uleb128 0x12
 1265 05df C1030000 		.4byte	.LASF31
 1266 05e3 06       		.byte	0x6
 1267 05e4 21       		.byte	0x21
ARM GAS  C:\Users\HPz420\AppData\Local\Temp\ccYC8MpV.s 			page 29


 1268 05e5 81000000 		.4byte	0x81
 1269 05e9 13       		.uleb128 0x13
 1270 05ea 3B020000 		.4byte	.LASF32
 1271 05ee 01       		.byte	0x1
 1272 05ef 17       		.byte	0x17
 1273 05f0 99000000 		.4byte	0x99
 1274 05f4 05       		.uleb128 0x5
 1275 05f5 03       		.byte	0x3
 1276 05f6 00000000 		.4byte	fpIntVal
 1277 05fa 13       		.uleb128 0x13
 1278 05fb CB030000 		.4byte	.LASF33
 1279 05ff 01       		.byte	0x1
 1280 0600 1A       		.byte	0x1a
 1281 0601 81000000 		.4byte	0x81
 1282 0605 05       		.uleb128 0x5
 1283 0606 03       		.byte	0x3
 1284 0607 00000000 		.4byte	pioAIntVals
 1285 060b 13       		.uleb128 0x13
 1286 060c 94020000 		.4byte	.LASF34
 1287 0610 01       		.byte	0x1
 1288 0611 1B       		.byte	0x1b
 1289 0612 81000000 		.4byte	0x81
 1290 0616 05       		.uleb128 0x5
 1291 0617 03       		.byte	0x3
 1292 0618 00000000 		.4byte	pioBIntVals
 1293 061c 14       		.uleb128 0x14
 1294 061d FC000000 		.4byte	.LASF35
 1295 0621 FC000000 		.4byte	.LASF35
 1296 0625 07       		.byte	0x7
 1297 0626 2A01     		.2byte	0x12a
 1298 0628 15       		.uleb128 0x15
 1299 0629 D7030000 		.4byte	.LASF36
 1300 062d D7030000 		.4byte	.LASF36
 1301 0631 06       		.byte	0x6
 1302 0632 35       		.byte	0x35
 1303 0633 15       		.uleb128 0x15
 1304 0634 96040000 		.4byte	.LASF37
 1305 0638 96040000 		.4byte	.LASF37
 1306 063c 08       		.byte	0x8
 1307 063d 93       		.byte	0x93
 1308 063e 15       		.uleb128 0x15
 1309 063f DE020000 		.4byte	.LASF38
 1310 0643 DE020000 		.4byte	.LASF38
 1311 0647 09       		.byte	0x9
 1312 0648 27       		.byte	0x27
 1313 0649 15       		.uleb128 0x15
 1314 064a DF000000 		.4byte	.LASF39
 1315 064e DF000000 		.4byte	.LASF39
 1316 0652 0A       		.byte	0xa
 1317 0653 17       		.byte	0x17
 1318 0654 15       		.uleb128 0x15
 1319 0655 23030000 		.4byte	.LASF40
 1320 0659 23030000 		.4byte	.LASF40
 1321 065d 0A       		.byte	0xa
 1322 065e 25       		.byte	0x25
 1323 065f 15       		.uleb128 0x15
 1324 0660 21000000 		.4byte	.LASF41
ARM GAS  C:\Users\HPz420\AppData\Local\Temp\ccYC8MpV.s 			page 30


 1325 0664 21000000 		.4byte	.LASF41
 1326 0668 0B       		.byte	0xb
 1327 0669 38       		.byte	0x38
 1328 066a 15       		.uleb128 0x15
 1329 066b A4030000 		.4byte	.LASF42
 1330 066f A4030000 		.4byte	.LASF42
 1331 0673 0C       		.byte	0xc
 1332 0674 44       		.byte	0x44
 1333 0675 15       		.uleb128 0x15
 1334 0676 76010000 		.4byte	.LASF43
 1335 067a 76010000 		.4byte	.LASF43
 1336 067e 0D       		.byte	0xd
 1337 067f 30       		.byte	0x30
 1338 0680 15       		.uleb128 0x15
 1339 0681 B4030000 		.4byte	.LASF44
 1340 0685 B4030000 		.4byte	.LASF44
 1341 0689 0E       		.byte	0xe
 1342 068a 1E       		.byte	0x1e
 1343 068b 15       		.uleb128 0x15
 1344 068c 56010000 		.4byte	.LASF45
 1345 0690 56010000 		.4byte	.LASF45
 1346 0694 0F       		.byte	0xf
 1347 0695 12       		.byte	0x12
 1348 0696 15       		.uleb128 0x15
 1349 0697 67010000 		.4byte	.LASF46
 1350 069b 67010000 		.4byte	.LASF46
 1351 069f 10       		.byte	0x10
 1352 06a0 1C       		.byte	0x1c
 1353 06a1 15       		.uleb128 0x15
 1354 06a2 44020000 		.4byte	.LASF47
 1355 06a6 44020000 		.4byte	.LASF47
 1356 06aa 11       		.byte	0x11
 1357 06ab 19       		.byte	0x19
 1358 06ac 15       		.uleb128 0x15
 1359 06ad 1C010000 		.4byte	.LASF48
 1360 06b1 1C010000 		.4byte	.LASF48
 1361 06b5 12       		.byte	0x12
 1362 06b6 1F       		.byte	0x1f
 1363 06b7 15       		.uleb128 0x15
 1364 06b8 E1010000 		.4byte	.LASF49
 1365 06bc E1010000 		.4byte	.LASF49
 1366 06c0 13       		.byte	0x13
 1367 06c1 27       		.byte	0x27
 1368 06c2 15       		.uleb128 0x15
 1369 06c3 3D000000 		.4byte	.LASF50
 1370 06c7 3D000000 		.4byte	.LASF50
 1371 06cb 06       		.byte	0x6
 1372 06cc 32       		.byte	0x32
 1373 06cd 15       		.uleb128 0x15
 1374 06ce AC020000 		.4byte	.LASF51
 1375 06d2 AC020000 		.4byte	.LASF51
 1376 06d6 13       		.byte	0x13
 1377 06d7 29       		.byte	0x29
 1378 06d8 15       		.uleb128 0x15
 1379 06d9 13000000 		.4byte	.LASF52
 1380 06dd 13000000 		.4byte	.LASF52
 1381 06e1 0C       		.byte	0xc
ARM GAS  C:\Users\HPz420\AppData\Local\Temp\ccYC8MpV.s 			page 31


 1382 06e2 45       		.byte	0x45
 1383 06e3 15       		.uleb128 0x15
 1384 06e4 C2040000 		.4byte	.LASF53
 1385 06e8 C2040000 		.4byte	.LASF53
 1386 06ec 06       		.byte	0x6
 1387 06ed 33       		.byte	0x33
 1388 06ee 15       		.uleb128 0x15
 1389 06ef 7F020000 		.4byte	.LASF54
 1390 06f3 7F020000 		.4byte	.LASF54
 1391 06f7 14       		.byte	0x14
 1392 06f8 E7       		.byte	0xe7
 1393 06f9 14       		.uleb128 0x14
 1394 06fa C2010000 		.4byte	.LASF55
 1395 06fe C2010000 		.4byte	.LASF55
 1396 0702 07       		.byte	0x7
 1397 0703 2E01     		.2byte	0x12e
 1398 0705 14       		.uleb128 0x14
 1399 0706 83010000 		.4byte	.LASF56
 1400 070a 83010000 		.4byte	.LASF56
 1401 070e 07       		.byte	0x7
 1402 070f 2D01     		.2byte	0x12d
 1403 0711 15       		.uleb128 0x15
 1404 0712 EA030000 		.4byte	.LASF57
 1405 0716 EA030000 		.4byte	.LASF57
 1406 071a 15       		.byte	0x15
 1407 071b 22       		.byte	0x22
 1408 071c 15       		.uleb128 0x15
 1409 071d AE040000 		.4byte	.LASF58
 1410 0721 AE040000 		.4byte	.LASF58
 1411 0725 15       		.byte	0x15
 1412 0726 29       		.byte	0x29
 1413 0727 15       		.uleb128 0x15
 1414 0728 36030000 		.4byte	.LASF59
 1415 072c 36030000 		.4byte	.LASF59
 1416 0730 15       		.byte	0x15
 1417 0731 2B       		.byte	0x2b
 1418 0732 15       		.uleb128 0x15
 1419 0733 AA010000 		.4byte	.LASF60
 1420 0737 AA010000 		.4byte	.LASF60
 1421 073b 11       		.byte	0x11
 1422 073c 16       		.byte	0x16
 1423 073d 15       		.uleb128 0x15
 1424 073e 48010000 		.4byte	.LASF61
 1425 0742 48010000 		.4byte	.LASF61
 1426 0746 11       		.byte	0x11
 1427 0747 17       		.byte	0x17
 1428 0748 15       		.uleb128 0x15
 1429 0749 F0000000 		.4byte	.LASF62
 1430 074d F0000000 		.4byte	.LASF62
 1431 0751 16       		.byte	0x16
 1432 0752 26       		.byte	0x26
 1433 0753 15       		.uleb128 0x15
 1434 0754 F2010000 		.4byte	.LASF63
 1435 0758 F2010000 		.4byte	.LASF63
 1436 075c 0A       		.byte	0xa
 1437 075d 23       		.byte	0x23
 1438 075e 15       		.uleb128 0x15
ARM GAS  C:\Users\HPz420\AppData\Local\Temp\ccYC8MpV.s 			page 32


 1439 075f F4020000 		.4byte	.LASF64
 1440 0763 F4020000 		.4byte	.LASF64
 1441 0767 06       		.byte	0x6
 1442 0768 36       		.byte	0x36
 1443 0769 15       		.uleb128 0x15
 1444 076a 00000000 		.4byte	.LASF65
 1445 076e 00000000 		.4byte	.LASF65
 1446 0772 15       		.byte	0x15
 1447 0773 28       		.byte	0x28
 1448 0774 15       		.uleb128 0x15
 1449 0775 1E020000 		.4byte	.LASF66
 1450 0779 1E020000 		.4byte	.LASF66
 1451 077d 17       		.byte	0x17
 1452 077e 1E       		.byte	0x1e
 1453 077f 15       		.uleb128 0x15
 1454 0780 CE000000 		.4byte	.LASF67
 1455 0784 CE000000 		.4byte	.LASF67
 1456 0788 17       		.byte	0x17
 1457 0789 1F       		.byte	0x1f
 1458 078a 15       		.uleb128 0x15
 1459 078b 6A030000 		.4byte	.LASF68
 1460 078f 6A030000 		.4byte	.LASF68
 1461 0793 15       		.byte	0x15
 1462 0794 23       		.byte	0x23
 1463 0795 00       		.byte	0
 1464              		.section	.debug_abbrev,"",%progbits
 1465              	.Ldebug_abbrev0:
 1466 0000 01       		.uleb128 0x1
 1467 0001 11       		.uleb128 0x11
 1468 0002 01       		.byte	0x1
 1469 0003 25       		.uleb128 0x25
 1470 0004 0E       		.uleb128 0xe
 1471 0005 13       		.uleb128 0x13
 1472 0006 0B       		.uleb128 0xb
 1473 0007 03       		.uleb128 0x3
 1474 0008 0E       		.uleb128 0xe
 1475 0009 1B       		.uleb128 0x1b
 1476 000a 0E       		.uleb128 0xe
 1477 000b 55       		.uleb128 0x55
 1478 000c 17       		.uleb128 0x17
 1479 000d 11       		.uleb128 0x11
 1480 000e 01       		.uleb128 0x1
 1481 000f 10       		.uleb128 0x10
 1482 0010 17       		.uleb128 0x17
 1483 0011 00       		.byte	0
 1484 0012 00       		.byte	0
 1485 0013 02       		.uleb128 0x2
 1486 0014 24       		.uleb128 0x24
 1487 0015 00       		.byte	0
 1488 0016 0B       		.uleb128 0xb
 1489 0017 0B       		.uleb128 0xb
 1490 0018 3E       		.uleb128 0x3e
 1491 0019 0B       		.uleb128 0xb
 1492 001a 03       		.uleb128 0x3
 1493 001b 0E       		.uleb128 0xe
 1494 001c 00       		.byte	0
 1495 001d 00       		.byte	0
ARM GAS  C:\Users\HPz420\AppData\Local\Temp\ccYC8MpV.s 			page 33


 1496 001e 03       		.uleb128 0x3
 1497 001f 16       		.uleb128 0x16
 1498 0020 00       		.byte	0
 1499 0021 03       		.uleb128 0x3
 1500 0022 0E       		.uleb128 0xe
 1501 0023 3A       		.uleb128 0x3a
 1502 0024 0B       		.uleb128 0xb
 1503 0025 3B       		.uleb128 0x3b
 1504 0026 0B       		.uleb128 0xb
 1505 0027 49       		.uleb128 0x49
 1506 0028 13       		.uleb128 0x13
 1507 0029 00       		.byte	0
 1508 002a 00       		.byte	0
 1509 002b 04       		.uleb128 0x4
 1510 002c 24       		.uleb128 0x24
 1511 002d 00       		.byte	0
 1512 002e 0B       		.uleb128 0xb
 1513 002f 0B       		.uleb128 0xb
 1514 0030 3E       		.uleb128 0x3e
 1515 0031 0B       		.uleb128 0xb
 1516 0032 03       		.uleb128 0x3
 1517 0033 08       		.uleb128 0x8
 1518 0034 00       		.byte	0
 1519 0035 00       		.byte	0
 1520 0036 05       		.uleb128 0x5
 1521 0037 16       		.uleb128 0x16
 1522 0038 00       		.byte	0
 1523 0039 03       		.uleb128 0x3
 1524 003a 0E       		.uleb128 0xe
 1525 003b 3A       		.uleb128 0x3a
 1526 003c 0B       		.uleb128 0xb
 1527 003d 3B       		.uleb128 0x3b
 1528 003e 05       		.uleb128 0x5
 1529 003f 49       		.uleb128 0x49
 1530 0040 13       		.uleb128 0x13
 1531 0041 00       		.byte	0
 1532 0042 00       		.byte	0
 1533 0043 06       		.uleb128 0x6
 1534 0044 35       		.uleb128 0x35
 1535 0045 00       		.byte	0
 1536 0046 49       		.uleb128 0x49
 1537 0047 13       		.uleb128 0x13
 1538 0048 00       		.byte	0
 1539 0049 00       		.byte	0
 1540 004a 07       		.uleb128 0x7
 1541 004b 2E       		.uleb128 0x2e
 1542 004c 01       		.byte	0x1
 1543 004d 3F       		.uleb128 0x3f
 1544 004e 19       		.uleb128 0x19
 1545 004f 03       		.uleb128 0x3
 1546 0050 0E       		.uleb128 0xe
 1547 0051 3A       		.uleb128 0x3a
 1548 0052 0B       		.uleb128 0xb
 1549 0053 3B       		.uleb128 0x3b
 1550 0054 0B       		.uleb128 0xb
 1551 0055 27       		.uleb128 0x27
 1552 0056 19       		.uleb128 0x19
ARM GAS  C:\Users\HPz420\AppData\Local\Temp\ccYC8MpV.s 			page 34


 1553 0057 49       		.uleb128 0x49
 1554 0058 13       		.uleb128 0x13
 1555 0059 11       		.uleb128 0x11
 1556 005a 01       		.uleb128 0x1
 1557 005b 12       		.uleb128 0x12
 1558 005c 06       		.uleb128 0x6
 1559 005d 40       		.uleb128 0x40
 1560 005e 18       		.uleb128 0x18
 1561 005f 9742     		.uleb128 0x2117
 1562 0061 19       		.uleb128 0x19
 1563 0062 01       		.uleb128 0x1
 1564 0063 13       		.uleb128 0x13
 1565 0064 00       		.byte	0
 1566 0065 00       		.byte	0
 1567 0066 08       		.uleb128 0x8
 1568 0067 34       		.uleb128 0x34
 1569 0068 00       		.byte	0
 1570 0069 03       		.uleb128 0x3
 1571 006a 0E       		.uleb128 0xe
 1572 006b 3A       		.uleb128 0x3a
 1573 006c 0B       		.uleb128 0xb
 1574 006d 3B       		.uleb128 0x3b
 1575 006e 0B       		.uleb128 0xb
 1576 006f 49       		.uleb128 0x49
 1577 0070 13       		.uleb128 0x13
 1578 0071 02       		.uleb128 0x2
 1579 0072 17       		.uleb128 0x17
 1580 0073 00       		.byte	0
 1581 0074 00       		.byte	0
 1582 0075 09       		.uleb128 0x9
 1583 0076 898201   		.uleb128 0x4109
 1584 0079 01       		.byte	0x1
 1585 007a 11       		.uleb128 0x11
 1586 007b 01       		.uleb128 0x1
 1587 007c 31       		.uleb128 0x31
 1588 007d 13       		.uleb128 0x13
 1589 007e 01       		.uleb128 0x1
 1590 007f 13       		.uleb128 0x13
 1591 0080 00       		.byte	0
 1592 0081 00       		.byte	0
 1593 0082 0A       		.uleb128 0xa
 1594 0083 8A8201   		.uleb128 0x410a
 1595 0086 00       		.byte	0
 1596 0087 02       		.uleb128 0x2
 1597 0088 18       		.uleb128 0x18
 1598 0089 9142     		.uleb128 0x2111
 1599 008b 18       		.uleb128 0x18
 1600 008c 00       		.byte	0
 1601 008d 00       		.byte	0
 1602 008e 0B       		.uleb128 0xb
 1603 008f 898201   		.uleb128 0x4109
 1604 0092 00       		.byte	0
 1605 0093 11       		.uleb128 0x11
 1606 0094 01       		.uleb128 0x1
 1607 0095 31       		.uleb128 0x31
 1608 0096 13       		.uleb128 0x13
 1609 0097 00       		.byte	0
ARM GAS  C:\Users\HPz420\AppData\Local\Temp\ccYC8MpV.s 			page 35


 1610 0098 00       		.byte	0
 1611 0099 0C       		.uleb128 0xc
 1612 009a 2E       		.uleb128 0x2e
 1613 009b 01       		.byte	0x1
 1614 009c 3F       		.uleb128 0x3f
 1615 009d 19       		.uleb128 0x19
 1616 009e 03       		.uleb128 0x3
 1617 009f 0E       		.uleb128 0xe
 1618 00a0 3A       		.uleb128 0x3a
 1619 00a1 0B       		.uleb128 0xb
 1620 00a2 3B       		.uleb128 0x3b
 1621 00a3 0B       		.uleb128 0xb
 1622 00a4 27       		.uleb128 0x27
 1623 00a5 19       		.uleb128 0x19
 1624 00a6 49       		.uleb128 0x49
 1625 00a7 13       		.uleb128 0x13
 1626 00a8 8701     		.uleb128 0x87
 1627 00aa 19       		.uleb128 0x19
 1628 00ab 11       		.uleb128 0x11
 1629 00ac 01       		.uleb128 0x1
 1630 00ad 12       		.uleb128 0x12
 1631 00ae 06       		.uleb128 0x6
 1632 00af 40       		.uleb128 0x40
 1633 00b0 18       		.uleb128 0x18
 1634 00b1 9742     		.uleb128 0x2117
 1635 00b3 19       		.uleb128 0x19
 1636 00b4 01       		.uleb128 0x1
 1637 00b5 13       		.uleb128 0x13
 1638 00b6 00       		.byte	0
 1639 00b7 00       		.byte	0
 1640 00b8 0D       		.uleb128 0xd
 1641 00b9 34       		.uleb128 0x34
 1642 00ba 00       		.byte	0
 1643 00bb 03       		.uleb128 0x3
 1644 00bc 0E       		.uleb128 0xe
 1645 00bd 3A       		.uleb128 0x3a
 1646 00be 0B       		.uleb128 0xb
 1647 00bf 3B       		.uleb128 0x3b
 1648 00c0 0B       		.uleb128 0xb
 1649 00c1 49       		.uleb128 0x49
 1650 00c2 13       		.uleb128 0x13
 1651 00c3 02       		.uleb128 0x2
 1652 00c4 18       		.uleb128 0x18
 1653 00c5 00       		.byte	0
 1654 00c6 00       		.byte	0
 1655 00c7 0E       		.uleb128 0xe
 1656 00c8 0B       		.uleb128 0xb
 1657 00c9 01       		.byte	0x1
 1658 00ca 11       		.uleb128 0x11
 1659 00cb 01       		.uleb128 0x1
 1660 00cc 12       		.uleb128 0x12
 1661 00cd 06       		.uleb128 0x6
 1662 00ce 01       		.uleb128 0x1
 1663 00cf 13       		.uleb128 0x13
 1664 00d0 00       		.byte	0
 1665 00d1 00       		.byte	0
 1666 00d2 0F       		.uleb128 0xf
ARM GAS  C:\Users\HPz420\AppData\Local\Temp\ccYC8MpV.s 			page 36


 1667 00d3 01       		.uleb128 0x1
 1668 00d4 01       		.byte	0x1
 1669 00d5 49       		.uleb128 0x49
 1670 00d6 13       		.uleb128 0x13
 1671 00d7 01       		.uleb128 0x1
 1672 00d8 13       		.uleb128 0x13
 1673 00d9 00       		.byte	0
 1674 00da 00       		.byte	0
 1675 00db 10       		.uleb128 0x10
 1676 00dc 21       		.uleb128 0x21
 1677 00dd 00       		.byte	0
 1678 00de 49       		.uleb128 0x49
 1679 00df 13       		.uleb128 0x13
 1680 00e0 2F       		.uleb128 0x2f
 1681 00e1 0B       		.uleb128 0xb
 1682 00e2 00       		.byte	0
 1683 00e3 00       		.byte	0
 1684 00e4 11       		.uleb128 0x11
 1685 00e5 34       		.uleb128 0x34
 1686 00e6 00       		.byte	0
 1687 00e7 03       		.uleb128 0x3
 1688 00e8 0E       		.uleb128 0xe
 1689 00e9 3A       		.uleb128 0x3a
 1690 00ea 0B       		.uleb128 0xb
 1691 00eb 3B       		.uleb128 0x3b
 1692 00ec 05       		.uleb128 0x5
 1693 00ed 49       		.uleb128 0x49
 1694 00ee 13       		.uleb128 0x13
 1695 00ef 3F       		.uleb128 0x3f
 1696 00f0 19       		.uleb128 0x19
 1697 00f1 3C       		.uleb128 0x3c
 1698 00f2 19       		.uleb128 0x19
 1699 00f3 00       		.byte	0
 1700 00f4 00       		.byte	0
 1701 00f5 12       		.uleb128 0x12
 1702 00f6 34       		.uleb128 0x34
 1703 00f7 00       		.byte	0
 1704 00f8 03       		.uleb128 0x3
 1705 00f9 0E       		.uleb128 0xe
 1706 00fa 3A       		.uleb128 0x3a
 1707 00fb 0B       		.uleb128 0xb
 1708 00fc 3B       		.uleb128 0x3b
 1709 00fd 0B       		.uleb128 0xb
 1710 00fe 49       		.uleb128 0x49
 1711 00ff 13       		.uleb128 0x13
 1712 0100 3F       		.uleb128 0x3f
 1713 0101 19       		.uleb128 0x19
 1714 0102 3C       		.uleb128 0x3c
 1715 0103 19       		.uleb128 0x19
 1716 0104 00       		.byte	0
 1717 0105 00       		.byte	0
 1718 0106 13       		.uleb128 0x13
 1719 0107 34       		.uleb128 0x34
 1720 0108 00       		.byte	0
 1721 0109 03       		.uleb128 0x3
 1722 010a 0E       		.uleb128 0xe
 1723 010b 3A       		.uleb128 0x3a
ARM GAS  C:\Users\HPz420\AppData\Local\Temp\ccYC8MpV.s 			page 37


 1724 010c 0B       		.uleb128 0xb
 1725 010d 3B       		.uleb128 0x3b
 1726 010e 0B       		.uleb128 0xb
 1727 010f 49       		.uleb128 0x49
 1728 0110 13       		.uleb128 0x13
 1729 0111 3F       		.uleb128 0x3f
 1730 0112 19       		.uleb128 0x19
 1731 0113 02       		.uleb128 0x2
 1732 0114 18       		.uleb128 0x18
 1733 0115 00       		.byte	0
 1734 0116 00       		.byte	0
 1735 0117 14       		.uleb128 0x14
 1736 0118 2E       		.uleb128 0x2e
 1737 0119 00       		.byte	0
 1738 011a 3F       		.uleb128 0x3f
 1739 011b 19       		.uleb128 0x19
 1740 011c 3C       		.uleb128 0x3c
 1741 011d 19       		.uleb128 0x19
 1742 011e 6E       		.uleb128 0x6e
 1743 011f 0E       		.uleb128 0xe
 1744 0120 03       		.uleb128 0x3
 1745 0121 0E       		.uleb128 0xe
 1746 0122 3A       		.uleb128 0x3a
 1747 0123 0B       		.uleb128 0xb
 1748 0124 3B       		.uleb128 0x3b
 1749 0125 05       		.uleb128 0x5
 1750 0126 00       		.byte	0
 1751 0127 00       		.byte	0
 1752 0128 15       		.uleb128 0x15
 1753 0129 2E       		.uleb128 0x2e
 1754 012a 00       		.byte	0
 1755 012b 3F       		.uleb128 0x3f
 1756 012c 19       		.uleb128 0x19
 1757 012d 3C       		.uleb128 0x3c
 1758 012e 19       		.uleb128 0x19
 1759 012f 6E       		.uleb128 0x6e
 1760 0130 0E       		.uleb128 0xe
 1761 0131 03       		.uleb128 0x3
 1762 0132 0E       		.uleb128 0xe
 1763 0133 3A       		.uleb128 0x3a
 1764 0134 0B       		.uleb128 0xb
 1765 0135 3B       		.uleb128 0x3b
 1766 0136 0B       		.uleb128 0xb
 1767 0137 00       		.byte	0
 1768 0138 00       		.byte	0
 1769 0139 00       		.byte	0
 1770              		.section	.debug_loc,"",%progbits
 1771              	.Ldebug_loc0:
 1772              	.LLST0:
 1773 0000 54000000 		.4byte	.LVL16
 1774 0004 56000000 		.4byte	.LVL17
 1775 0008 0100     		.2byte	0x1
 1776 000a 50       		.byte	0x50
 1777 000b 56000000 		.4byte	.LVL17
 1778 000f 68000000 		.4byte	.LVL21
 1779 0013 0100     		.2byte	0x1
 1780 0015 54       		.byte	0x54
ARM GAS  C:\Users\HPz420\AppData\Local\Temp\ccYC8MpV.s 			page 38


 1781 0016 00000000 		.4byte	0
 1782 001a 00000000 		.4byte	0
 1783              	.LLST1:
 1784 001e 02000000 		.4byte	.LVL0
 1785 0022 66000000 		.4byte	.LVL20
 1786 0026 0200     		.2byte	0x2
 1787 0028 30       		.byte	0x30
 1788 0029 9F       		.byte	0x9f
 1789 002a 66000000 		.4byte	.LVL20
 1790 002e 74000000 		.4byte	.LFE64
 1791 0032 0100     		.2byte	0x1
 1792 0034 50       		.byte	0x50
 1793 0035 00000000 		.4byte	0
 1794 0039 00000000 		.4byte	0
 1795              	.LLST2:
 1796 003d 04000000 		.4byte	.LVL22
 1797 0041 10000000 		.4byte	.LVL24
 1798 0045 0200     		.2byte	0x2
 1799 0047 30       		.byte	0x30
 1800 0048 9F       		.byte	0x9f
 1801 0049 10000000 		.4byte	.LVL24
 1802 004d 54000000 		.4byte	.LVL33
 1803 0051 0100     		.2byte	0x1
 1804 0053 54       		.byte	0x54
 1805 0054 54000000 		.4byte	.LVL33
 1806 0058 56000000 		.4byte	.LVL34
 1807 005c 0200     		.2byte	0x2
 1808 005e 30       		.byte	0x30
 1809 005f 9F       		.byte	0x9f
 1810 0060 56000000 		.4byte	.LVL34
 1811 0064 70000000 		.4byte	.LVL39
 1812 0068 0100     		.2byte	0x1
 1813 006a 54       		.byte	0x54
 1814 006b 72000000 		.4byte	.LVL40
 1815 006f 8E000000 		.4byte	.LVL45
 1816 0073 0100     		.2byte	0x1
 1817 0075 54       		.byte	0x54
 1818 0076 8E000000 		.4byte	.LVL45
 1819 007a 1C020000 		.4byte	.LFE65
 1820 007e 0200     		.2byte	0x2
 1821 0080 30       		.byte	0x30
 1822 0081 9F       		.byte	0x9f
 1823 0082 00000000 		.4byte	0
 1824 0086 00000000 		.4byte	0
 1825              	.LLST3:
 1826 008a 04000000 		.4byte	.LVL22
 1827 008e 10000000 		.4byte	.LVL24
 1828 0092 0200     		.2byte	0x2
 1829 0094 30       		.byte	0x30
 1830 0095 9F       		.byte	0x9f
 1831 0096 10000000 		.4byte	.LVL24
 1832 009a 6C000000 		.4byte	.LVL37
 1833 009e 0100     		.2byte	0x1
 1834 00a0 55       		.byte	0x55
 1835 00a1 6E000000 		.4byte	.LVL38
 1836 00a5 8E000000 		.4byte	.LVL45
 1837 00a9 0100     		.2byte	0x1
ARM GAS  C:\Users\HPz420\AppData\Local\Temp\ccYC8MpV.s 			page 39


 1838 00ab 55       		.byte	0x55
 1839 00ac 8E000000 		.4byte	.LVL45
 1840 00b0 1C020000 		.4byte	.LFE65
 1841 00b4 0200     		.2byte	0x2
 1842 00b6 30       		.byte	0x30
 1843 00b7 9F       		.byte	0x9f
 1844 00b8 00000000 		.4byte	0
 1845 00bc 00000000 		.4byte	0
 1846              	.LLST4:
 1847 00c0 08000000 		.4byte	.LVL23
 1848 00c4 10000000 		.4byte	.LVL24
 1849 00c8 0100     		.2byte	0x1
 1850 00ca 50       		.byte	0x50
 1851 00cb 8E000000 		.4byte	.LVL45
 1852 00cf 90000000 		.4byte	.LVL46
 1853 00d3 0100     		.2byte	0x1
 1854 00d5 50       		.byte	0x50
 1855 00d6 00000000 		.4byte	0
 1856 00da 00000000 		.4byte	0
 1857              	.LLST5:
 1858 00de BC000000 		.4byte	.LVL53
 1859 00e2 BC010000 		.4byte	.LVL84
 1860 00e6 0100     		.2byte	0x1
 1861 00e8 54       		.byte	0x54
 1862 00e9 00000000 		.4byte	0
 1863 00ed 00000000 		.4byte	0
 1864              	.LLST6:
 1865 00f1 04000000 		.4byte	.LVL22
 1866 00f5 90000000 		.4byte	.LVL46
 1867 00f9 0200     		.2byte	0x2
 1868 00fb 30       		.byte	0x30
 1869 00fc 9F       		.byte	0x9f
 1870 00fd 90000000 		.4byte	.LVL46
 1871 0101 E4000000 		.4byte	.LVL56
 1872 0105 0100     		.2byte	0x1
 1873 0107 55       		.byte	0x55
 1874 0108 E4000000 		.4byte	.LVL56
 1875 010c F2000000 		.4byte	.LVL58
 1876 0110 0400     		.2byte	0x4
 1877 0112 0A       		.byte	0xa
 1878 0113 0040     		.2byte	0x4000
 1879 0115 9F       		.byte	0x9f
 1880 0116 F2000000 		.4byte	.LVL58
 1881 011a FC000000 		.4byte	.LVL59
 1882 011e 0100     		.2byte	0x1
 1883 0120 55       		.byte	0x55
 1884 0121 FC000000 		.4byte	.LVL59
 1885 0125 06010000 		.4byte	.LVL61
 1886 0129 0200     		.2byte	0x2
 1887 012b 30       		.byte	0x30
 1888 012c 9F       		.byte	0x9f
 1889 012d 06010000 		.4byte	.LVL61
 1890 0131 1C020000 		.4byte	.LFE65
 1891 0135 0100     		.2byte	0x1
 1892 0137 55       		.byte	0x55
 1893 0138 00000000 		.4byte	0
 1894 013c 00000000 		.4byte	0
ARM GAS  C:\Users\HPz420\AppData\Local\Temp\ccYC8MpV.s 			page 40


 1895              		.section	.debug_aranges,"",%progbits
 1896 0000 24000000 		.4byte	0x24
 1897 0004 0200     		.2byte	0x2
 1898 0006 00000000 		.4byte	.Ldebug_info0
 1899 000a 04       		.byte	0x4
 1900 000b 00       		.byte	0
 1901 000c 0000     		.2byte	0
 1902 000e 0000     		.2byte	0
 1903 0010 00000000 		.4byte	.LFB64
 1904 0014 74000000 		.4byte	.LFE64-.LFB64
 1905 0018 00000000 		.4byte	.LFB65
 1906 001c 1C020000 		.4byte	.LFE65-.LFB65
 1907 0020 00000000 		.4byte	0
 1908 0024 00000000 		.4byte	0
 1909              		.section	.debug_ranges,"",%progbits
 1910              	.Ldebug_ranges0:
 1911 0000 00000000 		.4byte	.LFB64
 1912 0004 74000000 		.4byte	.LFE64
 1913 0008 00000000 		.4byte	.LFB65
 1914 000c 1C020000 		.4byte	.LFE65
 1915 0010 00000000 		.4byte	0
 1916 0014 00000000 		.4byte	0
 1917              		.section	.debug_line,"",%progbits
 1918              	.Ldebug_line0:
 1919 0000 A2030000 		.section	.debug_str,"MS",%progbits,1
 1919      0200EB02 
 1919      00000201 
 1919      FB0E0D00 
 1919      01010101 
 1920              	.LASF65:
 1921 0000 55534255 		.ascii	"USBUART_CDCIsReady\000"
 1921      4152545F 
 1921      43444349 
 1921      73526561 
 1921      647900
 1922              	.LASF52:
 1923 0013 72756E46 		.ascii	"runFrontPanel\000"
 1923      726F6E74 
 1923      50616E65 
 1923      6C00
 1924              	.LASF41:
 1925 0021 696E6974 		.ascii	"init_PIO\000"
 1925      5F50494F 
 1925      00
 1926              	.LASF23:
 1927 002a 696E4275 		.ascii	"inBuffer\000"
 1927      66666572 
 1927      00
 1928              	.LASF2:
 1929 0033 73686F72 		.ascii	"short int\000"
 1929      7420696E 
 1929      7400
 1930              	.LASF50:
 1931 003d 506F7374 		.ascii	"PostLed\000"
 1931      4C656400 
 1932              	.LASF19:
 1933 0045 73697A65 		.ascii	"sizetype\000"
ARM GAS  C:\Users\HPz420\AppData\Local\Temp\ccYC8MpV.s 			page 41


 1933      74797065 
 1933      00
 1934              	.LASF71:
 1935 004e 433A5C55 		.ascii	"C:\\Users\\HPz420\\Documents\\GitHub\\Doug Gillilan"
 1935      73657273 
 1935      5C48507A 
 1935      3432305C 
 1935      446F6375 
 1936 007c 645C5265 		.ascii	"d\\Retro-Computers\\Z80\\PSOC\\PSOC_Design_Files\\Z"
 1936      74726F2D 
 1936      436F6D70 
 1936      75746572 
 1936      735C5A38 
 1937 00aa 38302D50 		.ascii	"80-PSoC-3-Chips_002\\Z80_3Chip.cydsn\000"
 1937      536F432D 
 1937      332D4368 
 1937      6970735F 
 1937      3030325C 
 1938              	.LASF67:
 1939 00ce 77726974 		.ascii	"writeSDCard\000"
 1939      65534443 
 1939      61726400 
 1940              	.LASF73:
 1941 00da 6D61696E 		.ascii	"main\000"
 1941      00
 1942              	.LASF39:
 1943 00df 49324349 		.ascii	"I2CINT_ISR_Start\000"
 1943      4E545F49 
 1943      53525F53 
 1943      74617274 
 1943      00
 1944              	.LASF62:
 1945 00f0 48616E64 		.ascii	"HandleZ80IO\000"
 1945      6C655A38 
 1945      30494F00 
 1946              	.LASF35:
 1947 00fc 55534255 		.ascii	"USBUART_Start\000"
 1947      4152545F 
 1947      53746172 
 1947      7400
 1948              	.LASF21:
 1949 010a 5A383052 		.ascii	"Z80Running\000"
 1949      756E6E69 
 1949      6E6700
 1950              	.LASF12:
 1951 0115 75696E74 		.ascii	"uint16\000"
 1951      313600
 1952              	.LASF48:
 1953 011c 696E6974 		.ascii	"initM6850_2_StatusRegister\000"
 1953      4D363835 
 1953      305F325F 
 1953      53746174 
 1953      75735265 
 1954              	.LASF11:
 1955 0137 75696E74 		.ascii	"uint8\000"
 1955      3800
 1956              	.LASF28:
ARM GAS  C:\Users\HPz420\AppData\Local\Temp\ccYC8MpV.s 			page 42


 1957 013d 6C696E65 		.ascii	"lineString\000"
 1957      53747269 
 1957      6E6700
 1958              	.LASF61:
 1959 0148 73656E64 		.ascii	"sendCharToZ80\000"
 1959      43686172 
 1959      546F5A38 
 1959      3000
 1960              	.LASF45:
 1961 0156 696E6974 		.ascii	"init_DAC\000"
 1961      5F444143 
 1961      00
 1962              	.LASF20:
 1963 015f 706F7374 		.ascii	"postVal\000"
 1963      56616C00 
 1964              	.LASF46:
 1965 0167 696E6974 		.ascii	"init_mem_map_4\000"
 1965      5F6D656D 
 1965      5F6D6170 
 1965      5F3400
 1966              	.LASF43:
 1967 0176 5344496E 		.ascii	"SDInit\000"
 1967      697400
 1968              	.LASF14:
 1969 017d 666C6F61 		.ascii	"float\000"
 1969      7400
 1970              	.LASF56:
 1971 0183 55534255 		.ascii	"USBUART_GetConfiguration\000"
 1971      4152545F 
 1971      47657443 
 1971      6F6E6669 
 1971      67757261 
 1972              	.LASF6:
 1973 019c 6C6F6E67 		.ascii	"long long int\000"
 1973      206C6F6E 
 1973      6720696E 
 1973      7400
 1974              	.LASF60:
 1975 01aa 63686563 		.ascii	"checkSerialReceiverBusy\000"
 1975      6B536572 
 1975      69616C52 
 1975      65636569 
 1975      76657242 
 1976              	.LASF55:
 1977 01c2 55534255 		.ascii	"USBUART_IsConfigurationChanged\000"
 1977      4152545F 
 1977      4973436F 
 1977      6E666967 
 1977      75726174 
 1978              	.LASF49:
 1979 01e1 54657374 		.ascii	"TestSRAM\000"
 1979      5352414D 
 1979      00
 1980              	.LASF26:
 1981 01ea 696E436F 		.ascii	"inCount\000"
 1981      756E7400 
 1982              	.LASF63:
ARM GAS  C:\Users\HPz420\AppData\Local\Temp\ccYC8MpV.s 			page 43


 1983 01f2 49324349 		.ascii	"I2CINT_ISR_Enable\000"
 1983      4E545F49 
 1983      53525F45 
 1983      6E61626C 
 1983      6500
 1984              	.LASF18:
 1985 0204 6C6F6E67 		.ascii	"long double\000"
 1985      20646F75 
 1985      626C6500 
 1986              	.LASF1:
 1987 0210 756E7369 		.ascii	"unsigned char\000"
 1987      676E6564 
 1987      20636861 
 1987      7200
 1988              	.LASF66:
 1989 021e 72656164 		.ascii	"readSDCard\000"
 1989      53444361 
 1989      726400
 1990              	.LASF25:
 1991 0229 75617274 		.ascii	"uartReadBufferOff\000"
 1991      52656164 
 1991      42756666 
 1991      65724F66 
 1991      6600
 1992              	.LASF32:
 1993 023b 6670496E 		.ascii	"fpIntVal\000"
 1993      7456616C 
 1993      00
 1994              	.LASF47:
 1995 0244 696E6974 		.ascii	"initM6850StatusRegister\000"
 1995      4D363835 
 1995      30537461 
 1995      74757352 
 1995      65676973 
 1996              	.LASF0:
 1997 025c 7369676E 		.ascii	"signed char\000"
 1997      65642063 
 1997      68617200 
 1998              	.LASF7:
 1999 0268 6C6F6E67 		.ascii	"long long unsigned int\000"
 1999      206C6F6E 
 1999      6720756E 
 1999      7369676E 
 1999      65642069 
 2000              	.LASF54:
 2001 027f 73707269 		.ascii	"sprintf\000"
 2001      6E746600 
 2002              	.LASF8:
 2003 0287 756E7369 		.ascii	"unsigned int\000"
 2003      676E6564 
 2003      20696E74 
 2003      00
 2004              	.LASF34:
 2005 0294 70696F42 		.ascii	"pioBIntVals\000"
 2005      496E7456 
 2005      616C7300 
 2006              	.LASF72:
ARM GAS  C:\Users\HPz420\AppData\Local\Temp\ccYC8MpV.s 			page 44


 2007 02a0 696E6974 		.ascii	"initZ80PSOC\000"
 2007      5A383050 
 2007      534F4300 
 2008              	.LASF51:
 2009 02ac 6C6F6164 		.ascii	"loadSRAM\000"
 2009      5352414D 
 2009      00
 2010              	.LASF3:
 2011 02b5 73686F72 		.ascii	"short unsigned int\000"
 2011      7420756E 
 2011      7369676E 
 2011      65642069 
 2011      6E7400
 2012              	.LASF16:
 2013 02c8 63686172 		.ascii	"char\000"
 2013      00
 2014              	.LASF4:
 2015 02cd 6C6F6E67 		.ascii	"long int\000"
 2015      20696E74 
 2015      00
 2016              	.LASF10:
 2017 02d6 696E7433 		.ascii	"int32_t\000"
 2017      325F7400 
 2018              	.LASF38:
 2019 02de 49324349 		.ascii	"I2CINT_n_SetDriveMode\000"
 2019      4E545F6E 
 2019      5F536574 
 2019      44726976 
 2019      654D6F64 
 2020              	.LASF64:
 2021 02f4 61646454 		.ascii	"addToReceiveBuffer\000"
 2021      6F526563 
 2021      65697665 
 2021      42756666 
 2021      657200
 2022              	.LASF24:
 2023 0307 75617274 		.ascii	"uartReadBuffer\000"
 2023      52656164 
 2023      42756666 
 2023      657200
 2024              	.LASF27:
 2025 0316 73656374 		.ascii	"sectorNumber\000"
 2025      6F724E75 
 2025      6D626572 
 2025      00
 2026              	.LASF40:
 2027 0323 49324349 		.ascii	"I2CINT_ISR_Disable\000"
 2027      4E545F49 
 2027      53525F44 
 2027      69736162 
 2027      6C6500
 2028              	.LASF59:
 2029 0336 55534255 		.ascii	"USBUART_GetAll\000"
 2029      4152545F 
 2029      47657441 
 2029      6C6C00
 2030              	.LASF13:
ARM GAS  C:\Users\HPz420\AppData\Local\Temp\ccYC8MpV.s 			page 45


 2031 0345 75696E74 		.ascii	"uint32\000"
 2031      333200
 2032              	.LASF70:
 2033 034c 6D61696E 		.ascii	"main.c\000"
 2033      2E6300
 2034              	.LASF17:
 2035 0353 72656738 		.ascii	"reg8\000"
 2035      00
 2036              	.LASF5:
 2037 0358 6C6F6E67 		.ascii	"long unsigned int\000"
 2037      20756E73 
 2037      69676E65 
 2037      6420696E 
 2037      7400
 2038              	.LASF68:
 2039 036a 55534255 		.ascii	"USBUART_PutData\000"
 2039      4152545F 
 2039      50757444 
 2039      61746100 
 2040              	.LASF15:
 2041 037a 646F7562 		.ascii	"double\000"
 2041      6C6500
 2042              	.LASF22:
 2043 0381 5553425F 		.ascii	"USB_To_Z80_RxBytes_count\000"
 2043      546F5F5A 
 2043      38305F52 
 2043      78427974 
 2043      65735F63 
 2044              	.LASF9:
 2045 039a 5F5F696E 		.ascii	"__int32_t\000"
 2045      7433325F 
 2045      7400
 2046              	.LASF42:
 2047 03a4 696E6974 		.ascii	"init_FrontPanel\000"
 2047      5F46726F 
 2047      6E745061 
 2047      6E656C00 
 2048              	.LASF44:
 2049 03b4 696E6974 		.ascii	"init_Z80_RTC\000"
 2049      5F5A3830 
 2049      5F525443 
 2049      00
 2050              	.LASF31:
 2051 03c1 676F7443 		.ascii	"gotCRorLF\000"
 2051      526F724C 
 2051      4600
 2052              	.LASF33:
 2053 03cb 70696F41 		.ascii	"pioAIntVals\000"
 2053      496E7456 
 2053      616C7300 
 2054              	.LASF36:
 2055 03d7 636C6561 		.ascii	"clearReceiveBuffer\000"
 2055      72526563 
 2055      65697665 
 2055      42756666 
 2055      657200
 2056              	.LASF57:
ARM GAS  C:\Users\HPz420\AppData\Local\Temp\ccYC8MpV.s 			page 46


 2057 03ea 55534255 		.ascii	"USBUART_CDC_Init\000"
 2057      4152545F 
 2057      4344435F 
 2057      496E6974 
 2057      00
 2058              	.LASF29:
 2059 03fb 49544D5F 		.ascii	"ITM_RxBuffer\000"
 2059      52784275 
 2059      66666572 
 2059      00
 2060              	.LASF69:
 2061 0408 474E5520 		.ascii	"GNU C11 5.4.1 20160609 (release) [ARM/embedded-5-br"
 2061      43313120 
 2061      352E342E 
 2061      31203230 
 2061      31363036 
 2062 043b 616E6368 		.ascii	"anch revision 237715] -mcpu=cortex-m3 -mthumb -g -O"
 2062      20726576 
 2062      6973696F 
 2062      6E203233 
 2062      37373135 
 2063 046e 67202D66 		.ascii	"g -ffunction-sections -ffat-lto-objects\000"
 2063      66756E63 
 2063      74696F6E 
 2063      2D736563 
 2063      74696F6E 
 2064              	.LASF37:
 2065 0496 4932435F 		.ascii	"I2C_Start\000"
 2065      53746172 
 2065      7400
 2066              	.LASF30:
 2067 04a0 72656365 		.ascii	"receiveBuffer\000"
 2067      69766542 
 2067      75666665 
 2067      7200
 2068              	.LASF58:
 2069 04ae 55534255 		.ascii	"USBUART_DataIsReady\000"
 2069      4152545F 
 2069      44617461 
 2069      49735265 
 2069      61647900 
 2070              	.LASF53:
 2071 04c2 70757453 		.ascii	"putStringToUSB\000"
 2071      7472696E 
 2071      67546F55 
 2071      534200
 2072              		.ident	"GCC: (GNU Tools for ARM Embedded Processors) 5.4.1 20160609 (release) [ARM/embedded-5-bran
