ARM GAS  C:\Users\HPz420\AppData\Local\Temp\ccbRsaMu.s 			page 1


   1              		.syntax unified
   2              		.cpu cortex-m3
   3              		.fpu softvfp
   4              		.eabi_attribute 20, 1
   5              		.eabi_attribute 21, 1
   6              		.eabi_attribute 23, 3
   7              		.eabi_attribute 24, 1
   8              		.eabi_attribute 25, 1
   9              		.eabi_attribute 26, 1
  10              		.eabi_attribute 30, 1
  11              		.eabi_attribute 34, 1
  12              		.eabi_attribute 18, 4
  13              		.thumb
  14              		.syntax unified
  15              		.file	"MCP23017.c"
  16              		.text
  17              	.Ltext0:
  18              		.cfi_sections	.debug_frame
  19              		.section	.text.readRegister_MCP23017,"ax",%progbits
  20              		.align	2
  21              		.global	readRegister_MCP23017
  22              		.thumb
  23              		.thumb_func
  24              		.type	readRegister_MCP23017, %function
  25              	readRegister_MCP23017:
  26              	.LFB63:
  27              		.file 1 "MCP23017.c"
   1:MCP23017.c    **** /* ========================================
   2:MCP23017.c    ****  *
   3:MCP23017.c    ****  * Copyright YOUR COMPANY, THE YEAR
   4:MCP23017.c    ****  * All Rights Reserved
   5:MCP23017.c    ****  * UNPUBLISHED, LICENSED SOFTWARE.
   6:MCP23017.c    ****  *
   7:MCP23017.c    ****  * CONFIDENTIAL AND PROPRIETARY INFORMATION
   8:MCP23017.c    ****  * WHICH IS THE PROPERTY OF your company.
   9:MCP23017.c    ****  *
  10:MCP23017.c    ****  * ========================================
  11:MCP23017.c    **** */
  12:MCP23017.c    **** 
  13:MCP23017.c    **** #include <project.h>
  14:MCP23017.c    **** #include <Z80_PSoC_3Chips.h>
  15:MCP23017.c    **** 
  16:MCP23017.c    **** 
  17:MCP23017.c    **** //////////////////////////////////////////////////////////////////////////////////////
  18:MCP23017.c    **** // I2C Low Level Hardware access functions
  19:MCP23017.c    **** 
  20:MCP23017.c    **** //////////////////////////////////////////////////////////////////////////////////////
  21:MCP23017.c    **** // uint8 readRegister_MCP23017(uint8 chipAddr, uint8 ctrlAdr) - Read MCP23017 register
  22:MCP23017.c    **** //////////////////////////////////////////////////////////////////////////////////////
  23:MCP23017.c    **** 
  24:MCP23017.c    **** uint8 readRegister_MCP23017(uint8 chipAddr, uint8 ctrlAdr)
  25:MCP23017.c    **** {
  28              		.loc 1 25 0
  29              		.cfi_startproc
  30              		@ args = 0, pretend = 0, frame = 0
  31              		@ frame_needed = 0, uses_anonymous_args = 0
  32              	.LVL0:
ARM GAS  C:\Users\HPz420\AppData\Local\Temp\ccbRsaMu.s 			page 2


  33 0000 38B5     		push	{r3, r4, r5, lr}
  34              		.cfi_def_cfa_offset 16
  35              		.cfi_offset 3, -16
  36              		.cfi_offset 4, -12
  37              		.cfi_offset 5, -8
  38              		.cfi_offset 14, -4
  39 0002 0446     		mov	r4, r0
  40 0004 0D46     		mov	r5, r1
  26:MCP23017.c    **** 	uint8 rdBuff;
  27:MCP23017.c    **** 
  28:MCP23017.c    **** 	I2C_MasterClearStatus();
  41              		.loc 1 28 0
  42 0006 FFF7FEFF 		bl	I2C_MasterClearStatus
  43              	.LVL1:
  29:MCP23017.c    **** 	I2C_MasterSendStart(chipAddr,I2C_WRITE_XFER_MODE);
  44              		.loc 1 29 0
  45 000a 0021     		movs	r1, #0
  46 000c 2046     		mov	r0, r4
  47 000e FFF7FEFF 		bl	I2C_MasterSendStart
  48              	.LVL2:
  30:MCP23017.c    **** 	I2C_MasterWriteByte(ctrlAdr);
  49              		.loc 1 30 0
  50 0012 2846     		mov	r0, r5
  51 0014 FFF7FEFF 		bl	I2C_MasterWriteByte
  52              	.LVL3:
  31:MCP23017.c    **** 	I2C_MasterSendStop();
  53              		.loc 1 31 0
  54 0018 FFF7FEFF 		bl	I2C_MasterSendStop
  55              	.LVL4:
  32:MCP23017.c    **** 	I2C_MasterSendStart(chipAddr,I2C_READ_XFER_MODE);
  56              		.loc 1 32 0
  57 001c 0121     		movs	r1, #1
  58 001e 2046     		mov	r0, r4
  59 0020 FFF7FEFF 		bl	I2C_MasterSendStart
  60              	.LVL5:
  33:MCP23017.c    **** 	rdBuff = I2C_MasterReadByte(I2C_NAK_DATA);
  61              		.loc 1 33 0
  62 0024 0020     		movs	r0, #0
  63 0026 FFF7FEFF 		bl	I2C_MasterReadByte
  64              	.LVL6:
  65 002a 0446     		mov	r4, r0
  66              	.LVL7:
  34:MCP23017.c    **** 	I2C_MasterSendStop();
  67              		.loc 1 34 0
  68 002c FFF7FEFF 		bl	I2C_MasterSendStop
  69              	.LVL8:
  35:MCP23017.c    **** 	I2C_MasterClearStatus();
  70              		.loc 1 35 0
  71 0030 FFF7FEFF 		bl	I2C_MasterClearStatus
  72              	.LVL9:
  36:MCP23017.c    **** 	return rdBuff;
  37:MCP23017.c    **** 
  38:MCP23017.c    **** }
  73              		.loc 1 38 0
  74 0034 2046     		mov	r0, r4
  75 0036 38BD     		pop	{r3, r4, r5, pc}
  76              		.cfi_endproc
ARM GAS  C:\Users\HPz420\AppData\Local\Temp\ccbRsaMu.s 			page 3


  77              	.LFE63:
  78              		.size	readRegister_MCP23017, .-readRegister_MCP23017
  79              		.section	.text.writeRegister_MCP23017,"ax",%progbits
  80              		.align	2
  81              		.global	writeRegister_MCP23017
  82              		.thumb
  83              		.thumb_func
  84              		.type	writeRegister_MCP23017, %function
  85              	writeRegister_MCP23017:
  86              	.LFB64:
  39:MCP23017.c    **** 
  40:MCP23017.c    **** //////////////////////////////////////////////////////////////////////////////////////
  41:MCP23017.c    **** //void writeRegister_MCP23017(uint8 chipAddr, uint8 ctrlAdr, uint8 ctrlVal) - Write
  42:MCP23017.c    **** // to an MCP23017 register
  43:MCP23017.c    **** //////////////////////////////////////////////////////////////////////////////////////
  44:MCP23017.c    **** 
  45:MCP23017.c    **** void writeRegister_MCP23017(uint8 chipAddr, uint8 ctrlAdr, uint8 ctrlVal)
  46:MCP23017.c    **** {
  87              		.loc 1 46 0
  88              		.cfi_startproc
  89              		@ args = 0, pretend = 0, frame = 8
  90              		@ frame_needed = 0, uses_anonymous_args = 0
  91              	.LVL10:
  92 0000 70B5     		push	{r4, r5, r6, lr}
  93              		.cfi_def_cfa_offset 16
  94              		.cfi_offset 4, -16
  95              		.cfi_offset 5, -12
  96              		.cfi_offset 6, -8
  97              		.cfi_offset 14, -4
  98 0002 82B0     		sub	sp, sp, #8
  99              		.cfi_def_cfa_offset 24
 100 0004 0446     		mov	r4, r0
 101 0006 0E46     		mov	r6, r1
 102 0008 1546     		mov	r5, r2
  47:MCP23017.c    **** 	uint8 MCP23017_WrBuffer[2];
  48:MCP23017.c    **** 	I2C_MasterClearStatus();
 103              		.loc 1 48 0
 104 000a FFF7FEFF 		bl	I2C_MasterClearStatus
 105              	.LVL11:
  49:MCP23017.c    **** 	MCP23017_WrBuffer[0] = ctrlAdr;
 106              		.loc 1 49 0
 107 000e 8DF80460 		strb	r6, [sp, #4]
  50:MCP23017.c    **** 	MCP23017_WrBuffer[1] = ctrlVal;
 108              		.loc 1 50 0
 109 0012 8DF80550 		strb	r5, [sp, #5]
  51:MCP23017.c    **** 	I2C_MasterWriteBuf(chipAddr, MCP23017_WrBuffer, 2, I2C_MODE_COMPLETE_XFER);
 110              		.loc 1 51 0
 111 0016 0023     		movs	r3, #0
 112 0018 0222     		movs	r2, #2
 113 001a 01A9     		add	r1, sp, #4
 114 001c 2046     		mov	r0, r4
 115 001e FFF7FEFF 		bl	I2C_MasterWriteBuf
 116              	.LVL12:
 117              	.L4:
  52:MCP23017.c    **** 	while (0u == (I2C_MasterStatus() & I2C_MSTAT_WR_CMPLT));
 118              		.loc 1 52 0 discriminator 1
 119 0022 FFF7FEFF 		bl	I2C_MasterStatus
ARM GAS  C:\Users\HPz420\AppData\Local\Temp\ccbRsaMu.s 			page 4


 120              	.LVL13:
 121 0026 10F0020F 		tst	r0, #2
 122 002a FAD0     		beq	.L4
  53:MCP23017.c    **** 	I2C_MasterClearStatus();
 123              		.loc 1 53 0
 124 002c FFF7FEFF 		bl	I2C_MasterClearStatus
 125              	.LVL14:
  54:MCP23017.c    **** }
 126              		.loc 1 54 0
 127 0030 02B0     		add	sp, sp, #8
 128              		.cfi_def_cfa_offset 16
 129              		@ sp needed
 130 0032 70BD     		pop	{r4, r5, r6, pc}
 131              		.cfi_endproc
 132              	.LFE64:
 133              		.size	writeRegister_MCP23017, .-writeRegister_MCP23017
 134              		.text
 135              	.Letext0:
 136              		.file 2 "c:\\program files (x86)\\cypress\\psoc creator\\4.4\\psoc creator\\import\\gnu\\arm\\5.4.
 137              		.file 3 "c:\\program files (x86)\\cypress\\psoc creator\\4.4\\psoc creator\\import\\gnu\\arm\\5.4.
 138              		.file 4 "Generated_Source\\PSoC5/cytypes.h"
 139              		.file 5 "Generated_Source\\PSoC5/I2C.h"
 140              		.file 6 "Generated_Source\\PSoC5/core_cm3.h"
 141              		.section	.debug_info,"",%progbits
 142              	.Ldebug_info0:
 143 0000 6D020000 		.4byte	0x26d
 144 0004 0400     		.2byte	0x4
 145 0006 00000000 		.4byte	.Ldebug_abbrev0
 146 000a 04       		.byte	0x4
 147 000b 01       		.uleb128 0x1
 148 000c B0010000 		.4byte	.LASF29
 149 0010 0C       		.byte	0xc
 150 0011 75010000 		.4byte	.LASF30
 151 0015 4B000000 		.4byte	.LASF31
 152 0019 00000000 		.4byte	.Ldebug_ranges0+0
 153 001d 00000000 		.4byte	0
 154 0021 00000000 		.4byte	.Ldebug_line0
 155 0025 02       		.uleb128 0x2
 156 0026 01       		.byte	0x1
 157 0027 06       		.byte	0x6
 158 0028 A4010000 		.4byte	.LASF0
 159 002c 02       		.uleb128 0x2
 160 002d 01       		.byte	0x1
 161 002e 08       		.byte	0x8
 162 002f FD000000 		.4byte	.LASF1
 163 0033 02       		.uleb128 0x2
 164 0034 02       		.byte	0x2
 165 0035 05       		.byte	0x5
 166 0036 86020000 		.4byte	.LASF2
 167 003a 02       		.uleb128 0x2
 168 003b 02       		.byte	0x2
 169 003c 07       		.byte	0x7
 170 003d 30010000 		.4byte	.LASF3
 171 0041 03       		.uleb128 0x3
 172 0042 2D000000 		.4byte	.LASF9
 173 0046 02       		.byte	0x2
 174 0047 3F       		.byte	0x3f
ARM GAS  C:\Users\HPz420\AppData\Local\Temp\ccbRsaMu.s 			page 5


 175 0048 4C000000 		.4byte	0x4c
 176 004c 02       		.uleb128 0x2
 177 004d 04       		.byte	0x4
 178 004e 05       		.byte	0x5
 179 004f 9D020000 		.4byte	.LASF4
 180 0053 02       		.uleb128 0x2
 181 0054 04       		.byte	0x4
 182 0055 07       		.byte	0x7
 183 0056 1E010000 		.4byte	.LASF5
 184 005a 02       		.uleb128 0x2
 185 005b 08       		.byte	0x8
 186 005c 05       		.byte	0x5
 187 005d 4F020000 		.4byte	.LASF6
 188 0061 02       		.uleb128 0x2
 189 0062 08       		.byte	0x8
 190 0063 07       		.byte	0x7
 191 0064 8D010000 		.4byte	.LASF7
 192 0068 04       		.uleb128 0x4
 193 0069 04       		.byte	0x4
 194 006a 05       		.byte	0x5
 195 006b 696E7400 		.ascii	"int\000"
 196 006f 02       		.uleb128 0x2
 197 0070 04       		.byte	0x4
 198 0071 07       		.byte	0x7
 199 0072 80010000 		.4byte	.LASF8
 200 0076 03       		.uleb128 0x3
 201 0077 3E020000 		.4byte	.LASF10
 202 007b 03       		.byte	0x3
 203 007c 2C       		.byte	0x2c
 204 007d 41000000 		.4byte	0x41
 205 0081 05       		.uleb128 0x5
 206 0082 90020000 		.4byte	.LASF11
 207 0086 04       		.byte	0x4
 208 0087 E901     		.2byte	0x1e9
 209 0089 2C000000 		.4byte	0x2c
 210 008d 02       		.uleb128 0x2
 211 008e 04       		.byte	0x4
 212 008f 04       		.byte	0x4
 213 0090 F7000000 		.4byte	.LASF12
 214 0094 02       		.uleb128 0x2
 215 0095 08       		.byte	0x8
 216 0096 04       		.byte	0x4
 217 0097 C9020000 		.4byte	.LASF13
 218 009b 02       		.uleb128 0x2
 219 009c 01       		.byte	0x1
 220 009d 08       		.byte	0x8
 221 009e 5D020000 		.4byte	.LASF14
 222 00a2 02       		.uleb128 0x2
 223 00a3 08       		.byte	0x8
 224 00a4 04       		.byte	0x4
 225 00a5 A6020000 		.4byte	.LASF15
 226 00a9 02       		.uleb128 0x2
 227 00aa 04       		.byte	0x4
 228 00ab 07       		.byte	0x7
 229 00ac 46020000 		.4byte	.LASF16
 230 00b0 06       		.uleb128 0x6
 231 00b1 E1000000 		.4byte	.LASF32
ARM GAS  C:\Users\HPz420\AppData\Local\Temp\ccbRsaMu.s 			page 6


 232 00b5 01       		.byte	0x1
 233 00b6 18       		.byte	0x18
 234 00b7 81000000 		.4byte	0x81
 235 00bb 00000000 		.4byte	.LFB63
 236 00bf 38000000 		.4byte	.LFE63-.LFB63
 237 00c3 01       		.uleb128 0x1
 238 00c4 9C       		.byte	0x9c
 239 00c5 72010000 		.4byte	0x172
 240 00c9 07       		.uleb128 0x7
 241 00ca 6C010000 		.4byte	.LASF17
 242 00ce 01       		.byte	0x1
 243 00cf 18       		.byte	0x18
 244 00d0 81000000 		.4byte	0x81
 245 00d4 00000000 		.4byte	.LLST0
 246 00d8 07       		.uleb128 0x7
 247 00d9 64010000 		.4byte	.LASF18
 248 00dd 01       		.byte	0x1
 249 00de 18       		.byte	0x18
 250 00df 81000000 		.4byte	0x81
 251 00e3 21000000 		.4byte	.LLST1
 252 00e7 08       		.uleb128 0x8
 253 00e8 96020000 		.4byte	.LASF20
 254 00ec 01       		.byte	0x1
 255 00ed 1A       		.byte	0x1a
 256 00ee 81000000 		.4byte	0x81
 257 00f2 01       		.uleb128 0x1
 258 00f3 54       		.byte	0x54
 259 00f4 09       		.uleb128 0x9
 260 00f5 0A000000 		.4byte	.LVL1
 261 00f9 23020000 		.4byte	0x223
 262 00fd 0A       		.uleb128 0xa
 263 00fe 12000000 		.4byte	.LVL2
 264 0102 2E020000 		.4byte	0x22e
 265 0106 16010000 		.4byte	0x116
 266 010a 0B       		.uleb128 0xb
 267 010b 01       		.uleb128 0x1
 268 010c 50       		.byte	0x50
 269 010d 02       		.uleb128 0x2
 270 010e 74       		.byte	0x74
 271 010f 00       		.sleb128 0
 272 0110 0B       		.uleb128 0xb
 273 0111 01       		.uleb128 0x1
 274 0112 51       		.byte	0x51
 275 0113 01       		.uleb128 0x1
 276 0114 30       		.byte	0x30
 277 0115 00       		.byte	0
 278 0116 0A       		.uleb128 0xa
 279 0117 18000000 		.4byte	.LVL3
 280 011b 39020000 		.4byte	0x239
 281 011f 2A010000 		.4byte	0x12a
 282 0123 0B       		.uleb128 0xb
 283 0124 01       		.uleb128 0x1
 284 0125 50       		.byte	0x50
 285 0126 02       		.uleb128 0x2
 286 0127 75       		.byte	0x75
 287 0128 00       		.sleb128 0
 288 0129 00       		.byte	0
ARM GAS  C:\Users\HPz420\AppData\Local\Temp\ccbRsaMu.s 			page 7


 289 012a 09       		.uleb128 0x9
 290 012b 1C000000 		.4byte	.LVL4
 291 012f 44020000 		.4byte	0x244
 292 0133 0A       		.uleb128 0xa
 293 0134 24000000 		.4byte	.LVL5
 294 0138 2E020000 		.4byte	0x22e
 295 013c 4C010000 		.4byte	0x14c
 296 0140 0B       		.uleb128 0xb
 297 0141 01       		.uleb128 0x1
 298 0142 50       		.byte	0x50
 299 0143 02       		.uleb128 0x2
 300 0144 74       		.byte	0x74
 301 0145 00       		.sleb128 0
 302 0146 0B       		.uleb128 0xb
 303 0147 01       		.uleb128 0x1
 304 0148 51       		.byte	0x51
 305 0149 01       		.uleb128 0x1
 306 014a 31       		.byte	0x31
 307 014b 00       		.byte	0
 308 014c 0A       		.uleb128 0xa
 309 014d 2A000000 		.4byte	.LVL6
 310 0151 4F020000 		.4byte	0x24f
 311 0155 5F010000 		.4byte	0x15f
 312 0159 0B       		.uleb128 0xb
 313 015a 01       		.uleb128 0x1
 314 015b 50       		.byte	0x50
 315 015c 01       		.uleb128 0x1
 316 015d 30       		.byte	0x30
 317 015e 00       		.byte	0
 318 015f 09       		.uleb128 0x9
 319 0160 30000000 		.4byte	.LVL8
 320 0164 44020000 		.4byte	0x244
 321 0168 09       		.uleb128 0x9
 322 0169 34000000 		.4byte	.LVL9
 323 016d 23020000 		.4byte	0x223
 324 0171 00       		.byte	0
 325 0172 0C       		.uleb128 0xc
 326 0173 B2020000 		.4byte	.LASF33
 327 0177 01       		.byte	0x1
 328 0178 2D       		.byte	0x2d
 329 0179 00000000 		.4byte	.LFB64
 330 017d 34000000 		.4byte	.LFE64-.LFB64
 331 0181 01       		.uleb128 0x1
 332 0182 9C       		.byte	0x9c
 333 0183 02020000 		.4byte	0x202
 334 0187 07       		.uleb128 0x7
 335 0188 6C010000 		.4byte	.LASF17
 336 018c 01       		.byte	0x1
 337 018d 2D       		.byte	0x2d
 338 018e 81000000 		.4byte	0x81
 339 0192 42000000 		.4byte	.LLST2
 340 0196 07       		.uleb128 0x7
 341 0197 64010000 		.4byte	.LASF18
 342 019b 01       		.byte	0x1
 343 019c 2D       		.byte	0x2d
 344 019d 81000000 		.4byte	0x81
 345 01a1 63000000 		.4byte	.LLST3
ARM GAS  C:\Users\HPz420\AppData\Local\Temp\ccbRsaMu.s 			page 8


 346 01a5 07       		.uleb128 0x7
 347 01a6 25000000 		.4byte	.LASF19
 348 01aa 01       		.byte	0x1
 349 01ab 2D       		.byte	0x2d
 350 01ac 81000000 		.4byte	0x81
 351 01b0 84000000 		.4byte	.LLST4
 352 01b4 08       		.uleb128 0x8
 353 01b5 00000000 		.4byte	.LASF21
 354 01b9 01       		.byte	0x1
 355 01ba 2F       		.byte	0x2f
 356 01bb 02020000 		.4byte	0x202
 357 01bf 02       		.uleb128 0x2
 358 01c0 91       		.byte	0x91
 359 01c1 6C       		.sleb128 -20
 360 01c2 09       		.uleb128 0x9
 361 01c3 0E000000 		.4byte	.LVL11
 362 01c7 23020000 		.4byte	0x223
 363 01cb 0A       		.uleb128 0xa
 364 01cc 22000000 		.4byte	.LVL12
 365 01d0 5A020000 		.4byte	0x25a
 366 01d4 EF010000 		.4byte	0x1ef
 367 01d8 0B       		.uleb128 0xb
 368 01d9 01       		.uleb128 0x1
 369 01da 50       		.byte	0x50
 370 01db 02       		.uleb128 0x2
 371 01dc 74       		.byte	0x74
 372 01dd 00       		.sleb128 0
 373 01de 0B       		.uleb128 0xb
 374 01df 01       		.uleb128 0x1
 375 01e0 51       		.byte	0x51
 376 01e1 02       		.uleb128 0x2
 377 01e2 91       		.byte	0x91
 378 01e3 6C       		.sleb128 -20
 379 01e4 0B       		.uleb128 0xb
 380 01e5 01       		.uleb128 0x1
 381 01e6 52       		.byte	0x52
 382 01e7 01       		.uleb128 0x1
 383 01e8 32       		.byte	0x32
 384 01e9 0B       		.uleb128 0xb
 385 01ea 01       		.uleb128 0x1
 386 01eb 53       		.byte	0x53
 387 01ec 01       		.uleb128 0x1
 388 01ed 30       		.byte	0x30
 389 01ee 00       		.byte	0
 390 01ef 09       		.uleb128 0x9
 391 01f0 26000000 		.4byte	.LVL13
 392 01f4 65020000 		.4byte	0x265
 393 01f8 09       		.uleb128 0x9
 394 01f9 30000000 		.4byte	.LVL14
 395 01fd 23020000 		.4byte	0x223
 396 0201 00       		.byte	0
 397 0202 0D       		.uleb128 0xd
 398 0203 81000000 		.4byte	0x81
 399 0207 12020000 		.4byte	0x212
 400 020b 0E       		.uleb128 0xe
 401 020c A9000000 		.4byte	0xa9
 402 0210 01       		.byte	0x1
ARM GAS  C:\Users\HPz420\AppData\Local\Temp\ccbRsaMu.s 			page 9


 403 0211 00       		.byte	0
 404 0212 0F       		.uleb128 0xf
 405 0213 57010000 		.4byte	.LASF34
 406 0217 06       		.byte	0x6
 407 0218 1207     		.2byte	0x712
 408 021a 1E020000 		.4byte	0x21e
 409 021e 10       		.uleb128 0x10
 410 021f 76000000 		.4byte	0x76
 411 0223 11       		.uleb128 0x11
 412 0224 CB000000 		.4byte	.LASF22
 413 0228 CB000000 		.4byte	.LASF22
 414 022c 05       		.byte	0x5
 415 022d A4       		.byte	0xa4
 416 022e 11       		.uleb128 0x11
 417 022f 43010000 		.4byte	.LASF23
 418 0233 43010000 		.4byte	.LASF23
 419 0237 05       		.byte	0x5
 420 0238 B1       		.byte	0xb1
 421 0239 11       		.uleb128 0x11
 422 023a 37000000 		.4byte	.LASF24
 423 023e 37000000 		.4byte	.LASF24
 424 0242 05       		.byte	0x5
 425 0243 B6       		.byte	0xb6
 426 0244 11       		.uleb128 0x11
 427 0245 12000000 		.4byte	.LASF25
 428 0249 12000000 		.4byte	.LASF25
 429 024d 05       		.byte	0x5
 430 024e B5       		.byte	0xb5
 431 024f 11       		.uleb128 0x11
 432 0250 73020000 		.4byte	.LASF26
 433 0254 73020000 		.4byte	.LASF26
 434 0258 05       		.byte	0x5
 435 0259 B7       		.byte	0xb7
 436 025a 11       		.uleb128 0x11
 437 025b 0B010000 		.4byte	.LASF27
 438 025f 0B010000 		.4byte	.LASF27
 439 0263 05       		.byte	0x5
 440 0264 A7       		.byte	0xa7
 441 0265 11       		.uleb128 0x11
 442 0266 62020000 		.4byte	.LASF28
 443 026a 62020000 		.4byte	.LASF28
 444 026e 05       		.byte	0x5
 445 026f A3       		.byte	0xa3
 446 0270 00       		.byte	0
 447              		.section	.debug_abbrev,"",%progbits
 448              	.Ldebug_abbrev0:
 449 0000 01       		.uleb128 0x1
 450 0001 11       		.uleb128 0x11
 451 0002 01       		.byte	0x1
 452 0003 25       		.uleb128 0x25
 453 0004 0E       		.uleb128 0xe
 454 0005 13       		.uleb128 0x13
 455 0006 0B       		.uleb128 0xb
 456 0007 03       		.uleb128 0x3
 457 0008 0E       		.uleb128 0xe
 458 0009 1B       		.uleb128 0x1b
 459 000a 0E       		.uleb128 0xe
ARM GAS  C:\Users\HPz420\AppData\Local\Temp\ccbRsaMu.s 			page 10


 460 000b 55       		.uleb128 0x55
 461 000c 17       		.uleb128 0x17
 462 000d 11       		.uleb128 0x11
 463 000e 01       		.uleb128 0x1
 464 000f 10       		.uleb128 0x10
 465 0010 17       		.uleb128 0x17
 466 0011 00       		.byte	0
 467 0012 00       		.byte	0
 468 0013 02       		.uleb128 0x2
 469 0014 24       		.uleb128 0x24
 470 0015 00       		.byte	0
 471 0016 0B       		.uleb128 0xb
 472 0017 0B       		.uleb128 0xb
 473 0018 3E       		.uleb128 0x3e
 474 0019 0B       		.uleb128 0xb
 475 001a 03       		.uleb128 0x3
 476 001b 0E       		.uleb128 0xe
 477 001c 00       		.byte	0
 478 001d 00       		.byte	0
 479 001e 03       		.uleb128 0x3
 480 001f 16       		.uleb128 0x16
 481 0020 00       		.byte	0
 482 0021 03       		.uleb128 0x3
 483 0022 0E       		.uleb128 0xe
 484 0023 3A       		.uleb128 0x3a
 485 0024 0B       		.uleb128 0xb
 486 0025 3B       		.uleb128 0x3b
 487 0026 0B       		.uleb128 0xb
 488 0027 49       		.uleb128 0x49
 489 0028 13       		.uleb128 0x13
 490 0029 00       		.byte	0
 491 002a 00       		.byte	0
 492 002b 04       		.uleb128 0x4
 493 002c 24       		.uleb128 0x24
 494 002d 00       		.byte	0
 495 002e 0B       		.uleb128 0xb
 496 002f 0B       		.uleb128 0xb
 497 0030 3E       		.uleb128 0x3e
 498 0031 0B       		.uleb128 0xb
 499 0032 03       		.uleb128 0x3
 500 0033 08       		.uleb128 0x8
 501 0034 00       		.byte	0
 502 0035 00       		.byte	0
 503 0036 05       		.uleb128 0x5
 504 0037 16       		.uleb128 0x16
 505 0038 00       		.byte	0
 506 0039 03       		.uleb128 0x3
 507 003a 0E       		.uleb128 0xe
 508 003b 3A       		.uleb128 0x3a
 509 003c 0B       		.uleb128 0xb
 510 003d 3B       		.uleb128 0x3b
 511 003e 05       		.uleb128 0x5
 512 003f 49       		.uleb128 0x49
 513 0040 13       		.uleb128 0x13
 514 0041 00       		.byte	0
 515 0042 00       		.byte	0
 516 0043 06       		.uleb128 0x6
ARM GAS  C:\Users\HPz420\AppData\Local\Temp\ccbRsaMu.s 			page 11


 517 0044 2E       		.uleb128 0x2e
 518 0045 01       		.byte	0x1
 519 0046 3F       		.uleb128 0x3f
 520 0047 19       		.uleb128 0x19
 521 0048 03       		.uleb128 0x3
 522 0049 0E       		.uleb128 0xe
 523 004a 3A       		.uleb128 0x3a
 524 004b 0B       		.uleb128 0xb
 525 004c 3B       		.uleb128 0x3b
 526 004d 0B       		.uleb128 0xb
 527 004e 27       		.uleb128 0x27
 528 004f 19       		.uleb128 0x19
 529 0050 49       		.uleb128 0x49
 530 0051 13       		.uleb128 0x13
 531 0052 11       		.uleb128 0x11
 532 0053 01       		.uleb128 0x1
 533 0054 12       		.uleb128 0x12
 534 0055 06       		.uleb128 0x6
 535 0056 40       		.uleb128 0x40
 536 0057 18       		.uleb128 0x18
 537 0058 9742     		.uleb128 0x2117
 538 005a 19       		.uleb128 0x19
 539 005b 01       		.uleb128 0x1
 540 005c 13       		.uleb128 0x13
 541 005d 00       		.byte	0
 542 005e 00       		.byte	0
 543 005f 07       		.uleb128 0x7
 544 0060 05       		.uleb128 0x5
 545 0061 00       		.byte	0
 546 0062 03       		.uleb128 0x3
 547 0063 0E       		.uleb128 0xe
 548 0064 3A       		.uleb128 0x3a
 549 0065 0B       		.uleb128 0xb
 550 0066 3B       		.uleb128 0x3b
 551 0067 0B       		.uleb128 0xb
 552 0068 49       		.uleb128 0x49
 553 0069 13       		.uleb128 0x13
 554 006a 02       		.uleb128 0x2
 555 006b 17       		.uleb128 0x17
 556 006c 00       		.byte	0
 557 006d 00       		.byte	0
 558 006e 08       		.uleb128 0x8
 559 006f 34       		.uleb128 0x34
 560 0070 00       		.byte	0
 561 0071 03       		.uleb128 0x3
 562 0072 0E       		.uleb128 0xe
 563 0073 3A       		.uleb128 0x3a
 564 0074 0B       		.uleb128 0xb
 565 0075 3B       		.uleb128 0x3b
 566 0076 0B       		.uleb128 0xb
 567 0077 49       		.uleb128 0x49
 568 0078 13       		.uleb128 0x13
 569 0079 02       		.uleb128 0x2
 570 007a 18       		.uleb128 0x18
 571 007b 00       		.byte	0
 572 007c 00       		.byte	0
 573 007d 09       		.uleb128 0x9
ARM GAS  C:\Users\HPz420\AppData\Local\Temp\ccbRsaMu.s 			page 12


 574 007e 898201   		.uleb128 0x4109
 575 0081 00       		.byte	0
 576 0082 11       		.uleb128 0x11
 577 0083 01       		.uleb128 0x1
 578 0084 31       		.uleb128 0x31
 579 0085 13       		.uleb128 0x13
 580 0086 00       		.byte	0
 581 0087 00       		.byte	0
 582 0088 0A       		.uleb128 0xa
 583 0089 898201   		.uleb128 0x4109
 584 008c 01       		.byte	0x1
 585 008d 11       		.uleb128 0x11
 586 008e 01       		.uleb128 0x1
 587 008f 31       		.uleb128 0x31
 588 0090 13       		.uleb128 0x13
 589 0091 01       		.uleb128 0x1
 590 0092 13       		.uleb128 0x13
 591 0093 00       		.byte	0
 592 0094 00       		.byte	0
 593 0095 0B       		.uleb128 0xb
 594 0096 8A8201   		.uleb128 0x410a
 595 0099 00       		.byte	0
 596 009a 02       		.uleb128 0x2
 597 009b 18       		.uleb128 0x18
 598 009c 9142     		.uleb128 0x2111
 599 009e 18       		.uleb128 0x18
 600 009f 00       		.byte	0
 601 00a0 00       		.byte	0
 602 00a1 0C       		.uleb128 0xc
 603 00a2 2E       		.uleb128 0x2e
 604 00a3 01       		.byte	0x1
 605 00a4 3F       		.uleb128 0x3f
 606 00a5 19       		.uleb128 0x19
 607 00a6 03       		.uleb128 0x3
 608 00a7 0E       		.uleb128 0xe
 609 00a8 3A       		.uleb128 0x3a
 610 00a9 0B       		.uleb128 0xb
 611 00aa 3B       		.uleb128 0x3b
 612 00ab 0B       		.uleb128 0xb
 613 00ac 27       		.uleb128 0x27
 614 00ad 19       		.uleb128 0x19
 615 00ae 11       		.uleb128 0x11
 616 00af 01       		.uleb128 0x1
 617 00b0 12       		.uleb128 0x12
 618 00b1 06       		.uleb128 0x6
 619 00b2 40       		.uleb128 0x40
 620 00b3 18       		.uleb128 0x18
 621 00b4 9742     		.uleb128 0x2117
 622 00b6 19       		.uleb128 0x19
 623 00b7 01       		.uleb128 0x1
 624 00b8 13       		.uleb128 0x13
 625 00b9 00       		.byte	0
 626 00ba 00       		.byte	0
 627 00bb 0D       		.uleb128 0xd
 628 00bc 01       		.uleb128 0x1
 629 00bd 01       		.byte	0x1
 630 00be 49       		.uleb128 0x49
ARM GAS  C:\Users\HPz420\AppData\Local\Temp\ccbRsaMu.s 			page 13


 631 00bf 13       		.uleb128 0x13
 632 00c0 01       		.uleb128 0x1
 633 00c1 13       		.uleb128 0x13
 634 00c2 00       		.byte	0
 635 00c3 00       		.byte	0
 636 00c4 0E       		.uleb128 0xe
 637 00c5 21       		.uleb128 0x21
 638 00c6 00       		.byte	0
 639 00c7 49       		.uleb128 0x49
 640 00c8 13       		.uleb128 0x13
 641 00c9 2F       		.uleb128 0x2f
 642 00ca 0B       		.uleb128 0xb
 643 00cb 00       		.byte	0
 644 00cc 00       		.byte	0
 645 00cd 0F       		.uleb128 0xf
 646 00ce 34       		.uleb128 0x34
 647 00cf 00       		.byte	0
 648 00d0 03       		.uleb128 0x3
 649 00d1 0E       		.uleb128 0xe
 650 00d2 3A       		.uleb128 0x3a
 651 00d3 0B       		.uleb128 0xb
 652 00d4 3B       		.uleb128 0x3b
 653 00d5 05       		.uleb128 0x5
 654 00d6 49       		.uleb128 0x49
 655 00d7 13       		.uleb128 0x13
 656 00d8 3F       		.uleb128 0x3f
 657 00d9 19       		.uleb128 0x19
 658 00da 3C       		.uleb128 0x3c
 659 00db 19       		.uleb128 0x19
 660 00dc 00       		.byte	0
 661 00dd 00       		.byte	0
 662 00de 10       		.uleb128 0x10
 663 00df 35       		.uleb128 0x35
 664 00e0 00       		.byte	0
 665 00e1 49       		.uleb128 0x49
 666 00e2 13       		.uleb128 0x13
 667 00e3 00       		.byte	0
 668 00e4 00       		.byte	0
 669 00e5 11       		.uleb128 0x11
 670 00e6 2E       		.uleb128 0x2e
 671 00e7 00       		.byte	0
 672 00e8 3F       		.uleb128 0x3f
 673 00e9 19       		.uleb128 0x19
 674 00ea 3C       		.uleb128 0x3c
 675 00eb 19       		.uleb128 0x19
 676 00ec 6E       		.uleb128 0x6e
 677 00ed 0E       		.uleb128 0xe
 678 00ee 03       		.uleb128 0x3
 679 00ef 0E       		.uleb128 0xe
 680 00f0 3A       		.uleb128 0x3a
 681 00f1 0B       		.uleb128 0xb
 682 00f2 3B       		.uleb128 0x3b
 683 00f3 0B       		.uleb128 0xb
 684 00f4 00       		.byte	0
 685 00f5 00       		.byte	0
 686 00f6 00       		.byte	0
 687              		.section	.debug_loc,"",%progbits
ARM GAS  C:\Users\HPz420\AppData\Local\Temp\ccbRsaMu.s 			page 14


 688              	.Ldebug_loc0:
 689              	.LLST0:
 690 0000 00000000 		.4byte	.LVL0
 691 0004 09000000 		.4byte	.LVL1-1
 692 0008 0100     		.2byte	0x1
 693 000a 50       		.byte	0x50
 694 000b 09000000 		.4byte	.LVL1-1
 695 000f 38000000 		.4byte	.LFE63
 696 0013 0400     		.2byte	0x4
 697 0015 F3       		.byte	0xf3
 698 0016 01       		.uleb128 0x1
 699 0017 50       		.byte	0x50
 700 0018 9F       		.byte	0x9f
 701 0019 00000000 		.4byte	0
 702 001d 00000000 		.4byte	0
 703              	.LLST1:
 704 0021 00000000 		.4byte	.LVL0
 705 0025 09000000 		.4byte	.LVL1-1
 706 0029 0100     		.2byte	0x1
 707 002b 51       		.byte	0x51
 708 002c 09000000 		.4byte	.LVL1-1
 709 0030 38000000 		.4byte	.LFE63
 710 0034 0400     		.2byte	0x4
 711 0036 F3       		.byte	0xf3
 712 0037 01       		.uleb128 0x1
 713 0038 51       		.byte	0x51
 714 0039 9F       		.byte	0x9f
 715 003a 00000000 		.4byte	0
 716 003e 00000000 		.4byte	0
 717              	.LLST2:
 718 0042 00000000 		.4byte	.LVL10
 719 0046 0D000000 		.4byte	.LVL11-1
 720 004a 0100     		.2byte	0x1
 721 004c 50       		.byte	0x50
 722 004d 0D000000 		.4byte	.LVL11-1
 723 0051 34000000 		.4byte	.LFE64
 724 0055 0400     		.2byte	0x4
 725 0057 F3       		.byte	0xf3
 726 0058 01       		.uleb128 0x1
 727 0059 50       		.byte	0x50
 728 005a 9F       		.byte	0x9f
 729 005b 00000000 		.4byte	0
 730 005f 00000000 		.4byte	0
 731              	.LLST3:
 732 0063 00000000 		.4byte	.LVL10
 733 0067 0D000000 		.4byte	.LVL11-1
 734 006b 0100     		.2byte	0x1
 735 006d 51       		.byte	0x51
 736 006e 0D000000 		.4byte	.LVL11-1
 737 0072 34000000 		.4byte	.LFE64
 738 0076 0400     		.2byte	0x4
 739 0078 F3       		.byte	0xf3
 740 0079 01       		.uleb128 0x1
 741 007a 51       		.byte	0x51
 742 007b 9F       		.byte	0x9f
 743 007c 00000000 		.4byte	0
 744 0080 00000000 		.4byte	0
ARM GAS  C:\Users\HPz420\AppData\Local\Temp\ccbRsaMu.s 			page 15


 745              	.LLST4:
 746 0084 00000000 		.4byte	.LVL10
 747 0088 0D000000 		.4byte	.LVL11-1
 748 008c 0100     		.2byte	0x1
 749 008e 52       		.byte	0x52
 750 008f 0D000000 		.4byte	.LVL11-1
 751 0093 34000000 		.4byte	.LFE64
 752 0097 0400     		.2byte	0x4
 753 0099 F3       		.byte	0xf3
 754 009a 01       		.uleb128 0x1
 755 009b 52       		.byte	0x52
 756 009c 9F       		.byte	0x9f
 757 009d 00000000 		.4byte	0
 758 00a1 00000000 		.4byte	0
 759              		.section	.debug_aranges,"",%progbits
 760 0000 24000000 		.4byte	0x24
 761 0004 0200     		.2byte	0x2
 762 0006 00000000 		.4byte	.Ldebug_info0
 763 000a 04       		.byte	0x4
 764 000b 00       		.byte	0
 765 000c 0000     		.2byte	0
 766 000e 0000     		.2byte	0
 767 0010 00000000 		.4byte	.LFB63
 768 0014 38000000 		.4byte	.LFE63-.LFB63
 769 0018 00000000 		.4byte	.LFB64
 770 001c 34000000 		.4byte	.LFE64-.LFB64
 771 0020 00000000 		.4byte	0
 772 0024 00000000 		.4byte	0
 773              		.section	.debug_ranges,"",%progbits
 774              	.Ldebug_ranges0:
 775 0000 00000000 		.4byte	.LFB63
 776 0004 38000000 		.4byte	.LFE63
 777 0008 00000000 		.4byte	.LFB64
 778 000c 34000000 		.4byte	.LFE64
 779 0010 00000000 		.4byte	0
 780 0014 00000000 		.4byte	0
 781              		.section	.debug_line,"",%progbits
 782              	.Ldebug_line0:
 783 0000 91010000 		.section	.debug_str,"MS",%progbits,1
 783      02005901 
 783      00000201 
 783      FB0E0D00 
 783      01010101 
 784              	.LASF21:
 785 0000 4D435032 		.ascii	"MCP23017_WrBuffer\000"
 785      33303137 
 785      5F577242 
 785      75666665 
 785      7200
 786              	.LASF25:
 787 0012 4932435F 		.ascii	"I2C_MasterSendStop\000"
 787      4D617374 
 787      65725365 
 787      6E645374 
 787      6F7000
 788              	.LASF19:
 789 0025 6374726C 		.ascii	"ctrlVal\000"
ARM GAS  C:\Users\HPz420\AppData\Local\Temp\ccbRsaMu.s 			page 16


 789      56616C00 
 790              	.LASF9:
 791 002d 5F5F696E 		.ascii	"__int32_t\000"
 791      7433325F 
 791      7400
 792              	.LASF24:
 793 0037 4932435F 		.ascii	"I2C_MasterWriteByte\000"
 793      4D617374 
 793      65725772 
 793      69746542 
 793      79746500 
 794              	.LASF31:
 795 004b 433A5C55 		.ascii	"C:\\Users\\HPz420\\Documents\\GitHub\\Doug Gillilan"
 795      73657273 
 795      5C48507A 
 795      3432305C 
 795      446F6375 
 796 0079 645C5265 		.ascii	"d\\Retro-Computers\\Z80\\PSOC\\PSOC_Design_Files\\Z"
 796      74726F2D 
 796      436F6D70 
 796      75746572 
 796      735C5A38 
 797 00a7 38302D50 		.ascii	"80-PSoC-3-Chips_002\\Z80_3Chip.cydsn\000"
 797      536F432D 
 797      332D4368 
 797      6970735F 
 797      3030325C 
 798              	.LASF22:
 799 00cb 4932435F 		.ascii	"I2C_MasterClearStatus\000"
 799      4D617374 
 799      6572436C 
 799      65617253 
 799      74617475 
 800              	.LASF32:
 801 00e1 72656164 		.ascii	"readRegister_MCP23017\000"
 801      52656769 
 801      73746572 
 801      5F4D4350 
 801      32333031 
 802              	.LASF12:
 803 00f7 666C6F61 		.ascii	"float\000"
 803      7400
 804              	.LASF1:
 805 00fd 756E7369 		.ascii	"unsigned char\000"
 805      676E6564 
 805      20636861 
 805      7200
 806              	.LASF27:
 807 010b 4932435F 		.ascii	"I2C_MasterWriteBuf\000"
 807      4D617374 
 807      65725772 
 807      69746542 
 807      756600
 808              	.LASF5:
 809 011e 6C6F6E67 		.ascii	"long unsigned int\000"
 809      20756E73 
 809      69676E65 
ARM GAS  C:\Users\HPz420\AppData\Local\Temp\ccbRsaMu.s 			page 17


 809      6420696E 
 809      7400
 810              	.LASF3:
 811 0130 73686F72 		.ascii	"short unsigned int\000"
 811      7420756E 
 811      7369676E 
 811      65642069 
 811      6E7400
 812              	.LASF23:
 813 0143 4932435F 		.ascii	"I2C_MasterSendStart\000"
 813      4D617374 
 813      65725365 
 813      6E645374 
 813      61727400 
 814              	.LASF34:
 815 0157 49544D5F 		.ascii	"ITM_RxBuffer\000"
 815      52784275 
 815      66666572 
 815      00
 816              	.LASF18:
 817 0164 6374726C 		.ascii	"ctrlAdr\000"
 817      41647200 
 818              	.LASF17:
 819 016c 63686970 		.ascii	"chipAddr\000"
 819      41646472 
 819      00
 820              	.LASF30:
 821 0175 4D435032 		.ascii	"MCP23017.c\000"
 821      33303137 
 821      2E6300
 822              	.LASF8:
 823 0180 756E7369 		.ascii	"unsigned int\000"
 823      676E6564 
 823      20696E74 
 823      00
 824              	.LASF7:
 825 018d 6C6F6E67 		.ascii	"long long unsigned int\000"
 825      206C6F6E 
 825      6720756E 
 825      7369676E 
 825      65642069 
 826              	.LASF0:
 827 01a4 7369676E 		.ascii	"signed char\000"
 827      65642063 
 827      68617200 
 828              	.LASF29:
 829 01b0 474E5520 		.ascii	"GNU C11 5.4.1 20160609 (release) [ARM/embedded-5-br"
 829      43313120 
 829      352E342E 
 829      31203230 
 829      31363036 
 830 01e3 616E6368 		.ascii	"anch revision 237715] -mcpu=cortex-m3 -mthumb -g -O"
 830      20726576 
 830      6973696F 
 830      6E203233 
 830      37373135 
 831 0216 67202D66 		.ascii	"g -ffunction-sections -ffat-lto-objects\000"
ARM GAS  C:\Users\HPz420\AppData\Local\Temp\ccbRsaMu.s 			page 18


 831      66756E63 
 831      74696F6E 
 831      2D736563 
 831      74696F6E 
 832              	.LASF10:
 833 023e 696E7433 		.ascii	"int32_t\000"
 833      325F7400 
 834              	.LASF16:
 835 0246 73697A65 		.ascii	"sizetype\000"
 835      74797065 
 835      00
 836              	.LASF6:
 837 024f 6C6F6E67 		.ascii	"long long int\000"
 837      206C6F6E 
 837      6720696E 
 837      7400
 838              	.LASF14:
 839 025d 63686172 		.ascii	"char\000"
 839      00
 840              	.LASF28:
 841 0262 4932435F 		.ascii	"I2C_MasterStatus\000"
 841      4D617374 
 841      65725374 
 841      61747573 
 841      00
 842              	.LASF26:
 843 0273 4932435F 		.ascii	"I2C_MasterReadByte\000"
 843      4D617374 
 843      65725265 
 843      61644279 
 843      746500
 844              	.LASF2:
 845 0286 73686F72 		.ascii	"short int\000"
 845      7420696E 
 845      7400
 846              	.LASF11:
 847 0290 75696E74 		.ascii	"uint8\000"
 847      3800
 848              	.LASF20:
 849 0296 72644275 		.ascii	"rdBuff\000"
 849      666600
 850              	.LASF4:
 851 029d 6C6F6E67 		.ascii	"long int\000"
 851      20696E74 
 851      00
 852              	.LASF15:
 853 02a6 6C6F6E67 		.ascii	"long double\000"
 853      20646F75 
 853      626C6500 
 854              	.LASF33:
 855 02b2 77726974 		.ascii	"writeRegister_MCP23017\000"
 855      65526567 
 855      69737465 
 855      725F4D43 
 855      50323330 
 856              	.LASF13:
 857 02c9 646F7562 		.ascii	"double\000"
ARM GAS  C:\Users\HPz420\AppData\Local\Temp\ccbRsaMu.s 			page 19


 857      6C6500
 858              		.ident	"GCC: (GNU Tools for ARM Embedded Processors) 5.4.1 20160609 (release) [ARM/embedded-5-bran
