ARM GAS  C:\Users\HPz420\AppData\Local\Temp\cc6fMR6j.s 			page 1


   1              		.syntax unified
   2              		.cpu cortex-m3
   3              		.fpu softvfp
   4              		.eabi_attribute 20, 1
   5              		.eabi_attribute 21, 1
   6              		.eabi_attribute 23, 3
   7              		.eabi_attribute 24, 1
   8              		.eabi_attribute 25, 1
   9              		.eabi_attribute 26, 1
  10              		.eabi_attribute 30, 1
  11              		.eabi_attribute 34, 1
  12              		.eabi_attribute 18, 4
  13              		.thumb
  14              		.syntax unified
  15              		.file	"Sound_Counter_PM.c"
  16              		.text
  17              	.Ltext0:
  18              		.cfi_sections	.debug_frame
  19              		.section	.text.Sound_Counter_SaveConfig,"ax",%progbits
  20              		.align	2
  21              		.global	Sound_Counter_SaveConfig
  22              		.thumb
  23              		.thumb_func
  24              		.type	Sound_Counter_SaveConfig, %function
  25              	Sound_Counter_SaveConfig:
  26              	.LFB0:
  27              		.file 1 "Generated_Source\\PSoC5\\Sound_Counter_PM.c"
   1:Generated_Source\PSoC5/Sound_Counter_PM.c **** /*******************************************************************************
   2:Generated_Source\PSoC5/Sound_Counter_PM.c **** * File Name: Sound_Counter_PM.c  
   3:Generated_Source\PSoC5/Sound_Counter_PM.c **** * Version 3.0
   4:Generated_Source\PSoC5/Sound_Counter_PM.c **** *
   5:Generated_Source\PSoC5/Sound_Counter_PM.c **** *  Description:
   6:Generated_Source\PSoC5/Sound_Counter_PM.c **** *    This file provides the power management source code to API for the
   7:Generated_Source\PSoC5/Sound_Counter_PM.c **** *    Counter.  
   8:Generated_Source\PSoC5/Sound_Counter_PM.c **** *
   9:Generated_Source\PSoC5/Sound_Counter_PM.c **** *   Note:
  10:Generated_Source\PSoC5/Sound_Counter_PM.c **** *     None
  11:Generated_Source\PSoC5/Sound_Counter_PM.c **** *
  12:Generated_Source\PSoC5/Sound_Counter_PM.c **** ********************************************************************************
  13:Generated_Source\PSoC5/Sound_Counter_PM.c **** * Copyright 2008-2012, Cypress Semiconductor Corporation.  All rights reserved.
  14:Generated_Source\PSoC5/Sound_Counter_PM.c **** * You may use this file only in accordance with the license, terms, conditions, 
  15:Generated_Source\PSoC5/Sound_Counter_PM.c **** * disclaimers, and limitations in the end user license agreement accompanying 
  16:Generated_Source\PSoC5/Sound_Counter_PM.c **** * the software package with which this file was provided.
  17:Generated_Source\PSoC5/Sound_Counter_PM.c **** *******************************************************************************/
  18:Generated_Source\PSoC5/Sound_Counter_PM.c **** 
  19:Generated_Source\PSoC5/Sound_Counter_PM.c **** #include "Sound_Counter.h"
  20:Generated_Source\PSoC5/Sound_Counter_PM.c **** 
  21:Generated_Source\PSoC5/Sound_Counter_PM.c **** static Sound_Counter_backupStruct Sound_Counter_backup;
  22:Generated_Source\PSoC5/Sound_Counter_PM.c **** 
  23:Generated_Source\PSoC5/Sound_Counter_PM.c **** 
  24:Generated_Source\PSoC5/Sound_Counter_PM.c **** /*******************************************************************************
  25:Generated_Source\PSoC5/Sound_Counter_PM.c **** * Function Name: Sound_Counter_SaveConfig
  26:Generated_Source\PSoC5/Sound_Counter_PM.c **** ********************************************************************************
  27:Generated_Source\PSoC5/Sound_Counter_PM.c **** * Summary:
  28:Generated_Source\PSoC5/Sound_Counter_PM.c **** *     Save the current user configuration
  29:Generated_Source\PSoC5/Sound_Counter_PM.c **** *
  30:Generated_Source\PSoC5/Sound_Counter_PM.c **** * Parameters:  
ARM GAS  C:\Users\HPz420\AppData\Local\Temp\cc6fMR6j.s 			page 2


  31:Generated_Source\PSoC5/Sound_Counter_PM.c **** *  void
  32:Generated_Source\PSoC5/Sound_Counter_PM.c **** *
  33:Generated_Source\PSoC5/Sound_Counter_PM.c **** * Return: 
  34:Generated_Source\PSoC5/Sound_Counter_PM.c **** *  void
  35:Generated_Source\PSoC5/Sound_Counter_PM.c **** *
  36:Generated_Source\PSoC5/Sound_Counter_PM.c **** * Global variables:
  37:Generated_Source\PSoC5/Sound_Counter_PM.c **** *  Sound_Counter_backup:  Variables of this global structure are modified to 
  38:Generated_Source\PSoC5/Sound_Counter_PM.c **** *  store the values of non retention configuration registers when Sleep() API is 
  39:Generated_Source\PSoC5/Sound_Counter_PM.c **** *  called.
  40:Generated_Source\PSoC5/Sound_Counter_PM.c **** *
  41:Generated_Source\PSoC5/Sound_Counter_PM.c **** *******************************************************************************/
  42:Generated_Source\PSoC5/Sound_Counter_PM.c **** void Sound_Counter_SaveConfig(void) 
  43:Generated_Source\PSoC5/Sound_Counter_PM.c **** {
  28              		.loc 1 43 0
  29              		.cfi_startproc
  30              		@ args = 0, pretend = 0, frame = 0
  31              		@ frame_needed = 0, uses_anonymous_args = 0
  32              		@ link register save eliminated.
  33 0000 7047     		bx	lr
  34              		.cfi_endproc
  35              	.LFE0:
  36              		.size	Sound_Counter_SaveConfig, .-Sound_Counter_SaveConfig
  37 0002 00BF     		.section	.text.Sound_Counter_RestoreConfig,"ax",%progbits
  38              		.align	2
  39              		.global	Sound_Counter_RestoreConfig
  40              		.thumb
  41              		.thumb_func
  42              		.type	Sound_Counter_RestoreConfig, %function
  43              	Sound_Counter_RestoreConfig:
  44              	.LFB1:
  44:Generated_Source\PSoC5/Sound_Counter_PM.c ****     #if (!Sound_Counter_UsingFixedFunction)
  45:Generated_Source\PSoC5/Sound_Counter_PM.c **** 
  46:Generated_Source\PSoC5/Sound_Counter_PM.c ****         Sound_Counter_backup.CounterUdb = Sound_Counter_ReadCounter();
  47:Generated_Source\PSoC5/Sound_Counter_PM.c **** 
  48:Generated_Source\PSoC5/Sound_Counter_PM.c ****         #if(!Sound_Counter_ControlRegRemoved)
  49:Generated_Source\PSoC5/Sound_Counter_PM.c ****             Sound_Counter_backup.CounterControlRegister = Sound_Counter_ReadControlRegister();
  50:Generated_Source\PSoC5/Sound_Counter_PM.c ****         #endif /* (!Sound_Counter_ControlRegRemoved) */
  51:Generated_Source\PSoC5/Sound_Counter_PM.c **** 
  52:Generated_Source\PSoC5/Sound_Counter_PM.c ****     #endif /* (!Sound_Counter_UsingFixedFunction) */
  53:Generated_Source\PSoC5/Sound_Counter_PM.c **** }
  54:Generated_Source\PSoC5/Sound_Counter_PM.c **** 
  55:Generated_Source\PSoC5/Sound_Counter_PM.c **** 
  56:Generated_Source\PSoC5/Sound_Counter_PM.c **** /*******************************************************************************
  57:Generated_Source\PSoC5/Sound_Counter_PM.c **** * Function Name: Sound_Counter_RestoreConfig
  58:Generated_Source\PSoC5/Sound_Counter_PM.c **** ********************************************************************************
  59:Generated_Source\PSoC5/Sound_Counter_PM.c **** *
  60:Generated_Source\PSoC5/Sound_Counter_PM.c **** * Summary:
  61:Generated_Source\PSoC5/Sound_Counter_PM.c **** *  Restores the current user configuration.
  62:Generated_Source\PSoC5/Sound_Counter_PM.c **** *
  63:Generated_Source\PSoC5/Sound_Counter_PM.c **** * Parameters:  
  64:Generated_Source\PSoC5/Sound_Counter_PM.c **** *  void
  65:Generated_Source\PSoC5/Sound_Counter_PM.c **** *
  66:Generated_Source\PSoC5/Sound_Counter_PM.c **** * Return: 
  67:Generated_Source\PSoC5/Sound_Counter_PM.c **** *  void
  68:Generated_Source\PSoC5/Sound_Counter_PM.c **** *
  69:Generated_Source\PSoC5/Sound_Counter_PM.c **** * Global variables:
  70:Generated_Source\PSoC5/Sound_Counter_PM.c **** *  Sound_Counter_backup:  Variables of this global structure are used to 
ARM GAS  C:\Users\HPz420\AppData\Local\Temp\cc6fMR6j.s 			page 3


  71:Generated_Source\PSoC5/Sound_Counter_PM.c **** *  restore the values of non retention registers on wakeup from sleep mode.
  72:Generated_Source\PSoC5/Sound_Counter_PM.c **** *
  73:Generated_Source\PSoC5/Sound_Counter_PM.c **** *******************************************************************************/
  74:Generated_Source\PSoC5/Sound_Counter_PM.c **** void Sound_Counter_RestoreConfig(void) 
  75:Generated_Source\PSoC5/Sound_Counter_PM.c **** {      
  45              		.loc 1 75 0
  46              		.cfi_startproc
  47              		@ args = 0, pretend = 0, frame = 0
  48              		@ frame_needed = 0, uses_anonymous_args = 0
  49              		@ link register save eliminated.
  50 0000 7047     		bx	lr
  51              		.cfi_endproc
  52              	.LFE1:
  53              		.size	Sound_Counter_RestoreConfig, .-Sound_Counter_RestoreConfig
  54 0002 00BF     		.section	.text.Sound_Counter_Sleep,"ax",%progbits
  55              		.align	2
  56              		.global	Sound_Counter_Sleep
  57              		.thumb
  58              		.thumb_func
  59              		.type	Sound_Counter_Sleep, %function
  60              	Sound_Counter_Sleep:
  61              	.LFB2:
  76:Generated_Source\PSoC5/Sound_Counter_PM.c ****     #if (!Sound_Counter_UsingFixedFunction)
  77:Generated_Source\PSoC5/Sound_Counter_PM.c **** 
  78:Generated_Source\PSoC5/Sound_Counter_PM.c ****        Sound_Counter_WriteCounter(Sound_Counter_backup.CounterUdb);
  79:Generated_Source\PSoC5/Sound_Counter_PM.c **** 
  80:Generated_Source\PSoC5/Sound_Counter_PM.c ****         #if(!Sound_Counter_ControlRegRemoved)
  81:Generated_Source\PSoC5/Sound_Counter_PM.c ****             Sound_Counter_WriteControlRegister(Sound_Counter_backup.CounterControlRegister);
  82:Generated_Source\PSoC5/Sound_Counter_PM.c ****         #endif /* (!Sound_Counter_ControlRegRemoved) */
  83:Generated_Source\PSoC5/Sound_Counter_PM.c **** 
  84:Generated_Source\PSoC5/Sound_Counter_PM.c ****     #endif /* (!Sound_Counter_UsingFixedFunction) */
  85:Generated_Source\PSoC5/Sound_Counter_PM.c **** }
  86:Generated_Source\PSoC5/Sound_Counter_PM.c **** 
  87:Generated_Source\PSoC5/Sound_Counter_PM.c **** 
  88:Generated_Source\PSoC5/Sound_Counter_PM.c **** /*******************************************************************************
  89:Generated_Source\PSoC5/Sound_Counter_PM.c **** * Function Name: Sound_Counter_Sleep
  90:Generated_Source\PSoC5/Sound_Counter_PM.c **** ********************************************************************************
  91:Generated_Source\PSoC5/Sound_Counter_PM.c **** * Summary:
  92:Generated_Source\PSoC5/Sound_Counter_PM.c **** *     Stop and Save the user configuration
  93:Generated_Source\PSoC5/Sound_Counter_PM.c **** *
  94:Generated_Source\PSoC5/Sound_Counter_PM.c **** * Parameters:  
  95:Generated_Source\PSoC5/Sound_Counter_PM.c **** *  void
  96:Generated_Source\PSoC5/Sound_Counter_PM.c **** *
  97:Generated_Source\PSoC5/Sound_Counter_PM.c **** * Return: 
  98:Generated_Source\PSoC5/Sound_Counter_PM.c **** *  void
  99:Generated_Source\PSoC5/Sound_Counter_PM.c **** *
 100:Generated_Source\PSoC5/Sound_Counter_PM.c **** * Global variables:
 101:Generated_Source\PSoC5/Sound_Counter_PM.c **** *  Sound_Counter_backup.enableState:  Is modified depending on the enable 
 102:Generated_Source\PSoC5/Sound_Counter_PM.c **** *  state of the block before entering sleep mode.
 103:Generated_Source\PSoC5/Sound_Counter_PM.c **** *
 104:Generated_Source\PSoC5/Sound_Counter_PM.c **** *******************************************************************************/
 105:Generated_Source\PSoC5/Sound_Counter_PM.c **** void Sound_Counter_Sleep(void) 
 106:Generated_Source\PSoC5/Sound_Counter_PM.c **** {
  62              		.loc 1 106 0
  63              		.cfi_startproc
  64              		@ args = 0, pretend = 0, frame = 0
  65              		@ frame_needed = 0, uses_anonymous_args = 0
ARM GAS  C:\Users\HPz420\AppData\Local\Temp\cc6fMR6j.s 			page 4


  66              		.loc 1 106 0
  67 0000 08B5     		push	{r3, lr}
  68              		.cfi_def_cfa_offset 8
  69              		.cfi_offset 3, -8
  70              		.cfi_offset 14, -4
 107:Generated_Source\PSoC5/Sound_Counter_PM.c ****     #if(!Sound_Counter_ControlRegRemoved)
 108:Generated_Source\PSoC5/Sound_Counter_PM.c ****         /* Save Counter's enable state */
 109:Generated_Source\PSoC5/Sound_Counter_PM.c ****         if(Sound_Counter_CTRL_ENABLE == (Sound_Counter_CONTROL & Sound_Counter_CTRL_ENABLE))
  71              		.loc 1 109 0
  72 0002 074B     		ldr	r3, .L7
  73 0004 1B78     		ldrb	r3, [r3]	@ zero_extendqisi2
  74 0006 13F0010F 		tst	r3, #1
  75 000a 03D0     		beq	.L4
 110:Generated_Source\PSoC5/Sound_Counter_PM.c ****         {
 111:Generated_Source\PSoC5/Sound_Counter_PM.c ****             /* Counter is enabled */
 112:Generated_Source\PSoC5/Sound_Counter_PM.c ****             Sound_Counter_backup.CounterEnableState = 1u;
  76              		.loc 1 112 0
  77 000c 0122     		movs	r2, #1
  78 000e 054B     		ldr	r3, .L7+4
  79 0010 1A70     		strb	r2, [r3]
  80 0012 02E0     		b	.L5
  81              	.L4:
 113:Generated_Source\PSoC5/Sound_Counter_PM.c ****         }
 114:Generated_Source\PSoC5/Sound_Counter_PM.c ****         else
 115:Generated_Source\PSoC5/Sound_Counter_PM.c ****         {
 116:Generated_Source\PSoC5/Sound_Counter_PM.c ****             /* Counter is disabled */
 117:Generated_Source\PSoC5/Sound_Counter_PM.c ****             Sound_Counter_backup.CounterEnableState = 0u;
  82              		.loc 1 117 0
  83 0014 0022     		movs	r2, #0
  84 0016 034B     		ldr	r3, .L7+4
  85 0018 1A70     		strb	r2, [r3]
  86              	.L5:
 118:Generated_Source\PSoC5/Sound_Counter_PM.c ****         }
 119:Generated_Source\PSoC5/Sound_Counter_PM.c ****     #else
 120:Generated_Source\PSoC5/Sound_Counter_PM.c ****         Sound_Counter_backup.CounterEnableState = 1u;
 121:Generated_Source\PSoC5/Sound_Counter_PM.c ****         if(Sound_Counter_backup.CounterEnableState != 0u)
 122:Generated_Source\PSoC5/Sound_Counter_PM.c ****         {
 123:Generated_Source\PSoC5/Sound_Counter_PM.c ****             Sound_Counter_backup.CounterEnableState = 0u;
 124:Generated_Source\PSoC5/Sound_Counter_PM.c ****         }
 125:Generated_Source\PSoC5/Sound_Counter_PM.c ****     #endif /* (!Sound_Counter_ControlRegRemoved) */
 126:Generated_Source\PSoC5/Sound_Counter_PM.c ****     
 127:Generated_Source\PSoC5/Sound_Counter_PM.c ****     Sound_Counter_Stop();
  87              		.loc 1 127 0
  88 001a FFF7FEFF 		bl	Sound_Counter_Stop
  89              	.LVL0:
  90 001e 08BD     		pop	{r3, pc}
  91              	.L8:
  92              		.align	2
  93              	.L7:
  94 0020 004F0040 		.word	1073762048
  95 0024 00000000 		.word	.LANCHOR0
  96              		.cfi_endproc
  97              	.LFE2:
  98              		.size	Sound_Counter_Sleep, .-Sound_Counter_Sleep
  99              		.section	.text.Sound_Counter_Wakeup,"ax",%progbits
 100              		.align	2
 101              		.global	Sound_Counter_Wakeup
ARM GAS  C:\Users\HPz420\AppData\Local\Temp\cc6fMR6j.s 			page 5


 102              		.thumb
 103              		.thumb_func
 104              		.type	Sound_Counter_Wakeup, %function
 105              	Sound_Counter_Wakeup:
 106              	.LFB3:
 128:Generated_Source\PSoC5/Sound_Counter_PM.c ****     Sound_Counter_SaveConfig();
 129:Generated_Source\PSoC5/Sound_Counter_PM.c **** }
 130:Generated_Source\PSoC5/Sound_Counter_PM.c **** 
 131:Generated_Source\PSoC5/Sound_Counter_PM.c **** 
 132:Generated_Source\PSoC5/Sound_Counter_PM.c **** /*******************************************************************************
 133:Generated_Source\PSoC5/Sound_Counter_PM.c **** * Function Name: Sound_Counter_Wakeup
 134:Generated_Source\PSoC5/Sound_Counter_PM.c **** ********************************************************************************
 135:Generated_Source\PSoC5/Sound_Counter_PM.c **** *
 136:Generated_Source\PSoC5/Sound_Counter_PM.c **** * Summary:
 137:Generated_Source\PSoC5/Sound_Counter_PM.c **** *  Restores and enables the user configuration
 138:Generated_Source\PSoC5/Sound_Counter_PM.c **** *  
 139:Generated_Source\PSoC5/Sound_Counter_PM.c **** * Parameters:  
 140:Generated_Source\PSoC5/Sound_Counter_PM.c **** *  void
 141:Generated_Source\PSoC5/Sound_Counter_PM.c **** *
 142:Generated_Source\PSoC5/Sound_Counter_PM.c **** * Return: 
 143:Generated_Source\PSoC5/Sound_Counter_PM.c **** *  void
 144:Generated_Source\PSoC5/Sound_Counter_PM.c **** *
 145:Generated_Source\PSoC5/Sound_Counter_PM.c **** * Global variables:
 146:Generated_Source\PSoC5/Sound_Counter_PM.c **** *  Sound_Counter_backup.enableState:  Is used to restore the enable state of 
 147:Generated_Source\PSoC5/Sound_Counter_PM.c **** *  block on wakeup from sleep mode.
 148:Generated_Source\PSoC5/Sound_Counter_PM.c **** *
 149:Generated_Source\PSoC5/Sound_Counter_PM.c **** *******************************************************************************/
 150:Generated_Source\PSoC5/Sound_Counter_PM.c **** void Sound_Counter_Wakeup(void) 
 151:Generated_Source\PSoC5/Sound_Counter_PM.c **** {
 107              		.loc 1 151 0
 108              		.cfi_startproc
 109              		@ args = 0, pretend = 0, frame = 0
 110              		@ frame_needed = 0, uses_anonymous_args = 0
 111 0000 08B5     		push	{r3, lr}
 112              		.cfi_def_cfa_offset 8
 113              		.cfi_offset 3, -8
 114              		.cfi_offset 14, -4
 152:Generated_Source\PSoC5/Sound_Counter_PM.c ****     Sound_Counter_RestoreConfig();
 153:Generated_Source\PSoC5/Sound_Counter_PM.c ****     #if(!Sound_Counter_ControlRegRemoved)
 154:Generated_Source\PSoC5/Sound_Counter_PM.c ****         if(Sound_Counter_backup.CounterEnableState == 1u)
 115              		.loc 1 154 0
 116 0002 034B     		ldr	r3, .L12
 117 0004 1B78     		ldrb	r3, [r3]	@ zero_extendqisi2
 118 0006 012B     		cmp	r3, #1
 119 0008 01D1     		bne	.L9
 155:Generated_Source\PSoC5/Sound_Counter_PM.c ****         {
 156:Generated_Source\PSoC5/Sound_Counter_PM.c ****             /* Enable Counter's operation */
 157:Generated_Source\PSoC5/Sound_Counter_PM.c ****             Sound_Counter_Enable();
 120              		.loc 1 157 0
 121 000a FFF7FEFF 		bl	Sound_Counter_Enable
 122              	.LVL1:
 123              	.L9:
 124 000e 08BD     		pop	{r3, pc}
 125              	.L13:
 126              		.align	2
 127              	.L12:
 128 0010 00000000 		.word	.LANCHOR0
ARM GAS  C:\Users\HPz420\AppData\Local\Temp\cc6fMR6j.s 			page 6


 129              		.cfi_endproc
 130              	.LFE3:
 131              		.size	Sound_Counter_Wakeup, .-Sound_Counter_Wakeup
 132              		.bss
 133              		.align	2
 134              		.set	.LANCHOR0,. + 0
 135              		.type	Sound_Counter_backup, %object
 136              		.size	Sound_Counter_backup, 6
 137              	Sound_Counter_backup:
 138 0000 00000000 		.space	6
 138      0000
 139              		.text
 140              	.Letext0:
 141              		.file 2 "Generated_Source\\PSoC5\\cytypes.h"
 142              		.file 3 "Generated_Source\\PSoC5\\Sound_Counter.h"
 143              		.section	.debug_info,"",%progbits
 144              	.Ldebug_info0:
 145 0000 73010000 		.4byte	0x173
 146 0004 0400     		.2byte	0x4
 147 0006 00000000 		.4byte	.Ldebug_abbrev0
 148 000a 04       		.byte	0x4
 149 000b 01       		.uleb128 0x1
 150 000c 2F010000 		.4byte	.LASF27
 151 0010 0C       		.byte	0xc
 152 0011 14000000 		.4byte	.LASF28
 153 0015 79000000 		.4byte	.LASF29
 154 0019 00000000 		.4byte	.Ldebug_ranges0+0
 155 001d 00000000 		.4byte	0
 156 0021 00000000 		.4byte	.Ldebug_line0
 157 0025 02       		.uleb128 0x2
 158 0026 01       		.byte	0x1
 159 0027 06       		.byte	0x6
 160 0028 9F020000 		.4byte	.LASF0
 161 002c 02       		.uleb128 0x2
 162 002d 01       		.byte	0x1
 163 002e 08       		.byte	0x8
 164 002f 21010000 		.4byte	.LASF1
 165 0033 02       		.uleb128 0x2
 166 0034 02       		.byte	0x2
 167 0035 05       		.byte	0x5
 168 0036 80020000 		.4byte	.LASF2
 169 003a 02       		.uleb128 0x2
 170 003b 02       		.byte	0x2
 171 003c 07       		.byte	0x7
 172 003d 66000000 		.4byte	.LASF3
 173 0041 02       		.uleb128 0x2
 174 0042 04       		.byte	0x4
 175 0043 05       		.byte	0x5
 176 0044 8A020000 		.4byte	.LASF4
 177 0048 02       		.uleb128 0x2
 178 0049 04       		.byte	0x4
 179 004a 07       		.byte	0x7
 180 004b C2010000 		.4byte	.LASF5
 181 004f 02       		.uleb128 0x2
 182 0050 08       		.byte	0x8
 183 0051 05       		.byte	0x5
 184 0052 6D020000 		.4byte	.LASF6
ARM GAS  C:\Users\HPz420\AppData\Local\Temp\cc6fMR6j.s 			page 7


 185 0056 02       		.uleb128 0x2
 186 0057 08       		.byte	0x8
 187 0058 07       		.byte	0x7
 188 0059 3A020000 		.4byte	.LASF7
 189 005d 03       		.uleb128 0x3
 190 005e 04       		.byte	0x4
 191 005f 05       		.byte	0x5
 192 0060 696E7400 		.ascii	"int\000"
 193 0064 02       		.uleb128 0x2
 194 0065 04       		.byte	0x4
 195 0066 07       		.byte	0x7
 196 0067 2D020000 		.4byte	.LASF8
 197 006b 04       		.uleb128 0x4
 198 006c D4010000 		.4byte	.LASF9
 199 0070 02       		.byte	0x2
 200 0071 E901     		.2byte	0x1e9
 201 0073 2C000000 		.4byte	0x2c
 202 0077 04       		.uleb128 0x4
 203 0078 0B020000 		.4byte	.LASF10
 204 007c 02       		.byte	0x2
 205 007d EA01     		.2byte	0x1ea
 206 007f 3A000000 		.4byte	0x3a
 207 0083 02       		.uleb128 0x2
 208 0084 04       		.byte	0x4
 209 0085 04       		.byte	0x4
 210 0086 1B010000 		.4byte	.LASF11
 211 008a 02       		.uleb128 0x2
 212 008b 08       		.byte	0x8
 213 008c 04       		.byte	0x4
 214 008d EF010000 		.4byte	.LASF12
 215 0091 02       		.uleb128 0x2
 216 0092 01       		.byte	0x1
 217 0093 08       		.byte	0x8
 218 0094 7B020000 		.4byte	.LASF13
 219 0098 04       		.uleb128 0x4
 220 0099 BD010000 		.4byte	.LASF14
 221 009d 02       		.byte	0x2
 222 009e 9302     		.2byte	0x293
 223 00a0 A4000000 		.4byte	0xa4
 224 00a4 05       		.uleb128 0x5
 225 00a5 6B000000 		.4byte	0x6b
 226 00a9 02       		.uleb128 0x2
 227 00aa 08       		.byte	0x8
 228 00ab 04       		.byte	0x4
 229 00ac 93020000 		.4byte	.LASF15
 230 00b0 02       		.uleb128 0x2
 231 00b1 04       		.byte	0x4
 232 00b2 07       		.byte	0x7
 233 00b3 51020000 		.4byte	.LASF16
 234 00b7 06       		.uleb128 0x6
 235 00b8 06       		.byte	0x6
 236 00b9 03       		.byte	0x3
 237 00ba 40       		.byte	0x40
 238 00bb E4000000 		.4byte	0xe4
 239 00bf 07       		.uleb128 0x7
 240 00c0 5A020000 		.4byte	.LASF17
 241 00c4 03       		.byte	0x3
ARM GAS  C:\Users\HPz420\AppData\Local\Temp\cc6fMR6j.s 			page 8


 242 00c5 42       		.byte	0x42
 243 00c6 6B000000 		.4byte	0x6b
 244 00ca 00       		.byte	0
 245 00cb 07       		.uleb128 0x7
 246 00cc F9000000 		.4byte	.LASF18
 247 00d0 03       		.byte	0x3
 248 00d1 43       		.byte	0x43
 249 00d2 77000000 		.4byte	0x77
 250 00d6 02       		.byte	0x2
 251 00d7 07       		.uleb128 0x7
 252 00d8 04010000 		.4byte	.LASF19
 253 00dc 03       		.byte	0x3
 254 00dd 46       		.byte	0x46
 255 00de 6B000000 		.4byte	0x6b
 256 00e2 04       		.byte	0x4
 257 00e3 00       		.byte	0
 258 00e4 08       		.uleb128 0x8
 259 00e5 12020000 		.4byte	.LASF20
 260 00e9 03       		.byte	0x3
 261 00ea 49       		.byte	0x49
 262 00eb B7000000 		.4byte	0xb7
 263 00ef 09       		.uleb128 0x9
 264 00f0 AB020000 		.4byte	.LASF21
 265 00f4 01       		.byte	0x1
 266 00f5 2A       		.byte	0x2a
 267 00f6 00000000 		.4byte	.LFB0
 268 00fa 02000000 		.4byte	.LFE0-.LFB0
 269 00fe 01       		.uleb128 0x1
 270 00ff 9C       		.byte	0x9c
 271 0100 09       		.uleb128 0x9
 272 0101 C4020000 		.4byte	.LASF22
 273 0105 01       		.byte	0x1
 274 0106 4A       		.byte	0x4a
 275 0107 00000000 		.4byte	.LFB1
 276 010b 02000000 		.4byte	.LFE1-.LFB1
 277 010f 01       		.uleb128 0x1
 278 0110 9C       		.byte	0x9c
 279 0111 0A       		.uleb128 0xa
 280 0112 00000000 		.4byte	.LASF23
 281 0116 01       		.byte	0x1
 282 0117 69       		.byte	0x69
 283 0118 00000000 		.4byte	.LFB2
 284 011c 28000000 		.4byte	.LFE2-.LFB2
 285 0120 01       		.uleb128 0x1
 286 0121 9C       		.byte	0x9c
 287 0122 30010000 		.4byte	0x130
 288 0126 0B       		.uleb128 0xb
 289 0127 1E000000 		.4byte	.LVL0
 290 012b 60010000 		.4byte	0x160
 291 012f 00       		.byte	0
 292 0130 0A       		.uleb128 0xa
 293 0131 51000000 		.4byte	.LASF24
 294 0135 01       		.byte	0x1
 295 0136 96       		.byte	0x96
 296 0137 00000000 		.4byte	.LFB3
 297 013b 14000000 		.4byte	.LFE3-.LFB3
 298 013f 01       		.uleb128 0x1
ARM GAS  C:\Users\HPz420\AppData\Local\Temp\cc6fMR6j.s 			page 9


 299 0140 9C       		.byte	0x9c
 300 0141 4F010000 		.4byte	0x14f
 301 0145 0B       		.uleb128 0xb
 302 0146 0E000000 		.4byte	.LVL1
 303 014a 6B010000 		.4byte	0x16b
 304 014e 00       		.byte	0
 305 014f 0C       		.uleb128 0xc
 306 0150 F6010000 		.4byte	.LASF30
 307 0154 01       		.byte	0x1
 308 0155 15       		.byte	0x15
 309 0156 E4000000 		.4byte	0xe4
 310 015a 05       		.uleb128 0x5
 311 015b 03       		.byte	0x3
 312 015c 00000000 		.4byte	Sound_Counter_backup
 313 0160 0D       		.uleb128 0xd
 314 0161 3E000000 		.4byte	.LASF25
 315 0165 3E000000 		.4byte	.LASF25
 316 0169 03       		.byte	0x3
 317 016a 50       		.byte	0x50
 318 016b 0D       		.uleb128 0xd
 319 016c DA010000 		.4byte	.LASF26
 320 0170 DA010000 		.4byte	.LASF26
 321 0174 03       		.byte	0x3
 322 0175 71       		.byte	0x71
 323 0176 00       		.byte	0
 324              		.section	.debug_abbrev,"",%progbits
 325              	.Ldebug_abbrev0:
 326 0000 01       		.uleb128 0x1
 327 0001 11       		.uleb128 0x11
 328 0002 01       		.byte	0x1
 329 0003 25       		.uleb128 0x25
 330 0004 0E       		.uleb128 0xe
 331 0005 13       		.uleb128 0x13
 332 0006 0B       		.uleb128 0xb
 333 0007 03       		.uleb128 0x3
 334 0008 0E       		.uleb128 0xe
 335 0009 1B       		.uleb128 0x1b
 336 000a 0E       		.uleb128 0xe
 337 000b 55       		.uleb128 0x55
 338 000c 17       		.uleb128 0x17
 339 000d 11       		.uleb128 0x11
 340 000e 01       		.uleb128 0x1
 341 000f 10       		.uleb128 0x10
 342 0010 17       		.uleb128 0x17
 343 0011 00       		.byte	0
 344 0012 00       		.byte	0
 345 0013 02       		.uleb128 0x2
 346 0014 24       		.uleb128 0x24
 347 0015 00       		.byte	0
 348 0016 0B       		.uleb128 0xb
 349 0017 0B       		.uleb128 0xb
 350 0018 3E       		.uleb128 0x3e
 351 0019 0B       		.uleb128 0xb
 352 001a 03       		.uleb128 0x3
 353 001b 0E       		.uleb128 0xe
 354 001c 00       		.byte	0
 355 001d 00       		.byte	0
ARM GAS  C:\Users\HPz420\AppData\Local\Temp\cc6fMR6j.s 			page 10


 356 001e 03       		.uleb128 0x3
 357 001f 24       		.uleb128 0x24
 358 0020 00       		.byte	0
 359 0021 0B       		.uleb128 0xb
 360 0022 0B       		.uleb128 0xb
 361 0023 3E       		.uleb128 0x3e
 362 0024 0B       		.uleb128 0xb
 363 0025 03       		.uleb128 0x3
 364 0026 08       		.uleb128 0x8
 365 0027 00       		.byte	0
 366 0028 00       		.byte	0
 367 0029 04       		.uleb128 0x4
 368 002a 16       		.uleb128 0x16
 369 002b 00       		.byte	0
 370 002c 03       		.uleb128 0x3
 371 002d 0E       		.uleb128 0xe
 372 002e 3A       		.uleb128 0x3a
 373 002f 0B       		.uleb128 0xb
 374 0030 3B       		.uleb128 0x3b
 375 0031 05       		.uleb128 0x5
 376 0032 49       		.uleb128 0x49
 377 0033 13       		.uleb128 0x13
 378 0034 00       		.byte	0
 379 0035 00       		.byte	0
 380 0036 05       		.uleb128 0x5
 381 0037 35       		.uleb128 0x35
 382 0038 00       		.byte	0
 383 0039 49       		.uleb128 0x49
 384 003a 13       		.uleb128 0x13
 385 003b 00       		.byte	0
 386 003c 00       		.byte	0
 387 003d 06       		.uleb128 0x6
 388 003e 13       		.uleb128 0x13
 389 003f 01       		.byte	0x1
 390 0040 0B       		.uleb128 0xb
 391 0041 0B       		.uleb128 0xb
 392 0042 3A       		.uleb128 0x3a
 393 0043 0B       		.uleb128 0xb
 394 0044 3B       		.uleb128 0x3b
 395 0045 0B       		.uleb128 0xb
 396 0046 01       		.uleb128 0x1
 397 0047 13       		.uleb128 0x13
 398 0048 00       		.byte	0
 399 0049 00       		.byte	0
 400 004a 07       		.uleb128 0x7
 401 004b 0D       		.uleb128 0xd
 402 004c 00       		.byte	0
 403 004d 03       		.uleb128 0x3
 404 004e 0E       		.uleb128 0xe
 405 004f 3A       		.uleb128 0x3a
 406 0050 0B       		.uleb128 0xb
 407 0051 3B       		.uleb128 0x3b
 408 0052 0B       		.uleb128 0xb
 409 0053 49       		.uleb128 0x49
 410 0054 13       		.uleb128 0x13
 411 0055 38       		.uleb128 0x38
 412 0056 0B       		.uleb128 0xb
ARM GAS  C:\Users\HPz420\AppData\Local\Temp\cc6fMR6j.s 			page 11


 413 0057 00       		.byte	0
 414 0058 00       		.byte	0
 415 0059 08       		.uleb128 0x8
 416 005a 16       		.uleb128 0x16
 417 005b 00       		.byte	0
 418 005c 03       		.uleb128 0x3
 419 005d 0E       		.uleb128 0xe
 420 005e 3A       		.uleb128 0x3a
 421 005f 0B       		.uleb128 0xb
 422 0060 3B       		.uleb128 0x3b
 423 0061 0B       		.uleb128 0xb
 424 0062 49       		.uleb128 0x49
 425 0063 13       		.uleb128 0x13
 426 0064 00       		.byte	0
 427 0065 00       		.byte	0
 428 0066 09       		.uleb128 0x9
 429 0067 2E       		.uleb128 0x2e
 430 0068 00       		.byte	0
 431 0069 3F       		.uleb128 0x3f
 432 006a 19       		.uleb128 0x19
 433 006b 03       		.uleb128 0x3
 434 006c 0E       		.uleb128 0xe
 435 006d 3A       		.uleb128 0x3a
 436 006e 0B       		.uleb128 0xb
 437 006f 3B       		.uleb128 0x3b
 438 0070 0B       		.uleb128 0xb
 439 0071 27       		.uleb128 0x27
 440 0072 19       		.uleb128 0x19
 441 0073 11       		.uleb128 0x11
 442 0074 01       		.uleb128 0x1
 443 0075 12       		.uleb128 0x12
 444 0076 06       		.uleb128 0x6
 445 0077 40       		.uleb128 0x40
 446 0078 18       		.uleb128 0x18
 447 0079 9742     		.uleb128 0x2117
 448 007b 19       		.uleb128 0x19
 449 007c 00       		.byte	0
 450 007d 00       		.byte	0
 451 007e 0A       		.uleb128 0xa
 452 007f 2E       		.uleb128 0x2e
 453 0080 01       		.byte	0x1
 454 0081 3F       		.uleb128 0x3f
 455 0082 19       		.uleb128 0x19
 456 0083 03       		.uleb128 0x3
 457 0084 0E       		.uleb128 0xe
 458 0085 3A       		.uleb128 0x3a
 459 0086 0B       		.uleb128 0xb
 460 0087 3B       		.uleb128 0x3b
 461 0088 0B       		.uleb128 0xb
 462 0089 27       		.uleb128 0x27
 463 008a 19       		.uleb128 0x19
 464 008b 11       		.uleb128 0x11
 465 008c 01       		.uleb128 0x1
 466 008d 12       		.uleb128 0x12
 467 008e 06       		.uleb128 0x6
 468 008f 40       		.uleb128 0x40
 469 0090 18       		.uleb128 0x18
ARM GAS  C:\Users\HPz420\AppData\Local\Temp\cc6fMR6j.s 			page 12


 470 0091 9742     		.uleb128 0x2117
 471 0093 19       		.uleb128 0x19
 472 0094 01       		.uleb128 0x1
 473 0095 13       		.uleb128 0x13
 474 0096 00       		.byte	0
 475 0097 00       		.byte	0
 476 0098 0B       		.uleb128 0xb
 477 0099 898201   		.uleb128 0x4109
 478 009c 00       		.byte	0
 479 009d 11       		.uleb128 0x11
 480 009e 01       		.uleb128 0x1
 481 009f 31       		.uleb128 0x31
 482 00a0 13       		.uleb128 0x13
 483 00a1 00       		.byte	0
 484 00a2 00       		.byte	0
 485 00a3 0C       		.uleb128 0xc
 486 00a4 34       		.uleb128 0x34
 487 00a5 00       		.byte	0
 488 00a6 03       		.uleb128 0x3
 489 00a7 0E       		.uleb128 0xe
 490 00a8 3A       		.uleb128 0x3a
 491 00a9 0B       		.uleb128 0xb
 492 00aa 3B       		.uleb128 0x3b
 493 00ab 0B       		.uleb128 0xb
 494 00ac 49       		.uleb128 0x49
 495 00ad 13       		.uleb128 0x13
 496 00ae 02       		.uleb128 0x2
 497 00af 18       		.uleb128 0x18
 498 00b0 00       		.byte	0
 499 00b1 00       		.byte	0
 500 00b2 0D       		.uleb128 0xd
 501 00b3 2E       		.uleb128 0x2e
 502 00b4 00       		.byte	0
 503 00b5 3F       		.uleb128 0x3f
 504 00b6 19       		.uleb128 0x19
 505 00b7 3C       		.uleb128 0x3c
 506 00b8 19       		.uleb128 0x19
 507 00b9 6E       		.uleb128 0x6e
 508 00ba 0E       		.uleb128 0xe
 509 00bb 03       		.uleb128 0x3
 510 00bc 0E       		.uleb128 0xe
 511 00bd 3A       		.uleb128 0x3a
 512 00be 0B       		.uleb128 0xb
 513 00bf 3B       		.uleb128 0x3b
 514 00c0 0B       		.uleb128 0xb
 515 00c1 00       		.byte	0
 516 00c2 00       		.byte	0
 517 00c3 00       		.byte	0
 518              		.section	.debug_aranges,"",%progbits
 519 0000 34000000 		.4byte	0x34
 520 0004 0200     		.2byte	0x2
 521 0006 00000000 		.4byte	.Ldebug_info0
 522 000a 04       		.byte	0x4
 523 000b 00       		.byte	0
 524 000c 0000     		.2byte	0
 525 000e 0000     		.2byte	0
 526 0010 00000000 		.4byte	.LFB0
ARM GAS  C:\Users\HPz420\AppData\Local\Temp\cc6fMR6j.s 			page 13


 527 0014 02000000 		.4byte	.LFE0-.LFB0
 528 0018 00000000 		.4byte	.LFB1
 529 001c 02000000 		.4byte	.LFE1-.LFB1
 530 0020 00000000 		.4byte	.LFB2
 531 0024 28000000 		.4byte	.LFE2-.LFB2
 532 0028 00000000 		.4byte	.LFB3
 533 002c 14000000 		.4byte	.LFE3-.LFB3
 534 0030 00000000 		.4byte	0
 535 0034 00000000 		.4byte	0
 536              		.section	.debug_ranges,"",%progbits
 537              	.Ldebug_ranges0:
 538 0000 00000000 		.4byte	.LFB0
 539 0004 02000000 		.4byte	.LFE0
 540 0008 00000000 		.4byte	.LFB1
 541 000c 02000000 		.4byte	.LFE1
 542 0010 00000000 		.4byte	.LFB2
 543 0014 28000000 		.4byte	.LFE2
 544 0018 00000000 		.4byte	.LFB3
 545 001c 14000000 		.4byte	.LFE3
 546 0020 00000000 		.4byte	0
 547 0024 00000000 		.4byte	0
 548              		.section	.debug_line,"",%progbits
 549              	.Ldebug_line0:
 550 0000 AE000000 		.section	.debug_str,"MS",%progbits,1
 550      02006000 
 550      00000201 
 550      FB0E0D00 
 550      01010101 
 551              	.LASF23:
 552 0000 536F756E 		.ascii	"Sound_Counter_Sleep\000"
 552      645F436F 
 552      756E7465 
 552      725F536C 
 552      65657000 
 553              	.LASF28:
 554 0014 47656E65 		.ascii	"Generated_Source\\PSoC5\\Sound_Counter_PM.c\000"
 554      72617465 
 554      645F536F 
 554      75726365 
 554      5C50536F 
 555              	.LASF25:
 556 003e 536F756E 		.ascii	"Sound_Counter_Stop\000"
 556      645F436F 
 556      756E7465 
 556      725F5374 
 556      6F7000
 557              	.LASF24:
 558 0051 536F756E 		.ascii	"Sound_Counter_Wakeup\000"
 558      645F436F 
 558      756E7465 
 558      725F5761 
 558      6B657570 
 559              	.LASF3:
 560 0066 73686F72 		.ascii	"short unsigned int\000"
 560      7420756E 
 560      7369676E 
 560      65642069 
ARM GAS  C:\Users\HPz420\AppData\Local\Temp\cc6fMR6j.s 			page 14


 560      6E7400
 561              	.LASF29:
 562 0079 433A5C55 		.ascii	"C:\\Users\\HPz420\\Documents\\GitHub\\Doug Gillilan"
 562      73657273 
 562      5C48507A 
 562      3432305C 
 562      446F6375 
 563 00a7 645C5265 		.ascii	"d\\Retro-Computers\\Z80\\PSOC\\PSOC_Design_Files\\Z"
 563      74726F2D 
 563      436F6D70 
 563      75746572 
 563      735C5A38 
 564 00d5 38302D50 		.ascii	"80-PSoC-3-Chips_002\\Z80_3Chip.cydsn\000"
 564      536F432D 
 564      332D4368 
 564      6970735F 
 564      3030325C 
 565              	.LASF18:
 566 00f9 436F756E 		.ascii	"CounterUdb\000"
 566      74657255 
 566      646200
 567              	.LASF19:
 568 0104 436F756E 		.ascii	"CounterControlRegister\000"
 568      74657243 
 568      6F6E7472 
 568      6F6C5265 
 568      67697374 
 569              	.LASF11:
 570 011b 666C6F61 		.ascii	"float\000"
 570      7400
 571              	.LASF1:
 572 0121 756E7369 		.ascii	"unsigned char\000"
 572      676E6564 
 572      20636861 
 572      7200
 573              	.LASF27:
 574 012f 474E5520 		.ascii	"GNU C11 5.4.1 20160609 (release) [ARM/embedded-5-br"
 574      43313120 
 574      352E342E 
 574      31203230 
 574      31363036 
 575 0162 616E6368 		.ascii	"anch revision 237715] -mcpu=cortex-m3 -mthumb -g -O"
 575      20726576 
 575      6973696F 
 575      6E203233 
 575      37373135 
 576 0195 67202D66 		.ascii	"g -ffunction-sections -ffat-lto-objects\000"
 576      66756E63 
 576      74696F6E 
 576      2D736563 
 576      74696F6E 
 577              	.LASF14:
 578 01bd 72656738 		.ascii	"reg8\000"
 578      00
 579              	.LASF5:
 580 01c2 6C6F6E67 		.ascii	"long unsigned int\000"
 580      20756E73 
ARM GAS  C:\Users\HPz420\AppData\Local\Temp\cc6fMR6j.s 			page 15


 580      69676E65 
 580      6420696E 
 580      7400
 581              	.LASF9:
 582 01d4 75696E74 		.ascii	"uint8\000"
 582      3800
 583              	.LASF26:
 584 01da 536F756E 		.ascii	"Sound_Counter_Enable\000"
 584      645F436F 
 584      756E7465 
 584      725F456E 
 584      61626C65 
 585              	.LASF12:
 586 01ef 646F7562 		.ascii	"double\000"
 586      6C6500
 587              	.LASF30:
 588 01f6 536F756E 		.ascii	"Sound_Counter_backup\000"
 588      645F436F 
 588      756E7465 
 588      725F6261 
 588      636B7570 
 589              	.LASF10:
 590 020b 75696E74 		.ascii	"uint16\000"
 590      313600
 591              	.LASF20:
 592 0212 536F756E 		.ascii	"Sound_Counter_backupStruct\000"
 592      645F436F 
 592      756E7465 
 592      725F6261 
 592      636B7570 
 593              	.LASF8:
 594 022d 756E7369 		.ascii	"unsigned int\000"
 594      676E6564 
 594      20696E74 
 594      00
 595              	.LASF7:
 596 023a 6C6F6E67 		.ascii	"long long unsigned int\000"
 596      206C6F6E 
 596      6720756E 
 596      7369676E 
 596      65642069 
 597              	.LASF16:
 598 0251 73697A65 		.ascii	"sizetype\000"
 598      74797065 
 598      00
 599              	.LASF17:
 600 025a 436F756E 		.ascii	"CounterEnableState\000"
 600      74657245 
 600      6E61626C 
 600      65537461 
 600      746500
 601              	.LASF6:
 602 026d 6C6F6E67 		.ascii	"long long int\000"
 602      206C6F6E 
 602      6720696E 
 602      7400
 603              	.LASF13:
ARM GAS  C:\Users\HPz420\AppData\Local\Temp\cc6fMR6j.s 			page 16


 604 027b 63686172 		.ascii	"char\000"
 604      00
 605              	.LASF2:
 606 0280 73686F72 		.ascii	"short int\000"
 606      7420696E 
 606      7400
 607              	.LASF4:
 608 028a 6C6F6E67 		.ascii	"long int\000"
 608      20696E74 
 608      00
 609              	.LASF15:
 610 0293 6C6F6E67 		.ascii	"long double\000"
 610      20646F75 
 610      626C6500 
 611              	.LASF0:
 612 029f 7369676E 		.ascii	"signed char\000"
 612      65642063 
 612      68617200 
 613              	.LASF21:
 614 02ab 536F756E 		.ascii	"Sound_Counter_SaveConfig\000"
 614      645F436F 
 614      756E7465 
 614      725F5361 
 614      7665436F 
 615              	.LASF22:
 616 02c4 536F756E 		.ascii	"Sound_Counter_RestoreConfig\000"
 616      645F436F 
 616      756E7465 
 616      725F5265 
 616      73746F72 
 617              		.ident	"GCC: (GNU Tools for ARM Embedded Processors) 5.4.1 20160609 (release) [ARM/embedded-5-bran
