ARM GAS  C:\Users\DGILLI~1\AppData\Local\Temp\ccBSyxfK.s 			page 1


   1              		.syntax unified
   2              		.cpu cortex-m3
   3              		.fpu softvfp
   4              		.eabi_attribute 20, 1
   5              		.eabi_attribute 21, 1
   6              		.eabi_attribute 23, 3
   7              		.eabi_attribute 24, 1
   8              		.eabi_attribute 25, 1
   9              		.eabi_attribute 26, 1
  10              		.eabi_attribute 30, 1
  11              		.eabi_attribute 34, 1
  12              		.eabi_attribute 18, 4
  13              		.thumb
  14              		.syntax unified
  15              		.file	"WaveDAC8_VDAC8_PM.c"
  16              		.text
  17              	.Ltext0:
  18              		.cfi_sections	.debug_frame
  19              		.section	.text.WaveDAC8_VDAC8_SaveConfig,"ax",%progbits
  20              		.align	2
  21              		.global	WaveDAC8_VDAC8_SaveConfig
  22              		.thumb
  23              		.thumb_func
  24              		.type	WaveDAC8_VDAC8_SaveConfig, %function
  25              	WaveDAC8_VDAC8_SaveConfig:
  26              	.LFB0:
  27              		.file 1 "Generated_Source\\PSoC5\\WaveDAC8_VDAC8_PM.c"
   1:Generated_Source\PSoC5/WaveDAC8_VDAC8_PM.c **** /*******************************************************************************
   2:Generated_Source\PSoC5/WaveDAC8_VDAC8_PM.c **** * File Name: WaveDAC8_VDAC8_PM.c  
   3:Generated_Source\PSoC5/WaveDAC8_VDAC8_PM.c **** * Version 1.90
   4:Generated_Source\PSoC5/WaveDAC8_VDAC8_PM.c **** *
   5:Generated_Source\PSoC5/WaveDAC8_VDAC8_PM.c **** * Description:
   6:Generated_Source\PSoC5/WaveDAC8_VDAC8_PM.c **** *  This file provides the power management source code to API for the
   7:Generated_Source\PSoC5/WaveDAC8_VDAC8_PM.c **** *  VDAC8.  
   8:Generated_Source\PSoC5/WaveDAC8_VDAC8_PM.c **** *
   9:Generated_Source\PSoC5/WaveDAC8_VDAC8_PM.c **** * Note:
  10:Generated_Source\PSoC5/WaveDAC8_VDAC8_PM.c **** *  None
  11:Generated_Source\PSoC5/WaveDAC8_VDAC8_PM.c **** *
  12:Generated_Source\PSoC5/WaveDAC8_VDAC8_PM.c **** ********************************************************************************
  13:Generated_Source\PSoC5/WaveDAC8_VDAC8_PM.c **** * Copyright 2008-2012, Cypress Semiconductor Corporation.  All rights reserved.
  14:Generated_Source\PSoC5/WaveDAC8_VDAC8_PM.c **** * You may use this file only in accordance with the license, terms, conditions, 
  15:Generated_Source\PSoC5/WaveDAC8_VDAC8_PM.c **** * disclaimers, and limitations in the end user license agreement accompanying 
  16:Generated_Source\PSoC5/WaveDAC8_VDAC8_PM.c **** * the software package with which this file was provided.
  17:Generated_Source\PSoC5/WaveDAC8_VDAC8_PM.c **** *******************************************************************************/
  18:Generated_Source\PSoC5/WaveDAC8_VDAC8_PM.c **** 
  19:Generated_Source\PSoC5/WaveDAC8_VDAC8_PM.c **** #include "WaveDAC8_VDAC8.h"
  20:Generated_Source\PSoC5/WaveDAC8_VDAC8_PM.c **** 
  21:Generated_Source\PSoC5/WaveDAC8_VDAC8_PM.c **** static WaveDAC8_VDAC8_backupStruct WaveDAC8_VDAC8_backup;
  22:Generated_Source\PSoC5/WaveDAC8_VDAC8_PM.c **** 
  23:Generated_Source\PSoC5/WaveDAC8_VDAC8_PM.c **** 
  24:Generated_Source\PSoC5/WaveDAC8_VDAC8_PM.c **** /*******************************************************************************
  25:Generated_Source\PSoC5/WaveDAC8_VDAC8_PM.c **** * Function Name: WaveDAC8_VDAC8_SaveConfig
  26:Generated_Source\PSoC5/WaveDAC8_VDAC8_PM.c **** ********************************************************************************
  27:Generated_Source\PSoC5/WaveDAC8_VDAC8_PM.c **** * Summary:
  28:Generated_Source\PSoC5/WaveDAC8_VDAC8_PM.c **** *  Save the current user configuration
  29:Generated_Source\PSoC5/WaveDAC8_VDAC8_PM.c **** *
  30:Generated_Source\PSoC5/WaveDAC8_VDAC8_PM.c **** * Parameters:  
ARM GAS  C:\Users\DGILLI~1\AppData\Local\Temp\ccBSyxfK.s 			page 2


  31:Generated_Source\PSoC5/WaveDAC8_VDAC8_PM.c **** *  void  
  32:Generated_Source\PSoC5/WaveDAC8_VDAC8_PM.c **** *
  33:Generated_Source\PSoC5/WaveDAC8_VDAC8_PM.c **** * Return: 
  34:Generated_Source\PSoC5/WaveDAC8_VDAC8_PM.c **** *  void
  35:Generated_Source\PSoC5/WaveDAC8_VDAC8_PM.c **** *
  36:Generated_Source\PSoC5/WaveDAC8_VDAC8_PM.c **** *******************************************************************************/
  37:Generated_Source\PSoC5/WaveDAC8_VDAC8_PM.c **** void WaveDAC8_VDAC8_SaveConfig(void) 
  38:Generated_Source\PSoC5/WaveDAC8_VDAC8_PM.c **** {
  28              		.loc 1 38 0
  29              		.cfi_startproc
  30              		@ args = 0, pretend = 0, frame = 0
  31              		@ frame_needed = 0, uses_anonymous_args = 0
  32              		@ link register save eliminated.
  39:Generated_Source\PSoC5/WaveDAC8_VDAC8_PM.c ****     if (!((WaveDAC8_VDAC8_CR1 & WaveDAC8_VDAC8_SRC_MASK) == WaveDAC8_VDAC8_SRC_UDB))
  33              		.loc 1 39 0
  34 0000 044B     		ldr	r3, .L3
  35 0002 1B78     		ldrb	r3, [r3]	@ zero_extendqisi2
  36 0004 13F0200F 		tst	r3, #32
  37 0008 03D1     		bne	.L1
  40:Generated_Source\PSoC5/WaveDAC8_VDAC8_PM.c ****     {
  41:Generated_Source\PSoC5/WaveDAC8_VDAC8_PM.c ****         WaveDAC8_VDAC8_backup.data_value = WaveDAC8_VDAC8_Data;
  38              		.loc 1 41 0
  39 000a 034B     		ldr	r3, .L3+4
  40 000c 1A78     		ldrb	r2, [r3]	@ zero_extendqisi2
  41 000e 034B     		ldr	r3, .L3+8
  42 0010 5A70     		strb	r2, [r3, #1]
  43              	.L1:
  44 0012 7047     		bx	lr
  45              	.L4:
  46              		.align	2
  47              	.L3:
  48 0014 21580040 		.word	1073764385
  49 0018 805B0040 		.word	1073765248
  50 001c 00000000 		.word	.LANCHOR0
  51              		.cfi_endproc
  52              	.LFE0:
  53              		.size	WaveDAC8_VDAC8_SaveConfig, .-WaveDAC8_VDAC8_SaveConfig
  54              		.section	.text.WaveDAC8_VDAC8_RestoreConfig,"ax",%progbits
  55              		.align	2
  56              		.global	WaveDAC8_VDAC8_RestoreConfig
  57              		.thumb
  58              		.thumb_func
  59              		.type	WaveDAC8_VDAC8_RestoreConfig, %function
  60              	WaveDAC8_VDAC8_RestoreConfig:
  61              	.LFB1:
  42:Generated_Source\PSoC5/WaveDAC8_VDAC8_PM.c ****     }
  43:Generated_Source\PSoC5/WaveDAC8_VDAC8_PM.c **** }
  44:Generated_Source\PSoC5/WaveDAC8_VDAC8_PM.c **** 
  45:Generated_Source\PSoC5/WaveDAC8_VDAC8_PM.c **** 
  46:Generated_Source\PSoC5/WaveDAC8_VDAC8_PM.c **** /*******************************************************************************
  47:Generated_Source\PSoC5/WaveDAC8_VDAC8_PM.c **** * Function Name: WaveDAC8_VDAC8_RestoreConfig
  48:Generated_Source\PSoC5/WaveDAC8_VDAC8_PM.c **** ********************************************************************************
  49:Generated_Source\PSoC5/WaveDAC8_VDAC8_PM.c **** *
  50:Generated_Source\PSoC5/WaveDAC8_VDAC8_PM.c **** * Summary:
  51:Generated_Source\PSoC5/WaveDAC8_VDAC8_PM.c **** *  Restores the current user configuration.
  52:Generated_Source\PSoC5/WaveDAC8_VDAC8_PM.c **** *
  53:Generated_Source\PSoC5/WaveDAC8_VDAC8_PM.c **** * Parameters:  
ARM GAS  C:\Users\DGILLI~1\AppData\Local\Temp\ccBSyxfK.s 			page 3


  54:Generated_Source\PSoC5/WaveDAC8_VDAC8_PM.c **** *  void
  55:Generated_Source\PSoC5/WaveDAC8_VDAC8_PM.c **** *
  56:Generated_Source\PSoC5/WaveDAC8_VDAC8_PM.c **** * Return: 
  57:Generated_Source\PSoC5/WaveDAC8_VDAC8_PM.c **** *  void
  58:Generated_Source\PSoC5/WaveDAC8_VDAC8_PM.c **** *
  59:Generated_Source\PSoC5/WaveDAC8_VDAC8_PM.c **** *******************************************************************************/
  60:Generated_Source\PSoC5/WaveDAC8_VDAC8_PM.c **** void WaveDAC8_VDAC8_RestoreConfig(void) 
  61:Generated_Source\PSoC5/WaveDAC8_VDAC8_PM.c **** {
  62              		.loc 1 61 0
  63              		.cfi_startproc
  64              		@ args = 0, pretend = 0, frame = 0
  65              		@ frame_needed = 0, uses_anonymous_args = 0
  66              		@ link register save eliminated.
  62:Generated_Source\PSoC5/WaveDAC8_VDAC8_PM.c ****     if (!((WaveDAC8_VDAC8_CR1 & WaveDAC8_VDAC8_SRC_MASK) == WaveDAC8_VDAC8_SRC_UDB))
  67              		.loc 1 62 0
  68 0000 0E4B     		ldr	r3, .L8
  69 0002 1B78     		ldrb	r3, [r3]	@ zero_extendqisi2
  70 0004 13F0200F 		tst	r3, #32
  71 0008 16D1     		bne	.L5
  63:Generated_Source\PSoC5/WaveDAC8_VDAC8_PM.c ****     {
  64:Generated_Source\PSoC5/WaveDAC8_VDAC8_PM.c ****         if((WaveDAC8_VDAC8_Strobe & WaveDAC8_VDAC8_STRB_MASK) == WaveDAC8_VDAC8_STRB_EN)
  72              		.loc 1 64 0
  73 000a 0D4B     		ldr	r3, .L8+4
  74 000c 1B78     		ldrb	r3, [r3]	@ zero_extendqisi2
  75 000e 13F0080F 		tst	r3, #8
  76 0012 0DD0     		beq	.L7
  65:Generated_Source\PSoC5/WaveDAC8_VDAC8_PM.c ****         {
  66:Generated_Source\PSoC5/WaveDAC8_VDAC8_PM.c ****             WaveDAC8_VDAC8_Strobe &= (uint8)(~WaveDAC8_VDAC8_STRB_MASK);
  77              		.loc 1 66 0
  78 0014 0A4B     		ldr	r3, .L8+4
  79 0016 1A78     		ldrb	r2, [r3]	@ zero_extendqisi2
  80 0018 02F0F702 		and	r2, r2, #247
  81 001c 1A70     		strb	r2, [r3]
  67:Generated_Source\PSoC5/WaveDAC8_VDAC8_PM.c ****             WaveDAC8_VDAC8_Data = WaveDAC8_VDAC8_backup.data_value;
  82              		.loc 1 67 0
  83 001e 094A     		ldr	r2, .L8+8
  84 0020 5178     		ldrb	r1, [r2, #1]	@ zero_extendqisi2
  85 0022 094A     		ldr	r2, .L8+12
  86 0024 1170     		strb	r1, [r2]
  68:Generated_Source\PSoC5/WaveDAC8_VDAC8_PM.c ****             WaveDAC8_VDAC8_Strobe |= WaveDAC8_VDAC8_STRB_EN;
  87              		.loc 1 68 0
  88 0026 1A78     		ldrb	r2, [r3]	@ zero_extendqisi2
  89 0028 42F00802 		orr	r2, r2, #8
  90 002c 1A70     		strb	r2, [r3]
  91 002e 7047     		bx	lr
  92              	.L7:
  69:Generated_Source\PSoC5/WaveDAC8_VDAC8_PM.c ****         }
  70:Generated_Source\PSoC5/WaveDAC8_VDAC8_PM.c ****         else
  71:Generated_Source\PSoC5/WaveDAC8_VDAC8_PM.c ****         {
  72:Generated_Source\PSoC5/WaveDAC8_VDAC8_PM.c ****             WaveDAC8_VDAC8_Data = WaveDAC8_VDAC8_backup.data_value;
  93              		.loc 1 72 0
  94 0030 044B     		ldr	r3, .L8+8
  95 0032 5A78     		ldrb	r2, [r3, #1]	@ zero_extendqisi2
  96 0034 044B     		ldr	r3, .L8+12
  97 0036 1A70     		strb	r2, [r3]
  98              	.L5:
  99 0038 7047     		bx	lr
ARM GAS  C:\Users\DGILLI~1\AppData\Local\Temp\ccBSyxfK.s 			page 4


 100              	.L9:
 101 003a 00BF     		.align	2
 102              	.L8:
 103 003c 21580040 		.word	1073764385
 104 0040 875A0040 		.word	1073764999
 105 0044 00000000 		.word	.LANCHOR0
 106 0048 805B0040 		.word	1073765248
 107              		.cfi_endproc
 108              	.LFE1:
 109              		.size	WaveDAC8_VDAC8_RestoreConfig, .-WaveDAC8_VDAC8_RestoreConfig
 110              		.section	.text.WaveDAC8_VDAC8_Sleep,"ax",%progbits
 111              		.align	2
 112              		.global	WaveDAC8_VDAC8_Sleep
 113              		.thumb
 114              		.thumb_func
 115              		.type	WaveDAC8_VDAC8_Sleep, %function
 116              	WaveDAC8_VDAC8_Sleep:
 117              	.LFB2:
  73:Generated_Source\PSoC5/WaveDAC8_VDAC8_PM.c ****         }
  74:Generated_Source\PSoC5/WaveDAC8_VDAC8_PM.c ****     }
  75:Generated_Source\PSoC5/WaveDAC8_VDAC8_PM.c **** }
  76:Generated_Source\PSoC5/WaveDAC8_VDAC8_PM.c **** 
  77:Generated_Source\PSoC5/WaveDAC8_VDAC8_PM.c **** 
  78:Generated_Source\PSoC5/WaveDAC8_VDAC8_PM.c **** /*******************************************************************************
  79:Generated_Source\PSoC5/WaveDAC8_VDAC8_PM.c **** * Function Name: WaveDAC8_VDAC8_Sleep
  80:Generated_Source\PSoC5/WaveDAC8_VDAC8_PM.c **** ********************************************************************************
  81:Generated_Source\PSoC5/WaveDAC8_VDAC8_PM.c **** * Summary:
  82:Generated_Source\PSoC5/WaveDAC8_VDAC8_PM.c **** *  Stop and Save the user configuration
  83:Generated_Source\PSoC5/WaveDAC8_VDAC8_PM.c **** *
  84:Generated_Source\PSoC5/WaveDAC8_VDAC8_PM.c **** * Parameters:  
  85:Generated_Source\PSoC5/WaveDAC8_VDAC8_PM.c **** *  void:  
  86:Generated_Source\PSoC5/WaveDAC8_VDAC8_PM.c **** *
  87:Generated_Source\PSoC5/WaveDAC8_VDAC8_PM.c **** * Return: 
  88:Generated_Source\PSoC5/WaveDAC8_VDAC8_PM.c **** *  void
  89:Generated_Source\PSoC5/WaveDAC8_VDAC8_PM.c **** *
  90:Generated_Source\PSoC5/WaveDAC8_VDAC8_PM.c **** * Global variables:
  91:Generated_Source\PSoC5/WaveDAC8_VDAC8_PM.c **** *  WaveDAC8_VDAC8_backup.enableState:  Is modified depending on the enable 
  92:Generated_Source\PSoC5/WaveDAC8_VDAC8_PM.c **** *  state  of the block before entering sleep mode.
  93:Generated_Source\PSoC5/WaveDAC8_VDAC8_PM.c **** *
  94:Generated_Source\PSoC5/WaveDAC8_VDAC8_PM.c **** *******************************************************************************/
  95:Generated_Source\PSoC5/WaveDAC8_VDAC8_PM.c **** void WaveDAC8_VDAC8_Sleep(void) 
  96:Generated_Source\PSoC5/WaveDAC8_VDAC8_PM.c **** {
 118              		.loc 1 96 0
 119              		.cfi_startproc
 120              		@ args = 0, pretend = 0, frame = 0
 121              		@ frame_needed = 0, uses_anonymous_args = 0
 122 0000 08B5     		push	{r3, lr}
 123              		.cfi_def_cfa_offset 8
 124              		.cfi_offset 3, -8
 125              		.cfi_offset 14, -4
  97:Generated_Source\PSoC5/WaveDAC8_VDAC8_PM.c ****     /* Save VDAC8's enable state */    
  98:Generated_Source\PSoC5/WaveDAC8_VDAC8_PM.c ****     if(WaveDAC8_VDAC8_ACT_PWR_EN == (WaveDAC8_VDAC8_PWRMGR & WaveDAC8_VDAC8_ACT_PWR_EN))
 126              		.loc 1 98 0
 127 0002 084B     		ldr	r3, .L14
 128 0004 1B78     		ldrb	r3, [r3]	@ zero_extendqisi2
 129 0006 13F0010F 		tst	r3, #1
 130 000a 03D0     		beq	.L11
ARM GAS  C:\Users\DGILLI~1\AppData\Local\Temp\ccBSyxfK.s 			page 5


  99:Generated_Source\PSoC5/WaveDAC8_VDAC8_PM.c ****     {
 100:Generated_Source\PSoC5/WaveDAC8_VDAC8_PM.c ****         /* VDAC8 is enabled */
 101:Generated_Source\PSoC5/WaveDAC8_VDAC8_PM.c ****         WaveDAC8_VDAC8_backup.enableState = 1u;
 131              		.loc 1 101 0
 132 000c 0122     		movs	r2, #1
 133 000e 064B     		ldr	r3, .L14+4
 134 0010 1A70     		strb	r2, [r3]
 135 0012 02E0     		b	.L12
 136              	.L11:
 102:Generated_Source\PSoC5/WaveDAC8_VDAC8_PM.c ****     }
 103:Generated_Source\PSoC5/WaveDAC8_VDAC8_PM.c ****     else
 104:Generated_Source\PSoC5/WaveDAC8_VDAC8_PM.c ****     {
 105:Generated_Source\PSoC5/WaveDAC8_VDAC8_PM.c ****         /* VDAC8 is disabled */
 106:Generated_Source\PSoC5/WaveDAC8_VDAC8_PM.c ****         WaveDAC8_VDAC8_backup.enableState = 0u;
 137              		.loc 1 106 0
 138 0014 0022     		movs	r2, #0
 139 0016 044B     		ldr	r3, .L14+4
 140 0018 1A70     		strb	r2, [r3]
 141              	.L12:
 107:Generated_Source\PSoC5/WaveDAC8_VDAC8_PM.c ****     }
 108:Generated_Source\PSoC5/WaveDAC8_VDAC8_PM.c ****     
 109:Generated_Source\PSoC5/WaveDAC8_VDAC8_PM.c ****     WaveDAC8_VDAC8_Stop();
 142              		.loc 1 109 0
 143 001a FFF7FEFF 		bl	WaveDAC8_VDAC8_Stop
 144              	.LVL0:
 110:Generated_Source\PSoC5/WaveDAC8_VDAC8_PM.c ****     WaveDAC8_VDAC8_SaveConfig();
 145              		.loc 1 110 0
 146 001e FFF7FEFF 		bl	WaveDAC8_VDAC8_SaveConfig
 147              	.LVL1:
 148 0022 08BD     		pop	{r3, pc}
 149              	.L15:
 150              		.align	2
 151              	.L14:
 152 0024 A8430040 		.word	1073759144
 153 0028 00000000 		.word	.LANCHOR0
 154              		.cfi_endproc
 155              	.LFE2:
 156              		.size	WaveDAC8_VDAC8_Sleep, .-WaveDAC8_VDAC8_Sleep
 157              		.section	.text.WaveDAC8_VDAC8_Wakeup,"ax",%progbits
 158              		.align	2
 159              		.global	WaveDAC8_VDAC8_Wakeup
 160              		.thumb
 161              		.thumb_func
 162              		.type	WaveDAC8_VDAC8_Wakeup, %function
 163              	WaveDAC8_VDAC8_Wakeup:
 164              	.LFB3:
 111:Generated_Source\PSoC5/WaveDAC8_VDAC8_PM.c **** }
 112:Generated_Source\PSoC5/WaveDAC8_VDAC8_PM.c **** 
 113:Generated_Source\PSoC5/WaveDAC8_VDAC8_PM.c **** 
 114:Generated_Source\PSoC5/WaveDAC8_VDAC8_PM.c **** /*******************************************************************************
 115:Generated_Source\PSoC5/WaveDAC8_VDAC8_PM.c **** * Function Name: WaveDAC8_VDAC8_Wakeup
 116:Generated_Source\PSoC5/WaveDAC8_VDAC8_PM.c **** ********************************************************************************
 117:Generated_Source\PSoC5/WaveDAC8_VDAC8_PM.c **** *
 118:Generated_Source\PSoC5/WaveDAC8_VDAC8_PM.c **** * Summary:
 119:Generated_Source\PSoC5/WaveDAC8_VDAC8_PM.c **** *  Restores and enables the user configuration
 120:Generated_Source\PSoC5/WaveDAC8_VDAC8_PM.c **** *  
 121:Generated_Source\PSoC5/WaveDAC8_VDAC8_PM.c **** * Parameters:  
ARM GAS  C:\Users\DGILLI~1\AppData\Local\Temp\ccBSyxfK.s 			page 6


 122:Generated_Source\PSoC5/WaveDAC8_VDAC8_PM.c **** *  void
 123:Generated_Source\PSoC5/WaveDAC8_VDAC8_PM.c **** *
 124:Generated_Source\PSoC5/WaveDAC8_VDAC8_PM.c **** * Return: 
 125:Generated_Source\PSoC5/WaveDAC8_VDAC8_PM.c **** *  void
 126:Generated_Source\PSoC5/WaveDAC8_VDAC8_PM.c **** *
 127:Generated_Source\PSoC5/WaveDAC8_VDAC8_PM.c **** * Global variables:
 128:Generated_Source\PSoC5/WaveDAC8_VDAC8_PM.c **** *  WaveDAC8_VDAC8_backup.enableState:  Is used to restore the enable state of 
 129:Generated_Source\PSoC5/WaveDAC8_VDAC8_PM.c **** *  block on wakeup from sleep mode.
 130:Generated_Source\PSoC5/WaveDAC8_VDAC8_PM.c **** *
 131:Generated_Source\PSoC5/WaveDAC8_VDAC8_PM.c **** *******************************************************************************/
 132:Generated_Source\PSoC5/WaveDAC8_VDAC8_PM.c **** void WaveDAC8_VDAC8_Wakeup(void) 
 133:Generated_Source\PSoC5/WaveDAC8_VDAC8_PM.c **** {
 165              		.loc 1 133 0
 166              		.cfi_startproc
 167              		@ args = 0, pretend = 0, frame = 0
 168              		@ frame_needed = 0, uses_anonymous_args = 0
 169 0000 08B5     		push	{r3, lr}
 170              		.cfi_def_cfa_offset 8
 171              		.cfi_offset 3, -8
 172              		.cfi_offset 14, -4
 134:Generated_Source\PSoC5/WaveDAC8_VDAC8_PM.c ****     WaveDAC8_VDAC8_RestoreConfig();
 173              		.loc 1 134 0
 174 0002 FFF7FEFF 		bl	WaveDAC8_VDAC8_RestoreConfig
 175              	.LVL2:
 135:Generated_Source\PSoC5/WaveDAC8_VDAC8_PM.c ****     
 136:Generated_Source\PSoC5/WaveDAC8_VDAC8_PM.c ****     if(WaveDAC8_VDAC8_backup.enableState == 1u)
 176              		.loc 1 136 0
 177 0006 054B     		ldr	r3, .L19
 178 0008 1B78     		ldrb	r3, [r3]	@ zero_extendqisi2
 179 000a 012B     		cmp	r3, #1
 180 000c 05D1     		bne	.L16
 137:Generated_Source\PSoC5/WaveDAC8_VDAC8_PM.c ****     {
 138:Generated_Source\PSoC5/WaveDAC8_VDAC8_PM.c ****         /* Enable VDAC8's operation */
 139:Generated_Source\PSoC5/WaveDAC8_VDAC8_PM.c ****         WaveDAC8_VDAC8_Enable();
 181              		.loc 1 139 0
 182 000e FFF7FEFF 		bl	WaveDAC8_VDAC8_Enable
 183              	.LVL3:
 140:Generated_Source\PSoC5/WaveDAC8_VDAC8_PM.c **** 
 141:Generated_Source\PSoC5/WaveDAC8_VDAC8_PM.c ****         /* Restore the data register */
 142:Generated_Source\PSoC5/WaveDAC8_VDAC8_PM.c ****         WaveDAC8_VDAC8_SetValue(WaveDAC8_VDAC8_Data);
 184              		.loc 1 142 0
 185 0012 034B     		ldr	r3, .L19+4
 186 0014 1878     		ldrb	r0, [r3]	@ zero_extendqisi2
 187 0016 FFF7FEFF 		bl	WaveDAC8_VDAC8_SetValue
 188              	.LVL4:
 189              	.L16:
 190 001a 08BD     		pop	{r3, pc}
 191              	.L20:
 192              		.align	2
 193              	.L19:
 194 001c 00000000 		.word	.LANCHOR0
 195 0020 805B0040 		.word	1073765248
 196              		.cfi_endproc
 197              	.LFE3:
 198              		.size	WaveDAC8_VDAC8_Wakeup, .-WaveDAC8_VDAC8_Wakeup
 199              		.bss
 200              		.align	2
ARM GAS  C:\Users\DGILLI~1\AppData\Local\Temp\ccBSyxfK.s 			page 7


 201              		.set	.LANCHOR0,. + 0
 202              		.type	WaveDAC8_VDAC8_backup, %object
 203              		.size	WaveDAC8_VDAC8_backup, 2
 204              	WaveDAC8_VDAC8_backup:
 205 0000 0000     		.space	2
 206              		.text
 207              	.Letext0:
 208              		.file 2 "Generated_Source\\PSoC5\\cytypes.h"
 209              		.file 3 "Generated_Source\\PSoC5\\WaveDAC8_VDAC8.h"
 210              		.section	.debug_info,"",%progbits
 211              	.Ldebug_info0:
 212 0000 73010000 		.4byte	0x173
 213 0004 0400     		.2byte	0x4
 214 0006 00000000 		.4byte	.Ldebug_abbrev0
 215 000a 04       		.byte	0x4
 216 000b 01       		.uleb128 0x1
 217 000c 30010000 		.4byte	.LASF24
 218 0010 0C       		.byte	0xc
 219 0011 00000000 		.4byte	.LASF25
 220 0015 6D000000 		.4byte	.LASF26
 221 0019 00000000 		.4byte	.Ldebug_ranges0+0
 222 001d 00000000 		.4byte	0
 223 0021 00000000 		.4byte	.Ldebug_line0
 224 0025 02       		.uleb128 0x2
 225 0026 01       		.byte	0x1
 226 0027 06       		.byte	0x6
 227 0028 B0020000 		.4byte	.LASF0
 228 002c 02       		.uleb128 0x2
 229 002d 01       		.byte	0x1
 230 002e 08       		.byte	0x8
 231 002f 22010000 		.4byte	.LASF1
 232 0033 02       		.uleb128 0x2
 233 0034 02       		.byte	0x2
 234 0035 05       		.byte	0x5
 235 0036 8B020000 		.4byte	.LASF2
 236 003a 02       		.uleb128 0x2
 237 003b 02       		.byte	0x2
 238 003c 07       		.byte	0x7
 239 003d EB010000 		.4byte	.LASF3
 240 0041 02       		.uleb128 0x2
 241 0042 04       		.byte	0x4
 242 0043 05       		.byte	0x5
 243 0044 9B020000 		.4byte	.LASF4
 244 0048 02       		.uleb128 0x2
 245 0049 04       		.byte	0x4
 246 004a 07       		.byte	0x7
 247 004b D9010000 		.4byte	.LASF5
 248 004f 02       		.uleb128 0x2
 249 0050 08       		.byte	0x8
 250 0051 05       		.byte	0x5
 251 0052 62020000 		.4byte	.LASF6
 252 0056 02       		.uleb128 0x2
 253 0057 08       		.byte	0x8
 254 0058 07       		.byte	0x7
 255 0059 2F020000 		.4byte	.LASF7
 256 005d 03       		.uleb128 0x3
 257 005e 04       		.byte	0x4
ARM GAS  C:\Users\DGILLI~1\AppData\Local\Temp\ccBSyxfK.s 			page 8


 258 005f 05       		.byte	0x5
 259 0060 696E7400 		.ascii	"int\000"
 260 0064 02       		.uleb128 0x2
 261 0065 04       		.byte	0x4
 262 0066 07       		.byte	0x7
 263 0067 22020000 		.4byte	.LASF8
 264 006b 04       		.uleb128 0x4
 265 006c 95020000 		.4byte	.LASF12
 266 0070 02       		.byte	0x2
 267 0071 E401     		.2byte	0x1e4
 268 0073 2C000000 		.4byte	0x2c
 269 0077 02       		.uleb128 0x2
 270 0078 04       		.byte	0x4
 271 0079 04       		.byte	0x4
 272 007a 1C010000 		.4byte	.LASF9
 273 007e 02       		.uleb128 0x2
 274 007f 08       		.byte	0x8
 275 0080 04       		.byte	0x4
 276 0081 1B020000 		.4byte	.LASF10
 277 0085 02       		.uleb128 0x2
 278 0086 01       		.byte	0x1
 279 0087 08       		.byte	0x8
 280 0088 70020000 		.4byte	.LASF11
 281 008c 04       		.uleb128 0x4
 282 008d BE010000 		.4byte	.LASF13
 283 0091 02       		.byte	0x2
 284 0092 8E02     		.2byte	0x28e
 285 0094 98000000 		.4byte	0x98
 286 0098 05       		.uleb128 0x5
 287 0099 6B000000 		.4byte	0x6b
 288 009d 06       		.uleb128 0x6
 289 009e 02       		.byte	0x2
 290 009f 03       		.byte	0x3
 291 00a0 25       		.byte	0x25
 292 00a1 BE000000 		.4byte	0xbe
 293 00a5 07       		.uleb128 0x7
 294 00a6 A4020000 		.4byte	.LASF14
 295 00aa 03       		.byte	0x3
 296 00ab 27       		.byte	0x27
 297 00ac 6B000000 		.4byte	0x6b
 298 00b0 00       		.byte	0
 299 00b1 07       		.uleb128 0x7
 300 00b2 11010000 		.4byte	.LASF15
 301 00b6 03       		.byte	0x3
 302 00b7 28       		.byte	0x28
 303 00b8 6B000000 		.4byte	0x6b
 304 00bc 01       		.byte	0x1
 305 00bd 00       		.byte	0
 306 00be 08       		.uleb128 0x8
 307 00bf 46020000 		.4byte	.LASF16
 308 00c3 03       		.byte	0x3
 309 00c4 29       		.byte	0x29
 310 00c5 9D000000 		.4byte	0x9d
 311 00c9 09       		.uleb128 0x9
 312 00ca F7000000 		.4byte	.LASF17
 313 00ce 01       		.byte	0x1
 314 00cf 25       		.byte	0x25
ARM GAS  C:\Users\DGILLI~1\AppData\Local\Temp\ccBSyxfK.s 			page 9


 315 00d0 00000000 		.4byte	.LFB0
 316 00d4 20000000 		.4byte	.LFE0-.LFB0
 317 00d8 01       		.uleb128 0x1
 318 00d9 9C       		.byte	0x9c
 319 00da 09       		.uleb128 0x9
 320 00db FE010000 		.4byte	.LASF18
 321 00df 01       		.byte	0x1
 322 00e0 3C       		.byte	0x3c
 323 00e1 00000000 		.4byte	.LFB1
 324 00e5 4C000000 		.4byte	.LFE1-.LFB1
 325 00e9 01       		.uleb128 0x1
 326 00ea 9C       		.byte	0x9c
 327 00eb 0A       		.uleb128 0xa
 328 00ec E2000000 		.4byte	.LASF19
 329 00f0 01       		.byte	0x1
 330 00f1 5F       		.byte	0x5f
 331 00f2 00000000 		.4byte	.LFB2
 332 00f6 2C000000 		.4byte	.LFE2-.LFB2
 333 00fa 01       		.uleb128 0x1
 334 00fb 9C       		.byte	0x9c
 335 00fc 13010000 		.4byte	0x113
 336 0100 0B       		.uleb128 0xb
 337 0101 1E000000 		.4byte	.LVL0
 338 0105 55010000 		.4byte	0x155
 339 0109 0B       		.uleb128 0xb
 340 010a 22000000 		.4byte	.LVL1
 341 010e C9000000 		.4byte	0xc9
 342 0112 00       		.byte	0
 343 0113 0A       		.uleb128 0xa
 344 0114 C3010000 		.4byte	.LASF20
 345 0118 01       		.byte	0x1
 346 0119 84       		.byte	0x84
 347 011a 00000000 		.4byte	.LFB3
 348 011e 24000000 		.4byte	.LFE3-.LFB3
 349 0122 01       		.uleb128 0x1
 350 0123 9C       		.byte	0x9c
 351 0124 44010000 		.4byte	0x144
 352 0128 0B       		.uleb128 0xb
 353 0129 06000000 		.4byte	.LVL2
 354 012d DA000000 		.4byte	0xda
 355 0131 0B       		.uleb128 0xb
 356 0132 12000000 		.4byte	.LVL3
 357 0136 60010000 		.4byte	0x160
 358 013a 0B       		.uleb128 0xb
 359 013b 1A000000 		.4byte	.LVL4
 360 013f 6B010000 		.4byte	0x16b
 361 0143 00       		.byte	0
 362 0144 0C       		.uleb128 0xc
 363 0145 57000000 		.4byte	.LASF27
 364 0149 01       		.byte	0x1
 365 014a 15       		.byte	0x15
 366 014b BE000000 		.4byte	0xbe
 367 014f 05       		.uleb128 0x5
 368 0150 03       		.byte	0x3
 369 0151 00000000 		.4byte	WaveDAC8_VDAC8_backup
 370 0155 0D       		.uleb128 0xd
 371 0156 2B000000 		.4byte	.LASF21
ARM GAS  C:\Users\DGILLI~1\AppData\Local\Temp\ccBSyxfK.s 			page 10


 372 015a 2B000000 		.4byte	.LASF21
 373 015e 03       		.byte	0x3
 374 015f 34       		.byte	0x34
 375 0160 0D       		.uleb128 0xd
 376 0161 75020000 		.4byte	.LASF22
 377 0165 75020000 		.4byte	.LASF22
 378 0169 03       		.byte	0x3
 379 016a 3A       		.byte	0x3a
 380 016b 0D       		.uleb128 0xd
 381 016c 3F000000 		.4byte	.LASF23
 382 0170 3F000000 		.4byte	.LASF23
 383 0174 03       		.byte	0x3
 384 0175 37       		.byte	0x37
 385 0176 00       		.byte	0
 386              		.section	.debug_abbrev,"",%progbits
 387              	.Ldebug_abbrev0:
 388 0000 01       		.uleb128 0x1
 389 0001 11       		.uleb128 0x11
 390 0002 01       		.byte	0x1
 391 0003 25       		.uleb128 0x25
 392 0004 0E       		.uleb128 0xe
 393 0005 13       		.uleb128 0x13
 394 0006 0B       		.uleb128 0xb
 395 0007 03       		.uleb128 0x3
 396 0008 0E       		.uleb128 0xe
 397 0009 1B       		.uleb128 0x1b
 398 000a 0E       		.uleb128 0xe
 399 000b 55       		.uleb128 0x55
 400 000c 17       		.uleb128 0x17
 401 000d 11       		.uleb128 0x11
 402 000e 01       		.uleb128 0x1
 403 000f 10       		.uleb128 0x10
 404 0010 17       		.uleb128 0x17
 405 0011 00       		.byte	0
 406 0012 00       		.byte	0
 407 0013 02       		.uleb128 0x2
 408 0014 24       		.uleb128 0x24
 409 0015 00       		.byte	0
 410 0016 0B       		.uleb128 0xb
 411 0017 0B       		.uleb128 0xb
 412 0018 3E       		.uleb128 0x3e
 413 0019 0B       		.uleb128 0xb
 414 001a 03       		.uleb128 0x3
 415 001b 0E       		.uleb128 0xe
 416 001c 00       		.byte	0
 417 001d 00       		.byte	0
 418 001e 03       		.uleb128 0x3
 419 001f 24       		.uleb128 0x24
 420 0020 00       		.byte	0
 421 0021 0B       		.uleb128 0xb
 422 0022 0B       		.uleb128 0xb
 423 0023 3E       		.uleb128 0x3e
 424 0024 0B       		.uleb128 0xb
 425 0025 03       		.uleb128 0x3
 426 0026 08       		.uleb128 0x8
 427 0027 00       		.byte	0
 428 0028 00       		.byte	0
ARM GAS  C:\Users\DGILLI~1\AppData\Local\Temp\ccBSyxfK.s 			page 11


 429 0029 04       		.uleb128 0x4
 430 002a 16       		.uleb128 0x16
 431 002b 00       		.byte	0
 432 002c 03       		.uleb128 0x3
 433 002d 0E       		.uleb128 0xe
 434 002e 3A       		.uleb128 0x3a
 435 002f 0B       		.uleb128 0xb
 436 0030 3B       		.uleb128 0x3b
 437 0031 05       		.uleb128 0x5
 438 0032 49       		.uleb128 0x49
 439 0033 13       		.uleb128 0x13
 440 0034 00       		.byte	0
 441 0035 00       		.byte	0
 442 0036 05       		.uleb128 0x5
 443 0037 35       		.uleb128 0x35
 444 0038 00       		.byte	0
 445 0039 49       		.uleb128 0x49
 446 003a 13       		.uleb128 0x13
 447 003b 00       		.byte	0
 448 003c 00       		.byte	0
 449 003d 06       		.uleb128 0x6
 450 003e 13       		.uleb128 0x13
 451 003f 01       		.byte	0x1
 452 0040 0B       		.uleb128 0xb
 453 0041 0B       		.uleb128 0xb
 454 0042 3A       		.uleb128 0x3a
 455 0043 0B       		.uleb128 0xb
 456 0044 3B       		.uleb128 0x3b
 457 0045 0B       		.uleb128 0xb
 458 0046 01       		.uleb128 0x1
 459 0047 13       		.uleb128 0x13
 460 0048 00       		.byte	0
 461 0049 00       		.byte	0
 462 004a 07       		.uleb128 0x7
 463 004b 0D       		.uleb128 0xd
 464 004c 00       		.byte	0
 465 004d 03       		.uleb128 0x3
 466 004e 0E       		.uleb128 0xe
 467 004f 3A       		.uleb128 0x3a
 468 0050 0B       		.uleb128 0xb
 469 0051 3B       		.uleb128 0x3b
 470 0052 0B       		.uleb128 0xb
 471 0053 49       		.uleb128 0x49
 472 0054 13       		.uleb128 0x13
 473 0055 38       		.uleb128 0x38
 474 0056 0B       		.uleb128 0xb
 475 0057 00       		.byte	0
 476 0058 00       		.byte	0
 477 0059 08       		.uleb128 0x8
 478 005a 16       		.uleb128 0x16
 479 005b 00       		.byte	0
 480 005c 03       		.uleb128 0x3
 481 005d 0E       		.uleb128 0xe
 482 005e 3A       		.uleb128 0x3a
 483 005f 0B       		.uleb128 0xb
 484 0060 3B       		.uleb128 0x3b
 485 0061 0B       		.uleb128 0xb
ARM GAS  C:\Users\DGILLI~1\AppData\Local\Temp\ccBSyxfK.s 			page 12


 486 0062 49       		.uleb128 0x49
 487 0063 13       		.uleb128 0x13
 488 0064 00       		.byte	0
 489 0065 00       		.byte	0
 490 0066 09       		.uleb128 0x9
 491 0067 2E       		.uleb128 0x2e
 492 0068 00       		.byte	0
 493 0069 3F       		.uleb128 0x3f
 494 006a 19       		.uleb128 0x19
 495 006b 03       		.uleb128 0x3
 496 006c 0E       		.uleb128 0xe
 497 006d 3A       		.uleb128 0x3a
 498 006e 0B       		.uleb128 0xb
 499 006f 3B       		.uleb128 0x3b
 500 0070 0B       		.uleb128 0xb
 501 0071 27       		.uleb128 0x27
 502 0072 19       		.uleb128 0x19
 503 0073 11       		.uleb128 0x11
 504 0074 01       		.uleb128 0x1
 505 0075 12       		.uleb128 0x12
 506 0076 06       		.uleb128 0x6
 507 0077 40       		.uleb128 0x40
 508 0078 18       		.uleb128 0x18
 509 0079 9742     		.uleb128 0x2117
 510 007b 19       		.uleb128 0x19
 511 007c 00       		.byte	0
 512 007d 00       		.byte	0
 513 007e 0A       		.uleb128 0xa
 514 007f 2E       		.uleb128 0x2e
 515 0080 01       		.byte	0x1
 516 0081 3F       		.uleb128 0x3f
 517 0082 19       		.uleb128 0x19
 518 0083 03       		.uleb128 0x3
 519 0084 0E       		.uleb128 0xe
 520 0085 3A       		.uleb128 0x3a
 521 0086 0B       		.uleb128 0xb
 522 0087 3B       		.uleb128 0x3b
 523 0088 0B       		.uleb128 0xb
 524 0089 27       		.uleb128 0x27
 525 008a 19       		.uleb128 0x19
 526 008b 11       		.uleb128 0x11
 527 008c 01       		.uleb128 0x1
 528 008d 12       		.uleb128 0x12
 529 008e 06       		.uleb128 0x6
 530 008f 40       		.uleb128 0x40
 531 0090 18       		.uleb128 0x18
 532 0091 9742     		.uleb128 0x2117
 533 0093 19       		.uleb128 0x19
 534 0094 01       		.uleb128 0x1
 535 0095 13       		.uleb128 0x13
 536 0096 00       		.byte	0
 537 0097 00       		.byte	0
 538 0098 0B       		.uleb128 0xb
 539 0099 898201   		.uleb128 0x4109
 540 009c 00       		.byte	0
 541 009d 11       		.uleb128 0x11
 542 009e 01       		.uleb128 0x1
ARM GAS  C:\Users\DGILLI~1\AppData\Local\Temp\ccBSyxfK.s 			page 13


 543 009f 31       		.uleb128 0x31
 544 00a0 13       		.uleb128 0x13
 545 00a1 00       		.byte	0
 546 00a2 00       		.byte	0
 547 00a3 0C       		.uleb128 0xc
 548 00a4 34       		.uleb128 0x34
 549 00a5 00       		.byte	0
 550 00a6 03       		.uleb128 0x3
 551 00a7 0E       		.uleb128 0xe
 552 00a8 3A       		.uleb128 0x3a
 553 00a9 0B       		.uleb128 0xb
 554 00aa 3B       		.uleb128 0x3b
 555 00ab 0B       		.uleb128 0xb
 556 00ac 49       		.uleb128 0x49
 557 00ad 13       		.uleb128 0x13
 558 00ae 02       		.uleb128 0x2
 559 00af 18       		.uleb128 0x18
 560 00b0 00       		.byte	0
 561 00b1 00       		.byte	0
 562 00b2 0D       		.uleb128 0xd
 563 00b3 2E       		.uleb128 0x2e
 564 00b4 00       		.byte	0
 565 00b5 3F       		.uleb128 0x3f
 566 00b6 19       		.uleb128 0x19
 567 00b7 3C       		.uleb128 0x3c
 568 00b8 19       		.uleb128 0x19
 569 00b9 6E       		.uleb128 0x6e
 570 00ba 0E       		.uleb128 0xe
 571 00bb 03       		.uleb128 0x3
 572 00bc 0E       		.uleb128 0xe
 573 00bd 3A       		.uleb128 0x3a
 574 00be 0B       		.uleb128 0xb
 575 00bf 3B       		.uleb128 0x3b
 576 00c0 0B       		.uleb128 0xb
 577 00c1 00       		.byte	0
 578 00c2 00       		.byte	0
 579 00c3 00       		.byte	0
 580              		.section	.debug_aranges,"",%progbits
 581 0000 34000000 		.4byte	0x34
 582 0004 0200     		.2byte	0x2
 583 0006 00000000 		.4byte	.Ldebug_info0
 584 000a 04       		.byte	0x4
 585 000b 00       		.byte	0
 586 000c 0000     		.2byte	0
 587 000e 0000     		.2byte	0
 588 0010 00000000 		.4byte	.LFB0
 589 0014 20000000 		.4byte	.LFE0-.LFB0
 590 0018 00000000 		.4byte	.LFB1
 591 001c 4C000000 		.4byte	.LFE1-.LFB1
 592 0020 00000000 		.4byte	.LFB2
 593 0024 2C000000 		.4byte	.LFE2-.LFB2
 594 0028 00000000 		.4byte	.LFB3
 595 002c 24000000 		.4byte	.LFE3-.LFB3
 596 0030 00000000 		.4byte	0
 597 0034 00000000 		.4byte	0
 598              		.section	.debug_ranges,"",%progbits
 599              	.Ldebug_ranges0:
ARM GAS  C:\Users\DGILLI~1\AppData\Local\Temp\ccBSyxfK.s 			page 14


 600 0000 00000000 		.4byte	.LFB0
 601 0004 20000000 		.4byte	.LFE0
 602 0008 00000000 		.4byte	.LFB1
 603 000c 4C000000 		.4byte	.LFE1
 604 0010 00000000 		.4byte	.LFB2
 605 0014 2C000000 		.4byte	.LFE2
 606 0018 00000000 		.4byte	.LFB3
 607 001c 24000000 		.4byte	.LFE3
 608 0020 00000000 		.4byte	0
 609 0024 00000000 		.4byte	0
 610              		.section	.debug_line,"",%progbits
 611              	.Ldebug_line0:
 612 0000 B7000000 		.section	.debug_str,"MS",%progbits,1
 612      02006200 
 612      00000201 
 612      FB0E0D00 
 612      01010101 
 613              	.LASF25:
 614 0000 47656E65 		.ascii	"Generated_Source\\PSoC5\\WaveDAC8_VDAC8_PM.c\000"
 614      72617465 
 614      645F536F 
 614      75726365 
 614      5C50536F 
 615              	.LASF21:
 616 002b 57617665 		.ascii	"WaveDAC8_VDAC8_Stop\000"
 616      44414338 
 616      5F564441 
 616      43385F53 
 616      746F7000 
 617              	.LASF23:
 618 003f 57617665 		.ascii	"WaveDAC8_VDAC8_SetValue\000"
 618      44414338 
 618      5F564441 
 618      43385F53 
 618      65745661 
 619              	.LASF27:
 620 0057 57617665 		.ascii	"WaveDAC8_VDAC8_backup\000"
 620      44414338 
 620      5F564441 
 620      43385F62 
 620      61636B75 
 621              	.LASF26:
 622 006d 433A5C55 		.ascii	"C:\\Users\\dgilliland\\Documents\\GitHub\\Retro-Com"
 622      73657273 
 622      5C646769 
 622      6C6C696C 
 622      616E645C 
 623 009b 70757465 		.ascii	"puters\\Z80\\PSOC\\PSOC_Design_Files\\Z80-PSoC-3-Ch"
 623      72735C5A 
 623      38305C50 
 623      534F435C 
 623      50534F43 
 624 00ca 6970735F 		.ascii	"ips_002\\Z80_3Chip.cydsn\000"
 624      3030325C 
 624      5A38305F 
 624      33436869 
 624      702E6379 
ARM GAS  C:\Users\DGILLI~1\AppData\Local\Temp\ccBSyxfK.s 			page 15


 625              	.LASF19:
 626 00e2 57617665 		.ascii	"WaveDAC8_VDAC8_Sleep\000"
 626      44414338 
 626      5F564441 
 626      43385F53 
 626      6C656570 
 627              	.LASF17:
 628 00f7 57617665 		.ascii	"WaveDAC8_VDAC8_SaveConfig\000"
 628      44414338 
 628      5F564441 
 628      43385F53 
 628      61766543 
 629              	.LASF15:
 630 0111 64617461 		.ascii	"data_value\000"
 630      5F76616C 
 630      756500
 631              	.LASF9:
 632 011c 666C6F61 		.ascii	"float\000"
 632      7400
 633              	.LASF1:
 634 0122 756E7369 		.ascii	"unsigned char\000"
 634      676E6564 
 634      20636861 
 634      7200
 635              	.LASF24:
 636 0130 474E5520 		.ascii	"GNU C11 5.4.1 20160609 (release) [ARM/embedded-5-br"
 636      43313120 
 636      352E342E 
 636      31203230 
 636      31363036 
 637 0163 616E6368 		.ascii	"anch revision 237715] -mcpu=cortex-m3 -mthumb -g -O"
 637      20726576 
 637      6973696F 
 637      6E203233 
 637      37373135 
 638 0196 67202D66 		.ascii	"g -ffunction-sections -ffat-lto-objects\000"
 638      66756E63 
 638      74696F6E 
 638      2D736563 
 638      74696F6E 
 639              	.LASF13:
 640 01be 72656738 		.ascii	"reg8\000"
 640      00
 641              	.LASF20:
 642 01c3 57617665 		.ascii	"WaveDAC8_VDAC8_Wakeup\000"
 642      44414338 
 642      5F564441 
 642      43385F57 
 642      616B6575 
 643              	.LASF5:
 644 01d9 6C6F6E67 		.ascii	"long unsigned int\000"
 644      20756E73 
 644      69676E65 
 644      6420696E 
 644      7400
 645              	.LASF3:
 646 01eb 73686F72 		.ascii	"short unsigned int\000"
ARM GAS  C:\Users\DGILLI~1\AppData\Local\Temp\ccBSyxfK.s 			page 16


 646      7420756E 
 646      7369676E 
 646      65642069 
 646      6E7400
 647              	.LASF18:
 648 01fe 57617665 		.ascii	"WaveDAC8_VDAC8_RestoreConfig\000"
 648      44414338 
 648      5F564441 
 648      43385F52 
 648      6573746F 
 649              	.LASF10:
 650 021b 646F7562 		.ascii	"double\000"
 650      6C6500
 651              	.LASF8:
 652 0222 756E7369 		.ascii	"unsigned int\000"
 652      676E6564 
 652      20696E74 
 652      00
 653              	.LASF7:
 654 022f 6C6F6E67 		.ascii	"long long unsigned int\000"
 654      206C6F6E 
 654      6720756E 
 654      7369676E 
 654      65642069 
 655              	.LASF16:
 656 0246 57617665 		.ascii	"WaveDAC8_VDAC8_backupStruct\000"
 656      44414338 
 656      5F564441 
 656      43385F62 
 656      61636B75 
 657              	.LASF6:
 658 0262 6C6F6E67 		.ascii	"long long int\000"
 658      206C6F6E 
 658      6720696E 
 658      7400
 659              	.LASF11:
 660 0270 63686172 		.ascii	"char\000"
 660      00
 661              	.LASF22:
 662 0275 57617665 		.ascii	"WaveDAC8_VDAC8_Enable\000"
 662      44414338 
 662      5F564441 
 662      43385F45 
 662      6E61626C 
 663              	.LASF2:
 664 028b 73686F72 		.ascii	"short int\000"
 664      7420696E 
 664      7400
 665              	.LASF12:
 666 0295 75696E74 		.ascii	"uint8\000"
 666      3800
 667              	.LASF4:
 668 029b 6C6F6E67 		.ascii	"long int\000"
 668      20696E74 
 668      00
 669              	.LASF14:
 670 02a4 656E6162 		.ascii	"enableState\000"
ARM GAS  C:\Users\DGILLI~1\AppData\Local\Temp\ccBSyxfK.s 			page 17


 670      6C655374 
 670      61746500 
 671              	.LASF0:
 672 02b0 7369676E 		.ascii	"signed char\000"
 672      65642063 
 672      68617200 
 673              		.ident	"GCC: (GNU Tools for ARM Embedded Processors) 5.4.1 20160609 (release) [ARM/embedded-5-bran
