ARM GAS  C:\Users\DGILLI~1\AppData\Local\Temp\cc1zIlXL.s 			page 1


   1              		.syntax unified
   2              		.cpu cortex-m3
   3              		.fpu softvfp
   4              		.eabi_attribute 20, 1
   5              		.eabi_attribute 21, 1
   6              		.eabi_attribute 23, 3
   7              		.eabi_attribute 24, 1
   8              		.eabi_attribute 25, 1
   9              		.eabi_attribute 26, 1
  10              		.eabi_attribute 30, 1
  11              		.eabi_attribute 34, 1
  12              		.eabi_attribute 18, 4
  13              		.thumb
  14              		.syntax unified
  15              		.file	"WaveDAC8_PM.c"
  16              		.text
  17              	.Ltext0:
  18              		.cfi_sections	.debug_frame
  19              		.section	.text.WaveDAC8_Sleep,"ax",%progbits
  20              		.align	2
  21              		.global	WaveDAC8_Sleep
  22              		.thumb
  23              		.thumb_func
  24              		.type	WaveDAC8_Sleep, %function
  25              	WaveDAC8_Sleep:
  26              	.LFB0:
  27              		.file 1 "Generated_Source\\PSoC5\\WaveDAC8_PM.c"
   1:Generated_Source\PSoC5/WaveDAC8_PM.c **** /*******************************************************************************
   2:Generated_Source\PSoC5/WaveDAC8_PM.c **** * File Name: WaveDAC8_PM.c  
   3:Generated_Source\PSoC5/WaveDAC8_PM.c **** * Version 2.10
   4:Generated_Source\PSoC5/WaveDAC8_PM.c **** *
   5:Generated_Source\PSoC5/WaveDAC8_PM.c **** * Description:
   6:Generated_Source\PSoC5/WaveDAC8_PM.c **** *  This file provides the power manager source code to the API for 
   7:Generated_Source\PSoC5/WaveDAC8_PM.c **** *  the WaveDAC8 component.
   8:Generated_Source\PSoC5/WaveDAC8_PM.c **** *
   9:Generated_Source\PSoC5/WaveDAC8_PM.c **** ********************************************************************************
  10:Generated_Source\PSoC5/WaveDAC8_PM.c **** * Copyright 2013, Cypress Semiconductor Corporation.  All rights reserved.
  11:Generated_Source\PSoC5/WaveDAC8_PM.c **** * You may use this file only in accordance with the license, terms, conditions, 
  12:Generated_Source\PSoC5/WaveDAC8_PM.c **** * disclaimers, and limitations in the end user license agreement accompanying 
  13:Generated_Source\PSoC5/WaveDAC8_PM.c **** * the software package with which this file was provided.
  14:Generated_Source\PSoC5/WaveDAC8_PM.c **** *******************************************************************************/
  15:Generated_Source\PSoC5/WaveDAC8_PM.c **** 
  16:Generated_Source\PSoC5/WaveDAC8_PM.c **** #include "WaveDAC8.h"
  17:Generated_Source\PSoC5/WaveDAC8_PM.c **** 
  18:Generated_Source\PSoC5/WaveDAC8_PM.c **** static WaveDAC8_BACKUP_STRUCT  WaveDAC8_backup;
  19:Generated_Source\PSoC5/WaveDAC8_PM.c **** 
  20:Generated_Source\PSoC5/WaveDAC8_PM.c **** 
  21:Generated_Source\PSoC5/WaveDAC8_PM.c **** /*******************************************************************************
  22:Generated_Source\PSoC5/WaveDAC8_PM.c **** * Function Name: WaveDAC8_Sleep
  23:Generated_Source\PSoC5/WaveDAC8_PM.c **** ********************************************************************************
  24:Generated_Source\PSoC5/WaveDAC8_PM.c **** *
  25:Generated_Source\PSoC5/WaveDAC8_PM.c **** * Summary:
  26:Generated_Source\PSoC5/WaveDAC8_PM.c **** *  Stops the component and saves its configuration. Should be called 
  27:Generated_Source\PSoC5/WaveDAC8_PM.c **** *  just prior to entering sleep.
  28:Generated_Source\PSoC5/WaveDAC8_PM.c **** *  
  29:Generated_Source\PSoC5/WaveDAC8_PM.c **** * Parameters:  
  30:Generated_Source\PSoC5/WaveDAC8_PM.c **** *  None
ARM GAS  C:\Users\DGILLI~1\AppData\Local\Temp\cc1zIlXL.s 			page 2


  31:Generated_Source\PSoC5/WaveDAC8_PM.c **** *
  32:Generated_Source\PSoC5/WaveDAC8_PM.c **** * Return: 
  33:Generated_Source\PSoC5/WaveDAC8_PM.c **** *  None
  34:Generated_Source\PSoC5/WaveDAC8_PM.c **** *
  35:Generated_Source\PSoC5/WaveDAC8_PM.c **** * Global variables:
  36:Generated_Source\PSoC5/WaveDAC8_PM.c **** *  WaveDAC8_backup:  The structure field 'enableState' is modified 
  37:Generated_Source\PSoC5/WaveDAC8_PM.c **** *  depending on the enable state of the block before entering to sleep mode.
  38:Generated_Source\PSoC5/WaveDAC8_PM.c **** *
  39:Generated_Source\PSoC5/WaveDAC8_PM.c **** * Reentrant:
  40:Generated_Source\PSoC5/WaveDAC8_PM.c **** *  No
  41:Generated_Source\PSoC5/WaveDAC8_PM.c **** *
  42:Generated_Source\PSoC5/WaveDAC8_PM.c **** *******************************************************************************/
  43:Generated_Source\PSoC5/WaveDAC8_PM.c **** void WaveDAC8_Sleep(void) 
  44:Generated_Source\PSoC5/WaveDAC8_PM.c **** {
  28              		.loc 1 44 0
  29              		.cfi_startproc
  30              		@ args = 0, pretend = 0, frame = 0
  31              		@ frame_needed = 0, uses_anonymous_args = 0
  32 0000 08B5     		push	{r3, lr}
  33              		.cfi_def_cfa_offset 8
  34              		.cfi_offset 3, -8
  35              		.cfi_offset 14, -4
  45:Generated_Source\PSoC5/WaveDAC8_PM.c **** 	/* Save DAC8's enable state */
  46:Generated_Source\PSoC5/WaveDAC8_PM.c **** 
  47:Generated_Source\PSoC5/WaveDAC8_PM.c **** 	WaveDAC8_backup.enableState = (WaveDAC8_VDAC8_ACT_PWR_EN == 
  48:Generated_Source\PSoC5/WaveDAC8_PM.c **** 		(WaveDAC8_VDAC8_PWRMGR_REG & WaveDAC8_VDAC8_ACT_PWR_EN)) ? 1u : 0u ;
  36              		.loc 1 48 0
  37 0002 054B     		ldr	r3, .L3
  38 0004 1B78     		ldrb	r3, [r3]	@ zero_extendqisi2
  47:Generated_Source\PSoC5/WaveDAC8_PM.c **** 		(WaveDAC8_VDAC8_PWRMGR_REG & WaveDAC8_VDAC8_ACT_PWR_EN)) ? 1u : 0u ;
  39              		.loc 1 47 0
  40 0006 03F00103 		and	r3, r3, #1
  41 000a 044A     		ldr	r2, .L3+4
  42 000c 1370     		strb	r3, [r2]
  49:Generated_Source\PSoC5/WaveDAC8_PM.c **** 	
  50:Generated_Source\PSoC5/WaveDAC8_PM.c **** 	WaveDAC8_Stop();
  43              		.loc 1 50 0
  44 000e FFF7FEFF 		bl	WaveDAC8_Stop
  45              	.LVL0:
  51:Generated_Source\PSoC5/WaveDAC8_PM.c **** 	WaveDAC8_SaveConfig();
  46              		.loc 1 51 0
  47 0012 FFF7FEFF 		bl	WaveDAC8_VDAC8_SaveConfig
  48              	.LVL1:
  49 0016 08BD     		pop	{r3, pc}
  50              	.L4:
  51              		.align	2
  52              	.L3:
  53 0018 A8430040 		.word	1073759144
  54 001c 00000000 		.word	.LANCHOR0
  55              		.cfi_endproc
  56              	.LFE0:
  57              		.size	WaveDAC8_Sleep, .-WaveDAC8_Sleep
  58              		.section	.text.WaveDAC8_Wakeup,"ax",%progbits
  59              		.align	2
  60              		.global	WaveDAC8_Wakeup
  61              		.thumb
  62              		.thumb_func
ARM GAS  C:\Users\DGILLI~1\AppData\Local\Temp\cc1zIlXL.s 			page 3


  63              		.type	WaveDAC8_Wakeup, %function
  64              	WaveDAC8_Wakeup:
  65              	.LFB1:
  52:Generated_Source\PSoC5/WaveDAC8_PM.c **** }
  53:Generated_Source\PSoC5/WaveDAC8_PM.c **** 
  54:Generated_Source\PSoC5/WaveDAC8_PM.c **** 
  55:Generated_Source\PSoC5/WaveDAC8_PM.c **** /*******************************************************************************
  56:Generated_Source\PSoC5/WaveDAC8_PM.c **** * Function Name: WaveDAC8_Wakeup
  57:Generated_Source\PSoC5/WaveDAC8_PM.c **** ********************************************************************************
  58:Generated_Source\PSoC5/WaveDAC8_PM.c **** *
  59:Generated_Source\PSoC5/WaveDAC8_PM.c **** * Summary:
  60:Generated_Source\PSoC5/WaveDAC8_PM.c **** *  Restores the component configuration. Should be called
  61:Generated_Source\PSoC5/WaveDAC8_PM.c **** *  just after awaking from sleep.
  62:Generated_Source\PSoC5/WaveDAC8_PM.c **** *  
  63:Generated_Source\PSoC5/WaveDAC8_PM.c **** * Parameters:  
  64:Generated_Source\PSoC5/WaveDAC8_PM.c **** *  None
  65:Generated_Source\PSoC5/WaveDAC8_PM.c **** *
  66:Generated_Source\PSoC5/WaveDAC8_PM.c **** * Return: 
  67:Generated_Source\PSoC5/WaveDAC8_PM.c **** *  void
  68:Generated_Source\PSoC5/WaveDAC8_PM.c **** *
  69:Generated_Source\PSoC5/WaveDAC8_PM.c **** * Global variables:
  70:Generated_Source\PSoC5/WaveDAC8_PM.c **** *  WaveDAC8_backup:  The structure field 'enableState' is used to 
  71:Generated_Source\PSoC5/WaveDAC8_PM.c **** *  restore the enable state of block after wakeup from sleep mode.
  72:Generated_Source\PSoC5/WaveDAC8_PM.c **** *
  73:Generated_Source\PSoC5/WaveDAC8_PM.c **** * Reentrant:
  74:Generated_Source\PSoC5/WaveDAC8_PM.c **** *  No
  75:Generated_Source\PSoC5/WaveDAC8_PM.c **** *
  76:Generated_Source\PSoC5/WaveDAC8_PM.c **** *******************************************************************************/
  77:Generated_Source\PSoC5/WaveDAC8_PM.c **** void WaveDAC8_Wakeup(void) 
  78:Generated_Source\PSoC5/WaveDAC8_PM.c **** {
  66              		.loc 1 78 0
  67              		.cfi_startproc
  68              		@ args = 0, pretend = 0, frame = 0
  69              		@ frame_needed = 0, uses_anonymous_args = 0
  70 0000 08B5     		push	{r3, lr}
  71              		.cfi_def_cfa_offset 8
  72              		.cfi_offset 3, -8
  73              		.cfi_offset 14, -4
  79:Generated_Source\PSoC5/WaveDAC8_PM.c **** 	WaveDAC8_RestoreConfig();
  74              		.loc 1 79 0
  75 0002 FFF7FEFF 		bl	WaveDAC8_VDAC8_RestoreConfig
  76              	.LVL2:
  80:Generated_Source\PSoC5/WaveDAC8_PM.c **** 
  81:Generated_Source\PSoC5/WaveDAC8_PM.c **** 	if(WaveDAC8_backup.enableState == 1u)
  77              		.loc 1 81 0
  78 0006 034B     		ldr	r3, .L8
  79 0008 1B78     		ldrb	r3, [r3]	@ zero_extendqisi2
  80 000a 012B     		cmp	r3, #1
  81 000c 01D1     		bne	.L5
  82:Generated_Source\PSoC5/WaveDAC8_PM.c **** 	{
  83:Generated_Source\PSoC5/WaveDAC8_PM.c **** 		WaveDAC8_Enable();
  82              		.loc 1 83 0
  83 000e FFF7FEFF 		bl	WaveDAC8_Enable
  84              	.LVL3:
  85              	.L5:
  86 0012 08BD     		pop	{r3, pc}
  87              	.L9:
ARM GAS  C:\Users\DGILLI~1\AppData\Local\Temp\cc1zIlXL.s 			page 4


  88              		.align	2
  89              	.L8:
  90 0014 00000000 		.word	.LANCHOR0
  91              		.cfi_endproc
  92              	.LFE1:
  93              		.size	WaveDAC8_Wakeup, .-WaveDAC8_Wakeup
  94              		.bss
  95              		.align	2
  96              		.set	.LANCHOR0,. + 0
  97              		.type	WaveDAC8_backup, %object
  98              		.size	WaveDAC8_backup, 1
  99              	WaveDAC8_backup:
 100 0000 00       		.space	1
 101              		.text
 102              	.Letext0:
 103              		.file 2 "Generated_Source\\PSoC5\\cytypes.h"
 104              		.file 3 "Generated_Source\\PSoC5\\WaveDAC8.h"
 105              		.file 4 "Generated_Source\\PSoC5/WaveDAC8_VDAC8.h"
 106              		.section	.debug_info,"",%progbits
 107              	.Ldebug_info0:
 108 0000 55010000 		.4byte	0x155
 109 0004 0400     		.2byte	0x4
 110 0006 00000000 		.4byte	.Ldebug_abbrev0
 111 000a 04       		.byte	0x4
 112 000b 01       		.uleb128 0x1
 113 000c 9C000000 		.4byte	.LASF23
 114 0010 0C       		.byte	0xc
 115 0011 7B010000 		.4byte	.LASF24
 116 0015 0E000000 		.4byte	.LASF25
 117 0019 00000000 		.4byte	.Ldebug_ranges0+0
 118 001d 00000000 		.4byte	0
 119 0021 00000000 		.4byte	.Ldebug_line0
 120 0025 02       		.uleb128 0x2
 121 0026 01       		.byte	0x1
 122 0027 06       		.byte	0x6
 123 0028 0F020000 		.4byte	.LASF0
 124 002c 02       		.uleb128 0x2
 125 002d 01       		.byte	0x1
 126 002e 08       		.byte	0x8
 127 002f A0010000 		.4byte	.LASF1
 128 0033 02       		.uleb128 0x2
 129 0034 02       		.byte	0x2
 130 0035 05       		.byte	0x5
 131 0036 D9010000 		.4byte	.LASF2
 132 003a 02       		.uleb128 0x2
 133 003b 02       		.byte	0x2
 134 003c 07       		.byte	0x7
 135 003d FC010000 		.4byte	.LASF3
 136 0041 02       		.uleb128 0x2
 137 0042 04       		.byte	0x4
 138 0043 05       		.byte	0x5
 139 0044 D0010000 		.4byte	.LASF4
 140 0048 02       		.uleb128 0x2
 141 0049 04       		.byte	0x4
 142 004a 07       		.byte	0x7
 143 004b E3010000 		.4byte	.LASF5
 144 004f 02       		.uleb128 0x2
ARM GAS  C:\Users\DGILLI~1\AppData\Local\Temp\cc1zIlXL.s 			page 5


 145 0050 08       		.byte	0x8
 146 0051 05       		.byte	0x5
 147 0052 00000000 		.4byte	.LASF6
 148 0056 02       		.uleb128 0x2
 149 0057 08       		.byte	0x8
 150 0058 07       		.byte	0x7
 151 0059 40010000 		.4byte	.LASF7
 152 005d 03       		.uleb128 0x3
 153 005e 04       		.byte	0x4
 154 005f 05       		.byte	0x5
 155 0060 696E7400 		.ascii	"int\000"
 156 0064 02       		.uleb128 0x2
 157 0065 04       		.byte	0x4
 158 0066 07       		.byte	0x7
 159 0067 83000000 		.4byte	.LASF8
 160 006b 04       		.uleb128 0x4
 161 006c 2A010000 		.4byte	.LASF12
 162 0070 02       		.byte	0x2
 163 0071 E401     		.2byte	0x1e4
 164 0073 2C000000 		.4byte	0x2c
 165 0077 02       		.uleb128 0x2
 166 0078 04       		.byte	0x4
 167 0079 04       		.byte	0x4
 168 007a 75010000 		.4byte	.LASF9
 169 007e 02       		.uleb128 0x2
 170 007f 08       		.byte	0x8
 171 0080 04       		.byte	0x4
 172 0081 F5010000 		.4byte	.LASF10
 173 0085 02       		.uleb128 0x2
 174 0086 01       		.byte	0x1
 175 0087 08       		.byte	0x8
 176 0088 AE010000 		.4byte	.LASF11
 177 008c 04       		.uleb128 0x4
 178 008d 67020000 		.4byte	.LASF13
 179 0091 02       		.byte	0x2
 180 0092 8E02     		.2byte	0x28e
 181 0094 98000000 		.4byte	0x98
 182 0098 05       		.uleb128 0x5
 183 0099 6B000000 		.4byte	0x6b
 184 009d 02       		.uleb128 0x2
 185 009e 08       		.byte	0x8
 186 009f 04       		.byte	0x4
 187 00a0 35020000 		.4byte	.LASF14
 188 00a4 02       		.uleb128 0x2
 189 00a5 04       		.byte	0x4
 190 00a6 07       		.byte	0x7
 191 00a7 6C020000 		.4byte	.LASF15
 192 00ab 06       		.uleb128 0x6
 193 00ac 01       		.byte	0x1
 194 00ad 03       		.byte	0x3
 195 00ae 5D       		.byte	0x5d
 196 00af C0000000 		.4byte	0xc0
 197 00b3 07       		.uleb128 0x7
 198 00b4 90000000 		.4byte	.LASF26
 199 00b8 03       		.byte	0x3
 200 00b9 5F       		.byte	0x5f
 201 00ba 6B000000 		.4byte	0x6b
ARM GAS  C:\Users\DGILLI~1\AppData\Local\Temp\cc1zIlXL.s 			page 6


 202 00be 00       		.byte	0
 203 00bf 00       		.byte	0
 204 00c0 08       		.uleb128 0x8
 205 00c1 41020000 		.4byte	.LASF16
 206 00c5 03       		.byte	0x3
 207 00c6 60       		.byte	0x60
 208 00c7 AB000000 		.4byte	0xab
 209 00cb 09       		.uleb128 0x9
 210 00cc 58020000 		.4byte	.LASF17
 211 00d0 01       		.byte	0x1
 212 00d1 2B       		.byte	0x2b
 213 00d2 00000000 		.4byte	.LFB0
 214 00d6 20000000 		.4byte	.LFE0-.LFB0
 215 00da 01       		.uleb128 0x1
 216 00db 9C       		.byte	0x9c
 217 00dc F3000000 		.4byte	0xf3
 218 00e0 0A       		.uleb128 0xa
 219 00e1 12000000 		.4byte	.LVL0
 220 00e5 2C010000 		.4byte	0x12c
 221 00e9 0A       		.uleb128 0xa
 222 00ea 16000000 		.4byte	.LVL1
 223 00ee 37010000 		.4byte	0x137
 224 00f2 00       		.byte	0
 225 00f3 09       		.uleb128 0x9
 226 00f4 30010000 		.4byte	.LASF18
 227 00f8 01       		.byte	0x1
 228 00f9 4D       		.byte	0x4d
 229 00fa 00000000 		.4byte	.LFB1
 230 00fe 18000000 		.4byte	.LFE1-.LFB1
 231 0102 01       		.uleb128 0x1
 232 0103 9C       		.byte	0x9c
 233 0104 1B010000 		.4byte	0x11b
 234 0108 0A       		.uleb128 0xa
 235 0109 06000000 		.4byte	.LVL2
 236 010d 42010000 		.4byte	0x142
 237 0111 0A       		.uleb128 0xa
 238 0112 12000000 		.4byte	.LVL3
 239 0116 4D010000 		.4byte	0x14d
 240 011a 00       		.byte	0
 241 011b 0B       		.uleb128 0xb
 242 011c 75020000 		.4byte	.LASF27
 243 0120 01       		.byte	0x1
 244 0121 12       		.byte	0x12
 245 0122 C0000000 		.4byte	0xc0
 246 0126 05       		.uleb128 0x5
 247 0127 03       		.byte	0x3
 248 0128 00000000 		.4byte	WaveDAC8_backup
 249 012c 0C       		.uleb128 0xc
 250 012d 57010000 		.4byte	.LASF19
 251 0131 57010000 		.4byte	.LASF19
 252 0135 03       		.byte	0x3
 253 0136 6C       		.byte	0x6c
 254 0137 0C       		.uleb128 0xc
 255 0138 1B020000 		.4byte	.LASF20
 256 013c 1B020000 		.4byte	.LASF20
 257 0140 04       		.byte	0x4
 258 0141 3B       		.byte	0x3b
ARM GAS  C:\Users\DGILLI~1\AppData\Local\Temp\cc1zIlXL.s 			page 7


 259 0142 0C       		.uleb128 0xc
 260 0143 B3010000 		.4byte	.LASF21
 261 0147 B3010000 		.4byte	.LASF21
 262 014b 04       		.byte	0x4
 263 014c 3C       		.byte	0x3c
 264 014d 0C       		.uleb128 0xc
 265 014e 65010000 		.4byte	.LASF22
 266 0152 65010000 		.4byte	.LASF22
 267 0156 03       		.byte	0x3
 268 0157 6B       		.byte	0x6b
 269 0158 00       		.byte	0
 270              		.section	.debug_abbrev,"",%progbits
 271              	.Ldebug_abbrev0:
 272 0000 01       		.uleb128 0x1
 273 0001 11       		.uleb128 0x11
 274 0002 01       		.byte	0x1
 275 0003 25       		.uleb128 0x25
 276 0004 0E       		.uleb128 0xe
 277 0005 13       		.uleb128 0x13
 278 0006 0B       		.uleb128 0xb
 279 0007 03       		.uleb128 0x3
 280 0008 0E       		.uleb128 0xe
 281 0009 1B       		.uleb128 0x1b
 282 000a 0E       		.uleb128 0xe
 283 000b 55       		.uleb128 0x55
 284 000c 17       		.uleb128 0x17
 285 000d 11       		.uleb128 0x11
 286 000e 01       		.uleb128 0x1
 287 000f 10       		.uleb128 0x10
 288 0010 17       		.uleb128 0x17
 289 0011 00       		.byte	0
 290 0012 00       		.byte	0
 291 0013 02       		.uleb128 0x2
 292 0014 24       		.uleb128 0x24
 293 0015 00       		.byte	0
 294 0016 0B       		.uleb128 0xb
 295 0017 0B       		.uleb128 0xb
 296 0018 3E       		.uleb128 0x3e
 297 0019 0B       		.uleb128 0xb
 298 001a 03       		.uleb128 0x3
 299 001b 0E       		.uleb128 0xe
 300 001c 00       		.byte	0
 301 001d 00       		.byte	0
 302 001e 03       		.uleb128 0x3
 303 001f 24       		.uleb128 0x24
 304 0020 00       		.byte	0
 305 0021 0B       		.uleb128 0xb
 306 0022 0B       		.uleb128 0xb
 307 0023 3E       		.uleb128 0x3e
 308 0024 0B       		.uleb128 0xb
 309 0025 03       		.uleb128 0x3
 310 0026 08       		.uleb128 0x8
 311 0027 00       		.byte	0
 312 0028 00       		.byte	0
 313 0029 04       		.uleb128 0x4
 314 002a 16       		.uleb128 0x16
 315 002b 00       		.byte	0
ARM GAS  C:\Users\DGILLI~1\AppData\Local\Temp\cc1zIlXL.s 			page 8


 316 002c 03       		.uleb128 0x3
 317 002d 0E       		.uleb128 0xe
 318 002e 3A       		.uleb128 0x3a
 319 002f 0B       		.uleb128 0xb
 320 0030 3B       		.uleb128 0x3b
 321 0031 05       		.uleb128 0x5
 322 0032 49       		.uleb128 0x49
 323 0033 13       		.uleb128 0x13
 324 0034 00       		.byte	0
 325 0035 00       		.byte	0
 326 0036 05       		.uleb128 0x5
 327 0037 35       		.uleb128 0x35
 328 0038 00       		.byte	0
 329 0039 49       		.uleb128 0x49
 330 003a 13       		.uleb128 0x13
 331 003b 00       		.byte	0
 332 003c 00       		.byte	0
 333 003d 06       		.uleb128 0x6
 334 003e 13       		.uleb128 0x13
 335 003f 01       		.byte	0x1
 336 0040 0B       		.uleb128 0xb
 337 0041 0B       		.uleb128 0xb
 338 0042 3A       		.uleb128 0x3a
 339 0043 0B       		.uleb128 0xb
 340 0044 3B       		.uleb128 0x3b
 341 0045 0B       		.uleb128 0xb
 342 0046 01       		.uleb128 0x1
 343 0047 13       		.uleb128 0x13
 344 0048 00       		.byte	0
 345 0049 00       		.byte	0
 346 004a 07       		.uleb128 0x7
 347 004b 0D       		.uleb128 0xd
 348 004c 00       		.byte	0
 349 004d 03       		.uleb128 0x3
 350 004e 0E       		.uleb128 0xe
 351 004f 3A       		.uleb128 0x3a
 352 0050 0B       		.uleb128 0xb
 353 0051 3B       		.uleb128 0x3b
 354 0052 0B       		.uleb128 0xb
 355 0053 49       		.uleb128 0x49
 356 0054 13       		.uleb128 0x13
 357 0055 38       		.uleb128 0x38
 358 0056 0B       		.uleb128 0xb
 359 0057 00       		.byte	0
 360 0058 00       		.byte	0
 361 0059 08       		.uleb128 0x8
 362 005a 16       		.uleb128 0x16
 363 005b 00       		.byte	0
 364 005c 03       		.uleb128 0x3
 365 005d 0E       		.uleb128 0xe
 366 005e 3A       		.uleb128 0x3a
 367 005f 0B       		.uleb128 0xb
 368 0060 3B       		.uleb128 0x3b
 369 0061 0B       		.uleb128 0xb
 370 0062 49       		.uleb128 0x49
 371 0063 13       		.uleb128 0x13
 372 0064 00       		.byte	0
ARM GAS  C:\Users\DGILLI~1\AppData\Local\Temp\cc1zIlXL.s 			page 9


 373 0065 00       		.byte	0
 374 0066 09       		.uleb128 0x9
 375 0067 2E       		.uleb128 0x2e
 376 0068 01       		.byte	0x1
 377 0069 3F       		.uleb128 0x3f
 378 006a 19       		.uleb128 0x19
 379 006b 03       		.uleb128 0x3
 380 006c 0E       		.uleb128 0xe
 381 006d 3A       		.uleb128 0x3a
 382 006e 0B       		.uleb128 0xb
 383 006f 3B       		.uleb128 0x3b
 384 0070 0B       		.uleb128 0xb
 385 0071 27       		.uleb128 0x27
 386 0072 19       		.uleb128 0x19
 387 0073 11       		.uleb128 0x11
 388 0074 01       		.uleb128 0x1
 389 0075 12       		.uleb128 0x12
 390 0076 06       		.uleb128 0x6
 391 0077 40       		.uleb128 0x40
 392 0078 18       		.uleb128 0x18
 393 0079 9742     		.uleb128 0x2117
 394 007b 19       		.uleb128 0x19
 395 007c 01       		.uleb128 0x1
 396 007d 13       		.uleb128 0x13
 397 007e 00       		.byte	0
 398 007f 00       		.byte	0
 399 0080 0A       		.uleb128 0xa
 400 0081 898201   		.uleb128 0x4109
 401 0084 00       		.byte	0
 402 0085 11       		.uleb128 0x11
 403 0086 01       		.uleb128 0x1
 404 0087 31       		.uleb128 0x31
 405 0088 13       		.uleb128 0x13
 406 0089 00       		.byte	0
 407 008a 00       		.byte	0
 408 008b 0B       		.uleb128 0xb
 409 008c 34       		.uleb128 0x34
 410 008d 00       		.byte	0
 411 008e 03       		.uleb128 0x3
 412 008f 0E       		.uleb128 0xe
 413 0090 3A       		.uleb128 0x3a
 414 0091 0B       		.uleb128 0xb
 415 0092 3B       		.uleb128 0x3b
 416 0093 0B       		.uleb128 0xb
 417 0094 49       		.uleb128 0x49
 418 0095 13       		.uleb128 0x13
 419 0096 02       		.uleb128 0x2
 420 0097 18       		.uleb128 0x18
 421 0098 00       		.byte	0
 422 0099 00       		.byte	0
 423 009a 0C       		.uleb128 0xc
 424 009b 2E       		.uleb128 0x2e
 425 009c 00       		.byte	0
 426 009d 3F       		.uleb128 0x3f
 427 009e 19       		.uleb128 0x19
 428 009f 3C       		.uleb128 0x3c
 429 00a0 19       		.uleb128 0x19
ARM GAS  C:\Users\DGILLI~1\AppData\Local\Temp\cc1zIlXL.s 			page 10


 430 00a1 6E       		.uleb128 0x6e
 431 00a2 0E       		.uleb128 0xe
 432 00a3 03       		.uleb128 0x3
 433 00a4 0E       		.uleb128 0xe
 434 00a5 3A       		.uleb128 0x3a
 435 00a6 0B       		.uleb128 0xb
 436 00a7 3B       		.uleb128 0x3b
 437 00a8 0B       		.uleb128 0xb
 438 00a9 00       		.byte	0
 439 00aa 00       		.byte	0
 440 00ab 00       		.byte	0
 441              		.section	.debug_aranges,"",%progbits
 442 0000 24000000 		.4byte	0x24
 443 0004 0200     		.2byte	0x2
 444 0006 00000000 		.4byte	.Ldebug_info0
 445 000a 04       		.byte	0x4
 446 000b 00       		.byte	0
 447 000c 0000     		.2byte	0
 448 000e 0000     		.2byte	0
 449 0010 00000000 		.4byte	.LFB0
 450 0014 20000000 		.4byte	.LFE0-.LFB0
 451 0018 00000000 		.4byte	.LFB1
 452 001c 18000000 		.4byte	.LFE1-.LFB1
 453 0020 00000000 		.4byte	0
 454 0024 00000000 		.4byte	0
 455              		.section	.debug_ranges,"",%progbits
 456              	.Ldebug_ranges0:
 457 0000 00000000 		.4byte	.LFB0
 458 0004 20000000 		.4byte	.LFE0
 459 0008 00000000 		.4byte	.LFB1
 460 000c 18000000 		.4byte	.LFE1
 461 0010 00000000 		.4byte	0
 462 0014 00000000 		.4byte	0
 463              		.section	.debug_line,"",%progbits
 464              	.Ldebug_line0:
 465 0000 96000000 		.section	.debug_str,"MS",%progbits,1
 465      02006A00 
 465      00000201 
 465      FB0E0D00 
 465      01010101 
 466              	.LASF6:
 467 0000 6C6F6E67 		.ascii	"long long int\000"
 467      206C6F6E 
 467      6720696E 
 467      7400
 468              	.LASF25:
 469 000e 433A5C55 		.ascii	"C:\\Users\\dgilliland\\Documents\\GitHub\\Retro-Com"
 469      73657273 
 469      5C646769 
 469      6C6C696C 
 469      616E645C 
 470 003c 70757465 		.ascii	"puters\\Z80\\PSOC\\PSOC_Design_Files\\Z80-PSoC-3-Ch"
 470      72735C5A 
 470      38305C50 
 470      534F435C 
 470      50534F43 
 471 006b 6970735F 		.ascii	"ips_002\\Z80_3Chip.cydsn\000"
ARM GAS  C:\Users\DGILLI~1\AppData\Local\Temp\cc1zIlXL.s 			page 11


 471      3030325C 
 471      5A38305F 
 471      33436869 
 471      702E6379 
 472              	.LASF8:
 473 0083 756E7369 		.ascii	"unsigned int\000"
 473      676E6564 
 473      20696E74 
 473      00
 474              	.LASF26:
 475 0090 656E6162 		.ascii	"enableState\000"
 475      6C655374 
 475      61746500 
 476              	.LASF23:
 477 009c 474E5520 		.ascii	"GNU C11 5.4.1 20160609 (release) [ARM/embedded-5-br"
 477      43313120 
 477      352E342E 
 477      31203230 
 477      31363036 
 478 00cf 616E6368 		.ascii	"anch revision 237715] -mcpu=cortex-m3 -mthumb -g -O"
 478      20726576 
 478      6973696F 
 478      6E203233 
 478      37373135 
 479 0102 67202D66 		.ascii	"g -ffunction-sections -ffat-lto-objects\000"
 479      66756E63 
 479      74696F6E 
 479      2D736563 
 479      74696F6E 
 480              	.LASF12:
 481 012a 75696E74 		.ascii	"uint8\000"
 481      3800
 482              	.LASF18:
 483 0130 57617665 		.ascii	"WaveDAC8_Wakeup\000"
 483      44414338 
 483      5F57616B 
 483      65757000 
 484              	.LASF7:
 485 0140 6C6F6E67 		.ascii	"long long unsigned int\000"
 485      206C6F6E 
 485      6720756E 
 485      7369676E 
 485      65642069 
 486              	.LASF19:
 487 0157 57617665 		.ascii	"WaveDAC8_Stop\000"
 487      44414338 
 487      5F53746F 
 487      7000
 488              	.LASF22:
 489 0165 57617665 		.ascii	"WaveDAC8_Enable\000"
 489      44414338 
 489      5F456E61 
 489      626C6500 
 490              	.LASF9:
 491 0175 666C6F61 		.ascii	"float\000"
 491      7400
 492              	.LASF24:
ARM GAS  C:\Users\DGILLI~1\AppData\Local\Temp\cc1zIlXL.s 			page 12


 493 017b 47656E65 		.ascii	"Generated_Source\\PSoC5\\WaveDAC8_PM.c\000"
 493      72617465 
 493      645F536F 
 493      75726365 
 493      5C50536F 
 494              	.LASF1:
 495 01a0 756E7369 		.ascii	"unsigned char\000"
 495      676E6564 
 495      20636861 
 495      7200
 496              	.LASF11:
 497 01ae 63686172 		.ascii	"char\000"
 497      00
 498              	.LASF21:
 499 01b3 57617665 		.ascii	"WaveDAC8_VDAC8_RestoreConfig\000"
 499      44414338 
 499      5F564441 
 499      43385F52 
 499      6573746F 
 500              	.LASF4:
 501 01d0 6C6F6E67 		.ascii	"long int\000"
 501      20696E74 
 501      00
 502              	.LASF2:
 503 01d9 73686F72 		.ascii	"short int\000"
 503      7420696E 
 503      7400
 504              	.LASF5:
 505 01e3 6C6F6E67 		.ascii	"long unsigned int\000"
 505      20756E73 
 505      69676E65 
 505      6420696E 
 505      7400
 506              	.LASF10:
 507 01f5 646F7562 		.ascii	"double\000"
 507      6C6500
 508              	.LASF3:
 509 01fc 73686F72 		.ascii	"short unsigned int\000"
 509      7420756E 
 509      7369676E 
 509      65642069 
 509      6E7400
 510              	.LASF0:
 511 020f 7369676E 		.ascii	"signed char\000"
 511      65642063 
 511      68617200 
 512              	.LASF20:
 513 021b 57617665 		.ascii	"WaveDAC8_VDAC8_SaveConfig\000"
 513      44414338 
 513      5F564441 
 513      43385F53 
 513      61766543 
 514              	.LASF14:
 515 0235 6C6F6E67 		.ascii	"long double\000"
 515      20646F75 
 515      626C6500 
 516              	.LASF16:
ARM GAS  C:\Users\DGILLI~1\AppData\Local\Temp\cc1zIlXL.s 			page 13


 517 0241 57617665 		.ascii	"WaveDAC8_BACKUP_STRUCT\000"
 517      44414338 
 517      5F424143 
 517      4B55505F 
 517      53545255 
 518              	.LASF17:
 519 0258 57617665 		.ascii	"WaveDAC8_Sleep\000"
 519      44414338 
 519      5F536C65 
 519      657000
 520              	.LASF13:
 521 0267 72656738 		.ascii	"reg8\000"
 521      00
 522              	.LASF15:
 523 026c 73697A65 		.ascii	"sizetype\000"
 523      74797065 
 523      00
 524              	.LASF27:
 525 0275 57617665 		.ascii	"WaveDAC8_backup\000"
 525      44414338 
 525      5F626163 
 525      6B757000 
 526              		.ident	"GCC: (GNU Tools for ARM Embedded Processors) 5.4.1 20160609 (release) [ARM/embedded-5-bran
