ARM GAS  C:\Users\HPz420\AppData\Local\Temp\ccq31Q6P.s 			page 1


   1              		.syntax unified
   2              		.cpu cortex-m3
   3              		.fpu softvfp
   4              		.eabi_attribute 20, 1
   5              		.eabi_attribute 21, 1
   6              		.eabi_attribute 23, 3
   7              		.eabi_attribute 24, 1
   8              		.eabi_attribute 25, 1
   9              		.eabi_attribute 26, 1
  10              		.eabi_attribute 30, 1
  11              		.eabi_attribute 34, 1
  12              		.eabi_attribute 18, 4
  13              		.thumb
  14              		.syntax unified
  15              		.file	"Z80_DAC.c"
  16              		.text
  17              	.Ltext0:
  18              		.cfi_sections	.debug_frame
  19              		.section	.text.init_DAC,"ax",%progbits
  20              		.align	2
  21              		.global	init_DAC
  22              		.thumb
  23              		.thumb_func
  24              		.type	init_DAC, %function
  25              	init_DAC:
  26              	.LFB63:
  27              		.file 1 "Z80_DAC.c"
   1:Z80_DAC.c     **** /* ========================================
   2:Z80_DAC.c     **** *
   3:Z80_DAC.c     **** * Copyright LAND BOARDS, LLC, 2019
   4:Z80_DAC.c     **** * All Rights Reserved
   5:Z80_DAC.c     **** * UNPUBLISHED, LICENSED SOFTWARE.
   6:Z80_DAC.c     **** *
   7:Z80_DAC.c     **** * CONFIDENTIAL AND PROPRIETARY INFORMATION
   8:Z80_DAC.c     **** * WHICH IS THE PROPERTY OF Land Boards, LLC.
   9:Z80_DAC.c     **** *
  10:Z80_DAC.c     **** * ========================================
  11:Z80_DAC.c     **** */
  12:Z80_DAC.c     **** 
  13:Z80_DAC.c     **** #include <project.h>
  14:Z80_DAC.c     **** #include <Z80_PSoC_3Chips.h>
  15:Z80_DAC.c     **** 
  16:Z80_DAC.c     **** uint8 dacState;
  17:Z80_DAC.c     **** uint8 outDataDAC;
  18:Z80_DAC.c     **** uint8 inDataDAC;
  19:Z80_DAC.c     **** 
  20:Z80_DAC.c     **** ///////////////////////////////////////////////////////////////////////////////
  21:Z80_DAC.c     **** // void init_DAC(void) - Initialize the DAC
  22:Z80_DAC.c     **** 
  23:Z80_DAC.c     **** void init_DAC(void)
  24:Z80_DAC.c     **** {
  28              		.loc 1 24 0
  29              		.cfi_startproc
  30              		@ args = 0, pretend = 0, frame = 0
  31              		@ frame_needed = 0, uses_anonymous_args = 0
  32 0000 08B5     		push	{r3, lr}
  33              		.cfi_def_cfa_offset 8
ARM GAS  C:\Users\HPz420\AppData\Local\Temp\ccq31Q6P.s 			page 2


  34              		.cfi_offset 3, -8
  35              		.cfi_offset 14, -4
  25:Z80_DAC.c     **** 	WaveDAC8_Start();
  36              		.loc 1 25 0
  37 0002 FFF7FEFF 		bl	WaveDAC8_Start
  38              	.LVL0:
  26:Z80_DAC.c     **** 	outDataDAC = 0;
  39              		.loc 1 26 0
  40 0006 0023     		movs	r3, #0
  41 0008 024A     		ldr	r2, .L3
  42 000a 1370     		strb	r3, [r2]
  27:Z80_DAC.c     **** 	inDataDAC = 0;
  43              		.loc 1 27 0
  44 000c 024A     		ldr	r2, .L3+4
  45 000e 1370     		strb	r3, [r2]
  46 0010 08BD     		pop	{r3, pc}
  47              	.L4:
  48 0012 00BF     		.align	2
  49              	.L3:
  50 0014 00000000 		.word	outDataDAC
  51 0018 00000000 		.word	inDataDAC
  52              		.cfi_endproc
  53              	.LFE63:
  54              		.size	init_DAC, .-init_DAC
  55              		.section	.text.writeDAC,"ax",%progbits
  56              		.align	2
  57              		.global	writeDAC
  58              		.thumb
  59              		.thumb_func
  60              		.type	writeDAC, %function
  61              	writeDAC:
  62              	.LFB64:
  28:Z80_DAC.c     **** }
  29:Z80_DAC.c     **** 
  30:Z80_DAC.c     **** ///////////////////////////////////////////////////////////////////////////////
  31:Z80_DAC.c     **** // void writeDAC(void) - Write to the DAC data
  32:Z80_DAC.c     **** 
  33:Z80_DAC.c     **** void writeDAC(void)
  34:Z80_DAC.c     **** {
  63              		.loc 1 34 0
  64              		.cfi_startproc
  65              		@ args = 0, pretend = 0, frame = 0
  66              		@ frame_needed = 0, uses_anonymous_args = 0
  67 0000 08B5     		push	{r3, lr}
  68              		.cfi_def_cfa_offset 8
  69              		.cfi_offset 3, -8
  70              		.cfi_offset 14, -4
  35:Z80_DAC.c     **** 	outDataDAC = Z80_Data_Out_Read();
  71              		.loc 1 35 0
  72 0002 FFF7FEFF 		bl	Z80_Data_Out_Read
  73              	.LVL1:
  74 0006 014B     		ldr	r3, .L7
  75 0008 1870     		strb	r0, [r3]
  76 000a 08BD     		pop	{r3, pc}
  77              	.L8:
  78              		.align	2
  79              	.L7:
ARM GAS  C:\Users\HPz420\AppData\Local\Temp\ccq31Q6P.s 			page 3


  80 000c 00000000 		.word	outDataDAC
  81              		.cfi_endproc
  82              	.LFE64:
  83              		.size	writeDAC, .-writeDAC
  84              		.section	.text.readDAC,"ax",%progbits
  85              		.align	2
  86              		.global	readDAC
  87              		.thumb
  88              		.thumb_func
  89              		.type	readDAC, %function
  90              	readDAC:
  91              	.LFB65:
  36:Z80_DAC.c     **** }
  37:Z80_DAC.c     **** 
  38:Z80_DAC.c     **** ///////////////////////////////////////////////////////////////////////////////
  39:Z80_DAC.c     **** // void readDAC(void) - Read the DAC data
  40:Z80_DAC.c     **** 
  41:Z80_DAC.c     **** void readDAC(void)
  42:Z80_DAC.c     **** {
  92              		.loc 1 42 0
  93              		.cfi_startproc
  94              		@ args = 0, pretend = 0, frame = 0
  95              		@ frame_needed = 0, uses_anonymous_args = 0
  96 0000 08B5     		push	{r3, lr}
  97              		.cfi_def_cfa_offset 8
  98              		.cfi_offset 3, -8
  99              		.cfi_offset 14, -4
  43:Z80_DAC.c     **** 	Z80_Data_In_Write(outDataDAC);
 100              		.loc 1 43 0
 101 0002 034B     		ldr	r3, .L11
 102 0004 1878     		ldrb	r0, [r3]	@ zero_extendqisi2
 103 0006 FFF7FEFF 		bl	Z80_Data_In_Write
 104              	.LVL2:
  44:Z80_DAC.c     **** 	ackIO();
 105              		.loc 1 44 0
 106 000a FFF7FEFF 		bl	ackIO
 107              	.LVL3:
 108 000e 08BD     		pop	{r3, pc}
 109              	.L12:
 110              		.align	2
 111              	.L11:
 112 0010 00000000 		.word	outDataDAC
 113              		.cfi_endproc
 114              	.LFE65:
 115              		.size	readDAC, .-readDAC
 116              		.section	.text.readStatDAC,"ax",%progbits
 117              		.align	2
 118              		.global	readStatDAC
 119              		.thumb
 120              		.thumb_func
 121              		.type	readStatDAC, %function
 122              	readStatDAC:
 123              	.LFB66:
  45:Z80_DAC.c     **** }
  46:Z80_DAC.c     **** 
  47:Z80_DAC.c     **** ///////////////////////////////////////////////////////////////////////////////
  48:Z80_DAC.c     **** // void readStatDAC(void) - Read the DAC Status
ARM GAS  C:\Users\HPz420\AppData\Local\Temp\ccq31Q6P.s 			page 4


  49:Z80_DAC.c     **** 
  50:Z80_DAC.c     **** void readStatDAC(void)
  51:Z80_DAC.c     **** {
 124              		.loc 1 51 0
 125              		.cfi_startproc
 126              		@ args = 0, pretend = 0, frame = 0
 127              		@ frame_needed = 0, uses_anonymous_args = 0
 128 0000 08B5     		push	{r3, lr}
 129              		.cfi_def_cfa_offset 8
 130              		.cfi_offset 3, -8
 131              		.cfi_offset 14, -4
  52:Z80_DAC.c     **** 	Z80_Data_In_Write(dacState);
 132              		.loc 1 52 0
 133 0002 034B     		ldr	r3, .L15
 134 0004 1878     		ldrb	r0, [r3]	@ zero_extendqisi2
 135 0006 FFF7FEFF 		bl	Z80_Data_In_Write
 136              	.LVL4:
  53:Z80_DAC.c     **** 	ackIO();
 137              		.loc 1 53 0
 138 000a FFF7FEFF 		bl	ackIO
 139              	.LVL5:
 140 000e 08BD     		pop	{r3, pc}
 141              	.L16:
 142              		.align	2
 143              	.L15:
 144 0010 00000000 		.word	dacState
 145              		.cfi_endproc
 146              	.LFE66:
 147              		.size	readStatDAC, .-readStatDAC
 148              		.section	.text.writeCmdDAC,"ax",%progbits
 149              		.align	2
 150              		.global	writeCmdDAC
 151              		.thumb
 152              		.thumb_func
 153              		.type	writeCmdDAC, %function
 154              	writeCmdDAC:
 155              	.LFB67:
  54:Z80_DAC.c     **** }
  55:Z80_DAC.c     **** 
  56:Z80_DAC.c     **** ///////////////////////////////////////////////////////////////////////////////
  57:Z80_DAC.c     **** // void writeCmdDAC(void) - Write the DAC command
  58:Z80_DAC.c     **** //  0 = Turn off DAC output
  59:Z80_DAC.c     **** //  1 = Turn on DAC output
  60:Z80_DAC.c     **** 
  61:Z80_DAC.c     **** void writeCmdDAC(void)
  62:Z80_DAC.c     **** {
 156              		.loc 1 62 0
 157              		.cfi_startproc
 158              		@ args = 0, pretend = 0, frame = 0
 159              		@ frame_needed = 0, uses_anonymous_args = 0
 160 0000 08B5     		push	{r3, lr}
 161              		.cfi_def_cfa_offset 8
 162              		.cfi_offset 3, -8
 163              		.cfi_offset 14, -4
  63:Z80_DAC.c     **** 	dacState = Z80_Data_Out_Read();
 164              		.loc 1 63 0
 165 0002 FFF7FEFF 		bl	Z80_Data_Out_Read
ARM GAS  C:\Users\HPz420\AppData\Local\Temp\ccq31Q6P.s 			page 5


 166              	.LVL6:
 167 0006 064B     		ldr	r3, .L21
 168 0008 1870     		strb	r0, [r3]
  64:Z80_DAC.c     **** 	if (dacState == 0)
 169              		.loc 1 64 0
 170 000a 10B9     		cbnz	r0, .L18
  65:Z80_DAC.c     **** 	{
  66:Z80_DAC.c     **** 		WaveDAC8_Stop();
 171              		.loc 1 66 0
 172 000c FFF7FEFF 		bl	WaveDAC8_Stop
 173              	.LVL7:
 174 0010 03E0     		b	.L19
 175              	.L18:
  67:Z80_DAC.c     **** 	}
  68:Z80_DAC.c     **** 	else if (dacState == 1)
 176              		.loc 1 68 0
 177 0012 0128     		cmp	r0, #1
 178 0014 01D1     		bne	.L19
  69:Z80_DAC.c     **** 	{
  70:Z80_DAC.c     **** 		WaveDAC8_Start();
 179              		.loc 1 70 0
 180 0016 FFF7FEFF 		bl	WaveDAC8_Start
 181              	.LVL8:
 182              	.L19:
  71:Z80_DAC.c     **** 	}
  72:Z80_DAC.c     **** 	ackIO();
 183              		.loc 1 72 0
 184 001a FFF7FEFF 		bl	ackIO
 185              	.LVL9:
 186 001e 08BD     		pop	{r3, pc}
 187              	.L22:
 188              		.align	2
 189              	.L21:
 190 0020 00000000 		.word	dacState
 191              		.cfi_endproc
 192              	.LFE67:
 193              		.size	writeCmdDAC, .-writeCmdDAC
 194              		.comm	inDataDAC,1,1
 195              		.comm	outDataDAC,1,1
 196              		.comm	dacState,1,1
 197              		.text
 198              	.Letext0:
 199              		.file 2 "c:\\program files (x86)\\cypress\\psoc creator\\4.2\\psoc creator\\import\\gnu\\arm\\5.4.
 200              		.file 3 "c:\\program files (x86)\\cypress\\psoc creator\\4.2\\psoc creator\\import\\gnu\\arm\\5.4.
 201              		.file 4 "Generated_Source\\PSoC5/cytypes.h"
 202              		.file 5 "Generated_Source\\PSoC5/core_cm3.h"
 203              		.file 6 "Generated_Source\\PSoC5/WaveDAC8.h"
 204              		.file 7 "Generated_Source\\PSoC5/Z80_Data_Out.h"
 205              		.file 8 "Generated_Source\\PSoC5/Z80_Data_In.h"
 206              		.file 9 "./Z80_IO_Handle.h"
 207              		.section	.debug_info,"",%progbits
 208              	.Ldebug_info0:
 209 0000 F0010000 		.4byte	0x1f0
 210 0004 0400     		.2byte	0x4
 211 0006 00000000 		.4byte	.Ldebug_abbrev0
 212 000a 04       		.byte	0x4
 213 000b 01       		.uleb128 0x1
ARM GAS  C:\Users\HPz420\AppData\Local\Temp\ccq31Q6P.s 			page 6


 214 000c DA000000 		.4byte	.LASF31
 215 0010 0C       		.byte	0xc
 216 0011 00000000 		.4byte	.LASF32
 217 0015 1D000000 		.4byte	.LASF33
 218 0019 00000000 		.4byte	.Ldebug_ranges0+0
 219 001d 00000000 		.4byte	0
 220 0021 00000000 		.4byte	.Ldebug_line0
 221 0025 02       		.uleb128 0x2
 222 0026 01       		.byte	0x1
 223 0027 06       		.byte	0x6
 224 0028 67020000 		.4byte	.LASF0
 225 002c 02       		.uleb128 0x2
 226 002d 01       		.byte	0x1
 227 002e 08       		.byte	0x8
 228 002f CC000000 		.4byte	.LASF1
 229 0033 02       		.uleb128 0x2
 230 0034 02       		.byte	0x2
 231 0035 05       		.byte	0x5
 232 0036 42020000 		.4byte	.LASF2
 233 003a 02       		.uleb128 0x2
 234 003b 02       		.byte	0x2
 235 003c 07       		.byte	0x7
 236 003d 88010000 		.4byte	.LASF3
 237 0041 03       		.uleb128 0x3
 238 0042 13000000 		.4byte	.LASF9
 239 0046 02       		.byte	0x2
 240 0047 3F       		.byte	0x3f
 241 0048 4C000000 		.4byte	0x4c
 242 004c 02       		.uleb128 0x2
 243 004d 04       		.byte	0x4
 244 004e 05       		.byte	0x5
 245 004f 52020000 		.4byte	.LASF4
 246 0053 02       		.uleb128 0x2
 247 0054 04       		.byte	0x4
 248 0055 07       		.byte	0x7
 249 0056 76010000 		.4byte	.LASF5
 250 005a 02       		.uleb128 0x2
 251 005b 08       		.byte	0x8
 252 005c 05       		.byte	0x5
 253 005d 29020000 		.4byte	.LASF6
 254 0061 02       		.uleb128 0x2
 255 0062 08       		.byte	0x8
 256 0063 07       		.byte	0x7
 257 0064 F7010000 		.4byte	.LASF7
 258 0068 04       		.uleb128 0x4
 259 0069 04       		.byte	0x4
 260 006a 05       		.byte	0x5
 261 006b 696E7400 		.ascii	"int\000"
 262 006f 02       		.uleb128 0x2
 263 0070 04       		.byte	0x4
 264 0071 07       		.byte	0x7
 265 0072 EA010000 		.4byte	.LASF8
 266 0076 03       		.uleb128 0x3
 267 0077 0E020000 		.4byte	.LASF10
 268 007b 03       		.byte	0x3
 269 007c 2C       		.byte	0x2c
 270 007d 41000000 		.4byte	0x41
ARM GAS  C:\Users\HPz420\AppData\Local\Temp\ccq31Q6P.s 			page 7


 271 0081 05       		.uleb128 0x5
 272 0082 4C020000 		.4byte	.LASF11
 273 0086 04       		.byte	0x4
 274 0087 E401     		.2byte	0x1e4
 275 0089 2C000000 		.4byte	0x2c
 276 008d 02       		.uleb128 0x2
 277 008e 04       		.byte	0x4
 278 008f 04       		.byte	0x4
 279 0090 A5000000 		.4byte	.LASF12
 280 0094 02       		.uleb128 0x2
 281 0095 08       		.byte	0x8
 282 0096 04       		.byte	0x4
 283 0097 BA010000 		.4byte	.LASF13
 284 009b 02       		.uleb128 0x2
 285 009c 01       		.byte	0x1
 286 009d 08       		.byte	0x8
 287 009e 37020000 		.4byte	.LASF14
 288 00a2 02       		.uleb128 0x2
 289 00a3 08       		.byte	0x8
 290 00a4 04       		.byte	0x4
 291 00a5 5B020000 		.4byte	.LASF15
 292 00a9 02       		.uleb128 0x2
 293 00aa 04       		.byte	0x4
 294 00ab 07       		.byte	0x7
 295 00ac 16020000 		.4byte	.LASF16
 296 00b0 06       		.uleb128 0x6
 297 00b1 A4010000 		.4byte	.LASF17
 298 00b5 01       		.byte	0x1
 299 00b6 17       		.byte	0x17
 300 00b7 00000000 		.4byte	.LFB63
 301 00bb 1C000000 		.4byte	.LFE63-.LFB63
 302 00bf 01       		.uleb128 0x1
 303 00c0 9C       		.byte	0x9c
 304 00c1 CF000000 		.4byte	0xcf
 305 00c5 07       		.uleb128 0x7
 306 00c6 06000000 		.4byte	.LVL0
 307 00ca BC010000 		.4byte	0x1bc
 308 00ce 00       		.byte	0
 309 00cf 06       		.uleb128 0x6
 310 00d0 9B010000 		.4byte	.LASF18
 311 00d4 01       		.byte	0x1
 312 00d5 21       		.byte	0x21
 313 00d6 00000000 		.4byte	.LFB64
 314 00da 10000000 		.4byte	.LFE64-.LFB64
 315 00de 01       		.uleb128 0x1
 316 00df 9C       		.byte	0x9c
 317 00e0 EE000000 		.4byte	0xee
 318 00e4 07       		.uleb128 0x7
 319 00e5 06000000 		.4byte	.LVL1
 320 00e9 C7010000 		.4byte	0x1c7
 321 00ed 00       		.byte	0
 322 00ee 06       		.uleb128 0x6
 323 00ef 9D000000 		.4byte	.LASF19
 324 00f3 01       		.byte	0x1
 325 00f4 29       		.byte	0x29
 326 00f5 00000000 		.4byte	.LFB65
 327 00f9 14000000 		.4byte	.LFE65-.LFB65
ARM GAS  C:\Users\HPz420\AppData\Local\Temp\ccq31Q6P.s 			page 8


 328 00fd 01       		.uleb128 0x1
 329 00fe 9C       		.byte	0x9c
 330 00ff 16010000 		.4byte	0x116
 331 0103 07       		.uleb128 0x7
 332 0104 0A000000 		.4byte	.LVL2
 333 0108 D2010000 		.4byte	0x1d2
 334 010c 07       		.uleb128 0x7
 335 010d 0E000000 		.4byte	.LVL3
 336 0111 DD010000 		.4byte	0x1dd
 337 0115 00       		.byte	0
 338 0116 06       		.uleb128 0x6
 339 0117 DE010000 		.4byte	.LASF20
 340 011b 01       		.byte	0x1
 341 011c 32       		.byte	0x32
 342 011d 00000000 		.4byte	.LFB66
 343 0121 14000000 		.4byte	.LFE66-.LFB66
 344 0125 01       		.uleb128 0x1
 345 0126 9C       		.byte	0x9c
 346 0127 3E010000 		.4byte	0x13e
 347 012b 07       		.uleb128 0x7
 348 012c 0A000000 		.4byte	.LVL4
 349 0130 D2010000 		.4byte	0x1d2
 350 0134 07       		.uleb128 0x7
 351 0135 0E000000 		.4byte	.LVL5
 352 0139 DD010000 		.4byte	0x1dd
 353 013d 00       		.byte	0
 354 013e 06       		.uleb128 0x6
 355 013f 73020000 		.4byte	.LASF21
 356 0143 01       		.byte	0x1
 357 0144 3D       		.byte	0x3d
 358 0145 00000000 		.4byte	.LFB67
 359 0149 24000000 		.4byte	.LFE67-.LFB67
 360 014d 01       		.uleb128 0x1
 361 014e 9C       		.byte	0x9c
 362 014f 78010000 		.4byte	0x178
 363 0153 07       		.uleb128 0x7
 364 0154 06000000 		.4byte	.LVL6
 365 0158 C7010000 		.4byte	0x1c7
 366 015c 07       		.uleb128 0x7
 367 015d 10000000 		.4byte	.LVL7
 368 0161 E8010000 		.4byte	0x1e8
 369 0165 07       		.uleb128 0x7
 370 0166 1A000000 		.4byte	.LVL8
 371 016a BC010000 		.4byte	0x1bc
 372 016e 07       		.uleb128 0x7
 373 016f 1E000000 		.4byte	.LVL9
 374 0173 DD010000 		.4byte	0x1dd
 375 0177 00       		.byte	0
 376 0178 08       		.uleb128 0x8
 377 0179 AD010000 		.4byte	.LASF22
 378 017d 05       		.byte	0x5
 379 017e 1207     		.2byte	0x712
 380 0180 84010000 		.4byte	0x184
 381 0184 09       		.uleb128 0x9
 382 0185 76000000 		.4byte	0x76
 383 0189 0A       		.uleb128 0xa
 384 018a 0A000000 		.4byte	.LASF23
ARM GAS  C:\Users\HPz420\AppData\Local\Temp\ccq31Q6P.s 			page 9


 385 018e 01       		.byte	0x1
 386 018f 10       		.byte	0x10
 387 0190 81000000 		.4byte	0x81
 388 0194 05       		.uleb128 0x5
 389 0195 03       		.byte	0x3
 390 0196 00000000 		.4byte	dacState
 391 019a 0A       		.uleb128 0xa
 392 019b C1010000 		.4byte	.LASF24
 393 019f 01       		.byte	0x1
 394 01a0 11       		.byte	0x11
 395 01a1 81000000 		.4byte	0x81
 396 01a5 05       		.uleb128 0x5
 397 01a6 03       		.byte	0x3
 398 01a7 00000000 		.4byte	outDataDAC
 399 01ab 0A       		.uleb128 0xa
 400 01ac 1F020000 		.4byte	.LASF25
 401 01b0 01       		.byte	0x1
 402 01b1 12       		.byte	0x12
 403 01b2 81000000 		.4byte	0x81
 404 01b6 05       		.uleb128 0x5
 405 01b7 03       		.byte	0x3
 406 01b8 00000000 		.4byte	inDataDAC
 407 01bc 0B       		.uleb128 0xb
 408 01bd AB000000 		.4byte	.LASF26
 409 01c1 AB000000 		.4byte	.LASF26
 410 01c5 06       		.byte	0x6
 411 01c6 67       		.byte	0x67
 412 01c7 0B       		.uleb128 0xb
 413 01c8 BA000000 		.4byte	.LASF27
 414 01cc BA000000 		.4byte	.LASF27
 415 01d0 07       		.byte	0x7
 416 01d1 30       		.byte	0x30
 417 01d2 0B       		.uleb128 0xb
 418 01d3 CC010000 		.4byte	.LASF28
 419 01d7 CC010000 		.4byte	.LASF28
 420 01db 08       		.byte	0x8
 421 01dc 2F       		.byte	0x2f
 422 01dd 0B       		.uleb128 0xb
 423 01de 3C020000 		.4byte	.LASF29
 424 01e2 3C020000 		.4byte	.LASF29
 425 01e6 09       		.byte	0x9
 426 01e7 27       		.byte	0x27
 427 01e8 0B       		.uleb128 0xb
 428 01e9 68010000 		.4byte	.LASF30
 429 01ed 68010000 		.4byte	.LASF30
 430 01f1 06       		.byte	0x6
 431 01f2 6C       		.byte	0x6c
 432 01f3 00       		.byte	0
 433              		.section	.debug_abbrev,"",%progbits
 434              	.Ldebug_abbrev0:
 435 0000 01       		.uleb128 0x1
 436 0001 11       		.uleb128 0x11
 437 0002 01       		.byte	0x1
 438 0003 25       		.uleb128 0x25
 439 0004 0E       		.uleb128 0xe
 440 0005 13       		.uleb128 0x13
 441 0006 0B       		.uleb128 0xb
ARM GAS  C:\Users\HPz420\AppData\Local\Temp\ccq31Q6P.s 			page 10


 442 0007 03       		.uleb128 0x3
 443 0008 0E       		.uleb128 0xe
 444 0009 1B       		.uleb128 0x1b
 445 000a 0E       		.uleb128 0xe
 446 000b 55       		.uleb128 0x55
 447 000c 17       		.uleb128 0x17
 448 000d 11       		.uleb128 0x11
 449 000e 01       		.uleb128 0x1
 450 000f 10       		.uleb128 0x10
 451 0010 17       		.uleb128 0x17
 452 0011 00       		.byte	0
 453 0012 00       		.byte	0
 454 0013 02       		.uleb128 0x2
 455 0014 24       		.uleb128 0x24
 456 0015 00       		.byte	0
 457 0016 0B       		.uleb128 0xb
 458 0017 0B       		.uleb128 0xb
 459 0018 3E       		.uleb128 0x3e
 460 0019 0B       		.uleb128 0xb
 461 001a 03       		.uleb128 0x3
 462 001b 0E       		.uleb128 0xe
 463 001c 00       		.byte	0
 464 001d 00       		.byte	0
 465 001e 03       		.uleb128 0x3
 466 001f 16       		.uleb128 0x16
 467 0020 00       		.byte	0
 468 0021 03       		.uleb128 0x3
 469 0022 0E       		.uleb128 0xe
 470 0023 3A       		.uleb128 0x3a
 471 0024 0B       		.uleb128 0xb
 472 0025 3B       		.uleb128 0x3b
 473 0026 0B       		.uleb128 0xb
 474 0027 49       		.uleb128 0x49
 475 0028 13       		.uleb128 0x13
 476 0029 00       		.byte	0
 477 002a 00       		.byte	0
 478 002b 04       		.uleb128 0x4
 479 002c 24       		.uleb128 0x24
 480 002d 00       		.byte	0
 481 002e 0B       		.uleb128 0xb
 482 002f 0B       		.uleb128 0xb
 483 0030 3E       		.uleb128 0x3e
 484 0031 0B       		.uleb128 0xb
 485 0032 03       		.uleb128 0x3
 486 0033 08       		.uleb128 0x8
 487 0034 00       		.byte	0
 488 0035 00       		.byte	0
 489 0036 05       		.uleb128 0x5
 490 0037 16       		.uleb128 0x16
 491 0038 00       		.byte	0
 492 0039 03       		.uleb128 0x3
 493 003a 0E       		.uleb128 0xe
 494 003b 3A       		.uleb128 0x3a
 495 003c 0B       		.uleb128 0xb
 496 003d 3B       		.uleb128 0x3b
 497 003e 05       		.uleb128 0x5
 498 003f 49       		.uleb128 0x49
ARM GAS  C:\Users\HPz420\AppData\Local\Temp\ccq31Q6P.s 			page 11


 499 0040 13       		.uleb128 0x13
 500 0041 00       		.byte	0
 501 0042 00       		.byte	0
 502 0043 06       		.uleb128 0x6
 503 0044 2E       		.uleb128 0x2e
 504 0045 01       		.byte	0x1
 505 0046 3F       		.uleb128 0x3f
 506 0047 19       		.uleb128 0x19
 507 0048 03       		.uleb128 0x3
 508 0049 0E       		.uleb128 0xe
 509 004a 3A       		.uleb128 0x3a
 510 004b 0B       		.uleb128 0xb
 511 004c 3B       		.uleb128 0x3b
 512 004d 0B       		.uleb128 0xb
 513 004e 27       		.uleb128 0x27
 514 004f 19       		.uleb128 0x19
 515 0050 11       		.uleb128 0x11
 516 0051 01       		.uleb128 0x1
 517 0052 12       		.uleb128 0x12
 518 0053 06       		.uleb128 0x6
 519 0054 40       		.uleb128 0x40
 520 0055 18       		.uleb128 0x18
 521 0056 9742     		.uleb128 0x2117
 522 0058 19       		.uleb128 0x19
 523 0059 01       		.uleb128 0x1
 524 005a 13       		.uleb128 0x13
 525 005b 00       		.byte	0
 526 005c 00       		.byte	0
 527 005d 07       		.uleb128 0x7
 528 005e 898201   		.uleb128 0x4109
 529 0061 00       		.byte	0
 530 0062 11       		.uleb128 0x11
 531 0063 01       		.uleb128 0x1
 532 0064 31       		.uleb128 0x31
 533 0065 13       		.uleb128 0x13
 534 0066 00       		.byte	0
 535 0067 00       		.byte	0
 536 0068 08       		.uleb128 0x8
 537 0069 34       		.uleb128 0x34
 538 006a 00       		.byte	0
 539 006b 03       		.uleb128 0x3
 540 006c 0E       		.uleb128 0xe
 541 006d 3A       		.uleb128 0x3a
 542 006e 0B       		.uleb128 0xb
 543 006f 3B       		.uleb128 0x3b
 544 0070 05       		.uleb128 0x5
 545 0071 49       		.uleb128 0x49
 546 0072 13       		.uleb128 0x13
 547 0073 3F       		.uleb128 0x3f
 548 0074 19       		.uleb128 0x19
 549 0075 3C       		.uleb128 0x3c
 550 0076 19       		.uleb128 0x19
 551 0077 00       		.byte	0
 552 0078 00       		.byte	0
 553 0079 09       		.uleb128 0x9
 554 007a 35       		.uleb128 0x35
 555 007b 00       		.byte	0
ARM GAS  C:\Users\HPz420\AppData\Local\Temp\ccq31Q6P.s 			page 12


 556 007c 49       		.uleb128 0x49
 557 007d 13       		.uleb128 0x13
 558 007e 00       		.byte	0
 559 007f 00       		.byte	0
 560 0080 0A       		.uleb128 0xa
 561 0081 34       		.uleb128 0x34
 562 0082 00       		.byte	0
 563 0083 03       		.uleb128 0x3
 564 0084 0E       		.uleb128 0xe
 565 0085 3A       		.uleb128 0x3a
 566 0086 0B       		.uleb128 0xb
 567 0087 3B       		.uleb128 0x3b
 568 0088 0B       		.uleb128 0xb
 569 0089 49       		.uleb128 0x49
 570 008a 13       		.uleb128 0x13
 571 008b 3F       		.uleb128 0x3f
 572 008c 19       		.uleb128 0x19
 573 008d 02       		.uleb128 0x2
 574 008e 18       		.uleb128 0x18
 575 008f 00       		.byte	0
 576 0090 00       		.byte	0
 577 0091 0B       		.uleb128 0xb
 578 0092 2E       		.uleb128 0x2e
 579 0093 00       		.byte	0
 580 0094 3F       		.uleb128 0x3f
 581 0095 19       		.uleb128 0x19
 582 0096 3C       		.uleb128 0x3c
 583 0097 19       		.uleb128 0x19
 584 0098 6E       		.uleb128 0x6e
 585 0099 0E       		.uleb128 0xe
 586 009a 03       		.uleb128 0x3
 587 009b 0E       		.uleb128 0xe
 588 009c 3A       		.uleb128 0x3a
 589 009d 0B       		.uleb128 0xb
 590 009e 3B       		.uleb128 0x3b
 591 009f 0B       		.uleb128 0xb
 592 00a0 00       		.byte	0
 593 00a1 00       		.byte	0
 594 00a2 00       		.byte	0
 595              		.section	.debug_aranges,"",%progbits
 596 0000 3C000000 		.4byte	0x3c
 597 0004 0200     		.2byte	0x2
 598 0006 00000000 		.4byte	.Ldebug_info0
 599 000a 04       		.byte	0x4
 600 000b 00       		.byte	0
 601 000c 0000     		.2byte	0
 602 000e 0000     		.2byte	0
 603 0010 00000000 		.4byte	.LFB63
 604 0014 1C000000 		.4byte	.LFE63-.LFB63
 605 0018 00000000 		.4byte	.LFB64
 606 001c 10000000 		.4byte	.LFE64-.LFB64
 607 0020 00000000 		.4byte	.LFB65
 608 0024 14000000 		.4byte	.LFE65-.LFB65
 609 0028 00000000 		.4byte	.LFB66
 610 002c 14000000 		.4byte	.LFE66-.LFB66
 611 0030 00000000 		.4byte	.LFB67
 612 0034 24000000 		.4byte	.LFE67-.LFB67
ARM GAS  C:\Users\HPz420\AppData\Local\Temp\ccq31Q6P.s 			page 13


 613 0038 00000000 		.4byte	0
 614 003c 00000000 		.4byte	0
 615              		.section	.debug_ranges,"",%progbits
 616              	.Ldebug_ranges0:
 617 0000 00000000 		.4byte	.LFB63
 618 0004 1C000000 		.4byte	.LFE63
 619 0008 00000000 		.4byte	.LFB64
 620 000c 10000000 		.4byte	.LFE64
 621 0010 00000000 		.4byte	.LFB65
 622 0014 14000000 		.4byte	.LFE65
 623 0018 00000000 		.4byte	.LFB66
 624 001c 14000000 		.4byte	.LFE66
 625 0020 00000000 		.4byte	.LFB67
 626 0024 24000000 		.4byte	.LFE67
 627 0028 00000000 		.4byte	0
 628 002c 00000000 		.4byte	0
 629              		.section	.debug_line,"",%progbits
 630              	.Ldebug_line0:
 631 0000 F4010000 		.section	.debug_str,"MS",%progbits,1
 631      02009501 
 631      00000201 
 631      FB0E0D00 
 631      01010101 
 632              	.LASF32:
 633 0000 5A38305F 		.ascii	"Z80_DAC.c\000"
 633      4441432E 
 633      6300
 634              	.LASF23:
 635 000a 64616353 		.ascii	"dacState\000"
 635      74617465 
 635      00
 636              	.LASF9:
 637 0013 5F5F696E 		.ascii	"__int32_t\000"
 637      7433325F 
 637      7400
 638              	.LASF33:
 639 001d 433A5C55 		.ascii	"C:\\Users\\HPz420\\Documents\\GitHub\\Doug Gillilan"
 639      73657273 
 639      5C48507A 
 639      3432305C 
 639      446F6375 
 640 004b 645C5265 		.ascii	"d\\Retro-Computers\\Z80\\PSOC\\PSOC_Design_Files\\Z"
 640      74726F2D 
 640      436F6D70 
 640      75746572 
 640      735C5A38 
 641 0079 38302D50 		.ascii	"80-PSoC-3-Chips_002\\Z80_3Chip.cydsn\000"
 641      536F432D 
 641      332D4368 
 641      6970735F 
 641      3030325C 
 642              	.LASF19:
 643 009d 72656164 		.ascii	"readDAC\000"
 643      44414300 
 644              	.LASF12:
 645 00a5 666C6F61 		.ascii	"float\000"
 645      7400
ARM GAS  C:\Users\HPz420\AppData\Local\Temp\ccq31Q6P.s 			page 14


 646              	.LASF26:
 647 00ab 57617665 		.ascii	"WaveDAC8_Start\000"
 647      44414338 
 647      5F537461 
 647      727400
 648              	.LASF27:
 649 00ba 5A38305F 		.ascii	"Z80_Data_Out_Read\000"
 649      44617461 
 649      5F4F7574 
 649      5F526561 
 649      6400
 650              	.LASF1:
 651 00cc 756E7369 		.ascii	"unsigned char\000"
 651      676E6564 
 651      20636861 
 651      7200
 652              	.LASF31:
 653 00da 474E5520 		.ascii	"GNU C11 5.4.1 20160609 (release) [ARM/embedded-5-br"
 653      43313120 
 653      352E342E 
 653      31203230 
 653      31363036 
 654 010d 616E6368 		.ascii	"anch revision 237715] -mcpu=cortex-m3 -mthumb -g -O"
 654      20726576 
 654      6973696F 
 654      6E203233 
 654      37373135 
 655 0140 67202D66 		.ascii	"g -ffunction-sections -ffat-lto-objects\000"
 655      66756E63 
 655      74696F6E 
 655      2D736563 
 655      74696F6E 
 656              	.LASF30:
 657 0168 57617665 		.ascii	"WaveDAC8_Stop\000"
 657      44414338 
 657      5F53746F 
 657      7000
 658              	.LASF5:
 659 0176 6C6F6E67 		.ascii	"long unsigned int\000"
 659      20756E73 
 659      69676E65 
 659      6420696E 
 659      7400
 660              	.LASF3:
 661 0188 73686F72 		.ascii	"short unsigned int\000"
 661      7420756E 
 661      7369676E 
 661      65642069 
 661      6E7400
 662              	.LASF18:
 663 019b 77726974 		.ascii	"writeDAC\000"
 663      65444143 
 663      00
 664              	.LASF17:
 665 01a4 696E6974 		.ascii	"init_DAC\000"
 665      5F444143 
 665      00
ARM GAS  C:\Users\HPz420\AppData\Local\Temp\ccq31Q6P.s 			page 15


 666              	.LASF22:
 667 01ad 49544D5F 		.ascii	"ITM_RxBuffer\000"
 667      52784275 
 667      66666572 
 667      00
 668              	.LASF13:
 669 01ba 646F7562 		.ascii	"double\000"
 669      6C6500
 670              	.LASF24:
 671 01c1 6F757444 		.ascii	"outDataDAC\000"
 671      61746144 
 671      414300
 672              	.LASF28:
 673 01cc 5A38305F 		.ascii	"Z80_Data_In_Write\000"
 673      44617461 
 673      5F496E5F 
 673      57726974 
 673      6500
 674              	.LASF20:
 675 01de 72656164 		.ascii	"readStatDAC\000"
 675      53746174 
 675      44414300 
 676              	.LASF8:
 677 01ea 756E7369 		.ascii	"unsigned int\000"
 677      676E6564 
 677      20696E74 
 677      00
 678              	.LASF7:
 679 01f7 6C6F6E67 		.ascii	"long long unsigned int\000"
 679      206C6F6E 
 679      6720756E 
 679      7369676E 
 679      65642069 
 680              	.LASF10:
 681 020e 696E7433 		.ascii	"int32_t\000"
 681      325F7400 
 682              	.LASF16:
 683 0216 73697A65 		.ascii	"sizetype\000"
 683      74797065 
 683      00
 684              	.LASF25:
 685 021f 696E4461 		.ascii	"inDataDAC\000"
 685      74614441 
 685      4300
 686              	.LASF6:
 687 0229 6C6F6E67 		.ascii	"long long int\000"
 687      206C6F6E 
 687      6720696E 
 687      7400
 688              	.LASF14:
 689 0237 63686172 		.ascii	"char\000"
 689      00
 690              	.LASF29:
 691 023c 61636B49 		.ascii	"ackIO\000"
 691      4F00
 692              	.LASF2:
 693 0242 73686F72 		.ascii	"short int\000"
ARM GAS  C:\Users\HPz420\AppData\Local\Temp\ccq31Q6P.s 			page 16


 693      7420696E 
 693      7400
 694              	.LASF11:
 695 024c 75696E74 		.ascii	"uint8\000"
 695      3800
 696              	.LASF4:
 697 0252 6C6F6E67 		.ascii	"long int\000"
 697      20696E74 
 697      00
 698              	.LASF15:
 699 025b 6C6F6E67 		.ascii	"long double\000"
 699      20646F75 
 699      626C6500 
 700              	.LASF0:
 701 0267 7369676E 		.ascii	"signed char\000"
 701      65642063 
 701      68617200 
 702              	.LASF21:
 703 0273 77726974 		.ascii	"writeCmdDAC\000"
 703      65436D64 
 703      44414300 
 704              		.ident	"GCC: (GNU Tools for ARM Embedded Processors) 5.4.1 20160609 (release) [ARM/embedded-5-bran
