ARM GAS  C:\Users\HPz420\AppData\Local\Temp\ccTDzGTq.s 			page 1


   1              		.syntax unified
   2              		.cpu cortex-m3
   3              		.fpu softvfp
   4              		.eabi_attribute 20, 1
   5              		.eabi_attribute 21, 1
   6              		.eabi_attribute 23, 3
   7              		.eabi_attribute 24, 1
   8              		.eabi_attribute 25, 1
   9              		.eabi_attribute 26, 1
  10              		.eabi_attribute 30, 1
  11              		.eabi_attribute 34, 1
  12              		.eabi_attribute 18, 4
  13              		.thumb
  14              		.syntax unified
  15              		.file	"Z80_6850_2_Emul.c"
  16              		.text
  17              	.Ltext0:
  18              		.cfi_sections	.debug_frame
  19              		.section	.text.initM6850_2_StatusRegister,"ax",%progbits
  20              		.align	2
  21              		.global	initM6850_2_StatusRegister
  22              		.thumb
  23              		.thumb_func
  24              		.type	initM6850_2_StatusRegister, %function
  25              	initM6850_2_StatusRegister:
  26              	.LFB63:
  27              		.file 1 "Z80_6850_2_Emul.c"
   1:Z80_6850_2_Emul.c **** /* ========================================
   2:Z80_6850_2_Emul.c **** *
   3:Z80_6850_2_Emul.c **** * Copyright LAND BOARDS, LLC, 2019
   4:Z80_6850_2_Emul.c **** * All Rights Reserved
   5:Z80_6850_2_Emul.c **** * UNPUBLISHED, LICENSED SOFTWARE.
   6:Z80_6850_2_Emul.c **** *
   7:Z80_6850_2_Emul.c **** * CONFIDENTIAL AND PROPRIETARY INFORMATION
   8:Z80_6850_2_Emul.c **** * WHICH IS THE PROPERTY OF Land Boards, LLC.
   9:Z80_6850_2_Emul.c **** *
  10:Z80_6850_2_Emul.c **** * ========================================
  11:Z80_6850_2_Emul.c **** */
  12:Z80_6850_2_Emul.c **** 
  13:Z80_6850_2_Emul.c **** //////////////////////////////////////////////////////////////////////////////////////////////
  14:Z80_6850_2_Emul.c **** // This is a 2nd M6850 ACIA Serial UART
  15:Z80_6850_2_Emul.c **** // This is set up as stubs to return proper status but doesn't have any hardware connections
  16:Z80_6850_2_Emul.c **** // It is used by Grant Searle's FPGA CP/M code which needs two ACIAs but only uses one ACIA
  17:Z80_6850_2_Emul.c **** 
  18:Z80_6850_2_Emul.c **** #include <project.h>
  19:Z80_6850_2_Emul.c **** #include <Z80_PSoC_3Chips.h>
  20:Z80_6850_2_Emul.c **** 
  21:Z80_6850_2_Emul.c **** #ifdef USING_6850
  22:Z80_6850_2_Emul.c **** 
  23:Z80_6850_2_Emul.c **** volatile uint8 M6850_2_Ctrl;
  24:Z80_6850_2_Emul.c **** volatile uint8 M6850_2_Status;      // Should be the only register that is read
  25:Z80_6850_2_Emul.c **** volatile uint8 M6850_2_DataOut;
  26:Z80_6850_2_Emul.c **** volatile uint8 M6850_2_DataIn;
  27:Z80_6850_2_Emul.c **** 
  28:Z80_6850_2_Emul.c **** ///////////////////////////////////////////////////////////////////////////////
  29:Z80_6850_2_Emul.c **** // void initM6850StatusRegister(void) - Set the initial value of the status reg
  30:Z80_6850_2_Emul.c **** 
ARM GAS  C:\Users\HPz420\AppData\Local\Temp\ccTDzGTq.s 			page 2


  31:Z80_6850_2_Emul.c **** void initM6850_2_StatusRegister(void)
  32:Z80_6850_2_Emul.c **** {
  28              		.loc 1 32 0
  29              		.cfi_startproc
  30              		@ args = 0, pretend = 0, frame = 0
  31              		@ frame_needed = 0, uses_anonymous_args = 0
  32              		@ link register save eliminated.
  33:Z80_6850_2_Emul.c **** 	M6850_2_Status = 0x2;       // TxEmpty and No receive characters present
  33              		.loc 1 33 0
  34 0000 0222     		movs	r2, #2
  35 0002 014B     		ldr	r3, .L2
  36 0004 1A70     		strb	r2, [r3]
  37 0006 7047     		bx	lr
  38              	.L3:
  39              		.align	2
  40              	.L2:
  41 0008 00000000 		.word	M6850_2_Status
  42              		.cfi_endproc
  43              	.LFE63:
  44              		.size	initM6850_2_StatusRegister, .-initM6850_2_StatusRegister
  45              		.section	.text.M6850_2_ReadIntReg,"ax",%progbits
  46              		.align	2
  47              		.global	M6850_2_ReadIntReg
  48              		.thumb
  49              		.thumb_func
  50              		.type	M6850_2_ReadIntReg, %function
  51              	M6850_2_ReadIntReg:
  52              	.LFB64:
  34:Z80_6850_2_Emul.c **** }
  35:Z80_6850_2_Emul.c **** 
  36:Z80_6850_2_Emul.c **** ///////////////////////////////////////////////////////////////////////////////
  37:Z80_6850_2_Emul.c **** // void M6850ReadIntReg(void) - Read the Interrupt vector
  38:Z80_6850_2_Emul.c **** 
  39:Z80_6850_2_Emul.c **** void M6850_2_ReadIntReg(void)
  40:Z80_6850_2_Emul.c **** {
  53              		.loc 1 40 0
  54              		.cfi_startproc
  55              		@ args = 0, pretend = 0, frame = 0
  56              		@ frame_needed = 0, uses_anonymous_args = 0
  57 0000 08B5     		push	{r3, lr}
  58              		.cfi_def_cfa_offset 8
  59              		.cfi_offset 3, -8
  60              		.cfi_offset 14, -4
  41:Z80_6850_2_Emul.c **** 	ackIO();
  61              		.loc 1 41 0
  62 0002 FFF7FEFF 		bl	ackIO
  63              	.LVL0:
  64 0006 08BD     		pop	{r3, pc}
  65              		.cfi_endproc
  66              	.LFE64:
  67              		.size	M6850_2_ReadIntReg, .-M6850_2_ReadIntReg
  68              		.section	.text.sendCharToZ80_2,"ax",%progbits
  69              		.align	2
  70              		.global	sendCharToZ80_2
  71              		.thumb
  72              		.thumb_func
  73              		.type	sendCharToZ80_2, %function
ARM GAS  C:\Users\HPz420\AppData\Local\Temp\ccTDzGTq.s 			page 3


  74              	sendCharToZ80_2:
  75              	.LFB65:
  42:Z80_6850_2_Emul.c **** }
  43:Z80_6850_2_Emul.c **** 
  44:Z80_6850_2_Emul.c **** ///////////////////////////////////////////////////////////////////////////////
  45:Z80_6850_2_Emul.c **** // void sendCharToZ80(uint8 rxChar) - Send a character to the Z80 by placing it
  46:Z80_6850_2_Emul.c **** // into the SIO_A_DataIn register and making the RxCharacterAvailable active.
  47:Z80_6850_2_Emul.c **** 
  48:Z80_6850_2_Emul.c **** void sendCharToZ80_2(uint8 rxChar)
  49:Z80_6850_2_Emul.c **** {
  76              		.loc 1 49 0
  77              		.cfi_startproc
  78              		@ args = 0, pretend = 0, frame = 0
  79              		@ frame_needed = 0, uses_anonymous_args = 0
  80              		@ link register save eliminated.
  81              	.LVL1:
  82 0000 7047     		bx	lr
  83              		.cfi_endproc
  84              	.LFE65:
  85              		.size	sendCharToZ80_2, .-sendCharToZ80_2
  86 0002 00BF     		.section	.text.checkSerial_2_ReceiverBusy,"ax",%progbits
  87              		.align	2
  88              		.global	checkSerial_2_ReceiverBusy
  89              		.thumb
  90              		.thumb_func
  91              		.type	checkSerial_2_ReceiverBusy, %function
  92              	checkSerial_2_ReceiverBusy:
  93              	.LFB66:
  50:Z80_6850_2_Emul.c **** 	//    M6850_2_DataIn = rxChar;                                          // Put the char into the b
  51:Z80_6850_2_Emul.c **** 	//    M6850_2_Status |= SIO_CHAR_RDY;                                   // Rx Character Available
  52:Z80_6850_2_Emul.c **** 	//    if ((M6850_2_Ctrl & M6850_INT_RTS_MASK) != M6850_RTS_LOW__INT_EN) // Only set IRQ if it is e
  53:Z80_6850_2_Emul.c **** 	//        IO_Ctrl_Reg_Write(IO_Ctrl_Reg_Read() | 0x04);               // Set IRQ* line
  54:Z80_6850_2_Emul.c **** }
  55:Z80_6850_2_Emul.c **** 
  56:Z80_6850_2_Emul.c **** ///////////////////////////////////////////////////////////////////////////////
  57:Z80_6850_2_Emul.c **** // uint8 checkSerialReceiverBusy(void) - Check the Serial port receiver status
  58:Z80_6850_2_Emul.c **** // Returns: 
  59:Z80_6850_2_Emul.c **** //  0 if the port can take another character
  60:Z80_6850_2_Emul.c **** //  1 if the port is busy and can't take another character
  61:Z80_6850_2_Emul.c **** 
  62:Z80_6850_2_Emul.c **** uint8 checkSerial_2_ReceiverBusy(void)
  63:Z80_6850_2_Emul.c **** {
  94              		.loc 1 63 0
  95              		.cfi_startproc
  96              		@ args = 0, pretend = 0, frame = 0
  97              		@ frame_needed = 0, uses_anonymous_args = 0
  98              		@ link register save eliminated.
  64:Z80_6850_2_Emul.c **** 	if ((M6850_2_Ctrl & M6850_INT_RTS_MASK) == M6850_RTS_HI__INT_DIS)
  99              		.loc 1 64 0
 100 0000 064B     		ldr	r3, .L10
 101 0002 1B78     		ldrb	r3, [r3]	@ zero_extendqisi2
 102 0004 03F06003 		and	r3, r3, #96
 103 0008 402B     		cmp	r3, #64
 104 000a 04D0     		beq	.L9
  65:Z80_6850_2_Emul.c **** 	{
  66:Z80_6850_2_Emul.c **** 		return(1);
  67:Z80_6850_2_Emul.c **** 	}
ARM GAS  C:\Users\HPz420\AppData\Local\Temp\ccTDzGTq.s 			page 4


  68:Z80_6850_2_Emul.c **** 	return (M6850_2_Status & SIO_CHAR_RDY);
 105              		.loc 1 68 0
 106 000c 044B     		ldr	r3, .L10+4
 107 000e 1878     		ldrb	r0, [r3]	@ zero_extendqisi2
 108 0010 00F00100 		and	r0, r0, #1
 109 0014 7047     		bx	lr
 110              	.L9:
  66:Z80_6850_2_Emul.c **** 	}
 111              		.loc 1 66 0
 112 0016 0120     		movs	r0, #1
  69:Z80_6850_2_Emul.c **** }
 113              		.loc 1 69 0
 114 0018 7047     		bx	lr
 115              	.L11:
 116 001a 00BF     		.align	2
 117              	.L10:
 118 001c 00000000 		.word	M6850_2_Ctrl
 119 0020 00000000 		.word	M6850_2_Status
 120              		.cfi_endproc
 121              	.LFE66:
 122              		.size	checkSerial_2_ReceiverBusy, .-checkSerial_2_ReceiverBusy
 123              		.section	.text.M6850_2_ReadData,"ax",%progbits
 124              		.align	2
 125              		.global	M6850_2_ReadData
 126              		.thumb
 127              		.thumb_func
 128              		.type	M6850_2_ReadData, %function
 129              	M6850_2_ReadData:
 130              	.LFB67:
  70:Z80_6850_2_Emul.c **** 
  71:Z80_6850_2_Emul.c **** ///////////////////////////////////////////////////////////////////////////////
  72:Z80_6850_2_Emul.c **** // M6850ReadData(void)- Z80 is reading data from Serial Port
  73:Z80_6850_2_Emul.c **** 
  74:Z80_6850_2_Emul.c **** void M6850_2_ReadData(void)
  75:Z80_6850_2_Emul.c **** {
 131              		.loc 1 75 0
 132              		.cfi_startproc
 133              		@ args = 0, pretend = 0, frame = 0
 134              		@ frame_needed = 0, uses_anonymous_args = 0
 135 0000 08B5     		push	{r3, lr}
 136              		.cfi_def_cfa_offset 8
 137              		.cfi_offset 3, -8
 138              		.cfi_offset 14, -4
  76:Z80_6850_2_Emul.c **** 	//    Z80_Data_In_Write(M6850_2_DataIn);
  77:Z80_6850_2_Emul.c **** 	//    M6850_2_Status &= 0xFE;                              // No Rx Character Available
  78:Z80_6850_2_Emul.c **** 	ackIO();
 139              		.loc 1 78 0
 140 0002 FFF7FEFF 		bl	ackIO
 141              	.LVL2:
 142 0006 08BD     		pop	{r3, pc}
 143              		.cfi_endproc
 144              	.LFE67:
 145              		.size	M6850_2_ReadData, .-M6850_2_ReadData
 146              		.section	.text.M6850_2_WriteData,"ax",%progbits
 147              		.align	2
 148              		.global	M6850_2_WriteData
 149              		.thumb
ARM GAS  C:\Users\HPz420\AppData\Local\Temp\ccTDzGTq.s 			page 5


 150              		.thumb_func
 151              		.type	M6850_2_WriteData, %function
 152              	M6850_2_WriteData:
 153              	.LFB68:
  79:Z80_6850_2_Emul.c **** }
  80:Z80_6850_2_Emul.c **** 
  81:Z80_6850_2_Emul.c **** ///////////////////////////////////////////////////////////////////////////////
  82:Z80_6850_2_Emul.c **** // void M6850WriteData(void) - Send a single byte from the Z80 to the USB
  83:Z80_6850_2_Emul.c **** 
  84:Z80_6850_2_Emul.c **** void M6850_2_WriteData(void)
  85:Z80_6850_2_Emul.c **** {
 154              		.loc 1 85 0
 155              		.cfi_startproc
 156              		@ args = 0, pretend = 0, frame = 0
 157              		@ frame_needed = 0, uses_anonymous_args = 0
 158 0000 08B5     		push	{r3, lr}
 159              		.cfi_def_cfa_offset 8
 160              		.cfi_offset 3, -8
 161              		.cfi_offset 14, -4
  86:Z80_6850_2_Emul.c **** 	//    uint8 buffer[64];
  87:Z80_6850_2_Emul.c **** 	//    uint16 count = 1;
  88:Z80_6850_2_Emul.c **** 	//    while (0u == USBUART_CDCIsReady());
  89:Z80_6850_2_Emul.c **** 	//    buffer[0] = Z80_Data_Out_Read();
  90:Z80_6850_2_Emul.c **** 	//    USBUART_PutData(buffer, count);
  91:Z80_6850_2_Emul.c **** 	ackIO();
 162              		.loc 1 91 0
 163 0002 FFF7FEFF 		bl	ackIO
 164              	.LVL3:
 165 0006 08BD     		pop	{r3, pc}
 166              		.cfi_endproc
 167              	.LFE68:
 168              		.size	M6850_2_WriteData, .-M6850_2_WriteData
 169              		.section	.text.M6850_2_ReadStatus,"ax",%progbits
 170              		.align	2
 171              		.global	M6850_2_ReadStatus
 172              		.thumb
 173              		.thumb_func
 174              		.type	M6850_2_ReadStatus, %function
 175              	M6850_2_ReadStatus:
 176              	.LFB69:
  92:Z80_6850_2_Emul.c **** }
  93:Z80_6850_2_Emul.c **** 
  94:Z80_6850_2_Emul.c **** ///////////////////////////////////////////////////////////////////////////////
  95:Z80_6850_2_Emul.c **** // void M6850ReadStatus(void) - Read the Status registers
  96:Z80_6850_2_Emul.c **** 
  97:Z80_6850_2_Emul.c **** void M6850_2_ReadStatus(void)
  98:Z80_6850_2_Emul.c **** {
 177              		.loc 1 98 0
 178              		.cfi_startproc
 179              		@ args = 0, pretend = 0, frame = 0
 180              		@ frame_needed = 0, uses_anonymous_args = 0
 181 0000 08B5     		push	{r3, lr}
 182              		.cfi_def_cfa_offset 8
 183              		.cfi_offset 3, -8
 184              		.cfi_offset 14, -4
  99:Z80_6850_2_Emul.c **** 	Z80_Data_In_Write(M6850_2_Status);
 185              		.loc 1 99 0
ARM GAS  C:\Users\HPz420\AppData\Local\Temp\ccTDzGTq.s 			page 6


 186 0002 034B     		ldr	r3, .L18
 187 0004 1878     		ldrb	r0, [r3]	@ zero_extendqisi2
 188 0006 FFF7FEFF 		bl	Z80_Data_In_Write
 189              	.LVL4:
 100:Z80_6850_2_Emul.c **** 	ackIO();
 190              		.loc 1 100 0
 191 000a FFF7FEFF 		bl	ackIO
 192              	.LVL5:
 193 000e 08BD     		pop	{r3, pc}
 194              	.L19:
 195              		.align	2
 196              	.L18:
 197 0010 00000000 		.word	M6850_2_Status
 198              		.cfi_endproc
 199              	.LFE69:
 200              		.size	M6850_2_ReadStatus, .-M6850_2_ReadStatus
 201              		.section	.text.M6850_2_WriteCtrl,"ax",%progbits
 202              		.align	2
 203              		.global	M6850_2_WriteCtrl
 204              		.thumb
 205              		.thumb_func
 206              		.type	M6850_2_WriteCtrl, %function
 207              	M6850_2_WriteCtrl:
 208              	.LFB70:
 101:Z80_6850_2_Emul.c **** }
 102:Z80_6850_2_Emul.c **** 
 103:Z80_6850_2_Emul.c **** ///////////////////////////////////////////////////////////////////////////////
 104:Z80_6850_2_Emul.c **** // void M6850WriteCtrl(void) - Write to the SIO Port A control registers
 105:Z80_6850_2_Emul.c **** 
 106:Z80_6850_2_Emul.c **** void M6850_2_WriteCtrl(void)
 107:Z80_6850_2_Emul.c **** {
 209              		.loc 1 107 0
 210              		.cfi_startproc
 211              		@ args = 0, pretend = 0, frame = 0
 212              		@ frame_needed = 0, uses_anonymous_args = 0
 213 0000 08B5     		push	{r3, lr}
 214              		.cfi_def_cfa_offset 8
 215              		.cfi_offset 3, -8
 216              		.cfi_offset 14, -4
 108:Z80_6850_2_Emul.c **** 	M6850_2_Ctrl = Z80_Data_Out_Read();
 217              		.loc 1 108 0
 218 0002 FFF7FEFF 		bl	Z80_Data_Out_Read
 219              	.LVL6:
 220 0006 024B     		ldr	r3, .L22
 221 0008 1870     		strb	r0, [r3]
 109:Z80_6850_2_Emul.c **** 	// TBD - This is where the side effects of changing control codes are handled
 110:Z80_6850_2_Emul.c **** 	ackIO();
 222              		.loc 1 110 0
 223 000a FFF7FEFF 		bl	ackIO
 224              	.LVL7:
 225 000e 08BD     		pop	{r3, pc}
 226              	.L23:
 227              		.align	2
 228              	.L22:
 229 0010 00000000 		.word	M6850_2_Ctrl
 230              		.cfi_endproc
 231              	.LFE70:
ARM GAS  C:\Users\HPz420\AppData\Local\Temp\ccTDzGTq.s 			page 7


 232              		.size	M6850_2_WriteCtrl, .-M6850_2_WriteCtrl
 233              		.comm	M6850_2_DataIn,1,1
 234              		.comm	M6850_2_DataOut,1,1
 235              		.comm	M6850_2_Status,1,1
 236              		.comm	M6850_2_Ctrl,1,1
 237              		.text
 238              	.Letext0:
 239              		.file 2 "c:\\program files (x86)\\cypress\\psoc creator\\4.2\\psoc creator\\import\\gnu\\arm\\5.4.
 240              		.file 3 "c:\\program files (x86)\\cypress\\psoc creator\\4.2\\psoc creator\\import\\gnu\\arm\\5.4.
 241              		.file 4 "Generated_Source\\PSoC5/cytypes.h"
 242              		.file 5 "Generated_Source\\PSoC5/core_cm3.h"
 243              		.file 6 "./Z80_IO_Handle.h"
 244              		.file 7 "Generated_Source\\PSoC5/Z80_Data_In.h"
 245              		.file 8 "Generated_Source\\PSoC5/Z80_Data_Out.h"
 246              		.section	.debug_info,"",%progbits
 247              	.Ldebug_info0:
 248 0000 1E020000 		.4byte	0x21e
 249 0004 0400     		.2byte	0x4
 250 0006 00000000 		.4byte	.Ldebug_abbrev0
 251 000a 04       		.byte	0x4
 252 000b 01       		.uleb128 0x1
 253 000c 04010000 		.4byte	.LASF31
 254 0010 0C       		.byte	0xc
 255 0011 D0020000 		.4byte	.LASF32
 256 0015 38000000 		.4byte	.LASF33
 257 0019 00000000 		.4byte	.Ldebug_ranges0+0
 258 001d 00000000 		.4byte	0
 259 0021 00000000 		.4byte	.Ldebug_line0
 260 0025 02       		.uleb128 0x2
 261 0026 01       		.byte	0x1
 262 0027 06       		.byte	0x6
 263 0028 C4020000 		.4byte	.LASF0
 264 002c 02       		.uleb128 0x2
 265 002d 01       		.byte	0x1
 266 002e 08       		.byte	0x8
 267 002f F6000000 		.4byte	.LASF1
 268 0033 02       		.uleb128 0x2
 269 0034 02       		.byte	0x2
 270 0035 05       		.byte	0x5
 271 0036 8C020000 		.4byte	.LASF2
 272 003a 02       		.uleb128 0x2
 273 003b 02       		.byte	0x2
 274 003c 07       		.byte	0x7
 275 003d A4010000 		.4byte	.LASF3
 276 0041 03       		.uleb128 0x3
 277 0042 0F000000 		.4byte	.LASF9
 278 0046 02       		.byte	0x2
 279 0047 3F       		.byte	0x3f
 280 0048 4C000000 		.4byte	0x4c
 281 004c 02       		.uleb128 0x2
 282 004d 04       		.byte	0x4
 283 004e 05       		.byte	0x5
 284 004f AF020000 		.4byte	.LASF4
 285 0053 02       		.uleb128 0x2
 286 0054 04       		.byte	0x4
 287 0055 07       		.byte	0x7
 288 0056 92010000 		.4byte	.LASF5
ARM GAS  C:\Users\HPz420\AppData\Local\Temp\ccTDzGTq.s 			page 8


 289 005a 02       		.uleb128 0x2
 290 005b 08       		.byte	0x8
 291 005c 05       		.byte	0x5
 292 005d 5A020000 		.4byte	.LASF6
 293 0061 02       		.uleb128 0x2
 294 0062 08       		.byte	0x8
 295 0063 07       		.byte	0x7
 296 0064 1F020000 		.4byte	.LASF7
 297 0068 04       		.uleb128 0x4
 298 0069 04       		.byte	0x4
 299 006a 05       		.byte	0x5
 300 006b 696E7400 		.ascii	"int\000"
 301 006f 02       		.uleb128 0x2
 302 0070 04       		.byte	0x4
 303 0071 07       		.byte	0x7
 304 0072 12020000 		.4byte	.LASF8
 305 0076 03       		.uleb128 0x3
 306 0077 36020000 		.4byte	.LASF10
 307 007b 03       		.byte	0x3
 308 007c 2C       		.byte	0x2c
 309 007d 41000000 		.4byte	0x41
 310 0081 05       		.uleb128 0x5
 311 0082 96020000 		.4byte	.LASF11
 312 0086 04       		.byte	0x4
 313 0087 E401     		.2byte	0x1e4
 314 0089 2C000000 		.4byte	0x2c
 315 008d 02       		.uleb128 0x2
 316 008e 04       		.byte	0x4
 317 008f 04       		.byte	0x4
 318 0090 DE000000 		.4byte	.LASF12
 319 0094 02       		.uleb128 0x2
 320 0095 08       		.byte	0x8
 321 0096 04       		.byte	0x4
 322 0097 B8000000 		.4byte	.LASF13
 323 009b 02       		.uleb128 0x2
 324 009c 01       		.byte	0x1
 325 009d 08       		.byte	0x8
 326 009e 81020000 		.4byte	.LASF14
 327 00a2 06       		.uleb128 0x6
 328 00a3 81000000 		.4byte	0x81
 329 00a7 02       		.uleb128 0x2
 330 00a8 08       		.byte	0x8
 331 00a9 04       		.byte	0x4
 332 00aa B8020000 		.4byte	.LASF15
 333 00ae 02       		.uleb128 0x2
 334 00af 04       		.byte	0x4
 335 00b0 07       		.byte	0x7
 336 00b1 51020000 		.4byte	.LASF16
 337 00b5 07       		.uleb128 0x7
 338 00b6 E5010000 		.4byte	.LASF34
 339 00ba 01       		.byte	0x1
 340 00bb 1F       		.byte	0x1f
 341 00bc 00000000 		.4byte	.LFB63
 342 00c0 0C000000 		.4byte	.LFE63-.LFB63
 343 00c4 01       		.uleb128 0x1
 344 00c5 9C       		.byte	0x9c
 345 00c6 08       		.uleb128 0x8
ARM GAS  C:\Users\HPz420\AppData\Local\Temp\ccTDzGTq.s 			page 9


 346 00c7 3E020000 		.4byte	.LASF17
 347 00cb 01       		.byte	0x1
 348 00cc 27       		.byte	0x27
 349 00cd 00000000 		.4byte	.LFB64
 350 00d1 08000000 		.4byte	.LFE64-.LFB64
 351 00d5 01       		.uleb128 0x1
 352 00d6 9C       		.byte	0x9c
 353 00d7 E5000000 		.4byte	0xe5
 354 00db 09       		.uleb128 0x9
 355 00dc 06000000 		.4byte	.LVL0
 356 00e0 00020000 		.4byte	0x200
 357 00e4 00       		.byte	0
 358 00e5 08       		.uleb128 0x8
 359 00e6 D5010000 		.4byte	.LASF18
 360 00ea 01       		.byte	0x1
 361 00eb 30       		.byte	0x30
 362 00ec 00000000 		.4byte	.LFB65
 363 00f0 02000000 		.4byte	.LFE65-.LFB65
 364 00f4 01       		.uleb128 0x1
 365 00f5 9C       		.byte	0x9c
 366 00f6 08010000 		.4byte	0x108
 367 00fa 0A       		.uleb128 0xa
 368 00fb 7A020000 		.4byte	.LASF35
 369 00ff 01       		.byte	0x1
 370 0100 30       		.byte	0x30
 371 0101 81000000 		.4byte	0x81
 372 0105 01       		.uleb128 0x1
 373 0106 50       		.byte	0x50
 374 0107 00       		.byte	0
 375 0108 0B       		.uleb128 0xb
 376 0109 E2020000 		.4byte	.LASF36
 377 010d 01       		.byte	0x1
 378 010e 3E       		.byte	0x3e
 379 010f 81000000 		.4byte	0x81
 380 0113 00000000 		.4byte	.LFB66
 381 0117 24000000 		.4byte	.LFE66-.LFB66
 382 011b 01       		.uleb128 0x1
 383 011c 9C       		.byte	0x9c
 384 011d 08       		.uleb128 0x8
 385 011e C4010000 		.4byte	.LASF19
 386 0122 01       		.byte	0x1
 387 0123 4A       		.byte	0x4a
 388 0124 00000000 		.4byte	.LFB67
 389 0128 08000000 		.4byte	.LFE67-.LFB67
 390 012c 01       		.uleb128 0x1
 391 012d 9C       		.byte	0x9c
 392 012e 3C010000 		.4byte	0x13c
 393 0132 09       		.uleb128 0x9
 394 0133 06000000 		.4byte	.LVL2
 395 0137 00020000 		.4byte	0x200
 396 013b 00       		.byte	0
 397 013c 08       		.uleb128 0x8
 398 013d 19000000 		.4byte	.LASF20
 399 0141 01       		.byte	0x1
 400 0142 54       		.byte	0x54
 401 0143 00000000 		.4byte	.LFB68
 402 0147 08000000 		.4byte	.LFE68-.LFB68
ARM GAS  C:\Users\HPz420\AppData\Local\Temp\ccTDzGTq.s 			page 10


 403 014b 01       		.uleb128 0x1
 404 014c 9C       		.byte	0x9c
 405 014d 5B010000 		.4byte	0x15b
 406 0151 09       		.uleb128 0x9
 407 0152 06000000 		.4byte	.LVL3
 408 0156 00020000 		.4byte	0x200
 409 015a 00       		.byte	0
 410 015b 08       		.uleb128 0x8
 411 015c 9C020000 		.4byte	.LASF21
 412 0160 01       		.byte	0x1
 413 0161 61       		.byte	0x61
 414 0162 00000000 		.4byte	.LFB69
 415 0166 14000000 		.4byte	.LFE69-.LFB69
 416 016a 01       		.uleb128 0x1
 417 016b 9C       		.byte	0x9c
 418 016c 83010000 		.4byte	0x183
 419 0170 09       		.uleb128 0x9
 420 0171 0A000000 		.4byte	.LVL4
 421 0175 0B020000 		.4byte	0x20b
 422 0179 09       		.uleb128 0x9
 423 017a 0E000000 		.4byte	.LVL5
 424 017e 00020000 		.4byte	0x200
 425 0182 00       		.byte	0
 426 0183 08       		.uleb128 0x8
 427 0184 00020000 		.4byte	.LASF22
 428 0188 01       		.byte	0x1
 429 0189 6A       		.byte	0x6a
 430 018a 00000000 		.4byte	.LFB70
 431 018e 14000000 		.4byte	.LFE70-.LFB70
 432 0192 01       		.uleb128 0x1
 433 0193 9C       		.byte	0x9c
 434 0194 AB010000 		.4byte	0x1ab
 435 0198 09       		.uleb128 0x9
 436 0199 06000000 		.4byte	.LVL6
 437 019d 16020000 		.4byte	0x216
 438 01a1 09       		.uleb128 0x9
 439 01a2 0E000000 		.4byte	.LVL7
 440 01a6 00020000 		.4byte	0x200
 441 01aa 00       		.byte	0
 442 01ab 0C       		.uleb128 0xc
 443 01ac B7010000 		.4byte	.LASF23
 444 01b0 05       		.byte	0x5
 445 01b1 1207     		.2byte	0x712
 446 01b3 B7010000 		.4byte	0x1b7
 447 01b7 06       		.uleb128 0x6
 448 01b8 76000000 		.4byte	0x76
 449 01bc 0D       		.uleb128 0xd
 450 01bd 2B000000 		.4byte	.LASF24
 451 01c1 01       		.byte	0x1
 452 01c2 17       		.byte	0x17
 453 01c3 A2000000 		.4byte	0xa2
 454 01c7 05       		.uleb128 0x5
 455 01c8 03       		.byte	0x3
 456 01c9 00000000 		.4byte	M6850_2_Ctrl
 457 01cd 0D       		.uleb128 0xd
 458 01ce CF000000 		.4byte	.LASF25
 459 01d2 01       		.byte	0x1
ARM GAS  C:\Users\HPz420\AppData\Local\Temp\ccTDzGTq.s 			page 11


 460 01d3 18       		.byte	0x18
 461 01d4 A2000000 		.4byte	0xa2
 462 01d8 05       		.uleb128 0x5
 463 01d9 03       		.byte	0x3
 464 01da 00000000 		.4byte	M6850_2_Status
 465 01de 0D       		.uleb128 0xd
 466 01df BF000000 		.4byte	.LASF26
 467 01e3 01       		.byte	0x1
 468 01e4 19       		.byte	0x19
 469 01e5 A2000000 		.4byte	0xa2
 470 01e9 05       		.uleb128 0x5
 471 01ea 03       		.byte	0x3
 472 01eb 00000000 		.4byte	M6850_2_DataOut
 473 01ef 0D       		.uleb128 0xd
 474 01f0 00000000 		.4byte	.LASF27
 475 01f4 01       		.byte	0x1
 476 01f5 1A       		.byte	0x1a
 477 01f6 A2000000 		.4byte	0xa2
 478 01fa 05       		.uleb128 0x5
 479 01fb 03       		.byte	0x3
 480 01fc 00000000 		.4byte	M6850_2_DataIn
 481 0200 0E       		.uleb128 0xe
 482 0201 86020000 		.4byte	.LASF28
 483 0205 86020000 		.4byte	.LASF28
 484 0209 06       		.byte	0x6
 485 020a 27       		.byte	0x27
 486 020b 0E       		.uleb128 0xe
 487 020c 68020000 		.4byte	.LASF29
 488 0210 68020000 		.4byte	.LASF29
 489 0214 07       		.byte	0x7
 490 0215 2F       		.byte	0x2f
 491 0216 0E       		.uleb128 0xe
 492 0217 E4000000 		.4byte	.LASF30
 493 021b E4000000 		.4byte	.LASF30
 494 021f 08       		.byte	0x8
 495 0220 30       		.byte	0x30
 496 0221 00       		.byte	0
 497              		.section	.debug_abbrev,"",%progbits
 498              	.Ldebug_abbrev0:
 499 0000 01       		.uleb128 0x1
 500 0001 11       		.uleb128 0x11
 501 0002 01       		.byte	0x1
 502 0003 25       		.uleb128 0x25
 503 0004 0E       		.uleb128 0xe
 504 0005 13       		.uleb128 0x13
 505 0006 0B       		.uleb128 0xb
 506 0007 03       		.uleb128 0x3
 507 0008 0E       		.uleb128 0xe
 508 0009 1B       		.uleb128 0x1b
 509 000a 0E       		.uleb128 0xe
 510 000b 55       		.uleb128 0x55
 511 000c 17       		.uleb128 0x17
 512 000d 11       		.uleb128 0x11
 513 000e 01       		.uleb128 0x1
 514 000f 10       		.uleb128 0x10
 515 0010 17       		.uleb128 0x17
 516 0011 00       		.byte	0
ARM GAS  C:\Users\HPz420\AppData\Local\Temp\ccTDzGTq.s 			page 12


 517 0012 00       		.byte	0
 518 0013 02       		.uleb128 0x2
 519 0014 24       		.uleb128 0x24
 520 0015 00       		.byte	0
 521 0016 0B       		.uleb128 0xb
 522 0017 0B       		.uleb128 0xb
 523 0018 3E       		.uleb128 0x3e
 524 0019 0B       		.uleb128 0xb
 525 001a 03       		.uleb128 0x3
 526 001b 0E       		.uleb128 0xe
 527 001c 00       		.byte	0
 528 001d 00       		.byte	0
 529 001e 03       		.uleb128 0x3
 530 001f 16       		.uleb128 0x16
 531 0020 00       		.byte	0
 532 0021 03       		.uleb128 0x3
 533 0022 0E       		.uleb128 0xe
 534 0023 3A       		.uleb128 0x3a
 535 0024 0B       		.uleb128 0xb
 536 0025 3B       		.uleb128 0x3b
 537 0026 0B       		.uleb128 0xb
 538 0027 49       		.uleb128 0x49
 539 0028 13       		.uleb128 0x13
 540 0029 00       		.byte	0
 541 002a 00       		.byte	0
 542 002b 04       		.uleb128 0x4
 543 002c 24       		.uleb128 0x24
 544 002d 00       		.byte	0
 545 002e 0B       		.uleb128 0xb
 546 002f 0B       		.uleb128 0xb
 547 0030 3E       		.uleb128 0x3e
 548 0031 0B       		.uleb128 0xb
 549 0032 03       		.uleb128 0x3
 550 0033 08       		.uleb128 0x8
 551 0034 00       		.byte	0
 552 0035 00       		.byte	0
 553 0036 05       		.uleb128 0x5
 554 0037 16       		.uleb128 0x16
 555 0038 00       		.byte	0
 556 0039 03       		.uleb128 0x3
 557 003a 0E       		.uleb128 0xe
 558 003b 3A       		.uleb128 0x3a
 559 003c 0B       		.uleb128 0xb
 560 003d 3B       		.uleb128 0x3b
 561 003e 05       		.uleb128 0x5
 562 003f 49       		.uleb128 0x49
 563 0040 13       		.uleb128 0x13
 564 0041 00       		.byte	0
 565 0042 00       		.byte	0
 566 0043 06       		.uleb128 0x6
 567 0044 35       		.uleb128 0x35
 568 0045 00       		.byte	0
 569 0046 49       		.uleb128 0x49
 570 0047 13       		.uleb128 0x13
 571 0048 00       		.byte	0
 572 0049 00       		.byte	0
 573 004a 07       		.uleb128 0x7
ARM GAS  C:\Users\HPz420\AppData\Local\Temp\ccTDzGTq.s 			page 13


 574 004b 2E       		.uleb128 0x2e
 575 004c 00       		.byte	0
 576 004d 3F       		.uleb128 0x3f
 577 004e 19       		.uleb128 0x19
 578 004f 03       		.uleb128 0x3
 579 0050 0E       		.uleb128 0xe
 580 0051 3A       		.uleb128 0x3a
 581 0052 0B       		.uleb128 0xb
 582 0053 3B       		.uleb128 0x3b
 583 0054 0B       		.uleb128 0xb
 584 0055 27       		.uleb128 0x27
 585 0056 19       		.uleb128 0x19
 586 0057 11       		.uleb128 0x11
 587 0058 01       		.uleb128 0x1
 588 0059 12       		.uleb128 0x12
 589 005a 06       		.uleb128 0x6
 590 005b 40       		.uleb128 0x40
 591 005c 18       		.uleb128 0x18
 592 005d 9742     		.uleb128 0x2117
 593 005f 19       		.uleb128 0x19
 594 0060 00       		.byte	0
 595 0061 00       		.byte	0
 596 0062 08       		.uleb128 0x8
 597 0063 2E       		.uleb128 0x2e
 598 0064 01       		.byte	0x1
 599 0065 3F       		.uleb128 0x3f
 600 0066 19       		.uleb128 0x19
 601 0067 03       		.uleb128 0x3
 602 0068 0E       		.uleb128 0xe
 603 0069 3A       		.uleb128 0x3a
 604 006a 0B       		.uleb128 0xb
 605 006b 3B       		.uleb128 0x3b
 606 006c 0B       		.uleb128 0xb
 607 006d 27       		.uleb128 0x27
 608 006e 19       		.uleb128 0x19
 609 006f 11       		.uleb128 0x11
 610 0070 01       		.uleb128 0x1
 611 0071 12       		.uleb128 0x12
 612 0072 06       		.uleb128 0x6
 613 0073 40       		.uleb128 0x40
 614 0074 18       		.uleb128 0x18
 615 0075 9742     		.uleb128 0x2117
 616 0077 19       		.uleb128 0x19
 617 0078 01       		.uleb128 0x1
 618 0079 13       		.uleb128 0x13
 619 007a 00       		.byte	0
 620 007b 00       		.byte	0
 621 007c 09       		.uleb128 0x9
 622 007d 898201   		.uleb128 0x4109
 623 0080 00       		.byte	0
 624 0081 11       		.uleb128 0x11
 625 0082 01       		.uleb128 0x1
 626 0083 31       		.uleb128 0x31
 627 0084 13       		.uleb128 0x13
 628 0085 00       		.byte	0
 629 0086 00       		.byte	0
 630 0087 0A       		.uleb128 0xa
ARM GAS  C:\Users\HPz420\AppData\Local\Temp\ccTDzGTq.s 			page 14


 631 0088 05       		.uleb128 0x5
 632 0089 00       		.byte	0
 633 008a 03       		.uleb128 0x3
 634 008b 0E       		.uleb128 0xe
 635 008c 3A       		.uleb128 0x3a
 636 008d 0B       		.uleb128 0xb
 637 008e 3B       		.uleb128 0x3b
 638 008f 0B       		.uleb128 0xb
 639 0090 49       		.uleb128 0x49
 640 0091 13       		.uleb128 0x13
 641 0092 02       		.uleb128 0x2
 642 0093 18       		.uleb128 0x18
 643 0094 00       		.byte	0
 644 0095 00       		.byte	0
 645 0096 0B       		.uleb128 0xb
 646 0097 2E       		.uleb128 0x2e
 647 0098 00       		.byte	0
 648 0099 3F       		.uleb128 0x3f
 649 009a 19       		.uleb128 0x19
 650 009b 03       		.uleb128 0x3
 651 009c 0E       		.uleb128 0xe
 652 009d 3A       		.uleb128 0x3a
 653 009e 0B       		.uleb128 0xb
 654 009f 3B       		.uleb128 0x3b
 655 00a0 0B       		.uleb128 0xb
 656 00a1 27       		.uleb128 0x27
 657 00a2 19       		.uleb128 0x19
 658 00a3 49       		.uleb128 0x49
 659 00a4 13       		.uleb128 0x13
 660 00a5 11       		.uleb128 0x11
 661 00a6 01       		.uleb128 0x1
 662 00a7 12       		.uleb128 0x12
 663 00a8 06       		.uleb128 0x6
 664 00a9 40       		.uleb128 0x40
 665 00aa 18       		.uleb128 0x18
 666 00ab 9742     		.uleb128 0x2117
 667 00ad 19       		.uleb128 0x19
 668 00ae 00       		.byte	0
 669 00af 00       		.byte	0
 670 00b0 0C       		.uleb128 0xc
 671 00b1 34       		.uleb128 0x34
 672 00b2 00       		.byte	0
 673 00b3 03       		.uleb128 0x3
 674 00b4 0E       		.uleb128 0xe
 675 00b5 3A       		.uleb128 0x3a
 676 00b6 0B       		.uleb128 0xb
 677 00b7 3B       		.uleb128 0x3b
 678 00b8 05       		.uleb128 0x5
 679 00b9 49       		.uleb128 0x49
 680 00ba 13       		.uleb128 0x13
 681 00bb 3F       		.uleb128 0x3f
 682 00bc 19       		.uleb128 0x19
 683 00bd 3C       		.uleb128 0x3c
 684 00be 19       		.uleb128 0x19
 685 00bf 00       		.byte	0
 686 00c0 00       		.byte	0
 687 00c1 0D       		.uleb128 0xd
ARM GAS  C:\Users\HPz420\AppData\Local\Temp\ccTDzGTq.s 			page 15


 688 00c2 34       		.uleb128 0x34
 689 00c3 00       		.byte	0
 690 00c4 03       		.uleb128 0x3
 691 00c5 0E       		.uleb128 0xe
 692 00c6 3A       		.uleb128 0x3a
 693 00c7 0B       		.uleb128 0xb
 694 00c8 3B       		.uleb128 0x3b
 695 00c9 0B       		.uleb128 0xb
 696 00ca 49       		.uleb128 0x49
 697 00cb 13       		.uleb128 0x13
 698 00cc 3F       		.uleb128 0x3f
 699 00cd 19       		.uleb128 0x19
 700 00ce 02       		.uleb128 0x2
 701 00cf 18       		.uleb128 0x18
 702 00d0 00       		.byte	0
 703 00d1 00       		.byte	0
 704 00d2 0E       		.uleb128 0xe
 705 00d3 2E       		.uleb128 0x2e
 706 00d4 00       		.byte	0
 707 00d5 3F       		.uleb128 0x3f
 708 00d6 19       		.uleb128 0x19
 709 00d7 3C       		.uleb128 0x3c
 710 00d8 19       		.uleb128 0x19
 711 00d9 6E       		.uleb128 0x6e
 712 00da 0E       		.uleb128 0xe
 713 00db 03       		.uleb128 0x3
 714 00dc 0E       		.uleb128 0xe
 715 00dd 3A       		.uleb128 0x3a
 716 00de 0B       		.uleb128 0xb
 717 00df 3B       		.uleb128 0x3b
 718 00e0 0B       		.uleb128 0xb
 719 00e1 00       		.byte	0
 720 00e2 00       		.byte	0
 721 00e3 00       		.byte	0
 722              		.section	.debug_aranges,"",%progbits
 723 0000 54000000 		.4byte	0x54
 724 0004 0200     		.2byte	0x2
 725 0006 00000000 		.4byte	.Ldebug_info0
 726 000a 04       		.byte	0x4
 727 000b 00       		.byte	0
 728 000c 0000     		.2byte	0
 729 000e 0000     		.2byte	0
 730 0010 00000000 		.4byte	.LFB63
 731 0014 0C000000 		.4byte	.LFE63-.LFB63
 732 0018 00000000 		.4byte	.LFB64
 733 001c 08000000 		.4byte	.LFE64-.LFB64
 734 0020 00000000 		.4byte	.LFB65
 735 0024 02000000 		.4byte	.LFE65-.LFB65
 736 0028 00000000 		.4byte	.LFB66
 737 002c 24000000 		.4byte	.LFE66-.LFB66
 738 0030 00000000 		.4byte	.LFB67
 739 0034 08000000 		.4byte	.LFE67-.LFB67
 740 0038 00000000 		.4byte	.LFB68
 741 003c 08000000 		.4byte	.LFE68-.LFB68
 742 0040 00000000 		.4byte	.LFB69
 743 0044 14000000 		.4byte	.LFE69-.LFB69
 744 0048 00000000 		.4byte	.LFB70
ARM GAS  C:\Users\HPz420\AppData\Local\Temp\ccTDzGTq.s 			page 16


 745 004c 14000000 		.4byte	.LFE70-.LFB70
 746 0050 00000000 		.4byte	0
 747 0054 00000000 		.4byte	0
 748              		.section	.debug_ranges,"",%progbits
 749              	.Ldebug_ranges0:
 750 0000 00000000 		.4byte	.LFB63
 751 0004 0C000000 		.4byte	.LFE63
 752 0008 00000000 		.4byte	.LFB64
 753 000c 08000000 		.4byte	.LFE64
 754 0010 00000000 		.4byte	.LFB65
 755 0014 02000000 		.4byte	.LFE65
 756 0018 00000000 		.4byte	.LFB66
 757 001c 24000000 		.4byte	.LFE66
 758 0020 00000000 		.4byte	.LFB67
 759 0024 08000000 		.4byte	.LFE67
 760 0028 00000000 		.4byte	.LFB68
 761 002c 08000000 		.4byte	.LFE68
 762 0030 00000000 		.4byte	.LFB69
 763 0034 14000000 		.4byte	.LFE69
 764 0038 00000000 		.4byte	.LFB70
 765 003c 14000000 		.4byte	.LFE70
 766 0040 00000000 		.4byte	0
 767 0044 00000000 		.4byte	0
 768              		.section	.debug_line,"",%progbits
 769              	.Ldebug_line0:
 770 0000 1D020000 		.section	.debug_str,"MS",%progbits,1
 770      02008F01 
 770      00000201 
 770      FB0E0D00 
 770      01010101 
 771              	.LASF27:
 772 0000 4D363835 		.ascii	"M6850_2_DataIn\000"
 772      305F325F 
 772      44617461 
 772      496E00
 773              	.LASF9:
 774 000f 5F5F696E 		.ascii	"__int32_t\000"
 774      7433325F 
 774      7400
 775              	.LASF20:
 776 0019 4D363835 		.ascii	"M6850_2_WriteData\000"
 776      305F325F 
 776      57726974 
 776      65446174 
 776      6100
 777              	.LASF24:
 778 002b 4D363835 		.ascii	"M6850_2_Ctrl\000"
 778      305F325F 
 778      4374726C 
 778      00
 779              	.LASF33:
 780 0038 433A5C55 		.ascii	"C:\\Users\\HPz420\\Documents\\GitHub\\Doug Gillilan"
 780      73657273 
 780      5C48507A 
 780      3432305C 
 780      446F6375 
 781 0066 645C5265 		.ascii	"d\\Retro-Computers\\Z80\\PSOC\\PSOC_Design_Files\\Z"
ARM GAS  C:\Users\HPz420\AppData\Local\Temp\ccTDzGTq.s 			page 17


 781      74726F2D 
 781      436F6D70 
 781      75746572 
 781      735C5A38 
 782 0094 38302D50 		.ascii	"80-PSoC-3-Chips_002\\Z80_3Chip.cydsn\000"
 782      536F432D 
 782      332D4368 
 782      6970735F 
 782      3030325C 
 783              	.LASF13:
 784 00b8 646F7562 		.ascii	"double\000"
 784      6C6500
 785              	.LASF26:
 786 00bf 4D363835 		.ascii	"M6850_2_DataOut\000"
 786      305F325F 
 786      44617461 
 786      4F757400 
 787              	.LASF25:
 788 00cf 4D363835 		.ascii	"M6850_2_Status\000"
 788      305F325F 
 788      53746174 
 788      757300
 789              	.LASF12:
 790 00de 666C6F61 		.ascii	"float\000"
 790      7400
 791              	.LASF30:
 792 00e4 5A38305F 		.ascii	"Z80_Data_Out_Read\000"
 792      44617461 
 792      5F4F7574 
 792      5F526561 
 792      6400
 793              	.LASF1:
 794 00f6 756E7369 		.ascii	"unsigned char\000"
 794      676E6564 
 794      20636861 
 794      7200
 795              	.LASF31:
 796 0104 474E5520 		.ascii	"GNU C11 5.4.1 20160609 (release) [ARM/embedded-5-br"
 796      43313120 
 796      352E342E 
 796      31203230 
 796      31363036 
 797 0137 616E6368 		.ascii	"anch revision 237715] -mcpu=cortex-m3 -mthumb -g -O"
 797      20726576 
 797      6973696F 
 797      6E203233 
 797      37373135 
 798 016a 67202D66 		.ascii	"g -ffunction-sections -ffat-lto-objects\000"
 798      66756E63 
 798      74696F6E 
 798      2D736563 
 798      74696F6E 
 799              	.LASF5:
 800 0192 6C6F6E67 		.ascii	"long unsigned int\000"
 800      20756E73 
 800      69676E65 
 800      6420696E 
ARM GAS  C:\Users\HPz420\AppData\Local\Temp\ccTDzGTq.s 			page 18


 800      7400
 801              	.LASF3:
 802 01a4 73686F72 		.ascii	"short unsigned int\000"
 802      7420756E 
 802      7369676E 
 802      65642069 
 802      6E7400
 803              	.LASF23:
 804 01b7 49544D5F 		.ascii	"ITM_RxBuffer\000"
 804      52784275 
 804      66666572 
 804      00
 805              	.LASF19:
 806 01c4 4D363835 		.ascii	"M6850_2_ReadData\000"
 806      305F325F 
 806      52656164 
 806      44617461 
 806      00
 807              	.LASF18:
 808 01d5 73656E64 		.ascii	"sendCharToZ80_2\000"
 808      43686172 
 808      546F5A38 
 808      305F3200 
 809              	.LASF34:
 810 01e5 696E6974 		.ascii	"initM6850_2_StatusRegister\000"
 810      4D363835 
 810      305F325F 
 810      53746174 
 810      75735265 
 811              	.LASF22:
 812 0200 4D363835 		.ascii	"M6850_2_WriteCtrl\000"
 812      305F325F 
 812      57726974 
 812      65437472 
 812      6C00
 813              	.LASF8:
 814 0212 756E7369 		.ascii	"unsigned int\000"
 814      676E6564 
 814      20696E74 
 814      00
 815              	.LASF7:
 816 021f 6C6F6E67 		.ascii	"long long unsigned int\000"
 816      206C6F6E 
 816      6720756E 
 816      7369676E 
 816      65642069 
 817              	.LASF10:
 818 0236 696E7433 		.ascii	"int32_t\000"
 818      325F7400 
 819              	.LASF17:
 820 023e 4D363835 		.ascii	"M6850_2_ReadIntReg\000"
 820      305F325F 
 820      52656164 
 820      496E7452 
 820      656700
 821              	.LASF16:
 822 0251 73697A65 		.ascii	"sizetype\000"
ARM GAS  C:\Users\HPz420\AppData\Local\Temp\ccTDzGTq.s 			page 19


 822      74797065 
 822      00
 823              	.LASF6:
 824 025a 6C6F6E67 		.ascii	"long long int\000"
 824      206C6F6E 
 824      6720696E 
 824      7400
 825              	.LASF29:
 826 0268 5A38305F 		.ascii	"Z80_Data_In_Write\000"
 826      44617461 
 826      5F496E5F 
 826      57726974 
 826      6500
 827              	.LASF35:
 828 027a 72784368 		.ascii	"rxChar\000"
 828      617200
 829              	.LASF14:
 830 0281 63686172 		.ascii	"char\000"
 830      00
 831              	.LASF28:
 832 0286 61636B49 		.ascii	"ackIO\000"
 832      4F00
 833              	.LASF2:
 834 028c 73686F72 		.ascii	"short int\000"
 834      7420696E 
 834      7400
 835              	.LASF11:
 836 0296 75696E74 		.ascii	"uint8\000"
 836      3800
 837              	.LASF21:
 838 029c 4D363835 		.ascii	"M6850_2_ReadStatus\000"
 838      305F325F 
 838      52656164 
 838      53746174 
 838      757300
 839              	.LASF4:
 840 02af 6C6F6E67 		.ascii	"long int\000"
 840      20696E74 
 840      00
 841              	.LASF15:
 842 02b8 6C6F6E67 		.ascii	"long double\000"
 842      20646F75 
 842      626C6500 
 843              	.LASF0:
 844 02c4 7369676E 		.ascii	"signed char\000"
 844      65642063 
 844      68617200 
 845              	.LASF32:
 846 02d0 5A38305F 		.ascii	"Z80_6850_2_Emul.c\000"
 846      36383530 
 846      5F325F45 
 846      6D756C2E 
 846      6300
 847              	.LASF36:
 848 02e2 63686563 		.ascii	"checkSerial_2_ReceiverBusy\000"
 848      6B536572 
 848      69616C5F 
ARM GAS  C:\Users\HPz420\AppData\Local\Temp\ccTDzGTq.s 			page 20


 848      325F5265 
 848      63656976 
 849              		.ident	"GCC: (GNU Tools for ARM Embedded Processors) 5.4.1 20160609 (release) [ARM/embedded-5-bran
