ARM GAS  C:\Users\HPz420\AppData\Local\Temp\ccvDcIMH.s 			page 1


   1              		.syntax unified
   2              		.cpu cortex-m3
   3              		.fpu softvfp
   4              		.eabi_attribute 20, 1
   5              		.eabi_attribute 21, 1
   6              		.eabi_attribute 23, 3
   7              		.eabi_attribute 24, 1
   8              		.eabi_attribute 25, 1
   9              		.eabi_attribute 26, 1
  10              		.eabi_attribute 30, 6
  11              		.eabi_attribute 34, 1
  12              		.eabi_attribute 18, 4
  13              		.thumb
  14              		.syntax unified
  15              		.file	"cymetadata.c"
  16              		.text
  17              	.Ltext0:
  18              		.cfi_sections	.debug_frame
  19              		.global	cy_meta_configecc
  20              		.section	.cyconfigecc,"a",%progbits
  21              		.align	2
  22              		.type	cy_meta_configecc, %object
  23              		.size	cy_meta_configecc, 1
  24              	cy_meta_configecc:
  25 0000 00       		.space	1
  26              		.global	cy_meta_custnvl
  27              		.section	.cycustnvl,"a",%progbits
  28              		.align	2
  29              		.type	cy_meta_custnvl, %object
  30              		.size	cy_meta_custnvl, 4
  31              	cy_meta_custnvl:
  32 0000 08       		.byte	8
  33 0001 00       		.byte	0
  34 0002 C0       		.byte	-64
  35 0003 05       		.byte	5
  36              		.global	cy_meta_wonvl
  37              		.section	.cywolatch,"a",%progbits
  38              		.align	2
  39              		.type	cy_meta_wonvl, %object
  40              		.size	cy_meta_wonvl, 4
  41              	cy_meta_wonvl:
  42 0000 BC       		.byte	-68
  43 0001 90       		.byte	-112
  44 0002 AC       		.byte	-84
  45 0003 AF       		.byte	-81
  46              		.global	cy_meta_flashprotect
  47              		.section	.cyflashprotect,"a",%progbits
  48              		.align	2
  49              		.type	cy_meta_flashprotect, %object
  50              		.size	cy_meta_flashprotect, 128
  51              	cy_meta_flashprotect:
  52 0000 00000000 		.space	128
  52      00000000 
  52      00000000 
  52      00000000 
  52      00000000 
  53              		.global	cy_metadata
ARM GAS  C:\Users\HPz420\AppData\Local\Temp\ccvDcIMH.s 			page 2


  54              		.section	.cymeta,"a",%progbits
  55              		.align	2
  56              		.type	cy_metadata, %object
  57              		.size	cy_metadata, 12
  58              	cy_metadata:
  59 0000 00       		.byte	0
  60 0001 01       		.byte	1
  61 0002 2E       		.byte	46
  62 0003 13       		.byte	19
  63 0004 30       		.byte	48
  64 0005 69       		.byte	105
  65 0006 00       		.byte	0
  66 0007 01       		.byte	1
  67 0008 00       		.byte	0
  68 0009 00       		.byte	0
  69 000a 00       		.byte	0
  70 000b 00       		.byte	0
  71              		.text
  72              	.Letext0:
  73              		.file 1 "c:\\program files (x86)\\cypress\\psoc creator\\4.2\\psoc creator\\import\\gnu\\arm\\5.4.
  74              		.file 2 "c:\\program files (x86)\\cypress\\psoc creator\\4.2\\psoc creator\\import\\gnu\\arm\\5.4.
  75              		.file 3 "Generated_Source\\PSoC5\\cymetadata.c"
  76              		.section	.debug_info,"",%progbits
  77              	.Ldebug_info0:
  78 0000 30010000 		.4byte	0x130
  79 0004 0400     		.2byte	0x4
  80 0006 00000000 		.4byte	.Ldebug_abbrev0
  81 000a 04       		.byte	0x4
  82 000b 01       		.uleb128 0x1
  83 000c 0A000000 		.4byte	.LASF17
  84 0010 0C       		.byte	0xc
  85 0011 EE010000 		.4byte	.LASF18
  86 0015 D7000000 		.4byte	.LASF19
  87 0019 00000000 		.4byte	.Ldebug_line0
  88 001d 02       		.uleb128 0x2
  89 001e 01       		.byte	0x1
  90 001f 06       		.byte	0x6
  91 0020 E2010000 		.4byte	.LASF0
  92 0024 03       		.uleb128 0x3
  93 0025 00000000 		.4byte	.LASF9
  94 0029 01       		.byte	0x1
  95 002a 1D       		.byte	0x1d
  96 002b 2F000000 		.4byte	0x2f
  97 002f 02       		.uleb128 0x2
  98 0030 01       		.byte	0x1
  99 0031 08       		.byte	0x8
 100 0032 A4000000 		.4byte	.LASF1
 101 0036 02       		.uleb128 0x2
 102 0037 02       		.byte	0x2
 103 0038 05       		.byte	0x5
 104 0039 CF010000 		.4byte	.LASF2
 105 003d 02       		.uleb128 0x2
 106 003e 02       		.byte	0x2
 107 003f 07       		.byte	0x7
 108 0040 C4000000 		.4byte	.LASF3
 109 0044 02       		.uleb128 0x2
 110 0045 04       		.byte	0x4
ARM GAS  C:\Users\HPz420\AppData\Local\Temp\ccvDcIMH.s 			page 3


 111 0046 05       		.byte	0x5
 112 0047 D9010000 		.4byte	.LASF4
 113 004b 02       		.uleb128 0x2
 114 004c 04       		.byte	0x4
 115 004d 07       		.byte	0x7
 116 004e B2000000 		.4byte	.LASF5
 117 0052 02       		.uleb128 0x2
 118 0053 08       		.byte	0x8
 119 0054 05       		.byte	0x5
 120 0055 C1010000 		.4byte	.LASF6
 121 0059 02       		.uleb128 0x2
 122 005a 08       		.byte	0x8
 123 005b 07       		.byte	0x7
 124 005c 76010000 		.4byte	.LASF7
 125 0060 04       		.uleb128 0x4
 126 0061 04       		.byte	0x4
 127 0062 05       		.byte	0x5
 128 0063 696E7400 		.ascii	"int\000"
 129 0067 02       		.uleb128 0x2
 130 0068 04       		.byte	0x4
 131 0069 07       		.byte	0x7
 132 006a 69010000 		.4byte	.LASF8
 133 006e 03       		.uleb128 0x3
 134 006f 8D010000 		.4byte	.LASF10
 135 0073 02       		.byte	0x2
 136 0074 18       		.byte	0x18
 137 0075 24000000 		.4byte	0x24
 138 0079 05       		.uleb128 0x5
 139 007a 90000000 		.4byte	0x90
 140 007e 89000000 		.4byte	0x89
 141 0082 06       		.uleb128 0x6
 142 0083 89000000 		.4byte	0x89
 143 0087 00       		.byte	0
 144 0088 00       		.byte	0
 145 0089 02       		.uleb128 0x2
 146 008a 04       		.byte	0x4
 147 008b 07       		.byte	0x7
 148 008c B8010000 		.4byte	.LASF11
 149 0090 07       		.uleb128 0x7
 150 0091 6E000000 		.4byte	0x6e
 151 0095 08       		.uleb128 0x8
 152 0096 57010000 		.4byte	.LASF12
 153 009a 03       		.byte	0x3
 154 009b 1F       		.byte	0x1f
 155 009c A6000000 		.4byte	0xa6
 156 00a0 05       		.uleb128 0x5
 157 00a1 03       		.byte	0x3
 158 00a2 00000000 		.4byte	cy_meta_configecc
 159 00a6 07       		.uleb128 0x7
 160 00a7 79000000 		.4byte	0x79
 161 00ab 05       		.uleb128 0x5
 162 00ac 90000000 		.4byte	0x90
 163 00b0 BB000000 		.4byte	0xbb
 164 00b4 06       		.uleb128 0x6
 165 00b5 89000000 		.4byte	0x89
 166 00b9 03       		.byte	0x3
 167 00ba 00       		.byte	0
ARM GAS  C:\Users\HPz420\AppData\Local\Temp\ccvDcIMH.s 			page 4


 168 00bb 08       		.uleb128 0x8
 169 00bc 47010000 		.4byte	.LASF13
 170 00c0 03       		.byte	0x3
 171 00c1 2D       		.byte	0x2d
 172 00c2 CC000000 		.4byte	0xcc
 173 00c6 05       		.uleb128 0x5
 174 00c7 03       		.byte	0x3
 175 00c8 00000000 		.4byte	cy_meta_custnvl
 176 00cc 07       		.uleb128 0x7
 177 00cd AB000000 		.4byte	0xab
 178 00d1 08       		.uleb128 0x8
 179 00d2 AA010000 		.4byte	.LASF14
 180 00d6 03       		.byte	0x3
 181 00d7 3B       		.byte	0x3b
 182 00d8 E2000000 		.4byte	0xe2
 183 00dc 05       		.uleb128 0x5
 184 00dd 03       		.byte	0x3
 185 00de 00000000 		.4byte	cy_meta_wonvl
 186 00e2 07       		.uleb128 0x7
 187 00e3 AB000000 		.4byte	0xab
 188 00e7 05       		.uleb128 0x5
 189 00e8 90000000 		.4byte	0x90
 190 00ec F7000000 		.4byte	0xf7
 191 00f0 06       		.uleb128 0x6
 192 00f1 89000000 		.4byte	0x89
 193 00f5 7F       		.byte	0x7f
 194 00f6 00       		.byte	0
 195 00f7 08       		.uleb128 0x8
 196 00f8 95010000 		.4byte	.LASF15
 197 00fc 03       		.byte	0x3
 198 00fd 49       		.byte	0x49
 199 00fe 08010000 		.4byte	0x108
 200 0102 05       		.uleb128 0x5
 201 0103 03       		.byte	0x3
 202 0104 00000000 		.4byte	cy_meta_flashprotect
 203 0108 07       		.uleb128 0x7
 204 0109 E7000000 		.4byte	0xe7
 205 010d 05       		.uleb128 0x5
 206 010e 90000000 		.4byte	0x90
 207 0112 1D010000 		.4byte	0x11d
 208 0116 06       		.uleb128 0x6
 209 0117 89000000 		.4byte	0x89
 210 011b 0B       		.byte	0xb
 211 011c 00       		.byte	0
 212 011d 08       		.uleb128 0x8
 213 011e 98000000 		.4byte	.LASF16
 214 0122 03       		.byte	0x3
 215 0123 66       		.byte	0x66
 216 0124 2E010000 		.4byte	0x12e
 217 0128 05       		.uleb128 0x5
 218 0129 03       		.byte	0x3
 219 012a 00000000 		.4byte	cy_metadata
 220 012e 07       		.uleb128 0x7
 221 012f 0D010000 		.4byte	0x10d
 222 0133 00       		.byte	0
 223              		.section	.debug_abbrev,"",%progbits
 224              	.Ldebug_abbrev0:
ARM GAS  C:\Users\HPz420\AppData\Local\Temp\ccvDcIMH.s 			page 5


 225 0000 01       		.uleb128 0x1
 226 0001 11       		.uleb128 0x11
 227 0002 01       		.byte	0x1
 228 0003 25       		.uleb128 0x25
 229 0004 0E       		.uleb128 0xe
 230 0005 13       		.uleb128 0x13
 231 0006 0B       		.uleb128 0xb
 232 0007 03       		.uleb128 0x3
 233 0008 0E       		.uleb128 0xe
 234 0009 1B       		.uleb128 0x1b
 235 000a 0E       		.uleb128 0xe
 236 000b 10       		.uleb128 0x10
 237 000c 17       		.uleb128 0x17
 238 000d 00       		.byte	0
 239 000e 00       		.byte	0
 240 000f 02       		.uleb128 0x2
 241 0010 24       		.uleb128 0x24
 242 0011 00       		.byte	0
 243 0012 0B       		.uleb128 0xb
 244 0013 0B       		.uleb128 0xb
 245 0014 3E       		.uleb128 0x3e
 246 0015 0B       		.uleb128 0xb
 247 0016 03       		.uleb128 0x3
 248 0017 0E       		.uleb128 0xe
 249 0018 00       		.byte	0
 250 0019 00       		.byte	0
 251 001a 03       		.uleb128 0x3
 252 001b 16       		.uleb128 0x16
 253 001c 00       		.byte	0
 254 001d 03       		.uleb128 0x3
 255 001e 0E       		.uleb128 0xe
 256 001f 3A       		.uleb128 0x3a
 257 0020 0B       		.uleb128 0xb
 258 0021 3B       		.uleb128 0x3b
 259 0022 0B       		.uleb128 0xb
 260 0023 49       		.uleb128 0x49
 261 0024 13       		.uleb128 0x13
 262 0025 00       		.byte	0
 263 0026 00       		.byte	0
 264 0027 04       		.uleb128 0x4
 265 0028 24       		.uleb128 0x24
 266 0029 00       		.byte	0
 267 002a 0B       		.uleb128 0xb
 268 002b 0B       		.uleb128 0xb
 269 002c 3E       		.uleb128 0x3e
 270 002d 0B       		.uleb128 0xb
 271 002e 03       		.uleb128 0x3
 272 002f 08       		.uleb128 0x8
 273 0030 00       		.byte	0
 274 0031 00       		.byte	0
 275 0032 05       		.uleb128 0x5
 276 0033 01       		.uleb128 0x1
 277 0034 01       		.byte	0x1
 278 0035 49       		.uleb128 0x49
 279 0036 13       		.uleb128 0x13
 280 0037 01       		.uleb128 0x1
 281 0038 13       		.uleb128 0x13
ARM GAS  C:\Users\HPz420\AppData\Local\Temp\ccvDcIMH.s 			page 6


 282 0039 00       		.byte	0
 283 003a 00       		.byte	0
 284 003b 06       		.uleb128 0x6
 285 003c 21       		.uleb128 0x21
 286 003d 00       		.byte	0
 287 003e 49       		.uleb128 0x49
 288 003f 13       		.uleb128 0x13
 289 0040 2F       		.uleb128 0x2f
 290 0041 0B       		.uleb128 0xb
 291 0042 00       		.byte	0
 292 0043 00       		.byte	0
 293 0044 07       		.uleb128 0x7
 294 0045 26       		.uleb128 0x26
 295 0046 00       		.byte	0
 296 0047 49       		.uleb128 0x49
 297 0048 13       		.uleb128 0x13
 298 0049 00       		.byte	0
 299 004a 00       		.byte	0
 300 004b 08       		.uleb128 0x8
 301 004c 34       		.uleb128 0x34
 302 004d 00       		.byte	0
 303 004e 03       		.uleb128 0x3
 304 004f 0E       		.uleb128 0xe
 305 0050 3A       		.uleb128 0x3a
 306 0051 0B       		.uleb128 0xb
 307 0052 3B       		.uleb128 0x3b
 308 0053 0B       		.uleb128 0xb
 309 0054 49       		.uleb128 0x49
 310 0055 13       		.uleb128 0x13
 311 0056 3F       		.uleb128 0x3f
 312 0057 19       		.uleb128 0x19
 313 0058 02       		.uleb128 0x2
 314 0059 18       		.uleb128 0x18
 315 005a 00       		.byte	0
 316 005b 00       		.byte	0
 317 005c 00       		.byte	0
 318              		.section	.debug_aranges,"",%progbits
 319 0000 14000000 		.4byte	0x14
 320 0004 0200     		.2byte	0x2
 321 0006 00000000 		.4byte	.Ldebug_info0
 322 000a 04       		.byte	0x4
 323 000b 00       		.byte	0
 324 000c 0000     		.2byte	0
 325 000e 0000     		.2byte	0
 326 0010 00000000 		.4byte	0
 327 0014 00000000 		.4byte	0
 328              		.section	.debug_line,"",%progbits
 329              	.Ldebug_line0:
 330 0000 3D010000 		.section	.debug_str,"MS",%progbits,1
 330      02003701 
 330      00000201 
 330      FB0E0D00 
 330      01010101 
 331              	.LASF9:
 332 0000 5F5F7569 		.ascii	"__uint8_t\000"
 332      6E74385F 
 332      7400
ARM GAS  C:\Users\HPz420\AppData\Local\Temp\ccvDcIMH.s 			page 7


 333              	.LASF17:
 334 000a 474E5520 		.ascii	"GNU C11 5.4.1 20160609 (release) [ARM/embedded-5-br"
 334      43313120 
 334      352E342E 
 334      31203230 
 334      31363036 
 335 003d 616E6368 		.ascii	"anch revision 237715] -mcpu=cortex-m3 -mthumb -g -O"
 335      20726576 
 335      6973696F 
 335      6E203233 
 335      37373135 
 336 0070 30202D66 		.ascii	"0 -ffunction-sections -ffat-lto-objects\000"
 336      66756E63 
 336      74696F6E 
 336      2D736563 
 336      74696F6E 
 337              	.LASF16:
 338 0098 63795F6D 		.ascii	"cy_metadata\000"
 338      65746164 
 338      61746100 
 339              	.LASF1:
 340 00a4 756E7369 		.ascii	"unsigned char\000"
 340      676E6564 
 340      20636861 
 340      7200
 341              	.LASF5:
 342 00b2 6C6F6E67 		.ascii	"long unsigned int\000"
 342      20756E73 
 342      69676E65 
 342      6420696E 
 342      7400
 343              	.LASF3:
 344 00c4 73686F72 		.ascii	"short unsigned int\000"
 344      7420756E 
 344      7369676E 
 344      65642069 
 344      6E7400
 345              	.LASF19:
 346 00d7 433A5C55 		.ascii	"C:\\Users\\HPz420\\Documents\\GitHub\\Retro-Compute"
 346      73657273 
 346      5C48507A 
 346      3432305C 
 346      446F6375 
 347 0105 72735C5A 		.ascii	"rs\\Z80\\PSOC\\PSOC_Design_Files\\FrontPanelI2CIO8\\"
 347      38305C50 
 347      534F435C 
 347      50534F43 
 347      5F446573 
 348 0134 55534246 		.ascii	"USBFS_UART01.cydsn\000"
 348      535F5541 
 348      52543031 
 348      2E637964 
 348      736E00
 349              	.LASF13:
 350 0147 63795F6D 		.ascii	"cy_meta_custnvl\000"
 350      6574615F 
 350      63757374 
ARM GAS  C:\Users\HPz420\AppData\Local\Temp\ccvDcIMH.s 			page 8


 350      6E766C00 
 351              	.LASF12:
 352 0157 63795F6D 		.ascii	"cy_meta_configecc\000"
 352      6574615F 
 352      636F6E66 
 352      69676563 
 352      6300
 353              	.LASF8:
 354 0169 756E7369 		.ascii	"unsigned int\000"
 354      676E6564 
 354      20696E74 
 354      00
 355              	.LASF7:
 356 0176 6C6F6E67 		.ascii	"long long unsigned int\000"
 356      206C6F6E 
 356      6720756E 
 356      7369676E 
 356      65642069 
 357              	.LASF10:
 358 018d 75696E74 		.ascii	"uint8_t\000"
 358      385F7400 
 359              	.LASF15:
 360 0195 63795F6D 		.ascii	"cy_meta_flashprotect\000"
 360      6574615F 
 360      666C6173 
 360      6870726F 
 360      74656374 
 361              	.LASF14:
 362 01aa 63795F6D 		.ascii	"cy_meta_wonvl\000"
 362      6574615F 
 362      776F6E76 
 362      6C00
 363              	.LASF11:
 364 01b8 73697A65 		.ascii	"sizetype\000"
 364      74797065 
 364      00
 365              	.LASF6:
 366 01c1 6C6F6E67 		.ascii	"long long int\000"
 366      206C6F6E 
 366      6720696E 
 366      7400
 367              	.LASF2:
 368 01cf 73686F72 		.ascii	"short int\000"
 368      7420696E 
 368      7400
 369              	.LASF4:
 370 01d9 6C6F6E67 		.ascii	"long int\000"
 370      20696E74 
 370      00
 371              	.LASF0:
 372 01e2 7369676E 		.ascii	"signed char\000"
 372      65642063 
 372      68617200 
 373              	.LASF18:
 374 01ee 47656E65 		.ascii	"Generated_Source\\PSoC5\\cymetadata.c\000"
 374      72617465 
 374      645F536F 
ARM GAS  C:\Users\HPz420\AppData\Local\Temp\ccvDcIMH.s 			page 9


 374      75726365 
 374      5C50536F 
 375              		.ident	"GCC: (GNU Tools for ARM Embedded Processors) 5.4.1 20160609 (release) [ARM/embedded-5-bran
