ARM GAS  C:\Users\HPz420\AppData\Local\Temp\ccB4XkpA.s 			page 1


   1              		.syntax unified
   2              		.cpu cortex-m3
   3              		.fpu softvfp
   4              		.eabi_attribute 20, 1
   5              		.eabi_attribute 21, 1
   6              		.eabi_attribute 23, 3
   7              		.eabi_attribute 24, 1
   8              		.eabi_attribute 25, 1
   9              		.eabi_attribute 26, 1
  10              		.eabi_attribute 30, 6
  11              		.eabi_attribute 34, 1
  12              		.eabi_attribute 18, 4
  13              		.thumb
  14              		.syntax unified
  15              		.file	"FrontPanelI2C.c"
  16              		.text
  17              	.Ltext0:
  18              		.cfi_sections	.debug_frame
  19              		.global	ledsVal
  20              		.bss
  21              		.align	2
  22              		.type	ledsVal, %object
  23              		.size	ledsVal, 4
  24              	ledsVal:
  25 0000 00000000 		.space	4
  26              		.section	.text.initFrontPanelI2CIO8,"ax",%progbits
  27              		.align	2
  28              		.global	initFrontPanelI2CIO8
  29              		.thumb
  30              		.thumb_func
  31              		.type	initFrontPanelI2CIO8, %function
  32              	initFrontPanelI2CIO8:
  33              	.LFB64:
  34              		.file 1 "FrontPanelI2C.c"
   1:FrontPanelI2C.c **** /* ========================================
   2:FrontPanelI2C.c ****  *
   3:FrontPanelI2C.c ****  * Copyright YOUR COMPANY, THE YEAR
   4:FrontPanelI2C.c ****  * All Rights Reserved
   5:FrontPanelI2C.c ****  * UNPUBLISHED, LICENSED SOFTWARE.
   6:FrontPanelI2C.c ****  *
   7:FrontPanelI2C.c ****  * CONFIDENTIAL AND PROPRIETARY INFORMATION
   8:FrontPanelI2C.c ****  * WHICH IS THE PROPERTY OF your company.
   9:FrontPanelI2C.c ****  *
  10:FrontPanelI2C.c ****  * ========================================
  11:FrontPanelI2C.c **** */
  12:FrontPanelI2C.c **** 
  13:FrontPanelI2C.c **** #include <project.h>
  14:FrontPanelI2C.c **** #include "stdio.h"
  15:FrontPanelI2C.c **** 
  16:FrontPanelI2C.c **** uint32 ledsVal = 0;
  17:FrontPanelI2C.c **** 
  18:FrontPanelI2C.c **** void initDIGIO8Card(void);
  19:FrontPanelI2C.c **** void writeDIGIO8Card(uint8 outData);
  20:FrontPanelI2C.c **** uint8 readDIGIO8Card(void);
  21:FrontPanelI2C.c **** 
  22:FrontPanelI2C.c **** void initFrontPanelI2CIO8(void)
  23:FrontPanelI2C.c **** {
ARM GAS  C:\Users\HPz420\AppData\Local\Temp\ccB4XkpA.s 			page 2


  35              		.loc 1 23 0
  36              		.cfi_startproc
  37              		@ args = 0, pretend = 0, frame = 0
  38              		@ frame_needed = 1, uses_anonymous_args = 0
  39 0000 80B5     		push	{r7, lr}
  40              		.cfi_def_cfa_offset 8
  41              		.cfi_offset 7, -8
  42              		.cfi_offset 14, -4
  43 0002 00AF     		add	r7, sp, #0
  44              		.cfi_def_cfa_register 7
  24:FrontPanelI2C.c ****     ledsVal = 0;
  45              		.loc 1 24 0
  46 0004 054B     		ldr	r3, .L2
  47 0006 0022     		movs	r2, #0
  48 0008 1A60     		str	r2, [r3]
  25:FrontPanelI2C.c ****     writeDIGIO8Card(ledsVal);
  49              		.loc 1 25 0
  50 000a 044B     		ldr	r3, .L2
  51 000c 1B68     		ldr	r3, [r3]
  52 000e DBB2     		uxtb	r3, r3
  53 0010 1846     		mov	r0, r3
  54 0012 FFF7FEFF 		bl	writeDIGIO8Card
  26:FrontPanelI2C.c **** }
  55              		.loc 1 26 0
  56 0016 00BF     		nop
  57 0018 80BD     		pop	{r7, pc}
  58              	.L3:
  59 001a 00BF     		.align	2
  60              	.L2:
  61 001c 00000000 		.word	ledsVal
  62              		.cfi_endproc
  63              	.LFE64:
  64              		.size	initFrontPanelI2CIO8, .-initFrontPanelI2CIO8
  65              		.section	.text.keysAndLEDs,"ax",%progbits
  66              		.align	2
  67              		.global	keysAndLEDs
  68              		.thumb
  69              		.thumb_func
  70              		.type	keysAndLEDs, %function
  71              	keysAndLEDs:
  72              	.LFB65:
  27:FrontPanelI2C.c **** 
  28:FrontPanelI2C.c **** void keysAndLEDs(void)
  29:FrontPanelI2C.c **** {
  73              		.loc 1 29 0
  74              		.cfi_startproc
  75              		@ args = 0, pretend = 0, frame = 24
  76              		@ frame_needed = 1, uses_anonymous_args = 0
  77 0000 80B5     		push	{r7, lr}
  78              		.cfi_def_cfa_offset 8
  79              		.cfi_offset 7, -8
  80              		.cfi_offset 14, -4
  81 0002 86B0     		sub	sp, sp, #24
  82              		.cfi_def_cfa_offset 32
  83 0004 00AF     		add	r7, sp, #0
  84              		.cfi_def_cfa_register 7
  30:FrontPanelI2C.c ****     uint32 rdVal;
ARM GAS  C:\Users\HPz420\AppData\Local\Temp\ccB4XkpA.s 			page 3


  31:FrontPanelI2C.c ****     uint32 valMin1, valMin2,valMin3;
  32:FrontPanelI2C.c ****     uint8 keyPressed = 0; 
  85              		.loc 1 32 0
  86 0006 0023     		movs	r3, #0
  87 0008 FB73     		strb	r3, [r7, #15]
  33:FrontPanelI2C.c ****     rdVal = readDIGIO8Card() ^ 0x0f;
  88              		.loc 1 33 0
  89 000a FFF7FEFF 		bl	readDIGIO8Card
  90 000e 0346     		mov	r3, r0
  91 0010 83F00F03 		eor	r3, r3, #15
  92 0014 DBB2     		uxtb	r3, r3
  93 0016 BB60     		str	r3, [r7, #8]
  34:FrontPanelI2C.c ****     if (rdVal  == 0x00)     // No key is pressed at this polling
  94              		.loc 1 34 0
  95 0018 BB68     		ldr	r3, [r7, #8]
  96 001a 002B     		cmp	r3, #0
  97 001c 09D1     		bne	.L5
  35:FrontPanelI2C.c ****     {
  36:FrontPanelI2C.c ****         if (keyPressed == 0)    // No key press is in progress
  98              		.loc 1 36 0
  99 001e FB7B     		ldrb	r3, [r7, #15]	@ zero_extendqisi2
 100 0020 002B     		cmp	r3, #0
 101 0022 41D0     		beq	.L12
  37:FrontPanelI2C.c ****             return;
  38:FrontPanelI2C.c ****         else    // key was pressed in the past but is no longer pressed
  39:FrontPanelI2C.c ****         {
  40:FrontPanelI2C.c ****             valMin1 = 0;
 102              		.loc 1 40 0
 103 0024 0023     		movs	r3, #0
 104 0026 7B61     		str	r3, [r7, #20]
  41:FrontPanelI2C.c ****             valMin2 = 0;
 105              		.loc 1 41 0
 106 0028 0023     		movs	r3, #0
 107 002a 3B61     		str	r3, [r7, #16]
  42:FrontPanelI2C.c ****             valMin3 = 0;
 108              		.loc 1 42 0
 109 002c 0023     		movs	r3, #0
 110 002e 7B60     		str	r3, [r7, #4]
  43:FrontPanelI2C.c ****             return;
 111              		.loc 1 43 0
 112 0030 3BE0     		b	.L4
 113              	.L5:
  44:FrontPanelI2C.c ****         }
  45:FrontPanelI2C.c ****     }
  46:FrontPanelI2C.c ****     else    // key is now pressed
  47:FrontPanelI2C.c ****     {
  48:FrontPanelI2C.c ****         keyPressed = 1;
 114              		.loc 1 48 0
 115 0032 0123     		movs	r3, #1
 116 0034 FB73     		strb	r3, [r7, #15]
  49:FrontPanelI2C.c ****         while (keyPressed)  // stick around until key is no longer pressed
 117              		.loc 1 49 0
 118 0036 33E0     		b	.L8
 119              	.L11:
  50:FrontPanelI2C.c ****         {
  51:FrontPanelI2C.c ****             rdVal = readDIGIO8Card() ^ 0x0f;
 120              		.loc 1 51 0
ARM GAS  C:\Users\HPz420\AppData\Local\Temp\ccB4XkpA.s 			page 4


 121 0038 FFF7FEFF 		bl	readDIGIO8Card
 122 003c 0346     		mov	r3, r0
 123 003e 83F00F03 		eor	r3, r3, #15
 124 0042 DBB2     		uxtb	r3, r3
 125 0044 BB60     		str	r3, [r7, #8]
  52:FrontPanelI2C.c ****             if (rdVal == 0)
 126              		.loc 1 52 0
 127 0046 BB68     		ldr	r3, [r7, #8]
 128 0048 002B     		cmp	r3, #0
 129 004a 08D1     		bne	.L9
  53:FrontPanelI2C.c ****             {
  54:FrontPanelI2C.c ****                 keyPressed = 0;
 130              		.loc 1 54 0
 131 004c 0023     		movs	r3, #0
 132 004e FB73     		strb	r3, [r7, #15]
  55:FrontPanelI2C.c ****                 valMin1 = 0;
 133              		.loc 1 55 0
 134 0050 0023     		movs	r3, #0
 135 0052 7B61     		str	r3, [r7, #20]
  56:FrontPanelI2C.c ****                 valMin2 = 0;
 136              		.loc 1 56 0
 137 0054 0023     		movs	r3, #0
 138 0056 3B61     		str	r3, [r7, #16]
  57:FrontPanelI2C.c ****                 valMin3 = 0;
 139              		.loc 1 57 0
 140 0058 0023     		movs	r3, #0
 141 005a 7B60     		str	r3, [r7, #4]
  58:FrontPanelI2C.c ****                 return;
 142              		.loc 1 58 0
 143 005c 25E0     		b	.L4
 144              	.L9:
  59:FrontPanelI2C.c ****             }
  60:FrontPanelI2C.c ****             valMin3 = valMin2;
 145              		.loc 1 60 0
 146 005e 3B69     		ldr	r3, [r7, #16]
 147 0060 7B60     		str	r3, [r7, #4]
  61:FrontPanelI2C.c ****             valMin2 = valMin1;
 148              		.loc 1 61 0
 149 0062 7B69     		ldr	r3, [r7, #20]
 150 0064 3B61     		str	r3, [r7, #16]
  62:FrontPanelI2C.c ****             valMin1 = rdVal;
 151              		.loc 1 62 0
 152 0066 BB68     		ldr	r3, [r7, #8]
 153 0068 7B61     		str	r3, [r7, #20]
  63:FrontPanelI2C.c ****             if ((valMin3 == 0) && (valMin2 != 0) && (valMin1 != 0) && (rdVal != 0))
 154              		.loc 1 63 0
 155 006a 7B68     		ldr	r3, [r7, #4]
 156 006c 002B     		cmp	r3, #0
 157 006e 14D1     		bne	.L10
 158              		.loc 1 63 0 is_stmt 0 discriminator 1
 159 0070 3B69     		ldr	r3, [r7, #16]
 160 0072 002B     		cmp	r3, #0
 161 0074 11D0     		beq	.L10
 162              		.loc 1 63 0 discriminator 2
 163 0076 7B69     		ldr	r3, [r7, #20]
 164 0078 002B     		cmp	r3, #0
 165 007a 0ED0     		beq	.L10
ARM GAS  C:\Users\HPz420\AppData\Local\Temp\ccB4XkpA.s 			page 5


 166              		.loc 1 63 0 discriminator 3
 167 007c BB68     		ldr	r3, [r7, #8]
 168 007e 002B     		cmp	r3, #0
 169 0080 0BD0     		beq	.L10
  64:FrontPanelI2C.c ****             {
  65:FrontPanelI2C.c ****                 ledsVal ^= rdVal;   // toggle the read value 3 samples later
 170              		.loc 1 65 0 is_stmt 1
 171 0082 0B4B     		ldr	r3, .L13
 172 0084 1A68     		ldr	r2, [r3]
 173 0086 BB68     		ldr	r3, [r7, #8]
 174 0088 5340     		eors	r3, r3, r2
 175 008a 094A     		ldr	r2, .L13
 176 008c 1360     		str	r3, [r2]
  66:FrontPanelI2C.c ****                 writeDIGIO8Card(ledsVal);
 177              		.loc 1 66 0
 178 008e 084B     		ldr	r3, .L13
 179 0090 1B68     		ldr	r3, [r3]
 180 0092 DBB2     		uxtb	r3, r3
 181 0094 1846     		mov	r0, r3
 182 0096 FFF7FEFF 		bl	writeDIGIO8Card
 183              	.L10:
  67:FrontPanelI2C.c ****             }
  68:FrontPanelI2C.c ****             CyDelay(25);    // 10 mS sampling for debouncing
 184              		.loc 1 68 0
 185 009a 1920     		movs	r0, #25
 186 009c FFF7FEFF 		bl	CyDelay
 187              	.L8:
  49:FrontPanelI2C.c ****         {
 188              		.loc 1 49 0
 189 00a0 FB7B     		ldrb	r3, [r7, #15]	@ zero_extendqisi2
 190 00a2 002B     		cmp	r3, #0
 191 00a4 C8D1     		bne	.L11
 192 00a6 00E0     		b	.L4
 193              	.L12:
  37:FrontPanelI2C.c ****         else    // key was pressed in the past but is no longer pressed
 194              		.loc 1 37 0
 195 00a8 00BF     		nop
 196              	.L4:
  69:FrontPanelI2C.c ****         }
  70:FrontPanelI2C.c ****     }
  71:FrontPanelI2C.c **** }
 197              		.loc 1 71 0
 198 00aa 1837     		adds	r7, r7, #24
 199              		.cfi_def_cfa_offset 8
 200 00ac BD46     		mov	sp, r7
 201              		.cfi_def_cfa_register 13
 202              		@ sp needed
 203 00ae 80BD     		pop	{r7, pc}
 204              	.L14:
 205              		.align	2
 206              	.L13:
 207 00b0 00000000 		.word	ledsVal
 208              		.cfi_endproc
 209              	.LFE65:
 210              		.size	keysAndLEDs, .-keysAndLEDs
 211              		.text
 212              	.Letext0:
ARM GAS  C:\Users\HPz420\AppData\Local\Temp\ccB4XkpA.s 			page 6


 213              		.file 2 "c:\\program files (x86)\\cypress\\psoc creator\\4.2\\psoc creator\\import\\gnu\\arm\\5.4.
 214              		.file 3 "c:\\program files (x86)\\cypress\\psoc creator\\4.2\\psoc creator\\import\\gnu\\arm\\5.4.
 215              		.file 4 "Generated_Source\\PSoC5/cytypes.h"
 216              		.file 5 "Generated_Source\\PSoC5/core_cm3.h"
 217              		.section	.debug_info,"",%progbits
 218              	.Ldebug_info0:
 219 0000 48010000 		.4byte	0x148
 220 0004 0400     		.2byte	0x4
 221 0006 00000000 		.4byte	.Ldebug_abbrev0
 222 000a 04       		.byte	0x4
 223 000b 01       		.uleb128 0x1
 224 000c 0B000000 		.4byte	.LASF25
 225 0010 0C       		.byte	0xc
 226 0011 DC010000 		.4byte	.LASF26
 227 0015 05010000 		.4byte	.LASF27
 228 0019 00000000 		.4byte	.Ldebug_ranges0+0
 229 001d 00000000 		.4byte	0
 230 0021 00000000 		.4byte	.Ldebug_line0
 231 0025 02       		.uleb128 0x2
 232 0026 01       		.byte	0x1
 233 0027 06       		.byte	0x6
 234 0028 16020000 		.4byte	.LASF0
 235 002c 02       		.uleb128 0x2
 236 002d 01       		.byte	0x1
 237 002e 08       		.byte	0x8
 238 002f BD000000 		.4byte	.LASF1
 239 0033 02       		.uleb128 0x2
 240 0034 02       		.byte	0x2
 241 0035 05       		.byte	0x5
 242 0036 F1010000 		.4byte	.LASF2
 243 003a 02       		.uleb128 0x2
 244 003b 02       		.byte	0x2
 245 003c 07       		.byte	0x7
 246 003d E5000000 		.4byte	.LASF3
 247 0041 03       		.uleb128 0x3
 248 0042 99000000 		.4byte	.LASF9
 249 0046 02       		.byte	0x2
 250 0047 3F       		.byte	0x3f
 251 0048 4C000000 		.4byte	0x4c
 252 004c 02       		.uleb128 0x2
 253 004d 04       		.byte	0x4
 254 004e 05       		.byte	0x5
 255 004f 01020000 		.4byte	.LASF4
 256 0053 02       		.uleb128 0x2
 257 0054 04       		.byte	0x4
 258 0055 07       		.byte	0x7
 259 0056 D3000000 		.4byte	.LASF5
 260 005a 02       		.uleb128 0x2
 261 005b 08       		.byte	0x8
 262 005c 05       		.byte	0x5
 263 005d CE010000 		.4byte	.LASF6
 264 0061 02       		.uleb128 0x2
 265 0062 08       		.byte	0x8
 266 0063 07       		.byte	0x7
 267 0064 90010000 		.4byte	.LASF7
 268 0068 04       		.uleb128 0x4
 269 0069 04       		.byte	0x4
ARM GAS  C:\Users\HPz420\AppData\Local\Temp\ccB4XkpA.s 			page 7


 270 006a 05       		.byte	0x5
 271 006b 696E7400 		.ascii	"int\000"
 272 006f 02       		.uleb128 0x2
 273 0070 04       		.byte	0x4
 274 0071 07       		.byte	0x7
 275 0072 83010000 		.4byte	.LASF8
 276 0076 03       		.uleb128 0x3
 277 0077 AD010000 		.4byte	.LASF10
 278 007b 03       		.byte	0x3
 279 007c 2C       		.byte	0x2c
 280 007d 41000000 		.4byte	0x41
 281 0081 05       		.uleb128 0x5
 282 0082 FB010000 		.4byte	.LASF11
 283 0086 04       		.byte	0x4
 284 0087 E401     		.2byte	0x1e4
 285 0089 2C000000 		.4byte	0x2c
 286 008d 05       		.uleb128 0x5
 287 008e 7C010000 		.4byte	.LASF12
 288 0092 04       		.byte	0x4
 289 0093 E601     		.2byte	0x1e6
 290 0095 53000000 		.4byte	0x53
 291 0099 02       		.uleb128 0x2
 292 009a 04       		.byte	0x4
 293 009b 04       		.byte	0x4
 294 009c AF000000 		.4byte	.LASF13
 295 00a0 02       		.uleb128 0x2
 296 00a1 08       		.byte	0x8
 297 00a2 04       		.byte	0x4
 298 00a3 75010000 		.4byte	.LASF14
 299 00a7 02       		.uleb128 0x2
 300 00a8 01       		.byte	0x1
 301 00a9 08       		.byte	0x8
 302 00aa EC010000 		.4byte	.LASF15
 303 00ae 02       		.uleb128 0x2
 304 00af 08       		.byte	0x8
 305 00b0 04       		.byte	0x4
 306 00b1 0A020000 		.4byte	.LASF16
 307 00b5 02       		.uleb128 0x2
 308 00b6 04       		.byte	0x4
 309 00b7 07       		.byte	0x7
 310 00b8 B5010000 		.4byte	.LASF17
 311 00bc 06       		.uleb128 0x6
 312 00bd 22020000 		.4byte	.LASF28
 313 00c1 01       		.byte	0x1
 314 00c2 16       		.byte	0x16
 315 00c3 00000000 		.4byte	.LFB64
 316 00c7 20000000 		.4byte	.LFE64-.LFB64
 317 00cb 01       		.uleb128 0x1
 318 00cc 9C       		.byte	0x9c
 319 00cd 07       		.uleb128 0x7
 320 00ce A3000000 		.4byte	.LASF29
 321 00d2 01       		.byte	0x1
 322 00d3 1C       		.byte	0x1c
 323 00d4 00000000 		.4byte	.LFB65
 324 00d8 B4000000 		.4byte	.LFE65-.LFB65
 325 00dc 01       		.uleb128 0x1
 326 00dd 9C       		.byte	0x9c
ARM GAS  C:\Users\HPz420\AppData\Local\Temp\ccB4XkpA.s 			page 8


 327 00de 29010000 		.4byte	0x129
 328 00e2 08       		.uleb128 0x8
 329 00e3 A7010000 		.4byte	.LASF18
 330 00e7 01       		.byte	0x1
 331 00e8 1E       		.byte	0x1e
 332 00e9 8D000000 		.4byte	0x8d
 333 00ed 02       		.uleb128 0x2
 334 00ee 91       		.byte	0x91
 335 00ef 68       		.sleb128 -24
 336 00f0 08       		.uleb128 0x8
 337 00f1 BE010000 		.4byte	.LASF19
 338 00f5 01       		.byte	0x1
 339 00f6 1F       		.byte	0x1f
 340 00f7 8D000000 		.4byte	0x8d
 341 00fb 02       		.uleb128 0x2
 342 00fc 91       		.byte	0x91
 343 00fd 74       		.sleb128 -12
 344 00fe 08       		.uleb128 0x8
 345 00ff C6010000 		.4byte	.LASF20
 346 0103 01       		.byte	0x1
 347 0104 1F       		.byte	0x1f
 348 0105 8D000000 		.4byte	0x8d
 349 0109 02       		.uleb128 0x2
 350 010a 91       		.byte	0x91
 351 010b 70       		.sleb128 -16
 352 010c 08       		.uleb128 0x8
 353 010d B5000000 		.4byte	.LASF21
 354 0111 01       		.byte	0x1
 355 0112 1F       		.byte	0x1f
 356 0113 8D000000 		.4byte	0x8d
 357 0117 02       		.uleb128 0x2
 358 0118 91       		.byte	0x91
 359 0119 64       		.sleb128 -28
 360 011a 08       		.uleb128 0x8
 361 011b 00000000 		.4byte	.LASF22
 362 011f 01       		.byte	0x1
 363 0120 20       		.byte	0x20
 364 0121 81000000 		.4byte	0x81
 365 0125 02       		.uleb128 0x2
 366 0126 91       		.byte	0x91
 367 0127 6F       		.sleb128 -17
 368 0128 00       		.byte	0
 369 0129 09       		.uleb128 0x9
 370 012a F8000000 		.4byte	.LASF23
 371 012e 05       		.byte	0x5
 372 012f 1207     		.2byte	0x712
 373 0131 35010000 		.4byte	0x135
 374 0135 0A       		.uleb128 0xa
 375 0136 76000000 		.4byte	0x76
 376 013a 0B       		.uleb128 0xb
 377 013b CB000000 		.4byte	.LASF24
 378 013f 01       		.byte	0x1
 379 0140 10       		.byte	0x10
 380 0141 8D000000 		.4byte	0x8d
 381 0145 05       		.uleb128 0x5
 382 0146 03       		.byte	0x3
 383 0147 00000000 		.4byte	ledsVal
ARM GAS  C:\Users\HPz420\AppData\Local\Temp\ccB4XkpA.s 			page 9


 384 014b 00       		.byte	0
 385              		.section	.debug_abbrev,"",%progbits
 386              	.Ldebug_abbrev0:
 387 0000 01       		.uleb128 0x1
 388 0001 11       		.uleb128 0x11
 389 0002 01       		.byte	0x1
 390 0003 25       		.uleb128 0x25
 391 0004 0E       		.uleb128 0xe
 392 0005 13       		.uleb128 0x13
 393 0006 0B       		.uleb128 0xb
 394 0007 03       		.uleb128 0x3
 395 0008 0E       		.uleb128 0xe
 396 0009 1B       		.uleb128 0x1b
 397 000a 0E       		.uleb128 0xe
 398 000b 55       		.uleb128 0x55
 399 000c 17       		.uleb128 0x17
 400 000d 11       		.uleb128 0x11
 401 000e 01       		.uleb128 0x1
 402 000f 10       		.uleb128 0x10
 403 0010 17       		.uleb128 0x17
 404 0011 00       		.byte	0
 405 0012 00       		.byte	0
 406 0013 02       		.uleb128 0x2
 407 0014 24       		.uleb128 0x24
 408 0015 00       		.byte	0
 409 0016 0B       		.uleb128 0xb
 410 0017 0B       		.uleb128 0xb
 411 0018 3E       		.uleb128 0x3e
 412 0019 0B       		.uleb128 0xb
 413 001a 03       		.uleb128 0x3
 414 001b 0E       		.uleb128 0xe
 415 001c 00       		.byte	0
 416 001d 00       		.byte	0
 417 001e 03       		.uleb128 0x3
 418 001f 16       		.uleb128 0x16
 419 0020 00       		.byte	0
 420 0021 03       		.uleb128 0x3
 421 0022 0E       		.uleb128 0xe
 422 0023 3A       		.uleb128 0x3a
 423 0024 0B       		.uleb128 0xb
 424 0025 3B       		.uleb128 0x3b
 425 0026 0B       		.uleb128 0xb
 426 0027 49       		.uleb128 0x49
 427 0028 13       		.uleb128 0x13
 428 0029 00       		.byte	0
 429 002a 00       		.byte	0
 430 002b 04       		.uleb128 0x4
 431 002c 24       		.uleb128 0x24
 432 002d 00       		.byte	0
 433 002e 0B       		.uleb128 0xb
 434 002f 0B       		.uleb128 0xb
 435 0030 3E       		.uleb128 0x3e
 436 0031 0B       		.uleb128 0xb
 437 0032 03       		.uleb128 0x3
 438 0033 08       		.uleb128 0x8
 439 0034 00       		.byte	0
 440 0035 00       		.byte	0
ARM GAS  C:\Users\HPz420\AppData\Local\Temp\ccB4XkpA.s 			page 10


 441 0036 05       		.uleb128 0x5
 442 0037 16       		.uleb128 0x16
 443 0038 00       		.byte	0
 444 0039 03       		.uleb128 0x3
 445 003a 0E       		.uleb128 0xe
 446 003b 3A       		.uleb128 0x3a
 447 003c 0B       		.uleb128 0xb
 448 003d 3B       		.uleb128 0x3b
 449 003e 05       		.uleb128 0x5
 450 003f 49       		.uleb128 0x49
 451 0040 13       		.uleb128 0x13
 452 0041 00       		.byte	0
 453 0042 00       		.byte	0
 454 0043 06       		.uleb128 0x6
 455 0044 2E       		.uleb128 0x2e
 456 0045 00       		.byte	0
 457 0046 3F       		.uleb128 0x3f
 458 0047 19       		.uleb128 0x19
 459 0048 03       		.uleb128 0x3
 460 0049 0E       		.uleb128 0xe
 461 004a 3A       		.uleb128 0x3a
 462 004b 0B       		.uleb128 0xb
 463 004c 3B       		.uleb128 0x3b
 464 004d 0B       		.uleb128 0xb
 465 004e 27       		.uleb128 0x27
 466 004f 19       		.uleb128 0x19
 467 0050 11       		.uleb128 0x11
 468 0051 01       		.uleb128 0x1
 469 0052 12       		.uleb128 0x12
 470 0053 06       		.uleb128 0x6
 471 0054 40       		.uleb128 0x40
 472 0055 18       		.uleb128 0x18
 473 0056 9642     		.uleb128 0x2116
 474 0058 19       		.uleb128 0x19
 475 0059 00       		.byte	0
 476 005a 00       		.byte	0
 477 005b 07       		.uleb128 0x7
 478 005c 2E       		.uleb128 0x2e
 479 005d 01       		.byte	0x1
 480 005e 3F       		.uleb128 0x3f
 481 005f 19       		.uleb128 0x19
 482 0060 03       		.uleb128 0x3
 483 0061 0E       		.uleb128 0xe
 484 0062 3A       		.uleb128 0x3a
 485 0063 0B       		.uleb128 0xb
 486 0064 3B       		.uleb128 0x3b
 487 0065 0B       		.uleb128 0xb
 488 0066 27       		.uleb128 0x27
 489 0067 19       		.uleb128 0x19
 490 0068 11       		.uleb128 0x11
 491 0069 01       		.uleb128 0x1
 492 006a 12       		.uleb128 0x12
 493 006b 06       		.uleb128 0x6
 494 006c 40       		.uleb128 0x40
 495 006d 18       		.uleb128 0x18
 496 006e 9642     		.uleb128 0x2116
 497 0070 19       		.uleb128 0x19
ARM GAS  C:\Users\HPz420\AppData\Local\Temp\ccB4XkpA.s 			page 11


 498 0071 01       		.uleb128 0x1
 499 0072 13       		.uleb128 0x13
 500 0073 00       		.byte	0
 501 0074 00       		.byte	0
 502 0075 08       		.uleb128 0x8
 503 0076 34       		.uleb128 0x34
 504 0077 00       		.byte	0
 505 0078 03       		.uleb128 0x3
 506 0079 0E       		.uleb128 0xe
 507 007a 3A       		.uleb128 0x3a
 508 007b 0B       		.uleb128 0xb
 509 007c 3B       		.uleb128 0x3b
 510 007d 0B       		.uleb128 0xb
 511 007e 49       		.uleb128 0x49
 512 007f 13       		.uleb128 0x13
 513 0080 02       		.uleb128 0x2
 514 0081 18       		.uleb128 0x18
 515 0082 00       		.byte	0
 516 0083 00       		.byte	0
 517 0084 09       		.uleb128 0x9
 518 0085 34       		.uleb128 0x34
 519 0086 00       		.byte	0
 520 0087 03       		.uleb128 0x3
 521 0088 0E       		.uleb128 0xe
 522 0089 3A       		.uleb128 0x3a
 523 008a 0B       		.uleb128 0xb
 524 008b 3B       		.uleb128 0x3b
 525 008c 05       		.uleb128 0x5
 526 008d 49       		.uleb128 0x49
 527 008e 13       		.uleb128 0x13
 528 008f 3F       		.uleb128 0x3f
 529 0090 19       		.uleb128 0x19
 530 0091 3C       		.uleb128 0x3c
 531 0092 19       		.uleb128 0x19
 532 0093 00       		.byte	0
 533 0094 00       		.byte	0
 534 0095 0A       		.uleb128 0xa
 535 0096 35       		.uleb128 0x35
 536 0097 00       		.byte	0
 537 0098 49       		.uleb128 0x49
 538 0099 13       		.uleb128 0x13
 539 009a 00       		.byte	0
 540 009b 00       		.byte	0
 541 009c 0B       		.uleb128 0xb
 542 009d 34       		.uleb128 0x34
 543 009e 00       		.byte	0
 544 009f 03       		.uleb128 0x3
 545 00a0 0E       		.uleb128 0xe
 546 00a1 3A       		.uleb128 0x3a
 547 00a2 0B       		.uleb128 0xb
 548 00a3 3B       		.uleb128 0x3b
 549 00a4 0B       		.uleb128 0xb
 550 00a5 49       		.uleb128 0x49
 551 00a6 13       		.uleb128 0x13
 552 00a7 3F       		.uleb128 0x3f
 553 00a8 19       		.uleb128 0x19
 554 00a9 02       		.uleb128 0x2
ARM GAS  C:\Users\HPz420\AppData\Local\Temp\ccB4XkpA.s 			page 12


 555 00aa 18       		.uleb128 0x18
 556 00ab 00       		.byte	0
 557 00ac 00       		.byte	0
 558 00ad 00       		.byte	0
 559              		.section	.debug_aranges,"",%progbits
 560 0000 24000000 		.4byte	0x24
 561 0004 0200     		.2byte	0x2
 562 0006 00000000 		.4byte	.Ldebug_info0
 563 000a 04       		.byte	0x4
 564 000b 00       		.byte	0
 565 000c 0000     		.2byte	0
 566 000e 0000     		.2byte	0
 567 0010 00000000 		.4byte	.LFB64
 568 0014 20000000 		.4byte	.LFE64-.LFB64
 569 0018 00000000 		.4byte	.LFB65
 570 001c B4000000 		.4byte	.LFE65-.LFB65
 571 0020 00000000 		.4byte	0
 572 0024 00000000 		.4byte	0
 573              		.section	.debug_ranges,"",%progbits
 574              	.Ldebug_ranges0:
 575 0000 00000000 		.4byte	.LFB64
 576 0004 20000000 		.4byte	.LFE64
 577 0008 00000000 		.4byte	.LFB65
 578 000c B4000000 		.4byte	.LFE65
 579 0010 00000000 		.4byte	0
 580 0014 00000000 		.4byte	0
 581              		.section	.debug_line,"",%progbits
 582              	.Ldebug_line0:
 583 0000 AE010000 		.section	.debug_str,"MS",%progbits,1
 583      02005501 
 583      00000201 
 583      FB0E0D00 
 583      01010101 
 584              	.LASF22:
 585 0000 6B657950 		.ascii	"keyPressed\000"
 585      72657373 
 585      656400
 586              	.LASF25:
 587 000b 474E5520 		.ascii	"GNU C11 5.4.1 20160609 (release) [ARM/embedded-5-br"
 587      43313120 
 587      352E342E 
 587      31203230 
 587      31363036 
 588 003e 616E6368 		.ascii	"anch revision 237715] -mcpu=cortex-m3 -mthumb -g -O"
 588      20726576 
 588      6973696F 
 588      6E203233 
 588      37373135 
 589 0071 30202D66 		.ascii	"0 -ffunction-sections -ffat-lto-objects\000"
 589      66756E63 
 589      74696F6E 
 589      2D736563 
 589      74696F6E 
 590              	.LASF9:
 591 0099 5F5F696E 		.ascii	"__int32_t\000"
 591      7433325F 
 591      7400
ARM GAS  C:\Users\HPz420\AppData\Local\Temp\ccB4XkpA.s 			page 13


 592              	.LASF29:
 593 00a3 6B657973 		.ascii	"keysAndLEDs\000"
 593      416E644C 
 593      45447300 
 594              	.LASF13:
 595 00af 666C6F61 		.ascii	"float\000"
 595      7400
 596              	.LASF21:
 597 00b5 76616C4D 		.ascii	"valMin3\000"
 597      696E3300 
 598              	.LASF1:
 599 00bd 756E7369 		.ascii	"unsigned char\000"
 599      676E6564 
 599      20636861 
 599      7200
 600              	.LASF24:
 601 00cb 6C656473 		.ascii	"ledsVal\000"
 601      56616C00 
 602              	.LASF5:
 603 00d3 6C6F6E67 		.ascii	"long unsigned int\000"
 603      20756E73 
 603      69676E65 
 603      6420696E 
 603      7400
 604              	.LASF3:
 605 00e5 73686F72 		.ascii	"short unsigned int\000"
 605      7420756E 
 605      7369676E 
 605      65642069 
 605      6E7400
 606              	.LASF23:
 607 00f8 49544D5F 		.ascii	"ITM_RxBuffer\000"
 607      52784275 
 607      66666572 
 607      00
 608              	.LASF27:
 609 0105 433A5C55 		.ascii	"C:\\Users\\HPz420\\Documents\\GitHub\\Retro-Compute"
 609      73657273 
 609      5C48507A 
 609      3432305C 
 609      446F6375 
 610 0133 72735C5A 		.ascii	"rs\\Z80\\PSOC\\PSOC_Design_Files\\FrontPanelI2CIO8\\"
 610      38305C50 
 610      534F435C 
 610      50534F43 
 610      5F446573 
 611 0162 55534246 		.ascii	"USBFS_UART01.cydsn\000"
 611      535F5541 
 611      52543031 
 611      2E637964 
 611      736E00
 612              	.LASF14:
 613 0175 646F7562 		.ascii	"double\000"
 613      6C6500
 614              	.LASF12:
 615 017c 75696E74 		.ascii	"uint32\000"
 615      333200
ARM GAS  C:\Users\HPz420\AppData\Local\Temp\ccB4XkpA.s 			page 14


 616              	.LASF8:
 617 0183 756E7369 		.ascii	"unsigned int\000"
 617      676E6564 
 617      20696E74 
 617      00
 618              	.LASF7:
 619 0190 6C6F6E67 		.ascii	"long long unsigned int\000"
 619      206C6F6E 
 619      6720756E 
 619      7369676E 
 619      65642069 
 620              	.LASF18:
 621 01a7 72645661 		.ascii	"rdVal\000"
 621      6C00
 622              	.LASF10:
 623 01ad 696E7433 		.ascii	"int32_t\000"
 623      325F7400 
 624              	.LASF17:
 625 01b5 73697A65 		.ascii	"sizetype\000"
 625      74797065 
 625      00
 626              	.LASF19:
 627 01be 76616C4D 		.ascii	"valMin1\000"
 627      696E3100 
 628              	.LASF20:
 629 01c6 76616C4D 		.ascii	"valMin2\000"
 629      696E3200 
 630              	.LASF6:
 631 01ce 6C6F6E67 		.ascii	"long long int\000"
 631      206C6F6E 
 631      6720696E 
 631      7400
 632              	.LASF26:
 633 01dc 46726F6E 		.ascii	"FrontPanelI2C.c\000"
 633      7450616E 
 633      656C4932 
 633      432E6300 
 634              	.LASF15:
 635 01ec 63686172 		.ascii	"char\000"
 635      00
 636              	.LASF2:
 637 01f1 73686F72 		.ascii	"short int\000"
 637      7420696E 
 637      7400
 638              	.LASF11:
 639 01fb 75696E74 		.ascii	"uint8\000"
 639      3800
 640              	.LASF4:
 641 0201 6C6F6E67 		.ascii	"long int\000"
 641      20696E74 
 641      00
 642              	.LASF16:
 643 020a 6C6F6E67 		.ascii	"long double\000"
 643      20646F75 
 643      626C6500 
 644              	.LASF0:
 645 0216 7369676E 		.ascii	"signed char\000"
ARM GAS  C:\Users\HPz420\AppData\Local\Temp\ccB4XkpA.s 			page 15


 645      65642063 
 645      68617200 
 646              	.LASF28:
 647 0222 696E6974 		.ascii	"initFrontPanelI2CIO8\000"
 647      46726F6E 
 647      7450616E 
 647      656C4932 
 647      43494F38 
 648              		.ident	"GCC: (GNU Tools for ARM Embedded Processors) 5.4.1 20160609 (release) [ARM/embedded-5-bran
