ARM GAS  C:\Users\santoree\AppData\Local\Temp\cc1vhYyn.s 			page 1


   1              		.syntax unified
   2              		.cpu cortex-m3
   3              		.fpu softvfp
   4              		.eabi_attribute 20, 1
   5              		.eabi_attribute 21, 1
   6              		.eabi_attribute 23, 3
   7              		.eabi_attribute 24, 1
   8              		.eabi_attribute 25, 1
   9              		.eabi_attribute 26, 1
  10              		.eabi_attribute 30, 1
  11              		.eabi_attribute 34, 1
  12              		.eabi_attribute 18, 4
  13              		.thumb
  14              		.syntax unified
  15              		.file	"main.c"
  16              		.text
  17              	.Ltext0:
  18              		.cfi_sections	.debug_frame
  19              		.section	.text.main,"ax",%progbits
  20              		.align	2
  21              		.global	main
  22              		.thumb
  23              		.thumb_func
  24              		.type	main, %function
  25              	main:
  26              	.LFB63:
  27              		.file 1 "main.c"
   1:main.c        **** /* ========================================
   2:main.c        ****  *
   3:main.c        ****  * RPPSOC Example 1 Code
   4:main.c        ****  *
   5:main.c        ****  * Copyright Land Boards, LLC, 2016
   6:main.c        ****  * All Rights Reserved
   7:main.c        ****  * UNPUBLISHED, LICENSED SOFTWARE.
   8:main.c        ****  *
   9:main.c        ****  * CONFIDENTIAL AND PROPRIETARY INFORMATION
  10:main.c        ****  * WHICH IS THE PROPERTY OF LAND BOARDS.
  11:main.c        ****  * MAY BE USED FOR ANY RPPSOC DEVELOPMENT.
  12:main.c        ****  * 
  13:main.c        ****  * This code does next to nothing.
  14:main.c        ****  * It is intended to be used where there is
  15:main.c        ****  * no code running on the processor.
  16:main.c        ****  *
  17:main.c        ****  * ========================================
  18:main.c        **** */
  19:main.c        **** #include <project.h>
  20:main.c        **** 
  21:main.c        **** int main()
  22:main.c        **** {
  28              		.loc 1 22 0
  29              		.cfi_startproc
  30              		@ Volatile: function does not return.
  31              		@ args = 0, pretend = 0, frame = 0
  32              		@ frame_needed = 0, uses_anonymous_args = 0
  33              		@ link register save eliminated.
  23:main.c        ****     CyGlobalIntEnable; /* Enable global interrupts. */
  34              		.loc 1 23 0
ARM GAS  C:\Users\santoree\AppData\Local\Temp\cc1vhYyn.s 			page 2


  35              		.syntax unified
  36              	@ 23 "main.c" 1
  37 0000 62B6     		CPSIE   i
  38              	@ 0 "" 2
  39              		.thumb
  40              		.syntax unified
  41              	.L2:
  42 0002 FEE7     		b	.L2
  43              		.cfi_endproc
  44              	.LFE63:
  45              		.size	main, .-main
  46              		.text
  47              	.Letext0:
  48              		.file 2 "c:\\program files (x86)\\cypress\\psoc creator\\4.2\\psoc creator\\import\\gnu\\arm\\5.4.
  49              		.file 3 "c:\\program files (x86)\\cypress\\psoc creator\\4.2\\psoc creator\\import\\gnu\\arm\\5.4.
  50              		.file 4 "Generated_Source\\PSoC5/core_cm3.h"
  51              		.section	.debug_info,"",%progbits
  52              	.Ldebug_info0:
  53 0000 C7000000 		.4byte	0xc7
  54 0004 0400     		.2byte	0x4
  55 0006 00000000 		.4byte	.Ldebug_abbrev0
  56 000a 04       		.byte	0x4
  57 000b 01       		.uleb128 0x1
  58 000c 3A000000 		.4byte	.LASF16
  59 0010 0C       		.byte	0xc
  60 0011 2E000000 		.4byte	.LASF17
  61 0015 DA000000 		.4byte	.LASF18
  62 0019 00000000 		.4byte	.Ldebug_ranges0+0
  63 001d 00000000 		.4byte	0
  64 0021 00000000 		.4byte	.Ldebug_line0
  65 0025 02       		.uleb128 0x2
  66 0026 01       		.byte	0x1
  67 0027 06       		.byte	0x6
  68 0028 94010000 		.4byte	.LASF0
  69 002c 02       		.uleb128 0x2
  70 002d 01       		.byte	0x1
  71 002e 08       		.byte	0x8
  72 002f 64010000 		.4byte	.LASF1
  73 0033 02       		.uleb128 0x2
  74 0034 02       		.byte	0x2
  75 0035 05       		.byte	0x5
  76 0036 BC010000 		.4byte	.LASF2
  77 003a 02       		.uleb128 0x2
  78 003b 02       		.byte	0x2
  79 003c 07       		.byte	0x7
  80 003d 0E000000 		.4byte	.LASF3
  81 0041 03       		.uleb128 0x3
  82 0042 AC010000 		.4byte	.LASF9
  83 0046 02       		.byte	0x2
  84 0047 3F       		.byte	0x3f
  85 0048 4C000000 		.4byte	0x4c
  86 004c 02       		.uleb128 0x2
  87 004d 04       		.byte	0x4
  88 004e 05       		.byte	0x5
  89 004f 77010000 		.4byte	.LASF4
  90 0053 02       		.uleb128 0x2
  91 0054 04       		.byte	0x4
ARM GAS  C:\Users\santoree\AppData\Local\Temp\cc1vhYyn.s 			page 3


  92 0055 07       		.byte	0x7
  93 0056 C8000000 		.4byte	.LASF5
  94 005a 02       		.uleb128 0x2
  95 005b 08       		.byte	0x8
  96 005c 05       		.byte	0x5
  97 005d 00000000 		.4byte	.LASF6
  98 0061 02       		.uleb128 0x2
  99 0062 08       		.byte	0x8
 100 0063 07       		.byte	0x7
 101 0064 4D010000 		.4byte	.LASF7
 102 0068 04       		.uleb128 0x4
 103 0069 04       		.byte	0x4
 104 006a 05       		.byte	0x5
 105 006b 696E7400 		.ascii	"int\000"
 106 006f 02       		.uleb128 0x2
 107 0070 04       		.byte	0x4
 108 0071 07       		.byte	0x7
 109 0072 21000000 		.4byte	.LASF8
 110 0076 03       		.uleb128 0x3
 111 0077 C6010000 		.4byte	.LASF10
 112 007b 03       		.byte	0x3
 113 007c 2C       		.byte	0x2c
 114 007d 41000000 		.4byte	0x41
 115 0081 02       		.uleb128 0x2
 116 0082 04       		.byte	0x4
 117 0083 04       		.byte	0x4
 118 0084 B6010000 		.4byte	.LASF11
 119 0088 02       		.uleb128 0x2
 120 0089 08       		.byte	0x8
 121 008a 04       		.byte	0x4
 122 008b 80010000 		.4byte	.LASF12
 123 008f 02       		.uleb128 0x2
 124 0090 01       		.byte	0x1
 125 0091 08       		.byte	0x8
 126 0092 72010000 		.4byte	.LASF13
 127 0096 02       		.uleb128 0x2
 128 0097 08       		.byte	0x8
 129 0098 04       		.byte	0x4
 130 0099 A0010000 		.4byte	.LASF14
 131 009d 02       		.uleb128 0x2
 132 009e 04       		.byte	0x4
 133 009f 07       		.byte	0x7
 134 00a0 CE010000 		.4byte	.LASF15
 135 00a4 05       		.uleb128 0x5
 136 00a5 35000000 		.4byte	.LASF19
 137 00a9 01       		.byte	0x1
 138 00aa 15       		.byte	0x15
 139 00ab 68000000 		.4byte	0x68
 140 00af 00000000 		.4byte	.LFB63
 141 00b3 04000000 		.4byte	.LFE63-.LFB63
 142 00b7 01       		.uleb128 0x1
 143 00b8 9C       		.byte	0x9c
 144 00b9 06       		.uleb128 0x6
 145 00ba 87010000 		.4byte	.LASF20
 146 00be 04       		.byte	0x4
 147 00bf 1207     		.2byte	0x712
 148 00c1 C5000000 		.4byte	0xc5
ARM GAS  C:\Users\santoree\AppData\Local\Temp\cc1vhYyn.s 			page 4


 149 00c5 07       		.uleb128 0x7
 150 00c6 76000000 		.4byte	0x76
 151 00ca 00       		.byte	0
 152              		.section	.debug_abbrev,"",%progbits
 153              	.Ldebug_abbrev0:
 154 0000 01       		.uleb128 0x1
 155 0001 11       		.uleb128 0x11
 156 0002 01       		.byte	0x1
 157 0003 25       		.uleb128 0x25
 158 0004 0E       		.uleb128 0xe
 159 0005 13       		.uleb128 0x13
 160 0006 0B       		.uleb128 0xb
 161 0007 03       		.uleb128 0x3
 162 0008 0E       		.uleb128 0xe
 163 0009 1B       		.uleb128 0x1b
 164 000a 0E       		.uleb128 0xe
 165 000b 55       		.uleb128 0x55
 166 000c 17       		.uleb128 0x17
 167 000d 11       		.uleb128 0x11
 168 000e 01       		.uleb128 0x1
 169 000f 10       		.uleb128 0x10
 170 0010 17       		.uleb128 0x17
 171 0011 00       		.byte	0
 172 0012 00       		.byte	0
 173 0013 02       		.uleb128 0x2
 174 0014 24       		.uleb128 0x24
 175 0015 00       		.byte	0
 176 0016 0B       		.uleb128 0xb
 177 0017 0B       		.uleb128 0xb
 178 0018 3E       		.uleb128 0x3e
 179 0019 0B       		.uleb128 0xb
 180 001a 03       		.uleb128 0x3
 181 001b 0E       		.uleb128 0xe
 182 001c 00       		.byte	0
 183 001d 00       		.byte	0
 184 001e 03       		.uleb128 0x3
 185 001f 16       		.uleb128 0x16
 186 0020 00       		.byte	0
 187 0021 03       		.uleb128 0x3
 188 0022 0E       		.uleb128 0xe
 189 0023 3A       		.uleb128 0x3a
 190 0024 0B       		.uleb128 0xb
 191 0025 3B       		.uleb128 0x3b
 192 0026 0B       		.uleb128 0xb
 193 0027 49       		.uleb128 0x49
 194 0028 13       		.uleb128 0x13
 195 0029 00       		.byte	0
 196 002a 00       		.byte	0
 197 002b 04       		.uleb128 0x4
 198 002c 24       		.uleb128 0x24
 199 002d 00       		.byte	0
 200 002e 0B       		.uleb128 0xb
 201 002f 0B       		.uleb128 0xb
 202 0030 3E       		.uleb128 0x3e
 203 0031 0B       		.uleb128 0xb
 204 0032 03       		.uleb128 0x3
 205 0033 08       		.uleb128 0x8
ARM GAS  C:\Users\santoree\AppData\Local\Temp\cc1vhYyn.s 			page 5


 206 0034 00       		.byte	0
 207 0035 00       		.byte	0
 208 0036 05       		.uleb128 0x5
 209 0037 2E       		.uleb128 0x2e
 210 0038 00       		.byte	0
 211 0039 3F       		.uleb128 0x3f
 212 003a 19       		.uleb128 0x19
 213 003b 03       		.uleb128 0x3
 214 003c 0E       		.uleb128 0xe
 215 003d 3A       		.uleb128 0x3a
 216 003e 0B       		.uleb128 0xb
 217 003f 3B       		.uleb128 0x3b
 218 0040 0B       		.uleb128 0xb
 219 0041 49       		.uleb128 0x49
 220 0042 13       		.uleb128 0x13
 221 0043 8701     		.uleb128 0x87
 222 0045 19       		.uleb128 0x19
 223 0046 11       		.uleb128 0x11
 224 0047 01       		.uleb128 0x1
 225 0048 12       		.uleb128 0x12
 226 0049 06       		.uleb128 0x6
 227 004a 40       		.uleb128 0x40
 228 004b 18       		.uleb128 0x18
 229 004c 9742     		.uleb128 0x2117
 230 004e 19       		.uleb128 0x19
 231 004f 00       		.byte	0
 232 0050 00       		.byte	0
 233 0051 06       		.uleb128 0x6
 234 0052 34       		.uleb128 0x34
 235 0053 00       		.byte	0
 236 0054 03       		.uleb128 0x3
 237 0055 0E       		.uleb128 0xe
 238 0056 3A       		.uleb128 0x3a
 239 0057 0B       		.uleb128 0xb
 240 0058 3B       		.uleb128 0x3b
 241 0059 05       		.uleb128 0x5
 242 005a 49       		.uleb128 0x49
 243 005b 13       		.uleb128 0x13
 244 005c 3F       		.uleb128 0x3f
 245 005d 19       		.uleb128 0x19
 246 005e 3C       		.uleb128 0x3c
 247 005f 19       		.uleb128 0x19
 248 0060 00       		.byte	0
 249 0061 00       		.byte	0
 250 0062 07       		.uleb128 0x7
 251 0063 35       		.uleb128 0x35
 252 0064 00       		.byte	0
 253 0065 49       		.uleb128 0x49
 254 0066 13       		.uleb128 0x13
 255 0067 00       		.byte	0
 256 0068 00       		.byte	0
 257 0069 00       		.byte	0
 258              		.section	.debug_aranges,"",%progbits
 259 0000 1C000000 		.4byte	0x1c
 260 0004 0200     		.2byte	0x2
 261 0006 00000000 		.4byte	.Ldebug_info0
 262 000a 04       		.byte	0x4
ARM GAS  C:\Users\santoree\AppData\Local\Temp\cc1vhYyn.s 			page 6


 263 000b 00       		.byte	0
 264 000c 0000     		.2byte	0
 265 000e 0000     		.2byte	0
 266 0010 00000000 		.4byte	.LFB63
 267 0014 04000000 		.4byte	.LFE63-.LFB63
 268 0018 00000000 		.4byte	0
 269 001c 00000000 		.4byte	0
 270              		.section	.debug_ranges,"",%progbits
 271              	.Ldebug_ranges0:
 272 0000 00000000 		.4byte	.LFB63
 273 0004 04000000 		.4byte	.LFE63
 274 0008 00000000 		.4byte	0
 275 000c 00000000 		.4byte	0
 276              		.section	.debug_line,"",%progbits
 277              	.Ldebug_line0:
 278 0000 55010000 		.section	.debug_str,"MS",%progbits,1
 278      02003F01 
 278      00000201 
 278      FB0E0D00 
 278      01010101 
 279              	.LASF6:
 280 0000 6C6F6E67 		.ascii	"long long int\000"
 280      206C6F6E 
 280      6720696E 
 280      7400
 281              	.LASF3:
 282 000e 73686F72 		.ascii	"short unsigned int\000"
 282      7420756E 
 282      7369676E 
 282      65642069 
 282      6E7400
 283              	.LASF8:
 284 0021 756E7369 		.ascii	"unsigned int\000"
 284      676E6564 
 284      20696E74 
 284      00
 285              	.LASF17:
 286 002e 6D61696E 		.ascii	"main.c\000"
 286      2E6300
 287              	.LASF19:
 288 0035 6D61696E 		.ascii	"main\000"
 288      00
 289              	.LASF16:
 290 003a 474E5520 		.ascii	"GNU C11 5.4.1 20160609 (release) [ARM/embedded-5-br"
 290      43313120 
 290      352E342E 
 290      31203230 
 290      31363036 
 291 006d 616E6368 		.ascii	"anch revision 237715] -mcpu=cortex-m3 -mthumb -g -O"
 291      20726576 
 291      6973696F 
 291      6E203233 
 291      37373135 
 292 00a0 67202D66 		.ascii	"g -ffunction-sections -ffat-lto-objects\000"
 292      66756E63 
 292      74696F6E 
 292      2D736563 
ARM GAS  C:\Users\santoree\AppData\Local\Temp\cc1vhYyn.s 			page 7


 292      74696F6E 
 293              	.LASF5:
 294 00c8 6C6F6E67 		.ascii	"long unsigned int\000"
 294      20756E73 
 294      69676E65 
 294      6420696E 
 294      7400
 295              	.LASF18:
 296 00da 433A5C55 		.ascii	"C:\\Users\\dgilliland\\Documents\\GitHub\\Retro-Com"
 296      73657273 
 296      5C646769 
 296      6C6C696C 
 296      616E645C 
 297 0108 70757465 		.ascii	"puters\\Z80\\PSOC\\PSOC_Design_Files\\GS_9_Chip_PSo"
 297      72735C5A 
 297      38305C50 
 297      534F435C 
 297      50534F43 
 298 0137 435C4753 		.ascii	"C\\GS_9Chip_PSoC.cydsn\000"
 298      5F394368 
 298      69705F50 
 298      536F432E 
 298      63796473 
 299              	.LASF7:
 300 014d 6C6F6E67 		.ascii	"long long unsigned int\000"
 300      206C6F6E 
 300      6720756E 
 300      7369676E 
 300      65642069 
 301              	.LASF1:
 302 0164 756E7369 		.ascii	"unsigned char\000"
 302      676E6564 
 302      20636861 
 302      7200
 303              	.LASF13:
 304 0172 63686172 		.ascii	"char\000"
 304      00
 305              	.LASF4:
 306 0177 6C6F6E67 		.ascii	"long int\000"
 306      20696E74 
 306      00
 307              	.LASF12:
 308 0180 646F7562 		.ascii	"double\000"
 308      6C6500
 309              	.LASF20:
 310 0187 49544D5F 		.ascii	"ITM_RxBuffer\000"
 310      52784275 
 310      66666572 
 310      00
 311              	.LASF0:
 312 0194 7369676E 		.ascii	"signed char\000"
 312      65642063 
 312      68617200 
 313              	.LASF14:
 314 01a0 6C6F6E67 		.ascii	"long double\000"
 314      20646F75 
 314      626C6500 
ARM GAS  C:\Users\santoree\AppData\Local\Temp\cc1vhYyn.s 			page 8


 315              	.LASF9:
 316 01ac 5F5F696E 		.ascii	"__int32_t\000"
 316      7433325F 
 316      7400
 317              	.LASF11:
 318 01b6 666C6F61 		.ascii	"float\000"
 318      7400
 319              	.LASF2:
 320 01bc 73686F72 		.ascii	"short int\000"
 320      7420696E 
 320      7400
 321              	.LASF10:
 322 01c6 696E7433 		.ascii	"int32_t\000"
 322      325F7400 
 323              	.LASF15:
 324 01ce 73697A65 		.ascii	"sizetype\000"
 324      74797065 
 324      00
 325              		.ident	"GCC: (GNU Tools for ARM Embedded Processors) 5.4.1 20160609 (release) [ARM/embedded-5-bran
