--------------- Clean Started: 10/26/2019 16:02:21 Project: Z80_3Chip, Configuration: ARM GCC 5.4-2016-q2-update Debug ---------------
Deleting file ".\CortexM3\ARM_GCC_541\Debug\main.o"
Deleting file ".\CortexM3\ARM_GCC_541\Debug\ExtSRAM.o"
Deleting file ".\CortexM3\ARM_GCC_541\Debug\FrontPanel.o"
Deleting file ".\CortexM3\ARM_GCC_541\Debug\GS_9_MON_BASIC_ROM.o"
Deleting file ".\CortexM3\ARM_GCC_541\Debug\Z80_SIO_emul.o"
Deleting file ".\CortexM3\ARM_GCC_541\Debug\Z80_IO_Handle.o"
Deleting file ".\CortexM3\ARM_GCC_541\Debug\Z80_PIO_emul.o"
Deleting file ".\CortexM3\ARM_GCC_541\Debug\GS_7_BASIC_ROM.o"
Deleting file ".\CortexM3\ARM_GCC_541\Debug\Z80_6850_Emul.o"
Deleting file ".\CortexM3\ARM_GCC_541\Debug\Z80_SDCard_Emul.o"
Deleting file ".\CortexM3\ARM_GCC_541\Debug\GS_FPGA_CPM_BASIC.o"
Deleting file ".\CortexM3\ARM_GCC_541\Debug\Z80_6850_2_Emul.o"
Deleting file ".\CortexM3\ARM_GCC_541\Debug\Z80_Mem_Mappers.o"
Deleting file ".\CortexM3\ARM_GCC_541\Debug\SDCard.o"
Deleting file ".\CortexM3\ARM_GCC_541\Debug\Z80_PSoC_3Chips.o"
Deleting file ".\CortexM3\ARM_GCC_541\Debug\Z80_RTC.o"
Deleting file ".\CortexM3\ARM_GCC_541\Debug\cyfitter_cfg.o"
Deleting file ".\CortexM3\ARM_GCC_541\Debug\cymetadata.o"
Deleting file ".\CortexM3\ARM_GCC_541\Debug\CPUD0.o"
Deleting file ".\CortexM3\ARM_GCC_541\Debug\CPUD1.o"
Deleting file ".\CortexM3\ARM_GCC_541\Debug\CPUD2.o"
Deleting file ".\CortexM3\ARM_GCC_541\Debug\CPUD3.o"
Deleting file ".\CortexM3\ARM_GCC_541\Debug\CPUD4.o"
Deleting file ".\CortexM3\ARM_GCC_541\Debug\CPUD5.o"
Deleting file ".\CortexM3\ARM_GCC_541\Debug\CPUD6.o"
Deleting file ".\CortexM3\ARM_GCC_541\Debug\CPUD7.o"
Deleting file ".\CortexM3\ARM_GCC_541\Debug\Clock_1.o"
Deleting file ".\CortexM3\ARM_GCC_541\Debug\IORQ_n.o"
Deleting file ".\CortexM3\ARM_GCC_541\Debug\cy_em_eeprom.o"
Deleting file ".\CortexM3\ARM_GCC_541\Debug\Cm3Start.o"
Deleting file ".\CortexM3\ARM_GCC_541\Debug\CyBootAsmGnu.o"
Deleting file ".\CortexM3\ARM_GCC_541\Debug\CyDmac.o"
Deleting file ".\CortexM3\ARM_GCC_541\Debug\CyFlash.o"
Deleting file ".\CortexM3\ARM_GCC_541\Debug\CyLib.o"
Deleting file ".\CortexM3\ARM_GCC_541\Debug\cyPm.o"
Deleting file ".\CortexM3\ARM_GCC_541\Debug\CySpc.o"
Deleting file ".\CortexM3\ARM_GCC_541\Debug\cyutils.o"
Deleting file ".\CortexM3\ARM_GCC_541\Debug\CPURD_n.o"
Deleting file ".\CortexM3\ARM_GCC_541\Debug\CPUA0.o"
Deleting file ".\CortexM3\ARM_GCC_541\Debug\CPUA1.o"
Deleting file ".\CortexM3\ARM_GCC_541\Debug\CPUA2.o"
Deleting file ".\CortexM3\ARM_GCC_541\Debug\CPUA3.o"
Deleting file ".\CortexM3\ARM_GCC_541\Debug\CPUA4.o"
Deleting file ".\CortexM3\ARM_GCC_541\Debug\CPUA5.o"
Deleting file ".\CortexM3\ARM_GCC_541\Debug\CPUA6.o"
Deleting file ".\CortexM3\ARM_GCC_541\Debug\CPUA7.o"
Deleting file ".\CortexM3\ARM_GCC_541\Debug\AdrLowIn.o"
Deleting file ".\CortexM3\ARM_GCC_541\Debug\AdrLowOut.o"
Deleting file ".\CortexM3\ARM_GCC_541\Debug\AdrLowOut_PM.o"
Deleting file ".\CortexM3\ARM_GCC_541\Debug\CPUWR_n.o"
Deleting file ".\CortexM3\ARM_GCC_541\Debug\CPUA13.o"
Deleting file ".\CortexM3\ARM_GCC_541\Debug\CPUA14.o"
Deleting file ".\CortexM3\ARM_GCC_541\Debug\CPUA15.o"
Deleting file ".\CortexM3\ARM_GCC_541\Debug\SRAMA13.o"
Deleting file ".\CortexM3\ARM_GCC_541\Debug\SRAMA14.o"
Deleting file ".\CortexM3\ARM_GCC_541\Debug\SRAMA15.o"
Deleting file ".\CortexM3\ARM_GCC_541\Debug\SRAMA16.o"
Deleting file ".\CortexM3\ARM_GCC_541\Debug\SRAMA17.o"
Deleting file ".\CortexM3\ARM_GCC_541\Debug\SRAMA18.o"
Deleting file ".\CortexM3\ARM_GCC_541\Debug\CPUA8.o"
Deleting file ".\CortexM3\ARM_GCC_541\Debug\CPUA9.o"
Deleting file ".\CortexM3\ARM_GCC_541\Debug\CPUA10.o"
Deleting file ".\CortexM3\ARM_GCC_541\Debug\CPUA11.o"
Deleting file ".\CortexM3\ARM_GCC_541\Debug\CPUA12.o"
Deleting file ".\CortexM3\ARM_GCC_541\Debug\LED.o"
Deleting file ".\CortexM3\ARM_GCC_541\Debug\MREQ_n.o"
Deleting file ".\CortexM3\ARM_GCC_541\Debug\BUSRQ_n.o"
Deleting file ".\CortexM3\ARM_GCC_541\Debug\MEMWR_n.o"
Deleting file ".\CortexM3\ARM_GCC_541\Debug\MEMRD_n.o"
Deleting file ".\CortexM3\ARM_GCC_541\Debug\M1_n.o"
Deleting file ".\CortexM3\ARM_GCC_541\Debug\INT_n.o"
Deleting file ".\CortexM3\ARM_GCC_541\Debug\NMI_n.o"
Deleting file ".\CortexM3\ARM_GCC_541\Debug\HALT_n.o"
Deleting file ".\CortexM3\ARM_GCC_541\Debug\SRAMCS_n.o"
Deleting file ".\CortexM3\ARM_GCC_541\Debug\WAIT_n_1.o"
Deleting file ".\CortexM3\ARM_GCC_541\Debug\IO_Ctrl_Reg.o"
Deleting file ".\CortexM3\ARM_GCC_541\Debug\IO_Ctrl_Reg_PM.o"
Deleting file ".\CortexM3\ARM_GCC_541\Debug\IO_Stat_Reg.o"
Deleting file ".\CortexM3\ARM_GCC_541\Debug\Z80_Data_In.o"
Deleting file ".\CortexM3\ARM_GCC_541\Debug\Z80_Data_In_PM.o"
Deleting file ".\CortexM3\ARM_GCC_541\Debug\Z80_Data_Out.o"
Deleting file ".\CortexM3\ARM_GCC_541\Debug\BankBaseAdr.o"
Deleting file ".\CortexM3\ARM_GCC_541\Debug\BankBaseAdr_PM.o"
Deleting file ".\CortexM3\ARM_GCC_541\Debug\SRAMA12.o"
Deleting file ".\CortexM3\ARM_GCC_541\Debug\BankMask.o"
Deleting file ".\CortexM3\ARM_GCC_541\Debug\BankMask_PM.o"
Deleting file ".\CortexM3\ARM_GCC_541\Debug\SRAMA11.o"
Deleting file ".\CortexM3\ARM_GCC_541\Debug\DAC_OUT.o"
Deleting file ".\CortexM3\ARM_GCC_541\Debug\CPU_CLK.o"
Deleting file ".\CortexM3\ARM_GCC_541\Debug\Clock_3.o"
Deleting file ".\CortexM3\ARM_GCC_541\Debug\AdrMidOut.o"
Deleting file ".\CortexM3\ARM_GCC_541\Debug\AdrMidOut_PM.o"
Deleting file ".\CortexM3\ARM_GCC_541\Debug\AdrHighOut.o"
Deleting file ".\CortexM3\ARM_GCC_541\Debug\AdrHighOut_PM.o"
Deleting file ".\CortexM3\ARM_GCC_541\Debug\ExtSRAMCtl.o"
Deleting file ".\CortexM3\ARM_GCC_541\Debug\ExtSRAMCtl_PM.o"
Deleting file ".\CortexM3\ARM_GCC_541\Debug\CPURSTn.o"
Deleting file ".\CortexM3\ARM_GCC_541\Debug\I2C.o"
Deleting file ".\CortexM3\ARM_GCC_541\Debug\I2C_BOOT.o"
Deleting file ".\CortexM3\ARM_GCC_541\Debug\I2C_INT.o"
Deleting file ".\CortexM3\ARM_GCC_541\Debug\I2C_PM.o"
Deleting file ".\CortexM3\ARM_GCC_541\Debug\I2C_SLAVE.o"
Deleting file ".\CortexM3\ARM_GCC_541\Debug\I2C_MASTER.o"
Deleting file ".\CortexM3\ARM_GCC_541\Debug\SDA.o"
Deleting file ".\CortexM3\ARM_GCC_541\Debug\SCL.o"
Deleting file ".\CortexM3\ARM_GCC_541\Debug\USBUART.o"
Deleting file ".\CortexM3\ARM_GCC_541\Debug\USBUART_audio.o"
Deleting file ".\CortexM3\ARM_GCC_541\Debug\USBUART_boot.o"
Deleting file ".\CortexM3\ARM_GCC_541\Debug\USBUART_cdc.o"
Deleting file ".\CortexM3\ARM_GCC_541\Debug\USBUART_cls.o"
Deleting file ".\CortexM3\ARM_GCC_541\Debug\USBUART_descr.o"
Deleting file ".\CortexM3\ARM_GCC_541\Debug\USBUART_drv.o"
Deleting file ".\CortexM3\ARM_GCC_541\Debug\USBUART_episr.o"
Deleting file ".\CortexM3\ARM_GCC_541\Debug\USBUART_hid.o"
Deleting file ".\CortexM3\ARM_GCC_541\Debug\USBUART_pm.o"
Deleting file ".\CortexM3\ARM_GCC_541\Debug\USBUART_std.o"
Deleting file ".\CortexM3\ARM_GCC_541\Debug\USBUART_vnd.o"
Deleting file ".\CortexM3\ARM_GCC_541\Debug\USBUART_midi.o"
Deleting file ".\CortexM3\ARM_GCC_541\Debug\USBUART_msc.o"
Deleting file ".\CortexM3\ARM_GCC_541\Debug\USBUART_Dm.o"
Deleting file ".\CortexM3\ARM_GCC_541\Debug\USBUART_Dp.o"
Deleting file ".\CortexM3\ARM_GCC_541\Debug\BUSACK_n.o"
Deleting file ".\CortexM3\ARM_GCC_541\Debug\I2CINT_n.o"
Deleting file ".\CortexM3\ARM_GCC_541\Debug\OSC_IN.o"
Deleting file ".\CortexM3\ARM_GCC_541\Debug\MISO.o"
Deleting file ".\CortexM3\ARM_GCC_541\Debug\MOSI.o"
Deleting file ".\CortexM3\ARM_GCC_541\Debug\SCLK.o"
Deleting file ".\CortexM3\ARM_GCC_541\Debug\SPI_SS.o"
Deleting file ".\CortexM3\ARM_GCC_541\Debug\SPI_Master.o"
Deleting file ".\CortexM3\ARM_GCC_541\Debug\SPI_Master_PM.o"
Deleting file ".\CortexM3\ARM_GCC_541\Debug\SPI_Master_INT.o"
Deleting file ".\CortexM3\ARM_GCC_541\Debug\SPI_Master_IntClock.o"
Deleting file ".\CortexM3\ARM_GCC_541\Debug\SPI_SS_Override.o"
Deleting file ".\CortexM3\ARM_GCC_541\Debug\SPI_SS_Override_PM.o"
Deleting file ".\CortexM3\ARM_GCC_541\Debug\RTC.o"
Deleting file ".\CortexM3\ARM_GCC_541\Debug\RTC_INT.o"
Deleting file ".\CortexM3\ARM_GCC_541\Debug\WaveDAC8_1.o"
Deleting file ".\CortexM3\ARM_GCC_541\Debug\WaveDAC8_1_PM.o"
Deleting file ".\CortexM3\ARM_GCC_541\Debug\WaveDAC8_1_DacClk.o"
Deleting file ".\CortexM3\ARM_GCC_541\Debug\WaveDAC8_1_Wave1_DMA_dma.o"
Deleting file ".\CortexM3\ARM_GCC_541\Debug\WaveDAC8_1_Wave2_DMA_dma.o"
Deleting file ".\CortexM3\ARM_GCC_541\Debug\WaveDAC8_1_VDAC8.o"
Deleting file ".\CortexM3\ARM_GCC_541\Debug\WaveDAC8_1_VDAC8_PM.o"
Deleting file ".\CortexM3\ARM_GCC_541\Debug\Z80_3Chip.hex"
Deleting file ".\CortexM3\ARM_GCC_541\Debug\Z80_3Chip.elf"
Deleting file ".\CortexM3\ARM_GCC_541\Debug\Z80_3Chip.map"
Deleting file ".\Z80_3Chip.cycdx"
Deleting file ".\Z80_3Chip.svd"
Deleting file ".\Z80_3Chip.rpt"
Deleting file ".\Z80_3Chip_timing.html"
Deleting file ".\CortexM3\ARM_GCC_541\Debug\.deps\SOURCE_C__ARM_GCC_GENERIC.P"
Deleting file ".\CortexM3\ARM_GCC_541\Debug\.deps\SOURCE_ASM__ARM_GCC_GENERIC.P"
--------------- Clean Succeeded: 10/26/2019 16:02:21 ---------------
