ARM GAS  C:\Users\DGILLI~1\AppData\Local\Temp\ccdtLAUf.s 			page 1


   1              		.syntax unified
   2              		.cpu cortex-m3
   3              		.fpu softvfp
   4              		.eabi_attribute 20, 1
   5              		.eabi_attribute 21, 1
   6              		.eabi_attribute 23, 3
   7              		.eabi_attribute 24, 1
   8              		.eabi_attribute 25, 1
   9              		.eabi_attribute 26, 1
  10              		.eabi_attribute 30, 1
  11              		.eabi_attribute 34, 1
  12              		.eabi_attribute 18, 4
  13              		.thumb
  14              		.syntax unified
  15              		.file	"ExtSRAM.c"
  16              		.text
  17              	.Ltext0:
  18              		.cfi_sections	.debug_frame
  19              		.section	.text.SetExtSRAMAddr,"ax",%progbits
  20              		.align	2
  21              		.global	SetExtSRAMAddr
  22              		.thumb
  23              		.thumb_func
  24              		.type	SetExtSRAMAddr, %function
  25              	SetExtSRAMAddr:
  26              	.LFB63:
  27              		.file 1 "ExtSRAM.c"
   1:ExtSRAM.c     **** /* ========================================
   2:ExtSRAM.c     ****  *
   3:ExtSRAM.c     ****  * Copyright LAND BOARDS, LLC, 2019
   4:ExtSRAM.c     ****  * All Rights Reserved
   5:ExtSRAM.c     ****  * UNPUBLISHED, LICENSED SOFTWARE.
   6:ExtSRAM.c     ****  *
   7:ExtSRAM.c     ****  * CONFIDENTIAL AND PROPRIETARY INFORMATION
   8:ExtSRAM.c     ****  * WHICH IS THE PROPERTY OF LAND BOARDS, LLC.
   9:ExtSRAM.c     ****  *
  10:ExtSRAM.c     ****  * ========================================
  11:ExtSRAM.c     **** */
  12:ExtSRAM.c     **** 
  13:ExtSRAM.c     **** ////////////////////////////////////////////////////////////////////////////
  14:ExtSRAM.c     **** // External SRAM is controlled by ExtSRAMCtl register
  15:ExtSRAM.c     **** //  d0 = SRAM_R1_W0
  16:ExtSRAM.c     **** //  d1 = DRV_RAM
  17:ExtSRAM.c     **** //      0 = Don't drive the SRAM address/controls
  18:ExtSRAM.c     **** //      1 = Drive the SRAM address/controls
  19:ExtSRAM.c     **** //  d2 = SRAMCSn
  20:ExtSRAM.c     **** //      0 = Chip Select enabled
  21:ExtSRAM.c     **** //      1 = Chip Select disabled (default at power up)
  22:ExtSRAM.c     **** ////////////////////////////////////////////////////////////////////////////
  23:ExtSRAM.c     **** 
  24:ExtSRAM.c     **** #include <project.h>
  25:ExtSRAM.c     **** 
  26:ExtSRAM.c     **** ////////////////////////////////////////////////////////////////////////////
  27:ExtSRAM.c     **** // SetExtSRAMAddr(addr) - Set the address registers for the SRAM
  28:ExtSRAM.c     **** 
  29:ExtSRAM.c     **** void SetExtSRAMAddr(uint32 addr)
  30:ExtSRAM.c     **** {
ARM GAS  C:\Users\DGILLI~1\AppData\Local\Temp\ccdtLAUf.s 			page 2


  28              		.loc 1 30 0
  29              		.cfi_startproc
  30              		@ args = 0, pretend = 0, frame = 0
  31              		@ frame_needed = 0, uses_anonymous_args = 0
  32              	.LVL0:
  33 0000 10B5     		push	{r4, lr}
  34              		.cfi_def_cfa_offset 8
  35              		.cfi_offset 4, -8
  36              		.cfi_offset 14, -4
  37 0002 0446     		mov	r4, r0
  31:ExtSRAM.c     ****     AdrLowOut_Write(addr & 0xff);           // bottom 8-bits of the address A0..A7
  38              		.loc 1 31 0
  39 0004 C0B2     		uxtb	r0, r0
  40              	.LVL1:
  41 0006 FFF7FEFF 		bl	AdrLowOut_Write
  42              	.LVL2:
  32:ExtSRAM.c     ****     AdrMidOut_Write((addr>>8) & 0x7);       // middle 3-bits of the address A8..A1
  43              		.loc 1 32 0
  44 000a C4F30220 		ubfx	r0, r4, #8, #3
  45 000e FFF7FEFF 		bl	AdrMidOut_Write
  46              	.LVL3:
  33:ExtSRAM.c     ****     AdrHighOut_Write((addr>>13) & 0xFF);    
  47              		.loc 1 33 0
  48 0012 C4F34730 		ubfx	r0, r4, #13, #8
  49 0016 FFF7FEFF 		bl	AdrHighOut_Write
  50              	.LVL4:
  51 001a 10BD     		pop	{r4, pc}
  52              		.cfi_endproc
  53              	.LFE63:
  54              		.size	SetExtSRAMAddr, .-SetExtSRAMAddr
  55              		.section	.text.ReadExtSRAM,"ax",%progbits
  56              		.align	2
  57              		.global	ReadExtSRAM
  58              		.thumb
  59              		.thumb_func
  60              		.type	ReadExtSRAM, %function
  61              	ReadExtSRAM:
  62              	.LFB64:
  34:ExtSRAM.c     **** }
  35:ExtSRAM.c     **** 
  36:ExtSRAM.c     **** ////////////////////////////////////////////////////////////////////////////
  37:ExtSRAM.c     **** // ReadExtSRAM(addr) - Read the external SRAM at address = addr
  38:ExtSRAM.c     **** 
  39:ExtSRAM.c     **** uint8 ReadExtSRAM(uint32 addr)
  40:ExtSRAM.c     **** {
  63              		.loc 1 40 0
  64              		.cfi_startproc
  65              		@ args = 0, pretend = 0, frame = 0
  66              		@ frame_needed = 0, uses_anonymous_args = 0
  67              	.LVL5:
  68 0000 10B5     		push	{r4, lr}
  69              		.cfi_def_cfa_offset 8
  70              		.cfi_offset 4, -8
  71              		.cfi_offset 14, -4
  41:ExtSRAM.c     ****     uint8 rdVal;
  42:ExtSRAM.c     ****     SetExtSRAMAddr(addr);
  72              		.loc 1 42 0
ARM GAS  C:\Users\DGILLI~1\AppData\Local\Temp\ccdtLAUf.s 			page 3


  73 0002 FFF7FEFF 		bl	SetExtSRAMAddr
  74              	.LVL6:
  43:ExtSRAM.c     ****     ExtSRAMCtl_Write(0x5);          // Set R/W* to Read
  75              		.loc 1 43 0
  76 0006 0520     		movs	r0, #5
  77 0008 FFF7FEFF 		bl	ExtSRAMCtl_Write
  78              	.LVL7:
  44:ExtSRAM.c     ****     ExtSRAMCtl_Write(0x7);          // Assert DRV_RAM
  79              		.loc 1 44 0
  80 000c 0720     		movs	r0, #7
  81 000e FFF7FEFF 		bl	ExtSRAMCtl_Write
  82              	.LVL8:
  45:ExtSRAM.c     ****     ExtSRAMCtl_Write(0x3);          // Assert SRAMCS
  83              		.loc 1 45 0
  84 0012 0320     		movs	r0, #3
  85 0014 FFF7FEFF 		bl	ExtSRAMCtl_Write
  86              	.LVL9:
  46:ExtSRAM.c     ****     rdVal = Z80_Data_Out_Read();
  87              		.loc 1 46 0
  88 0018 FFF7FEFF 		bl	Z80_Data_Out_Read
  89              	.LVL10:
  90 001c 0446     		mov	r4, r0
  91              	.LVL11:
  47:ExtSRAM.c     ****     ExtSRAMCtl_Write(0x7);          // Remove SRAMCS
  92              		.loc 1 47 0
  93 001e 0720     		movs	r0, #7
  94 0020 FFF7FEFF 		bl	ExtSRAMCtl_Write
  95              	.LVL12:
  48:ExtSRAM.c     ****     ExtSRAMCtl_Write(0x5);          // Remove DRV_RAM
  96              		.loc 1 48 0
  97 0024 0520     		movs	r0, #5
  98 0026 FFF7FEFF 		bl	ExtSRAMCtl_Write
  99              	.LVL13:
  49:ExtSRAM.c     ****     return(rdVal);
  50:ExtSRAM.c     **** }
 100              		.loc 1 50 0
 101 002a 2046     		mov	r0, r4
 102 002c 10BD     		pop	{r4, pc}
 103              		.cfi_endproc
 104              	.LFE64:
 105              		.size	ReadExtSRAM, .-ReadExtSRAM
 106 002e 00BF     		.section	.text.WriteExtSRAM,"ax",%progbits
 107              		.align	2
 108              		.global	WriteExtSRAM
 109              		.thumb
 110              		.thumb_func
 111              		.type	WriteExtSRAM, %function
 112              	WriteExtSRAM:
 113              	.LFB65:
  51:ExtSRAM.c     **** 
  52:ExtSRAM.c     **** ////////////////////////////////////////////////////////////////////////////
  53:ExtSRAM.c     **** // WriteExtSRAM(addr,data) - Write to the external SRAM at address = addr
  54:ExtSRAM.c     **** 
  55:ExtSRAM.c     **** void WriteExtSRAM(uint32 addr, uint8 data)
  56:ExtSRAM.c     **** {
 114              		.loc 1 56 0
 115              		.cfi_startproc
ARM GAS  C:\Users\DGILLI~1\AppData\Local\Temp\ccdtLAUf.s 			page 4


 116              		@ args = 0, pretend = 0, frame = 0
 117              		@ frame_needed = 0, uses_anonymous_args = 0
 118              	.LVL14:
 119 0000 10B5     		push	{r4, lr}
 120              		.cfi_def_cfa_offset 8
 121              		.cfi_offset 4, -8
 122              		.cfi_offset 14, -4
 123 0002 0C46     		mov	r4, r1
  57:ExtSRAM.c     ****     SetExtSRAMAddr(addr);
 124              		.loc 1 57 0
 125 0004 FFF7FEFF 		bl	SetExtSRAMAddr
 126              	.LVL15:
  58:ExtSRAM.c     ****     ExtSRAMCtl_Write(0x4);          // Set R/W* to Write
 127              		.loc 1 58 0
 128 0008 0420     		movs	r0, #4
 129 000a FFF7FEFF 		bl	ExtSRAMCtl_Write
 130              	.LVL16:
  59:ExtSRAM.c     ****     ExtSRAMCtl_Write(0x6);          // Assert DRV_RAM
 131              		.loc 1 59 0
 132 000e 0620     		movs	r0, #6
 133 0010 FFF7FEFF 		bl	ExtSRAMCtl_Write
 134              	.LVL17:
  60:ExtSRAM.c     ****     Z80_Data_In_Write(data);        // Provide value to SRAM data bus
 135              		.loc 1 60 0
 136 0014 2046     		mov	r0, r4
 137 0016 FFF7FEFF 		bl	Z80_Data_In_Write
 138              	.LVL18:
  61:ExtSRAM.c     ****     ExtSRAMCtl_Write(0x2);          // De-assert SRAMCS
 139              		.loc 1 61 0
 140 001a 0220     		movs	r0, #2
 141 001c FFF7FEFF 		bl	ExtSRAMCtl_Write
 142              	.LVL19:
  62:ExtSRAM.c     ****     ExtSRAMCtl_Write(0x5);          // De-assert DRV_RAM, Set to read
 143              		.loc 1 62 0
 144 0020 0520     		movs	r0, #5
 145 0022 FFF7FEFF 		bl	ExtSRAMCtl_Write
 146              	.LVL20:
 147 0026 10BD     		pop	{r4, pc}
 148              		.cfi_endproc
 149              	.LFE65:
 150              		.size	WriteExtSRAM, .-WriteExtSRAM
 151              		.section	.text.TestSRAM,"ax",%progbits
 152              		.align	2
 153              		.global	TestSRAM
 154              		.thumb
 155              		.thumb_func
 156              		.type	TestSRAM, %function
 157              	TestSRAM:
 158              	.LFB66:
  63:ExtSRAM.c     ****     
  64:ExtSRAM.c     **** }
  65:ExtSRAM.c     **** 
  66:ExtSRAM.c     **** ////////////////////////////////////////////////////////////////////////////
  67:ExtSRAM.c     **** // TestSRAM()
  68:ExtSRAM.c     **** // Returns 
  69:ExtSRAM.c     **** //  0 if POST passed
  70:ExtSRAM.c     **** //  1 if POST Failed single location test
ARM GAS  C:\Users\DGILLI~1\AppData\Local\Temp\ccdtLAUf.s 			page 5


  71:ExtSRAM.c     **** //  2 if POST failed address ramp test
  72:ExtSRAM.c     **** 
  73:ExtSRAM.c     **** uint32 TestSRAM(void)
  74:ExtSRAM.c     **** {
 159              		.loc 1 74 0
 160              		.cfi_startproc
 161              		@ args = 0, pretend = 0, frame = 0
 162              		@ frame_needed = 0, uses_anonymous_args = 0
 163 0000 10B5     		push	{r4, lr}
 164              		.cfi_def_cfa_offset 8
 165              		.cfi_offset 4, -8
 166              		.cfi_offset 14, -4
  75:ExtSRAM.c     ****     uint32 sramAddr;
  76:ExtSRAM.c     ****     uint8 sramData;
  77:ExtSRAM.c     ****     // Do a single write/read of the first location as a quick test
  78:ExtSRAM.c     ****     WriteExtSRAM(0x0,0x55);             // Write 0x55 to the SRAM
 167              		.loc 1 78 0
 168 0002 5521     		movs	r1, #85
 169 0004 0020     		movs	r0, #0
 170 0006 FFF7FEFF 		bl	WriteExtSRAM
 171              	.LVL21:
  79:ExtSRAM.c     ****     if (ReadExtSRAM(0x0) != 0x55)       // Read the SRAM
 172              		.loc 1 79 0
 173 000a 0020     		movs	r0, #0
 174 000c FFF7FEFF 		bl	ReadExtSRAM
 175              	.LVL22:
 176 0010 5528     		cmp	r0, #85
 177 0012 07D1     		bne	.L8
 178 0014 0124     		movs	r4, #1
 179              	.L9:
 180              	.LVL23:
  80:ExtSRAM.c     ****         return(0x1);   // Post failed
  81:ExtSRAM.c     ****     // Write/read a data ramp to exercise address lines (step in address bits)
  82:ExtSRAM.c     ****     sramData = 1;
  83:ExtSRAM.c     ****     for (sramAddr = 0; sramAddr < 0x80000; sramAddr <<= 1)
  84:ExtSRAM.c     ****     {
  85:ExtSRAM.c     ****         WriteExtSRAM(sramAddr,sramData);
 181              		.loc 1 85 0 discriminator 1
 182 0016 2146     		mov	r1, r4
 183 0018 0020     		movs	r0, #0
 184 001a FFF7FEFF 		bl	WriteExtSRAM
 185              	.LVL24:
  86:ExtSRAM.c     ****         sramAddr <<= 1;
  87:ExtSRAM.c     ****         sramData++;
 186              		.loc 1 87 0 discriminator 1
 187 001e 0134     		adds	r4, r4, #1
 188              	.LVL25:
 189 0020 E4B2     		uxtb	r4, r4
 190              	.LVL26:
 191 0022 F8E7     		b	.L9
 192              	.LVL27:
 193              	.L8:
  88:ExtSRAM.c     ****     }
  89:ExtSRAM.c     ****     sramData = 1;
  90:ExtSRAM.c     ****     for (sramAddr = 0; sramAddr < 0x80000; sramAddr <<= 1)
  91:ExtSRAM.c     ****     {
  92:ExtSRAM.c     ****         if (ReadExtSRAM(sramAddr) != sramData)
ARM GAS  C:\Users\DGILLI~1\AppData\Local\Temp\ccdtLAUf.s 			page 6


  93:ExtSRAM.c     ****             return(0x2);
  94:ExtSRAM.c     ****         sramAddr <<= 1;
  95:ExtSRAM.c     ****         sramData++;
  96:ExtSRAM.c     ****     }
  97:ExtSRAM.c     ****     return(0);
  98:ExtSRAM.c     **** }
 194              		.loc 1 98 0
 195 0024 0120     		movs	r0, #1
 196 0026 10BD     		pop	{r4, pc}
 197              		.cfi_endproc
 198              	.LFE66:
 199              		.size	TestSRAM, .-TestSRAM
 200              		.text
 201              	.Letext0:
 202              		.file 2 "c:\\program files (x86)\\cypress\\psoc creator\\4.2\\psoc creator\\import\\gnu\\arm\\5.4.
 203              		.file 3 "c:\\program files (x86)\\cypress\\psoc creator\\4.2\\psoc creator\\import\\gnu\\arm\\5.4.
 204              		.file 4 "Generated_Source\\PSoC5/cytypes.h"
 205              		.file 5 "Generated_Source\\PSoC5/AdrLowOut.h"
 206              		.file 6 "Generated_Source\\PSoC5/AdrMidOut.h"
 207              		.file 7 "Generated_Source\\PSoC5/AdrHighOut.h"
 208              		.file 8 "Generated_Source\\PSoC5/ExtSRAMCtl.h"
 209              		.file 9 "Generated_Source\\PSoC5/Z80_Data_Out.h"
 210              		.file 10 "Generated_Source\\PSoC5/Z80_Data_In.h"
 211              		.file 11 "Generated_Source\\PSoC5/core_cm3.h"
 212              		.section	.debug_info,"",%progbits
 213              	.Ldebug_info0:
 214 0000 41030000 		.4byte	0x341
 215 0004 0400     		.2byte	0x4
 216 0006 00000000 		.4byte	.Ldebug_abbrev0
 217 000a 04       		.byte	0x4
 218 000b 01       		.uleb128 0x1
 219 000c 86000000 		.4byte	.LASF33
 220 0010 0C       		.byte	0xc
 221 0011 1E020000 		.4byte	.LASF34
 222 0015 28020000 		.4byte	.LASF35
 223 0019 00000000 		.4byte	.Ldebug_ranges0+0
 224 001d 00000000 		.4byte	0
 225 0021 00000000 		.4byte	.Ldebug_line0
 226 0025 02       		.uleb128 0x2
 227 0026 01       		.byte	0x1
 228 0027 06       		.byte	0x6
 229 0028 12020000 		.4byte	.LASF0
 230 002c 02       		.uleb128 0x2
 231 002d 01       		.byte	0x1
 232 002e 08       		.byte	0x8
 233 002f 78000000 		.4byte	.LASF1
 234 0033 02       		.uleb128 0x2
 235 0034 02       		.byte	0x2
 236 0035 05       		.byte	0x5
 237 0036 E1010000 		.4byte	.LASF2
 238 003a 02       		.uleb128 0x2
 239 003b 02       		.byte	0x2
 240 003c 07       		.byte	0x7
 241 003d 20000000 		.4byte	.LASF3
 242 0041 03       		.uleb128 0x3
 243 0042 09000000 		.4byte	.LASF9
 244 0046 02       		.byte	0x2
ARM GAS  C:\Users\DGILLI~1\AppData\Local\Temp\ccdtLAUf.s 			page 7


 245 0047 3F       		.byte	0x3f
 246 0048 4C000000 		.4byte	0x4c
 247 004c 02       		.uleb128 0x2
 248 004d 04       		.byte	0x4
 249 004e 05       		.byte	0x5
 250 004f F1010000 		.4byte	.LASF4
 251 0053 02       		.uleb128 0x2
 252 0054 04       		.byte	0x4
 253 0055 07       		.byte	0x7
 254 0056 14010000 		.4byte	.LASF5
 255 005a 02       		.uleb128 0x2
 256 005b 08       		.byte	0x8
 257 005c 05       		.byte	0x5
 258 005d CE010000 		.4byte	.LASF6
 259 0061 02       		.uleb128 0x2
 260 0062 08       		.byte	0x8
 261 0063 07       		.byte	0x7
 262 0064 8F010000 		.4byte	.LASF7
 263 0068 04       		.uleb128 0x4
 264 0069 04       		.byte	0x4
 265 006a 05       		.byte	0x5
 266 006b 696E7400 		.ascii	"int\000"
 267 006f 02       		.uleb128 0x2
 268 0070 04       		.byte	0x4
 269 0071 07       		.byte	0x7
 270 0072 82010000 		.4byte	.LASF8
 271 0076 03       		.uleb128 0x3
 272 0077 BD010000 		.4byte	.LASF10
 273 007b 03       		.byte	0x3
 274 007c 2C       		.byte	0x2c
 275 007d 41000000 		.4byte	0x41
 276 0081 05       		.uleb128 0x5
 277 0082 EB010000 		.4byte	.LASF11
 278 0086 04       		.byte	0x4
 279 0087 E401     		.2byte	0x1e4
 280 0089 2C000000 		.4byte	0x2c
 281 008d 05       		.uleb128 0x5
 282 008e 72010000 		.4byte	.LASF12
 283 0092 04       		.byte	0x4
 284 0093 E601     		.2byte	0x1e6
 285 0095 53000000 		.4byte	0x53
 286 0099 02       		.uleb128 0x2
 287 009a 04       		.byte	0x4
 288 009b 04       		.byte	0x4
 289 009c 5B000000 		.4byte	.LASF13
 290 00a0 02       		.uleb128 0x2
 291 00a1 08       		.byte	0x8
 292 00a2 04       		.byte	0x4
 293 00a3 38010000 		.4byte	.LASF14
 294 00a7 02       		.uleb128 0x2
 295 00a8 01       		.byte	0x1
 296 00a9 08       		.byte	0x8
 297 00aa DC010000 		.4byte	.LASF15
 298 00ae 02       		.uleb128 0x2
 299 00af 08       		.byte	0x8
 300 00b0 04       		.byte	0x4
 301 00b1 06020000 		.4byte	.LASF16
ARM GAS  C:\Users\DGILLI~1\AppData\Local\Temp\ccdtLAUf.s 			page 8


 302 00b5 02       		.uleb128 0x2
 303 00b6 04       		.byte	0x4
 304 00b7 07       		.byte	0x7
 305 00b8 C5010000 		.4byte	.LASF17
 306 00bc 06       		.uleb128 0x6
 307 00bd 4C000000 		.4byte	.LASF19
 308 00c1 01       		.byte	0x1
 309 00c2 1D       		.byte	0x1d
 310 00c3 00000000 		.4byte	.LFB63
 311 00c7 1C000000 		.4byte	.LFE63-.LFB63
 312 00cb 01       		.uleb128 0x1
 313 00cc 9C       		.byte	0x9c
 314 00cd 24010000 		.4byte	0x124
 315 00d1 07       		.uleb128 0x7
 316 00d2 26010000 		.4byte	.LASF18
 317 00d6 01       		.byte	0x1
 318 00d7 1D       		.byte	0x1d
 319 00d8 8D000000 		.4byte	0x8d
 320 00dc 00000000 		.4byte	.LLST0
 321 00e0 08       		.uleb128 0x8
 322 00e1 0A000000 		.4byte	.LVL2
 323 00e5 02030000 		.4byte	0x302
 324 00e9 F4000000 		.4byte	0xf4
 325 00ed 09       		.uleb128 0x9
 326 00ee 01       		.uleb128 0x1
 327 00ef 50       		.byte	0x50
 328 00f0 02       		.uleb128 0x2
 329 00f1 74       		.byte	0x74
 330 00f2 00       		.sleb128 0
 331 00f3 00       		.byte	0
 332 00f4 08       		.uleb128 0x8
 333 00f5 12000000 		.4byte	.LVL3
 334 00f9 0D030000 		.4byte	0x30d
 335 00fd 0D010000 		.4byte	0x10d
 336 0101 09       		.uleb128 0x9
 337 0102 01       		.uleb128 0x1
 338 0103 50       		.byte	0x50
 339 0104 07       		.uleb128 0x7
 340 0105 74       		.byte	0x74
 341 0106 00       		.sleb128 0
 342 0107 09       		.byte	0x9
 343 0108 F9       		.byte	0xf9
 344 0109 24       		.byte	0x24
 345 010a 31       		.byte	0x31
 346 010b 25       		.byte	0x25
 347 010c 00       		.byte	0
 348 010d 0A       		.uleb128 0xa
 349 010e 1A000000 		.4byte	.LVL4
 350 0112 18030000 		.4byte	0x318
 351 0116 09       		.uleb128 0x9
 352 0117 01       		.uleb128 0x1
 353 0118 50       		.byte	0x50
 354 0119 08       		.uleb128 0x8
 355 011a 74       		.byte	0x74
 356 011b 00       		.sleb128 0
 357 011c 09       		.byte	0x9
 358 011d EF       		.byte	0xef
ARM GAS  C:\Users\DGILLI~1\AppData\Local\Temp\ccdtLAUf.s 			page 9


 359 011e 24       		.byte	0x24
 360 011f 09       		.byte	0x9
 361 0120 FC       		.byte	0xfc
 362 0121 25       		.byte	0x25
 363 0122 00       		.byte	0
 364 0123 00       		.byte	0
 365 0124 0B       		.uleb128 0xb
 366 0125 FA010000 		.4byte	.LASF22
 367 0129 01       		.byte	0x1
 368 012a 27       		.byte	0x27
 369 012b 81000000 		.4byte	0x81
 370 012f 00000000 		.4byte	.LFB64
 371 0133 2E000000 		.4byte	.LFE64-.LFB64
 372 0137 01       		.uleb128 0x1
 373 0138 9C       		.byte	0x9c
 374 0139 D3010000 		.4byte	0x1d3
 375 013d 07       		.uleb128 0x7
 376 013e 26010000 		.4byte	.LASF18
 377 0142 01       		.byte	0x1
 378 0143 27       		.byte	0x27
 379 0144 8D000000 		.4byte	0x8d
 380 0148 1E000000 		.4byte	.LLST1
 381 014c 0C       		.uleb128 0xc
 382 014d A6010000 		.4byte	.LASF24
 383 0151 01       		.byte	0x1
 384 0152 29       		.byte	0x29
 385 0153 81000000 		.4byte	0x81
 386 0157 01       		.uleb128 0x1
 387 0158 54       		.byte	0x54
 388 0159 08       		.uleb128 0x8
 389 015a 06000000 		.4byte	.LVL6
 390 015e BC000000 		.4byte	0xbc
 391 0162 6E010000 		.4byte	0x16e
 392 0166 09       		.uleb128 0x9
 393 0167 01       		.uleb128 0x1
 394 0168 50       		.byte	0x50
 395 0169 03       		.uleb128 0x3
 396 016a F3       		.byte	0xf3
 397 016b 01       		.uleb128 0x1
 398 016c 50       		.byte	0x50
 399 016d 00       		.byte	0
 400 016e 08       		.uleb128 0x8
 401 016f 0C000000 		.4byte	.LVL7
 402 0173 23030000 		.4byte	0x323
 403 0177 81010000 		.4byte	0x181
 404 017b 09       		.uleb128 0x9
 405 017c 01       		.uleb128 0x1
 406 017d 50       		.byte	0x50
 407 017e 01       		.uleb128 0x1
 408 017f 35       		.byte	0x35
 409 0180 00       		.byte	0
 410 0181 08       		.uleb128 0x8
 411 0182 12000000 		.4byte	.LVL8
 412 0186 23030000 		.4byte	0x323
 413 018a 94010000 		.4byte	0x194
 414 018e 09       		.uleb128 0x9
 415 018f 01       		.uleb128 0x1
ARM GAS  C:\Users\DGILLI~1\AppData\Local\Temp\ccdtLAUf.s 			page 10


 416 0190 50       		.byte	0x50
 417 0191 01       		.uleb128 0x1
 418 0192 37       		.byte	0x37
 419 0193 00       		.byte	0
 420 0194 08       		.uleb128 0x8
 421 0195 18000000 		.4byte	.LVL9
 422 0199 23030000 		.4byte	0x323
 423 019d A7010000 		.4byte	0x1a7
 424 01a1 09       		.uleb128 0x9
 425 01a2 01       		.uleb128 0x1
 426 01a3 50       		.byte	0x50
 427 01a4 01       		.uleb128 0x1
 428 01a5 33       		.byte	0x33
 429 01a6 00       		.byte	0
 430 01a7 0D       		.uleb128 0xd
 431 01a8 1C000000 		.4byte	.LVL10
 432 01ac 2E030000 		.4byte	0x32e
 433 01b0 08       		.uleb128 0x8
 434 01b1 24000000 		.4byte	.LVL12
 435 01b5 23030000 		.4byte	0x323
 436 01b9 C3010000 		.4byte	0x1c3
 437 01bd 09       		.uleb128 0x9
 438 01be 01       		.uleb128 0x1
 439 01bf 50       		.byte	0x50
 440 01c0 01       		.uleb128 0x1
 441 01c1 37       		.byte	0x37
 442 01c2 00       		.byte	0
 443 01c3 0A       		.uleb128 0xa
 444 01c4 2A000000 		.4byte	.LVL13
 445 01c8 23030000 		.4byte	0x323
 446 01cc 09       		.uleb128 0x9
 447 01cd 01       		.uleb128 0x1
 448 01ce 50       		.byte	0x50
 449 01cf 01       		.uleb128 0x1
 450 01d0 35       		.byte	0x35
 451 01d1 00       		.byte	0
 452 01d2 00       		.byte	0
 453 01d3 06       		.uleb128 0x6
 454 01d4 13000000 		.4byte	.LASF20
 455 01d8 01       		.byte	0x1
 456 01d9 37       		.byte	0x37
 457 01da 00000000 		.4byte	.LFB65
 458 01de 28000000 		.4byte	.LFE65-.LFB65
 459 01e2 01       		.uleb128 0x1
 460 01e3 9C       		.byte	0x9c
 461 01e4 78020000 		.4byte	0x278
 462 01e8 07       		.uleb128 0x7
 463 01e9 26010000 		.4byte	.LASF18
 464 01ed 01       		.byte	0x1
 465 01ee 37       		.byte	0x37
 466 01ef 8D000000 		.4byte	0x8d
 467 01f3 3F000000 		.4byte	.LLST2
 468 01f7 07       		.uleb128 0x7
 469 01f8 61000000 		.4byte	.LASF21
 470 01fc 01       		.byte	0x1
 471 01fd 37       		.byte	0x37
 472 01fe 81000000 		.4byte	0x81
ARM GAS  C:\Users\DGILLI~1\AppData\Local\Temp\ccdtLAUf.s 			page 11


 473 0202 60000000 		.4byte	.LLST3
 474 0206 08       		.uleb128 0x8
 475 0207 08000000 		.4byte	.LVL15
 476 020b BC000000 		.4byte	0xbc
 477 020f 1B020000 		.4byte	0x21b
 478 0213 09       		.uleb128 0x9
 479 0214 01       		.uleb128 0x1
 480 0215 50       		.byte	0x50
 481 0216 03       		.uleb128 0x3
 482 0217 F3       		.byte	0xf3
 483 0218 01       		.uleb128 0x1
 484 0219 50       		.byte	0x50
 485 021a 00       		.byte	0
 486 021b 08       		.uleb128 0x8
 487 021c 0E000000 		.4byte	.LVL16
 488 0220 23030000 		.4byte	0x323
 489 0224 2E020000 		.4byte	0x22e
 490 0228 09       		.uleb128 0x9
 491 0229 01       		.uleb128 0x1
 492 022a 50       		.byte	0x50
 493 022b 01       		.uleb128 0x1
 494 022c 34       		.byte	0x34
 495 022d 00       		.byte	0
 496 022e 08       		.uleb128 0x8
 497 022f 14000000 		.4byte	.LVL17
 498 0233 23030000 		.4byte	0x323
 499 0237 41020000 		.4byte	0x241
 500 023b 09       		.uleb128 0x9
 501 023c 01       		.uleb128 0x1
 502 023d 50       		.byte	0x50
 503 023e 01       		.uleb128 0x1
 504 023f 36       		.byte	0x36
 505 0240 00       		.byte	0
 506 0241 08       		.uleb128 0x8
 507 0242 1A000000 		.4byte	.LVL18
 508 0246 39030000 		.4byte	0x339
 509 024a 55020000 		.4byte	0x255
 510 024e 09       		.uleb128 0x9
 511 024f 01       		.uleb128 0x1
 512 0250 50       		.byte	0x50
 513 0251 02       		.uleb128 0x2
 514 0252 74       		.byte	0x74
 515 0253 00       		.sleb128 0
 516 0254 00       		.byte	0
 517 0255 08       		.uleb128 0x8
 518 0256 20000000 		.4byte	.LVL19
 519 025a 23030000 		.4byte	0x323
 520 025e 68020000 		.4byte	0x268
 521 0262 09       		.uleb128 0x9
 522 0263 01       		.uleb128 0x1
 523 0264 50       		.byte	0x50
 524 0265 01       		.uleb128 0x1
 525 0266 32       		.byte	0x32
 526 0267 00       		.byte	0
 527 0268 0A       		.uleb128 0xa
 528 0269 26000000 		.4byte	.LVL20
 529 026d 23030000 		.4byte	0x323
ARM GAS  C:\Users\DGILLI~1\AppData\Local\Temp\ccdtLAUf.s 			page 12


 530 0271 09       		.uleb128 0x9
 531 0272 01       		.uleb128 0x1
 532 0273 50       		.byte	0x50
 533 0274 01       		.uleb128 0x1
 534 0275 35       		.byte	0x35
 535 0276 00       		.byte	0
 536 0277 00       		.byte	0
 537 0278 0B       		.uleb128 0xb
 538 0279 79010000 		.4byte	.LASF23
 539 027d 01       		.byte	0x1
 540 027e 49       		.byte	0x49
 541 027f 8D000000 		.4byte	0x8d
 542 0283 00000000 		.4byte	.LFB66
 543 0287 28000000 		.4byte	.LFE66-.LFB66
 544 028b 01       		.uleb128 0x1
 545 028c 9C       		.byte	0x9c
 546 028d F1020000 		.4byte	0x2f1
 547 0291 0E       		.uleb128 0xe
 548 0292 33000000 		.4byte	.LASF25
 549 0296 01       		.byte	0x1
 550 0297 4B       		.byte	0x4b
 551 0298 8D000000 		.4byte	0x8d
 552 029c 81000000 		.4byte	.LLST4
 553 02a0 0E       		.uleb128 0xe
 554 02a1 00000000 		.4byte	.LASF26
 555 02a5 01       		.byte	0x1
 556 02a6 4C       		.byte	0x4c
 557 02a7 81000000 		.4byte	0x81
 558 02ab 95000000 		.4byte	.LLST5
 559 02af 08       		.uleb128 0x8
 560 02b0 0A000000 		.4byte	.LVL21
 561 02b4 D3010000 		.4byte	0x1d3
 562 02b8 C8020000 		.4byte	0x2c8
 563 02bc 09       		.uleb128 0x9
 564 02bd 01       		.uleb128 0x1
 565 02be 50       		.byte	0x50
 566 02bf 01       		.uleb128 0x1
 567 02c0 30       		.byte	0x30
 568 02c1 09       		.uleb128 0x9
 569 02c2 01       		.uleb128 0x1
 570 02c3 51       		.byte	0x51
 571 02c4 02       		.uleb128 0x2
 572 02c5 08       		.byte	0x8
 573 02c6 55       		.byte	0x55
 574 02c7 00       		.byte	0
 575 02c8 08       		.uleb128 0x8
 576 02c9 10000000 		.4byte	.LVL22
 577 02cd 24010000 		.4byte	0x124
 578 02d1 DB020000 		.4byte	0x2db
 579 02d5 09       		.uleb128 0x9
 580 02d6 01       		.uleb128 0x1
 581 02d7 50       		.byte	0x50
 582 02d8 01       		.uleb128 0x1
 583 02d9 30       		.byte	0x30
 584 02da 00       		.byte	0
 585 02db 0A       		.uleb128 0xa
 586 02dc 1E000000 		.4byte	.LVL24
ARM GAS  C:\Users\DGILLI~1\AppData\Local\Temp\ccdtLAUf.s 			page 13


 587 02e0 D3010000 		.4byte	0x1d3
 588 02e4 09       		.uleb128 0x9
 589 02e5 01       		.uleb128 0x1
 590 02e6 50       		.byte	0x50
 591 02e7 01       		.uleb128 0x1
 592 02e8 30       		.byte	0x30
 593 02e9 09       		.uleb128 0x9
 594 02ea 01       		.uleb128 0x1
 595 02eb 51       		.byte	0x51
 596 02ec 02       		.uleb128 0x2
 597 02ed 74       		.byte	0x74
 598 02ee 00       		.sleb128 0
 599 02ef 00       		.byte	0
 600 02f0 00       		.byte	0
 601 02f1 0F       		.uleb128 0xf
 602 02f2 2B010000 		.4byte	.LASF36
 603 02f6 0B       		.byte	0xb
 604 02f7 1207     		.2byte	0x712
 605 02f9 FD020000 		.4byte	0x2fd
 606 02fd 10       		.uleb128 0x10
 607 02fe 76000000 		.4byte	0x76
 608 0302 11       		.uleb128 0x11
 609 0303 62010000 		.4byte	.LASF27
 610 0307 62010000 		.4byte	.LASF27
 611 030b 05       		.byte	0x5
 612 030c 2F       		.byte	0x2f
 613 030d 11       		.uleb128 0x11
 614 030e 3C000000 		.4byte	.LASF28
 615 0312 3C000000 		.4byte	.LASF28
 616 0316 06       		.byte	0x6
 617 0317 2F       		.byte	0x2f
 618 0318 11       		.uleb128 0x11
 619 0319 51010000 		.4byte	.LASF29
 620 031d 51010000 		.4byte	.LASF29
 621 0321 07       		.byte	0x7
 622 0322 2F       		.byte	0x2f
 623 0323 11       		.uleb128 0x11
 624 0324 AC010000 		.4byte	.LASF30
 625 0328 AC010000 		.4byte	.LASF30
 626 032c 08       		.byte	0x8
 627 032d 2F       		.byte	0x2f
 628 032e 11       		.uleb128 0x11
 629 032f 66000000 		.4byte	.LASF31
 630 0333 66000000 		.4byte	.LASF31
 631 0337 09       		.byte	0x9
 632 0338 30       		.byte	0x30
 633 0339 11       		.uleb128 0x11
 634 033a 3F010000 		.4byte	.LASF32
 635 033e 3F010000 		.4byte	.LASF32
 636 0342 0A       		.byte	0xa
 637 0343 2F       		.byte	0x2f
 638 0344 00       		.byte	0
 639              		.section	.debug_abbrev,"",%progbits
 640              	.Ldebug_abbrev0:
 641 0000 01       		.uleb128 0x1
 642 0001 11       		.uleb128 0x11
 643 0002 01       		.byte	0x1
ARM GAS  C:\Users\DGILLI~1\AppData\Local\Temp\ccdtLAUf.s 			page 14


 644 0003 25       		.uleb128 0x25
 645 0004 0E       		.uleb128 0xe
 646 0005 13       		.uleb128 0x13
 647 0006 0B       		.uleb128 0xb
 648 0007 03       		.uleb128 0x3
 649 0008 0E       		.uleb128 0xe
 650 0009 1B       		.uleb128 0x1b
 651 000a 0E       		.uleb128 0xe
 652 000b 55       		.uleb128 0x55
 653 000c 17       		.uleb128 0x17
 654 000d 11       		.uleb128 0x11
 655 000e 01       		.uleb128 0x1
 656 000f 10       		.uleb128 0x10
 657 0010 17       		.uleb128 0x17
 658 0011 00       		.byte	0
 659 0012 00       		.byte	0
 660 0013 02       		.uleb128 0x2
 661 0014 24       		.uleb128 0x24
 662 0015 00       		.byte	0
 663 0016 0B       		.uleb128 0xb
 664 0017 0B       		.uleb128 0xb
 665 0018 3E       		.uleb128 0x3e
 666 0019 0B       		.uleb128 0xb
 667 001a 03       		.uleb128 0x3
 668 001b 0E       		.uleb128 0xe
 669 001c 00       		.byte	0
 670 001d 00       		.byte	0
 671 001e 03       		.uleb128 0x3
 672 001f 16       		.uleb128 0x16
 673 0020 00       		.byte	0
 674 0021 03       		.uleb128 0x3
 675 0022 0E       		.uleb128 0xe
 676 0023 3A       		.uleb128 0x3a
 677 0024 0B       		.uleb128 0xb
 678 0025 3B       		.uleb128 0x3b
 679 0026 0B       		.uleb128 0xb
 680 0027 49       		.uleb128 0x49
 681 0028 13       		.uleb128 0x13
 682 0029 00       		.byte	0
 683 002a 00       		.byte	0
 684 002b 04       		.uleb128 0x4
 685 002c 24       		.uleb128 0x24
 686 002d 00       		.byte	0
 687 002e 0B       		.uleb128 0xb
 688 002f 0B       		.uleb128 0xb
 689 0030 3E       		.uleb128 0x3e
 690 0031 0B       		.uleb128 0xb
 691 0032 03       		.uleb128 0x3
 692 0033 08       		.uleb128 0x8
 693 0034 00       		.byte	0
 694 0035 00       		.byte	0
 695 0036 05       		.uleb128 0x5
 696 0037 16       		.uleb128 0x16
 697 0038 00       		.byte	0
 698 0039 03       		.uleb128 0x3
 699 003a 0E       		.uleb128 0xe
 700 003b 3A       		.uleb128 0x3a
ARM GAS  C:\Users\DGILLI~1\AppData\Local\Temp\ccdtLAUf.s 			page 15


 701 003c 0B       		.uleb128 0xb
 702 003d 3B       		.uleb128 0x3b
 703 003e 05       		.uleb128 0x5
 704 003f 49       		.uleb128 0x49
 705 0040 13       		.uleb128 0x13
 706 0041 00       		.byte	0
 707 0042 00       		.byte	0
 708 0043 06       		.uleb128 0x6
 709 0044 2E       		.uleb128 0x2e
 710 0045 01       		.byte	0x1
 711 0046 3F       		.uleb128 0x3f
 712 0047 19       		.uleb128 0x19
 713 0048 03       		.uleb128 0x3
 714 0049 0E       		.uleb128 0xe
 715 004a 3A       		.uleb128 0x3a
 716 004b 0B       		.uleb128 0xb
 717 004c 3B       		.uleb128 0x3b
 718 004d 0B       		.uleb128 0xb
 719 004e 27       		.uleb128 0x27
 720 004f 19       		.uleb128 0x19
 721 0050 11       		.uleb128 0x11
 722 0051 01       		.uleb128 0x1
 723 0052 12       		.uleb128 0x12
 724 0053 06       		.uleb128 0x6
 725 0054 40       		.uleb128 0x40
 726 0055 18       		.uleb128 0x18
 727 0056 9742     		.uleb128 0x2117
 728 0058 19       		.uleb128 0x19
 729 0059 01       		.uleb128 0x1
 730 005a 13       		.uleb128 0x13
 731 005b 00       		.byte	0
 732 005c 00       		.byte	0
 733 005d 07       		.uleb128 0x7
 734 005e 05       		.uleb128 0x5
 735 005f 00       		.byte	0
 736 0060 03       		.uleb128 0x3
 737 0061 0E       		.uleb128 0xe
 738 0062 3A       		.uleb128 0x3a
 739 0063 0B       		.uleb128 0xb
 740 0064 3B       		.uleb128 0x3b
 741 0065 0B       		.uleb128 0xb
 742 0066 49       		.uleb128 0x49
 743 0067 13       		.uleb128 0x13
 744 0068 02       		.uleb128 0x2
 745 0069 17       		.uleb128 0x17
 746 006a 00       		.byte	0
 747 006b 00       		.byte	0
 748 006c 08       		.uleb128 0x8
 749 006d 898201   		.uleb128 0x4109
 750 0070 01       		.byte	0x1
 751 0071 11       		.uleb128 0x11
 752 0072 01       		.uleb128 0x1
 753 0073 31       		.uleb128 0x31
 754 0074 13       		.uleb128 0x13
 755 0075 01       		.uleb128 0x1
 756 0076 13       		.uleb128 0x13
 757 0077 00       		.byte	0
ARM GAS  C:\Users\DGILLI~1\AppData\Local\Temp\ccdtLAUf.s 			page 16


 758 0078 00       		.byte	0
 759 0079 09       		.uleb128 0x9
 760 007a 8A8201   		.uleb128 0x410a
 761 007d 00       		.byte	0
 762 007e 02       		.uleb128 0x2
 763 007f 18       		.uleb128 0x18
 764 0080 9142     		.uleb128 0x2111
 765 0082 18       		.uleb128 0x18
 766 0083 00       		.byte	0
 767 0084 00       		.byte	0
 768 0085 0A       		.uleb128 0xa
 769 0086 898201   		.uleb128 0x4109
 770 0089 01       		.byte	0x1
 771 008a 11       		.uleb128 0x11
 772 008b 01       		.uleb128 0x1
 773 008c 31       		.uleb128 0x31
 774 008d 13       		.uleb128 0x13
 775 008e 00       		.byte	0
 776 008f 00       		.byte	0
 777 0090 0B       		.uleb128 0xb
 778 0091 2E       		.uleb128 0x2e
 779 0092 01       		.byte	0x1
 780 0093 3F       		.uleb128 0x3f
 781 0094 19       		.uleb128 0x19
 782 0095 03       		.uleb128 0x3
 783 0096 0E       		.uleb128 0xe
 784 0097 3A       		.uleb128 0x3a
 785 0098 0B       		.uleb128 0xb
 786 0099 3B       		.uleb128 0x3b
 787 009a 0B       		.uleb128 0xb
 788 009b 27       		.uleb128 0x27
 789 009c 19       		.uleb128 0x19
 790 009d 49       		.uleb128 0x49
 791 009e 13       		.uleb128 0x13
 792 009f 11       		.uleb128 0x11
 793 00a0 01       		.uleb128 0x1
 794 00a1 12       		.uleb128 0x12
 795 00a2 06       		.uleb128 0x6
 796 00a3 40       		.uleb128 0x40
 797 00a4 18       		.uleb128 0x18
 798 00a5 9742     		.uleb128 0x2117
 799 00a7 19       		.uleb128 0x19
 800 00a8 01       		.uleb128 0x1
 801 00a9 13       		.uleb128 0x13
 802 00aa 00       		.byte	0
 803 00ab 00       		.byte	0
 804 00ac 0C       		.uleb128 0xc
 805 00ad 34       		.uleb128 0x34
 806 00ae 00       		.byte	0
 807 00af 03       		.uleb128 0x3
 808 00b0 0E       		.uleb128 0xe
 809 00b1 3A       		.uleb128 0x3a
 810 00b2 0B       		.uleb128 0xb
 811 00b3 3B       		.uleb128 0x3b
 812 00b4 0B       		.uleb128 0xb
 813 00b5 49       		.uleb128 0x49
 814 00b6 13       		.uleb128 0x13
ARM GAS  C:\Users\DGILLI~1\AppData\Local\Temp\ccdtLAUf.s 			page 17


 815 00b7 02       		.uleb128 0x2
 816 00b8 18       		.uleb128 0x18
 817 00b9 00       		.byte	0
 818 00ba 00       		.byte	0
 819 00bb 0D       		.uleb128 0xd
 820 00bc 898201   		.uleb128 0x4109
 821 00bf 00       		.byte	0
 822 00c0 11       		.uleb128 0x11
 823 00c1 01       		.uleb128 0x1
 824 00c2 31       		.uleb128 0x31
 825 00c3 13       		.uleb128 0x13
 826 00c4 00       		.byte	0
 827 00c5 00       		.byte	0
 828 00c6 0E       		.uleb128 0xe
 829 00c7 34       		.uleb128 0x34
 830 00c8 00       		.byte	0
 831 00c9 03       		.uleb128 0x3
 832 00ca 0E       		.uleb128 0xe
 833 00cb 3A       		.uleb128 0x3a
 834 00cc 0B       		.uleb128 0xb
 835 00cd 3B       		.uleb128 0x3b
 836 00ce 0B       		.uleb128 0xb
 837 00cf 49       		.uleb128 0x49
 838 00d0 13       		.uleb128 0x13
 839 00d1 02       		.uleb128 0x2
 840 00d2 17       		.uleb128 0x17
 841 00d3 00       		.byte	0
 842 00d4 00       		.byte	0
 843 00d5 0F       		.uleb128 0xf
 844 00d6 34       		.uleb128 0x34
 845 00d7 00       		.byte	0
 846 00d8 03       		.uleb128 0x3
 847 00d9 0E       		.uleb128 0xe
 848 00da 3A       		.uleb128 0x3a
 849 00db 0B       		.uleb128 0xb
 850 00dc 3B       		.uleb128 0x3b
 851 00dd 05       		.uleb128 0x5
 852 00de 49       		.uleb128 0x49
 853 00df 13       		.uleb128 0x13
 854 00e0 3F       		.uleb128 0x3f
 855 00e1 19       		.uleb128 0x19
 856 00e2 3C       		.uleb128 0x3c
 857 00e3 19       		.uleb128 0x19
 858 00e4 00       		.byte	0
 859 00e5 00       		.byte	0
 860 00e6 10       		.uleb128 0x10
 861 00e7 35       		.uleb128 0x35
 862 00e8 00       		.byte	0
 863 00e9 49       		.uleb128 0x49
 864 00ea 13       		.uleb128 0x13
 865 00eb 00       		.byte	0
 866 00ec 00       		.byte	0
 867 00ed 11       		.uleb128 0x11
 868 00ee 2E       		.uleb128 0x2e
 869 00ef 00       		.byte	0
 870 00f0 3F       		.uleb128 0x3f
 871 00f1 19       		.uleb128 0x19
ARM GAS  C:\Users\DGILLI~1\AppData\Local\Temp\ccdtLAUf.s 			page 18


 872 00f2 3C       		.uleb128 0x3c
 873 00f3 19       		.uleb128 0x19
 874 00f4 6E       		.uleb128 0x6e
 875 00f5 0E       		.uleb128 0xe
 876 00f6 03       		.uleb128 0x3
 877 00f7 0E       		.uleb128 0xe
 878 00f8 3A       		.uleb128 0x3a
 879 00f9 0B       		.uleb128 0xb
 880 00fa 3B       		.uleb128 0x3b
 881 00fb 0B       		.uleb128 0xb
 882 00fc 00       		.byte	0
 883 00fd 00       		.byte	0
 884 00fe 00       		.byte	0
 885              		.section	.debug_loc,"",%progbits
 886              	.Ldebug_loc0:
 887              	.LLST0:
 888 0000 00000000 		.4byte	.LVL0
 889 0004 06000000 		.4byte	.LVL1
 890 0008 0100     		.2byte	0x1
 891 000a 50       		.byte	0x50
 892 000b 06000000 		.4byte	.LVL1
 893 000f 1C000000 		.4byte	.LFE63
 894 0013 0100     		.2byte	0x1
 895 0015 54       		.byte	0x54
 896 0016 00000000 		.4byte	0
 897 001a 00000000 		.4byte	0
 898              	.LLST1:
 899 001e 00000000 		.4byte	.LVL5
 900 0022 05000000 		.4byte	.LVL6-1
 901 0026 0100     		.2byte	0x1
 902 0028 50       		.byte	0x50
 903 0029 05000000 		.4byte	.LVL6-1
 904 002d 2E000000 		.4byte	.LFE64
 905 0031 0400     		.2byte	0x4
 906 0033 F3       		.byte	0xf3
 907 0034 01       		.uleb128 0x1
 908 0035 50       		.byte	0x50
 909 0036 9F       		.byte	0x9f
 910 0037 00000000 		.4byte	0
 911 003b 00000000 		.4byte	0
 912              	.LLST2:
 913 003f 00000000 		.4byte	.LVL14
 914 0043 07000000 		.4byte	.LVL15-1
 915 0047 0100     		.2byte	0x1
 916 0049 50       		.byte	0x50
 917 004a 07000000 		.4byte	.LVL15-1
 918 004e 28000000 		.4byte	.LFE65
 919 0052 0400     		.2byte	0x4
 920 0054 F3       		.byte	0xf3
 921 0055 01       		.uleb128 0x1
 922 0056 50       		.byte	0x50
 923 0057 9F       		.byte	0x9f
 924 0058 00000000 		.4byte	0
 925 005c 00000000 		.4byte	0
 926              	.LLST3:
 927 0060 00000000 		.4byte	.LVL14
 928 0064 07000000 		.4byte	.LVL15-1
ARM GAS  C:\Users\DGILLI~1\AppData\Local\Temp\ccdtLAUf.s 			page 19


 929 0068 0100     		.2byte	0x1
 930 006a 51       		.byte	0x51
 931 006b 07000000 		.4byte	.LVL15-1
 932 006f 28000000 		.4byte	.LFE65
 933 0073 0400     		.2byte	0x4
 934 0075 F3       		.byte	0xf3
 935 0076 01       		.uleb128 0x1
 936 0077 51       		.byte	0x51
 937 0078 9F       		.byte	0x9f
 938 0079 00000000 		.4byte	0
 939 007d 00000000 		.4byte	0
 940              	.LLST4:
 941 0081 16000000 		.4byte	.LVL23
 942 0085 24000000 		.4byte	.LVL27
 943 0089 0200     		.2byte	0x2
 944 008b 30       		.byte	0x30
 945 008c 9F       		.byte	0x9f
 946 008d 00000000 		.4byte	0
 947 0091 00000000 		.4byte	0
 948              	.LLST5:
 949 0095 16000000 		.4byte	.LVL23
 950 0099 20000000 		.4byte	.LVL25
 951 009d 0100     		.2byte	0x1
 952 009f 54       		.byte	0x54
 953 00a0 22000000 		.4byte	.LVL26
 954 00a4 24000000 		.4byte	.LVL27
 955 00a8 0100     		.2byte	0x1
 956 00aa 54       		.byte	0x54
 957 00ab 00000000 		.4byte	0
 958 00af 00000000 		.4byte	0
 959              		.section	.debug_aranges,"",%progbits
 960 0000 34000000 		.4byte	0x34
 961 0004 0200     		.2byte	0x2
 962 0006 00000000 		.4byte	.Ldebug_info0
 963 000a 04       		.byte	0x4
 964 000b 00       		.byte	0
 965 000c 0000     		.2byte	0
 966 000e 0000     		.2byte	0
 967 0010 00000000 		.4byte	.LFB63
 968 0014 1C000000 		.4byte	.LFE63-.LFB63
 969 0018 00000000 		.4byte	.LFB64
 970 001c 2E000000 		.4byte	.LFE64-.LFB64
 971 0020 00000000 		.4byte	.LFB65
 972 0024 28000000 		.4byte	.LFE65-.LFB65
 973 0028 00000000 		.4byte	.LFB66
 974 002c 28000000 		.4byte	.LFE66-.LFB66
 975 0030 00000000 		.4byte	0
 976 0034 00000000 		.4byte	0
 977              		.section	.debug_ranges,"",%progbits
 978              	.Ldebug_ranges0:
 979 0000 00000000 		.4byte	.LFB63
 980 0004 1C000000 		.4byte	.LFE63
 981 0008 00000000 		.4byte	.LFB64
 982 000c 2E000000 		.4byte	.LFE64
 983 0010 00000000 		.4byte	.LFB65
 984 0014 28000000 		.4byte	.LFE65
 985 0018 00000000 		.4byte	.LFB66
ARM GAS  C:\Users\DGILLI~1\AppData\Local\Temp\ccdtLAUf.s 			page 20


 986 001c 28000000 		.4byte	.LFE66
 987 0020 00000000 		.4byte	0
 988 0024 00000000 		.4byte	0
 989              		.section	.debug_line,"",%progbits
 990              	.Ldebug_line0:
 991 0000 13020000 		.section	.debug_str,"MS",%progbits,1
 991      0200B001 
 991      00000201 
 991      FB0E0D00 
 991      01010101 
 992              	.LASF26:
 993 0000 7372616D 		.ascii	"sramData\000"
 993      44617461 
 993      00
 994              	.LASF9:
 995 0009 5F5F696E 		.ascii	"__int32_t\000"
 995      7433325F 
 995      7400
 996              	.LASF20:
 997 0013 57726974 		.ascii	"WriteExtSRAM\000"
 997      65457874 
 997      5352414D 
 997      00
 998              	.LASF3:
 999 0020 73686F72 		.ascii	"short unsigned int\000"
 999      7420756E 
 999      7369676E 
 999      65642069 
 999      6E7400
 1000              	.LASF25:
 1001 0033 7372616D 		.ascii	"sramAddr\000"
 1001      41646472 
 1001      00
 1002              	.LASF28:
 1003 003c 4164724D 		.ascii	"AdrMidOut_Write\000"
 1003      69644F75 
 1003      745F5772 
 1003      69746500 
 1004              	.LASF19:
 1005 004c 53657445 		.ascii	"SetExtSRAMAddr\000"
 1005      78745352 
 1005      414D4164 
 1005      647200
 1006              	.LASF13:
 1007 005b 666C6F61 		.ascii	"float\000"
 1007      7400
 1008              	.LASF21:
 1009 0061 64617461 		.ascii	"data\000"
 1009      00
 1010              	.LASF31:
 1011 0066 5A38305F 		.ascii	"Z80_Data_Out_Read\000"
 1011      44617461 
 1011      5F4F7574 
 1011      5F526561 
 1011      6400
 1012              	.LASF1:
 1013 0078 756E7369 		.ascii	"unsigned char\000"
ARM GAS  C:\Users\DGILLI~1\AppData\Local\Temp\ccdtLAUf.s 			page 21


 1013      676E6564 
 1013      20636861 
 1013      7200
 1014              	.LASF33:
 1015 0086 474E5520 		.ascii	"GNU C11 5.4.1 20160609 (release) [ARM/embedded-5-br"
 1015      43313120 
 1015      352E342E 
 1015      31203230 
 1015      31363036 
 1016 00b9 616E6368 		.ascii	"anch revision 237715] -mcpu=cortex-m3 -mthumb -g -O"
 1016      20726576 
 1016      6973696F 
 1016      6E203233 
 1016      37373135 
 1017 00ec 67202D66 		.ascii	"g -ffunction-sections -ffat-lto-objects\000"
 1017      66756E63 
 1017      74696F6E 
 1017      2D736563 
 1017      74696F6E 
 1018              	.LASF5:
 1019 0114 6C6F6E67 		.ascii	"long unsigned int\000"
 1019      20756E73 
 1019      69676E65 
 1019      6420696E 
 1019      7400
 1020              	.LASF18:
 1021 0126 61646472 		.ascii	"addr\000"
 1021      00
 1022              	.LASF36:
 1023 012b 49544D5F 		.ascii	"ITM_RxBuffer\000"
 1023      52784275 
 1023      66666572 
 1023      00
 1024              	.LASF14:
 1025 0138 646F7562 		.ascii	"double\000"
 1025      6C6500
 1026              	.LASF32:
 1027 013f 5A38305F 		.ascii	"Z80_Data_In_Write\000"
 1027      44617461 
 1027      5F496E5F 
 1027      57726974 
 1027      6500
 1028              	.LASF29:
 1029 0151 41647248 		.ascii	"AdrHighOut_Write\000"
 1029      6967684F 
 1029      75745F57 
 1029      72697465 
 1029      00
 1030              	.LASF27:
 1031 0162 4164724C 		.ascii	"AdrLowOut_Write\000"
 1031      6F774F75 
 1031      745F5772 
 1031      69746500 
 1032              	.LASF12:
 1033 0172 75696E74 		.ascii	"uint32\000"
 1033      333200
 1034              	.LASF23:
ARM GAS  C:\Users\DGILLI~1\AppData\Local\Temp\ccdtLAUf.s 			page 22


 1035 0179 54657374 		.ascii	"TestSRAM\000"
 1035      5352414D 
 1035      00
 1036              	.LASF8:
 1037 0182 756E7369 		.ascii	"unsigned int\000"
 1037      676E6564 
 1037      20696E74 
 1037      00
 1038              	.LASF7:
 1039 018f 6C6F6E67 		.ascii	"long long unsigned int\000"
 1039      206C6F6E 
 1039      6720756E 
 1039      7369676E 
 1039      65642069 
 1040              	.LASF24:
 1041 01a6 72645661 		.ascii	"rdVal\000"
 1041      6C00
 1042              	.LASF30:
 1043 01ac 45787453 		.ascii	"ExtSRAMCtl_Write\000"
 1043      52414D43 
 1043      746C5F57 
 1043      72697465 
 1043      00
 1044              	.LASF10:
 1045 01bd 696E7433 		.ascii	"int32_t\000"
 1045      325F7400 
 1046              	.LASF17:
 1047 01c5 73697A65 		.ascii	"sizetype\000"
 1047      74797065 
 1047      00
 1048              	.LASF6:
 1049 01ce 6C6F6E67 		.ascii	"long long int\000"
 1049      206C6F6E 
 1049      6720696E 
 1049      7400
 1050              	.LASF15:
 1051 01dc 63686172 		.ascii	"char\000"
 1051      00
 1052              	.LASF2:
 1053 01e1 73686F72 		.ascii	"short int\000"
 1053      7420696E 
 1053      7400
 1054              	.LASF11:
 1055 01eb 75696E74 		.ascii	"uint8\000"
 1055      3800
 1056              	.LASF4:
 1057 01f1 6C6F6E67 		.ascii	"long int\000"
 1057      20696E74 
 1057      00
 1058              	.LASF22:
 1059 01fa 52656164 		.ascii	"ReadExtSRAM\000"
 1059      45787453 
 1059      52414D00 
 1060              	.LASF16:
 1061 0206 6C6F6E67 		.ascii	"long double\000"
 1061      20646F75 
 1061      626C6500 
ARM GAS  C:\Users\DGILLI~1\AppData\Local\Temp\ccdtLAUf.s 			page 23


 1062              	.LASF0:
 1063 0212 7369676E 		.ascii	"signed char\000"
 1063      65642063 
 1063      68617200 
 1064              	.LASF34:
 1065 021e 45787453 		.ascii	"ExtSRAM.c\000"
 1065      52414D2E 
 1065      6300
 1066              	.LASF35:
 1067 0228 433A5C55 		.ascii	"C:\\Users\\dgilliland\\Documents\\GitHub\\Retro-Com"
 1067      73657273 
 1067      5C646769 
 1067      6C6C696C 
 1067      616E645C 
 1068 0256 70757465 		.ascii	"puters\\Z80\\PSOC\\PSOC_Design_Files\\Z80-PSoC-3-Ch"
 1068      72735C5A 
 1068      38305C50 
 1068      534F435C 
 1068      50534F43 
 1069 0285 6970735C 		.ascii	"ips\\Z80_3Pin.cydsn\000"
 1069      5A38305F 
 1069      3350696E 
 1069      2E637964 
 1069      736E00
 1070              		.ident	"GCC: (GNU Tools for ARM Embedded Processors) 5.4.1 20160609 (release) [ARM/embedded-5-bran
