ARM GAS  C:\Users\HPz420\AppData\Local\Temp\ccnARKWM.s 			page 1


   1              		.syntax unified
   2              		.cpu cortex-m3
   3              		.fpu softvfp
   4              		.eabi_attribute 20, 1
   5              		.eabi_attribute 21, 1
   6              		.eabi_attribute 23, 3
   7              		.eabi_attribute 24, 1
   8              		.eabi_attribute 25, 1
   9              		.eabi_attribute 26, 1
  10              		.eabi_attribute 30, 1
  11              		.eabi_attribute 34, 1
  12              		.eabi_attribute 18, 4
  13              		.thumb
  14              		.syntax unified
  15              		.file	"FrontPanel.c"
  16              		.text
  17              	.Ltext0:
  18              		.cfi_sections	.debug_frame
  19              		.section	.text.readRegister_MCP23017,"ax",%progbits
  20              		.align	2
  21              		.global	readRegister_MCP23017
  22              		.thumb
  23              		.thumb_func
  24              		.type	readRegister_MCP23017, %function
  25              	readRegister_MCP23017:
  26              	.LFB68:
  27              		.file 1 "FrontPanel.c"
   1:FrontPanel.c  **** /* ========================================
   2:FrontPanel.c  ****  *
   3:FrontPanel.c  ****  * Copyright Land Boards, LLC, 2019.
   4:FrontPanel.c  ****  * All Rights Reserved
   5:FrontPanel.c  ****  * UNPUBLISHED, LICENSED SOFTWARE.
   6:FrontPanel.c  ****  *
   7:FrontPanel.c  ****  * CONFIDENTIAL AND PROPRIETARY INFORMATION
   8:FrontPanel.c  ****  * WHICH IS THE PROPERTY OF LAND BOARDS. LLC.
   9:FrontPanel.c  ****  *
  10:FrontPanel.c  ****  * ========================================
  11:FrontPanel.c  **** */
  12:FrontPanel.c  **** 
  13:FrontPanel.c  **** #include <project.h>
  14:FrontPanel.c  **** #include "FrontPanel.h"
  15:FrontPanel.c  **** 
  16:FrontPanel.c  **** #define MCP23017_IODIR_DEFVAL    0xff       // Initially set all channels to inputs
  17:FrontPanel.c  **** #define MCP23017_IODIR_ALL_INS   0xff
  18:FrontPanel.c  **** #define MCP23017_IODIR_ALL_OUTS  0x00
  19:FrontPanel.c  **** 
  20:FrontPanel.c  **** #define MCP23017_IPOL_INVERT     0xFF       // Input polarity = invert jumpers
  21:FrontPanel.c  **** #define MCP23017_GPINTEN_DISABLE 0x00       // Disable GPIO for interrupt on change
  22:FrontPanel.c  **** #define MCP23017_GPINTEN_ENABLE  0xFF       // Enable GPIO for interrupt on change
  23:FrontPanel.c  **** #define MCP23017_INTCON_DEFVAL   0x00       // Int for change from previous pin
  24:FrontPanel.c  **** #define MCP23017_IOCON_DEFVAL    0x04       // Disable sequential,  active-low
  25:FrontPanel.c  **** #define MCP23017_GPPU_DISABLE    0x00       // Disable pull-ups
  26:FrontPanel.c  **** #define MCP23017_GPPU_ENABLE     0xFF       // Enable pull-ups
  27:FrontPanel.c  **** 
  28:FrontPanel.c  **** //////////////////////////////////////////////////////////////////////////////
  29:FrontPanel.c  **** // Front Panel Handler
  30:FrontPanel.c  **** // Starts at CPU address = 0
ARM GAS  C:\Users\HPz420\AppData\Local\Temp\ccnARKWM.s 			page 2


  31:FrontPanel.c  **** //////////////////////////////////////////////////////////////////////////////
  32:FrontPanel.c  **** 
  33:FrontPanel.c  **** // Global variables
  34:FrontPanel.c  **** uint8 FPData;       // Data that is on the Front Panel (bottom 8 LEDs)
  35:FrontPanel.c  **** uint16 FPAddr;      // Address that is on the Front Panel (middle 16 lEDs)
  36:FrontPanel.c  **** uint8 FPCtrl;       // Control that is on the Front Panel (top 8 LEDs)
  37:FrontPanel.c  **** uint32 FPLong;      // Long value of the Front Panel
  38:FrontPanel.c  **** 
  39:FrontPanel.c  **** // Bits of FPCtrl
  40:FrontPanel.c  **** #define INC_ADDR    0x01    // Increment address and read memory value at next address
  41:FrontPanel.c  **** #define ST_INC      0x02    // Store data value, increment address and read next memory 
  42:FrontPanel.c  **** #define LD_ADDR     0x04    // Load address bits and read memory
  43:FrontPanel.c  **** #define RUN_SW      0x80    // Run Switch
  44:FrontPanel.c  **** 
  45:FrontPanel.c  **** //////////////////////////////////////////////////////////////////////////////
  46:FrontPanel.c  **** // Function prototypes
  47:FrontPanel.c  **** 
  48:FrontPanel.c  **** 
  49:FrontPanel.c  **** //////////////////////////////////////////////////////////////////////////////
  50:FrontPanel.c  **** // init_FrontPanel() - Switches are on Port A, LEDs are on Port B
  51:FrontPanel.c  **** 
  52:FrontPanel.c  **** void init_FrontPanel(void)
  53:FrontPanel.c  **** {
  54:FrontPanel.c  ****     uint8 chipAddr;
  55:FrontPanel.c  ****     for (chipAddr = 0x24; chipAddr < 0x28; chipAddr++)
  56:FrontPanel.c  ****     {
  57:FrontPanel.c  ****         writeRegister_MCP23017(chipAddr,MCP23017_IODIRA_REGADR,MCP23017_IODIR_ALL_INS);     // IO: 
  58:FrontPanel.c  ****         writeRegister_MCP23017(chipAddr,MCP23017_IODIRB_REGADR,MCP23017_IODIR_ALL_OUTS);    // IO: 
  59:FrontPanel.c  ****         writeRegister_MCP23017(chipAddr,MCP23017_IPOLA_REGADR,MCP23017_IPOL_INVERT);        // IP: 
  60:FrontPanel.c  ****         writeRegister_MCP23017(chipAddr,MCP23017_GPINTENA_REGADR,MCP23017_GPINTEN_ENABLE);  // GPIN
  61:FrontPanel.c  ****         writeRegister_MCP23017(chipAddr,MCP23017_GPINTENB_REGADR,MCP23017_GPINTEN_DISABLE); // GPIN
  62:FrontPanel.c  ****         writeRegister_MCP23017(chipAddr,MCP23017_DEFVALA_REGADR,0xFF);                      // Defa
  63:FrontPanel.c  ****         writeRegister_MCP23017(chipAddr,MCP23017_INTCONA_REGADR,MCP23017_INTCON_DEFVAL);    // Int 
  64:FrontPanel.c  ****         writeRegister_MCP23017(chipAddr,MCP23017_IOCONA_REGADR,MCP23017_IOCON_DEFVAL);      // BANK
  65:FrontPanel.c  ****                                                                                             // MIRR
  66:FrontPanel.c  ****                                                                                             // SEQO
  67:FrontPanel.c  ****                                                                                             // HAEN
  68:FrontPanel.c  ****                                                                                             // ODR:
  69:FrontPanel.c  ****                                                                                             // INTP
  70:FrontPanel.c  ****         writeRegister_MCP23017(chipAddr,MCP23017_IOCONB_REGADR,MCP23017_IOCON_DEFVAL);      // Int 
  71:FrontPanel.c  ****         writeRegister_MCP23017(chipAddr,MCP23017_GPPUA_REGADR,MCP23017_GPPU_ENABLE);        // Pull
  72:FrontPanel.c  ****         readRegister_MCP23017(chipAddr,MCP23017_INTCAPA_REGADR);                            // Clea
  73:FrontPanel.c  ****     }
  74:FrontPanel.c  ****     FPData = 0;
  75:FrontPanel.c  ****     FPAddr = 0;
  76:FrontPanel.c  ****     FPCtrl = 0;
  77:FrontPanel.c  ****     FPLong = 0;
  78:FrontPanel.c  **** }
  79:FrontPanel.c  **** 
  80:FrontPanel.c  **** //////////////////////////////////////////////////////////////////////////////////////
  81:FrontPanel.c  **** // readFrontPanelSwitchesRegistered
  82:FrontPanel.c  **** //  Handler for the Pushbuttons and LEDs
  83:FrontPanel.c  **** //  Toggles the LED
  84:FrontPanel.c  **** //  Reads all four MCP23017 Port A's to make a 32-bit result
  85:FrontPanel.c  **** //  Looks for the switch to be pressed for 3 samples in a row
  86:FrontPanel.c  **** // Returns: 0 if there was no key pressed
  87:FrontPanel.c  **** //          1 if there was a key pressed
ARM GAS  C:\Users\HPz420\AppData\Local\Temp\ccnARKWM.s 			page 3


  88:FrontPanel.c  **** 
  89:FrontPanel.c  **** uint32 readFrontPanelSwitchesRegistered(void)
  90:FrontPanel.c  **** {
  91:FrontPanel.c  ****     uint32 rdVal;
  92:FrontPanel.c  ****     uint32 retVal = 0;
  93:FrontPanel.c  ****     uint32 valMin1 = 0;
  94:FrontPanel.c  ****     uint32 valMin2 = 0;
  95:FrontPanel.c  ****     uint32 valMin3 = 0;
  96:FrontPanel.c  ****     uint8 keyPressed = 0;
  97:FrontPanel.c  ****     rdVal = readFrontPanelSwitchesStatic();
  98:FrontPanel.c  ****     if (rdVal  == 0x00)     // No key is pressed at this polling
  99:FrontPanel.c  ****     {
 100:FrontPanel.c  ****         valMin1 = 0;
 101:FrontPanel.c  ****         valMin2 = 0;
 102:FrontPanel.c  ****         valMin3 = 0;
 103:FrontPanel.c  ****         return(0);
 104:FrontPanel.c  ****     }
 105:FrontPanel.c  ****     else    // key is now pressed
 106:FrontPanel.c  ****     {
 107:FrontPanel.c  ****         keyPressed = 1;
 108:FrontPanel.c  ****         while (keyPressed)  // stick around until key is no longer pressed
 109:FrontPanel.c  ****         {
 110:FrontPanel.c  ****             rdVal = readFrontPanelSwitchesStatic();
 111:FrontPanel.c  ****             if (rdVal == 0)
 112:FrontPanel.c  ****             {
 113:FrontPanel.c  ****                 keyPressed = 0;
 114:FrontPanel.c  ****                 valMin1 = 0;
 115:FrontPanel.c  ****                 valMin2 = 0;
 116:FrontPanel.c  ****                 valMin3 = 0;
 117:FrontPanel.c  ****                 return(retVal);
 118:FrontPanel.c  ****             }
 119:FrontPanel.c  ****             valMin3 = valMin2;
 120:FrontPanel.c  ****             valMin2 = valMin1;
 121:FrontPanel.c  ****             valMin1 = rdVal;
 122:FrontPanel.c  ****             if ((valMin3 == 0) && (valMin2 != 0) && (valMin1 != 0) && (rdVal != 0))
 123:FrontPanel.c  ****             {
 124:FrontPanel.c  ****                 retVal = valMin2;
 125:FrontPanel.c  ****             }
 126:FrontPanel.c  ****             CyDelay(10);    // 10 mS sampling for debouncing
 127:FrontPanel.c  ****         }
 128:FrontPanel.c  ****     }
 129:FrontPanel.c  ****     return (retVal);
 130:FrontPanel.c  **** }
 131:FrontPanel.c  **** 
 132:FrontPanel.c  **** //////////////////////////////////////////////////////////////////////////////////////
 133:FrontPanel.c  **** // waitFrontPanelSwitchesPressed() - Wait for switch to be pressed and return value
 134:FrontPanel.c  **** 
 135:FrontPanel.c  **** uint32 waitFrontPanelSwitchesPressed(void)
 136:FrontPanel.c  **** {
 137:FrontPanel.c  ****     uint32 switchVals = 0;
 138:FrontPanel.c  ****     while (switchVals == 0)
 139:FrontPanel.c  ****     {   
 140:FrontPanel.c  ****         switchVals = readFrontPanelSwitchesRegistered();
 141:FrontPanel.c  ****         if (switchVals != 0x0)
 142:FrontPanel.c  ****             return (switchVals);
 143:FrontPanel.c  ****     }
 144:FrontPanel.c  ****     return (0);
ARM GAS  C:\Users\HPz420\AppData\Local\Temp\ccnARKWM.s 			page 4


 145:FrontPanel.c  **** }
 146:FrontPanel.c  **** 
 147:FrontPanel.c  **** //////////////////////////////////////////////////////////////////////////////////////
 148:FrontPanel.c  **** // readFrontPanelSwitchesStatic() - Reads the current value of the actual switches
 149:FrontPanel.c  **** //  Reads all four MCP23017 Port A's to make a 32-bit result
 150:FrontPanel.c  **** 
 151:FrontPanel.c  **** uint32 readFrontPanelSwitchesStatic(void)
 152:FrontPanel.c  **** {
 153:FrontPanel.c  ****     uint32 switchVals = 0;
 154:FrontPanel.c  ****     switchVals = readRegister_MCP23017(MCP23017_0,MCP23017_GPIOA_REGADR);
 155:FrontPanel.c  ****     switchVals = switchVals<<8;
 156:FrontPanel.c  ****     switchVals |= readRegister_MCP23017(MCP23017_1,MCP23017_GPIOA_REGADR);
 157:FrontPanel.c  ****     switchVals = switchVals<<8;
 158:FrontPanel.c  ****     switchVals |= readRegister_MCP23017(MCP23017_2,MCP23017_GPIOA_REGADR);
 159:FrontPanel.c  ****     switchVals = switchVals<<8;
 160:FrontPanel.c  ****     switchVals |= readRegister_MCP23017(MCP23017_3,MCP23017_GPIOA_REGADR);
 161:FrontPanel.c  ****     return (switchVals);
 162:FrontPanel.c  **** }
 163:FrontPanel.c  **** 
 164:FrontPanel.c  **** //////////////////////////////////////////////////////////////////////////////////////
 165:FrontPanel.c  **** // writeFrontPanelLEDs(uint32) - Write a 32-bit value to the Front Panel LEDs
 166:FrontPanel.c  **** 
 167:FrontPanel.c  **** void writeFrontPanelLEDs(uint32 ledsVal)
 168:FrontPanel.c  **** {
 169:FrontPanel.c  ****     writeRegister_MCP23017(MCP23017_0,MCP23017_OLATB_REGADR,((ledsVal>>24) & 0xff));
 170:FrontPanel.c  ****     writeRegister_MCP23017(MCP23017_1,MCP23017_OLATB_REGADR,((ledsVal>>16) & 0xff));
 171:FrontPanel.c  ****     writeRegister_MCP23017(MCP23017_2,MCP23017_OLATB_REGADR,((ledsVal>>8) & 0xff));
 172:FrontPanel.c  ****     writeRegister_MCP23017(MCP23017_3,MCP23017_OLATB_REGADR,ledsVal&0xff);
 173:FrontPanel.c  **** }
 174:FrontPanel.c  **** 
 175:FrontPanel.c  **** //////////////////////////////////////////////////////////////////////////////////////
 176:FrontPanel.c  **** // I2C Low Level Hardware access functions
 177:FrontPanel.c  **** 
 178:FrontPanel.c  **** //////////////////////////////////////////////////////////////////////////////////////
 179:FrontPanel.c  **** //
 180:FrontPanel.c  **** //////////////////////////////////////////////////////////////////////////////////////
 181:FrontPanel.c  **** 
 182:FrontPanel.c  **** uint8 readRegister_MCP23017(uint8 chipAddr, uint8 ctrlAdr)
 183:FrontPanel.c  **** {
  28              		.loc 1 183 0
  29              		.cfi_startproc
  30              		@ args = 0, pretend = 0, frame = 0
  31              		@ frame_needed = 0, uses_anonymous_args = 0
  32              	.LVL0:
  33 0000 38B5     		push	{r3, r4, r5, lr}
  34              		.cfi_def_cfa_offset 16
  35              		.cfi_offset 3, -16
  36              		.cfi_offset 4, -12
  37              		.cfi_offset 5, -8
  38              		.cfi_offset 14, -4
  39 0002 0446     		mov	r4, r0
  40 0004 0D46     		mov	r5, r1
 184:FrontPanel.c  ****     uint8 rdBuff;
 185:FrontPanel.c  **** 
 186:FrontPanel.c  ****     I2C_MasterClearStatus();
  41              		.loc 1 186 0
  42 0006 FFF7FEFF 		bl	I2C_MasterClearStatus
ARM GAS  C:\Users\HPz420\AppData\Local\Temp\ccnARKWM.s 			page 5


  43              	.LVL1:
 187:FrontPanel.c  ****     I2C_MasterSendStart(chipAddr,I2C_WRITE_XFER_MODE);
  44              		.loc 1 187 0
  45 000a 0021     		movs	r1, #0
  46 000c 2046     		mov	r0, r4
  47 000e FFF7FEFF 		bl	I2C_MasterSendStart
  48              	.LVL2:
 188:FrontPanel.c  ****     I2C_MasterWriteByte(ctrlAdr);
  49              		.loc 1 188 0
  50 0012 2846     		mov	r0, r5
  51 0014 FFF7FEFF 		bl	I2C_MasterWriteByte
  52              	.LVL3:
 189:FrontPanel.c  ****     I2C_MasterSendStop();
  53              		.loc 1 189 0
  54 0018 FFF7FEFF 		bl	I2C_MasterSendStop
  55              	.LVL4:
 190:FrontPanel.c  ****     I2C_MasterSendStart(chipAddr,I2C_READ_XFER_MODE);
  56              		.loc 1 190 0
  57 001c 0121     		movs	r1, #1
  58 001e 2046     		mov	r0, r4
  59 0020 FFF7FEFF 		bl	I2C_MasterSendStart
  60              	.LVL5:
 191:FrontPanel.c  ****     rdBuff = I2C_MasterReadByte(I2C_NAK_DATA);
  61              		.loc 1 191 0
  62 0024 0020     		movs	r0, #0
  63 0026 FFF7FEFF 		bl	I2C_MasterReadByte
  64              	.LVL6:
  65 002a 0446     		mov	r4, r0
  66              	.LVL7:
 192:FrontPanel.c  ****     I2C_MasterSendStop();
  67              		.loc 1 192 0
  68 002c FFF7FEFF 		bl	I2C_MasterSendStop
  69              	.LVL8:
 193:FrontPanel.c  ****     I2C_MasterClearStatus();
  70              		.loc 1 193 0
  71 0030 FFF7FEFF 		bl	I2C_MasterClearStatus
  72              	.LVL9:
 194:FrontPanel.c  ****     return rdBuff;
 195:FrontPanel.c  **** 
 196:FrontPanel.c  **** }
  73              		.loc 1 196 0
  74 0034 2046     		mov	r0, r4
  75 0036 38BD     		pop	{r3, r4, r5, pc}
  76              		.cfi_endproc
  77              	.LFE68:
  78              		.size	readRegister_MCP23017, .-readRegister_MCP23017
  79              		.section	.text.readFrontPanelSwitchesStatic,"ax",%progbits
  80              		.align	2
  81              		.global	readFrontPanelSwitchesStatic
  82              		.thumb
  83              		.thumb_func
  84              		.type	readFrontPanelSwitchesStatic, %function
  85              	readFrontPanelSwitchesStatic:
  86              	.LFB66:
 152:FrontPanel.c  ****     uint32 switchVals = 0;
  87              		.loc 1 152 0
  88              		.cfi_startproc
ARM GAS  C:\Users\HPz420\AppData\Local\Temp\ccnARKWM.s 			page 6


  89              		@ args = 0, pretend = 0, frame = 0
  90              		@ frame_needed = 0, uses_anonymous_args = 0
  91 0000 10B5     		push	{r4, lr}
  92              		.cfi_def_cfa_offset 8
  93              		.cfi_offset 4, -8
  94              		.cfi_offset 14, -4
  95              	.LVL10:
 154:FrontPanel.c  ****     switchVals = switchVals<<8;
  96              		.loc 1 154 0
  97 0002 1221     		movs	r1, #18
  98 0004 2420     		movs	r0, #36
  99 0006 FFF7FEFF 		bl	readRegister_MCP23017
 100              	.LVL11:
 155:FrontPanel.c  ****     switchVals |= readRegister_MCP23017(MCP23017_1,MCP23017_GPIOA_REGADR);
 101              		.loc 1 155 0
 102 000a 0402     		lsls	r4, r0, #8
 103              	.LVL12:
 156:FrontPanel.c  ****     switchVals = switchVals<<8;
 104              		.loc 1 156 0
 105 000c 1221     		movs	r1, #18
 106 000e 2520     		movs	r0, #37
 107 0010 FFF7FEFF 		bl	readRegister_MCP23017
 108              	.LVL13:
 109 0014 2043     		orrs	r0, r0, r4
 110              	.LVL14:
 157:FrontPanel.c  ****     switchVals |= readRegister_MCP23017(MCP23017_2,MCP23017_GPIOA_REGADR);
 111              		.loc 1 157 0
 112 0016 0402     		lsls	r4, r0, #8
 113              	.LVL15:
 158:FrontPanel.c  ****     switchVals = switchVals<<8;
 114              		.loc 1 158 0
 115 0018 1221     		movs	r1, #18
 116 001a 2620     		movs	r0, #38
 117 001c FFF7FEFF 		bl	readRegister_MCP23017
 118              	.LVL16:
 119 0020 2043     		orrs	r0, r0, r4
 120              	.LVL17:
 159:FrontPanel.c  ****     switchVals |= readRegister_MCP23017(MCP23017_3,MCP23017_GPIOA_REGADR);
 121              		.loc 1 159 0
 122 0022 0402     		lsls	r4, r0, #8
 123              	.LVL18:
 160:FrontPanel.c  ****     return (switchVals);
 124              		.loc 1 160 0
 125 0024 1221     		movs	r1, #18
 126 0026 2720     		movs	r0, #39
 127 0028 FFF7FEFF 		bl	readRegister_MCP23017
 128              	.LVL19:
 162:FrontPanel.c  **** 
 129              		.loc 1 162 0
 130 002c 2043     		orrs	r0, r0, r4
 131              	.LVL20:
 132 002e 10BD     		pop	{r4, pc}
 133              		.cfi_endproc
 134              	.LFE66:
 135              		.size	readFrontPanelSwitchesStatic, .-readFrontPanelSwitchesStatic
 136              		.section	.text.readFrontPanelSwitchesRegistered,"ax",%progbits
 137              		.align	2
ARM GAS  C:\Users\HPz420\AppData\Local\Temp\ccnARKWM.s 			page 7


 138              		.global	readFrontPanelSwitchesRegistered
 139              		.thumb
 140              		.thumb_func
 141              		.type	readFrontPanelSwitchesRegistered, %function
 142              	readFrontPanelSwitchesRegistered:
 143              	.LFB64:
  90:FrontPanel.c  ****     uint32 rdVal;
 144              		.loc 1 90 0
 145              		.cfi_startproc
 146              		@ args = 0, pretend = 0, frame = 0
 147              		@ frame_needed = 0, uses_anonymous_args = 0
 148 0000 F8B5     		push	{r3, r4, r5, r6, r7, lr}
 149              		.cfi_def_cfa_offset 24
 150              		.cfi_offset 3, -24
 151              		.cfi_offset 4, -20
 152              		.cfi_offset 5, -16
 153              		.cfi_offset 6, -12
 154              		.cfi_offset 7, -8
 155              		.cfi_offset 14, -4
 156              	.LVL21:
  97:FrontPanel.c  ****     if (rdVal  == 0x00)     // No key is pressed at this polling
 157              		.loc 1 97 0
 158 0002 FFF7FEFF 		bl	readFrontPanelSwitchesStatic
 159              	.LVL22:
  98:FrontPanel.c  ****     {
 160              		.loc 1 98 0
 161 0006 A0B1     		cbz	r0, .L10
 162 0008 0026     		movs	r6, #0
 163 000a 3446     		mov	r4, r6
 164 000c 3746     		mov	r7, r6
 165 000e 09E0     		b	.L7
 166              	.LVL23:
 167              	.L9:
 122:FrontPanel.c  ****             {
 168              		.loc 1 122 0
 169 0010 1EB9     		cbnz	r6, .L8
 122:FrontPanel.c  ****             {
 170              		.loc 1 122 0 is_stmt 0 discriminator 1
 171 0012 14B1     		cbz	r4, .L8
 122:FrontPanel.c  ****             {
 172              		.loc 1 122 0 discriminator 2
 173 0014 0DB1     		cbz	r5, .L8
 122:FrontPanel.c  ****             {
 174              		.loc 1 122 0 discriminator 3
 175 0016 05B1     		cbz	r5, .L8
 124:FrontPanel.c  ****             }
 176              		.loc 1 124 0 is_stmt 1
 177 0018 2746     		mov	r7, r4
 178              	.LVL24:
 179              	.L8:
 126:FrontPanel.c  ****         }
 180              		.loc 1 126 0
 181 001a 0A20     		movs	r0, #10
 182              	.LVL25:
 183 001c FFF7FEFF 		bl	CyDelay
 184              	.LVL26:
 120:FrontPanel.c  ****             valMin1 = rdVal;
ARM GAS  C:\Users\HPz420\AppData\Local\Temp\ccnARKWM.s 			page 8


 185              		.loc 1 120 0
 186 0020 2646     		mov	r6, r4
 187              	.LVL27:
 121:FrontPanel.c  ****             if ((valMin3 == 0) && (valMin2 != 0) && (valMin1 != 0) && (rdVal != 0))
 188              		.loc 1 121 0
 189 0022 2C46     		mov	r4, r5
 190              	.LVL28:
 191              	.L7:
 110:FrontPanel.c  ****             if (rdVal == 0)
 192              		.loc 1 110 0
 193 0024 FFF7FEFF 		bl	readFrontPanelSwitchesStatic
 194              	.LVL29:
 111:FrontPanel.c  ****             {
 195              		.loc 1 111 0
 196 0028 0546     		mov	r5, r0
 197 002a 0028     		cmp	r0, #0
 198 002c F0D1     		bne	.L9
 117:FrontPanel.c  ****             }
 199              		.loc 1 117 0
 200 002e 3846     		mov	r0, r7
 201              	.LVL30:
 202 0030 F8BD     		pop	{r3, r4, r5, r6, r7, pc}
 203              	.LVL31:
 204              	.L10:
 103:FrontPanel.c  ****     }
 205              		.loc 1 103 0
 206 0032 0020     		movs	r0, #0
 207              	.LVL32:
 130:FrontPanel.c  **** 
 208              		.loc 1 130 0
 209 0034 F8BD     		pop	{r3, r4, r5, r6, r7, pc}
 210              		.cfi_endproc
 211              	.LFE64:
 212              		.size	readFrontPanelSwitchesRegistered, .-readFrontPanelSwitchesRegistered
 213 0036 00BF     		.section	.text.waitFrontPanelSwitchesPressed,"ax",%progbits
 214              		.align	2
 215              		.global	waitFrontPanelSwitchesPressed
 216              		.thumb
 217              		.thumb_func
 218              		.type	waitFrontPanelSwitchesPressed, %function
 219              	waitFrontPanelSwitchesPressed:
 220              	.LFB65:
 136:FrontPanel.c  ****     uint32 switchVals = 0;
 221              		.loc 1 136 0
 222              		.cfi_startproc
 223              		@ args = 0, pretend = 0, frame = 0
 224              		@ frame_needed = 0, uses_anonymous_args = 0
 225 0000 08B5     		push	{r3, lr}
 226              		.cfi_def_cfa_offset 8
 227              		.cfi_offset 3, -8
 228              		.cfi_offset 14, -4
 229              	.LVL33:
 137:FrontPanel.c  ****     while (switchVals == 0)
 230              		.loc 1 137 0
 231 0002 0023     		movs	r3, #0
 138:FrontPanel.c  ****     {   
 232              		.loc 1 138 0
ARM GAS  C:\Users\HPz420\AppData\Local\Temp\ccnARKWM.s 			page 9


 233 0004 03E0     		b	.L14
 234              	.LVL34:
 235              	.L16:
 140:FrontPanel.c  ****         if (switchVals != 0x0)
 236              		.loc 1 140 0
 237 0006 FFF7FEFF 		bl	readFrontPanelSwitchesRegistered
 238              	.LVL35:
 141:FrontPanel.c  ****             return (switchVals);
 239              		.loc 1 141 0
 240 000a 0346     		mov	r3, r0
 241 000c 18B9     		cbnz	r0, .L17
 242              	.LVL36:
 243              	.L14:
 138:FrontPanel.c  ****     {   
 244              		.loc 1 138 0
 245 000e 002B     		cmp	r3, #0
 246 0010 F9D0     		beq	.L16
 144:FrontPanel.c  **** }
 247              		.loc 1 144 0
 248 0012 0020     		movs	r0, #0
 249 0014 08BD     		pop	{r3, pc}
 250              	.LVL37:
 251              	.L17:
 145:FrontPanel.c  **** 
 252              		.loc 1 145 0
 253 0016 08BD     		pop	{r3, pc}
 254              		.cfi_endproc
 255              	.LFE65:
 256              		.size	waitFrontPanelSwitchesPressed, .-waitFrontPanelSwitchesPressed
 257              		.section	.text.writeRegister_MCP23017,"ax",%progbits
 258              		.align	2
 259              		.global	writeRegister_MCP23017
 260              		.thumb
 261              		.thumb_func
 262              		.type	writeRegister_MCP23017, %function
 263              	writeRegister_MCP23017:
 264              	.LFB69:
 197:FrontPanel.c  **** 
 198:FrontPanel.c  **** //////////////////////////////////////////////////////////////////////////////////////
 199:FrontPanel.c  **** //
 200:FrontPanel.c  **** //////////////////////////////////////////////////////////////////////////////////////
 201:FrontPanel.c  **** 
 202:FrontPanel.c  **** void writeRegister_MCP23017(uint8 chipAddr, uint8 ctrlAdr, uint8 ctrlVal)
 203:FrontPanel.c  **** {
 265              		.loc 1 203 0
 266              		.cfi_startproc
 267              		@ args = 0, pretend = 0, frame = 8
 268              		@ frame_needed = 0, uses_anonymous_args = 0
 269              	.LVL38:
 270 0000 70B5     		push	{r4, r5, r6, lr}
 271              		.cfi_def_cfa_offset 16
 272              		.cfi_offset 4, -16
 273              		.cfi_offset 5, -12
 274              		.cfi_offset 6, -8
 275              		.cfi_offset 14, -4
 276 0002 82B0     		sub	sp, sp, #8
 277              		.cfi_def_cfa_offset 24
ARM GAS  C:\Users\HPz420\AppData\Local\Temp\ccnARKWM.s 			page 10


 278 0004 0446     		mov	r4, r0
 279 0006 0E46     		mov	r6, r1
 280 0008 1546     		mov	r5, r2
 204:FrontPanel.c  **** uint8 MCP23017_WrBuffer[2];
 205:FrontPanel.c  ****     I2C_MasterClearStatus();
 281              		.loc 1 205 0
 282 000a FFF7FEFF 		bl	I2C_MasterClearStatus
 283              	.LVL39:
 206:FrontPanel.c  ****     MCP23017_WrBuffer[0] = ctrlAdr;
 284              		.loc 1 206 0
 285 000e 8DF80460 		strb	r6, [sp, #4]
 207:FrontPanel.c  ****     MCP23017_WrBuffer[1] = ctrlVal;
 286              		.loc 1 207 0
 287 0012 8DF80550 		strb	r5, [sp, #5]
 208:FrontPanel.c  ****     I2C_MasterWriteBuf(chipAddr, MCP23017_WrBuffer, 2, I2C_MODE_COMPLETE_XFER);
 288              		.loc 1 208 0
 289 0016 0023     		movs	r3, #0
 290 0018 0222     		movs	r2, #2
 291 001a 01A9     		add	r1, sp, #4
 292 001c 2046     		mov	r0, r4
 293 001e FFF7FEFF 		bl	I2C_MasterWriteBuf
 294              	.LVL40:
 295              	.L20:
 209:FrontPanel.c  ****     while (0u == (I2C_MasterStatus() & I2C_MSTAT_WR_CMPLT));
 296              		.loc 1 209 0 discriminator 1
 297 0022 FFF7FEFF 		bl	I2C_MasterStatus
 298              	.LVL41:
 299 0026 10F0020F 		tst	r0, #2
 300 002a FAD0     		beq	.L20
 210:FrontPanel.c  ****     I2C_MasterClearStatus();
 301              		.loc 1 210 0
 302 002c FFF7FEFF 		bl	I2C_MasterClearStatus
 303              	.LVL42:
 211:FrontPanel.c  **** }
 304              		.loc 1 211 0
 305 0030 02B0     		add	sp, sp, #8
 306              		.cfi_def_cfa_offset 16
 307              		@ sp needed
 308 0032 70BD     		pop	{r4, r5, r6, pc}
 309              		.cfi_endproc
 310              	.LFE69:
 311              		.size	writeRegister_MCP23017, .-writeRegister_MCP23017
 312              		.section	.text.init_FrontPanel,"ax",%progbits
 313              		.align	2
 314              		.global	init_FrontPanel
 315              		.thumb
 316              		.thumb_func
 317              		.type	init_FrontPanel, %function
 318              	init_FrontPanel:
 319              	.LFB63:
  53:FrontPanel.c  ****     uint8 chipAddr;
 320              		.loc 1 53 0
 321              		.cfi_startproc
 322              		@ args = 0, pretend = 0, frame = 0
 323              		@ frame_needed = 0, uses_anonymous_args = 0
 324 0000 10B5     		push	{r4, lr}
 325              		.cfi_def_cfa_offset 8
ARM GAS  C:\Users\HPz420\AppData\Local\Temp\ccnARKWM.s 			page 11


 326              		.cfi_offset 4, -8
 327              		.cfi_offset 14, -4
 328              	.LVL43:
  55:FrontPanel.c  ****     {
 329              		.loc 1 55 0
 330 0002 2424     		movs	r4, #36
 331 0004 37E0     		b	.L23
 332              	.LVL44:
 333              	.L24:
  57:FrontPanel.c  ****         writeRegister_MCP23017(chipAddr,MCP23017_IODIRB_REGADR,MCP23017_IODIR_ALL_OUTS);    // IO: 
 334              		.loc 1 57 0 discriminator 3
 335 0006 FF22     		movs	r2, #255
 336 0008 0021     		movs	r1, #0
 337 000a 2046     		mov	r0, r4
 338 000c FFF7FEFF 		bl	writeRegister_MCP23017
 339              	.LVL45:
  58:FrontPanel.c  ****         writeRegister_MCP23017(chipAddr,MCP23017_IPOLA_REGADR,MCP23017_IPOL_INVERT);        // IP: 
 340              		.loc 1 58 0 discriminator 3
 341 0010 0022     		movs	r2, #0
 342 0012 0121     		movs	r1, #1
 343 0014 2046     		mov	r0, r4
 344 0016 FFF7FEFF 		bl	writeRegister_MCP23017
 345              	.LVL46:
  59:FrontPanel.c  ****         writeRegister_MCP23017(chipAddr,MCP23017_GPINTENA_REGADR,MCP23017_GPINTEN_ENABLE);  // GPIN
 346              		.loc 1 59 0 discriminator 3
 347 001a FF22     		movs	r2, #255
 348 001c 0221     		movs	r1, #2
 349 001e 2046     		mov	r0, r4
 350 0020 FFF7FEFF 		bl	writeRegister_MCP23017
 351              	.LVL47:
  60:FrontPanel.c  ****         writeRegister_MCP23017(chipAddr,MCP23017_GPINTENB_REGADR,MCP23017_GPINTEN_DISABLE); // GPIN
 352              		.loc 1 60 0 discriminator 3
 353 0024 FF22     		movs	r2, #255
 354 0026 0421     		movs	r1, #4
 355 0028 2046     		mov	r0, r4
 356 002a FFF7FEFF 		bl	writeRegister_MCP23017
 357              	.LVL48:
  61:FrontPanel.c  ****         writeRegister_MCP23017(chipAddr,MCP23017_DEFVALA_REGADR,0xFF);                      // Defa
 358              		.loc 1 61 0 discriminator 3
 359 002e 0022     		movs	r2, #0
 360 0030 0521     		movs	r1, #5
 361 0032 2046     		mov	r0, r4
 362 0034 FFF7FEFF 		bl	writeRegister_MCP23017
 363              	.LVL49:
  62:FrontPanel.c  ****         writeRegister_MCP23017(chipAddr,MCP23017_INTCONA_REGADR,MCP23017_INTCON_DEFVAL);    // Int 
 364              		.loc 1 62 0 discriminator 3
 365 0038 FF22     		movs	r2, #255
 366 003a 0621     		movs	r1, #6
 367 003c 2046     		mov	r0, r4
 368 003e FFF7FEFF 		bl	writeRegister_MCP23017
 369              	.LVL50:
  63:FrontPanel.c  ****         writeRegister_MCP23017(chipAddr,MCP23017_IOCONA_REGADR,MCP23017_IOCON_DEFVAL);      // BANK
 370              		.loc 1 63 0 discriminator 3
 371 0042 0022     		movs	r2, #0
 372 0044 0821     		movs	r1, #8
 373 0046 2046     		mov	r0, r4
 374 0048 FFF7FEFF 		bl	writeRegister_MCP23017
ARM GAS  C:\Users\HPz420\AppData\Local\Temp\ccnARKWM.s 			page 12


 375              	.LVL51:
  64:FrontPanel.c  ****                                                                                             // MIRR
 376              		.loc 1 64 0 discriminator 3
 377 004c 0422     		movs	r2, #4
 378 004e 0A21     		movs	r1, #10
 379 0050 2046     		mov	r0, r4
 380 0052 FFF7FEFF 		bl	writeRegister_MCP23017
 381              	.LVL52:
  70:FrontPanel.c  ****         writeRegister_MCP23017(chipAddr,MCP23017_GPPUA_REGADR,MCP23017_GPPU_ENABLE);        // Pull
 382              		.loc 1 70 0 discriminator 3
 383 0056 0422     		movs	r2, #4
 384 0058 0B21     		movs	r1, #11
 385 005a 2046     		mov	r0, r4
 386 005c FFF7FEFF 		bl	writeRegister_MCP23017
 387              	.LVL53:
  71:FrontPanel.c  ****         readRegister_MCP23017(chipAddr,MCP23017_INTCAPA_REGADR);                            // Clea
 388              		.loc 1 71 0 discriminator 3
 389 0060 FF22     		movs	r2, #255
 390 0062 0C21     		movs	r1, #12
 391 0064 2046     		mov	r0, r4
 392 0066 FFF7FEFF 		bl	writeRegister_MCP23017
 393              	.LVL54:
  72:FrontPanel.c  ****     }
 394              		.loc 1 72 0 discriminator 3
 395 006a 1021     		movs	r1, #16
 396 006c 2046     		mov	r0, r4
 397 006e FFF7FEFF 		bl	readRegister_MCP23017
 398              	.LVL55:
  55:FrontPanel.c  ****     {
 399              		.loc 1 55 0 discriminator 3
 400 0072 0134     		adds	r4, r4, #1
 401              	.LVL56:
 402 0074 E4B2     		uxtb	r4, r4
 403              	.LVL57:
 404              	.L23:
  55:FrontPanel.c  ****     {
 405              		.loc 1 55 0 is_stmt 0 discriminator 1
 406 0076 272C     		cmp	r4, #39
 407 0078 C5D9     		bls	.L24
  74:FrontPanel.c  ****     FPAddr = 0;
 408              		.loc 1 74 0 is_stmt 1
 409 007a 0023     		movs	r3, #0
 410 007c 044A     		ldr	r2, .L26
 411 007e 1370     		strb	r3, [r2]
  75:FrontPanel.c  ****     FPCtrl = 0;
 412              		.loc 1 75 0
 413 0080 044A     		ldr	r2, .L26+4
 414 0082 1380     		strh	r3, [r2]	@ movhi
  76:FrontPanel.c  ****     FPLong = 0;
 415              		.loc 1 76 0
 416 0084 044A     		ldr	r2, .L26+8
 417 0086 1370     		strb	r3, [r2]
  77:FrontPanel.c  **** }
 418              		.loc 1 77 0
 419 0088 044A     		ldr	r2, .L26+12
 420 008a 1360     		str	r3, [r2]
 421 008c 10BD     		pop	{r4, pc}
ARM GAS  C:\Users\HPz420\AppData\Local\Temp\ccnARKWM.s 			page 13


 422              	.LVL58:
 423              	.L27:
 424 008e 00BF     		.align	2
 425              	.L26:
 426 0090 00000000 		.word	FPData
 427 0094 00000000 		.word	FPAddr
 428 0098 00000000 		.word	FPCtrl
 429 009c 00000000 		.word	FPLong
 430              		.cfi_endproc
 431              	.LFE63:
 432              		.size	init_FrontPanel, .-init_FrontPanel
 433              		.section	.text.writeFrontPanelLEDs,"ax",%progbits
 434              		.align	2
 435              		.global	writeFrontPanelLEDs
 436              		.thumb
 437              		.thumb_func
 438              		.type	writeFrontPanelLEDs, %function
 439              	writeFrontPanelLEDs:
 440              	.LFB67:
 168:FrontPanel.c  ****     writeRegister_MCP23017(MCP23017_0,MCP23017_OLATB_REGADR,((ledsVal>>24) & 0xff));
 441              		.loc 1 168 0
 442              		.cfi_startproc
 443              		@ args = 0, pretend = 0, frame = 0
 444              		@ frame_needed = 0, uses_anonymous_args = 0
 445              	.LVL59:
 446 0000 10B5     		push	{r4, lr}
 447              		.cfi_def_cfa_offset 8
 448              		.cfi_offset 4, -8
 449              		.cfi_offset 14, -4
 450 0002 0446     		mov	r4, r0
 169:FrontPanel.c  ****     writeRegister_MCP23017(MCP23017_1,MCP23017_OLATB_REGADR,((ledsVal>>16) & 0xff));
 451              		.loc 1 169 0
 452 0004 020E     		lsrs	r2, r0, #24
 453 0006 1521     		movs	r1, #21
 454 0008 2420     		movs	r0, #36
 455              	.LVL60:
 456 000a FFF7FEFF 		bl	writeRegister_MCP23017
 457              	.LVL61:
 170:FrontPanel.c  ****     writeRegister_MCP23017(MCP23017_2,MCP23017_OLATB_REGADR,((ledsVal>>8) & 0xff));
 458              		.loc 1 170 0
 459 000e C4F30742 		ubfx	r2, r4, #16, #8
 460 0012 1521     		movs	r1, #21
 461 0014 2520     		movs	r0, #37
 462 0016 FFF7FEFF 		bl	writeRegister_MCP23017
 463              	.LVL62:
 171:FrontPanel.c  ****     writeRegister_MCP23017(MCP23017_3,MCP23017_OLATB_REGADR,ledsVal&0xff);
 464              		.loc 1 171 0
 465 001a C4F30722 		ubfx	r2, r4, #8, #8
 466 001e 1521     		movs	r1, #21
 467 0020 2620     		movs	r0, #38
 468 0022 FFF7FEFF 		bl	writeRegister_MCP23017
 469              	.LVL63:
 172:FrontPanel.c  **** }
 470              		.loc 1 172 0
 471 0026 E2B2     		uxtb	r2, r4
 472 0028 1521     		movs	r1, #21
 473 002a 2720     		movs	r0, #39
ARM GAS  C:\Users\HPz420\AppData\Local\Temp\ccnARKWM.s 			page 14


 474 002c FFF7FEFF 		bl	writeRegister_MCP23017
 475              	.LVL64:
 476 0030 10BD     		pop	{r4, pc}
 477              		.cfi_endproc
 478              	.LFE67:
 479              		.size	writeFrontPanelLEDs, .-writeFrontPanelLEDs
 480              		.comm	FPLong,4,4
 481              		.comm	FPCtrl,1,1
 482              		.comm	FPAddr,2,2
 483              		.comm	FPData,1,1
 484 0032 00BF     		.text
 485              	.Letext0:
 486              		.file 2 "c:\\program files (x86)\\cypress\\psoc creator\\4.2\\psoc creator\\import\\gnu\\arm\\5.4.
 487              		.file 3 "c:\\program files (x86)\\cypress\\psoc creator\\4.2\\psoc creator\\import\\gnu\\arm\\5.4.
 488              		.file 4 "Generated_Source\\PSoC5/cytypes.h"
 489              		.file 5 "Generated_Source\\PSoC5/core_cm3.h"
 490              		.file 6 "Generated_Source\\PSoC5/I2C.h"
 491              		.file 7 "Generated_Source\\PSoC5/CyLib.h"
 492              		.section	.debug_info,"",%progbits
 493              	.Ldebug_info0:
 494 0000 3B060000 		.4byte	0x63b
 495 0004 0400     		.2byte	0x4
 496 0006 00000000 		.4byte	.Ldebug_abbrev0
 497 000a 04       		.byte	0x4
 498 000b 01       		.uleb128 0x1
 499 000c 20020000 		.4byte	.LASF52
 500 0010 0C       		.byte	0xc
 501 0011 62030000 		.4byte	.LASF53
 502 0015 9F000000 		.4byte	.LASF54
 503 0019 00000000 		.4byte	.Ldebug_ranges0+0
 504 001d 00000000 		.4byte	0
 505 0021 00000000 		.4byte	.Ldebug_line0
 506 0025 02       		.uleb128 0x2
 507 0026 01       		.byte	0x1
 508 0027 06       		.byte	0x6
 509 0028 14020000 		.4byte	.LASF0
 510 002c 02       		.uleb128 0x2
 511 002d 01       		.byte	0x1
 512 002e 08       		.byte	0x8
 513 002f 36010000 		.4byte	.LASF1
 514 0033 02       		.uleb128 0x2
 515 0034 02       		.byte	0x2
 516 0035 05       		.byte	0x5
 517 0036 1A030000 		.4byte	.LASF2
 518 003a 02       		.uleb128 0x2
 519 003b 02       		.byte	0x2
 520 003c 07       		.byte	0x7
 521 003d 71010000 		.4byte	.LASF3
 522 0041 03       		.uleb128 0x3
 523 0042 4A000000 		.4byte	.LASF9
 524 0046 02       		.byte	0x2
 525 0047 3F       		.byte	0x3f
 526 0048 4C000000 		.4byte	0x4c
 527 004c 02       		.uleb128 0x2
 528 004d 04       		.byte	0x4
 529 004e 05       		.byte	0x5
 530 004f 59030000 		.4byte	.LASF4
ARM GAS  C:\Users\HPz420\AppData\Local\Temp\ccnARKWM.s 			page 15


 531 0053 02       		.uleb128 0x2
 532 0054 04       		.byte	0x4
 533 0055 07       		.byte	0x7
 534 0056 5F010000 		.4byte	.LASF5
 535 005a 02       		.uleb128 0x2
 536 005b 08       		.byte	0x8
 537 005c 05       		.byte	0x5
 538 005d DA020000 		.4byte	.LASF6
 539 0061 02       		.uleb128 0x2
 540 0062 08       		.byte	0x8
 541 0063 07       		.byte	0x7
 542 0064 E3010000 		.4byte	.LASF7
 543 0068 04       		.uleb128 0x4
 544 0069 04       		.byte	0x4
 545 006a 05       		.byte	0x5
 546 006b 696E7400 		.ascii	"int\000"
 547 006f 02       		.uleb128 0x2
 548 0070 04       		.byte	0x4
 549 0071 07       		.byte	0x7
 550 0072 D6010000 		.4byte	.LASF8
 551 0076 03       		.uleb128 0x3
 552 0077 19010000 		.4byte	.LASF10
 553 007b 03       		.byte	0x3
 554 007c 2C       		.byte	0x2c
 555 007d 41000000 		.4byte	0x41
 556 0081 05       		.uleb128 0x5
 557 0082 2B030000 		.4byte	.LASF11
 558 0086 04       		.byte	0x4
 559 0087 E401     		.2byte	0x1e4
 560 0089 2C000000 		.4byte	0x2c
 561 008d 05       		.uleb128 0x5
 562 008e C8010000 		.4byte	.LASF12
 563 0092 04       		.byte	0x4
 564 0093 E501     		.2byte	0x1e5
 565 0095 3A000000 		.4byte	0x3a
 566 0099 05       		.uleb128 0x5
 567 009a CF010000 		.4byte	.LASF13
 568 009e 04       		.byte	0x4
 569 009f E601     		.2byte	0x1e6
 570 00a1 53000000 		.4byte	0x53
 571 00a5 02       		.uleb128 0x2
 572 00a6 04       		.byte	0x4
 573 00a7 04       		.byte	0x4
 574 00a8 28010000 		.4byte	.LASF14
 575 00ac 02       		.uleb128 0x2
 576 00ad 08       		.byte	0x8
 577 00ae 04       		.byte	0x4
 578 00af 86030000 		.4byte	.LASF15
 579 00b3 02       		.uleb128 0x2
 580 00b4 01       		.byte	0x1
 581 00b5 08       		.byte	0x8
 582 00b6 F1020000 		.4byte	.LASF16
 583 00ba 02       		.uleb128 0x2
 584 00bb 08       		.byte	0x8
 585 00bc 04       		.byte	0x4
 586 00bd AE020000 		.4byte	.LASF17
 587 00c1 02       		.uleb128 0x2
ARM GAS  C:\Users\HPz420\AppData\Local\Temp\ccnARKWM.s 			page 16


 588 00c2 04       		.byte	0x4
 589 00c3 07       		.byte	0x7
 590 00c4 E8020000 		.4byte	.LASF18
 591 00c8 06       		.uleb128 0x6
 592 00c9 89000000 		.4byte	.LASF21
 593 00cd 01       		.byte	0x1
 594 00ce B6       		.byte	0xb6
 595 00cf 81000000 		.4byte	0x81
 596 00d3 00000000 		.4byte	.LFB68
 597 00d7 38000000 		.4byte	.LFE68-.LFB68
 598 00db 01       		.uleb128 0x1
 599 00dc 9C       		.byte	0x9c
 600 00dd 8A010000 		.4byte	0x18a
 601 00e1 07       		.uleb128 0x7
 602 00e2 B8010000 		.4byte	.LASF19
 603 00e6 01       		.byte	0x1
 604 00e7 B6       		.byte	0xb6
 605 00e8 81000000 		.4byte	0x81
 606 00ec 00000000 		.4byte	.LLST0
 607 00f0 07       		.uleb128 0x7
 608 00f1 B0010000 		.4byte	.LASF20
 609 00f5 01       		.byte	0x1
 610 00f6 B6       		.byte	0xb6
 611 00f7 81000000 		.4byte	0x81
 612 00fb 21000000 		.4byte	.LLST1
 613 00ff 08       		.uleb128 0x8
 614 0100 52030000 		.4byte	.LASF23
 615 0104 01       		.byte	0x1
 616 0105 B8       		.byte	0xb8
 617 0106 81000000 		.4byte	0x81
 618 010a 01       		.uleb128 0x1
 619 010b 54       		.byte	0x54
 620 010c 09       		.uleb128 0x9
 621 010d 0A000000 		.4byte	.LVL1
 622 0111 E6050000 		.4byte	0x5e6
 623 0115 0A       		.uleb128 0xa
 624 0116 12000000 		.4byte	.LVL2
 625 011a F1050000 		.4byte	0x5f1
 626 011e 2E010000 		.4byte	0x12e
 627 0122 0B       		.uleb128 0xb
 628 0123 01       		.uleb128 0x1
 629 0124 50       		.byte	0x50
 630 0125 02       		.uleb128 0x2
 631 0126 74       		.byte	0x74
 632 0127 00       		.sleb128 0
 633 0128 0B       		.uleb128 0xb
 634 0129 01       		.uleb128 0x1
 635 012a 51       		.byte	0x51
 636 012b 01       		.uleb128 0x1
 637 012c 30       		.byte	0x30
 638 012d 00       		.byte	0
 639 012e 0A       		.uleb128 0xa
 640 012f 18000000 		.4byte	.LVL3
 641 0133 FC050000 		.4byte	0x5fc
 642 0137 42010000 		.4byte	0x142
 643 013b 0B       		.uleb128 0xb
 644 013c 01       		.uleb128 0x1
ARM GAS  C:\Users\HPz420\AppData\Local\Temp\ccnARKWM.s 			page 17


 645 013d 50       		.byte	0x50
 646 013e 02       		.uleb128 0x2
 647 013f 75       		.byte	0x75
 648 0140 00       		.sleb128 0
 649 0141 00       		.byte	0
 650 0142 09       		.uleb128 0x9
 651 0143 1C000000 		.4byte	.LVL4
 652 0147 07060000 		.4byte	0x607
 653 014b 0A       		.uleb128 0xa
 654 014c 24000000 		.4byte	.LVL5
 655 0150 F1050000 		.4byte	0x5f1
 656 0154 64010000 		.4byte	0x164
 657 0158 0B       		.uleb128 0xb
 658 0159 01       		.uleb128 0x1
 659 015a 50       		.byte	0x50
 660 015b 02       		.uleb128 0x2
 661 015c 74       		.byte	0x74
 662 015d 00       		.sleb128 0
 663 015e 0B       		.uleb128 0xb
 664 015f 01       		.uleb128 0x1
 665 0160 51       		.byte	0x51
 666 0161 01       		.uleb128 0x1
 667 0162 31       		.byte	0x31
 668 0163 00       		.byte	0
 669 0164 0A       		.uleb128 0xa
 670 0165 2A000000 		.4byte	.LVL6
 671 0169 12060000 		.4byte	0x612
 672 016d 77010000 		.4byte	0x177
 673 0171 0B       		.uleb128 0xb
 674 0172 01       		.uleb128 0x1
 675 0173 50       		.byte	0x50
 676 0174 01       		.uleb128 0x1
 677 0175 30       		.byte	0x30
 678 0176 00       		.byte	0
 679 0177 09       		.uleb128 0x9
 680 0178 30000000 		.4byte	.LVL8
 681 017c 07060000 		.4byte	0x607
 682 0180 09       		.uleb128 0x9
 683 0181 34000000 		.4byte	.LVL9
 684 0185 E6050000 		.4byte	0x5e6
 685 0189 00       		.byte	0
 686 018a 06       		.uleb128 0x6
 687 018b 25000000 		.4byte	.LASF22
 688 018f 01       		.byte	0x1
 689 0190 97       		.byte	0x97
 690 0191 99000000 		.4byte	0x99
 691 0195 00000000 		.4byte	.LFB66
 692 0199 30000000 		.4byte	.LFE66-.LFB66
 693 019d 01       		.uleb128 0x1
 694 019e 9C       		.byte	0x9c
 695 019f 13020000 		.4byte	0x213
 696 01a3 0C       		.uleb128 0xc
 697 01a4 84010000 		.4byte	.LASF24
 698 01a8 01       		.byte	0x1
 699 01a9 99       		.byte	0x99
 700 01aa 99000000 		.4byte	0x99
 701 01ae 42000000 		.4byte	.LLST2
ARM GAS  C:\Users\HPz420\AppData\Local\Temp\ccnARKWM.s 			page 18


 702 01b2 0A       		.uleb128 0xa
 703 01b3 0A000000 		.4byte	.LVL11
 704 01b7 C8000000 		.4byte	0xc8
 705 01bb CB010000 		.4byte	0x1cb
 706 01bf 0B       		.uleb128 0xb
 707 01c0 01       		.uleb128 0x1
 708 01c1 50       		.byte	0x50
 709 01c2 02       		.uleb128 0x2
 710 01c3 08       		.byte	0x8
 711 01c4 24       		.byte	0x24
 712 01c5 0B       		.uleb128 0xb
 713 01c6 01       		.uleb128 0x1
 714 01c7 51       		.byte	0x51
 715 01c8 01       		.uleb128 0x1
 716 01c9 42       		.byte	0x42
 717 01ca 00       		.byte	0
 718 01cb 0A       		.uleb128 0xa
 719 01cc 14000000 		.4byte	.LVL13
 720 01d0 C8000000 		.4byte	0xc8
 721 01d4 E4010000 		.4byte	0x1e4
 722 01d8 0B       		.uleb128 0xb
 723 01d9 01       		.uleb128 0x1
 724 01da 50       		.byte	0x50
 725 01db 02       		.uleb128 0x2
 726 01dc 08       		.byte	0x8
 727 01dd 25       		.byte	0x25
 728 01de 0B       		.uleb128 0xb
 729 01df 01       		.uleb128 0x1
 730 01e0 51       		.byte	0x51
 731 01e1 01       		.uleb128 0x1
 732 01e2 42       		.byte	0x42
 733 01e3 00       		.byte	0
 734 01e4 0A       		.uleb128 0xa
 735 01e5 20000000 		.4byte	.LVL16
 736 01e9 C8000000 		.4byte	0xc8
 737 01ed FD010000 		.4byte	0x1fd
 738 01f1 0B       		.uleb128 0xb
 739 01f2 01       		.uleb128 0x1
 740 01f3 50       		.byte	0x50
 741 01f4 02       		.uleb128 0x2
 742 01f5 08       		.byte	0x8
 743 01f6 26       		.byte	0x26
 744 01f7 0B       		.uleb128 0xb
 745 01f8 01       		.uleb128 0x1
 746 01f9 51       		.byte	0x51
 747 01fa 01       		.uleb128 0x1
 748 01fb 42       		.byte	0x42
 749 01fc 00       		.byte	0
 750 01fd 0D       		.uleb128 0xd
 751 01fe 2C000000 		.4byte	.LVL19
 752 0202 C8000000 		.4byte	0xc8
 753 0206 0B       		.uleb128 0xb
 754 0207 01       		.uleb128 0x1
 755 0208 50       		.byte	0x50
 756 0209 02       		.uleb128 0x2
 757 020a 08       		.byte	0x8
 758 020b 27       		.byte	0x27
ARM GAS  C:\Users\HPz420\AppData\Local\Temp\ccnARKWM.s 			page 19


 759 020c 0B       		.uleb128 0xb
 760 020d 01       		.uleb128 0x1
 761 020e 51       		.byte	0x51
 762 020f 01       		.uleb128 0x1
 763 0210 42       		.byte	0x42
 764 0211 00       		.byte	0
 765 0212 00       		.byte	0
 766 0213 06       		.uleb128 0x6
 767 0214 31030000 		.4byte	.LASF25
 768 0218 01       		.byte	0x1
 769 0219 59       		.byte	0x59
 770 021a 99000000 		.4byte	0x99
 771 021e 00000000 		.4byte	.LFB64
 772 0222 36000000 		.4byte	.LFE64-.LFB64
 773 0226 01       		.uleb128 0x1
 774 0227 9C       		.byte	0x9c
 775 0228 A9020000 		.4byte	0x2a9
 776 022c 0C       		.uleb128 0xc
 777 022d 0E020000 		.4byte	.LASF26
 778 0231 01       		.byte	0x1
 779 0232 5B       		.byte	0x5b
 780 0233 99000000 		.4byte	0x99
 781 0237 B3000000 		.4byte	.LLST3
 782 023b 0C       		.uleb128 0xc
 783 023c 12010000 		.4byte	.LASF27
 784 0240 01       		.byte	0x1
 785 0241 5C       		.byte	0x5c
 786 0242 99000000 		.4byte	0x99
 787 0246 F2000000 		.4byte	.LLST4
 788 024a 0C       		.uleb128 0xc
 789 024b CA020000 		.4byte	.LASF28
 790 024f 01       		.byte	0x1
 791 0250 5D       		.byte	0x5d
 792 0251 99000000 		.4byte	0x99
 793 0255 1D010000 		.4byte	.LLST5
 794 0259 0C       		.uleb128 0xc
 795 025a D2020000 		.4byte	.LASF29
 796 025e 01       		.byte	0x1
 797 025f 5E       		.byte	0x5e
 798 0260 99000000 		.4byte	0x99
 799 0264 5E010000 		.4byte	.LLST6
 800 0268 0C       		.uleb128 0xc
 801 0269 2E010000 		.4byte	.LASF30
 802 026d 01       		.byte	0x1
 803 026e 5F       		.byte	0x5f
 804 026f 99000000 		.4byte	0x99
 805 0273 94010000 		.4byte	.LLST7
 806 0277 0E       		.uleb128 0xe
 807 0278 68000000 		.4byte	.LASF31
 808 027c 01       		.byte	0x1
 809 027d 60       		.byte	0x60
 810 027e 81000000 		.4byte	0x81
 811 0282 00       		.byte	0
 812 0283 09       		.uleb128 0x9
 813 0284 06000000 		.4byte	.LVL22
 814 0288 8A010000 		.4byte	0x18a
 815 028c 0A       		.uleb128 0xa
ARM GAS  C:\Users\HPz420\AppData\Local\Temp\ccnARKWM.s 			page 20


 816 028d 20000000 		.4byte	.LVL26
 817 0291 1D060000 		.4byte	0x61d
 818 0295 9F020000 		.4byte	0x29f
 819 0299 0B       		.uleb128 0xb
 820 029a 01       		.uleb128 0x1
 821 029b 50       		.byte	0x50
 822 029c 01       		.uleb128 0x1
 823 029d 3A       		.byte	0x3a
 824 029e 00       		.byte	0
 825 029f 09       		.uleb128 0x9
 826 02a0 28000000 		.4byte	.LVL29
 827 02a4 8A010000 		.4byte	0x18a
 828 02a8 00       		.byte	0
 829 02a9 06       		.uleb128 0x6
 830 02aa 95030000 		.4byte	.LASF32
 831 02ae 01       		.byte	0x1
 832 02af 87       		.byte	0x87
 833 02b0 99000000 		.4byte	0x99
 834 02b4 00000000 		.4byte	.LFB65
 835 02b8 18000000 		.4byte	.LFE65-.LFB65
 836 02bc 01       		.uleb128 0x1
 837 02bd 9C       		.byte	0x9c
 838 02be DB020000 		.4byte	0x2db
 839 02c2 0C       		.uleb128 0xc
 840 02c3 84010000 		.4byte	.LASF24
 841 02c7 01       		.byte	0x1
 842 02c8 89       		.byte	0x89
 843 02c9 99000000 		.4byte	0x99
 844 02cd BF010000 		.4byte	.LLST8
 845 02d1 09       		.uleb128 0x9
 846 02d2 0A000000 		.4byte	.LVL35
 847 02d6 13020000 		.4byte	0x213
 848 02da 00       		.byte	0
 849 02db 0F       		.uleb128 0xf
 850 02dc 6F030000 		.4byte	.LASF35
 851 02e0 01       		.byte	0x1
 852 02e1 CA       		.byte	0xca
 853 02e2 00000000 		.4byte	.LFB69
 854 02e6 34000000 		.4byte	.LFE69-.LFB69
 855 02ea 01       		.uleb128 0x1
 856 02eb 9C       		.byte	0x9c
 857 02ec 6B030000 		.4byte	0x36b
 858 02f0 07       		.uleb128 0x7
 859 02f1 B8010000 		.4byte	.LASF19
 860 02f5 01       		.byte	0x1
 861 02f6 CA       		.byte	0xca
 862 02f7 81000000 		.4byte	0x81
 863 02fb FF010000 		.4byte	.LLST9
 864 02ff 07       		.uleb128 0x7
 865 0300 B0010000 		.4byte	.LASF20
 866 0304 01       		.byte	0x1
 867 0305 CA       		.byte	0xca
 868 0306 81000000 		.4byte	0x81
 869 030a 20020000 		.4byte	.LLST10
 870 030e 07       		.uleb128 0x7
 871 030f 42000000 		.4byte	.LASF33
 872 0313 01       		.byte	0x1
ARM GAS  C:\Users\HPz420\AppData\Local\Temp\ccnARKWM.s 			page 21


 873 0314 CA       		.byte	0xca
 874 0315 81000000 		.4byte	0x81
 875 0319 41020000 		.4byte	.LLST11
 876 031d 08       		.uleb128 0x8
 877 031e 00000000 		.4byte	.LASF34
 878 0322 01       		.byte	0x1
 879 0323 CC       		.byte	0xcc
 880 0324 6B030000 		.4byte	0x36b
 881 0328 02       		.uleb128 0x2
 882 0329 91       		.byte	0x91
 883 032a 6C       		.sleb128 -20
 884 032b 09       		.uleb128 0x9
 885 032c 0E000000 		.4byte	.LVL39
 886 0330 E6050000 		.4byte	0x5e6
 887 0334 0A       		.uleb128 0xa
 888 0335 22000000 		.4byte	.LVL40
 889 0339 28060000 		.4byte	0x628
 890 033d 58030000 		.4byte	0x358
 891 0341 0B       		.uleb128 0xb
 892 0342 01       		.uleb128 0x1
 893 0343 50       		.byte	0x50
 894 0344 02       		.uleb128 0x2
 895 0345 74       		.byte	0x74
 896 0346 00       		.sleb128 0
 897 0347 0B       		.uleb128 0xb
 898 0348 01       		.uleb128 0x1
 899 0349 51       		.byte	0x51
 900 034a 02       		.uleb128 0x2
 901 034b 91       		.byte	0x91
 902 034c 6C       		.sleb128 -20
 903 034d 0B       		.uleb128 0xb
 904 034e 01       		.uleb128 0x1
 905 034f 52       		.byte	0x52
 906 0350 01       		.uleb128 0x1
 907 0351 32       		.byte	0x32
 908 0352 0B       		.uleb128 0xb
 909 0353 01       		.uleb128 0x1
 910 0354 53       		.byte	0x53
 911 0355 01       		.uleb128 0x1
 912 0356 30       		.byte	0x30
 913 0357 00       		.byte	0
 914 0358 09       		.uleb128 0x9
 915 0359 26000000 		.4byte	.LVL41
 916 035d 33060000 		.4byte	0x633
 917 0361 09       		.uleb128 0x9
 918 0362 30000000 		.4byte	.LVL42
 919 0366 E6050000 		.4byte	0x5e6
 920 036a 00       		.byte	0
 921 036b 10       		.uleb128 0x10
 922 036c 81000000 		.4byte	0x81
 923 0370 7B030000 		.4byte	0x37b
 924 0374 11       		.uleb128 0x11
 925 0375 C1000000 		.4byte	0xc1
 926 0379 01       		.byte	0x1
 927 037a 00       		.byte	0
 928 037b 0F       		.uleb128 0xf
 929 037c BA020000 		.4byte	.LASF36
ARM GAS  C:\Users\HPz420\AppData\Local\Temp\ccnARKWM.s 			page 22


 930 0380 01       		.byte	0x1
 931 0381 34       		.byte	0x34
 932 0382 00000000 		.4byte	.LFB63
 933 0386 A0000000 		.4byte	.LFE63-.LFB63
 934 038a 01       		.uleb128 0x1
 935 038b 9C       		.byte	0x9c
 936 038c E6040000 		.4byte	0x4e6
 937 0390 0C       		.uleb128 0xc
 938 0391 B8010000 		.4byte	.LASF19
 939 0395 01       		.byte	0x1
 940 0396 36       		.byte	0x36
 941 0397 81000000 		.4byte	0x81
 942 039b 62020000 		.4byte	.LLST12
 943 039f 0A       		.uleb128 0xa
 944 03a0 10000000 		.4byte	.LVL45
 945 03a4 DB020000 		.4byte	0x2db
 946 03a8 BE030000 		.4byte	0x3be
 947 03ac 0B       		.uleb128 0xb
 948 03ad 01       		.uleb128 0x1
 949 03ae 50       		.byte	0x50
 950 03af 02       		.uleb128 0x2
 951 03b0 74       		.byte	0x74
 952 03b1 00       		.sleb128 0
 953 03b2 0B       		.uleb128 0xb
 954 03b3 01       		.uleb128 0x1
 955 03b4 51       		.byte	0x51
 956 03b5 01       		.uleb128 0x1
 957 03b6 30       		.byte	0x30
 958 03b7 0B       		.uleb128 0xb
 959 03b8 01       		.uleb128 0x1
 960 03b9 52       		.byte	0x52
 961 03ba 02       		.uleb128 0x2
 962 03bb 09       		.byte	0x9
 963 03bc FF       		.byte	0xff
 964 03bd 00       		.byte	0
 965 03be 0A       		.uleb128 0xa
 966 03bf 1A000000 		.4byte	.LVL46
 967 03c3 DB020000 		.4byte	0x2db
 968 03c7 DC030000 		.4byte	0x3dc
 969 03cb 0B       		.uleb128 0xb
 970 03cc 01       		.uleb128 0x1
 971 03cd 50       		.byte	0x50
 972 03ce 02       		.uleb128 0x2
 973 03cf 74       		.byte	0x74
 974 03d0 00       		.sleb128 0
 975 03d1 0B       		.uleb128 0xb
 976 03d2 01       		.uleb128 0x1
 977 03d3 51       		.byte	0x51
 978 03d4 01       		.uleb128 0x1
 979 03d5 31       		.byte	0x31
 980 03d6 0B       		.uleb128 0xb
 981 03d7 01       		.uleb128 0x1
 982 03d8 52       		.byte	0x52
 983 03d9 01       		.uleb128 0x1
 984 03da 30       		.byte	0x30
 985 03db 00       		.byte	0
 986 03dc 0A       		.uleb128 0xa
ARM GAS  C:\Users\HPz420\AppData\Local\Temp\ccnARKWM.s 			page 23


 987 03dd 24000000 		.4byte	.LVL47
 988 03e1 DB020000 		.4byte	0x2db
 989 03e5 FB030000 		.4byte	0x3fb
 990 03e9 0B       		.uleb128 0xb
 991 03ea 01       		.uleb128 0x1
 992 03eb 50       		.byte	0x50
 993 03ec 02       		.uleb128 0x2
 994 03ed 74       		.byte	0x74
 995 03ee 00       		.sleb128 0
 996 03ef 0B       		.uleb128 0xb
 997 03f0 01       		.uleb128 0x1
 998 03f1 51       		.byte	0x51
 999 03f2 01       		.uleb128 0x1
 1000 03f3 32       		.byte	0x32
 1001 03f4 0B       		.uleb128 0xb
 1002 03f5 01       		.uleb128 0x1
 1003 03f6 52       		.byte	0x52
 1004 03f7 02       		.uleb128 0x2
 1005 03f8 09       		.byte	0x9
 1006 03f9 FF       		.byte	0xff
 1007 03fa 00       		.byte	0
 1008 03fb 0A       		.uleb128 0xa
 1009 03fc 2E000000 		.4byte	.LVL48
 1010 0400 DB020000 		.4byte	0x2db
 1011 0404 1A040000 		.4byte	0x41a
 1012 0408 0B       		.uleb128 0xb
 1013 0409 01       		.uleb128 0x1
 1014 040a 50       		.byte	0x50
 1015 040b 02       		.uleb128 0x2
 1016 040c 74       		.byte	0x74
 1017 040d 00       		.sleb128 0
 1018 040e 0B       		.uleb128 0xb
 1019 040f 01       		.uleb128 0x1
 1020 0410 51       		.byte	0x51
 1021 0411 01       		.uleb128 0x1
 1022 0412 34       		.byte	0x34
 1023 0413 0B       		.uleb128 0xb
 1024 0414 01       		.uleb128 0x1
 1025 0415 52       		.byte	0x52
 1026 0416 02       		.uleb128 0x2
 1027 0417 09       		.byte	0x9
 1028 0418 FF       		.byte	0xff
 1029 0419 00       		.byte	0
 1030 041a 0A       		.uleb128 0xa
 1031 041b 38000000 		.4byte	.LVL49
 1032 041f DB020000 		.4byte	0x2db
 1033 0423 38040000 		.4byte	0x438
 1034 0427 0B       		.uleb128 0xb
 1035 0428 01       		.uleb128 0x1
 1036 0429 50       		.byte	0x50
 1037 042a 02       		.uleb128 0x2
 1038 042b 74       		.byte	0x74
 1039 042c 00       		.sleb128 0
 1040 042d 0B       		.uleb128 0xb
 1041 042e 01       		.uleb128 0x1
 1042 042f 51       		.byte	0x51
 1043 0430 01       		.uleb128 0x1
ARM GAS  C:\Users\HPz420\AppData\Local\Temp\ccnARKWM.s 			page 24


 1044 0431 35       		.byte	0x35
 1045 0432 0B       		.uleb128 0xb
 1046 0433 01       		.uleb128 0x1
 1047 0434 52       		.byte	0x52
 1048 0435 01       		.uleb128 0x1
 1049 0436 30       		.byte	0x30
 1050 0437 00       		.byte	0
 1051 0438 0A       		.uleb128 0xa
 1052 0439 42000000 		.4byte	.LVL50
 1053 043d DB020000 		.4byte	0x2db
 1054 0441 57040000 		.4byte	0x457
 1055 0445 0B       		.uleb128 0xb
 1056 0446 01       		.uleb128 0x1
 1057 0447 50       		.byte	0x50
 1058 0448 02       		.uleb128 0x2
 1059 0449 74       		.byte	0x74
 1060 044a 00       		.sleb128 0
 1061 044b 0B       		.uleb128 0xb
 1062 044c 01       		.uleb128 0x1
 1063 044d 51       		.byte	0x51
 1064 044e 01       		.uleb128 0x1
 1065 044f 36       		.byte	0x36
 1066 0450 0B       		.uleb128 0xb
 1067 0451 01       		.uleb128 0x1
 1068 0452 52       		.byte	0x52
 1069 0453 02       		.uleb128 0x2
 1070 0454 09       		.byte	0x9
 1071 0455 FF       		.byte	0xff
 1072 0456 00       		.byte	0
 1073 0457 0A       		.uleb128 0xa
 1074 0458 4C000000 		.4byte	.LVL51
 1075 045c DB020000 		.4byte	0x2db
 1076 0460 75040000 		.4byte	0x475
 1077 0464 0B       		.uleb128 0xb
 1078 0465 01       		.uleb128 0x1
 1079 0466 50       		.byte	0x50
 1080 0467 02       		.uleb128 0x2
 1081 0468 74       		.byte	0x74
 1082 0469 00       		.sleb128 0
 1083 046a 0B       		.uleb128 0xb
 1084 046b 01       		.uleb128 0x1
 1085 046c 51       		.byte	0x51
 1086 046d 01       		.uleb128 0x1
 1087 046e 38       		.byte	0x38
 1088 046f 0B       		.uleb128 0xb
 1089 0470 01       		.uleb128 0x1
 1090 0471 52       		.byte	0x52
 1091 0472 01       		.uleb128 0x1
 1092 0473 30       		.byte	0x30
 1093 0474 00       		.byte	0
 1094 0475 0A       		.uleb128 0xa
 1095 0476 56000000 		.4byte	.LVL52
 1096 047a DB020000 		.4byte	0x2db
 1097 047e 93040000 		.4byte	0x493
 1098 0482 0B       		.uleb128 0xb
 1099 0483 01       		.uleb128 0x1
 1100 0484 50       		.byte	0x50
ARM GAS  C:\Users\HPz420\AppData\Local\Temp\ccnARKWM.s 			page 25


 1101 0485 02       		.uleb128 0x2
 1102 0486 74       		.byte	0x74
 1103 0487 00       		.sleb128 0
 1104 0488 0B       		.uleb128 0xb
 1105 0489 01       		.uleb128 0x1
 1106 048a 51       		.byte	0x51
 1107 048b 01       		.uleb128 0x1
 1108 048c 3A       		.byte	0x3a
 1109 048d 0B       		.uleb128 0xb
 1110 048e 01       		.uleb128 0x1
 1111 048f 52       		.byte	0x52
 1112 0490 01       		.uleb128 0x1
 1113 0491 34       		.byte	0x34
 1114 0492 00       		.byte	0
 1115 0493 0A       		.uleb128 0xa
 1116 0494 60000000 		.4byte	.LVL53
 1117 0498 DB020000 		.4byte	0x2db
 1118 049c B1040000 		.4byte	0x4b1
 1119 04a0 0B       		.uleb128 0xb
 1120 04a1 01       		.uleb128 0x1
 1121 04a2 50       		.byte	0x50
 1122 04a3 02       		.uleb128 0x2
 1123 04a4 74       		.byte	0x74
 1124 04a5 00       		.sleb128 0
 1125 04a6 0B       		.uleb128 0xb
 1126 04a7 01       		.uleb128 0x1
 1127 04a8 51       		.byte	0x51
 1128 04a9 01       		.uleb128 0x1
 1129 04aa 3B       		.byte	0x3b
 1130 04ab 0B       		.uleb128 0xb
 1131 04ac 01       		.uleb128 0x1
 1132 04ad 52       		.byte	0x52
 1133 04ae 01       		.uleb128 0x1
 1134 04af 34       		.byte	0x34
 1135 04b0 00       		.byte	0
 1136 04b1 0A       		.uleb128 0xa
 1137 04b2 6A000000 		.4byte	.LVL54
 1138 04b6 DB020000 		.4byte	0x2db
 1139 04ba D0040000 		.4byte	0x4d0
 1140 04be 0B       		.uleb128 0xb
 1141 04bf 01       		.uleb128 0x1
 1142 04c0 50       		.byte	0x50
 1143 04c1 02       		.uleb128 0x2
 1144 04c2 74       		.byte	0x74
 1145 04c3 00       		.sleb128 0
 1146 04c4 0B       		.uleb128 0xb
 1147 04c5 01       		.uleb128 0x1
 1148 04c6 51       		.byte	0x51
 1149 04c7 01       		.uleb128 0x1
 1150 04c8 3C       		.byte	0x3c
 1151 04c9 0B       		.uleb128 0xb
 1152 04ca 01       		.uleb128 0x1
 1153 04cb 52       		.byte	0x52
 1154 04cc 02       		.uleb128 0x2
 1155 04cd 09       		.byte	0x9
 1156 04ce FF       		.byte	0xff
 1157 04cf 00       		.byte	0
ARM GAS  C:\Users\HPz420\AppData\Local\Temp\ccnARKWM.s 			page 26


 1158 04d0 0D       		.uleb128 0xd
 1159 04d1 72000000 		.4byte	.LVL55
 1160 04d5 C8000000 		.4byte	0xc8
 1161 04d9 0B       		.uleb128 0xb
 1162 04da 01       		.uleb128 0x1
 1163 04db 50       		.byte	0x50
 1164 04dc 02       		.uleb128 0x2
 1165 04dd 74       		.byte	0x74
 1166 04de 00       		.sleb128 0
 1167 04df 0B       		.uleb128 0xb
 1168 04e0 01       		.uleb128 0x1
 1169 04e1 51       		.byte	0x51
 1170 04e2 01       		.uleb128 0x1
 1171 04e3 40       		.byte	0x40
 1172 04e4 00       		.byte	0
 1173 04e5 00       		.byte	0
 1174 04e6 0F       		.uleb128 0xf
 1175 04e7 FA010000 		.4byte	.LASF37
 1176 04eb 01       		.byte	0x1
 1177 04ec A7       		.byte	0xa7
 1178 04ed 00000000 		.4byte	.LFB67
 1179 04f1 32000000 		.4byte	.LFE67-.LFB67
 1180 04f5 01       		.uleb128 0x1
 1181 04f6 9C       		.byte	0x9c
 1182 04f7 91050000 		.4byte	0x591
 1183 04fb 07       		.uleb128 0x7
 1184 04fc 57010000 		.4byte	.LASF38
 1185 0500 01       		.byte	0x1
 1186 0501 A7       		.byte	0xa7
 1187 0502 99000000 		.4byte	0x99
 1188 0506 8D020000 		.4byte	.LLST13
 1189 050a 0A       		.uleb128 0xa
 1190 050b 0E000000 		.4byte	.LVL61
 1191 050f DB020000 		.4byte	0x2db
 1192 0513 2B050000 		.4byte	0x52b
 1193 0517 0B       		.uleb128 0xb
 1194 0518 01       		.uleb128 0x1
 1195 0519 50       		.byte	0x50
 1196 051a 02       		.uleb128 0x2
 1197 051b 08       		.byte	0x8
 1198 051c 24       		.byte	0x24
 1199 051d 0B       		.uleb128 0xb
 1200 051e 01       		.uleb128 0x1
 1201 051f 51       		.byte	0x51
 1202 0520 01       		.uleb128 0x1
 1203 0521 45       		.byte	0x45
 1204 0522 0B       		.uleb128 0xb
 1205 0523 01       		.uleb128 0x1
 1206 0524 52       		.byte	0x52
 1207 0525 04       		.uleb128 0x4
 1208 0526 74       		.byte	0x74
 1209 0527 00       		.sleb128 0
 1210 0528 48       		.byte	0x48
 1211 0529 25       		.byte	0x25
 1212 052a 00       		.byte	0
 1213 052b 0A       		.uleb128 0xa
 1214 052c 1A000000 		.4byte	.LVL62
ARM GAS  C:\Users\HPz420\AppData\Local\Temp\ccnARKWM.s 			page 27


 1215 0530 DB020000 		.4byte	0x2db
 1216 0534 50050000 		.4byte	0x550
 1217 0538 0B       		.uleb128 0xb
 1218 0539 01       		.uleb128 0x1
 1219 053a 50       		.byte	0x50
 1220 053b 02       		.uleb128 0x2
 1221 053c 08       		.byte	0x8
 1222 053d 25       		.byte	0x25
 1223 053e 0B       		.uleb128 0xb
 1224 053f 01       		.uleb128 0x1
 1225 0540 51       		.byte	0x51
 1226 0541 01       		.uleb128 0x1
 1227 0542 45       		.byte	0x45
 1228 0543 0B       		.uleb128 0xb
 1229 0544 01       		.uleb128 0x1
 1230 0545 52       		.byte	0x52
 1231 0546 08       		.uleb128 0x8
 1232 0547 74       		.byte	0x74
 1233 0548 00       		.sleb128 0
 1234 0549 09       		.byte	0x9
 1235 054a EC       		.byte	0xec
 1236 054b 24       		.byte	0x24
 1237 054c 09       		.byte	0x9
 1238 054d FC       		.byte	0xfc
 1239 054e 25       		.byte	0x25
 1240 054f 00       		.byte	0
 1241 0550 0A       		.uleb128 0xa
 1242 0551 26000000 		.4byte	.LVL63
 1243 0555 DB020000 		.4byte	0x2db
 1244 0559 75050000 		.4byte	0x575
 1245 055d 0B       		.uleb128 0xb
 1246 055e 01       		.uleb128 0x1
 1247 055f 50       		.byte	0x50
 1248 0560 02       		.uleb128 0x2
 1249 0561 08       		.byte	0x8
 1250 0562 26       		.byte	0x26
 1251 0563 0B       		.uleb128 0xb
 1252 0564 01       		.uleb128 0x1
 1253 0565 51       		.byte	0x51
 1254 0566 01       		.uleb128 0x1
 1255 0567 45       		.byte	0x45
 1256 0568 0B       		.uleb128 0xb
 1257 0569 01       		.uleb128 0x1
 1258 056a 52       		.byte	0x52
 1259 056b 08       		.uleb128 0x8
 1260 056c 74       		.byte	0x74
 1261 056d 00       		.sleb128 0
 1262 056e 09       		.byte	0x9
 1263 056f F4       		.byte	0xf4
 1264 0570 24       		.byte	0x24
 1265 0571 09       		.byte	0x9
 1266 0572 FC       		.byte	0xfc
 1267 0573 25       		.byte	0x25
 1268 0574 00       		.byte	0
 1269 0575 0D       		.uleb128 0xd
 1270 0576 30000000 		.4byte	.LVL64
 1271 057a DB020000 		.4byte	0x2db
ARM GAS  C:\Users\HPz420\AppData\Local\Temp\ccnARKWM.s 			page 28


 1272 057e 0B       		.uleb128 0xb
 1273 057f 01       		.uleb128 0x1
 1274 0580 50       		.byte	0x50
 1275 0581 02       		.uleb128 0x2
 1276 0582 08       		.byte	0x8
 1277 0583 27       		.byte	0x27
 1278 0584 0B       		.uleb128 0xb
 1279 0585 01       		.uleb128 0x1
 1280 0586 51       		.byte	0x51
 1281 0587 01       		.uleb128 0x1
 1282 0588 45       		.byte	0x45
 1283 0589 0B       		.uleb128 0xb
 1284 058a 01       		.uleb128 0x1
 1285 058b 52       		.byte	0x52
 1286 058c 02       		.uleb128 0x2
 1287 058d 74       		.byte	0x74
 1288 058e 00       		.sleb128 0
 1289 058f 00       		.byte	0
 1290 0590 00       		.byte	0
 1291 0591 12       		.uleb128 0x12
 1292 0592 A3010000 		.4byte	.LASF39
 1293 0596 05       		.byte	0x5
 1294 0597 1207     		.2byte	0x712
 1295 0599 9D050000 		.4byte	0x59d
 1296 059d 13       		.uleb128 0x13
 1297 059e 76000000 		.4byte	0x76
 1298 05a2 14       		.uleb128 0x14
 1299 05a3 24030000 		.4byte	.LASF40
 1300 05a7 01       		.byte	0x1
 1301 05a8 22       		.byte	0x22
 1302 05a9 81000000 		.4byte	0x81
 1303 05ad 05       		.uleb128 0x5
 1304 05ae 03       		.byte	0x3
 1305 05af 00000000 		.4byte	FPData
 1306 05b3 14       		.uleb128 0x14
 1307 05b4 C1010000 		.4byte	.LASF41
 1308 05b8 01       		.byte	0x1
 1309 05b9 23       		.byte	0x23
 1310 05ba 8D000000 		.4byte	0x8d
 1311 05be 05       		.uleb128 0x5
 1312 05bf 03       		.byte	0x3
 1313 05c0 00000000 		.4byte	FPAddr
 1314 05c4 14       		.uleb128 0x14
 1315 05c5 0B010000 		.4byte	.LASF42
 1316 05c9 01       		.byte	0x1
 1317 05ca 24       		.byte	0x24
 1318 05cb 81000000 		.4byte	0x81
 1319 05cf 05       		.uleb128 0x5
 1320 05d0 03       		.byte	0x3
 1321 05d1 00000000 		.4byte	FPCtrl
 1322 05d5 14       		.uleb128 0x14
 1323 05d6 21010000 		.4byte	.LASF43
 1324 05da 01       		.byte	0x1
 1325 05db 25       		.byte	0x25
 1326 05dc 99000000 		.4byte	0x99
 1327 05e0 05       		.uleb128 0x5
 1328 05e1 03       		.byte	0x3
ARM GAS  C:\Users\HPz420\AppData\Local\Temp\ccnARKWM.s 			page 29


 1329 05e2 00000000 		.4byte	FPLong
 1330 05e6 15       		.uleb128 0x15
 1331 05e7 73000000 		.4byte	.LASF44
 1332 05eb 73000000 		.4byte	.LASF44
 1333 05ef 06       		.byte	0x6
 1334 05f0 A4       		.byte	0xa4
 1335 05f1 15       		.uleb128 0x15
 1336 05f2 8F010000 		.4byte	.LASF45
 1337 05f6 8F010000 		.4byte	.LASF45
 1338 05fa 06       		.byte	0x6
 1339 05fb B1       		.byte	0xb1
 1340 05fc 15       		.uleb128 0x15
 1341 05fd 54000000 		.4byte	.LASF46
 1342 0601 54000000 		.4byte	.LASF46
 1343 0605 06       		.byte	0x6
 1344 0606 B6       		.byte	0xb6
 1345 0607 15       		.uleb128 0x15
 1346 0608 12000000 		.4byte	.LASF47
 1347 060c 12000000 		.4byte	.LASF47
 1348 0610 06       		.byte	0x6
 1349 0611 B5       		.byte	0xb5
 1350 0612 15       		.uleb128 0x15
 1351 0613 07030000 		.4byte	.LASF48
 1352 0617 07030000 		.4byte	.LASF48
 1353 061b 06       		.byte	0x6
 1354 061c B7       		.byte	0xb7
 1355 061d 15       		.uleb128 0x15
 1356 061e 8D030000 		.4byte	.LASF49
 1357 0622 8D030000 		.4byte	.LASF49
 1358 0626 07       		.byte	0x7
 1359 0627 76       		.byte	0x76
 1360 0628 15       		.uleb128 0x15
 1361 0629 44010000 		.4byte	.LASF50
 1362 062d 44010000 		.4byte	.LASF50
 1363 0631 06       		.byte	0x6
 1364 0632 A7       		.byte	0xa7
 1365 0633 15       		.uleb128 0x15
 1366 0634 F6020000 		.4byte	.LASF51
 1367 0638 F6020000 		.4byte	.LASF51
 1368 063c 06       		.byte	0x6
 1369 063d A3       		.byte	0xa3
 1370 063e 00       		.byte	0
 1371              		.section	.debug_abbrev,"",%progbits
 1372              	.Ldebug_abbrev0:
 1373 0000 01       		.uleb128 0x1
 1374 0001 11       		.uleb128 0x11
 1375 0002 01       		.byte	0x1
 1376 0003 25       		.uleb128 0x25
 1377 0004 0E       		.uleb128 0xe
 1378 0005 13       		.uleb128 0x13
 1379 0006 0B       		.uleb128 0xb
 1380 0007 03       		.uleb128 0x3
 1381 0008 0E       		.uleb128 0xe
 1382 0009 1B       		.uleb128 0x1b
 1383 000a 0E       		.uleb128 0xe
 1384 000b 55       		.uleb128 0x55
 1385 000c 17       		.uleb128 0x17
ARM GAS  C:\Users\HPz420\AppData\Local\Temp\ccnARKWM.s 			page 30


 1386 000d 11       		.uleb128 0x11
 1387 000e 01       		.uleb128 0x1
 1388 000f 10       		.uleb128 0x10
 1389 0010 17       		.uleb128 0x17
 1390 0011 00       		.byte	0
 1391 0012 00       		.byte	0
 1392 0013 02       		.uleb128 0x2
 1393 0014 24       		.uleb128 0x24
 1394 0015 00       		.byte	0
 1395 0016 0B       		.uleb128 0xb
 1396 0017 0B       		.uleb128 0xb
 1397 0018 3E       		.uleb128 0x3e
 1398 0019 0B       		.uleb128 0xb
 1399 001a 03       		.uleb128 0x3
 1400 001b 0E       		.uleb128 0xe
 1401 001c 00       		.byte	0
 1402 001d 00       		.byte	0
 1403 001e 03       		.uleb128 0x3
 1404 001f 16       		.uleb128 0x16
 1405 0020 00       		.byte	0
 1406 0021 03       		.uleb128 0x3
 1407 0022 0E       		.uleb128 0xe
 1408 0023 3A       		.uleb128 0x3a
 1409 0024 0B       		.uleb128 0xb
 1410 0025 3B       		.uleb128 0x3b
 1411 0026 0B       		.uleb128 0xb
 1412 0027 49       		.uleb128 0x49
 1413 0028 13       		.uleb128 0x13
 1414 0029 00       		.byte	0
 1415 002a 00       		.byte	0
 1416 002b 04       		.uleb128 0x4
 1417 002c 24       		.uleb128 0x24
 1418 002d 00       		.byte	0
 1419 002e 0B       		.uleb128 0xb
 1420 002f 0B       		.uleb128 0xb
 1421 0030 3E       		.uleb128 0x3e
 1422 0031 0B       		.uleb128 0xb
 1423 0032 03       		.uleb128 0x3
 1424 0033 08       		.uleb128 0x8
 1425 0034 00       		.byte	0
 1426 0035 00       		.byte	0
 1427 0036 05       		.uleb128 0x5
 1428 0037 16       		.uleb128 0x16
 1429 0038 00       		.byte	0
 1430 0039 03       		.uleb128 0x3
 1431 003a 0E       		.uleb128 0xe
 1432 003b 3A       		.uleb128 0x3a
 1433 003c 0B       		.uleb128 0xb
 1434 003d 3B       		.uleb128 0x3b
 1435 003e 05       		.uleb128 0x5
 1436 003f 49       		.uleb128 0x49
 1437 0040 13       		.uleb128 0x13
 1438 0041 00       		.byte	0
 1439 0042 00       		.byte	0
 1440 0043 06       		.uleb128 0x6
 1441 0044 2E       		.uleb128 0x2e
 1442 0045 01       		.byte	0x1
ARM GAS  C:\Users\HPz420\AppData\Local\Temp\ccnARKWM.s 			page 31


 1443 0046 3F       		.uleb128 0x3f
 1444 0047 19       		.uleb128 0x19
 1445 0048 03       		.uleb128 0x3
 1446 0049 0E       		.uleb128 0xe
 1447 004a 3A       		.uleb128 0x3a
 1448 004b 0B       		.uleb128 0xb
 1449 004c 3B       		.uleb128 0x3b
 1450 004d 0B       		.uleb128 0xb
 1451 004e 27       		.uleb128 0x27
 1452 004f 19       		.uleb128 0x19
 1453 0050 49       		.uleb128 0x49
 1454 0051 13       		.uleb128 0x13
 1455 0052 11       		.uleb128 0x11
 1456 0053 01       		.uleb128 0x1
 1457 0054 12       		.uleb128 0x12
 1458 0055 06       		.uleb128 0x6
 1459 0056 40       		.uleb128 0x40
 1460 0057 18       		.uleb128 0x18
 1461 0058 9742     		.uleb128 0x2117
 1462 005a 19       		.uleb128 0x19
 1463 005b 01       		.uleb128 0x1
 1464 005c 13       		.uleb128 0x13
 1465 005d 00       		.byte	0
 1466 005e 00       		.byte	0
 1467 005f 07       		.uleb128 0x7
 1468 0060 05       		.uleb128 0x5
 1469 0061 00       		.byte	0
 1470 0062 03       		.uleb128 0x3
 1471 0063 0E       		.uleb128 0xe
 1472 0064 3A       		.uleb128 0x3a
 1473 0065 0B       		.uleb128 0xb
 1474 0066 3B       		.uleb128 0x3b
 1475 0067 0B       		.uleb128 0xb
 1476 0068 49       		.uleb128 0x49
 1477 0069 13       		.uleb128 0x13
 1478 006a 02       		.uleb128 0x2
 1479 006b 17       		.uleb128 0x17
 1480 006c 00       		.byte	0
 1481 006d 00       		.byte	0
 1482 006e 08       		.uleb128 0x8
 1483 006f 34       		.uleb128 0x34
 1484 0070 00       		.byte	0
 1485 0071 03       		.uleb128 0x3
 1486 0072 0E       		.uleb128 0xe
 1487 0073 3A       		.uleb128 0x3a
 1488 0074 0B       		.uleb128 0xb
 1489 0075 3B       		.uleb128 0x3b
 1490 0076 0B       		.uleb128 0xb
 1491 0077 49       		.uleb128 0x49
 1492 0078 13       		.uleb128 0x13
 1493 0079 02       		.uleb128 0x2
 1494 007a 18       		.uleb128 0x18
 1495 007b 00       		.byte	0
 1496 007c 00       		.byte	0
 1497 007d 09       		.uleb128 0x9
 1498 007e 898201   		.uleb128 0x4109
 1499 0081 00       		.byte	0
ARM GAS  C:\Users\HPz420\AppData\Local\Temp\ccnARKWM.s 			page 32


 1500 0082 11       		.uleb128 0x11
 1501 0083 01       		.uleb128 0x1
 1502 0084 31       		.uleb128 0x31
 1503 0085 13       		.uleb128 0x13
 1504 0086 00       		.byte	0
 1505 0087 00       		.byte	0
 1506 0088 0A       		.uleb128 0xa
 1507 0089 898201   		.uleb128 0x4109
 1508 008c 01       		.byte	0x1
 1509 008d 11       		.uleb128 0x11
 1510 008e 01       		.uleb128 0x1
 1511 008f 31       		.uleb128 0x31
 1512 0090 13       		.uleb128 0x13
 1513 0091 01       		.uleb128 0x1
 1514 0092 13       		.uleb128 0x13
 1515 0093 00       		.byte	0
 1516 0094 00       		.byte	0
 1517 0095 0B       		.uleb128 0xb
 1518 0096 8A8201   		.uleb128 0x410a
 1519 0099 00       		.byte	0
 1520 009a 02       		.uleb128 0x2
 1521 009b 18       		.uleb128 0x18
 1522 009c 9142     		.uleb128 0x2111
 1523 009e 18       		.uleb128 0x18
 1524 009f 00       		.byte	0
 1525 00a0 00       		.byte	0
 1526 00a1 0C       		.uleb128 0xc
 1527 00a2 34       		.uleb128 0x34
 1528 00a3 00       		.byte	0
 1529 00a4 03       		.uleb128 0x3
 1530 00a5 0E       		.uleb128 0xe
 1531 00a6 3A       		.uleb128 0x3a
 1532 00a7 0B       		.uleb128 0xb
 1533 00a8 3B       		.uleb128 0x3b
 1534 00a9 0B       		.uleb128 0xb
 1535 00aa 49       		.uleb128 0x49
 1536 00ab 13       		.uleb128 0x13
 1537 00ac 02       		.uleb128 0x2
 1538 00ad 17       		.uleb128 0x17
 1539 00ae 00       		.byte	0
 1540 00af 00       		.byte	0
 1541 00b0 0D       		.uleb128 0xd
 1542 00b1 898201   		.uleb128 0x4109
 1543 00b4 01       		.byte	0x1
 1544 00b5 11       		.uleb128 0x11
 1545 00b6 01       		.uleb128 0x1
 1546 00b7 31       		.uleb128 0x31
 1547 00b8 13       		.uleb128 0x13
 1548 00b9 00       		.byte	0
 1549 00ba 00       		.byte	0
 1550 00bb 0E       		.uleb128 0xe
 1551 00bc 34       		.uleb128 0x34
 1552 00bd 00       		.byte	0
 1553 00be 03       		.uleb128 0x3
 1554 00bf 0E       		.uleb128 0xe
 1555 00c0 3A       		.uleb128 0x3a
 1556 00c1 0B       		.uleb128 0xb
ARM GAS  C:\Users\HPz420\AppData\Local\Temp\ccnARKWM.s 			page 33


 1557 00c2 3B       		.uleb128 0x3b
 1558 00c3 0B       		.uleb128 0xb
 1559 00c4 49       		.uleb128 0x49
 1560 00c5 13       		.uleb128 0x13
 1561 00c6 1C       		.uleb128 0x1c
 1562 00c7 0B       		.uleb128 0xb
 1563 00c8 00       		.byte	0
 1564 00c9 00       		.byte	0
 1565 00ca 0F       		.uleb128 0xf
 1566 00cb 2E       		.uleb128 0x2e
 1567 00cc 01       		.byte	0x1
 1568 00cd 3F       		.uleb128 0x3f
 1569 00ce 19       		.uleb128 0x19
 1570 00cf 03       		.uleb128 0x3
 1571 00d0 0E       		.uleb128 0xe
 1572 00d1 3A       		.uleb128 0x3a
 1573 00d2 0B       		.uleb128 0xb
 1574 00d3 3B       		.uleb128 0x3b
 1575 00d4 0B       		.uleb128 0xb
 1576 00d5 27       		.uleb128 0x27
 1577 00d6 19       		.uleb128 0x19
 1578 00d7 11       		.uleb128 0x11
 1579 00d8 01       		.uleb128 0x1
 1580 00d9 12       		.uleb128 0x12
 1581 00da 06       		.uleb128 0x6
 1582 00db 40       		.uleb128 0x40
 1583 00dc 18       		.uleb128 0x18
 1584 00dd 9742     		.uleb128 0x2117
 1585 00df 19       		.uleb128 0x19
 1586 00e0 01       		.uleb128 0x1
 1587 00e1 13       		.uleb128 0x13
 1588 00e2 00       		.byte	0
 1589 00e3 00       		.byte	0
 1590 00e4 10       		.uleb128 0x10
 1591 00e5 01       		.uleb128 0x1
 1592 00e6 01       		.byte	0x1
 1593 00e7 49       		.uleb128 0x49
 1594 00e8 13       		.uleb128 0x13
 1595 00e9 01       		.uleb128 0x1
 1596 00ea 13       		.uleb128 0x13
 1597 00eb 00       		.byte	0
 1598 00ec 00       		.byte	0
 1599 00ed 11       		.uleb128 0x11
 1600 00ee 21       		.uleb128 0x21
 1601 00ef 00       		.byte	0
 1602 00f0 49       		.uleb128 0x49
 1603 00f1 13       		.uleb128 0x13
 1604 00f2 2F       		.uleb128 0x2f
 1605 00f3 0B       		.uleb128 0xb
 1606 00f4 00       		.byte	0
 1607 00f5 00       		.byte	0
 1608 00f6 12       		.uleb128 0x12
 1609 00f7 34       		.uleb128 0x34
 1610 00f8 00       		.byte	0
 1611 00f9 03       		.uleb128 0x3
 1612 00fa 0E       		.uleb128 0xe
 1613 00fb 3A       		.uleb128 0x3a
ARM GAS  C:\Users\HPz420\AppData\Local\Temp\ccnARKWM.s 			page 34


 1614 00fc 0B       		.uleb128 0xb
 1615 00fd 3B       		.uleb128 0x3b
 1616 00fe 05       		.uleb128 0x5
 1617 00ff 49       		.uleb128 0x49
 1618 0100 13       		.uleb128 0x13
 1619 0101 3F       		.uleb128 0x3f
 1620 0102 19       		.uleb128 0x19
 1621 0103 3C       		.uleb128 0x3c
 1622 0104 19       		.uleb128 0x19
 1623 0105 00       		.byte	0
 1624 0106 00       		.byte	0
 1625 0107 13       		.uleb128 0x13
 1626 0108 35       		.uleb128 0x35
 1627 0109 00       		.byte	0
 1628 010a 49       		.uleb128 0x49
 1629 010b 13       		.uleb128 0x13
 1630 010c 00       		.byte	0
 1631 010d 00       		.byte	0
 1632 010e 14       		.uleb128 0x14
 1633 010f 34       		.uleb128 0x34
 1634 0110 00       		.byte	0
 1635 0111 03       		.uleb128 0x3
 1636 0112 0E       		.uleb128 0xe
 1637 0113 3A       		.uleb128 0x3a
 1638 0114 0B       		.uleb128 0xb
 1639 0115 3B       		.uleb128 0x3b
 1640 0116 0B       		.uleb128 0xb
 1641 0117 49       		.uleb128 0x49
 1642 0118 13       		.uleb128 0x13
 1643 0119 3F       		.uleb128 0x3f
 1644 011a 19       		.uleb128 0x19
 1645 011b 02       		.uleb128 0x2
 1646 011c 18       		.uleb128 0x18
 1647 011d 00       		.byte	0
 1648 011e 00       		.byte	0
 1649 011f 15       		.uleb128 0x15
 1650 0120 2E       		.uleb128 0x2e
 1651 0121 00       		.byte	0
 1652 0122 3F       		.uleb128 0x3f
 1653 0123 19       		.uleb128 0x19
 1654 0124 3C       		.uleb128 0x3c
 1655 0125 19       		.uleb128 0x19
 1656 0126 6E       		.uleb128 0x6e
 1657 0127 0E       		.uleb128 0xe
 1658 0128 03       		.uleb128 0x3
 1659 0129 0E       		.uleb128 0xe
 1660 012a 3A       		.uleb128 0x3a
 1661 012b 0B       		.uleb128 0xb
 1662 012c 3B       		.uleb128 0x3b
 1663 012d 0B       		.uleb128 0xb
 1664 012e 00       		.byte	0
 1665 012f 00       		.byte	0
 1666 0130 00       		.byte	0
 1667              		.section	.debug_loc,"",%progbits
 1668              	.Ldebug_loc0:
 1669              	.LLST0:
 1670 0000 00000000 		.4byte	.LVL0
ARM GAS  C:\Users\HPz420\AppData\Local\Temp\ccnARKWM.s 			page 35


 1671 0004 09000000 		.4byte	.LVL1-1
 1672 0008 0100     		.2byte	0x1
 1673 000a 50       		.byte	0x50
 1674 000b 09000000 		.4byte	.LVL1-1
 1675 000f 38000000 		.4byte	.LFE68
 1676 0013 0400     		.2byte	0x4
 1677 0015 F3       		.byte	0xf3
 1678 0016 01       		.uleb128 0x1
 1679 0017 50       		.byte	0x50
 1680 0018 9F       		.byte	0x9f
 1681 0019 00000000 		.4byte	0
 1682 001d 00000000 		.4byte	0
 1683              	.LLST1:
 1684 0021 00000000 		.4byte	.LVL0
 1685 0025 09000000 		.4byte	.LVL1-1
 1686 0029 0100     		.2byte	0x1
 1687 002b 51       		.byte	0x51
 1688 002c 09000000 		.4byte	.LVL1-1
 1689 0030 38000000 		.4byte	.LFE68
 1690 0034 0400     		.2byte	0x4
 1691 0036 F3       		.byte	0xf3
 1692 0037 01       		.uleb128 0x1
 1693 0038 51       		.byte	0x51
 1694 0039 9F       		.byte	0x9f
 1695 003a 00000000 		.4byte	0
 1696 003e 00000000 		.4byte	0
 1697              	.LLST2:
 1698 0042 02000000 		.4byte	.LVL10
 1699 0046 0A000000 		.4byte	.LVL11
 1700 004a 0200     		.2byte	0x2
 1701 004c 30       		.byte	0x30
 1702 004d 9F       		.byte	0x9f
 1703 004e 0A000000 		.4byte	.LVL11
 1704 0052 0C000000 		.4byte	.LVL12
 1705 0056 0100     		.2byte	0x1
 1706 0058 50       		.byte	0x50
 1707 0059 0C000000 		.4byte	.LVL12
 1708 005d 16000000 		.4byte	.LVL14
 1709 0061 0100     		.2byte	0x1
 1710 0063 54       		.byte	0x54
 1711 0064 16000000 		.4byte	.LVL14
 1712 0068 18000000 		.4byte	.LVL15
 1713 006c 0100     		.2byte	0x1
 1714 006e 50       		.byte	0x50
 1715 006f 18000000 		.4byte	.LVL15
 1716 0073 22000000 		.4byte	.LVL17
 1717 0077 0100     		.2byte	0x1
 1718 0079 54       		.byte	0x54
 1719 007a 22000000 		.4byte	.LVL17
 1720 007e 24000000 		.4byte	.LVL18
 1721 0082 0100     		.2byte	0x1
 1722 0084 50       		.byte	0x50
 1723 0085 24000000 		.4byte	.LVL18
 1724 0089 2C000000 		.4byte	.LVL19
 1725 008d 0100     		.2byte	0x1
 1726 008f 54       		.byte	0x54
 1727 0090 2C000000 		.4byte	.LVL19
ARM GAS  C:\Users\HPz420\AppData\Local\Temp\ccnARKWM.s 			page 36


 1728 0094 2E000000 		.4byte	.LVL20
 1729 0098 0600     		.2byte	0x6
 1730 009a 70       		.byte	0x70
 1731 009b 00       		.sleb128 0
 1732 009c 74       		.byte	0x74
 1733 009d 00       		.sleb128 0
 1734 009e 21       		.byte	0x21
 1735 009f 9F       		.byte	0x9f
 1736 00a0 2E000000 		.4byte	.LVL20
 1737 00a4 30000000 		.4byte	.LFE66
 1738 00a8 0100     		.2byte	0x1
 1739 00aa 50       		.byte	0x50
 1740 00ab 00000000 		.4byte	0
 1741 00af 00000000 		.4byte	0
 1742              	.LLST3:
 1743 00b3 06000000 		.4byte	.LVL22
 1744 00b7 1C000000 		.4byte	.LVL25
 1745 00bb 0100     		.2byte	0x1
 1746 00bd 50       		.byte	0x50
 1747 00be 1C000000 		.4byte	.LVL25
 1748 00c2 24000000 		.4byte	.LVL28
 1749 00c6 0100     		.2byte	0x1
 1750 00c8 55       		.byte	0x55
 1751 00c9 28000000 		.4byte	.LVL29
 1752 00cd 30000000 		.4byte	.LVL30
 1753 00d1 0100     		.2byte	0x1
 1754 00d3 50       		.byte	0x50
 1755 00d4 30000000 		.4byte	.LVL30
 1756 00d8 32000000 		.4byte	.LVL31
 1757 00dc 0100     		.2byte	0x1
 1758 00de 55       		.byte	0x55
 1759 00df 32000000 		.4byte	.LVL31
 1760 00e3 34000000 		.4byte	.LVL32
 1761 00e7 0100     		.2byte	0x1
 1762 00e9 50       		.byte	0x50
 1763 00ea 00000000 		.4byte	0
 1764 00ee 00000000 		.4byte	0
 1765              	.LLST4:
 1766 00f2 02000000 		.4byte	.LVL21
 1767 00f6 10000000 		.4byte	.LVL23
 1768 00fa 0200     		.2byte	0x2
 1769 00fc 30       		.byte	0x30
 1770 00fd 9F       		.byte	0x9f
 1771 00fe 10000000 		.4byte	.LVL23
 1772 0102 32000000 		.4byte	.LVL31
 1773 0106 0100     		.2byte	0x1
 1774 0108 57       		.byte	0x57
 1775 0109 32000000 		.4byte	.LVL31
 1776 010d 36000000 		.4byte	.LFE64
 1777 0111 0200     		.2byte	0x2
 1778 0113 30       		.byte	0x30
 1779 0114 9F       		.byte	0x9f
 1780 0115 00000000 		.4byte	0
 1781 0119 00000000 		.4byte	0
 1782              	.LLST5:
 1783 011d 02000000 		.4byte	.LVL21
 1784 0121 10000000 		.4byte	.LVL23
ARM GAS  C:\Users\HPz420\AppData\Local\Temp\ccnARKWM.s 			page 37


 1785 0125 0200     		.2byte	0x2
 1786 0127 30       		.byte	0x30
 1787 0128 9F       		.byte	0x9f
 1788 0129 10000000 		.4byte	.LVL23
 1789 012d 1C000000 		.4byte	.LVL25
 1790 0131 0100     		.2byte	0x1
 1791 0133 50       		.byte	0x50
 1792 0134 1C000000 		.4byte	.LVL25
 1793 0138 24000000 		.4byte	.LVL28
 1794 013c 0100     		.2byte	0x1
 1795 013e 55       		.byte	0x55
 1796 013f 24000000 		.4byte	.LVL28
 1797 0143 32000000 		.4byte	.LVL31
 1798 0147 0100     		.2byte	0x1
 1799 0149 54       		.byte	0x54
 1800 014a 32000000 		.4byte	.LVL31
 1801 014e 36000000 		.4byte	.LFE64
 1802 0152 0200     		.2byte	0x2
 1803 0154 30       		.byte	0x30
 1804 0155 9F       		.byte	0x9f
 1805 0156 00000000 		.4byte	0
 1806 015a 00000000 		.4byte	0
 1807              	.LLST6:
 1808 015e 02000000 		.4byte	.LVL21
 1809 0162 10000000 		.4byte	.LVL23
 1810 0166 0200     		.2byte	0x2
 1811 0168 30       		.byte	0x30
 1812 0169 9F       		.byte	0x9f
 1813 016a 10000000 		.4byte	.LVL23
 1814 016e 24000000 		.4byte	.LVL28
 1815 0172 0100     		.2byte	0x1
 1816 0174 54       		.byte	0x54
 1817 0175 24000000 		.4byte	.LVL28
 1818 0179 32000000 		.4byte	.LVL31
 1819 017d 0100     		.2byte	0x1
 1820 017f 56       		.byte	0x56
 1821 0180 32000000 		.4byte	.LVL31
 1822 0184 36000000 		.4byte	.LFE64
 1823 0188 0200     		.2byte	0x2
 1824 018a 30       		.byte	0x30
 1825 018b 9F       		.byte	0x9f
 1826 018c 00000000 		.4byte	0
 1827 0190 00000000 		.4byte	0
 1828              	.LLST7:
 1829 0194 02000000 		.4byte	.LVL21
 1830 0198 10000000 		.4byte	.LVL23
 1831 019c 0200     		.2byte	0x2
 1832 019e 30       		.byte	0x30
 1833 019f 9F       		.byte	0x9f
 1834 01a0 10000000 		.4byte	.LVL23
 1835 01a4 22000000 		.4byte	.LVL27
 1836 01a8 0100     		.2byte	0x1
 1837 01aa 56       		.byte	0x56
 1838 01ab 32000000 		.4byte	.LVL31
 1839 01af 36000000 		.4byte	.LFE64
 1840 01b3 0200     		.2byte	0x2
 1841 01b5 30       		.byte	0x30
ARM GAS  C:\Users\HPz420\AppData\Local\Temp\ccnARKWM.s 			page 38


 1842 01b6 9F       		.byte	0x9f
 1843 01b7 00000000 		.4byte	0
 1844 01bb 00000000 		.4byte	0
 1845              	.LLST8:
 1846 01bf 02000000 		.4byte	.LVL33
 1847 01c3 06000000 		.4byte	.LVL34
 1848 01c7 0200     		.2byte	0x2
 1849 01c9 30       		.byte	0x30
 1850 01ca 9F       		.byte	0x9f
 1851 01cb 06000000 		.4byte	.LVL34
 1852 01cf 09000000 		.4byte	.LVL35-1
 1853 01d3 0100     		.2byte	0x1
 1854 01d5 53       		.byte	0x53
 1855 01d6 0A000000 		.4byte	.LVL35
 1856 01da 0E000000 		.4byte	.LVL36
 1857 01de 0100     		.2byte	0x1
 1858 01e0 50       		.byte	0x50
 1859 01e1 0E000000 		.4byte	.LVL36
 1860 01e5 16000000 		.4byte	.LVL37
 1861 01e9 0100     		.2byte	0x1
 1862 01eb 53       		.byte	0x53
 1863 01ec 16000000 		.4byte	.LVL37
 1864 01f0 18000000 		.4byte	.LFE65
 1865 01f4 0100     		.2byte	0x1
 1866 01f6 50       		.byte	0x50
 1867 01f7 00000000 		.4byte	0
 1868 01fb 00000000 		.4byte	0
 1869              	.LLST9:
 1870 01ff 00000000 		.4byte	.LVL38
 1871 0203 0D000000 		.4byte	.LVL39-1
 1872 0207 0100     		.2byte	0x1
 1873 0209 50       		.byte	0x50
 1874 020a 0D000000 		.4byte	.LVL39-1
 1875 020e 34000000 		.4byte	.LFE69
 1876 0212 0400     		.2byte	0x4
 1877 0214 F3       		.byte	0xf3
 1878 0215 01       		.uleb128 0x1
 1879 0216 50       		.byte	0x50
 1880 0217 9F       		.byte	0x9f
 1881 0218 00000000 		.4byte	0
 1882 021c 00000000 		.4byte	0
 1883              	.LLST10:
 1884 0220 00000000 		.4byte	.LVL38
 1885 0224 0D000000 		.4byte	.LVL39-1
 1886 0228 0100     		.2byte	0x1
 1887 022a 51       		.byte	0x51
 1888 022b 0D000000 		.4byte	.LVL39-1
 1889 022f 34000000 		.4byte	.LFE69
 1890 0233 0400     		.2byte	0x4
 1891 0235 F3       		.byte	0xf3
 1892 0236 01       		.uleb128 0x1
 1893 0237 51       		.byte	0x51
 1894 0238 9F       		.byte	0x9f
 1895 0239 00000000 		.4byte	0
 1896 023d 00000000 		.4byte	0
 1897              	.LLST11:
 1898 0241 00000000 		.4byte	.LVL38
ARM GAS  C:\Users\HPz420\AppData\Local\Temp\ccnARKWM.s 			page 39


 1899 0245 0D000000 		.4byte	.LVL39-1
 1900 0249 0100     		.2byte	0x1
 1901 024b 52       		.byte	0x52
 1902 024c 0D000000 		.4byte	.LVL39-1
 1903 0250 34000000 		.4byte	.LFE69
 1904 0254 0400     		.2byte	0x4
 1905 0256 F3       		.byte	0xf3
 1906 0257 01       		.uleb128 0x1
 1907 0258 52       		.byte	0x52
 1908 0259 9F       		.byte	0x9f
 1909 025a 00000000 		.4byte	0
 1910 025e 00000000 		.4byte	0
 1911              	.LLST12:
 1912 0262 02000000 		.4byte	.LVL43
 1913 0266 06000000 		.4byte	.LVL44
 1914 026a 0300     		.2byte	0x3
 1915 026c 08       		.byte	0x8
 1916 026d 24       		.byte	0x24
 1917 026e 9F       		.byte	0x9f
 1918 026f 06000000 		.4byte	.LVL44
 1919 0273 74000000 		.4byte	.LVL56
 1920 0277 0100     		.2byte	0x1
 1921 0279 54       		.byte	0x54
 1922 027a 76000000 		.4byte	.LVL57
 1923 027e 8E000000 		.4byte	.LVL58
 1924 0282 0100     		.2byte	0x1
 1925 0284 54       		.byte	0x54
 1926 0285 00000000 		.4byte	0
 1927 0289 00000000 		.4byte	0
 1928              	.LLST13:
 1929 028d 00000000 		.4byte	.LVL59
 1930 0291 0A000000 		.4byte	.LVL60
 1931 0295 0100     		.2byte	0x1
 1932 0297 50       		.byte	0x50
 1933 0298 0A000000 		.4byte	.LVL60
 1934 029c 32000000 		.4byte	.LFE67
 1935 02a0 0100     		.2byte	0x1
 1936 02a2 54       		.byte	0x54
 1937 02a3 00000000 		.4byte	0
 1938 02a7 00000000 		.4byte	0
 1939              		.section	.debug_aranges,"",%progbits
 1940 0000 4C000000 		.4byte	0x4c
 1941 0004 0200     		.2byte	0x2
 1942 0006 00000000 		.4byte	.Ldebug_info0
 1943 000a 04       		.byte	0x4
 1944 000b 00       		.byte	0
 1945 000c 0000     		.2byte	0
 1946 000e 0000     		.2byte	0
 1947 0010 00000000 		.4byte	.LFB68
 1948 0014 38000000 		.4byte	.LFE68-.LFB68
 1949 0018 00000000 		.4byte	.LFB66
 1950 001c 30000000 		.4byte	.LFE66-.LFB66
 1951 0020 00000000 		.4byte	.LFB64
 1952 0024 36000000 		.4byte	.LFE64-.LFB64
 1953 0028 00000000 		.4byte	.LFB65
 1954 002c 18000000 		.4byte	.LFE65-.LFB65
 1955 0030 00000000 		.4byte	.LFB69
ARM GAS  C:\Users\HPz420\AppData\Local\Temp\ccnARKWM.s 			page 40


 1956 0034 34000000 		.4byte	.LFE69-.LFB69
 1957 0038 00000000 		.4byte	.LFB63
 1958 003c A0000000 		.4byte	.LFE63-.LFB63
 1959 0040 00000000 		.4byte	.LFB67
 1960 0044 32000000 		.4byte	.LFE67-.LFB67
 1961 0048 00000000 		.4byte	0
 1962 004c 00000000 		.4byte	0
 1963              		.section	.debug_ranges,"",%progbits
 1964              	.Ldebug_ranges0:
 1965 0000 00000000 		.4byte	.LFB68
 1966 0004 38000000 		.4byte	.LFE68
 1967 0008 00000000 		.4byte	.LFB66
 1968 000c 30000000 		.4byte	.LFE66
 1969 0010 00000000 		.4byte	.LFB64
 1970 0014 36000000 		.4byte	.LFE64
 1971 0018 00000000 		.4byte	.LFB65
 1972 001c 18000000 		.4byte	.LFE65
 1973 0020 00000000 		.4byte	.LFB69
 1974 0024 34000000 		.4byte	.LFE69
 1975 0028 00000000 		.4byte	.LFB63
 1976 002c A0000000 		.4byte	.LFE63
 1977 0030 00000000 		.4byte	.LFB67
 1978 0034 32000000 		.4byte	.LFE67
 1979 0038 00000000 		.4byte	0
 1980 003c 00000000 		.4byte	0
 1981              		.section	.debug_line,"",%progbits
 1982              	.Ldebug_line0:
 1983 0000 75020000 		.section	.debug_str,"MS",%progbits,1
 1983      02006601 
 1983      00000201 
 1983      FB0E0D00 
 1983      01010101 
 1984              	.LASF34:
 1985 0000 4D435032 		.ascii	"MCP23017_WrBuffer\000"
 1985      33303137 
 1985      5F577242 
 1985      75666665 
 1985      7200
 1986              	.LASF47:
 1987 0012 4932435F 		.ascii	"I2C_MasterSendStop\000"
 1987      4D617374 
 1987      65725365 
 1987      6E645374 
 1987      6F7000
 1988              	.LASF22:
 1989 0025 72656164 		.ascii	"readFrontPanelSwitchesStatic\000"
 1989      46726F6E 
 1989      7450616E 
 1989      656C5377 
 1989      69746368 
 1990              	.LASF33:
 1991 0042 6374726C 		.ascii	"ctrlVal\000"
 1991      56616C00 
 1992              	.LASF9:
 1993 004a 5F5F696E 		.ascii	"__int32_t\000"
 1993      7433325F 
 1993      7400
ARM GAS  C:\Users\HPz420\AppData\Local\Temp\ccnARKWM.s 			page 41


 1994              	.LASF46:
 1995 0054 4932435F 		.ascii	"I2C_MasterWriteByte\000"
 1995      4D617374 
 1995      65725772 
 1995      69746542 
 1995      79746500 
 1996              	.LASF31:
 1997 0068 6B657950 		.ascii	"keyPressed\000"
 1997      72657373 
 1997      656400
 1998              	.LASF44:
 1999 0073 4932435F 		.ascii	"I2C_MasterClearStatus\000"
 1999      4D617374 
 1999      6572436C 
 1999      65617253 
 1999      74617475 
 2000              	.LASF21:
 2001 0089 72656164 		.ascii	"readRegister_MCP23017\000"
 2001      52656769 
 2001      73746572 
 2001      5F4D4350 
 2001      32333031 
 2002              	.LASF54:
 2003 009f 433A5C55 		.ascii	"C:\\Users\\HPz420\\Documents\\GitHub\\Retro-Compute"
 2003      73657273 
 2003      5C48507A 
 2003      3432305C 
 2003      446F6375 
 2004 00cd 72735C5A 		.ascii	"rs\\Z80\\PSOC\\PSOC_Design_Files\\Z80-PSoC-3-Chips\\"
 2004      38305C50 
 2004      534F435C 
 2004      50534F43 
 2004      5F446573 
 2005 00fc 5A38305F 		.ascii	"Z80_3Pin.cydsn\000"
 2005      3350696E 
 2005      2E637964 
 2005      736E00
 2006              	.LASF42:
 2007 010b 46504374 		.ascii	"FPCtrl\000"
 2007      726C00
 2008              	.LASF27:
 2009 0112 72657456 		.ascii	"retVal\000"
 2009      616C00
 2010              	.LASF10:
 2011 0119 696E7433 		.ascii	"int32_t\000"
 2011      325F7400 
 2012              	.LASF43:
 2013 0121 46504C6F 		.ascii	"FPLong\000"
 2013      6E6700
 2014              	.LASF14:
 2015 0128 666C6F61 		.ascii	"float\000"
 2015      7400
 2016              	.LASF30:
 2017 012e 76616C4D 		.ascii	"valMin3\000"
 2017      696E3300 
 2018              	.LASF1:
 2019 0136 756E7369 		.ascii	"unsigned char\000"
ARM GAS  C:\Users\HPz420\AppData\Local\Temp\ccnARKWM.s 			page 42


 2019      676E6564 
 2019      20636861 
 2019      7200
 2020              	.LASF50:
 2021 0144 4932435F 		.ascii	"I2C_MasterWriteBuf\000"
 2021      4D617374 
 2021      65725772 
 2021      69746542 
 2021      756600
 2022              	.LASF38:
 2023 0157 6C656473 		.ascii	"ledsVal\000"
 2023      56616C00 
 2024              	.LASF5:
 2025 015f 6C6F6E67 		.ascii	"long unsigned int\000"
 2025      20756E73 
 2025      69676E65 
 2025      6420696E 
 2025      7400
 2026              	.LASF3:
 2027 0171 73686F72 		.ascii	"short unsigned int\000"
 2027      7420756E 
 2027      7369676E 
 2027      65642069 
 2027      6E7400
 2028              	.LASF24:
 2029 0184 73776974 		.ascii	"switchVals\000"
 2029      63685661 
 2029      6C7300
 2030              	.LASF45:
 2031 018f 4932435F 		.ascii	"I2C_MasterSendStart\000"
 2031      4D617374 
 2031      65725365 
 2031      6E645374 
 2031      61727400 
 2032              	.LASF39:
 2033 01a3 49544D5F 		.ascii	"ITM_RxBuffer\000"
 2033      52784275 
 2033      66666572 
 2033      00
 2034              	.LASF20:
 2035 01b0 6374726C 		.ascii	"ctrlAdr\000"
 2035      41647200 
 2036              	.LASF19:
 2037 01b8 63686970 		.ascii	"chipAddr\000"
 2037      41646472 
 2037      00
 2038              	.LASF41:
 2039 01c1 46504164 		.ascii	"FPAddr\000"
 2039      647200
 2040              	.LASF12:
 2041 01c8 75696E74 		.ascii	"uint16\000"
 2041      313600
 2042              	.LASF13:
 2043 01cf 75696E74 		.ascii	"uint32\000"
 2043      333200
 2044              	.LASF8:
 2045 01d6 756E7369 		.ascii	"unsigned int\000"
ARM GAS  C:\Users\HPz420\AppData\Local\Temp\ccnARKWM.s 			page 43


 2045      676E6564 
 2045      20696E74 
 2045      00
 2046              	.LASF7:
 2047 01e3 6C6F6E67 		.ascii	"long long unsigned int\000"
 2047      206C6F6E 
 2047      6720756E 
 2047      7369676E 
 2047      65642069 
 2048              	.LASF37:
 2049 01fa 77726974 		.ascii	"writeFrontPanelLEDs\000"
 2049      6546726F 
 2049      6E745061 
 2049      6E656C4C 
 2049      45447300 
 2050              	.LASF26:
 2051 020e 72645661 		.ascii	"rdVal\000"
 2051      6C00
 2052              	.LASF0:
 2053 0214 7369676E 		.ascii	"signed char\000"
 2053      65642063 
 2053      68617200 
 2054              	.LASF52:
 2055 0220 474E5520 		.ascii	"GNU C11 5.4.1 20160609 (release) [ARM/embedded-5-br"
 2055      43313120 
 2055      352E342E 
 2055      31203230 
 2055      31363036 
 2056 0253 616E6368 		.ascii	"anch revision 237715] -mcpu=cortex-m3 -mthumb -g -O"
 2056      20726576 
 2056      6973696F 
 2056      6E203233 
 2056      37373135 
 2057 0286 67202D66 		.ascii	"g -ffunction-sections -ffat-lto-objects\000"
 2057      66756E63 
 2057      74696F6E 
 2057      2D736563 
 2057      74696F6E 
 2058              	.LASF17:
 2059 02ae 6C6F6E67 		.ascii	"long double\000"
 2059      20646F75 
 2059      626C6500 
 2060              	.LASF36:
 2061 02ba 696E6974 		.ascii	"init_FrontPanel\000"
 2061      5F46726F 
 2061      6E745061 
 2061      6E656C00 
 2062              	.LASF28:
 2063 02ca 76616C4D 		.ascii	"valMin1\000"
 2063      696E3100 
 2064              	.LASF29:
 2065 02d2 76616C4D 		.ascii	"valMin2\000"
 2065      696E3200 
 2066              	.LASF6:
 2067 02da 6C6F6E67 		.ascii	"long long int\000"
 2067      206C6F6E 
 2067      6720696E 
ARM GAS  C:\Users\HPz420\AppData\Local\Temp\ccnARKWM.s 			page 44


 2067      7400
 2068              	.LASF18:
 2069 02e8 73697A65 		.ascii	"sizetype\000"
 2069      74797065 
 2069      00
 2070              	.LASF16:
 2071 02f1 63686172 		.ascii	"char\000"
 2071      00
 2072              	.LASF51:
 2073 02f6 4932435F 		.ascii	"I2C_MasterStatus\000"
 2073      4D617374 
 2073      65725374 
 2073      61747573 
 2073      00
 2074              	.LASF48:
 2075 0307 4932435F 		.ascii	"I2C_MasterReadByte\000"
 2075      4D617374 
 2075      65725265 
 2075      61644279 
 2075      746500
 2076              	.LASF2:
 2077 031a 73686F72 		.ascii	"short int\000"
 2077      7420696E 
 2077      7400
 2078              	.LASF40:
 2079 0324 46504461 		.ascii	"FPData\000"
 2079      746100
 2080              	.LASF11:
 2081 032b 75696E74 		.ascii	"uint8\000"
 2081      3800
 2082              	.LASF25:
 2083 0331 72656164 		.ascii	"readFrontPanelSwitchesRegistered\000"
 2083      46726F6E 
 2083      7450616E 
 2083      656C5377 
 2083      69746368 
 2084              	.LASF23:
 2085 0352 72644275 		.ascii	"rdBuff\000"
 2085      666600
 2086              	.LASF4:
 2087 0359 6C6F6E67 		.ascii	"long int\000"
 2087      20696E74 
 2087      00
 2088              	.LASF53:
 2089 0362 46726F6E 		.ascii	"FrontPanel.c\000"
 2089      7450616E 
 2089      656C2E63 
 2089      00
 2090              	.LASF35:
 2091 036f 77726974 		.ascii	"writeRegister_MCP23017\000"
 2091      65526567 
 2091      69737465 
 2091      725F4D43 
 2091      50323330 
 2092              	.LASF15:
 2093 0386 646F7562 		.ascii	"double\000"
 2093      6C6500
ARM GAS  C:\Users\HPz420\AppData\Local\Temp\ccnARKWM.s 			page 45


 2094              	.LASF49:
 2095 038d 43794465 		.ascii	"CyDelay\000"
 2095      6C617900 
 2096              	.LASF32:
 2097 0395 77616974 		.ascii	"waitFrontPanelSwitchesPressed\000"
 2097      46726F6E 
 2097      7450616E 
 2097      656C5377 
 2097      69746368 
 2098              		.ident	"GCC: (GNU Tools for ARM Embedded Processors) 5.4.1 20160609 (release) [ARM/embedded-5-bran
