ARM GAS  C:\Users\DGILLI~1\AppData\Local\Temp\cc0CELrf.s 			page 1


   1              		.syntax unified
   2              		.cpu cortex-m3
   3              		.fpu softvfp
   4              		.eabi_attribute 20, 1
   5              		.eabi_attribute 21, 1
   6              		.eabi_attribute 23, 3
   7              		.eabi_attribute 24, 1
   8              		.eabi_attribute 25, 1
   9              		.eabi_attribute 26, 1
  10              		.eabi_attribute 30, 1
  11              		.eabi_attribute 34, 1
  12              		.eabi_attribute 18, 4
  13              		.thumb
  14              		.syntax unified
  15              		.file	"main.c"
  16              		.text
  17              	.Ltext0:
  18              		.cfi_sections	.debug_frame
  19              		.section	.text.PostLed,"ax",%progbits
  20              		.align	2
  21              		.global	PostLed
  22              		.thumb
  23              		.thumb_func
  24              		.type	PostLed, %function
  25              	PostLed:
  26              	.LFB63:
  27              		.file 1 "main.c"
   1:main.c        **** /* ========================================
   2:main.c        ****  *
   3:main.c        ****  * Copyright LAND BOARDS, LLC, 2019
   4:main.c        ****  * All Rights Reserved
   5:main.c        ****  * UNPUBLISHED, LICENSED SOFTWARE.
   6:main.c        ****  *
   7:main.c        ****  * CONFIDENTIAL AND PROPRIETARY INFORMATION
   8:main.c        ****  * WHICH IS THE PROPERTY OF your company.
   9:main.c        ****  *
  10:main.c        ****  * ========================================
  11:main.c        **** */
  12:main.c        **** #include "project.h"
  13:main.c        **** 
  14:main.c        **** ////////////////////////////////////////////////////////////////////////////
  15:main.c        **** // Function prototypes
  16:main.c        **** 
  17:main.c        **** uint32 TestSRAM(void);
  18:main.c        **** 
  19:main.c        **** ////////////////////////////////////////////////////////////////////////////
  20:main.c        **** // PostLed(postVal) - Blink the LED the number of times (postVal)
  21:main.c        **** 
  22:main.c        **** void PostLed(uint32 postVal)
  23:main.c        **** {
  28              		.loc 1 23 0
  29              		.cfi_startproc
  30              		@ args = 0, pretend = 0, frame = 0
  31              		@ frame_needed = 0, uses_anonymous_args = 0
  32              	.LVL0:
  33 0000 10B5     		push	{r4, lr}
  34              		.cfi_def_cfa_offset 8
ARM GAS  C:\Users\DGILLI~1\AppData\Local\Temp\cc0CELrf.s 			page 2


  35              		.cfi_offset 4, -8
  36              		.cfi_offset 14, -4
  37 0002 0446     		mov	r4, r0
  38              	.LVL1:
  24:main.c        ****     uint32 blinkCount = postVal;
  25:main.c        ****     while(blinkCount > 0)
  39              		.loc 1 25 0
  40 0004 0DE0     		b	.L2
  41              	.LVL2:
  42              	.L3:
  26:main.c        ****     {
  27:main.c        ****         LED_Write(1);   // Turn on the LED
  43              		.loc 1 27 0
  44 0006 0120     		movs	r0, #1
  45 0008 FFF7FEFF 		bl	LED_Write
  46              	.LVL3:
  28:main.c        ****         CyDelay(500);
  47              		.loc 1 28 0
  48 000c 4FF4FA70 		mov	r0, #500
  49 0010 FFF7FEFF 		bl	CyDelay
  50              	.LVL4:
  29:main.c        ****         LED_Write(0);   // Turn off the LED
  51              		.loc 1 29 0
  52 0014 0020     		movs	r0, #0
  53 0016 FFF7FEFF 		bl	LED_Write
  54              	.LVL5:
  30:main.c        ****         CyDelay(250);
  55              		.loc 1 30 0
  56 001a FA20     		movs	r0, #250
  57 001c FFF7FEFF 		bl	CyDelay
  58              	.LVL6:
  31:main.c        ****         blinkCount--;   // loop as many times as the POST code
  59              		.loc 1 31 0
  60 0020 013C     		subs	r4, r4, #1
  61              	.LVL7:
  62              	.L2:
  25:main.c        ****     {
  63              		.loc 1 25 0
  64 0022 002C     		cmp	r4, #0
  65 0024 EFD1     		bne	.L3
  32:main.c        ****     }
  33:main.c        **** }
  66              		.loc 1 33 0
  67 0026 10BD     		pop	{r4, pc}
  68              		.cfi_endproc
  69              	.LFE63:
  70              		.size	PostLed, .-PostLed
  71              		.section	.text.main,"ax",%progbits
  72              		.align	2
  73              		.global	main
  74              		.thumb
  75              		.thumb_func
  76              		.type	main, %function
  77              	main:
  78              	.LFB64:
  34:main.c        **** 
  35:main.c        **** ////////////////////////////////////////////////////////////////////////////
ARM GAS  C:\Users\DGILLI~1\AppData\Local\Temp\cc0CELrf.s 			page 3


  36:main.c        **** // main() - Setup and Loop code goes in here
  37:main.c        **** 
  38:main.c        **** int main(void)
  39:main.c        **** {
  79              		.loc 1 39 0
  80              		.cfi_startproc
  81              		@ args = 0, pretend = 0, frame = 0
  82              		@ frame_needed = 0, uses_anonymous_args = 0
  83 0000 08B5     		push	{r3, lr}
  84              		.cfi_def_cfa_offset 8
  85              		.cfi_offset 3, -8
  86              		.cfi_offset 14, -4
  40:main.c        ****     uint32 postVal;
  41:main.c        ****     CyGlobalIntEnable;          /* Enable global interrupts. */
  87              		.loc 1 41 0
  88              		.syntax unified
  89              	@ 41 "main.c" 1
  90 0002 62B6     		CPSIE   i
  91              	@ 0 "" 2
  42:main.c        ****     
  43:main.c        ****     // Do Power On Self Tests (POST)
  44:main.c        ****     postVal = TestSRAM();       // Run External SRAM test
  92              		.loc 1 44 0
  93              		.thumb
  94              		.syntax unified
  95 0004 FFF7FEFF 		bl	TestSRAM
  96              	.LVL8:
  45:main.c        ****     if (postVal == 0)
  97              		.loc 1 45 0
  98 0008 18B9     		cbnz	r0, .L6
  46:main.c        ****         PostLed(0x1);           // External SRAM test passed
  99              		.loc 1 46 0
 100 000a 0120     		movs	r0, #1
 101              	.LVL9:
 102 000c FFF7FEFF 		bl	PostLed
 103              	.LVL10:
 104 0010 02E0     		b	.L7
 105              	.LVL11:
 106              	.L6:
  47:main.c        ****      else
  48:main.c        ****         PostLed(postVal+1);     // External SRAM test(s) failed
 107              		.loc 1 48 0
 108 0012 0130     		adds	r0, r0, #1
 109              	.LVL12:
 110 0014 FFF7FEFF 		bl	PostLed
 111              	.LVL13:
 112              	.L7:
 113 0018 FEE7     		b	.L7
 114              		.cfi_endproc
 115              	.LFE64:
 116              		.size	main, .-main
 117 001a 00BF     		.text
 118              	.Letext0:
 119              		.file 2 "c:\\program files (x86)\\cypress\\psoc creator\\4.2\\psoc creator\\import\\gnu\\arm\\5.4.
 120              		.file 3 "c:\\program files (x86)\\cypress\\psoc creator\\4.2\\psoc creator\\import\\gnu\\arm\\5.4.
 121              		.file 4 "Generated_Source\\PSoC5/cytypes.h"
 122              		.file 5 "Generated_Source\\PSoC5/LED.h"
ARM GAS  C:\Users\DGILLI~1\AppData\Local\Temp\cc0CELrf.s 			page 4


 123              		.file 6 "Generated_Source\\PSoC5/CyLib.h"
 124              		.file 7 "Generated_Source\\PSoC5/core_cm3.h"
 125              		.section	.debug_info,"",%progbits
 126              	.Ldebug_info0:
 127 0000 AC010000 		.4byte	0x1ac
 128 0004 0400     		.2byte	0x4
 129 0006 00000000 		.4byte	.Ldebug_abbrev0
 130 000a 04       		.byte	0x4
 131 000b 01       		.uleb128 0x1
 132 000c 36000000 		.4byte	.LASF22
 133 0010 0C       		.byte	0xc
 134 0011 22000000 		.4byte	.LASF23
 135 0015 D6000000 		.4byte	.LASF24
 136 0019 00000000 		.4byte	.Ldebug_ranges0+0
 137 001d 00000000 		.4byte	0
 138 0021 00000000 		.4byte	.Ldebug_line0
 139 0025 02       		.uleb128 0x2
 140 0026 01       		.byte	0x1
 141 0027 06       		.byte	0x6
 142 0028 CE010000 		.4byte	.LASF0
 143 002c 02       		.uleb128 0x2
 144 002d 01       		.byte	0x1
 145 002e 08       		.byte	0x8
 146 002f 81010000 		.4byte	.LASF1
 147 0033 02       		.uleb128 0x2
 148 0034 02       		.byte	0x2
 149 0035 05       		.byte	0x5
 150 0036 F6010000 		.4byte	.LASF2
 151 003a 02       		.uleb128 0x2
 152 003b 02       		.byte	0x2
 153 003c 07       		.byte	0x7
 154 003d 57010000 		.4byte	.LASF3
 155 0041 03       		.uleb128 0x3
 156 0042 E6010000 		.4byte	.LASF9
 157 0046 02       		.byte	0x2
 158 0047 3F       		.byte	0x3f
 159 0048 4C000000 		.4byte	0x4c
 160 004c 02       		.uleb128 0x2
 161 004d 04       		.byte	0x4
 162 004e 05       		.byte	0x5
 163 004f 94010000 		.4byte	.LASF4
 164 0053 02       		.uleb128 0x2
 165 0054 04       		.byte	0x4
 166 0055 07       		.byte	0x7
 167 0056 9D010000 		.4byte	.LASF5
 168 005a 02       		.uleb128 0x2
 169 005b 08       		.byte	0x8
 170 005c 05       		.byte	0x5
 171 005d 00000000 		.4byte	.LASF6
 172 0061 02       		.uleb128 0x2
 173 0062 08       		.byte	0x8
 174 0063 07       		.byte	0x7
 175 0064 6A010000 		.4byte	.LASF7
 176 0068 04       		.uleb128 0x4
 177 0069 04       		.byte	0x4
 178 006a 05       		.byte	0x5
 179 006b 696E7400 		.ascii	"int\000"
ARM GAS  C:\Users\DGILLI~1\AppData\Local\Temp\cc0CELrf.s 			page 5


 180 006f 02       		.uleb128 0x2
 181 0070 04       		.byte	0x4
 182 0071 07       		.byte	0x7
 183 0072 15000000 		.4byte	.LASF8
 184 0076 03       		.uleb128 0x3
 185 0077 00020000 		.4byte	.LASF10
 186 007b 03       		.byte	0x3
 187 007c 2C       		.byte	0x2c
 188 007d 41000000 		.4byte	0x41
 189 0081 05       		.uleb128 0x5
 190 0082 0E000000 		.4byte	.LASF11
 191 0086 04       		.byte	0x4
 192 0087 E601     		.2byte	0x1e6
 193 0089 53000000 		.4byte	0x53
 194 008d 02       		.uleb128 0x2
 195 008e 04       		.byte	0x4
 196 008f 04       		.byte	0x4
 197 0090 F0010000 		.4byte	.LASF12
 198 0094 02       		.uleb128 0x2
 199 0095 08       		.byte	0x8
 200 0096 04       		.byte	0x4
 201 0097 AF010000 		.4byte	.LASF13
 202 009b 02       		.uleb128 0x2
 203 009c 01       		.byte	0x1
 204 009d 08       		.byte	0x8
 205 009e 8F010000 		.4byte	.LASF14
 206 00a2 02       		.uleb128 0x2
 207 00a3 08       		.byte	0x8
 208 00a4 04       		.byte	0x4
 209 00a5 DA010000 		.4byte	.LASF15
 210 00a9 02       		.uleb128 0x2
 211 00aa 04       		.byte	0x4
 212 00ab 07       		.byte	0x7
 213 00ac 08020000 		.4byte	.LASF16
 214 00b0 06       		.uleb128 0x6
 215 00b1 2E000000 		.4byte	.LASF25
 216 00b5 01       		.byte	0x1
 217 00b6 16       		.byte	0x16
 218 00b7 00000000 		.4byte	.LFB63
 219 00bb 28000000 		.4byte	.LFE63-.LFB63
 220 00bf 01       		.uleb128 0x1
 221 00c0 9C       		.byte	0x9c
 222 00c1 2F010000 		.4byte	0x12f
 223 00c5 07       		.uleb128 0x7
 224 00c6 46010000 		.4byte	.LASF18
 225 00ca 01       		.byte	0x1
 226 00cb 16       		.byte	0x16
 227 00cc 81000000 		.4byte	0x81
 228 00d0 00000000 		.4byte	.LLST0
 229 00d4 08       		.uleb128 0x8
 230 00d5 B6010000 		.4byte	.LASF17
 231 00d9 01       		.byte	0x1
 232 00da 18       		.byte	0x18
 233 00db 81000000 		.4byte	0x81
 234 00df 21000000 		.4byte	.LLST1
 235 00e3 09       		.uleb128 0x9
 236 00e4 0C000000 		.4byte	.LVL3
ARM GAS  C:\Users\DGILLI~1\AppData\Local\Temp\cc0CELrf.s 			page 6


 237 00e8 8E010000 		.4byte	0x18e
 238 00ec F6000000 		.4byte	0xf6
 239 00f0 0A       		.uleb128 0xa
 240 00f1 01       		.uleb128 0x1
 241 00f2 50       		.byte	0x50
 242 00f3 01       		.uleb128 0x1
 243 00f4 31       		.byte	0x31
 244 00f5 00       		.byte	0
 245 00f6 09       		.uleb128 0x9
 246 00f7 14000000 		.4byte	.LVL4
 247 00fb 99010000 		.4byte	0x199
 248 00ff 0B010000 		.4byte	0x10b
 249 0103 0A       		.uleb128 0xa
 250 0104 01       		.uleb128 0x1
 251 0105 50       		.byte	0x50
 252 0106 03       		.uleb128 0x3
 253 0107 0A       		.byte	0xa
 254 0108 F401     		.2byte	0x1f4
 255 010a 00       		.byte	0
 256 010b 09       		.uleb128 0x9
 257 010c 1A000000 		.4byte	.LVL5
 258 0110 8E010000 		.4byte	0x18e
 259 0114 1E010000 		.4byte	0x11e
 260 0118 0A       		.uleb128 0xa
 261 0119 01       		.uleb128 0x1
 262 011a 50       		.byte	0x50
 263 011b 01       		.uleb128 0x1
 264 011c 30       		.byte	0x30
 265 011d 00       		.byte	0
 266 011e 0B       		.uleb128 0xb
 267 011f 20000000 		.4byte	.LVL6
 268 0123 99010000 		.4byte	0x199
 269 0127 0A       		.uleb128 0xa
 270 0128 01       		.uleb128 0x1
 271 0129 50       		.byte	0x50
 272 012a 02       		.uleb128 0x2
 273 012b 08       		.byte	0x8
 274 012c FA       		.byte	0xfa
 275 012d 00       		.byte	0
 276 012e 00       		.byte	0
 277 012f 0C       		.uleb128 0xc
 278 0130 29000000 		.4byte	.LASF26
 279 0134 01       		.byte	0x1
 280 0135 26       		.byte	0x26
 281 0136 68000000 		.4byte	0x68
 282 013a 00000000 		.4byte	.LFB64
 283 013e 1A000000 		.4byte	.LFE64-.LFB64
 284 0142 01       		.uleb128 0x1
 285 0143 9C       		.byte	0x9c
 286 0144 7D010000 		.4byte	0x17d
 287 0148 08       		.uleb128 0x8
 288 0149 46010000 		.4byte	.LASF18
 289 014d 01       		.byte	0x1
 290 014e 28       		.byte	0x28
 291 014f 81000000 		.4byte	0x81
 292 0153 3F000000 		.4byte	.LLST2
 293 0157 0D       		.uleb128 0xd
ARM GAS  C:\Users\DGILLI~1\AppData\Local\Temp\cc0CELrf.s 			page 7


 294 0158 08000000 		.4byte	.LVL8
 295 015c A4010000 		.4byte	0x1a4
 296 0160 09       		.uleb128 0x9
 297 0161 10000000 		.4byte	.LVL10
 298 0165 B0000000 		.4byte	0xb0
 299 0169 73010000 		.4byte	0x173
 300 016d 0A       		.uleb128 0xa
 301 016e 01       		.uleb128 0x1
 302 016f 50       		.byte	0x50
 303 0170 01       		.uleb128 0x1
 304 0171 31       		.byte	0x31
 305 0172 00       		.byte	0
 306 0173 0D       		.uleb128 0xd
 307 0174 18000000 		.4byte	.LVL13
 308 0178 B0000000 		.4byte	0xb0
 309 017c 00       		.byte	0
 310 017d 0E       		.uleb128 0xe
 311 017e C1010000 		.4byte	.LASF27
 312 0182 07       		.byte	0x7
 313 0183 1207     		.2byte	0x712
 314 0185 89010000 		.4byte	0x189
 315 0189 0F       		.uleb128 0xf
 316 018a 76000000 		.4byte	0x76
 317 018e 10       		.uleb128 0x10
 318 018f CC000000 		.4byte	.LASF19
 319 0193 CC000000 		.4byte	.LASF19
 320 0197 05       		.byte	0x5
 321 0198 26       		.byte	0x26
 322 0199 10       		.uleb128 0x10
 323 019a C4000000 		.4byte	.LASF20
 324 019e C4000000 		.4byte	.LASF20
 325 01a2 06       		.byte	0x6
 326 01a3 76       		.byte	0x76
 327 01a4 10       		.uleb128 0x10
 328 01a5 4E010000 		.4byte	.LASF21
 329 01a9 4E010000 		.4byte	.LASF21
 330 01ad 01       		.byte	0x1
 331 01ae 11       		.byte	0x11
 332 01af 00       		.byte	0
 333              		.section	.debug_abbrev,"",%progbits
 334              	.Ldebug_abbrev0:
 335 0000 01       		.uleb128 0x1
 336 0001 11       		.uleb128 0x11
 337 0002 01       		.byte	0x1
 338 0003 25       		.uleb128 0x25
 339 0004 0E       		.uleb128 0xe
 340 0005 13       		.uleb128 0x13
 341 0006 0B       		.uleb128 0xb
 342 0007 03       		.uleb128 0x3
 343 0008 0E       		.uleb128 0xe
 344 0009 1B       		.uleb128 0x1b
 345 000a 0E       		.uleb128 0xe
 346 000b 55       		.uleb128 0x55
 347 000c 17       		.uleb128 0x17
 348 000d 11       		.uleb128 0x11
 349 000e 01       		.uleb128 0x1
 350 000f 10       		.uleb128 0x10
ARM GAS  C:\Users\DGILLI~1\AppData\Local\Temp\cc0CELrf.s 			page 8


 351 0010 17       		.uleb128 0x17
 352 0011 00       		.byte	0
 353 0012 00       		.byte	0
 354 0013 02       		.uleb128 0x2
 355 0014 24       		.uleb128 0x24
 356 0015 00       		.byte	0
 357 0016 0B       		.uleb128 0xb
 358 0017 0B       		.uleb128 0xb
 359 0018 3E       		.uleb128 0x3e
 360 0019 0B       		.uleb128 0xb
 361 001a 03       		.uleb128 0x3
 362 001b 0E       		.uleb128 0xe
 363 001c 00       		.byte	0
 364 001d 00       		.byte	0
 365 001e 03       		.uleb128 0x3
 366 001f 16       		.uleb128 0x16
 367 0020 00       		.byte	0
 368 0021 03       		.uleb128 0x3
 369 0022 0E       		.uleb128 0xe
 370 0023 3A       		.uleb128 0x3a
 371 0024 0B       		.uleb128 0xb
 372 0025 3B       		.uleb128 0x3b
 373 0026 0B       		.uleb128 0xb
 374 0027 49       		.uleb128 0x49
 375 0028 13       		.uleb128 0x13
 376 0029 00       		.byte	0
 377 002a 00       		.byte	0
 378 002b 04       		.uleb128 0x4
 379 002c 24       		.uleb128 0x24
 380 002d 00       		.byte	0
 381 002e 0B       		.uleb128 0xb
 382 002f 0B       		.uleb128 0xb
 383 0030 3E       		.uleb128 0x3e
 384 0031 0B       		.uleb128 0xb
 385 0032 03       		.uleb128 0x3
 386 0033 08       		.uleb128 0x8
 387 0034 00       		.byte	0
 388 0035 00       		.byte	0
 389 0036 05       		.uleb128 0x5
 390 0037 16       		.uleb128 0x16
 391 0038 00       		.byte	0
 392 0039 03       		.uleb128 0x3
 393 003a 0E       		.uleb128 0xe
 394 003b 3A       		.uleb128 0x3a
 395 003c 0B       		.uleb128 0xb
 396 003d 3B       		.uleb128 0x3b
 397 003e 05       		.uleb128 0x5
 398 003f 49       		.uleb128 0x49
 399 0040 13       		.uleb128 0x13
 400 0041 00       		.byte	0
 401 0042 00       		.byte	0
 402 0043 06       		.uleb128 0x6
 403 0044 2E       		.uleb128 0x2e
 404 0045 01       		.byte	0x1
 405 0046 3F       		.uleb128 0x3f
 406 0047 19       		.uleb128 0x19
 407 0048 03       		.uleb128 0x3
ARM GAS  C:\Users\DGILLI~1\AppData\Local\Temp\cc0CELrf.s 			page 9


 408 0049 0E       		.uleb128 0xe
 409 004a 3A       		.uleb128 0x3a
 410 004b 0B       		.uleb128 0xb
 411 004c 3B       		.uleb128 0x3b
 412 004d 0B       		.uleb128 0xb
 413 004e 27       		.uleb128 0x27
 414 004f 19       		.uleb128 0x19
 415 0050 11       		.uleb128 0x11
 416 0051 01       		.uleb128 0x1
 417 0052 12       		.uleb128 0x12
 418 0053 06       		.uleb128 0x6
 419 0054 40       		.uleb128 0x40
 420 0055 18       		.uleb128 0x18
 421 0056 9742     		.uleb128 0x2117
 422 0058 19       		.uleb128 0x19
 423 0059 01       		.uleb128 0x1
 424 005a 13       		.uleb128 0x13
 425 005b 00       		.byte	0
 426 005c 00       		.byte	0
 427 005d 07       		.uleb128 0x7
 428 005e 05       		.uleb128 0x5
 429 005f 00       		.byte	0
 430 0060 03       		.uleb128 0x3
 431 0061 0E       		.uleb128 0xe
 432 0062 3A       		.uleb128 0x3a
 433 0063 0B       		.uleb128 0xb
 434 0064 3B       		.uleb128 0x3b
 435 0065 0B       		.uleb128 0xb
 436 0066 49       		.uleb128 0x49
 437 0067 13       		.uleb128 0x13
 438 0068 02       		.uleb128 0x2
 439 0069 17       		.uleb128 0x17
 440 006a 00       		.byte	0
 441 006b 00       		.byte	0
 442 006c 08       		.uleb128 0x8
 443 006d 34       		.uleb128 0x34
 444 006e 00       		.byte	0
 445 006f 03       		.uleb128 0x3
 446 0070 0E       		.uleb128 0xe
 447 0071 3A       		.uleb128 0x3a
 448 0072 0B       		.uleb128 0xb
 449 0073 3B       		.uleb128 0x3b
 450 0074 0B       		.uleb128 0xb
 451 0075 49       		.uleb128 0x49
 452 0076 13       		.uleb128 0x13
 453 0077 02       		.uleb128 0x2
 454 0078 17       		.uleb128 0x17
 455 0079 00       		.byte	0
 456 007a 00       		.byte	0
 457 007b 09       		.uleb128 0x9
 458 007c 898201   		.uleb128 0x4109
 459 007f 01       		.byte	0x1
 460 0080 11       		.uleb128 0x11
 461 0081 01       		.uleb128 0x1
 462 0082 31       		.uleb128 0x31
 463 0083 13       		.uleb128 0x13
 464 0084 01       		.uleb128 0x1
ARM GAS  C:\Users\DGILLI~1\AppData\Local\Temp\cc0CELrf.s 			page 10


 465 0085 13       		.uleb128 0x13
 466 0086 00       		.byte	0
 467 0087 00       		.byte	0
 468 0088 0A       		.uleb128 0xa
 469 0089 8A8201   		.uleb128 0x410a
 470 008c 00       		.byte	0
 471 008d 02       		.uleb128 0x2
 472 008e 18       		.uleb128 0x18
 473 008f 9142     		.uleb128 0x2111
 474 0091 18       		.uleb128 0x18
 475 0092 00       		.byte	0
 476 0093 00       		.byte	0
 477 0094 0B       		.uleb128 0xb
 478 0095 898201   		.uleb128 0x4109
 479 0098 01       		.byte	0x1
 480 0099 11       		.uleb128 0x11
 481 009a 01       		.uleb128 0x1
 482 009b 31       		.uleb128 0x31
 483 009c 13       		.uleb128 0x13
 484 009d 00       		.byte	0
 485 009e 00       		.byte	0
 486 009f 0C       		.uleb128 0xc
 487 00a0 2E       		.uleb128 0x2e
 488 00a1 01       		.byte	0x1
 489 00a2 3F       		.uleb128 0x3f
 490 00a3 19       		.uleb128 0x19
 491 00a4 03       		.uleb128 0x3
 492 00a5 0E       		.uleb128 0xe
 493 00a6 3A       		.uleb128 0x3a
 494 00a7 0B       		.uleb128 0xb
 495 00a8 3B       		.uleb128 0x3b
 496 00a9 0B       		.uleb128 0xb
 497 00aa 27       		.uleb128 0x27
 498 00ab 19       		.uleb128 0x19
 499 00ac 49       		.uleb128 0x49
 500 00ad 13       		.uleb128 0x13
 501 00ae 8701     		.uleb128 0x87
 502 00b0 19       		.uleb128 0x19
 503 00b1 11       		.uleb128 0x11
 504 00b2 01       		.uleb128 0x1
 505 00b3 12       		.uleb128 0x12
 506 00b4 06       		.uleb128 0x6
 507 00b5 40       		.uleb128 0x40
 508 00b6 18       		.uleb128 0x18
 509 00b7 9742     		.uleb128 0x2117
 510 00b9 19       		.uleb128 0x19
 511 00ba 01       		.uleb128 0x1
 512 00bb 13       		.uleb128 0x13
 513 00bc 00       		.byte	0
 514 00bd 00       		.byte	0
 515 00be 0D       		.uleb128 0xd
 516 00bf 898201   		.uleb128 0x4109
 517 00c2 00       		.byte	0
 518 00c3 11       		.uleb128 0x11
 519 00c4 01       		.uleb128 0x1
 520 00c5 31       		.uleb128 0x31
 521 00c6 13       		.uleb128 0x13
ARM GAS  C:\Users\DGILLI~1\AppData\Local\Temp\cc0CELrf.s 			page 11


 522 00c7 00       		.byte	0
 523 00c8 00       		.byte	0
 524 00c9 0E       		.uleb128 0xe
 525 00ca 34       		.uleb128 0x34
 526 00cb 00       		.byte	0
 527 00cc 03       		.uleb128 0x3
 528 00cd 0E       		.uleb128 0xe
 529 00ce 3A       		.uleb128 0x3a
 530 00cf 0B       		.uleb128 0xb
 531 00d0 3B       		.uleb128 0x3b
 532 00d1 05       		.uleb128 0x5
 533 00d2 49       		.uleb128 0x49
 534 00d3 13       		.uleb128 0x13
 535 00d4 3F       		.uleb128 0x3f
 536 00d5 19       		.uleb128 0x19
 537 00d6 3C       		.uleb128 0x3c
 538 00d7 19       		.uleb128 0x19
 539 00d8 00       		.byte	0
 540 00d9 00       		.byte	0
 541 00da 0F       		.uleb128 0xf
 542 00db 35       		.uleb128 0x35
 543 00dc 00       		.byte	0
 544 00dd 49       		.uleb128 0x49
 545 00de 13       		.uleb128 0x13
 546 00df 00       		.byte	0
 547 00e0 00       		.byte	0
 548 00e1 10       		.uleb128 0x10
 549 00e2 2E       		.uleb128 0x2e
 550 00e3 00       		.byte	0
 551 00e4 3F       		.uleb128 0x3f
 552 00e5 19       		.uleb128 0x19
 553 00e6 3C       		.uleb128 0x3c
 554 00e7 19       		.uleb128 0x19
 555 00e8 6E       		.uleb128 0x6e
 556 00e9 0E       		.uleb128 0xe
 557 00ea 03       		.uleb128 0x3
 558 00eb 0E       		.uleb128 0xe
 559 00ec 3A       		.uleb128 0x3a
 560 00ed 0B       		.uleb128 0xb
 561 00ee 3B       		.uleb128 0x3b
 562 00ef 0B       		.uleb128 0xb
 563 00f0 00       		.byte	0
 564 00f1 00       		.byte	0
 565 00f2 00       		.byte	0
 566              		.section	.debug_loc,"",%progbits
 567              	.Ldebug_loc0:
 568              	.LLST0:
 569 0000 00000000 		.4byte	.LVL0
 570 0004 06000000 		.4byte	.LVL2
 571 0008 0100     		.2byte	0x1
 572 000a 50       		.byte	0x50
 573 000b 06000000 		.4byte	.LVL2
 574 000f 28000000 		.4byte	.LFE63
 575 0013 0400     		.2byte	0x4
 576 0015 F3       		.byte	0xf3
 577 0016 01       		.uleb128 0x1
 578 0017 50       		.byte	0x50
ARM GAS  C:\Users\DGILLI~1\AppData\Local\Temp\cc0CELrf.s 			page 12


 579 0018 9F       		.byte	0x9f
 580 0019 00000000 		.4byte	0
 581 001d 00000000 		.4byte	0
 582              	.LLST1:
 583 0021 04000000 		.4byte	.LVL1
 584 0025 06000000 		.4byte	.LVL2
 585 0029 0100     		.2byte	0x1
 586 002b 50       		.byte	0x50
 587 002c 06000000 		.4byte	.LVL2
 588 0030 28000000 		.4byte	.LFE63
 589 0034 0100     		.2byte	0x1
 590 0036 54       		.byte	0x54
 591 0037 00000000 		.4byte	0
 592 003b 00000000 		.4byte	0
 593              	.LLST2:
 594 003f 08000000 		.4byte	.LVL8
 595 0043 0C000000 		.4byte	.LVL9
 596 0047 0100     		.2byte	0x1
 597 0049 50       		.byte	0x50
 598 004a 12000000 		.4byte	.LVL11
 599 004e 14000000 		.4byte	.LVL12
 600 0052 0100     		.2byte	0x1
 601 0054 50       		.byte	0x50
 602 0055 14000000 		.4byte	.LVL12
 603 0059 17000000 		.4byte	.LVL13-1
 604 005d 0300     		.2byte	0x3
 605 005f 70       		.byte	0x70
 606 0060 7F       		.sleb128 -1
 607 0061 9F       		.byte	0x9f
 608 0062 00000000 		.4byte	0
 609 0066 00000000 		.4byte	0
 610              		.section	.debug_aranges,"",%progbits
 611 0000 24000000 		.4byte	0x24
 612 0004 0200     		.2byte	0x2
 613 0006 00000000 		.4byte	.Ldebug_info0
 614 000a 04       		.byte	0x4
 615 000b 00       		.byte	0
 616 000c 0000     		.2byte	0
 617 000e 0000     		.2byte	0
 618 0010 00000000 		.4byte	.LFB63
 619 0014 28000000 		.4byte	.LFE63-.LFB63
 620 0018 00000000 		.4byte	.LFB64
 621 001c 1A000000 		.4byte	.LFE64-.LFB64
 622 0020 00000000 		.4byte	0
 623 0024 00000000 		.4byte	0
 624              		.section	.debug_ranges,"",%progbits
 625              	.Ldebug_ranges0:
 626 0000 00000000 		.4byte	.LFB63
 627 0004 28000000 		.4byte	.LFE63
 628 0008 00000000 		.4byte	.LFB64
 629 000c 1A000000 		.4byte	.LFE64
 630 0010 00000000 		.4byte	0
 631 0014 00000000 		.4byte	0
 632              		.section	.debug_line,"",%progbits
 633              	.Ldebug_line0:
 634 0000 93010000 		.section	.debug_str,"MS",%progbits,1
 634      02006001 
ARM GAS  C:\Users\DGILLI~1\AppData\Local\Temp\cc0CELrf.s 			page 13


 634      00000201 
 634      FB0E0D00 
 634      01010101 
 635              	.LASF6:
 636 0000 6C6F6E67 		.ascii	"long long int\000"
 636      206C6F6E 
 636      6720696E 
 636      7400
 637              	.LASF11:
 638 000e 75696E74 		.ascii	"uint32\000"
 638      333200
 639              	.LASF8:
 640 0015 756E7369 		.ascii	"unsigned int\000"
 640      676E6564 
 640      20696E74 
 640      00
 641              	.LASF23:
 642 0022 6D61696E 		.ascii	"main.c\000"
 642      2E6300
 643              	.LASF26:
 644 0029 6D61696E 		.ascii	"main\000"
 644      00
 645              	.LASF25:
 646 002e 506F7374 		.ascii	"PostLed\000"
 646      4C656400 
 647              	.LASF22:
 648 0036 474E5520 		.ascii	"GNU C11 5.4.1 20160609 (release) [ARM/embedded-5-br"
 648      43313120 
 648      352E342E 
 648      31203230 
 648      31363036 
 649 0069 616E6368 		.ascii	"anch revision 237715] -mcpu=cortex-m3 -mthumb -g -O"
 649      20726576 
 649      6973696F 
 649      6E203233 
 649      37373135 
 650 009c 67202D66 		.ascii	"g -ffunction-sections -ffat-lto-objects\000"
 650      66756E63 
 650      74696F6E 
 650      2D736563 
 650      74696F6E 
 651              	.LASF20:
 652 00c4 43794465 		.ascii	"CyDelay\000"
 652      6C617900 
 653              	.LASF19:
 654 00cc 4C45445F 		.ascii	"LED_Write\000"
 654      57726974 
 654      6500
 655              	.LASF24:
 656 00d6 433A5C55 		.ascii	"C:\\Users\\dgilliland\\Documents\\GitHub\\Retro-Com"
 656      73657273 
 656      5C646769 
 656      6C6C696C 
 656      616E645C 
 657 0104 70757465 		.ascii	"puters\\Z80\\PSOC\\PSOC_Design_Files\\Z80-PSoC-3-Ch"
 657      72735C5A 
 657      38305C50 
ARM GAS  C:\Users\DGILLI~1\AppData\Local\Temp\cc0CELrf.s 			page 14


 657      534F435C 
 657      50534F43 
 658 0133 6970735C 		.ascii	"ips\\Z80_3Pin.cydsn\000"
 658      5A38305F 
 658      3350696E 
 658      2E637964 
 658      736E00
 659              	.LASF18:
 660 0146 706F7374 		.ascii	"postVal\000"
 660      56616C00 
 661              	.LASF21:
 662 014e 54657374 		.ascii	"TestSRAM\000"
 662      5352414D 
 662      00
 663              	.LASF3:
 664 0157 73686F72 		.ascii	"short unsigned int\000"
 664      7420756E 
 664      7369676E 
 664      65642069 
 664      6E7400
 665              	.LASF7:
 666 016a 6C6F6E67 		.ascii	"long long unsigned int\000"
 666      206C6F6E 
 666      6720756E 
 666      7369676E 
 666      65642069 
 667              	.LASF1:
 668 0181 756E7369 		.ascii	"unsigned char\000"
 668      676E6564 
 668      20636861 
 668      7200
 669              	.LASF14:
 670 018f 63686172 		.ascii	"char\000"
 670      00
 671              	.LASF4:
 672 0194 6C6F6E67 		.ascii	"long int\000"
 672      20696E74 
 672      00
 673              	.LASF5:
 674 019d 6C6F6E67 		.ascii	"long unsigned int\000"
 674      20756E73 
 674      69676E65 
 674      6420696E 
 674      7400
 675              	.LASF13:
 676 01af 646F7562 		.ascii	"double\000"
 676      6C6500
 677              	.LASF17:
 678 01b6 626C696E 		.ascii	"blinkCount\000"
 678      6B436F75 
 678      6E7400
 679              	.LASF27:
 680 01c1 49544D5F 		.ascii	"ITM_RxBuffer\000"
 680      52784275 
 680      66666572 
 680      00
 681              	.LASF0:
ARM GAS  C:\Users\DGILLI~1\AppData\Local\Temp\cc0CELrf.s 			page 15


 682 01ce 7369676E 		.ascii	"signed char\000"
 682      65642063 
 682      68617200 
 683              	.LASF15:
 684 01da 6C6F6E67 		.ascii	"long double\000"
 684      20646F75 
 684      626C6500 
 685              	.LASF9:
 686 01e6 5F5F696E 		.ascii	"__int32_t\000"
 686      7433325F 
 686      7400
 687              	.LASF12:
 688 01f0 666C6F61 		.ascii	"float\000"
 688      7400
 689              	.LASF2:
 690 01f6 73686F72 		.ascii	"short int\000"
 690      7420696E 
 690      7400
 691              	.LASF10:
 692 0200 696E7433 		.ascii	"int32_t\000"
 692      325F7400 
 693              	.LASF16:
 694 0208 73697A65 		.ascii	"sizetype\000"
 694      74797065 
 694      00
 695              		.ident	"GCC: (GNU Tools for ARM Embedded Processors) 5.4.1 20160609 (release) [ARM/embedded-5-bran
