C000                                  ORG $C000
                      ; SET LED = LOW
C000  4F              RESVEC  CLRA
C001  B7F000                          STA     $F000
                      ; WAIT LOOP
C004  86FF                            LDA     #$FF
C006                  LOOP1
C006  C6FF                            LDB     #$FF
C008                  LOOP1B
C008  12                              NOP
C009  5A                              DECB
C00A  26FC                            BNE LOOP1B
C00C  4A                              DECA
C00D  26F7                            BNE     LOOP1
                      ; SET LED = HIGH
C00F  8601                            LDA     #$1
C011  B7F000                          STA     $F000
                      ; WAIT LOOP
C014  86FF                            LDA     #$FF
C016                  LOOP2
C016  C6FF                            LDB     #$FF
C018                  LOOP2B
C018  12                              NOP
C019  5A                              DECB
C01A  26FC                            BNE LOOP2B
C01C  4A                              DECA
C01D  26F7                            BNE     LOOP2
                      ; LOOP FOREVER
C01F  20DF                            BRA     RESVEC
FFFE                                  ORG     $FFFE
FFFE  C000            LBFFE   FDB     RESVEC  ; RESET 
