iMPACT Version: 14.6

iMPACT log file Started on Tue Jan 13 17:36:04 2015

Welcome to iMPACT
iMPACT Version: 14.6
Project: 'C:\Users\chamberlin\Documents\floppyemu\CPLD-Xilinx\\auto_project.ipf'already exists.
Original project has been renamed to'C:\Users\chamberlin\Documents\floppyemu\CPLD-Xilinx\\auto_project_1.ipf'.
Project: C:\Users\chamberlin\Documents\floppyemu\CPLD-Xilinx\\auto_project.ipfcreated.
// *** BATCH CMD : setMode -bs
// *** BATCH CMD : setCable -port xsvf -file"C:/Users/chamberlin/Documents/68Katy/CPLD/68katy.xsvf"
// *** BATCH CMD : addDevice -p 1 -file"C:/Users/chamberlin/Documents/68Katy/CPLD/cpld.jed"
'1': Loading file 'C:/Users/chamberlin/Documents/68Katy/CPLD/cpld.jed' ...
done.
INFO:iMPACT:1777 - 
   Reading C:/Xilinx/14.6/ISE_DS/ISE/xc9500/data/xc9536.bsd...
INFO:iMPACT:501 - '1': Added Device xc9536 successfully.
----------------------------------------------------------------------
INFO:iMPACT - Current time: 1/13/2015 5:36:17 PM
WARNING:iMPACT - Warning: SVF Programming of 9500 series CPLDs is not supported   by every third-party boundary-scan tool provider. Please check for support   before using this SVF file to program a 9500 series device.
// *** BATCH CMD : Program -p 1 -e -v 

'1': Erasing device...
'1': Erasure completed successfully.
'1': Programming device...
PROGRESS_START - Starting Operation.
done.
'1': Putting device in ISP mode...done
'1': Verifying device...done.
'1': Verification completed successfully.
'1': Programming completed successfully.
PROGRESS_END - End Operation.
Elapsed time =      0 sec.
Project: 'C:\Users\chamberlin\Documents\floppyemu\CPLD-Xilinx\\auto_project.ipf'created.
// *** BATCH CMD : setMode -bs
// *** BATCH CMD : setMode -ss
// *** BATCH CMD : setMode -sm
// *** BATCH CMD : setMode -hw140
// *** BATCH CMD : setMode -spi
// *** BATCH CMD : setMode -acecf
// *** BATCH CMD : setMode -acempm
// *** BATCH CMD : setMode -pff
// *** BATCH CMD : setMode -bs
// *** BATCH CMD : saveProjectFile -file"C:\Users\chamberlin\Documents\floppyemu\CPLD-Xilinx\\auto_project.ipf"
// *** BATCH CMD : setMode -bs
INFO:iMPACT - Launching WebTalk, please refer to the webtalk log at   C:\Users\chamberlin\Documents\floppyemu\CPLD-Xilinx\webtalk.log for details.
INFO:iMPACT - Running wbtc successfully.
// *** BATCH CMD : setMode -bs
// *** BATCH CMD : deleteDevice -position 1
// *** BATCH CMD : setMode -bs
// *** BATCH CMD : setMode -ss
// *** BATCH CMD : setMode -sm
// *** BATCH CMD : setMode -hw140
// *** BATCH CMD : setMode -spi
// *** BATCH CMD : setMode -acecf
// *** BATCH CMD : setMode -acempm
// *** BATCH CMD : setMode -pff
