Flow report for SOC
Tue Jan 26 06:58:23 2021
Quartus Prime Version 20.1.0 Build 711 06/05/2020 SJ Lite Edition


---------------------
; Table of Contents ;
---------------------
  1. Legal Notice
  2. Flow Summary
  3. Flow Settings
  4. Flow Non-Default Global Settings
  5. Flow Elapsed Time
  6. Flow OS Summary
  7. Flow Log
  8. Flow Messages
  9. Flow Suppressed Messages



----------------
; Legal Notice ;
----------------
Copyright (C) 2020  Intel Corporation. All rights reserved.
Your use of Intel Corporation's design tools, logic functions 
and other software and tools, and any partner logic 
functions, and any output files from any of the foregoing 
(including device programming or simulation files), and any 
associated documentation or information are expressly subject 
to the terms and conditions of the Intel Program License 
Subscription Agreement, the Intel Quartus Prime License Agreement,
the Intel FPGA IP License Agreement, or other applicable license
agreement, including, without limitation, that your use is for
the sole purpose of programming logic devices manufactured by
Intel and sold by Intel or its authorized distributors.  Please
refer to the applicable agreement for further details, at
https://fpgasoftware.intel.com/eula.



+-------------------------------------------------------------------------------+
; Flow Summary                                                                  ;
+---------------------------------+---------------------------------------------+
; Flow Status                     ; Successful - Tue Jan 26 06:57:55 2021       ;
; Quartus Prime Version           ; 20.1.0 Build 711 06/05/2020 SJ Lite Edition ;
; Revision Name                   ; SOC                                         ;
; Top-level Entity Name           ; C5BoardToplevel                             ;
; Family                          ; Cyclone V                                   ;
; Device                          ; 5CEFA2F23I7                                 ;
; Timing Models                   ; Final                                       ;
; Logic utilization (in ALMs)     ; 3,783 / 9,430 ( 40 % )                      ;
; Total registers                 ; 4307                                        ;
; Total pins                      ; 134 / 224 ( 60 % )                          ;
; Total virtual pins              ; 0                                           ;
; Total block memory bits         ; 107,520 / 1,802,240 ( 6 % )                 ;
; Total DSP Blocks                ; 2 / 25 ( 8 % )                              ;
; Total HSSI RX PCSs              ; 0                                           ;
; Total HSSI PMA RX Deserializers ; 0                                           ;
; Total HSSI TX PCSs              ; 0                                           ;
; Total HSSI PMA TX Serializers   ; 0                                           ;
; Total PLLs                      ; 1 / 4 ( 25 % )                              ;
; Total DLLs                      ; 0 / 4 ( 0 % )                               ;
+---------------------------------+---------------------------------------------+


+-----------------------------------------+
; Flow Settings                           ;
+-------------------+---------------------+
; Option            ; Setting             ;
+-------------------+---------------------+
; Start date & time ; 01/26/2021 06:52:35 ;
; Main task         ; Compilation         ;
; Revision Name     ; SOC                 ;
+-------------------+---------------------+


+------------------------------------------------------------------------------------------------------------------------------+
; Flow Non-Default Global Settings                                                                                             ;
+--------------------------------------+----------------------------------------+---------------+-----------------+------------+
; Assignment Name                      ; Value                                  ; Default Value ; Entity Name     ; Section Id ;
+--------------------------------------+----------------------------------------+---------------+-----------------+------------+
; COMPILER_SIGNATURE_ID                ; 10995770589187.161166195418992         ; --            ; --              ; --         ;
; ENABLE_SIGNALTAP                     ; Off                                    ; --            ; --              ; --         ;
; MAX_CORE_JUNCTION_TEMP               ; 100                                    ; --            ; --              ; --         ;
; MIN_CORE_JUNCTION_TEMP               ; -40                                    ; --            ; --              ; --         ;
; NUM_PARALLEL_PROCESSORS              ; All                                    ; --            ; --              ; --         ;
; OUTPUT_IO_TIMING_FAR_END_VMEAS       ; Half Signal Swing                      ; --            ; --              ; --         ;
; OUTPUT_IO_TIMING_FAR_END_VMEAS       ; Half Signal Swing                      ; --            ; --              ; --         ;
; OUTPUT_IO_TIMING_NEAR_END_VMEAS      ; Half Vccio                             ; --            ; --              ; --         ;
; OUTPUT_IO_TIMING_NEAR_END_VMEAS      ; Half Vccio                             ; --            ; --              ; --         ;
; PARTITION_COLOR                      ; -- (Not supported for targeted family) ; --            ; C5BoardToplevel ; Top        ;
; PARTITION_FITTER_PRESERVATION_LEVEL  ; -- (Not supported for targeted family) ; --            ; C5BoardToplevel ; Top        ;
; PARTITION_NETLIST_TYPE               ; -- (Not supported for targeted family) ; --            ; C5BoardToplevel ; Top        ;
; PHYSICAL_SYNTHESIS_COMBO_LOGIC       ; On                                     ; Off           ; --              ; --         ;
; PHYSICAL_SYNTHESIS_REGISTER_RETIMING ; On                                     ; Off           ; --              ; --         ;
; POWER_BOARD_THERMAL_MODEL            ; None (CONSERVATIVE)                    ; --            ; --              ; --         ;
; POWER_PRESET_COOLING_SOLUTION        ; 23 MM HEAT SINK WITH 200 LFPM AIRFLOW  ; --            ; --              ; --         ;
; SMART_RECOMPILE                      ; On                                     ; Off           ; --              ; --         ;
; TOP_LEVEL_ENTITY                     ; C5BoardToplevel                        ; SOC           ; --              ; --         ;
; USE_GENERATED_PHYSICAL_CONSTRAINTS   ; Off                                    ; --            ; --              ; eda_palace ;
; USE_SIGNALTAP_FILE                   ; stp1.stp                               ; --            ; --              ; --         ;
+--------------------------------------+----------------------------------------+---------------+-----------------+------------+


+--------------------------------------------------------------------------------------------------------------------------+
; Flow Elapsed Time                                                                                                        ;
+----------------------+--------------+-------------------------+---------------------+------------------------------------+
; Module Name          ; Elapsed Time ; Average Processors Used ; Peak Virtual Memory ; Total CPU Time (on all processors) ;
+----------------------+--------------+-------------------------+---------------------+------------------------------------+
; Analysis & Synthesis ; 00:02:17     ; 3.3                     ; 4958 MB             ; 00:02:51                           ;
; Fitter               ; 00:02:47     ; 1.2                     ; 6383 MB             ; 00:06:47                           ;
; Assembler            ; 00:00:10     ; 1.0                     ; 4879 MB             ; 00:00:10                           ;
; Timing Analyzer      ; 00:00:27     ; 2.2                     ; 5330 MB             ; 00:00:54                           ;
; Total                ; 00:05:41     ; --                      ; --                  ; 00:10:42                           ;
+----------------------+--------------+-------------------------+---------------------+------------------------------------+


+------------------------------------------------------------------------------------+
; Flow OS Summary                                                                    ;
+----------------------+------------------+------------+------------+----------------+
; Module Name          ; Machine Hostname ; OS Name    ; OS Version ; Processor type ;
+----------------------+------------------+------------+------------+----------------+
; Analysis & Synthesis ; DESKTOP-2UF8LNB  ; Windows 10 ; 10.0       ; x86_64         ;
; Fitter               ; DESKTOP-2UF8LNB  ; Windows 10 ; 10.0       ; x86_64         ;
; Assembler            ; DESKTOP-2UF8LNB  ; Windows 10 ; 10.0       ; x86_64         ;
; Timing Analyzer      ; DESKTOP-2UF8LNB  ; Windows 10 ; 10.0       ; x86_64         ;
+----------------------+------------------+------------+------------+----------------+


------------
; Flow Log ;
------------
quartus_map --read_settings_files=on --write_settings_files=off SOC -c SOC
quartus_fit --read_settings_files=off --write_settings_files=off SOC -c SOC
quartus_asm --read_settings_files=off --write_settings_files=off SOC -c SOC
quartus_sta SOC -c SOC



