


                                                                          Page 1


    1             
    2             /=======================================================
    3             /=======================================================
    4             /  PDP-8 SOC Hello World
    5             /=======================================================
    6             /=======================================================
    7             
    8       0000  *0
    9 00000 7000  isret,   nop          / interrupt return address
   10 00001 5001  isrt1,   jmp isrt1    / interrupt service routine
   11             
   12 00002 0001  tmstrt,  1            / timer start
   13 00003 0023  tm5s1,   23           / upper timer 5 second const
   14 00004 0210  tm5s0,   210          / lower timer 5 second const
   15             
   16             /tmstrt,  3           / timer start .. for debug
   17             /tm5s1,   0           / upper timer .. for debug
   18             /tm5s0,   7           / lower timer .. for debug
   19             
   20 00005 0134  kmsg,    msg          / address of message
   21             
   22       0100  *100
   23             
   24 00100 7240  start,   cla cma      / start here on reset
   25             
   26 00101 1005           tad kmsg     / store the message address
   27 00102 3010           dca 10       / to an auto-inc location
   28             
   29 00103 7200  loop,    cla          / get the next char
   30 00104 1410           tad i 10     / indirect pre-increment
   31             
   32 00105 7450           sna          / skip if non zero
   33 00106 5113           jmp done     / found null character
   34             
   35 00107 6046           tls          / write character to UART
   36 00110 6041           tsf          / check UART status
   37 00111 5110           jmp .-1      / wait if not ready
   38 00112 5103           jmp loop     / continue with string
   39             
   40 00113 4115  done,    jms wait1    / wait a few seconds
   41 00114 5100           jmp start    / repeat forever
   42             
   43             
   44             /===========================================================
   45             / Wait
   46             /===========================================================
   47 00115 0000  wait1,   0            / put return address here
   48 00116 7200           cla          / start here on reset
   49 00117 1004           tad tm5s0    / timer 5 second const
   50 00120 6312           6312         / IOT write to timer ICL



                                                                          Page 2


   51 00121 7200           cla          / clear AC
   52 00122 1003           tad tm5s1    / timer 5 second const
   53 00123 6322           6322         / IOT write to timer ICH
   54 00124 7200           cla          / clear AC
   55 00125 1002           tad tmstrt   / timer start constant
   56 00126 6302           6302         / IOT write to start timer
   57 00127 6301           6301         / skip if flag set
   58 00130 5127           jmp .-1      / wait if not ready
   59 00131 7200           cla          / AC == 0
   60 00132 6302           6302         / IOT write to stop timer
   61 00133 5515           jmp i wait1  / return
   62             
   63             
   64             /===========================================================
   65             / String constant
   66             /===========================================================  
   67 00134 0015  msg,     015;012
      00135 0012
   68                      / H   e   l   l   o       W   o   r   l   d
   69 00136 0110           110;145;154;154;157;040;127;157;162;154;144;040
      00137 0145
      00140 0154
      00141 0154
      00142 0157
      00143 0040
      00144 0127
      00145 0157
      00146 0162
      00147 0154
      00150 0144
      00151 0040
   70                      / F   r   o   m       P   D   P   -   8
   71 00152 0106           106;162;157;155;040;120;104;120;055;070
      00153 0162
      00154 0157
      00155 0155
      00156 0040
      00157 0120
      00160 0104
      00161 0120
      00162 0055
      00163 0070
   72 00164 0015           015;012;0;0
      00165 0012
      00166 0000
      00167 0000
   73             
   74             $

      No detected errors
