0001                         ; Example of calling machine language routine from BASIC.
0002                         ; This example takes an integer value passed to it from BASIC,
0003                         ; multiplies it by 2, and returns the result.
0004                         ; Code is relocatable, but here use origin of $7530 (30000 decimal)
0005                         ; as that is what is used in the example.
0006                         ; For more background see chapter 34 of "Getting Started With Extended Color Basic".
0007                         ; Will run standalone as the BASIC program ex4.bas
0008                         
0009                         ; Sample program run:
0010                         ;
0011                         ; VALUE TO PASS? 9
0012                         ; RESULT WAS 18 
0013                         ; VALUE TO PASS? 88
0014                         ; RESULT WAS 176 
0015                         
0016                         ; Another simple example, call dissassembler in ROM from BASIC:
0017                         ; POKE &H5FF0,&H75
0018                         ; POKE &H5FF1,&H30
0019                         ; EXEC &HC006
0020                         
0021 db74                    INTCNV  EQU     $DB74           ; Gets integer passed in USR() function and returns in D
0022 dc7b                    GIVABF  EQU     $DC7B           ; Takes value in D and returns value to BASIC
0023                         
0024 7530                            ORG     $7530           ; Decimal 30000
0025                         
0026 7530 bd db 74                   JSR     INTCNV          ; Get value passed in basic
0027 7533 58                         ASLB                    ; 16-bit shift of D: Rotate B, MSB into Carry
0028 7534 49                         ROLA                    ; Rotate A, Carry into LSB
0029 7535 7e dc 7b                   JMP     GIVABF          ; Return to BASIC
