ARM GAS  C:\Users\santoree\AppData\Local\Temp\ccEyGuna.s 			page 1


   1              		.syntax unified
   2              		.cpu cortex-m3
   3              		.fpu softvfp
   4              		.eabi_attribute 20, 1
   5              		.eabi_attribute 21, 1
   6              		.eabi_attribute 23, 3
   7              		.eabi_attribute 24, 1
   8              		.eabi_attribute 25, 1
   9              		.eabi_attribute 26, 1
  10              		.eabi_attribute 30, 1
  11              		.eabi_attribute 34, 1
  12              		.eabi_attribute 18, 4
  13              		.thumb
  14              		.syntax unified
  15              		.file	"main.c"
  16              		.text
  17              	.Ltext0:
  18              		.cfi_sections	.debug_frame
  19              		.section	.text.main,"ax",%progbits
  20              		.align	2
  21              		.global	main
  22              		.thumb
  23              		.thumb_func
  24              		.type	main, %function
  25              	main:
  26              	.LFB63:
  27              		.file 1 "main.c"
   1:main.c        **** /* ========================================
   2:main.c        ****  *
   3:main.c        ****  * Copyright Land Boards, LLC, 2016
   4:main.c        ****  * All Rights Reserved
   5:main.c        ****  * UNPUBLISHED, LICENSED SOFTWARE.
   6:main.c        ****  *
   7:main.c        ****  * CONFIDENTIAL AND PROPRIETARY INFORMATION
   8:main.c        ****  * WHICH IS THE PROPERTY OF your company.
   9:main.c        ****  *
  10:main.c        ****  * ========================================
  11:main.c        **** */
  12:main.c        **** 
  13:main.c        **** #include "project.h"
  14:main.c        **** 
  15:main.c        **** uint8 Count;
  16:main.c        **** uint8 Buffer[128];
  17:main.c        **** 
  18:main.c        **** int main()
  19:main.c        **** {
  28              		.loc 1 19 0
  29              		.cfi_startproc
  30              		@ Volatile: function does not return.
  31              		@ args = 0, pretend = 0, frame = 0
  32              		@ frame_needed = 0, uses_anonymous_args = 0
  33 0000 08B5     		push	{r3, lr}
  34              		.cfi_def_cfa_offset 8
  35              		.cfi_offset 3, -8
  36              		.cfi_offset 14, -4
  20:main.c        ****     /* Initialization Code: */
  21:main.c        ****     CYGlobalIntEnable; 
ARM GAS  C:\Users\santoree\AppData\Local\Temp\ccEyGuna.s 			page 2


  37              		.loc 1 21 0
  38              		.syntax unified
  39              	@ 21 "main.c" 1
  40 0002 62B6     		CPSIE   i
  41              	@ 0 "" 2
  22:main.c        ****     USBUART_1_Start(0, USBUART_1_3V_OPERATION);
  42              		.loc 1 22 0
  43              		.thumb
  44              		.syntax unified
  45 0004 0021     		movs	r1, #0
  46 0006 0846     		mov	r0, r1
  47 0008 FFF7FEFF 		bl	USBUART_1_Start
  48              	.LVL0:
  49              	.L2:
  23:main.c        ****     //!!NOTE!! Make sure this matches your board voltage!
  24:main.c        ****     while (!USBUART_1_bGetConfiguration());
  50              		.loc 1 24 0 discriminator 1
  51 000c FFF7FEFF 		bl	USBUART_1_GetConfiguration
  52              	.LVL1:
  53 0010 0028     		cmp	r0, #0
  54 0012 FBD0     		beq	.L2
  25:main.c        ****     USBUART_1_CDC_Init();
  55              		.loc 1 25 0
  56 0014 FFF7FEFF 		bl	USBUART_1_CDC_Init
  57              	.LVL2:
  58              	.L3:
  26:main.c        ****     /* Main Loop: */
  27:main.c        ****     for (;;)
  28:main.c        ****     {
  29:main.c        ****         Count = USBUART_1_GetCount();
  59              		.loc 1 29 0
  60 0018 FFF7FEFF 		bl	USBUART_1_GetCount
  61              	.LVL3:
  62 001c C0B2     		uxtb	r0, r0
  63 001e 094B     		ldr	r3, .L7
  64 0020 1870     		strb	r0, [r3]
  30:main.c        ****         if (Count != 0)
  65              		.loc 1 30 0
  66 0022 0028     		cmp	r0, #0
  67 0024 F8D0     		beq	.L3
  31:main.c        ****         /* Check for input data from PC */
  32:main.c        ****         {
  33:main.c        ****             USBUART_1_GetAll(Buffer);
  68              		.loc 1 33 0
  69 0026 084C     		ldr	r4, .L7+4
  70 0028 2046     		mov	r0, r4
  71 002a FFF7FEFF 		bl	USBUART_1_GetAll
  72              	.LVL4:
  34:main.c        ****             USBUART_1_PutData(Buffer, Count);
  73              		.loc 1 34 0
  74 002e 054B     		ldr	r3, .L7
  75 0030 1978     		ldrb	r1, [r3]	@ zero_extendqisi2
  76 0032 2046     		mov	r0, r4
  77 0034 FFF7FEFF 		bl	USBUART_1_PutData
  78              	.LVL5:
  79              	.L4:
  35:main.c        ****             /* Echo data back to PC */
ARM GAS  C:\Users\santoree\AppData\Local\Temp\ccEyGuna.s 			page 3


  36:main.c        ****             while (!USBUART_1_CDCIsReady()){}
  80              		.loc 1 36 0 discriminator 1
  81 0038 FFF7FEFF 		bl	USBUART_1_CDCIsReady
  82              	.LVL6:
  83 003c 0028     		cmp	r0, #0
  84 003e FBD0     		beq	.L4
  85 0040 EAE7     		b	.L3
  86              	.L8:
  87 0042 00BF     		.align	2
  88              	.L7:
  89 0044 00000000 		.word	Count
  90 0048 00000000 		.word	Buffer
  91              		.cfi_endproc
  92              	.LFE63:
  93              		.size	main, .-main
  94              		.comm	Buffer,128,4
  95              		.comm	Count,1,1
  96              		.text
  97              	.Letext0:
  98              		.file 2 "c:\\program files (x86)\\cypress\\psoc creator\\4.2\\psoc creator\\import\\gnu\\arm\\5.4.
  99              		.file 3 "c:\\program files (x86)\\cypress\\psoc creator\\4.2\\psoc creator\\import\\gnu\\arm\\5.4.
 100              		.file 4 "Generated_Source\\PSoC5/cytypes.h"
 101              		.file 5 "Generated_Source\\PSoC5/core_cm3.h"
 102              		.file 6 "Generated_Source\\PSoC5/USBUART_1.h"
 103              		.file 7 "Generated_Source\\PSoC5/USBUART_1_cdc.h"
 104              		.section	.debug_info,"",%progbits
 105              	.Ldebug_info0:
 106 0000 BD010000 		.4byte	0x1bd
 107 0004 0400     		.2byte	0x4
 108 0006 00000000 		.4byte	.Ldebug_abbrev0
 109 000a 04       		.byte	0x4
 110 000b 01       		.uleb128 0x1
 111 000c 50000000 		.4byte	.LASF27
 112 0010 0C       		.byte	0xc
 113 0011 71010000 		.4byte	.LASF28
 114 0015 7D010000 		.4byte	.LASF29
 115 0019 00000000 		.4byte	.Ldebug_ranges0+0
 116 001d 00000000 		.4byte	0
 117 0021 00000000 		.4byte	.Ldebug_line0
 118 0025 02       		.uleb128 0x2
 119 0026 01       		.byte	0x1
 120 0027 06       		.byte	0x6
 121 0028 5F020000 		.4byte	.LASF0
 122 002c 02       		.uleb128 0x2
 123 002d 01       		.byte	0x1
 124 002e 08       		.byte	0x8
 125 002f 42000000 		.4byte	.LASF1
 126 0033 02       		.uleb128 0x2
 127 0034 02       		.byte	0x2
 128 0035 05       		.byte	0x5
 129 0036 0E020000 		.4byte	.LASF2
 130 003a 02       		.uleb128 0x2
 131 003b 02       		.byte	0x2
 132 003c 07       		.byte	0x7
 133 003d F0000000 		.4byte	.LASF3
 134 0041 03       		.uleb128 0x3
 135 0042 2C000000 		.4byte	.LASF9
ARM GAS  C:\Users\santoree\AppData\Local\Temp\ccEyGuna.s 			page 4


 136 0046 02       		.byte	0x2
 137 0047 3F       		.byte	0x3f
 138 0048 4C000000 		.4byte	0x4c
 139 004c 02       		.uleb128 0x2
 140 004d 04       		.byte	0x4
 141 004e 05       		.byte	0x5
 142 004f 4A020000 		.4byte	.LASF4
 143 0053 02       		.uleb128 0x2
 144 0054 04       		.byte	0x4
 145 0055 07       		.byte	0x7
 146 0056 DE000000 		.4byte	.LASF5
 147 005a 02       		.uleb128 0x2
 148 005b 08       		.byte	0x8
 149 005c 05       		.byte	0x5
 150 005d 63010000 		.4byte	.LASF6
 151 0061 02       		.uleb128 0x2
 152 0062 08       		.byte	0x8
 153 0063 07       		.byte	0x7
 154 0064 3B010000 		.4byte	.LASF7
 155 0068 04       		.uleb128 0x4
 156 0069 04       		.byte	0x4
 157 006a 05       		.byte	0x5
 158 006b 696E7400 		.ascii	"int\000"
 159 006f 02       		.uleb128 0x2
 160 0070 04       		.byte	0x4
 161 0071 07       		.byte	0x7
 162 0072 2E010000 		.4byte	.LASF8
 163 0076 03       		.uleb128 0x3
 164 0077 52010000 		.4byte	.LASF10
 165 007b 03       		.byte	0x3
 166 007c 2C       		.byte	0x2c
 167 007d 41000000 		.4byte	0x41
 168 0081 05       		.uleb128 0x5
 169 0082 18020000 		.4byte	.LASF11
 170 0086 04       		.byte	0x4
 171 0087 9201     		.2byte	0x192
 172 0089 2C000000 		.4byte	0x2c
 173 008d 02       		.uleb128 0x2
 174 008e 04       		.byte	0x4
 175 008f 04       		.byte	0x4
 176 0090 36000000 		.4byte	.LASF12
 177 0094 02       		.uleb128 0x2
 178 0095 08       		.byte	0x8
 179 0096 04       		.byte	0x4
 180 0097 10010000 		.4byte	.LASF13
 181 009b 02       		.uleb128 0x2
 182 009c 01       		.byte	0x1
 183 009d 08       		.byte	0x8
 184 009e 78010000 		.4byte	.LASF14
 185 00a2 02       		.uleb128 0x2
 186 00a3 08       		.byte	0x8
 187 00a4 04       		.byte	0x4
 188 00a5 53020000 		.4byte	.LASF15
 189 00a9 02       		.uleb128 0x2
 190 00aa 04       		.byte	0x4
 191 00ab 07       		.byte	0x7
 192 00ac 5A010000 		.4byte	.LASF16
ARM GAS  C:\Users\santoree\AppData\Local\Temp\ccEyGuna.s 			page 5


 193 00b0 06       		.uleb128 0x6
 194 00b1 29010000 		.4byte	.LASF30
 195 00b5 01       		.byte	0x1
 196 00b6 12       		.byte	0x12
 197 00b7 68000000 		.4byte	0x68
 198 00bb 00000000 		.4byte	.LFB63
 199 00bf 4C000000 		.4byte	.LFE63-.LFB63
 200 00c3 01       		.uleb128 0x1
 201 00c4 9C       		.byte	0x9c
 202 00c5 2E010000 		.4byte	0x12e
 203 00c9 07       		.uleb128 0x7
 204 00ca 0C000000 		.4byte	.LVL0
 205 00ce 71010000 		.4byte	0x171
 206 00d2 E1000000 		.4byte	0xe1
 207 00d6 08       		.uleb128 0x8
 208 00d7 01       		.uleb128 0x1
 209 00d8 50       		.byte	0x50
 210 00d9 01       		.uleb128 0x1
 211 00da 30       		.byte	0x30
 212 00db 08       		.uleb128 0x8
 213 00dc 01       		.uleb128 0x1
 214 00dd 51       		.byte	0x51
 215 00de 01       		.uleb128 0x1
 216 00df 30       		.byte	0x30
 217 00e0 00       		.byte	0
 218 00e1 09       		.uleb128 0x9
 219 00e2 10000000 		.4byte	.LVL1
 220 00e6 7D010000 		.4byte	0x17d
 221 00ea 09       		.uleb128 0x9
 222 00eb 18000000 		.4byte	.LVL2
 223 00ef 89010000 		.4byte	0x189
 224 00f3 09       		.uleb128 0x9
 225 00f4 1C000000 		.4byte	.LVL3
 226 00f8 94010000 		.4byte	0x194
 227 00fc 07       		.uleb128 0x7
 228 00fd 2E000000 		.4byte	.LVL4
 229 0101 9F010000 		.4byte	0x19f
 230 0105 10010000 		.4byte	0x110
 231 0109 08       		.uleb128 0x8
 232 010a 01       		.uleb128 0x1
 233 010b 50       		.byte	0x50
 234 010c 02       		.uleb128 0x2
 235 010d 74       		.byte	0x74
 236 010e 00       		.sleb128 0
 237 010f 00       		.byte	0
 238 0110 07       		.uleb128 0x7
 239 0111 38000000 		.4byte	.LVL5
 240 0115 AA010000 		.4byte	0x1aa
 241 0119 24010000 		.4byte	0x124
 242 011d 08       		.uleb128 0x8
 243 011e 01       		.uleb128 0x1
 244 011f 50       		.byte	0x50
 245 0120 02       		.uleb128 0x2
 246 0121 74       		.byte	0x74
 247 0122 00       		.sleb128 0
 248 0123 00       		.byte	0
 249 0124 09       		.uleb128 0x9
ARM GAS  C:\Users\santoree\AppData\Local\Temp\ccEyGuna.s 			page 6


 250 0125 3C000000 		.4byte	.LVL6
 251 0129 B5010000 		.4byte	0x1b5
 252 012d 00       		.byte	0
 253 012e 0A       		.uleb128 0xa
 254 012f 03010000 		.4byte	.LASF17
 255 0133 05       		.byte	0x5
 256 0134 9606     		.2byte	0x696
 257 0136 3A010000 		.4byte	0x13a
 258 013a 0B       		.uleb128 0xb
 259 013b 76000000 		.4byte	0x76
 260 013f 0C       		.uleb128 0xc
 261 0140 3C000000 		.4byte	.LASF18
 262 0144 01       		.byte	0x1
 263 0145 0F       		.byte	0xf
 264 0146 81000000 		.4byte	0x81
 265 014a 05       		.uleb128 0x5
 266 014b 03       		.byte	0x3
 267 014c 00000000 		.4byte	Count
 268 0150 0D       		.uleb128 0xd
 269 0151 81000000 		.4byte	0x81
 270 0155 60010000 		.4byte	0x160
 271 0159 0E       		.uleb128 0xe
 272 015a A9000000 		.4byte	0xa9
 273 015e 7F       		.byte	0x7f
 274 015f 00       		.byte	0
 275 0160 0C       		.uleb128 0xc
 276 0161 2E020000 		.4byte	.LASF19
 277 0165 01       		.byte	0x1
 278 0166 10       		.byte	0x10
 279 0167 50010000 		.4byte	0x150
 280 016b 05       		.uleb128 0x5
 281 016c 03       		.byte	0x3
 282 016d 00000000 		.4byte	Buffer
 283 0171 0F       		.uleb128 0xf
 284 0172 1E020000 		.4byte	.LASF20
 285 0176 1E020000 		.4byte	.LASF20
 286 017a 06       		.byte	0x6
 287 017b 2A01     		.2byte	0x12a
 288 017d 0F       		.uleb128 0xf
 289 017e 00000000 		.4byte	.LASF21
 290 0182 00000000 		.4byte	.LASF21
 291 0186 06       		.byte	0x6
 292 0187 2D01     		.2byte	0x12d
 293 0189 10       		.uleb128 0x10
 294 018a 6B020000 		.4byte	.LASF22
 295 018e 6B020000 		.4byte	.LASF22
 296 0192 07       		.byte	0x7
 297 0193 22       		.byte	0x22
 298 0194 10       		.uleb128 0x10
 299 0195 FB010000 		.4byte	.LASF23
 300 0199 FB010000 		.4byte	.LASF23
 301 019d 07       		.byte	0x7
 302 019e 27       		.byte	0x27
 303 019f 10       		.uleb128 0x10
 304 01a0 1B000000 		.4byte	.LASF24
 305 01a4 1B000000 		.4byte	.LASF24
 306 01a8 07       		.byte	0x7
ARM GAS  C:\Users\santoree\AppData\Local\Temp\ccEyGuna.s 			page 7


 307 01a9 2B       		.byte	0x2b
 308 01aa 10       		.uleb128 0x10
 309 01ab 17010000 		.4byte	.LASF25
 310 01af 17010000 		.4byte	.LASF25
 311 01b3 07       		.byte	0x7
 312 01b4 23       		.byte	0x23
 313 01b5 10       		.uleb128 0x10
 314 01b6 35020000 		.4byte	.LASF26
 315 01ba 35020000 		.4byte	.LASF26
 316 01be 07       		.byte	0x7
 317 01bf 28       		.byte	0x28
 318 01c0 00       		.byte	0
 319              		.section	.debug_abbrev,"",%progbits
 320              	.Ldebug_abbrev0:
 321 0000 01       		.uleb128 0x1
 322 0001 11       		.uleb128 0x11
 323 0002 01       		.byte	0x1
 324 0003 25       		.uleb128 0x25
 325 0004 0E       		.uleb128 0xe
 326 0005 13       		.uleb128 0x13
 327 0006 0B       		.uleb128 0xb
 328 0007 03       		.uleb128 0x3
 329 0008 0E       		.uleb128 0xe
 330 0009 1B       		.uleb128 0x1b
 331 000a 0E       		.uleb128 0xe
 332 000b 55       		.uleb128 0x55
 333 000c 17       		.uleb128 0x17
 334 000d 11       		.uleb128 0x11
 335 000e 01       		.uleb128 0x1
 336 000f 10       		.uleb128 0x10
 337 0010 17       		.uleb128 0x17
 338 0011 00       		.byte	0
 339 0012 00       		.byte	0
 340 0013 02       		.uleb128 0x2
 341 0014 24       		.uleb128 0x24
 342 0015 00       		.byte	0
 343 0016 0B       		.uleb128 0xb
 344 0017 0B       		.uleb128 0xb
 345 0018 3E       		.uleb128 0x3e
 346 0019 0B       		.uleb128 0xb
 347 001a 03       		.uleb128 0x3
 348 001b 0E       		.uleb128 0xe
 349 001c 00       		.byte	0
 350 001d 00       		.byte	0
 351 001e 03       		.uleb128 0x3
 352 001f 16       		.uleb128 0x16
 353 0020 00       		.byte	0
 354 0021 03       		.uleb128 0x3
 355 0022 0E       		.uleb128 0xe
 356 0023 3A       		.uleb128 0x3a
 357 0024 0B       		.uleb128 0xb
 358 0025 3B       		.uleb128 0x3b
 359 0026 0B       		.uleb128 0xb
 360 0027 49       		.uleb128 0x49
 361 0028 13       		.uleb128 0x13
 362 0029 00       		.byte	0
 363 002a 00       		.byte	0
ARM GAS  C:\Users\santoree\AppData\Local\Temp\ccEyGuna.s 			page 8


 364 002b 04       		.uleb128 0x4
 365 002c 24       		.uleb128 0x24
 366 002d 00       		.byte	0
 367 002e 0B       		.uleb128 0xb
 368 002f 0B       		.uleb128 0xb
 369 0030 3E       		.uleb128 0x3e
 370 0031 0B       		.uleb128 0xb
 371 0032 03       		.uleb128 0x3
 372 0033 08       		.uleb128 0x8
 373 0034 00       		.byte	0
 374 0035 00       		.byte	0
 375 0036 05       		.uleb128 0x5
 376 0037 16       		.uleb128 0x16
 377 0038 00       		.byte	0
 378 0039 03       		.uleb128 0x3
 379 003a 0E       		.uleb128 0xe
 380 003b 3A       		.uleb128 0x3a
 381 003c 0B       		.uleb128 0xb
 382 003d 3B       		.uleb128 0x3b
 383 003e 05       		.uleb128 0x5
 384 003f 49       		.uleb128 0x49
 385 0040 13       		.uleb128 0x13
 386 0041 00       		.byte	0
 387 0042 00       		.byte	0
 388 0043 06       		.uleb128 0x6
 389 0044 2E       		.uleb128 0x2e
 390 0045 01       		.byte	0x1
 391 0046 3F       		.uleb128 0x3f
 392 0047 19       		.uleb128 0x19
 393 0048 03       		.uleb128 0x3
 394 0049 0E       		.uleb128 0xe
 395 004a 3A       		.uleb128 0x3a
 396 004b 0B       		.uleb128 0xb
 397 004c 3B       		.uleb128 0x3b
 398 004d 0B       		.uleb128 0xb
 399 004e 49       		.uleb128 0x49
 400 004f 13       		.uleb128 0x13
 401 0050 8701     		.uleb128 0x87
 402 0052 19       		.uleb128 0x19
 403 0053 11       		.uleb128 0x11
 404 0054 01       		.uleb128 0x1
 405 0055 12       		.uleb128 0x12
 406 0056 06       		.uleb128 0x6
 407 0057 40       		.uleb128 0x40
 408 0058 18       		.uleb128 0x18
 409 0059 9742     		.uleb128 0x2117
 410 005b 19       		.uleb128 0x19
 411 005c 01       		.uleb128 0x1
 412 005d 13       		.uleb128 0x13
 413 005e 00       		.byte	0
 414 005f 00       		.byte	0
 415 0060 07       		.uleb128 0x7
 416 0061 898201   		.uleb128 0x4109
 417 0064 01       		.byte	0x1
 418 0065 11       		.uleb128 0x11
 419 0066 01       		.uleb128 0x1
 420 0067 31       		.uleb128 0x31
ARM GAS  C:\Users\santoree\AppData\Local\Temp\ccEyGuna.s 			page 9


 421 0068 13       		.uleb128 0x13
 422 0069 01       		.uleb128 0x1
 423 006a 13       		.uleb128 0x13
 424 006b 00       		.byte	0
 425 006c 00       		.byte	0
 426 006d 08       		.uleb128 0x8
 427 006e 8A8201   		.uleb128 0x410a
 428 0071 00       		.byte	0
 429 0072 02       		.uleb128 0x2
 430 0073 18       		.uleb128 0x18
 431 0074 9142     		.uleb128 0x2111
 432 0076 18       		.uleb128 0x18
 433 0077 00       		.byte	0
 434 0078 00       		.byte	0
 435 0079 09       		.uleb128 0x9
 436 007a 898201   		.uleb128 0x4109
 437 007d 00       		.byte	0
 438 007e 11       		.uleb128 0x11
 439 007f 01       		.uleb128 0x1
 440 0080 31       		.uleb128 0x31
 441 0081 13       		.uleb128 0x13
 442 0082 00       		.byte	0
 443 0083 00       		.byte	0
 444 0084 0A       		.uleb128 0xa
 445 0085 34       		.uleb128 0x34
 446 0086 00       		.byte	0
 447 0087 03       		.uleb128 0x3
 448 0088 0E       		.uleb128 0xe
 449 0089 3A       		.uleb128 0x3a
 450 008a 0B       		.uleb128 0xb
 451 008b 3B       		.uleb128 0x3b
 452 008c 05       		.uleb128 0x5
 453 008d 49       		.uleb128 0x49
 454 008e 13       		.uleb128 0x13
 455 008f 3F       		.uleb128 0x3f
 456 0090 19       		.uleb128 0x19
 457 0091 3C       		.uleb128 0x3c
 458 0092 19       		.uleb128 0x19
 459 0093 00       		.byte	0
 460 0094 00       		.byte	0
 461 0095 0B       		.uleb128 0xb
 462 0096 35       		.uleb128 0x35
 463 0097 00       		.byte	0
 464 0098 49       		.uleb128 0x49
 465 0099 13       		.uleb128 0x13
 466 009a 00       		.byte	0
 467 009b 00       		.byte	0
 468 009c 0C       		.uleb128 0xc
 469 009d 34       		.uleb128 0x34
 470 009e 00       		.byte	0
 471 009f 03       		.uleb128 0x3
 472 00a0 0E       		.uleb128 0xe
 473 00a1 3A       		.uleb128 0x3a
 474 00a2 0B       		.uleb128 0xb
 475 00a3 3B       		.uleb128 0x3b
 476 00a4 0B       		.uleb128 0xb
 477 00a5 49       		.uleb128 0x49
ARM GAS  C:\Users\santoree\AppData\Local\Temp\ccEyGuna.s 			page 10


 478 00a6 13       		.uleb128 0x13
 479 00a7 3F       		.uleb128 0x3f
 480 00a8 19       		.uleb128 0x19
 481 00a9 02       		.uleb128 0x2
 482 00aa 18       		.uleb128 0x18
 483 00ab 00       		.byte	0
 484 00ac 00       		.byte	0
 485 00ad 0D       		.uleb128 0xd
 486 00ae 01       		.uleb128 0x1
 487 00af 01       		.byte	0x1
 488 00b0 49       		.uleb128 0x49
 489 00b1 13       		.uleb128 0x13
 490 00b2 01       		.uleb128 0x1
 491 00b3 13       		.uleb128 0x13
 492 00b4 00       		.byte	0
 493 00b5 00       		.byte	0
 494 00b6 0E       		.uleb128 0xe
 495 00b7 21       		.uleb128 0x21
 496 00b8 00       		.byte	0
 497 00b9 49       		.uleb128 0x49
 498 00ba 13       		.uleb128 0x13
 499 00bb 2F       		.uleb128 0x2f
 500 00bc 0B       		.uleb128 0xb
 501 00bd 00       		.byte	0
 502 00be 00       		.byte	0
 503 00bf 0F       		.uleb128 0xf
 504 00c0 2E       		.uleb128 0x2e
 505 00c1 00       		.byte	0
 506 00c2 3F       		.uleb128 0x3f
 507 00c3 19       		.uleb128 0x19
 508 00c4 3C       		.uleb128 0x3c
 509 00c5 19       		.uleb128 0x19
 510 00c6 6E       		.uleb128 0x6e
 511 00c7 0E       		.uleb128 0xe
 512 00c8 03       		.uleb128 0x3
 513 00c9 0E       		.uleb128 0xe
 514 00ca 3A       		.uleb128 0x3a
 515 00cb 0B       		.uleb128 0xb
 516 00cc 3B       		.uleb128 0x3b
 517 00cd 05       		.uleb128 0x5
 518 00ce 00       		.byte	0
 519 00cf 00       		.byte	0
 520 00d0 10       		.uleb128 0x10
 521 00d1 2E       		.uleb128 0x2e
 522 00d2 00       		.byte	0
 523 00d3 3F       		.uleb128 0x3f
 524 00d4 19       		.uleb128 0x19
 525 00d5 3C       		.uleb128 0x3c
 526 00d6 19       		.uleb128 0x19
 527 00d7 6E       		.uleb128 0x6e
 528 00d8 0E       		.uleb128 0xe
 529 00d9 03       		.uleb128 0x3
 530 00da 0E       		.uleb128 0xe
 531 00db 3A       		.uleb128 0x3a
 532 00dc 0B       		.uleb128 0xb
 533 00dd 3B       		.uleb128 0x3b
 534 00de 0B       		.uleb128 0xb
ARM GAS  C:\Users\santoree\AppData\Local\Temp\ccEyGuna.s 			page 11


 535 00df 00       		.byte	0
 536 00e0 00       		.byte	0
 537 00e1 00       		.byte	0
 538              		.section	.debug_aranges,"",%progbits
 539 0000 1C000000 		.4byte	0x1c
 540 0004 0200     		.2byte	0x2
 541 0006 00000000 		.4byte	.Ldebug_info0
 542 000a 04       		.byte	0x4
 543 000b 00       		.byte	0
 544 000c 0000     		.2byte	0
 545 000e 0000     		.2byte	0
 546 0010 00000000 		.4byte	.LFB63
 547 0014 4C000000 		.4byte	.LFE63-.LFB63
 548 0018 00000000 		.4byte	0
 549 001c 00000000 		.4byte	0
 550              		.section	.debug_ranges,"",%progbits
 551              	.Ldebug_ranges0:
 552 0000 00000000 		.4byte	.LFB63
 553 0004 4C000000 		.4byte	.LFE63
 554 0008 00000000 		.4byte	0
 555 000c 00000000 		.4byte	0
 556              		.section	.debug_line,"",%progbits
 557              	.Ldebug_line0:
 558 0000 94010000 		.section	.debug_str,"MS",%progbits,1
 558      02006E01 
 558      00000201 
 558      FB0E0D00 
 558      01010101 
 559              	.LASF21:
 560 0000 55534255 		.ascii	"USBUART_1_GetConfiguration\000"
 560      4152545F 
 560      315F4765 
 560      74436F6E 
 560      66696775 
 561              	.LASF24:
 562 001b 55534255 		.ascii	"USBUART_1_GetAll\000"
 562      4152545F 
 562      315F4765 
 562      74416C6C 
 562      00
 563              	.LASF9:
 564 002c 5F5F696E 		.ascii	"__int32_t\000"
 564      7433325F 
 564      7400
 565              	.LASF12:
 566 0036 666C6F61 		.ascii	"float\000"
 566      7400
 567              	.LASF18:
 568 003c 436F756E 		.ascii	"Count\000"
 568      7400
 569              	.LASF1:
 570 0042 756E7369 		.ascii	"unsigned char\000"
 570      676E6564 
 570      20636861 
 570      7200
 571              	.LASF27:
 572 0050 474E5520 		.ascii	"GNU C11 5.4.1 20160609 (release) [ARM/embedded-5-br"
ARM GAS  C:\Users\santoree\AppData\Local\Temp\ccEyGuna.s 			page 12


 572      43313120 
 572      352E342E 
 572      31203230 
 572      31363036 
 573 0083 616E6368 		.ascii	"anch revision 237715] -mcpu=cortex-m3 -mthumb -g -O"
 573      20726576 
 573      6973696F 
 573      6E203233 
 573      37373135 
 574 00b6 67202D66 		.ascii	"g -ffunction-sections -ffat-lto-objects\000"
 574      66756E63 
 574      74696F6E 
 574      2D736563 
 574      74696F6E 
 575              	.LASF5:
 576 00de 6C6F6E67 		.ascii	"long unsigned int\000"
 576      20756E73 
 576      69676E65 
 576      6420696E 
 576      7400
 577              	.LASF3:
 578 00f0 73686F72 		.ascii	"short unsigned int\000"
 578      7420756E 
 578      7369676E 
 578      65642069 
 578      6E7400
 579              	.LASF17:
 580 0103 49544D5F 		.ascii	"ITM_RxBuffer\000"
 580      52784275 
 580      66666572 
 580      00
 581              	.LASF13:
 582 0110 646F7562 		.ascii	"double\000"
 582      6C6500
 583              	.LASF25:
 584 0117 55534255 		.ascii	"USBUART_1_PutData\000"
 584      4152545F 
 584      315F5075 
 584      74446174 
 584      6100
 585              	.LASF30:
 586 0129 6D61696E 		.ascii	"main\000"
 586      00
 587              	.LASF8:
 588 012e 756E7369 		.ascii	"unsigned int\000"
 588      676E6564 
 588      20696E74 
 588      00
 589              	.LASF7:
 590 013b 6C6F6E67 		.ascii	"long long unsigned int\000"
 590      206C6F6E 
 590      6720756E 
 590      7369676E 
 590      65642069 
 591              	.LASF10:
 592 0152 696E7433 		.ascii	"int32_t\000"
 592      325F7400 
ARM GAS  C:\Users\santoree\AppData\Local\Temp\ccEyGuna.s 			page 13


 593              	.LASF16:
 594 015a 73697A65 		.ascii	"sizetype\000"
 594      74797065 
 594      00
 595              	.LASF6:
 596 0163 6C6F6E67 		.ascii	"long long int\000"
 596      206C6F6E 
 596      6720696E 
 596      7400
 597              	.LASF28:
 598 0171 6D61696E 		.ascii	"main.c\000"
 598      2E6300
 599              	.LASF14:
 600 0178 63686172 		.ascii	"char\000"
 600      00
 601              	.LASF29:
 602 017d 433A5C55 		.ascii	"C:\\Users\\dgilliland\\Documents\\GitHub\\Retro-Com"
 602      73657273 
 602      5C646769 
 602      6C6C696C 
 602      616E645C 
 603 01ab 70757465 		.ascii	"puters\\Z80\\PSOC\\PSOC_Design_Files\\GS_9_Chip_PSo"
 603      72735C5A 
 603      38305C50 
 603      534F435C 
 603      50534F43 
 604 01da 435C4F44 		.ascii	"C\\ODAS-PSOC5-USB_Serial-01.cydsn\000"
 604      41532D50 
 604      534F4335 
 604      2D555342 
 604      5F536572 
 605              	.LASF23:
 606 01fb 55534255 		.ascii	"USBUART_1_GetCount\000"
 606      4152545F 
 606      315F4765 
 606      74436F75 
 606      6E7400
 607              	.LASF2:
 608 020e 73686F72 		.ascii	"short int\000"
 608      7420696E 
 608      7400
 609              	.LASF11:
 610 0218 75696E74 		.ascii	"uint8\000"
 610      3800
 611              	.LASF20:
 612 021e 55534255 		.ascii	"USBUART_1_Start\000"
 612      4152545F 
 612      315F5374 
 612      61727400 
 613              	.LASF19:
 614 022e 42756666 		.ascii	"Buffer\000"
 614      657200
 615              	.LASF26:
 616 0235 55534255 		.ascii	"USBUART_1_CDCIsReady\000"
 616      4152545F 
 616      315F4344 
 616      43497352 
ARM GAS  C:\Users\santoree\AppData\Local\Temp\ccEyGuna.s 			page 14


 616      65616479 
 617              	.LASF4:
 618 024a 6C6F6E67 		.ascii	"long int\000"
 618      20696E74 
 618      00
 619              	.LASF15:
 620 0253 6C6F6E67 		.ascii	"long double\000"
 620      20646F75 
 620      626C6500 
 621              	.LASF0:
 622 025f 7369676E 		.ascii	"signed char\000"
 622      65642063 
 622      68617200 
 623              	.LASF22:
 624 026b 55534255 		.ascii	"USBUART_1_CDC_Init\000"
 624      4152545F 
 624      315F4344 
 624      435F496E 
 624      697400
 625              		.ident	"GCC: (GNU Tools for ARM Embedded Processors) 5.4.1 20160609 (release) [ARM/embedded-5-bran
