Flow report for SOC
Thu Mar 10 05:35:27 2022
Quartus Prime Version 21.1.0 Build 842 10/21/2021 SJ Lite Edition


---------------------
; Table of Contents ;
---------------------
  1. Legal Notice
  2. Flow Summary
  3. Flow Settings
  4. Flow Non-Default Global Settings
  5. Flow Elapsed Time
  6. Flow OS Summary
  7. Flow Log
  8. Flow Messages
  9. Flow Suppressed Messages



----------------
; Legal Notice ;
----------------
Copyright (C) 2021  Intel Corporation. All rights reserved.
Your use of Intel Corporation's design tools, logic functions 
and other software and tools, and any partner logic 
functions, and any output files from any of the foregoing 
(including device programming or simulation files), and any 
associated documentation or information are expressly subject 
to the terms and conditions of the Intel Program License 
Subscription Agreement, the Intel Quartus Prime License Agreement,
the Intel FPGA IP License Agreement, or other applicable license
agreement, including, without limitation, that your use is for
the sole purpose of programming logic devices manufactured by
Intel and sold by Intel or its authorized distributors.  Please
refer to the applicable agreement for further details, at
https://fpgasoftware.intel.com/eula.



+-------------------------------------------------------------------------------+
; Flow Summary                                                                  ;
+---------------------------------+---------------------------------------------+
; Flow Status                     ; Successful - Thu Mar 10 05:35:03 2022       ;
; Quartus Prime Version           ; 21.1.0 Build 842 10/21/2021 SJ Lite Edition ;
; Revision Name                   ; SOC                                         ;
; Top-level Entity Name           ; C4BoardToplevel                             ;
; Family                          ; Cyclone V                                   ;
; Device                          ; 5CEFA2F23I7                                 ;
; Timing Models                   ; Final                                       ;
; Logic utilization (in ALMs)     ; 3,747 / 9,430 ( 40 % )                      ;
; Total registers                 ; 4241                                        ;
; Total pins                      ; 69 / 224 ( 31 % )                           ;
; Total virtual pins              ; 0                                           ;
; Total block memory bits         ; 107,520 / 1,802,240 ( 6 % )                 ;
; Total DSP Blocks                ; 2 / 25 ( 8 % )                              ;
; Total HSSI RX PCSs              ; 0                                           ;
; Total HSSI PMA RX Deserializers ; 0                                           ;
; Total HSSI TX PCSs              ; 0                                           ;
; Total HSSI PMA TX Serializers   ; 0                                           ;
; Total PLLs                      ; 1 / 4 ( 25 % )                              ;
; Total DLLs                      ; 0 / 4 ( 0 % )                               ;
+---------------------------------+---------------------------------------------+


+-----------------------------------------+
; Flow Settings                           ;
+-------------------+---------------------+
; Option            ; Setting             ;
+-------------------+---------------------+
; Start date & time ; 03/10/2022 05:16:48 ;
; Main task         ; Compilation         ;
; Revision Name     ; SOC                 ;
+-------------------+---------------------+


+------------------------------------------------------------------------------------------------------------------------------+
; Flow Non-Default Global Settings                                                                                             ;
+--------------------------------------+----------------------------------------+---------------+-----------------+------------+
; Assignment Name                      ; Value                                  ; Default Value ; Entity Name     ; Section Id ;
+--------------------------------------+----------------------------------------+---------------+-----------------+------------+
; COMPILER_SIGNATURE_ID                ; 10995770589187.164690740716416         ; --            ; --              ; --         ;
; ENABLE_SIGNALTAP                     ; Off                                    ; --            ; --              ; --         ;
; MAX_CORE_JUNCTION_TEMP               ; 100                                    ; --            ; --              ; --         ;
; MIN_CORE_JUNCTION_TEMP               ; -40                                    ; --            ; --              ; --         ;
; MISC_FILE                            ; Clock_50to100.cmp                      ; --            ; --              ; --         ;
; MISC_FILE                            ; Clock_50to100.ppf                      ; --            ; --              ; --         ;
; NUM_PARALLEL_PROCESSORS              ; All                                    ; --            ; --              ; --         ;
; OUTPUT_IO_TIMING_FAR_END_VMEAS       ; Half Signal Swing                      ; --            ; --              ; --         ;
; OUTPUT_IO_TIMING_FAR_END_VMEAS       ; Half Signal Swing                      ; --            ; --              ; --         ;
; OUTPUT_IO_TIMING_NEAR_END_VMEAS      ; Half Vccio                             ; --            ; --              ; --         ;
; OUTPUT_IO_TIMING_NEAR_END_VMEAS      ; Half Vccio                             ; --            ; --              ; --         ;
; PARTITION_COLOR                      ; -- (Not supported for targeted family) ; --            ; C4BoardToplevel ; Top        ;
; PARTITION_FITTER_PRESERVATION_LEVEL  ; -- (Not supported for targeted family) ; --            ; C4BoardToplevel ; Top        ;
; PARTITION_NETLIST_TYPE               ; -- (Not supported for targeted family) ; --            ; C4BoardToplevel ; Top        ;
; PHYSICAL_SYNTHESIS_COMBO_LOGIC       ; On                                     ; Off           ; --              ; --         ;
; PHYSICAL_SYNTHESIS_REGISTER_RETIMING ; On                                     ; Off           ; --              ; --         ;
; POWER_BOARD_THERMAL_MODEL            ; None (CONSERVATIVE)                    ; --            ; --              ; --         ;
; POWER_PRESET_COOLING_SOLUTION        ; 23 MM HEAT SINK WITH 200 LFPM AIRFLOW  ; --            ; --              ; --         ;
; SMART_RECOMPILE                      ; On                                     ; Off           ; --              ; --         ;
; TOP_LEVEL_ENTITY                     ; C4BoardToplevel                        ; SOC           ; --              ; --         ;
; USE_GENERATED_PHYSICAL_CONSTRAINTS   ; Off                                    ; --            ; --              ; eda_palace ;
; USE_SIGNALTAP_FILE                   ; stp1.stp                               ; --            ; --              ; --         ;
+--------------------------------------+----------------------------------------+---------------+-----------------+------------+


+--------------------------------------------------------------------------------------------------------------------------+
; Flow Elapsed Time                                                                                                        ;
+----------------------+--------------+-------------------------+---------------------+------------------------------------+
; Module Name          ; Elapsed Time ; Average Processors Used ; Peak Virtual Memory ; Total CPU Time (on all processors) ;
+----------------------+--------------+-------------------------+---------------------+------------------------------------+
; Analysis & Synthesis ; 00:02:11     ; 1.8                     ; 4974 MB             ; 00:02:44                           ;
; Fitter               ; 00:02:27     ; 1.2                     ; 6357 MB             ; 00:05:59                           ;
; Assembler            ; 00:00:10     ; 1.0                     ; 4915 MB             ; 00:00:10                           ;
; Timing Analyzer      ; 00:00:24     ; 2.3                     ; 5329 MB             ; 00:00:48                           ;
; Fitter               ; 00:02:39     ; 1.2                     ; 6368 MB             ; 00:06:35                           ;
; Assembler            ; 00:00:11     ; 1.0                     ; 4913 MB             ; 00:00:10                           ;
; Timing Analyzer      ; 00:00:23     ; 2.2                     ; 5328 MB             ; 00:00:46                           ;
; Total                ; 00:08:25     ; --                      ; --                  ; 00:17:12                           ;
+----------------------+--------------+-------------------------+---------------------+------------------------------------+


+------------------------------------------------------------------------------------+
; Flow OS Summary                                                                    ;
+----------------------+------------------+------------+------------+----------------+
; Module Name          ; Machine Hostname ; OS Name    ; OS Version ; Processor type ;
+----------------------+------------------+------------+------------+----------------+
; Analysis & Synthesis ; DESKTOP-2UF8LNB  ; Windows 10 ; 10.0       ; x86_64         ;
; Fitter               ; DESKTOP-2UF8LNB  ; Windows 10 ; 10.0       ; x86_64         ;
; Assembler            ; DESKTOP-2UF8LNB  ; Windows 10 ; 10.0       ; x86_64         ;
; Timing Analyzer      ; DESKTOP-2UF8LNB  ; Windows 10 ; 10.0       ; x86_64         ;
; Fitter               ; DESKTOP-2UF8LNB  ; Windows 10 ; 10.0       ; x86_64         ;
; Assembler            ; DESKTOP-2UF8LNB  ; Windows 10 ; 10.0       ; x86_64         ;
; Timing Analyzer      ; DESKTOP-2UF8LNB  ; Windows 10 ; 10.0       ; x86_64         ;
+----------------------+------------------+------------+------------+----------------+


------------
; Flow Log ;
------------
quartus_map --read_settings_files=on --write_settings_files=off SOC -c SOC
quartus_fit --read_settings_files=off --write_settings_files=off SOC -c SOC
quartus_asm --read_settings_files=off --write_settings_files=off SOC -c SOC
quartus_sta SOC -c SOC
quartus_fit --read_settings_files=on --write_settings_files=off SOC -c SOC
quartus_asm --read_settings_files=off --write_settings_files=off SOC -c SOC
quartus_sta SOC -c SOC



