MIF/HEX Update report for pdp8_top
Fri Jul 02 05:26:00 2021
Quartus Prime Version 20.1.0 Build 711 06/05/2020 SJ Lite Edition


---------------------
; Table of Contents ;
---------------------
  1. Legal Notice
  2. MIF/HEX Update Summary
  3. MIF/HEX Update Processed Files
  4. MIF/HEX Update Messages



----------------
; Legal Notice ;
----------------
Copyright (C) 2020  Intel Corporation. All rights reserved.
Your use of Intel Corporation's design tools, logic functions 
and other software and tools, and any partner logic 
functions, and any output files from any of the foregoing 
(including device programming or simulation files), and any 
associated documentation or information are expressly subject 
to the terms and conditions of the Intel Program License 
Subscription Agreement, the Intel Quartus Prime License Agreement,
the Intel FPGA IP License Agreement, or other applicable license
agreement, including, without limitation, that your use is for
the sole purpose of programming logic devices manufactured by
Intel and sold by Intel or its authorized distributors.  Please
refer to the applicable agreement for further details, at
https://fpgasoftware.intel.com/eula.



+---------------------------------------------------------------+
; MIF/HEX Update Summary                                        ;
+-----------------------+---------------------------------------+
; MIF/HEX Update Status ; Successful - Fri Jul 02 05:26:00 2021 ;
; Revision Name         ; pdp8_top                              ;
; Top-level Entity Name ; pdp8_top                              ;
; Family                ; Cyclone IV E                          ;
; Device                ; EP4CE15F23C8                          ;
+-----------------------+---------------------------------------+


+------------------------------------------------------------------------------------------------------------------------------------------------------------------------+
; MIF/HEX Update Processed Files                                                                                                                                         ;
+------------------------------------------------------------------------------------------------------------------------------------------------------------------------+
; File Name                                                                                                                                                              ;
+------------------------------------------------------------------------------------------------------------------------------------------------------------------------+
; C:/Users/HPz420/Documents/GitHub/Doug Gilliland/Retro-Computers/PDP-8/PDP8_OpenCores/RETRO-EP4CE15_CYCLONE_IV_VDU/ANSITerm/ANSIDisplayVGA/SansFontBoldReduced.HEX      ;
; C:/Users/HPz420/Documents/GitHub/Doug Gilliland/Retro-Computers/PDP-8/PDP8_OpenCores/RETRO-EP4CE15_CYCLONE_IV_VDU/ANSITerm/IOP16/IOP16_ASSEMBLER/PDP_Term/PDP_Term.mif ;
; C:/Users/HPz420/Documents/GitHub/Doug Gilliland/Retro-Computers/PDP-8/PDP8_OpenCores/RETRO-EP4CE15_CYCLONE_IV_VDU/db/pdp8_top.ram0_eMS8C_77b09fb_0.hdl.mif             ;
+------------------------------------------------------------------------------------------------------------------------------------------------------------------------+


+-------------------------+
; MIF/HEX Update Messages ;
+-------------------------+
Info: *******************************************************************
Info: Running Quartus Prime MIF/HEX Update
    Info: Version 20.1.0 Build 711 06/05/2020 SJ Lite Edition
    Info: Processing started: Fri Jul 02 05:25:58 2021
Info: Command: quartus_cdb pdp8_top -c pdp8_top --update_mif
Critical Warning (127005): Memory depth (512) in the design file differs from memory depth (27) in the Memory Initialization File "C:/Users/HPz420/Documents/GitHub/Doug Gilliland/Retro-Computers/PDP-8/PDP8_OpenCores/RETRO-EP4CE15_CYCLONE_IV_VDU/ANSITerm/IOP16/IOP16_ASSEMBLER/PDP_Term/PDP_Term.mif" -- setting initial value for remaining addresses to 0
Warning (113015): Width of data items in "SansFontBoldReduced.HEX" is greater than the memory width. Wrapping data items to subsequent addresses. Found 32 warnings, reporting 10 File: C:/Users/HPz420/Documents/GitHub/Doug Gilliland/Retro-Computers/PDP-8/PDP8_OpenCores/RETRO-EP4CE15_CYCLONE_IV_VDU/ANSITerm/ANSIDisplayVGA/SansFontBoldReduced.HEX Line: 1
    Warning (113009): Data at line (1) of memory initialization file "SansFontBoldReduced.HEX" is too wide to fit in one memory word. Wrapping data to subsequent addresses. File: C:/Users/HPz420/Documents/GitHub/Doug Gilliland/Retro-Computers/PDP-8/PDP8_OpenCores/RETRO-EP4CE15_CYCLONE_IV_VDU/ANSITerm/ANSIDisplayVGA/SansFontBoldReduced.HEX Line: 1
    Warning (113009): Data at line (2) of memory initialization file "SansFontBoldReduced.HEX" is too wide to fit in one memory word. Wrapping data to subsequent addresses. File: C:/Users/HPz420/Documents/GitHub/Doug Gilliland/Retro-Computers/PDP-8/PDP8_OpenCores/RETRO-EP4CE15_CYCLONE_IV_VDU/ANSITerm/ANSIDisplayVGA/SansFontBoldReduced.HEX Line: 2
    Warning (113009): Data at line (3) of memory initialization file "SansFontBoldReduced.HEX" is too wide to fit in one memory word. Wrapping data to subsequent addresses. File: C:/Users/HPz420/Documents/GitHub/Doug Gilliland/Retro-Computers/PDP-8/PDP8_OpenCores/RETRO-EP4CE15_CYCLONE_IV_VDU/ANSITerm/ANSIDisplayVGA/SansFontBoldReduced.HEX Line: 3
    Warning (113009): Data at line (4) of memory initialization file "SansFontBoldReduced.HEX" is too wide to fit in one memory word. Wrapping data to subsequent addresses. File: C:/Users/HPz420/Documents/GitHub/Doug Gilliland/Retro-Computers/PDP-8/PDP8_OpenCores/RETRO-EP4CE15_CYCLONE_IV_VDU/ANSITerm/ANSIDisplayVGA/SansFontBoldReduced.HEX Line: 4
    Warning (113009): Data at line (5) of memory initialization file "SansFontBoldReduced.HEX" is too wide to fit in one memory word. Wrapping data to subsequent addresses. File: C:/Users/HPz420/Documents/GitHub/Doug Gilliland/Retro-Computers/PDP-8/PDP8_OpenCores/RETRO-EP4CE15_CYCLONE_IV_VDU/ANSITerm/ANSIDisplayVGA/SansFontBoldReduced.HEX Line: 5
    Warning (113009): Data at line (6) of memory initialization file "SansFontBoldReduced.HEX" is too wide to fit in one memory word. Wrapping data to subsequent addresses. File: C:/Users/HPz420/Documents/GitHub/Doug Gilliland/Retro-Computers/PDP-8/PDP8_OpenCores/RETRO-EP4CE15_CYCLONE_IV_VDU/ANSITerm/ANSIDisplayVGA/SansFontBoldReduced.HEX Line: 6
    Warning (113009): Data at line (7) of memory initialization file "SansFontBoldReduced.HEX" is too wide to fit in one memory word. Wrapping data to subsequent addresses. File: C:/Users/HPz420/Documents/GitHub/Doug Gilliland/Retro-Computers/PDP-8/PDP8_OpenCores/RETRO-EP4CE15_CYCLONE_IV_VDU/ANSITerm/ANSIDisplayVGA/SansFontBoldReduced.HEX Line: 7
    Warning (113009): Data at line (8) of memory initialization file "SansFontBoldReduced.HEX" is too wide to fit in one memory word. Wrapping data to subsequent addresses. File: C:/Users/HPz420/Documents/GitHub/Doug Gilliland/Retro-Computers/PDP-8/PDP8_OpenCores/RETRO-EP4CE15_CYCLONE_IV_VDU/ANSITerm/ANSIDisplayVGA/SansFontBoldReduced.HEX Line: 8
    Warning (113009): Data at line (9) of memory initialization file "SansFontBoldReduced.HEX" is too wide to fit in one memory word. Wrapping data to subsequent addresses. File: C:/Users/HPz420/Documents/GitHub/Doug Gilliland/Retro-Computers/PDP-8/PDP8_OpenCores/RETRO-EP4CE15_CYCLONE_IV_VDU/ANSITerm/ANSIDisplayVGA/SansFontBoldReduced.HEX Line: 9
    Warning (113009): Data at line (10) of memory initialization file "SansFontBoldReduced.HEX" is too wide to fit in one memory word. Wrapping data to subsequent addresses. File: C:/Users/HPz420/Documents/GitHub/Doug Gilliland/Retro-Computers/PDP-8/PDP8_OpenCores/RETRO-EP4CE15_CYCLONE_IV_VDU/ANSITerm/ANSIDisplayVGA/SansFontBoldReduced.HEX Line: 10
Info (39024): Processed the following Memory Initialization File(s)
    Info (39025): Processed Memory Initialization File C:/Users/HPz420/Documents/GitHub/Doug Gilliland/Retro-Computers/PDP-8/PDP8_OpenCores/RETRO-EP4CE15_CYCLONE_IV_VDU/ANSITerm/ANSIDisplayVGA/SansFontBoldReduced.HEX File: C:/Users/HPz420/Documents/GitHub/Doug Gilliland/Retro-Computers/PDP-8/PDP8_OpenCores/RETRO-EP4CE15_CYCLONE_IV_VDU/ANSITerm/ANSIDisplayVGA/SansFontBoldReduced.HEX Line: 0
    Info (39025): Processed Memory Initialization File C:/Users/HPz420/Documents/GitHub/Doug Gilliland/Retro-Computers/PDP-8/PDP8_OpenCores/RETRO-EP4CE15_CYCLONE_IV_VDU/ANSITerm/IOP16/IOP16_ASSEMBLER/PDP_Term/PDP_Term.mif File: C:/Users/HPz420/Documents/GitHub/Doug Gilliland/Retro-Computers/PDP-8/PDP8_OpenCores/RETRO-EP4CE15_CYCLONE_IV_VDU/ANSITerm/IOP16/IOP16_ASSEMBLER/PDP_Term/PDP_Term.mif Line: 0
    Info (39025): Processed Memory Initialization File C:/Users/HPz420/Documents/GitHub/Doug Gilliland/Retro-Computers/PDP-8/PDP8_OpenCores/RETRO-EP4CE15_CYCLONE_IV_VDU/db/pdp8_top.ram0_eMS8C_77b09fb_0.hdl.mif File: C:/Users/HPz420/Documents/GitHub/Doug Gilliland/Retro-Computers/PDP-8/PDP8_OpenCores/RETRO-EP4CE15_CYCLONE_IV_VDU/db/pdp8_top.ram0_eMS8C_77b09fb_0.hdl.mif Line: 0
Info: Quartus Prime MIF/HEX Update was successful. 0 errors, 12 warnings
    Info: Peak virtual memory: 4731 megabytes
    Info: Processing ended: Fri Jul 02 05:26:00 2021
    Info: Elapsed time: 00:00:02
    Info: Total CPU time (on all processors): 00:00:02


