ARM GAS  C:\Users\doug_000\AppData\Local\Temp\ccQ5WJO9.s 			page 1


   1              		.syntax unified
   2              		.cpu cortex-m3
   3              		.fpu softvfp
   4              		.eabi_attribute 20, 1
   5              		.eabi_attribute 21, 1
   6              		.eabi_attribute 23, 3
   7              		.eabi_attribute 24, 1
   8              		.eabi_attribute 25, 1
   9              		.eabi_attribute 26, 1
  10              		.eabi_attribute 30, 1
  11              		.eabi_attribute 34, 1
  12              		.eabi_attribute 18, 4
  13              		.thumb
  14              		.file	"Counter_1_PM.c"
  15              		.text
  16              	.Ltext0:
  17              		.cfi_sections	.debug_frame
  18              		.section	.text.Counter_1_SaveConfig,"ax",%progbits
  19              		.align	2
  20              		.global	Counter_1_SaveConfig
  21              		.thumb
  22              		.thumb_func
  23              		.type	Counter_1_SaveConfig, %function
  24              	Counter_1_SaveConfig:
  25              	.LFB0:
  26              		.file 1 "Generated_Source\\PSoC5\\Counter_1_PM.c"
   1:Generated_Source\PSoC5/Counter_1_PM.c **** /*******************************************************************************
   2:Generated_Source\PSoC5/Counter_1_PM.c **** * File Name: Counter_1_PM.c  
   3:Generated_Source\PSoC5/Counter_1_PM.c **** * Version 3.0
   4:Generated_Source\PSoC5/Counter_1_PM.c **** *
   5:Generated_Source\PSoC5/Counter_1_PM.c **** *  Description:
   6:Generated_Source\PSoC5/Counter_1_PM.c **** *    This file provides the power management source code to API for the
   7:Generated_Source\PSoC5/Counter_1_PM.c **** *    Counter.  
   8:Generated_Source\PSoC5/Counter_1_PM.c **** *
   9:Generated_Source\PSoC5/Counter_1_PM.c **** *   Note:
  10:Generated_Source\PSoC5/Counter_1_PM.c **** *     None
  11:Generated_Source\PSoC5/Counter_1_PM.c **** *
  12:Generated_Source\PSoC5/Counter_1_PM.c **** ********************************************************************************
  13:Generated_Source\PSoC5/Counter_1_PM.c **** * Copyright 2008-2012, Cypress Semiconductor Corporation.  All rights reserved.
  14:Generated_Source\PSoC5/Counter_1_PM.c **** * You may use this file only in accordance with the license, terms, conditions, 
  15:Generated_Source\PSoC5/Counter_1_PM.c **** * disclaimers, and limitations in the end user license agreement accompanying 
  16:Generated_Source\PSoC5/Counter_1_PM.c **** * the software package with which this file was provided.
  17:Generated_Source\PSoC5/Counter_1_PM.c **** *******************************************************************************/
  18:Generated_Source\PSoC5/Counter_1_PM.c **** 
  19:Generated_Source\PSoC5/Counter_1_PM.c **** #include "Counter_1.h"
  20:Generated_Source\PSoC5/Counter_1_PM.c **** 
  21:Generated_Source\PSoC5/Counter_1_PM.c **** static Counter_1_backupStruct Counter_1_backup;
  22:Generated_Source\PSoC5/Counter_1_PM.c **** 
  23:Generated_Source\PSoC5/Counter_1_PM.c **** 
  24:Generated_Source\PSoC5/Counter_1_PM.c **** /*******************************************************************************
  25:Generated_Source\PSoC5/Counter_1_PM.c **** * Function Name: Counter_1_SaveConfig
  26:Generated_Source\PSoC5/Counter_1_PM.c **** ********************************************************************************
  27:Generated_Source\PSoC5/Counter_1_PM.c **** * Summary:
  28:Generated_Source\PSoC5/Counter_1_PM.c **** *     Save the current user configuration
  29:Generated_Source\PSoC5/Counter_1_PM.c **** *
  30:Generated_Source\PSoC5/Counter_1_PM.c **** * Parameters:  
  31:Generated_Source\PSoC5/Counter_1_PM.c **** *  void
ARM GAS  C:\Users\doug_000\AppData\Local\Temp\ccQ5WJO9.s 			page 2


  32:Generated_Source\PSoC5/Counter_1_PM.c **** *
  33:Generated_Source\PSoC5/Counter_1_PM.c **** * Return: 
  34:Generated_Source\PSoC5/Counter_1_PM.c **** *  void
  35:Generated_Source\PSoC5/Counter_1_PM.c **** *
  36:Generated_Source\PSoC5/Counter_1_PM.c **** * Global variables:
  37:Generated_Source\PSoC5/Counter_1_PM.c **** *  Counter_1_backup:  Variables of this global structure are modified to 
  38:Generated_Source\PSoC5/Counter_1_PM.c **** *  store the values of non retention configuration registers when Sleep() API is 
  39:Generated_Source\PSoC5/Counter_1_PM.c **** *  called.
  40:Generated_Source\PSoC5/Counter_1_PM.c **** *
  41:Generated_Source\PSoC5/Counter_1_PM.c **** *******************************************************************************/
  42:Generated_Source\PSoC5/Counter_1_PM.c **** void Counter_1_SaveConfig(void) 
  43:Generated_Source\PSoC5/Counter_1_PM.c **** {
  27              		.loc 1 43 0
  28              		.cfi_startproc
  29              		@ args = 0, pretend = 0, frame = 0
  30              		@ frame_needed = 0, uses_anonymous_args = 0
  31              		@ link register save eliminated.
  32 0000 7047     		bx	lr
  33              		.cfi_endproc
  34              	.LFE0:
  35              		.size	Counter_1_SaveConfig, .-Counter_1_SaveConfig
  36 0002 00BF     		.section	.text.Counter_1_RestoreConfig,"ax",%progbits
  37              		.align	2
  38              		.global	Counter_1_RestoreConfig
  39              		.thumb
  40              		.thumb_func
  41              		.type	Counter_1_RestoreConfig, %function
  42              	Counter_1_RestoreConfig:
  43              	.LFB1:
  44:Generated_Source\PSoC5/Counter_1_PM.c ****     #if (!Counter_1_UsingFixedFunction)
  45:Generated_Source\PSoC5/Counter_1_PM.c **** 
  46:Generated_Source\PSoC5/Counter_1_PM.c ****         Counter_1_backup.CounterUdb = Counter_1_ReadCounter();
  47:Generated_Source\PSoC5/Counter_1_PM.c **** 
  48:Generated_Source\PSoC5/Counter_1_PM.c ****         #if(!Counter_1_ControlRegRemoved)
  49:Generated_Source\PSoC5/Counter_1_PM.c ****             Counter_1_backup.CounterControlRegister = Counter_1_ReadControlRegister();
  50:Generated_Source\PSoC5/Counter_1_PM.c ****         #endif /* (!Counter_1_ControlRegRemoved) */
  51:Generated_Source\PSoC5/Counter_1_PM.c **** 
  52:Generated_Source\PSoC5/Counter_1_PM.c ****     #endif /* (!Counter_1_UsingFixedFunction) */
  53:Generated_Source\PSoC5/Counter_1_PM.c **** }
  54:Generated_Source\PSoC5/Counter_1_PM.c **** 
  55:Generated_Source\PSoC5/Counter_1_PM.c **** 
  56:Generated_Source\PSoC5/Counter_1_PM.c **** /*******************************************************************************
  57:Generated_Source\PSoC5/Counter_1_PM.c **** * Function Name: Counter_1_RestoreConfig
  58:Generated_Source\PSoC5/Counter_1_PM.c **** ********************************************************************************
  59:Generated_Source\PSoC5/Counter_1_PM.c **** *
  60:Generated_Source\PSoC5/Counter_1_PM.c **** * Summary:
  61:Generated_Source\PSoC5/Counter_1_PM.c **** *  Restores the current user configuration.
  62:Generated_Source\PSoC5/Counter_1_PM.c **** *
  63:Generated_Source\PSoC5/Counter_1_PM.c **** * Parameters:  
  64:Generated_Source\PSoC5/Counter_1_PM.c **** *  void
  65:Generated_Source\PSoC5/Counter_1_PM.c **** *
  66:Generated_Source\PSoC5/Counter_1_PM.c **** * Return: 
  67:Generated_Source\PSoC5/Counter_1_PM.c **** *  void
  68:Generated_Source\PSoC5/Counter_1_PM.c **** *
  69:Generated_Source\PSoC5/Counter_1_PM.c **** * Global variables:
  70:Generated_Source\PSoC5/Counter_1_PM.c **** *  Counter_1_backup:  Variables of this global structure are used to 
  71:Generated_Source\PSoC5/Counter_1_PM.c **** *  restore the values of non retention registers on wakeup from sleep mode.
ARM GAS  C:\Users\doug_000\AppData\Local\Temp\ccQ5WJO9.s 			page 3


  72:Generated_Source\PSoC5/Counter_1_PM.c **** *
  73:Generated_Source\PSoC5/Counter_1_PM.c **** *******************************************************************************/
  74:Generated_Source\PSoC5/Counter_1_PM.c **** void Counter_1_RestoreConfig(void) 
  75:Generated_Source\PSoC5/Counter_1_PM.c **** {      
  44              		.loc 1 75 0
  45              		.cfi_startproc
  46              		@ args = 0, pretend = 0, frame = 0
  47              		@ frame_needed = 0, uses_anonymous_args = 0
  48              		@ link register save eliminated.
  49 0000 7047     		bx	lr
  50              		.cfi_endproc
  51              	.LFE1:
  52              		.size	Counter_1_RestoreConfig, .-Counter_1_RestoreConfig
  53 0002 00BF     		.section	.text.Counter_1_Sleep,"ax",%progbits
  54              		.align	2
  55              		.global	Counter_1_Sleep
  56              		.thumb
  57              		.thumb_func
  58              		.type	Counter_1_Sleep, %function
  59              	Counter_1_Sleep:
  60              	.LFB2:
  76:Generated_Source\PSoC5/Counter_1_PM.c ****     #if (!Counter_1_UsingFixedFunction)
  77:Generated_Source\PSoC5/Counter_1_PM.c **** 
  78:Generated_Source\PSoC5/Counter_1_PM.c ****        Counter_1_WriteCounter(Counter_1_backup.CounterUdb);
  79:Generated_Source\PSoC5/Counter_1_PM.c **** 
  80:Generated_Source\PSoC5/Counter_1_PM.c ****         #if(!Counter_1_ControlRegRemoved)
  81:Generated_Source\PSoC5/Counter_1_PM.c ****             Counter_1_WriteControlRegister(Counter_1_backup.CounterControlRegister);
  82:Generated_Source\PSoC5/Counter_1_PM.c ****         #endif /* (!Counter_1_ControlRegRemoved) */
  83:Generated_Source\PSoC5/Counter_1_PM.c **** 
  84:Generated_Source\PSoC5/Counter_1_PM.c ****     #endif /* (!Counter_1_UsingFixedFunction) */
  85:Generated_Source\PSoC5/Counter_1_PM.c **** }
  86:Generated_Source\PSoC5/Counter_1_PM.c **** 
  87:Generated_Source\PSoC5/Counter_1_PM.c **** 
  88:Generated_Source\PSoC5/Counter_1_PM.c **** /*******************************************************************************
  89:Generated_Source\PSoC5/Counter_1_PM.c **** * Function Name: Counter_1_Sleep
  90:Generated_Source\PSoC5/Counter_1_PM.c **** ********************************************************************************
  91:Generated_Source\PSoC5/Counter_1_PM.c **** * Summary:
  92:Generated_Source\PSoC5/Counter_1_PM.c **** *     Stop and Save the user configuration
  93:Generated_Source\PSoC5/Counter_1_PM.c **** *
  94:Generated_Source\PSoC5/Counter_1_PM.c **** * Parameters:  
  95:Generated_Source\PSoC5/Counter_1_PM.c **** *  void
  96:Generated_Source\PSoC5/Counter_1_PM.c **** *
  97:Generated_Source\PSoC5/Counter_1_PM.c **** * Return: 
  98:Generated_Source\PSoC5/Counter_1_PM.c **** *  void
  99:Generated_Source\PSoC5/Counter_1_PM.c **** *
 100:Generated_Source\PSoC5/Counter_1_PM.c **** * Global variables:
 101:Generated_Source\PSoC5/Counter_1_PM.c **** *  Counter_1_backup.enableState:  Is modified depending on the enable 
 102:Generated_Source\PSoC5/Counter_1_PM.c **** *  state of the block before entering sleep mode.
 103:Generated_Source\PSoC5/Counter_1_PM.c **** *
 104:Generated_Source\PSoC5/Counter_1_PM.c **** *******************************************************************************/
 105:Generated_Source\PSoC5/Counter_1_PM.c **** void Counter_1_Sleep(void) 
 106:Generated_Source\PSoC5/Counter_1_PM.c **** {
  61              		.loc 1 106 0
  62              		.cfi_startproc
  63              		@ args = 0, pretend = 0, frame = 0
  64              		@ frame_needed = 0, uses_anonymous_args = 0
  65              		.loc 1 106 0
ARM GAS  C:\Users\doug_000\AppData\Local\Temp\ccQ5WJO9.s 			page 4


  66 0000 08B5     		push	{r3, lr}
  67              		.cfi_def_cfa_offset 8
  68              		.cfi_offset 3, -8
  69              		.cfi_offset 14, -4
 107:Generated_Source\PSoC5/Counter_1_PM.c ****     #if(!Counter_1_ControlRegRemoved)
 108:Generated_Source\PSoC5/Counter_1_PM.c ****         /* Save Counter's enable state */
 109:Generated_Source\PSoC5/Counter_1_PM.c ****         if(Counter_1_CTRL_ENABLE == (Counter_1_CONTROL & Counter_1_CTRL_ENABLE))
  70              		.loc 1 109 0
  71 0002 074B     		ldr	r3, .L7
  72 0004 1B78     		ldrb	r3, [r3]	@ zero_extendqisi2
  73 0006 13F0010F 		tst	r3, #1
  74 000a 03D0     		beq	.L4
 110:Generated_Source\PSoC5/Counter_1_PM.c ****         {
 111:Generated_Source\PSoC5/Counter_1_PM.c ****             /* Counter is enabled */
 112:Generated_Source\PSoC5/Counter_1_PM.c ****             Counter_1_backup.CounterEnableState = 1u;
  75              		.loc 1 112 0
  76 000c 0122     		movs	r2, #1
  77 000e 054B     		ldr	r3, .L7+4
  78 0010 1A70     		strb	r2, [r3]
  79 0012 02E0     		b	.L5
  80              	.L4:
 113:Generated_Source\PSoC5/Counter_1_PM.c ****         }
 114:Generated_Source\PSoC5/Counter_1_PM.c ****         else
 115:Generated_Source\PSoC5/Counter_1_PM.c ****         {
 116:Generated_Source\PSoC5/Counter_1_PM.c ****             /* Counter is disabled */
 117:Generated_Source\PSoC5/Counter_1_PM.c ****             Counter_1_backup.CounterEnableState = 0u;
  81              		.loc 1 117 0
  82 0014 0022     		movs	r2, #0
  83 0016 034B     		ldr	r3, .L7+4
  84 0018 1A70     		strb	r2, [r3]
  85              	.L5:
 118:Generated_Source\PSoC5/Counter_1_PM.c ****         }
 119:Generated_Source\PSoC5/Counter_1_PM.c ****     #else
 120:Generated_Source\PSoC5/Counter_1_PM.c ****         Counter_1_backup.CounterEnableState = 1u;
 121:Generated_Source\PSoC5/Counter_1_PM.c ****         if(Counter_1_backup.CounterEnableState != 0u)
 122:Generated_Source\PSoC5/Counter_1_PM.c ****         {
 123:Generated_Source\PSoC5/Counter_1_PM.c ****             Counter_1_backup.CounterEnableState = 0u;
 124:Generated_Source\PSoC5/Counter_1_PM.c ****         }
 125:Generated_Source\PSoC5/Counter_1_PM.c ****     #endif /* (!Counter_1_ControlRegRemoved) */
 126:Generated_Source\PSoC5/Counter_1_PM.c ****     
 127:Generated_Source\PSoC5/Counter_1_PM.c ****     Counter_1_Stop();
  86              		.loc 1 127 0
  87 001a FFF7FEFF 		bl	Counter_1_Stop
  88              	.LVL0:
  89 001e 08BD     		pop	{r3, pc}
  90              	.L8:
  91              		.align	2
  92              	.L7:
  93 0020 004F0040 		.word	1073762048
  94 0024 00000000 		.word	.LANCHOR0
  95              		.cfi_endproc
  96              	.LFE2:
  97              		.size	Counter_1_Sleep, .-Counter_1_Sleep
  98              		.section	.text.Counter_1_Wakeup,"ax",%progbits
  99              		.align	2
 100              		.global	Counter_1_Wakeup
 101              		.thumb
ARM GAS  C:\Users\doug_000\AppData\Local\Temp\ccQ5WJO9.s 			page 5


 102              		.thumb_func
 103              		.type	Counter_1_Wakeup, %function
 104              	Counter_1_Wakeup:
 105              	.LFB3:
 128:Generated_Source\PSoC5/Counter_1_PM.c ****     Counter_1_SaveConfig();
 129:Generated_Source\PSoC5/Counter_1_PM.c **** }
 130:Generated_Source\PSoC5/Counter_1_PM.c **** 
 131:Generated_Source\PSoC5/Counter_1_PM.c **** 
 132:Generated_Source\PSoC5/Counter_1_PM.c **** /*******************************************************************************
 133:Generated_Source\PSoC5/Counter_1_PM.c **** * Function Name: Counter_1_Wakeup
 134:Generated_Source\PSoC5/Counter_1_PM.c **** ********************************************************************************
 135:Generated_Source\PSoC5/Counter_1_PM.c **** *
 136:Generated_Source\PSoC5/Counter_1_PM.c **** * Summary:
 137:Generated_Source\PSoC5/Counter_1_PM.c **** *  Restores and enables the user configuration
 138:Generated_Source\PSoC5/Counter_1_PM.c **** *  
 139:Generated_Source\PSoC5/Counter_1_PM.c **** * Parameters:  
 140:Generated_Source\PSoC5/Counter_1_PM.c **** *  void
 141:Generated_Source\PSoC5/Counter_1_PM.c **** *
 142:Generated_Source\PSoC5/Counter_1_PM.c **** * Return: 
 143:Generated_Source\PSoC5/Counter_1_PM.c **** *  void
 144:Generated_Source\PSoC5/Counter_1_PM.c **** *
 145:Generated_Source\PSoC5/Counter_1_PM.c **** * Global variables:
 146:Generated_Source\PSoC5/Counter_1_PM.c **** *  Counter_1_backup.enableState:  Is used to restore the enable state of 
 147:Generated_Source\PSoC5/Counter_1_PM.c **** *  block on wakeup from sleep mode.
 148:Generated_Source\PSoC5/Counter_1_PM.c **** *
 149:Generated_Source\PSoC5/Counter_1_PM.c **** *******************************************************************************/
 150:Generated_Source\PSoC5/Counter_1_PM.c **** void Counter_1_Wakeup(void) 
 151:Generated_Source\PSoC5/Counter_1_PM.c **** {
 106              		.loc 1 151 0
 107              		.cfi_startproc
 108              		@ args = 0, pretend = 0, frame = 0
 109              		@ frame_needed = 0, uses_anonymous_args = 0
 110 0000 08B5     		push	{r3, lr}
 111              		.cfi_def_cfa_offset 8
 112              		.cfi_offset 3, -8
 113              		.cfi_offset 14, -4
 152:Generated_Source\PSoC5/Counter_1_PM.c ****     Counter_1_RestoreConfig();
 153:Generated_Source\PSoC5/Counter_1_PM.c ****     #if(!Counter_1_ControlRegRemoved)
 154:Generated_Source\PSoC5/Counter_1_PM.c ****         if(Counter_1_backup.CounterEnableState == 1u)
 114              		.loc 1 154 0
 115 0002 034B     		ldr	r3, .L12
 116 0004 1B78     		ldrb	r3, [r3]	@ zero_extendqisi2
 117 0006 012B     		cmp	r3, #1
 118 0008 01D1     		bne	.L9
 155:Generated_Source\PSoC5/Counter_1_PM.c ****         {
 156:Generated_Source\PSoC5/Counter_1_PM.c ****             /* Enable Counter's operation */
 157:Generated_Source\PSoC5/Counter_1_PM.c ****             Counter_1_Enable();
 119              		.loc 1 157 0
 120 000a FFF7FEFF 		bl	Counter_1_Enable
 121              	.LVL1:
 122              	.L9:
 123 000e 08BD     		pop	{r3, pc}
 124              	.L13:
 125              		.align	2
 126              	.L12:
 127 0010 00000000 		.word	.LANCHOR0
 128              		.cfi_endproc
ARM GAS  C:\Users\doug_000\AppData\Local\Temp\ccQ5WJO9.s 			page 6


 129              	.LFE3:
 130              		.size	Counter_1_Wakeup, .-Counter_1_Wakeup
 131              		.bss
 132              		.align	2
 133              		.set	.LANCHOR0,. + 0
 134              		.type	Counter_1_backup, %object
 135              		.size	Counter_1_backup, 3
 136              	Counter_1_backup:
 137 0000 000000   		.space	3
 138 0003 00       		.text
 139              	.Letext0:
 140              		.file 2 "Generated_Source\\PSoC5\\cytypes.h"
 141              		.file 3 "Generated_Source\\PSoC5\\Counter_1.h"
 142              		.section	.debug_info,"",%progbits
 143              	.Ldebug_info0:
 144 0000 58010000 		.4byte	0x158
 145 0004 0400     		.2byte	0x4
 146 0006 00000000 		.4byte	.Ldebug_abbrev0
 147 000a 04       		.byte	0x4
 148 000b 01       		.uleb128 0x1
 149 000c 06010000 		.4byte	.LASF25
 150 0010 01       		.byte	0x1
 151 0011 62000000 		.4byte	.LASF26
 152 0015 A0000000 		.4byte	.LASF27
 153 0019 00000000 		.4byte	.Ldebug_ranges0+0
 154 001d 00000000 		.4byte	0
 155 0021 00000000 		.4byte	.Ldebug_line0
 156 0025 02       		.uleb128 0x2
 157 0026 01       		.byte	0x1
 158 0027 06       		.byte	0x6
 159 0028 32020000 		.4byte	.LASF0
 160 002c 02       		.uleb128 0x2
 161 002d 01       		.byte	0x1
 162 002e 08       		.byte	0x8
 163 002f AB010000 		.4byte	.LASF1
 164 0033 02       		.uleb128 0x2
 165 0034 02       		.byte	0x2
 166 0035 05       		.byte	0x5
 167 0036 66020000 		.4byte	.LASF2
 168 003a 02       		.uleb128 0x2
 169 003b 02       		.byte	0x2
 170 003c 07       		.byte	0x7
 171 003d 1F020000 		.4byte	.LASF3
 172 0041 02       		.uleb128 0x2
 173 0042 04       		.byte	0x4
 174 0043 05       		.byte	0x5
 175 0044 BE010000 		.4byte	.LASF4
 176 0048 02       		.uleb128 0x2
 177 0049 04       		.byte	0x4
 178 004a 07       		.byte	0x7
 179 004b 8E000000 		.4byte	.LASF5
 180 004f 02       		.uleb128 0x2
 181 0050 08       		.byte	0x8
 182 0051 05       		.byte	0x5
 183 0052 00000000 		.4byte	.LASF6
 184 0056 02       		.uleb128 0x2
 185 0057 08       		.byte	0x8
ARM GAS  C:\Users\doug_000\AppData\Local\Temp\ccQ5WJO9.s 			page 7


 186 0058 07       		.byte	0x7
 187 0059 94010000 		.4byte	.LASF7
 188 005d 03       		.uleb128 0x3
 189 005e 04       		.byte	0x4
 190 005f 05       		.byte	0x5
 191 0060 696E7400 		.ascii	"int\000"
 192 0064 02       		.uleb128 0x2
 193 0065 04       		.byte	0x4
 194 0066 07       		.byte	0x7
 195 0067 0E000000 		.4byte	.LASF8
 196 006b 04       		.uleb128 0x4
 197 006c 88000000 		.4byte	.LASF12
 198 0070 02       		.byte	0x2
 199 0071 9201     		.2byte	0x192
 200 0073 2C000000 		.4byte	0x2c
 201 0077 02       		.uleb128 0x2
 202 0078 04       		.byte	0x4
 203 0079 04       		.byte	0x4
 204 007a 00010000 		.4byte	.LASF9
 205 007e 02       		.uleb128 0x2
 206 007f 08       		.byte	0x8
 207 0080 04       		.byte	0x4
 208 0081 01020000 		.4byte	.LASF10
 209 0085 02       		.uleb128 0x2
 210 0086 01       		.byte	0x1
 211 0087 08       		.byte	0x8
 212 0088 B9010000 		.4byte	.LASF11
 213 008c 04       		.uleb128 0x4
 214 008d 70020000 		.4byte	.LASF13
 215 0091 02       		.byte	0x2
 216 0092 3C02     		.2byte	0x23c
 217 0094 98000000 		.4byte	0x98
 218 0098 05       		.uleb128 0x5
 219 0099 6B000000 		.4byte	0x6b
 220 009d 02       		.uleb128 0x2
 221 009e 04       		.byte	0x4
 222 009f 07       		.byte	0x7
 223 00a0 80020000 		.4byte	.LASF14
 224 00a4 06       		.uleb128 0x6
 225 00a5 03       		.byte	0x3
 226 00a6 03       		.byte	0x3
 227 00a7 40       		.byte	0x40
 228 00a8 D1000000 		.4byte	0xd1
 229 00ac 07       		.uleb128 0x7
 230 00ad C7010000 		.4byte	.LASF15
 231 00b1 03       		.byte	0x3
 232 00b2 42       		.byte	0x42
 233 00b3 6B000000 		.4byte	0x6b
 234 00b7 00       		.byte	0
 235 00b8 07       		.uleb128 0x7
 236 00b9 75020000 		.4byte	.LASF16
 237 00bd 03       		.byte	0x3
 238 00be 43       		.byte	0x43
 239 00bf 6B000000 		.4byte	0x6b
 240 00c3 01       		.byte	0x1
 241 00c4 07       		.uleb128 0x7
 242 00c5 4F020000 		.4byte	.LASF17
ARM GAS  C:\Users\doug_000\AppData\Local\Temp\ccQ5WJO9.s 			page 8


 243 00c9 03       		.byte	0x3
 244 00ca 46       		.byte	0x46
 245 00cb 6B000000 		.4byte	0x6b
 246 00cf 02       		.byte	0x2
 247 00d0 00       		.byte	0
 248 00d1 08       		.uleb128 0x8
 249 00d2 08020000 		.4byte	.LASF18
 250 00d6 03       		.byte	0x3
 251 00d7 49       		.byte	0x49
 252 00d8 A4000000 		.4byte	0xa4
 253 00dc 09       		.uleb128 0x9
 254 00dd 3D000000 		.4byte	.LASF19
 255 00e1 01       		.byte	0x1
 256 00e2 2A       		.byte	0x2a
 257 00e3 00000000 		.4byte	.LFB0
 258 00e7 02000000 		.4byte	.LFE0-.LFB0
 259 00eb 01       		.uleb128 0x1
 260 00ec 9C       		.byte	0x9c
 261 00ed 09       		.uleb128 0x9
 262 00ee DA010000 		.4byte	.LASF20
 263 00f2 01       		.byte	0x1
 264 00f3 4A       		.byte	0x4a
 265 00f4 00000000 		.4byte	.LFB1
 266 00f8 02000000 		.4byte	.LFE1-.LFB1
 267 00fc 01       		.uleb128 0x1
 268 00fd 9C       		.byte	0x9c
 269 00fe 0A       		.uleb128 0xa
 270 00ff 52000000 		.4byte	.LASF21
 271 0103 01       		.byte	0x1
 272 0104 69       		.byte	0x69
 273 0105 00000000 		.4byte	.LFB2
 274 0109 28000000 		.4byte	.LFE2-.LFB2
 275 010d 01       		.uleb128 0x1
 276 010e 9C       		.byte	0x9c
 277 010f 1D010000 		.4byte	0x11d
 278 0113 0B       		.uleb128 0xb
 279 0114 1E000000 		.4byte	.LVL0
 280 0118 4D010000 		.4byte	0x14d
 281 011c 00       		.byte	0
 282 011d 0A       		.uleb128 0xa
 283 011e 1B000000 		.4byte	.LASF22
 284 0122 01       		.byte	0x1
 285 0123 96       		.byte	0x96
 286 0124 00000000 		.4byte	.LFB3
 287 0128 14000000 		.4byte	.LFE3-.LFB3
 288 012c 01       		.uleb128 0x1
 289 012d 9C       		.byte	0x9c
 290 012e 3C010000 		.4byte	0x13c
 291 0132 0B       		.uleb128 0xb
 292 0133 0E000000 		.4byte	.LVL1
 293 0137 54010000 		.4byte	0x154
 294 013b 00       		.byte	0
 295 013c 0C       		.uleb128 0xc
 296 013d 3E020000 		.4byte	.LASF28
 297 0141 01       		.byte	0x1
 298 0142 15       		.byte	0x15
 299 0143 D1000000 		.4byte	0xd1
ARM GAS  C:\Users\doug_000\AppData\Local\Temp\ccQ5WJO9.s 			page 9


 300 0147 05       		.uleb128 0x5
 301 0148 03       		.byte	0x3
 302 0149 00000000 		.4byte	Counter_1_backup
 303 014d 0D       		.uleb128 0xd
 304 014e F2010000 		.4byte	.LASF23
 305 0152 03       		.byte	0x3
 306 0153 50       		.byte	0x50
 307 0154 0D       		.uleb128 0xd
 308 0155 2C000000 		.4byte	.LASF24
 309 0159 03       		.byte	0x3
 310 015a 71       		.byte	0x71
 311 015b 00       		.byte	0
 312              		.section	.debug_abbrev,"",%progbits
 313              	.Ldebug_abbrev0:
 314 0000 01       		.uleb128 0x1
 315 0001 11       		.uleb128 0x11
 316 0002 01       		.byte	0x1
 317 0003 25       		.uleb128 0x25
 318 0004 0E       		.uleb128 0xe
 319 0005 13       		.uleb128 0x13
 320 0006 0B       		.uleb128 0xb
 321 0007 03       		.uleb128 0x3
 322 0008 0E       		.uleb128 0xe
 323 0009 1B       		.uleb128 0x1b
 324 000a 0E       		.uleb128 0xe
 325 000b 55       		.uleb128 0x55
 326 000c 17       		.uleb128 0x17
 327 000d 11       		.uleb128 0x11
 328 000e 01       		.uleb128 0x1
 329 000f 10       		.uleb128 0x10
 330 0010 17       		.uleb128 0x17
 331 0011 00       		.byte	0
 332 0012 00       		.byte	0
 333 0013 02       		.uleb128 0x2
 334 0014 24       		.uleb128 0x24
 335 0015 00       		.byte	0
 336 0016 0B       		.uleb128 0xb
 337 0017 0B       		.uleb128 0xb
 338 0018 3E       		.uleb128 0x3e
 339 0019 0B       		.uleb128 0xb
 340 001a 03       		.uleb128 0x3
 341 001b 0E       		.uleb128 0xe
 342 001c 00       		.byte	0
 343 001d 00       		.byte	0
 344 001e 03       		.uleb128 0x3
 345 001f 24       		.uleb128 0x24
 346 0020 00       		.byte	0
 347 0021 0B       		.uleb128 0xb
 348 0022 0B       		.uleb128 0xb
 349 0023 3E       		.uleb128 0x3e
 350 0024 0B       		.uleb128 0xb
 351 0025 03       		.uleb128 0x3
 352 0026 08       		.uleb128 0x8
 353 0027 00       		.byte	0
 354 0028 00       		.byte	0
 355 0029 04       		.uleb128 0x4
 356 002a 16       		.uleb128 0x16
ARM GAS  C:\Users\doug_000\AppData\Local\Temp\ccQ5WJO9.s 			page 10


 357 002b 00       		.byte	0
 358 002c 03       		.uleb128 0x3
 359 002d 0E       		.uleb128 0xe
 360 002e 3A       		.uleb128 0x3a
 361 002f 0B       		.uleb128 0xb
 362 0030 3B       		.uleb128 0x3b
 363 0031 05       		.uleb128 0x5
 364 0032 49       		.uleb128 0x49
 365 0033 13       		.uleb128 0x13
 366 0034 00       		.byte	0
 367 0035 00       		.byte	0
 368 0036 05       		.uleb128 0x5
 369 0037 35       		.uleb128 0x35
 370 0038 00       		.byte	0
 371 0039 49       		.uleb128 0x49
 372 003a 13       		.uleb128 0x13
 373 003b 00       		.byte	0
 374 003c 00       		.byte	0
 375 003d 06       		.uleb128 0x6
 376 003e 13       		.uleb128 0x13
 377 003f 01       		.byte	0x1
 378 0040 0B       		.uleb128 0xb
 379 0041 0B       		.uleb128 0xb
 380 0042 3A       		.uleb128 0x3a
 381 0043 0B       		.uleb128 0xb
 382 0044 3B       		.uleb128 0x3b
 383 0045 0B       		.uleb128 0xb
 384 0046 01       		.uleb128 0x1
 385 0047 13       		.uleb128 0x13
 386 0048 00       		.byte	0
 387 0049 00       		.byte	0
 388 004a 07       		.uleb128 0x7
 389 004b 0D       		.uleb128 0xd
 390 004c 00       		.byte	0
 391 004d 03       		.uleb128 0x3
 392 004e 0E       		.uleb128 0xe
 393 004f 3A       		.uleb128 0x3a
 394 0050 0B       		.uleb128 0xb
 395 0051 3B       		.uleb128 0x3b
 396 0052 0B       		.uleb128 0xb
 397 0053 49       		.uleb128 0x49
 398 0054 13       		.uleb128 0x13
 399 0055 38       		.uleb128 0x38
 400 0056 0B       		.uleb128 0xb
 401 0057 00       		.byte	0
 402 0058 00       		.byte	0
 403 0059 08       		.uleb128 0x8
 404 005a 16       		.uleb128 0x16
 405 005b 00       		.byte	0
 406 005c 03       		.uleb128 0x3
 407 005d 0E       		.uleb128 0xe
 408 005e 3A       		.uleb128 0x3a
 409 005f 0B       		.uleb128 0xb
 410 0060 3B       		.uleb128 0x3b
 411 0061 0B       		.uleb128 0xb
 412 0062 49       		.uleb128 0x49
 413 0063 13       		.uleb128 0x13
ARM GAS  C:\Users\doug_000\AppData\Local\Temp\ccQ5WJO9.s 			page 11


 414 0064 00       		.byte	0
 415 0065 00       		.byte	0
 416 0066 09       		.uleb128 0x9
 417 0067 2E       		.uleb128 0x2e
 418 0068 00       		.byte	0
 419 0069 3F       		.uleb128 0x3f
 420 006a 19       		.uleb128 0x19
 421 006b 03       		.uleb128 0x3
 422 006c 0E       		.uleb128 0xe
 423 006d 3A       		.uleb128 0x3a
 424 006e 0B       		.uleb128 0xb
 425 006f 3B       		.uleb128 0x3b
 426 0070 0B       		.uleb128 0xb
 427 0071 27       		.uleb128 0x27
 428 0072 19       		.uleb128 0x19
 429 0073 11       		.uleb128 0x11
 430 0074 01       		.uleb128 0x1
 431 0075 12       		.uleb128 0x12
 432 0076 06       		.uleb128 0x6
 433 0077 40       		.uleb128 0x40
 434 0078 18       		.uleb128 0x18
 435 0079 9742     		.uleb128 0x2117
 436 007b 19       		.uleb128 0x19
 437 007c 00       		.byte	0
 438 007d 00       		.byte	0
 439 007e 0A       		.uleb128 0xa
 440 007f 2E       		.uleb128 0x2e
 441 0080 01       		.byte	0x1
 442 0081 3F       		.uleb128 0x3f
 443 0082 19       		.uleb128 0x19
 444 0083 03       		.uleb128 0x3
 445 0084 0E       		.uleb128 0xe
 446 0085 3A       		.uleb128 0x3a
 447 0086 0B       		.uleb128 0xb
 448 0087 3B       		.uleb128 0x3b
 449 0088 0B       		.uleb128 0xb
 450 0089 27       		.uleb128 0x27
 451 008a 19       		.uleb128 0x19
 452 008b 11       		.uleb128 0x11
 453 008c 01       		.uleb128 0x1
 454 008d 12       		.uleb128 0x12
 455 008e 06       		.uleb128 0x6
 456 008f 40       		.uleb128 0x40
 457 0090 18       		.uleb128 0x18
 458 0091 9742     		.uleb128 0x2117
 459 0093 19       		.uleb128 0x19
 460 0094 01       		.uleb128 0x1
 461 0095 13       		.uleb128 0x13
 462 0096 00       		.byte	0
 463 0097 00       		.byte	0
 464 0098 0B       		.uleb128 0xb
 465 0099 898201   		.uleb128 0x4109
 466 009c 00       		.byte	0
 467 009d 11       		.uleb128 0x11
 468 009e 01       		.uleb128 0x1
 469 009f 31       		.uleb128 0x31
 470 00a0 13       		.uleb128 0x13
ARM GAS  C:\Users\doug_000\AppData\Local\Temp\ccQ5WJO9.s 			page 12


 471 00a1 00       		.byte	0
 472 00a2 00       		.byte	0
 473 00a3 0C       		.uleb128 0xc
 474 00a4 34       		.uleb128 0x34
 475 00a5 00       		.byte	0
 476 00a6 03       		.uleb128 0x3
 477 00a7 0E       		.uleb128 0xe
 478 00a8 3A       		.uleb128 0x3a
 479 00a9 0B       		.uleb128 0xb
 480 00aa 3B       		.uleb128 0x3b
 481 00ab 0B       		.uleb128 0xb
 482 00ac 49       		.uleb128 0x49
 483 00ad 13       		.uleb128 0x13
 484 00ae 02       		.uleb128 0x2
 485 00af 18       		.uleb128 0x18
 486 00b0 00       		.byte	0
 487 00b1 00       		.byte	0
 488 00b2 0D       		.uleb128 0xd
 489 00b3 2E       		.uleb128 0x2e
 490 00b4 00       		.byte	0
 491 00b5 3F       		.uleb128 0x3f
 492 00b6 19       		.uleb128 0x19
 493 00b7 03       		.uleb128 0x3
 494 00b8 0E       		.uleb128 0xe
 495 00b9 3A       		.uleb128 0x3a
 496 00ba 0B       		.uleb128 0xb
 497 00bb 3B       		.uleb128 0x3b
 498 00bc 0B       		.uleb128 0xb
 499 00bd 27       		.uleb128 0x27
 500 00be 19       		.uleb128 0x19
 501 00bf 3C       		.uleb128 0x3c
 502 00c0 19       		.uleb128 0x19
 503 00c1 00       		.byte	0
 504 00c2 00       		.byte	0
 505 00c3 00       		.byte	0
 506              		.section	.debug_aranges,"",%progbits
 507 0000 34000000 		.4byte	0x34
 508 0004 0200     		.2byte	0x2
 509 0006 00000000 		.4byte	.Ldebug_info0
 510 000a 04       		.byte	0x4
 511 000b 00       		.byte	0
 512 000c 0000     		.2byte	0
 513 000e 0000     		.2byte	0
 514 0010 00000000 		.4byte	.LFB0
 515 0014 02000000 		.4byte	.LFE0-.LFB0
 516 0018 00000000 		.4byte	.LFB1
 517 001c 02000000 		.4byte	.LFE1-.LFB1
 518 0020 00000000 		.4byte	.LFB2
 519 0024 28000000 		.4byte	.LFE2-.LFB2
 520 0028 00000000 		.4byte	.LFB3
 521 002c 14000000 		.4byte	.LFE3-.LFB3
 522 0030 00000000 		.4byte	0
 523 0034 00000000 		.4byte	0
 524              		.section	.debug_ranges,"",%progbits
 525              	.Ldebug_ranges0:
 526 0000 00000000 		.4byte	.LFB0
 527 0004 02000000 		.4byte	.LFE0
ARM GAS  C:\Users\doug_000\AppData\Local\Temp\ccQ5WJO9.s 			page 13


 528 0008 00000000 		.4byte	.LFB1
 529 000c 02000000 		.4byte	.LFE1
 530 0010 00000000 		.4byte	.LFB2
 531 0014 28000000 		.4byte	.LFE2
 532 0018 00000000 		.4byte	.LFB3
 533 001c 14000000 		.4byte	.LFE3
 534 0020 00000000 		.4byte	0
 535 0024 00000000 		.4byte	0
 536              		.section	.debug_line,"",%progbits
 537              	.Ldebug_line0:
 538 0000 A6000000 		.section	.debug_str,"MS",%progbits,1
 538      02005800 
 538      00000201 
 538      FB0E0D00 
 538      01010101 
 539              	.LASF6:
 540 0000 6C6F6E67 		.ascii	"long long int\000"
 540      206C6F6E 
 540      6720696E 
 540      7400
 541              	.LASF8:
 542 000e 756E7369 		.ascii	"unsigned int\000"
 542      676E6564 
 542      20696E74 
 542      00
 543              	.LASF22:
 544 001b 436F756E 		.ascii	"Counter_1_Wakeup\000"
 544      7465725F 
 544      315F5761 
 544      6B657570 
 544      00
 545              	.LASF24:
 546 002c 436F756E 		.ascii	"Counter_1_Enable\000"
 546      7465725F 
 546      315F456E 
 546      61626C65 
 546      00
 547              	.LASF19:
 548 003d 436F756E 		.ascii	"Counter_1_SaveConfig\000"
 548      7465725F 
 548      315F5361 
 548      7665436F 
 548      6E666967 
 549              	.LASF21:
 550 0052 436F756E 		.ascii	"Counter_1_Sleep\000"
 550      7465725F 
 550      315F536C 
 550      65657000 
 551              	.LASF26:
 552 0062 47656E65 		.ascii	"Generated_Source\\PSoC5\\Counter_1_PM.c\000"
 552      72617465 
 552      645F536F 
 552      75726365 
 552      5C50536F 
 553              	.LASF12:
 554 0088 75696E74 		.ascii	"uint8\000"
 554      3800
ARM GAS  C:\Users\doug_000\AppData\Local\Temp\ccQ5WJO9.s 			page 14


 555              	.LASF5:
 556 008e 6C6F6E67 		.ascii	"long unsigned int\000"
 556      20756E73 
 556      69676E65 
 556      6420696E 
 556      7400
 557              	.LASF27:
 558 00a0 433A5C55 		.ascii	"C:\\Users\\doug_000\\Documents\\GitHub\\ODAS\\ODAS-"
 558      73657273 
 558      5C646F75 
 558      675F3030 
 558      305C446F 
 559 00cd 50534F43 		.ascii	"PSOC5\\ODAS-PSOC5-01\\ODAS-PSOC5\\ODAS-PSOC5-01.cyd"
 559      355C4F44 
 559      41532D50 
 559      534F4335 
 559      2D30315C 
 560 00fd 736E00   		.ascii	"sn\000"
 561              	.LASF9:
 562 0100 666C6F61 		.ascii	"float\000"
 562      7400
 563              	.LASF25:
 564 0106 474E5520 		.ascii	"GNU C 4.9.3 20150303 (release) [ARM/embedded-4_9-br"
 564      4320342E 
 564      392E3320 
 564      32303135 
 564      30333033 
 565 0139 616E6368 		.ascii	"anch revision 221220] -mcpu=cortex-m3 -mthumb -g -O"
 565      20726576 
 565      6973696F 
 565      6E203232 
 565      31323230 
 566 016c 67202D66 		.ascii	"g -ffunction-sections -ffat-lto-objects\000"
 566      66756E63 
 566      74696F6E 
 566      2D736563 
 566      74696F6E 
 567              	.LASF7:
 568 0194 6C6F6E67 		.ascii	"long long unsigned int\000"
 568      206C6F6E 
 568      6720756E 
 568      7369676E 
 568      65642069 
 569              	.LASF1:
 570 01ab 756E7369 		.ascii	"unsigned char\000"
 570      676E6564 
 570      20636861 
 570      7200
 571              	.LASF11:
 572 01b9 63686172 		.ascii	"char\000"
 572      00
 573              	.LASF4:
 574 01be 6C6F6E67 		.ascii	"long int\000"
 574      20696E74 
 574      00
 575              	.LASF15:
 576 01c7 436F756E 		.ascii	"CounterEnableState\000"
ARM GAS  C:\Users\doug_000\AppData\Local\Temp\ccQ5WJO9.s 			page 15


 576      74657245 
 576      6E61626C 
 576      65537461 
 576      746500
 577              	.LASF20:
 578 01da 436F756E 		.ascii	"Counter_1_RestoreConfig\000"
 578      7465725F 
 578      315F5265 
 578      73746F72 
 578      65436F6E 
 579              	.LASF23:
 580 01f2 436F756E 		.ascii	"Counter_1_Stop\000"
 580      7465725F 
 580      315F5374 
 580      6F7000
 581              	.LASF10:
 582 0201 646F7562 		.ascii	"double\000"
 582      6C6500
 583              	.LASF18:
 584 0208 436F756E 		.ascii	"Counter_1_backupStruct\000"
 584      7465725F 
 584      315F6261 
 584      636B7570 
 584      53747275 
 585              	.LASF3:
 586 021f 73686F72 		.ascii	"short unsigned int\000"
 586      7420756E 
 586      7369676E 
 586      65642069 
 586      6E7400
 587              	.LASF0:
 588 0232 7369676E 		.ascii	"signed char\000"
 588      65642063 
 588      68617200 
 589              	.LASF28:
 590 023e 436F756E 		.ascii	"Counter_1_backup\000"
 590      7465725F 
 590      315F6261 
 590      636B7570 
 590      00
 591              	.LASF17:
 592 024f 436F756E 		.ascii	"CounterControlRegister\000"
 592      74657243 
 592      6F6E7472 
 592      6F6C5265 
 592      67697374 
 593              	.LASF2:
 594 0266 73686F72 		.ascii	"short int\000"
 594      7420696E 
 594      7400
 595              	.LASF13:
 596 0270 72656738 		.ascii	"reg8\000"
 596      00
 597              	.LASF16:
 598 0275 436F756E 		.ascii	"CounterUdb\000"
 598      74657255 
 598      646200
ARM GAS  C:\Users\doug_000\AppData\Local\Temp\ccQ5WJO9.s 			page 16


 599              	.LASF14:
 600 0280 73697A65 		.ascii	"sizetype\000"
 600      74797065 
 600      00
 601              		.ident	"GCC: (GNU Tools for ARM Embedded Processors) 4.9.3 20150303 (release) [ARM/embedded-4_9-br
