ARM GAS  C:\Users\DGILLI~1\AppData\Local\Temp\cc3PgkPV.s 			page 1


   1              		.syntax unified
   2              		.cpu cortex-m3
   3              		.fpu softvfp
   4              		.eabi_attribute 20, 1
   5              		.eabi_attribute 21, 1
   6              		.eabi_attribute 23, 3
   7              		.eabi_attribute 24, 1
   8              		.eabi_attribute 25, 1
   9              		.eabi_attribute 26, 1
  10              		.eabi_attribute 30, 1
  11              		.eabi_attribute 34, 1
  12              		.eabi_attribute 18, 4
  13              		.thumb
  14              		.file	"stringConvs.c"
  15              		.text
  16              	.Ltext0:
  17              		.cfi_sections	.debug_frame
  18              		.section	.text.findInString,"ax",%progbits
  19              		.align	2
  20              		.global	findInString
  21              		.thumb
  22              		.thumb_func
  23              		.type	findInString, %function
  24              	findInString:
  25              	.LFB63:
  26              		.file 1 "stringConvs.c"
   1:stringConvs.c **** /* ========================================
   2:stringConvs.c ****  *
   3:stringConvs.c ****  * Copyright Land Boards, LLC, 2016
   4:stringConvs.c ****  * All Rights Reserved
   5:stringConvs.c ****  * UNPUBLISHED, LICENSED SOFTWARE.
   6:stringConvs.c ****  *
   7:stringConvs.c ****  * CONFIDENTIAL AND PROPRIETARY INFORMATION
   8:stringConvs.c ****  * WHICH IS THE PROPERTY OF your company.
   9:stringConvs.c ****  *
  10:stringConvs.c ****  * ========================================
  11:stringConvs.c **** */
  12:stringConvs.c **** 
  13:stringConvs.c **** #include "project.h"
  14:stringConvs.c **** #include "proEnv.h"
  15:stringConvs.c **** #undef DEBUG_ON_PC
  16:stringConvs.c **** #include "stringConvs.h"
  17:stringConvs.c **** 
  18:stringConvs.c **** ////////////////////////////////////////////////////////////////
  19:stringConvs.c **** // findInString
  20:stringConvs.c **** ////////////////////////////////////////////////////////////////
  21:stringConvs.c **** 
  22:stringConvs.c **** int8 findInString(char * stringToParse, char valToFind)
  23:stringConvs.c **** {
  27              		.loc 1 23 0
  28              		.cfi_startproc
  29              		@ args = 0, pretend = 0, frame = 0
  30              		@ frame_needed = 0, uses_anonymous_args = 0
  31              		@ link register save eliminated.
  32              	.LVL0:
  24:stringConvs.c ****     char * stringPointer = stringToParse;
  25:stringConvs.c ****     int8 offset = 0;
ARM GAS  C:\Users\DGILLI~1\AppData\Local\Temp\cc3PgkPV.s 			page 2


  33              		.loc 1 25 0
  34 0000 0023     		movs	r3, #0
  26:stringConvs.c ****     //writeLine("looking for");
  27:stringConvs.c ****     //writeLine(stringToParse);
  28:stringConvs.c ****     while (stringPointer[offset] != 0)
  35              		.loc 1 28 0
  36 0002 05E0     		b	.L2
  37              	.LVL1:
  38              	.L5:
  29:stringConvs.c ****     {
  30:stringConvs.c ****         if (stringPointer[offset] == valToFind)
  39              		.loc 1 30 0
  40 0004 8A42     		cmp	r2, r1
  41 0006 01D1     		bne	.L3
  31:stringConvs.c ****             return(offset);
  42              		.loc 1 31 0
  43 0008 D8B2     		uxtb	r0, r3
  44              	.LVL2:
  45 000a 06E0     		b	.L4
  46              	.LVL3:
  47              	.L3:
  32:stringConvs.c ****         offset++;
  48              		.loc 1 32 0
  49 000c 0133     		adds	r3, r3, #1
  50              	.LVL4:
  51 000e DBB2     		uxtb	r3, r3
  52              	.LVL5:
  53              	.L2:
  28:stringConvs.c ****     {
  54              		.loc 1 28 0
  55 0010 5AB2     		sxtb	r2, r3
  56 0012 825C     		ldrb	r2, [r0, r2]	@ zero_extendqisi2
  57 0014 002A     		cmp	r2, #0
  58 0016 F5D1     		bne	.L5
  33:stringConvs.c ****     }
  34:stringConvs.c ****     return(-1);
  59              		.loc 1 34 0
  60 0018 FF20     		movs	r0, #255
  61              	.LVL6:
  62              	.L4:
  35:stringConvs.c **** }
  63              		.loc 1 35 0
  64 001a 40B2     		sxtb	r0, r0
  65 001c 7047     		bx	lr
  66              		.cfi_endproc
  67              	.LFE63:
  68              		.size	findInString, .-findInString
  69 001e 00BF     		.section	.text.charToNibble,"ax",%progbits
  70              		.align	2
  71              		.global	charToNibble
  72              		.thumb
  73              		.thumb_func
  74              		.type	charToNibble, %function
  75              	charToNibble:
  76              	.LFB64:
  36:stringConvs.c **** 
  37:stringConvs.c **** ////////////////////////////////////////////////////////////////
ARM GAS  C:\Users\DGILLI~1\AppData\Local\Temp\cc3PgkPV.s 			page 3


  38:stringConvs.c **** // uint8 charToNibble(char)
  39:stringConvs.c **** ////////////////////////////////////////////////////////////////
  40:stringConvs.c **** 
  41:stringConvs.c **** uint8 charToNibble(char digitChar)
  42:stringConvs.c **** {
  77              		.loc 1 42 0
  78              		.cfi_startproc
  79              		@ args = 0, pretend = 0, frame = 0
  80              		@ frame_needed = 0, uses_anonymous_args = 0
  81              		@ link register save eliminated.
  82              	.LVL7:
  43:stringConvs.c ****     //writeLine("charToNibble: got here");
  44:stringConvs.c ****     if (digitChar >= '0' && digitChar <= '9')
  83              		.loc 1 44 0
  84 0000 A0F13003 		sub	r3, r0, #48
  85 0004 DBB2     		uxtb	r3, r3
  86 0006 092B     		cmp	r3, #9
  87 0008 0FD9     		bls	.L9
  45:stringConvs.c ****         return(digitChar-'0');
  46:stringConvs.c ****     else if (digitChar >= 'a' && digitChar <= 'f')
  88              		.loc 1 46 0
  89 000a A0F16103 		sub	r3, r0, #97
  90 000e DBB2     		uxtb	r3, r3
  91 0010 052B     		cmp	r3, #5
  92 0012 02D8     		bhi	.L8
  47:stringConvs.c ****        return(digitChar-'a'+10);
  93              		.loc 1 47 0
  94 0014 5738     		subs	r0, r0, #87
  95              	.LVL8:
  96 0016 C0B2     		uxtb	r0, r0
  97 0018 7047     		bx	lr
  98              	.LVL9:
  99              	.L8:
  48:stringConvs.c ****     else if (digitChar >= 'A' && digitChar <= 'F')
 100              		.loc 1 48 0
 101 001a A0F14103 		sub	r3, r0, #65
 102 001e DBB2     		uxtb	r3, r3
 103 0020 052B     		cmp	r3, #5
 104 0022 04D8     		bhi	.L10
  49:stringConvs.c ****        return(digitChar-'A'+10);
 105              		.loc 1 49 0
 106 0024 3738     		subs	r0, r0, #55
 107              	.LVL10:
 108 0026 C0B2     		uxtb	r0, r0
 109 0028 7047     		bx	lr
 110              	.LVL11:
 111              	.L9:
  45:stringConvs.c ****     else if (digitChar >= 'a' && digitChar <= 'f')
 112              		.loc 1 45 0
 113 002a 1846     		mov	r0, r3
 114              	.LVL12:
 115 002c 7047     		bx	lr
 116              	.LVL13:
 117              	.L10:
  50:stringConvs.c ****     return(0);
 118              		.loc 1 50 0
 119 002e 0020     		movs	r0, #0
ARM GAS  C:\Users\DGILLI~1\AppData\Local\Temp\cc3PgkPV.s 			page 4


 120              	.LVL14:
  51:stringConvs.c **** }
 121              		.loc 1 51 0
 122 0030 7047     		bx	lr
 123              		.cfi_endproc
 124              	.LFE64:
 125              		.size	charToNibble, .-charToNibble
 126 0032 00BF     		.section	.text.stringToLong,"ax",%progbits
 127              		.align	2
 128              		.global	stringToLong
 129              		.thumb
 130              		.thumb_func
 131              		.type	stringToLong, %function
 132              	stringToLong:
 133              	.LFB65:
  52:stringConvs.c **** 
  53:stringConvs.c **** ////////////////////////////////////////////////////////////////
  54:stringConvs.c **** // uint32 stringToLong(char *)
  55:stringConvs.c **** ////////////////////////////////////////////////////////////////
  56:stringConvs.c **** 
  57:stringConvs.c **** uint32 stringToLong(char * numString)
  58:stringConvs.c **** {
 134              		.loc 1 58 0
 135              		.cfi_startproc
 136              		@ args = 0, pretend = 0, frame = 0
 137              		@ frame_needed = 0, uses_anonymous_args = 0
 138              	.LVL15:
 139 0000 70B5     		push	{r4, r5, r6, lr}
 140              		.cfi_def_cfa_offset 16
 141              		.cfi_offset 4, -16
 142              		.cfi_offset 5, -12
 143              		.cfi_offset 6, -8
 144              		.cfi_offset 14, -4
 145 0002 0646     		mov	r6, r0
 146              	.LVL16:
  59:stringConvs.c ****     uint8 offset = 0;
  60:stringConvs.c ****     uint32 theBigNumber = 0;
 147              		.loc 1 60 0
 148 0004 0023     		movs	r3, #0
  59:stringConvs.c ****     uint8 offset = 0;
 149              		.loc 1 59 0
 150 0006 1C46     		mov	r4, r3
  61:stringConvs.c ****     
  62:stringConvs.c ****     //writeLine("stringToLong: got here");
  63:stringConvs.c ****     //writeLine(numString);
  64:stringConvs.c ****     while (numString[offset] != 0)
 151              		.loc 1 64 0
 152 0008 05E0     		b	.L12
 153              	.LVL17:
 154              	.L13:
  65:stringConvs.c ****     {
  66:stringConvs.c ****         theBigNumber = ((theBigNumber * 16) + charToNibble(numString[offset]));
 155              		.loc 1 66 0
 156 000a 1D01     		lsls	r5, r3, #4
 157 000c FFF7FEFF 		bl	charToNibble
 158              	.LVL18:
 159 0010 2B18     		adds	r3, r5, r0
ARM GAS  C:\Users\DGILLI~1\AppData\Local\Temp\cc3PgkPV.s 			page 5


 160              	.LVL19:
  67:stringConvs.c ****         offset++;
 161              		.loc 1 67 0
 162 0012 0134     		adds	r4, r4, #1
 163              	.LVL20:
 164 0014 E4B2     		uxtb	r4, r4
 165              	.LVL21:
 166              	.L12:
  64:stringConvs.c ****     {
 167              		.loc 1 64 0
 168 0016 305D     		ldrb	r0, [r6, r4]	@ zero_extendqisi2
 169 0018 0028     		cmp	r0, #0
 170 001a F6D1     		bne	.L13
  68:stringConvs.c ****     }
  69:stringConvs.c ****     return theBigNumber;
  70:stringConvs.c **** }
 171              		.loc 1 70 0
 172 001c 1846     		mov	r0, r3
 173 001e 70BD     		pop	{r4, r5, r6, pc}
 174              		.cfi_endproc
 175              	.LFE65:
 176              		.size	stringToLong, .-stringToLong
 177              		.section	.text.longToString,"ax",%progbits
 178              		.align	2
 179              		.global	longToString
 180              		.thumb
 181              		.thumb_func
 182              		.type	longToString, %function
 183              	longToString:
 184              	.LFB66:
  71:stringConvs.c **** 
  72:stringConvs.c **** ////////////////////////////////////////////////////////////////
  73:stringConvs.c **** // void longToString(uint32 lValue, char * resultString)
  74:stringConvs.c **** ////////////////////////////////////////////////////////////////
  75:stringConvs.c **** 
  76:stringConvs.c **** void longToString(uint32 lValue, char * resultString)
  77:stringConvs.c **** {
 185              		.loc 1 77 0
 186              		.cfi_startproc
 187              		@ args = 0, pretend = 0, frame = 0
 188              		@ frame_needed = 0, uses_anonymous_args = 0
 189              		@ link register save eliminated.
 190              	.LVL22:
 191 0000 30B4     		push	{r4, r5}
 192              		.cfi_def_cfa_offset 8
 193              		.cfi_offset 4, -8
 194              		.cfi_offset 5, -4
 195              	.LVL23:
  78:stringConvs.c ****     uint32 nibbleMask = 0xf0000000;
  79:stringConvs.c ****     uint8 nibbleOffset = 28;
  80:stringConvs.c ****     uint32 nibbleVal;
  81:stringConvs.c ****     uint8 resultOffset=0;
  82:stringConvs.c ****     //writeLine("longToString: got here");
  83:stringConvs.c ****     for (resultOffset = 0; resultOffset < 8; resultOffset++)
 196              		.loc 1 83 0
 197 0002 0022     		movs	r2, #0
  79:stringConvs.c ****     uint32 nibbleVal;
ARM GAS  C:\Users\DGILLI~1\AppData\Local\Temp\cc3PgkPV.s 			page 6


 198              		.loc 1 79 0
 199 0004 1C24     		movs	r4, #28
  78:stringConvs.c ****     uint32 nibbleMask = 0xf0000000;
 200              		.loc 1 78 0
 201 0006 4FF07045 		mov	r5, #-268435456
 202              		.loc 1 83 0
 203 000a 0EE0     		b	.L16
 204              	.LVL24:
 205              	.L19:
  84:stringConvs.c ****     {
  85:stringConvs.c ****         nibbleVal = ((lValue&nibbleMask)>>nibbleOffset);
 206              		.loc 1 85 0
 207 000c 00EA0503 		and	r3, r0, r5
 208 0010 E340     		lsrs	r3, r3, r4
 209              	.LVL25:
  86:stringConvs.c ****         if (nibbleVal <= 9)
 210              		.loc 1 86 0
 211 0012 092B     		cmp	r3, #9
 212 0014 02D8     		bhi	.L17
  87:stringConvs.c ****             resultString[resultOffset] = nibbleVal+'0';
 213              		.loc 1 87 0
 214 0016 3033     		adds	r3, r3, #48
 215              	.LVL26:
 216 0018 8B54     		strb	r3, [r1, r2]
 217 001a 01E0     		b	.L18
 218              	.LVL27:
 219              	.L17:
  88:stringConvs.c ****         else
  89:stringConvs.c ****             resultString[resultOffset] = nibbleVal-10+'A';
 220              		.loc 1 89 0
 221 001c 3733     		adds	r3, r3, #55
 222              	.LVL28:
 223 001e 8B54     		strb	r3, [r1, r2]
 224              	.LVL29:
 225              	.L18:
  90:stringConvs.c ****         nibbleMask >>= 4;
 226              		.loc 1 90 0 discriminator 2
 227 0020 2D09     		lsrs	r5, r5, #4
 228              	.LVL30:
  91:stringConvs.c ****         nibbleOffset -= 4;
 229              		.loc 1 91 0 discriminator 2
 230 0022 043C     		subs	r4, r4, #4
 231              	.LVL31:
 232 0024 E4B2     		uxtb	r4, r4
 233              	.LVL32:
  83:stringConvs.c ****     {
 234              		.loc 1 83 0 discriminator 2
 235 0026 0132     		adds	r2, r2, #1
 236              	.LVL33:
 237 0028 D2B2     		uxtb	r2, r2
 238              	.LVL34:
 239              	.L16:
  83:stringConvs.c ****     {
 240              		.loc 1 83 0 is_stmt 0 discriminator 1
 241 002a 072A     		cmp	r2, #7
 242 002c EED9     		bls	.L19
  92:stringConvs.c ****     }
ARM GAS  C:\Users\DGILLI~1\AppData\Local\Temp\cc3PgkPV.s 			page 7


  93:stringConvs.c ****     resultString[8] = 0;
 243              		.loc 1 93 0 is_stmt 1
 244 002e 0023     		movs	r3, #0
 245 0030 0B72     		strb	r3, [r1, #8]
  94:stringConvs.c **** }
 246              		.loc 1 94 0
 247 0032 30BC     		pop	{r4, r5}
 248              		.cfi_restore 5
 249              		.cfi_restore 4
 250              		.cfi_def_cfa_offset 0
 251              	.LVL35:
 252 0034 7047     		bx	lr
 253              		.cfi_endproc
 254              	.LFE66:
 255              		.size	longToString, .-longToString
 256 0036 00BF     		.section	.text.shortToString,"ax",%progbits
 257              		.align	2
 258              		.global	shortToString
 259              		.thumb
 260              		.thumb_func
 261              		.type	shortToString, %function
 262              	shortToString:
 263              	.LFB67:
  95:stringConvs.c **** 
  96:stringConvs.c **** ////////////////////////////////////////////////////////////////
  97:stringConvs.c **** // void longToString(uint32 lValue, char * resultString)
  98:stringConvs.c **** ////////////////////////////////////////////////////////////////
  99:stringConvs.c **** 
 100:stringConvs.c **** void shortToString(uint16 sValue, char * resultString)
 101:stringConvs.c **** {
 264              		.loc 1 101 0
 265              		.cfi_startproc
 266              		@ args = 0, pretend = 0, frame = 0
 267              		@ frame_needed = 0, uses_anonymous_args = 0
 268              		@ link register save eliminated.
 269              	.LVL36:
 270 0000 30B4     		push	{r4, r5}
 271              		.cfi_def_cfa_offset 8
 272              		.cfi_offset 4, -8
 273              		.cfi_offset 5, -4
 274              	.LVL37:
 102:stringConvs.c ****     uint32 nibbleMask = 0xf000;
 103:stringConvs.c ****     uint8 nibbleOffset = 12;
 104:stringConvs.c ****     uint32 nibbleVal;
 105:stringConvs.c ****     uint8 resultOffset=0;
 106:stringConvs.c ****     //writeLine("longToString: got here");
 107:stringConvs.c ****     for (resultOffset = 0; resultOffset < 4; resultOffset++)
 275              		.loc 1 107 0
 276 0002 0022     		movs	r2, #0
 103:stringConvs.c ****     uint32 nibbleVal;
 277              		.loc 1 103 0
 278 0004 0C24     		movs	r4, #12
 102:stringConvs.c ****     uint32 nibbleMask = 0xf000;
 279              		.loc 1 102 0
 280 0006 4FF47045 		mov	r5, #61440
 281              		.loc 1 107 0
 282 000a 0EE0     		b	.L22
ARM GAS  C:\Users\DGILLI~1\AppData\Local\Temp\cc3PgkPV.s 			page 8


 283              	.LVL38:
 284              	.L25:
 108:stringConvs.c ****     {
 109:stringConvs.c ****         nibbleVal = ((sValue&nibbleMask)>>nibbleOffset);
 285              		.loc 1 109 0
 286 000c 00EA0503 		and	r3, r0, r5
 287 0010 E340     		lsrs	r3, r3, r4
 288              	.LVL39:
 110:stringConvs.c ****         if (nibbleVal <= 9)
 289              		.loc 1 110 0
 290 0012 092B     		cmp	r3, #9
 291 0014 02D8     		bhi	.L23
 111:stringConvs.c ****             resultString[resultOffset] = nibbleVal+'0';
 292              		.loc 1 111 0
 293 0016 3033     		adds	r3, r3, #48
 294              	.LVL40:
 295 0018 8B54     		strb	r3, [r1, r2]
 296 001a 01E0     		b	.L24
 297              	.LVL41:
 298              	.L23:
 112:stringConvs.c ****         else
 113:stringConvs.c ****             resultString[resultOffset] = nibbleVal-10+'A';
 299              		.loc 1 113 0
 300 001c 3733     		adds	r3, r3, #55
 301              	.LVL42:
 302 001e 8B54     		strb	r3, [r1, r2]
 303              	.LVL43:
 304              	.L24:
 114:stringConvs.c ****         nibbleMask >>= 4;
 305              		.loc 1 114 0 discriminator 2
 306 0020 2D09     		lsrs	r5, r5, #4
 307              	.LVL44:
 115:stringConvs.c ****         nibbleOffset -= 4;
 308              		.loc 1 115 0 discriminator 2
 309 0022 043C     		subs	r4, r4, #4
 310              	.LVL45:
 311 0024 E4B2     		uxtb	r4, r4
 312              	.LVL46:
 107:stringConvs.c ****     {
 313              		.loc 1 107 0 discriminator 2
 314 0026 0132     		adds	r2, r2, #1
 315              	.LVL47:
 316 0028 D2B2     		uxtb	r2, r2
 317              	.LVL48:
 318              	.L22:
 107:stringConvs.c ****     {
 319              		.loc 1 107 0 is_stmt 0 discriminator 1
 320 002a 032A     		cmp	r2, #3
 321 002c EED9     		bls	.L25
 116:stringConvs.c ****     }
 117:stringConvs.c ****     resultString[4] = 0;
 322              		.loc 1 117 0 is_stmt 1
 323 002e 0023     		movs	r3, #0
 324 0030 0B71     		strb	r3, [r1, #4]
 118:stringConvs.c **** }
 325              		.loc 1 118 0
 326 0032 30BC     		pop	{r4, r5}
ARM GAS  C:\Users\DGILLI~1\AppData\Local\Temp\cc3PgkPV.s 			page 9


 327              		.cfi_restore 5
 328              		.cfi_restore 4
 329              		.cfi_def_cfa_offset 0
 330              	.LVL49:
 331 0034 7047     		bx	lr
 332              		.cfi_endproc
 333              	.LFE67:
 334              		.size	shortToString, .-shortToString
 335 0036 00BF     		.section	.text.byteToString,"ax",%progbits
 336              		.align	2
 337              		.global	byteToString
 338              		.thumb
 339              		.thumb_func
 340              		.type	byteToString, %function
 341              	byteToString:
 342              	.LFB68:
 119:stringConvs.c **** 
 120:stringConvs.c **** ////////////////////////////////////////////////////////////////
 121:stringConvs.c **** // void byteToString(uint8 bValue, char * resultString)
 122:stringConvs.c **** ////////////////////////////////////////////////////////////////
 123:stringConvs.c **** 
 124:stringConvs.c **** void byteToString(uint8 bValue, char * resultString)
 125:stringConvs.c **** {
 343              		.loc 1 125 0
 344              		.cfi_startproc
 345              		@ args = 0, pretend = 0, frame = 0
 346              		@ frame_needed = 0, uses_anonymous_args = 0
 347              		@ link register save eliminated.
 348              	.LVL50:
 349 0000 30B4     		push	{r4, r5}
 350              		.cfi_def_cfa_offset 8
 351              		.cfi_offset 4, -8
 352              		.cfi_offset 5, -4
 353              	.LVL51:
 126:stringConvs.c ****     uint32 nibbleMask = 0xf0;
 127:stringConvs.c ****     uint8 nibbleOffset = 4;
 128:stringConvs.c ****     uint32 nibbleVal;
 129:stringConvs.c ****     uint8 resultOffset=0;
 130:stringConvs.c ****     //writeLine("byteToString: got here");
 131:stringConvs.c ****     for (resultOffset = 0; resultOffset < 2; resultOffset++)
 354              		.loc 1 131 0
 355 0002 0023     		movs	r3, #0
 127:stringConvs.c ****     uint32 nibbleVal;
 356              		.loc 1 127 0
 357 0004 0424     		movs	r4, #4
 126:stringConvs.c ****     uint32 nibbleMask = 0xf0;
 358              		.loc 1 126 0
 359 0006 F025     		movs	r5, #240
 360              		.loc 1 131 0
 361 0008 0EE0     		b	.L28
 362              	.LVL52:
 363              	.L31:
 132:stringConvs.c ****     {
 133:stringConvs.c ****         nibbleVal = ((bValue&nibbleMask)>>nibbleOffset);
 364              		.loc 1 133 0
 365 000a 00EA0502 		and	r2, r0, r5
 366 000e E240     		lsrs	r2, r2, r4
ARM GAS  C:\Users\DGILLI~1\AppData\Local\Temp\cc3PgkPV.s 			page 10


 367              	.LVL53:
 134:stringConvs.c ****         if (nibbleVal <= 9)
 368              		.loc 1 134 0
 369 0010 092A     		cmp	r2, #9
 370 0012 02D8     		bhi	.L29
 135:stringConvs.c ****             resultString[resultOffset] = nibbleVal+'0';
 371              		.loc 1 135 0
 372 0014 3032     		adds	r2, r2, #48
 373              	.LVL54:
 374 0016 CA54     		strb	r2, [r1, r3]
 375 0018 01E0     		b	.L30
 376              	.LVL55:
 377              	.L29:
 136:stringConvs.c ****         else
 137:stringConvs.c ****             resultString[resultOffset] = nibbleVal-10+'A';
 378              		.loc 1 137 0
 379 001a 3732     		adds	r2, r2, #55
 380              	.LVL56:
 381 001c CA54     		strb	r2, [r1, r3]
 382              	.LVL57:
 383              	.L30:
 138:stringConvs.c ****         nibbleMask >>= 4;
 384              		.loc 1 138 0 discriminator 2
 385 001e 2D09     		lsrs	r5, r5, #4
 386              	.LVL58:
 139:stringConvs.c ****         nibbleOffset -= 4;
 387              		.loc 1 139 0 discriminator 2
 388 0020 043C     		subs	r4, r4, #4
 389              	.LVL59:
 390 0022 E4B2     		uxtb	r4, r4
 391              	.LVL60:
 131:stringConvs.c ****     {
 392              		.loc 1 131 0 discriminator 2
 393 0024 0133     		adds	r3, r3, #1
 394              	.LVL61:
 395 0026 DBB2     		uxtb	r3, r3
 396              	.LVL62:
 397              	.L28:
 131:stringConvs.c ****     {
 398              		.loc 1 131 0 is_stmt 0 discriminator 1
 399 0028 012B     		cmp	r3, #1
 400 002a EED9     		bls	.L31
 140:stringConvs.c ****     }
 141:stringConvs.c ****     resultString[2] = 0;
 401              		.loc 1 141 0 is_stmt 1
 402 002c 0023     		movs	r3, #0
 403              	.LVL63:
 404 002e 8B70     		strb	r3, [r1, #2]
 142:stringConvs.c **** }
 405              		.loc 1 142 0
 406 0030 30BC     		pop	{r4, r5}
 407              		.cfi_restore 5
 408              		.cfi_restore 4
 409              		.cfi_def_cfa_offset 0
 410              	.LVL64:
 411 0032 7047     		bx	lr
 412              		.cfi_endproc
ARM GAS  C:\Users\DGILLI~1\AppData\Local\Temp\cc3PgkPV.s 			page 11


 413              	.LFE68:
 414              		.size	byteToString, .-byteToString
 415              		.text
 416              	.Letext0:
 417              		.file 2 "c:\\program files (x86)\\cypress\\psoc creator\\4.0\\psoc creator\\import\\gnu\\arm\\4.9.
 418              		.file 3 "c:\\program files (x86)\\cypress\\psoc creator\\4.0\\psoc creator\\import\\gnu\\arm\\4.9.
 419              		.file 4 "Generated_Source\\PSoC5/cytypes.h"
 420              		.file 5 "Generated_Source\\PSoC5/core_cm3.h"
 421              		.section	.debug_info,"",%progbits
 422              	.Ldebug_info0:
 423 0000 F2020000 		.4byte	0x2f2
 424 0004 0400     		.2byte	0x4
 425 0006 00000000 		.4byte	.Ldebug_abbrev0
 426 000a 04       		.byte	0x4
 427 000b 01       		.uleb128 0x1
 428 000c 57010000 		.4byte	.LASF40
 429 0010 01       		.byte	0x1
 430 0011 7B000000 		.4byte	.LASF41
 431 0015 14000000 		.4byte	.LASF42
 432 0019 00000000 		.4byte	.Ldebug_ranges0+0
 433 001d 00000000 		.4byte	0
 434 0021 00000000 		.4byte	.Ldebug_line0
 435 0025 02       		.uleb128 0x2
 436 0026 01       		.byte	0x1
 437 0027 06       		.byte	0x6
 438 0028 27020000 		.4byte	.LASF0
 439 002c 02       		.uleb128 0x2
 440 002d 01       		.byte	0x1
 441 002e 08       		.byte	0x8
 442 002f A7000000 		.4byte	.LASF1
 443 0033 02       		.uleb128 0x2
 444 0034 02       		.byte	0x2
 445 0035 05       		.byte	0x5
 446 0036 72020000 		.4byte	.LASF2
 447 003a 02       		.uleb128 0x2
 448 003b 02       		.byte	0x2
 449 003c 07       		.byte	0x7
 450 003d C7000000 		.4byte	.LASF3
 451 0041 03       		.uleb128 0x3
 452 0042 71000000 		.4byte	.LASF9
 453 0046 02       		.byte	0x2
 454 0047 3F       		.byte	0x3f
 455 0048 4C000000 		.4byte	0x4c
 456 004c 02       		.uleb128 0x2
 457 004d 04       		.byte	0x4
 458 004e 05       		.byte	0x5
 459 004f 8F020000 		.4byte	.LASF4
 460 0053 02       		.uleb128 0x2
 461 0054 04       		.byte	0x4
 462 0055 07       		.byte	0x7
 463 0056 B5000000 		.4byte	.LASF5
 464 005a 02       		.uleb128 0x2
 465 005b 08       		.byte	0x8
 466 005c 05       		.byte	0x5
 467 005d 51020000 		.4byte	.LASF6
 468 0061 02       		.uleb128 0x2
 469 0062 08       		.byte	0x8
ARM GAS  C:\Users\DGILLI~1\AppData\Local\Temp\cc3PgkPV.s 			page 12


 470 0063 07       		.byte	0x7
 471 0064 F2010000 		.4byte	.LASF7
 472 0068 04       		.uleb128 0x4
 473 0069 04       		.byte	0x4
 474 006a 05       		.byte	0x5
 475 006b 696E7400 		.ascii	"int\000"
 476 006f 02       		.uleb128 0x2
 477 0070 04       		.byte	0x4
 478 0071 07       		.byte	0x7
 479 0072 E5010000 		.4byte	.LASF8
 480 0076 03       		.uleb128 0x3
 481 0077 40020000 		.4byte	.LASF10
 482 007b 03       		.byte	0x3
 483 007c 2C       		.byte	0x2c
 484 007d 41000000 		.4byte	0x41
 485 0081 05       		.uleb128 0x5
 486 0082 7C020000 		.4byte	.LASF11
 487 0086 04       		.byte	0x4
 488 0087 9201     		.2byte	0x192
 489 0089 2C000000 		.4byte	0x2c
 490 008d 05       		.uleb128 0x5
 491 008e 44010000 		.4byte	.LASF12
 492 0092 04       		.byte	0x4
 493 0093 9301     		.2byte	0x193
 494 0095 3A000000 		.4byte	0x3a
 495 0099 05       		.uleb128 0x5
 496 009a 50010000 		.4byte	.LASF13
 497 009e 04       		.byte	0x4
 498 009f 9401     		.2byte	0x194
 499 00a1 53000000 		.4byte	0x53
 500 00a5 05       		.uleb128 0x5
 501 00a6 4B010000 		.4byte	.LASF14
 502 00aa 04       		.byte	0x4
 503 00ab 9501     		.2byte	0x195
 504 00ad 25000000 		.4byte	0x25
 505 00b1 02       		.uleb128 0x2
 506 00b2 04       		.byte	0x4
 507 00b3 04       		.byte	0x4
 508 00b4 96000000 		.4byte	.LASF15
 509 00b8 02       		.uleb128 0x2
 510 00b9 08       		.byte	0x8
 511 00ba 04       		.byte	0x4
 512 00bb 22010000 		.4byte	.LASF16
 513 00bf 02       		.uleb128 0x2
 514 00c0 01       		.byte	0x1
 515 00c1 08       		.byte	0x8
 516 00c2 5F020000 		.4byte	.LASF17
 517 00c6 02       		.uleb128 0x2
 518 00c7 04       		.byte	0x4
 519 00c8 07       		.byte	0x7
 520 00c9 48020000 		.4byte	.LASF18
 521 00cd 06       		.uleb128 0x6
 522 00ce 04       		.byte	0x4
 523 00cf BF000000 		.4byte	0xbf
 524 00d3 07       		.uleb128 0x7
 525 00d4 F1000000 		.4byte	.LASF23
 526 00d8 01       		.byte	0x1
ARM GAS  C:\Users\DGILLI~1\AppData\Local\Temp\cc3PgkPV.s 			page 13


 527 00d9 16       		.byte	0x16
 528 00da A5000000 		.4byte	0xa5
 529 00de 00000000 		.4byte	.LFB63
 530 00e2 1E000000 		.4byte	.LFE63-.LFB63
 531 00e6 01       		.uleb128 0x1
 532 00e7 9C       		.byte	0x9c
 533 00e8 27010000 		.4byte	0x127
 534 00ec 08       		.uleb128 0x8
 535 00ed B0020000 		.4byte	.LASF19
 536 00f1 01       		.byte	0x1
 537 00f2 16       		.byte	0x16
 538 00f3 CD000000 		.4byte	0xcd
 539 00f7 00000000 		.4byte	.LLST0
 540 00fb 09       		.uleb128 0x9
 541 00fc DA000000 		.4byte	.LASF20
 542 0100 01       		.byte	0x1
 543 0101 16       		.byte	0x16
 544 0102 BF000000 		.4byte	0xbf
 545 0106 01       		.uleb128 0x1
 546 0107 51       		.byte	0x51
 547 0108 0A       		.uleb128 0xa
 548 0109 98020000 		.4byte	.LASF21
 549 010d 01       		.byte	0x1
 550 010e 18       		.byte	0x18
 551 010f CD000000 		.4byte	0xcd
 552 0113 00000000 		.4byte	.LLST0
 553 0117 0A       		.uleb128 0xa
 554 0118 6B020000 		.4byte	.LASF22
 555 011c 01       		.byte	0x1
 556 011d 19       		.byte	0x19
 557 011e A5000000 		.4byte	0xa5
 558 0122 3A000000 		.4byte	.LLST2
 559 0126 00       		.byte	0
 560 0127 07       		.uleb128 0x7
 561 0128 37010000 		.4byte	.LASF24
 562 012c 01       		.byte	0x1
 563 012d 29       		.byte	0x29
 564 012e 81000000 		.4byte	0x81
 565 0132 00000000 		.4byte	.LFB64
 566 0136 32000000 		.4byte	.LFE64-.LFB64
 567 013a 01       		.uleb128 0x1
 568 013b 9C       		.byte	0x9c
 569 013c 50010000 		.4byte	0x150
 570 0140 08       		.uleb128 0x8
 571 0141 10020000 		.4byte	.LASF25
 572 0145 01       		.byte	0x1
 573 0146 29       		.byte	0x29
 574 0147 BF000000 		.4byte	0xbf
 575 014b 64000000 		.4byte	.LLST3
 576 014f 00       		.byte	0
 577 0150 07       		.uleb128 0x7
 578 0151 1A020000 		.4byte	.LASF26
 579 0155 01       		.byte	0x1
 580 0156 39       		.byte	0x39
 581 0157 99000000 		.4byte	0x99
 582 015b 00000000 		.4byte	.LFB65
 583 015f 20000000 		.4byte	.LFE65-.LFB65
ARM GAS  C:\Users\DGILLI~1\AppData\Local\Temp\cc3PgkPV.s 			page 14


 584 0163 01       		.uleb128 0x1
 585 0164 9C       		.byte	0x9c
 586 0165 A0010000 		.4byte	0x1a0
 587 0169 08       		.uleb128 0x8
 588 016a A6020000 		.4byte	.LASF27
 589 016e 01       		.byte	0x1
 590 016f 39       		.byte	0x39
 591 0170 CD000000 		.4byte	0xcd
 592 0174 D0000000 		.4byte	.LLST4
 593 0178 0A       		.uleb128 0xa
 594 0179 6B020000 		.4byte	.LASF22
 595 017d 01       		.byte	0x1
 596 017e 3B       		.byte	0x3b
 597 017f 81000000 		.4byte	0x81
 598 0183 EE000000 		.4byte	.LLST5
 599 0187 0A       		.uleb128 0xa
 600 0188 82020000 		.4byte	.LASF28
 601 018c 01       		.byte	0x1
 602 018d 3C       		.byte	0x3c
 603 018e 99000000 		.4byte	0x99
 604 0192 18010000 		.4byte	.LLST6
 605 0196 0B       		.uleb128 0xb
 606 0197 10000000 		.4byte	.LVL18
 607 019b 27010000 		.4byte	0x127
 608 019f 00       		.byte	0
 609 01a0 0C       		.uleb128 0xc
 610 01a1 E4000000 		.4byte	.LASF35
 611 01a5 01       		.byte	0x1
 612 01a6 4C       		.byte	0x4c
 613 01a7 00000000 		.4byte	.LFB66
 614 01ab 36000000 		.4byte	.LFE66-.LFB66
 615 01af 01       		.uleb128 0x1
 616 01b0 9C       		.byte	0x9c
 617 01b1 0C020000 		.4byte	0x20c
 618 01b5 09       		.uleb128 0x9
 619 01b6 64020000 		.4byte	.LASF29
 620 01ba 01       		.byte	0x1
 621 01bb 4C       		.byte	0x4c
 622 01bc 99000000 		.4byte	0x99
 623 01c0 01       		.uleb128 0x1
 624 01c1 50       		.byte	0x50
 625 01c2 09       		.uleb128 0x9
 626 01c3 33020000 		.4byte	.LASF30
 627 01c7 01       		.byte	0x1
 628 01c8 4C       		.byte	0x4c
 629 01c9 CD000000 		.4byte	0xcd
 630 01cd 01       		.uleb128 0x1
 631 01ce 51       		.byte	0x51
 632 01cf 0A       		.uleb128 0xa
 633 01d0 9C000000 		.4byte	.LASF31
 634 01d4 01       		.byte	0x1
 635 01d5 4E       		.byte	0x4e
 636 01d6 99000000 		.4byte	0x99
 637 01da 42010000 		.4byte	.LLST7
 638 01de 0A       		.uleb128 0xa
 639 01df 07000000 		.4byte	.LASF32
 640 01e3 01       		.byte	0x1
ARM GAS  C:\Users\DGILLI~1\AppData\Local\Temp\cc3PgkPV.s 			page 15


 641 01e4 4F       		.byte	0x4f
 642 01e5 81000000 		.4byte	0x81
 643 01e9 64010000 		.4byte	.LLST8
 644 01ed 0A       		.uleb128 0xa
 645 01ee 18010000 		.4byte	.LASF33
 646 01f2 01       		.byte	0x1
 647 01f3 50       		.byte	0x50
 648 01f4 99000000 		.4byte	0x99
 649 01f8 8E010000 		.4byte	.LLST9
 650 01fc 0A       		.uleb128 0xa
 651 01fd 0B010000 		.4byte	.LASF34
 652 0201 01       		.byte	0x1
 653 0202 51       		.byte	0x51
 654 0203 81000000 		.4byte	0x81
 655 0207 D9010000 		.4byte	.LLST10
 656 020b 00       		.byte	0
 657 020c 0C       		.uleb128 0xc
 658 020d 29010000 		.4byte	.LASF36
 659 0211 01       		.byte	0x1
 660 0212 64       		.byte	0x64
 661 0213 00000000 		.4byte	.LFB67
 662 0217 36000000 		.4byte	.LFE67-.LFB67
 663 021b 01       		.uleb128 0x1
 664 021c 9C       		.byte	0x9c
 665 021d 78020000 		.4byte	0x278
 666 0221 09       		.uleb128 0x9
 667 0222 00000000 		.4byte	.LASF37
 668 0226 01       		.byte	0x1
 669 0227 64       		.byte	0x64
 670 0228 8D000000 		.4byte	0x8d
 671 022c 01       		.uleb128 0x1
 672 022d 50       		.byte	0x50
 673 022e 09       		.uleb128 0x9
 674 022f 33020000 		.4byte	.LASF30
 675 0233 01       		.byte	0x1
 676 0234 64       		.byte	0x64
 677 0235 CD000000 		.4byte	0xcd
 678 0239 01       		.uleb128 0x1
 679 023a 51       		.byte	0x51
 680 023b 0A       		.uleb128 0xa
 681 023c 9C000000 		.4byte	.LASF31
 682 0240 01       		.byte	0x1
 683 0241 66       		.byte	0x66
 684 0242 99000000 		.4byte	0x99
 685 0246 03020000 		.4byte	.LLST11
 686 024a 0A       		.uleb128 0xa
 687 024b 07000000 		.4byte	.LASF32
 688 024f 01       		.byte	0x1
 689 0250 67       		.byte	0x67
 690 0251 81000000 		.4byte	0x81
 691 0255 24020000 		.4byte	.LLST12
 692 0259 0A       		.uleb128 0xa
 693 025a 18010000 		.4byte	.LASF33
 694 025e 01       		.byte	0x1
 695 025f 68       		.byte	0x68
 696 0260 99000000 		.4byte	0x99
 697 0264 4E020000 		.4byte	.LLST13
ARM GAS  C:\Users\DGILLI~1\AppData\Local\Temp\cc3PgkPV.s 			page 16


 698 0268 0A       		.uleb128 0xa
 699 0269 0B010000 		.4byte	.LASF34
 700 026d 01       		.byte	0x1
 701 026e 69       		.byte	0x69
 702 026f 81000000 		.4byte	0x81
 703 0273 99020000 		.4byte	.LLST14
 704 0277 00       		.byte	0
 705 0278 0C       		.uleb128 0xc
 706 0279 89000000 		.4byte	.LASF38
 707 027d 01       		.byte	0x1
 708 027e 7C       		.byte	0x7c
 709 027f 00000000 		.4byte	.LFB68
 710 0283 34000000 		.4byte	.LFE68-.LFB68
 711 0287 01       		.uleb128 0x1
 712 0288 9C       		.byte	0x9c
 713 0289 E4020000 		.4byte	0x2e4
 714 028d 09       		.uleb128 0x9
 715 028e 09020000 		.4byte	.LASF39
 716 0292 01       		.byte	0x1
 717 0293 7C       		.byte	0x7c
 718 0294 81000000 		.4byte	0x81
 719 0298 01       		.uleb128 0x1
 720 0299 50       		.byte	0x50
 721 029a 09       		.uleb128 0x9
 722 029b 33020000 		.4byte	.LASF30
 723 029f 01       		.byte	0x1
 724 02a0 7C       		.byte	0x7c
 725 02a1 CD000000 		.4byte	0xcd
 726 02a5 01       		.uleb128 0x1
 727 02a6 51       		.byte	0x51
 728 02a7 0A       		.uleb128 0xa
 729 02a8 9C000000 		.4byte	.LASF31
 730 02ac 01       		.byte	0x1
 731 02ad 7E       		.byte	0x7e
 732 02ae 99000000 		.4byte	0x99
 733 02b2 C3020000 		.4byte	.LLST15
 734 02b6 0A       		.uleb128 0xa
 735 02b7 07000000 		.4byte	.LASF32
 736 02bb 01       		.byte	0x1
 737 02bc 7F       		.byte	0x7f
 738 02bd 81000000 		.4byte	0x81
 739 02c1 E3020000 		.4byte	.LLST16
 740 02c5 0A       		.uleb128 0xa
 741 02c6 18010000 		.4byte	.LASF33
 742 02ca 01       		.byte	0x1
 743 02cb 80       		.byte	0x80
 744 02cc 99000000 		.4byte	0x99
 745 02d0 0D030000 		.4byte	.LLST17
 746 02d4 0A       		.uleb128 0xa
 747 02d5 0B010000 		.4byte	.LASF34
 748 02d9 01       		.byte	0x1
 749 02da 81       		.byte	0x81
 750 02db 81000000 		.4byte	0x81
 751 02df 58030000 		.4byte	.LLST18
 752 02e3 00       		.byte	0
 753 02e4 0D       		.uleb128 0xd
 754 02e5 FE000000 		.4byte	.LASF43
ARM GAS  C:\Users\DGILLI~1\AppData\Local\Temp\cc3PgkPV.s 			page 17


 755 02e9 05       		.byte	0x5
 756 02ea 9606     		.2byte	0x696
 757 02ec F0020000 		.4byte	0x2f0
 758 02f0 0E       		.uleb128 0xe
 759 02f1 76000000 		.4byte	0x76
 760 02f5 00       		.byte	0
 761              		.section	.debug_abbrev,"",%progbits
 762              	.Ldebug_abbrev0:
 763 0000 01       		.uleb128 0x1
 764 0001 11       		.uleb128 0x11
 765 0002 01       		.byte	0x1
 766 0003 25       		.uleb128 0x25
 767 0004 0E       		.uleb128 0xe
 768 0005 13       		.uleb128 0x13
 769 0006 0B       		.uleb128 0xb
 770 0007 03       		.uleb128 0x3
 771 0008 0E       		.uleb128 0xe
 772 0009 1B       		.uleb128 0x1b
 773 000a 0E       		.uleb128 0xe
 774 000b 55       		.uleb128 0x55
 775 000c 17       		.uleb128 0x17
 776 000d 11       		.uleb128 0x11
 777 000e 01       		.uleb128 0x1
 778 000f 10       		.uleb128 0x10
 779 0010 17       		.uleb128 0x17
 780 0011 00       		.byte	0
 781 0012 00       		.byte	0
 782 0013 02       		.uleb128 0x2
 783 0014 24       		.uleb128 0x24
 784 0015 00       		.byte	0
 785 0016 0B       		.uleb128 0xb
 786 0017 0B       		.uleb128 0xb
 787 0018 3E       		.uleb128 0x3e
 788 0019 0B       		.uleb128 0xb
 789 001a 03       		.uleb128 0x3
 790 001b 0E       		.uleb128 0xe
 791 001c 00       		.byte	0
 792 001d 00       		.byte	0
 793 001e 03       		.uleb128 0x3
 794 001f 16       		.uleb128 0x16
 795 0020 00       		.byte	0
 796 0021 03       		.uleb128 0x3
 797 0022 0E       		.uleb128 0xe
 798 0023 3A       		.uleb128 0x3a
 799 0024 0B       		.uleb128 0xb
 800 0025 3B       		.uleb128 0x3b
 801 0026 0B       		.uleb128 0xb
 802 0027 49       		.uleb128 0x49
 803 0028 13       		.uleb128 0x13
 804 0029 00       		.byte	0
 805 002a 00       		.byte	0
 806 002b 04       		.uleb128 0x4
 807 002c 24       		.uleb128 0x24
 808 002d 00       		.byte	0
 809 002e 0B       		.uleb128 0xb
 810 002f 0B       		.uleb128 0xb
 811 0030 3E       		.uleb128 0x3e
ARM GAS  C:\Users\DGILLI~1\AppData\Local\Temp\cc3PgkPV.s 			page 18


 812 0031 0B       		.uleb128 0xb
 813 0032 03       		.uleb128 0x3
 814 0033 08       		.uleb128 0x8
 815 0034 00       		.byte	0
 816 0035 00       		.byte	0
 817 0036 05       		.uleb128 0x5
 818 0037 16       		.uleb128 0x16
 819 0038 00       		.byte	0
 820 0039 03       		.uleb128 0x3
 821 003a 0E       		.uleb128 0xe
 822 003b 3A       		.uleb128 0x3a
 823 003c 0B       		.uleb128 0xb
 824 003d 3B       		.uleb128 0x3b
 825 003e 05       		.uleb128 0x5
 826 003f 49       		.uleb128 0x49
 827 0040 13       		.uleb128 0x13
 828 0041 00       		.byte	0
 829 0042 00       		.byte	0
 830 0043 06       		.uleb128 0x6
 831 0044 0F       		.uleb128 0xf
 832 0045 00       		.byte	0
 833 0046 0B       		.uleb128 0xb
 834 0047 0B       		.uleb128 0xb
 835 0048 49       		.uleb128 0x49
 836 0049 13       		.uleb128 0x13
 837 004a 00       		.byte	0
 838 004b 00       		.byte	0
 839 004c 07       		.uleb128 0x7
 840 004d 2E       		.uleb128 0x2e
 841 004e 01       		.byte	0x1
 842 004f 3F       		.uleb128 0x3f
 843 0050 19       		.uleb128 0x19
 844 0051 03       		.uleb128 0x3
 845 0052 0E       		.uleb128 0xe
 846 0053 3A       		.uleb128 0x3a
 847 0054 0B       		.uleb128 0xb
 848 0055 3B       		.uleb128 0x3b
 849 0056 0B       		.uleb128 0xb
 850 0057 27       		.uleb128 0x27
 851 0058 19       		.uleb128 0x19
 852 0059 49       		.uleb128 0x49
 853 005a 13       		.uleb128 0x13
 854 005b 11       		.uleb128 0x11
 855 005c 01       		.uleb128 0x1
 856 005d 12       		.uleb128 0x12
 857 005e 06       		.uleb128 0x6
 858 005f 40       		.uleb128 0x40
 859 0060 18       		.uleb128 0x18
 860 0061 9742     		.uleb128 0x2117
 861 0063 19       		.uleb128 0x19
 862 0064 01       		.uleb128 0x1
 863 0065 13       		.uleb128 0x13
 864 0066 00       		.byte	0
 865 0067 00       		.byte	0
 866 0068 08       		.uleb128 0x8
 867 0069 05       		.uleb128 0x5
 868 006a 00       		.byte	0
ARM GAS  C:\Users\DGILLI~1\AppData\Local\Temp\cc3PgkPV.s 			page 19


 869 006b 03       		.uleb128 0x3
 870 006c 0E       		.uleb128 0xe
 871 006d 3A       		.uleb128 0x3a
 872 006e 0B       		.uleb128 0xb
 873 006f 3B       		.uleb128 0x3b
 874 0070 0B       		.uleb128 0xb
 875 0071 49       		.uleb128 0x49
 876 0072 13       		.uleb128 0x13
 877 0073 02       		.uleb128 0x2
 878 0074 17       		.uleb128 0x17
 879 0075 00       		.byte	0
 880 0076 00       		.byte	0
 881 0077 09       		.uleb128 0x9
 882 0078 05       		.uleb128 0x5
 883 0079 00       		.byte	0
 884 007a 03       		.uleb128 0x3
 885 007b 0E       		.uleb128 0xe
 886 007c 3A       		.uleb128 0x3a
 887 007d 0B       		.uleb128 0xb
 888 007e 3B       		.uleb128 0x3b
 889 007f 0B       		.uleb128 0xb
 890 0080 49       		.uleb128 0x49
 891 0081 13       		.uleb128 0x13
 892 0082 02       		.uleb128 0x2
 893 0083 18       		.uleb128 0x18
 894 0084 00       		.byte	0
 895 0085 00       		.byte	0
 896 0086 0A       		.uleb128 0xa
 897 0087 34       		.uleb128 0x34
 898 0088 00       		.byte	0
 899 0089 03       		.uleb128 0x3
 900 008a 0E       		.uleb128 0xe
 901 008b 3A       		.uleb128 0x3a
 902 008c 0B       		.uleb128 0xb
 903 008d 3B       		.uleb128 0x3b
 904 008e 0B       		.uleb128 0xb
 905 008f 49       		.uleb128 0x49
 906 0090 13       		.uleb128 0x13
 907 0091 02       		.uleb128 0x2
 908 0092 17       		.uleb128 0x17
 909 0093 00       		.byte	0
 910 0094 00       		.byte	0
 911 0095 0B       		.uleb128 0xb
 912 0096 898201   		.uleb128 0x4109
 913 0099 00       		.byte	0
 914 009a 11       		.uleb128 0x11
 915 009b 01       		.uleb128 0x1
 916 009c 31       		.uleb128 0x31
 917 009d 13       		.uleb128 0x13
 918 009e 00       		.byte	0
 919 009f 00       		.byte	0
 920 00a0 0C       		.uleb128 0xc
 921 00a1 2E       		.uleb128 0x2e
 922 00a2 01       		.byte	0x1
 923 00a3 3F       		.uleb128 0x3f
 924 00a4 19       		.uleb128 0x19
 925 00a5 03       		.uleb128 0x3
ARM GAS  C:\Users\DGILLI~1\AppData\Local\Temp\cc3PgkPV.s 			page 20


 926 00a6 0E       		.uleb128 0xe
 927 00a7 3A       		.uleb128 0x3a
 928 00a8 0B       		.uleb128 0xb
 929 00a9 3B       		.uleb128 0x3b
 930 00aa 0B       		.uleb128 0xb
 931 00ab 27       		.uleb128 0x27
 932 00ac 19       		.uleb128 0x19
 933 00ad 11       		.uleb128 0x11
 934 00ae 01       		.uleb128 0x1
 935 00af 12       		.uleb128 0x12
 936 00b0 06       		.uleb128 0x6
 937 00b1 40       		.uleb128 0x40
 938 00b2 18       		.uleb128 0x18
 939 00b3 9742     		.uleb128 0x2117
 940 00b5 19       		.uleb128 0x19
 941 00b6 01       		.uleb128 0x1
 942 00b7 13       		.uleb128 0x13
 943 00b8 00       		.byte	0
 944 00b9 00       		.byte	0
 945 00ba 0D       		.uleb128 0xd
 946 00bb 34       		.uleb128 0x34
 947 00bc 00       		.byte	0
 948 00bd 03       		.uleb128 0x3
 949 00be 0E       		.uleb128 0xe
 950 00bf 3A       		.uleb128 0x3a
 951 00c0 0B       		.uleb128 0xb
 952 00c1 3B       		.uleb128 0x3b
 953 00c2 05       		.uleb128 0x5
 954 00c3 49       		.uleb128 0x49
 955 00c4 13       		.uleb128 0x13
 956 00c5 3F       		.uleb128 0x3f
 957 00c6 19       		.uleb128 0x19
 958 00c7 3C       		.uleb128 0x3c
 959 00c8 19       		.uleb128 0x19
 960 00c9 00       		.byte	0
 961 00ca 00       		.byte	0
 962 00cb 0E       		.uleb128 0xe
 963 00cc 35       		.uleb128 0x35
 964 00cd 00       		.byte	0
 965 00ce 49       		.uleb128 0x49
 966 00cf 13       		.uleb128 0x13
 967 00d0 00       		.byte	0
 968 00d1 00       		.byte	0
 969 00d2 00       		.byte	0
 970              		.section	.debug_loc,"",%progbits
 971              	.Ldebug_loc0:
 972              	.LLST0:
 973 0000 00000000 		.4byte	.LVL0
 974 0004 0A000000 		.4byte	.LVL2
 975 0008 0100     		.2byte	0x1
 976 000a 50       		.byte	0x50
 977 000b 0A000000 		.4byte	.LVL2
 978 000f 0C000000 		.4byte	.LVL3
 979 0013 0400     		.2byte	0x4
 980 0015 F3       		.byte	0xf3
 981 0016 01       		.uleb128 0x1
 982 0017 50       		.byte	0x50
ARM GAS  C:\Users\DGILLI~1\AppData\Local\Temp\cc3PgkPV.s 			page 21


 983 0018 9F       		.byte	0x9f
 984 0019 0C000000 		.4byte	.LVL3
 985 001d 1A000000 		.4byte	.LVL6
 986 0021 0100     		.2byte	0x1
 987 0023 50       		.byte	0x50
 988 0024 1A000000 		.4byte	.LVL6
 989 0028 1E000000 		.4byte	.LFE63
 990 002c 0400     		.2byte	0x4
 991 002e F3       		.byte	0xf3
 992 002f 01       		.uleb128 0x1
 993 0030 50       		.byte	0x50
 994 0031 9F       		.byte	0x9f
 995 0032 00000000 		.4byte	0
 996 0036 00000000 		.4byte	0
 997              	.LLST2:
 998 003a 00000000 		.4byte	.LVL0
 999 003e 04000000 		.4byte	.LVL1
 1000 0042 0200     		.2byte	0x2
 1001 0044 30       		.byte	0x30
 1002 0045 9F       		.byte	0x9f
 1003 0046 04000000 		.4byte	.LVL1
 1004 004a 0E000000 		.4byte	.LVL4
 1005 004e 0100     		.2byte	0x1
 1006 0050 53       		.byte	0x53
 1007 0051 10000000 		.4byte	.LVL5
 1008 0055 1E000000 		.4byte	.LFE63
 1009 0059 0100     		.2byte	0x1
 1010 005b 53       		.byte	0x53
 1011 005c 00000000 		.4byte	0
 1012 0060 00000000 		.4byte	0
 1013              	.LLST3:
 1014 0064 00000000 		.4byte	.LVL7
 1015 0068 16000000 		.4byte	.LVL8
 1016 006c 0100     		.2byte	0x1
 1017 006e 50       		.byte	0x50
 1018 006f 16000000 		.4byte	.LVL8
 1019 0073 1A000000 		.4byte	.LVL9
 1020 0077 0400     		.2byte	0x4
 1021 0079 F3       		.byte	0xf3
 1022 007a 01       		.uleb128 0x1
 1023 007b 50       		.byte	0x50
 1024 007c 9F       		.byte	0x9f
 1025 007d 1A000000 		.4byte	.LVL9
 1026 0081 26000000 		.4byte	.LVL10
 1027 0085 0100     		.2byte	0x1
 1028 0087 50       		.byte	0x50
 1029 0088 26000000 		.4byte	.LVL10
 1030 008c 2A000000 		.4byte	.LVL11
 1031 0090 0400     		.2byte	0x4
 1032 0092 F3       		.byte	0xf3
 1033 0093 01       		.uleb128 0x1
 1034 0094 50       		.byte	0x50
 1035 0095 9F       		.byte	0x9f
 1036 0096 2A000000 		.4byte	.LVL11
 1037 009a 2C000000 		.4byte	.LVL12
 1038 009e 0100     		.2byte	0x1
 1039 00a0 50       		.byte	0x50
ARM GAS  C:\Users\DGILLI~1\AppData\Local\Temp\cc3PgkPV.s 			page 22


 1040 00a1 2C000000 		.4byte	.LVL12
 1041 00a5 2E000000 		.4byte	.LVL13
 1042 00a9 0400     		.2byte	0x4
 1043 00ab F3       		.byte	0xf3
 1044 00ac 01       		.uleb128 0x1
 1045 00ad 50       		.byte	0x50
 1046 00ae 9F       		.byte	0x9f
 1047 00af 2E000000 		.4byte	.LVL13
 1048 00b3 30000000 		.4byte	.LVL14
 1049 00b7 0100     		.2byte	0x1
 1050 00b9 50       		.byte	0x50
 1051 00ba 30000000 		.4byte	.LVL14
 1052 00be 32000000 		.4byte	.LFE64
 1053 00c2 0400     		.2byte	0x4
 1054 00c4 F3       		.byte	0xf3
 1055 00c5 01       		.uleb128 0x1
 1056 00c6 50       		.byte	0x50
 1057 00c7 9F       		.byte	0x9f
 1058 00c8 00000000 		.4byte	0
 1059 00cc 00000000 		.4byte	0
 1060              	.LLST4:
 1061 00d0 00000000 		.4byte	.LVL15
 1062 00d4 0A000000 		.4byte	.LVL17
 1063 00d8 0100     		.2byte	0x1
 1064 00da 50       		.byte	0x50
 1065 00db 0A000000 		.4byte	.LVL17
 1066 00df 20000000 		.4byte	.LFE65
 1067 00e3 0100     		.2byte	0x1
 1068 00e5 56       		.byte	0x56
 1069 00e6 00000000 		.4byte	0
 1070 00ea 00000000 		.4byte	0
 1071              	.LLST5:
 1072 00ee 04000000 		.4byte	.LVL16
 1073 00f2 0A000000 		.4byte	.LVL17
 1074 00f6 0200     		.2byte	0x2
 1075 00f8 30       		.byte	0x30
 1076 00f9 9F       		.byte	0x9f
 1077 00fa 0A000000 		.4byte	.LVL17
 1078 00fe 14000000 		.4byte	.LVL20
 1079 0102 0100     		.2byte	0x1
 1080 0104 54       		.byte	0x54
 1081 0105 16000000 		.4byte	.LVL21
 1082 0109 20000000 		.4byte	.LFE65
 1083 010d 0100     		.2byte	0x1
 1084 010f 54       		.byte	0x54
 1085 0110 00000000 		.4byte	0
 1086 0114 00000000 		.4byte	0
 1087              	.LLST6:
 1088 0118 04000000 		.4byte	.LVL16
 1089 011c 0A000000 		.4byte	.LVL17
 1090 0120 0200     		.2byte	0x2
 1091 0122 30       		.byte	0x30
 1092 0123 9F       		.byte	0x9f
 1093 0124 0A000000 		.4byte	.LVL17
 1094 0128 0F000000 		.4byte	.LVL18-1
 1095 012c 0100     		.2byte	0x1
 1096 012e 53       		.byte	0x53
ARM GAS  C:\Users\DGILLI~1\AppData\Local\Temp\cc3PgkPV.s 			page 23


 1097 012f 12000000 		.4byte	.LVL19
 1098 0133 20000000 		.4byte	.LFE65
 1099 0137 0100     		.2byte	0x1
 1100 0139 53       		.byte	0x53
 1101 013a 00000000 		.4byte	0
 1102 013e 00000000 		.4byte	0
 1103              	.LLST7:
 1104 0142 02000000 		.4byte	.LVL23
 1105 0146 0C000000 		.4byte	.LVL24
 1106 014a 0500     		.2byte	0x5
 1107 014c 40       		.byte	0x40
 1108 014d 48       		.byte	0x48
 1109 014e 24       		.byte	0x24
 1110 014f 1F       		.byte	0x1f
 1111 0150 9F       		.byte	0x9f
 1112 0151 0C000000 		.4byte	.LVL24
 1113 0155 34000000 		.4byte	.LVL35
 1114 0159 0100     		.2byte	0x1
 1115 015b 55       		.byte	0x55
 1116 015c 00000000 		.4byte	0
 1117 0160 00000000 		.4byte	0
 1118              	.LLST8:
 1119 0164 02000000 		.4byte	.LVL23
 1120 0168 0C000000 		.4byte	.LVL24
 1121 016c 0200     		.2byte	0x2
 1122 016e 4C       		.byte	0x4c
 1123 016f 9F       		.byte	0x9f
 1124 0170 0C000000 		.4byte	.LVL24
 1125 0174 24000000 		.4byte	.LVL31
 1126 0178 0100     		.2byte	0x1
 1127 017a 54       		.byte	0x54
 1128 017b 26000000 		.4byte	.LVL32
 1129 017f 34000000 		.4byte	.LVL35
 1130 0183 0100     		.2byte	0x1
 1131 0185 54       		.byte	0x54
 1132 0186 00000000 		.4byte	0
 1133 018a 00000000 		.4byte	0
 1134              	.LLST9:
 1135 018e 12000000 		.4byte	.LVL25
 1136 0192 18000000 		.4byte	.LVL26
 1137 0196 0100     		.2byte	0x1
 1138 0198 53       		.byte	0x53
 1139 0199 18000000 		.4byte	.LVL26
 1140 019d 1C000000 		.4byte	.LVL27
 1141 01a1 0300     		.2byte	0x3
 1142 01a3 73       		.byte	0x73
 1143 01a4 50       		.sleb128 -48
 1144 01a5 9F       		.byte	0x9f
 1145 01a6 1C000000 		.4byte	.LVL27
 1146 01aa 1E000000 		.4byte	.LVL28
 1147 01ae 0100     		.2byte	0x1
 1148 01b0 53       		.byte	0x53
 1149 01b1 1E000000 		.4byte	.LVL28
 1150 01b5 20000000 		.4byte	.LVL29
 1151 01b9 0300     		.2byte	0x3
 1152 01bb 73       		.byte	0x73
 1153 01bc 49       		.sleb128 -55
ARM GAS  C:\Users\DGILLI~1\AppData\Local\Temp\cc3PgkPV.s 			page 24


 1154 01bd 9F       		.byte	0x9f
 1155 01be 20000000 		.4byte	.LVL29
 1156 01c2 22000000 		.4byte	.LVL30
 1157 01c6 0900     		.2byte	0x9
 1158 01c8 70       		.byte	0x70
 1159 01c9 00       		.sleb128 0
 1160 01ca 75       		.byte	0x75
 1161 01cb 00       		.sleb128 0
 1162 01cc 1A       		.byte	0x1a
 1163 01cd 74       		.byte	0x74
 1164 01ce 00       		.sleb128 0
 1165 01cf 25       		.byte	0x25
 1166 01d0 9F       		.byte	0x9f
 1167 01d1 00000000 		.4byte	0
 1168 01d5 00000000 		.4byte	0
 1169              	.LLST10:
 1170 01d9 02000000 		.4byte	.LVL23
 1171 01dd 0C000000 		.4byte	.LVL24
 1172 01e1 0200     		.2byte	0x2
 1173 01e3 30       		.byte	0x30
 1174 01e4 9F       		.byte	0x9f
 1175 01e5 0C000000 		.4byte	.LVL24
 1176 01e9 28000000 		.4byte	.LVL33
 1177 01ed 0100     		.2byte	0x1
 1178 01ef 52       		.byte	0x52
 1179 01f0 2A000000 		.4byte	.LVL34
 1180 01f4 36000000 		.4byte	.LFE66
 1181 01f8 0100     		.2byte	0x1
 1182 01fa 52       		.byte	0x52
 1183 01fb 00000000 		.4byte	0
 1184 01ff 00000000 		.4byte	0
 1185              	.LLST11:
 1186 0203 02000000 		.4byte	.LVL37
 1187 0207 0C000000 		.4byte	.LVL38
 1188 020b 0400     		.2byte	0x4
 1189 020d 0A       		.byte	0xa
 1190 020e 00F0     		.2byte	0xf000
 1191 0210 9F       		.byte	0x9f
 1192 0211 0C000000 		.4byte	.LVL38
 1193 0215 34000000 		.4byte	.LVL49
 1194 0219 0100     		.2byte	0x1
 1195 021b 55       		.byte	0x55
 1196 021c 00000000 		.4byte	0
 1197 0220 00000000 		.4byte	0
 1198              	.LLST12:
 1199 0224 02000000 		.4byte	.LVL37
 1200 0228 0C000000 		.4byte	.LVL38
 1201 022c 0200     		.2byte	0x2
 1202 022e 3C       		.byte	0x3c
 1203 022f 9F       		.byte	0x9f
 1204 0230 0C000000 		.4byte	.LVL38
 1205 0234 24000000 		.4byte	.LVL45
 1206 0238 0100     		.2byte	0x1
 1207 023a 54       		.byte	0x54
 1208 023b 26000000 		.4byte	.LVL46
 1209 023f 34000000 		.4byte	.LVL49
 1210 0243 0100     		.2byte	0x1
ARM GAS  C:\Users\DGILLI~1\AppData\Local\Temp\cc3PgkPV.s 			page 25


 1211 0245 54       		.byte	0x54
 1212 0246 00000000 		.4byte	0
 1213 024a 00000000 		.4byte	0
 1214              	.LLST13:
 1215 024e 12000000 		.4byte	.LVL39
 1216 0252 18000000 		.4byte	.LVL40
 1217 0256 0100     		.2byte	0x1
 1218 0258 53       		.byte	0x53
 1219 0259 18000000 		.4byte	.LVL40
 1220 025d 1C000000 		.4byte	.LVL41
 1221 0261 0300     		.2byte	0x3
 1222 0263 73       		.byte	0x73
 1223 0264 50       		.sleb128 -48
 1224 0265 9F       		.byte	0x9f
 1225 0266 1C000000 		.4byte	.LVL41
 1226 026a 1E000000 		.4byte	.LVL42
 1227 026e 0100     		.2byte	0x1
 1228 0270 53       		.byte	0x53
 1229 0271 1E000000 		.4byte	.LVL42
 1230 0275 20000000 		.4byte	.LVL43
 1231 0279 0300     		.2byte	0x3
 1232 027b 73       		.byte	0x73
 1233 027c 49       		.sleb128 -55
 1234 027d 9F       		.byte	0x9f
 1235 027e 20000000 		.4byte	.LVL43
 1236 0282 22000000 		.4byte	.LVL44
 1237 0286 0900     		.2byte	0x9
 1238 0288 70       		.byte	0x70
 1239 0289 00       		.sleb128 0
 1240 028a 75       		.byte	0x75
 1241 028b 00       		.sleb128 0
 1242 028c 1A       		.byte	0x1a
 1243 028d 74       		.byte	0x74
 1244 028e 00       		.sleb128 0
 1245 028f 25       		.byte	0x25
 1246 0290 9F       		.byte	0x9f
 1247 0291 00000000 		.4byte	0
 1248 0295 00000000 		.4byte	0
 1249              	.LLST14:
 1250 0299 02000000 		.4byte	.LVL37
 1251 029d 0C000000 		.4byte	.LVL38
 1252 02a1 0200     		.2byte	0x2
 1253 02a3 30       		.byte	0x30
 1254 02a4 9F       		.byte	0x9f
 1255 02a5 0C000000 		.4byte	.LVL38
 1256 02a9 28000000 		.4byte	.LVL47
 1257 02ad 0100     		.2byte	0x1
 1258 02af 52       		.byte	0x52
 1259 02b0 2A000000 		.4byte	.LVL48
 1260 02b4 36000000 		.4byte	.LFE67
 1261 02b8 0100     		.2byte	0x1
 1262 02ba 52       		.byte	0x52
 1263 02bb 00000000 		.4byte	0
 1264 02bf 00000000 		.4byte	0
 1265              	.LLST15:
 1266 02c3 02000000 		.4byte	.LVL51
 1267 02c7 0A000000 		.4byte	.LVL52
ARM GAS  C:\Users\DGILLI~1\AppData\Local\Temp\cc3PgkPV.s 			page 26


 1268 02cb 0300     		.2byte	0x3
 1269 02cd 08       		.byte	0x8
 1270 02ce F0       		.byte	0xf0
 1271 02cf 9F       		.byte	0x9f
 1272 02d0 0A000000 		.4byte	.LVL52
 1273 02d4 32000000 		.4byte	.LVL64
 1274 02d8 0100     		.2byte	0x1
 1275 02da 55       		.byte	0x55
 1276 02db 00000000 		.4byte	0
 1277 02df 00000000 		.4byte	0
 1278              	.LLST16:
 1279 02e3 02000000 		.4byte	.LVL51
 1280 02e7 0A000000 		.4byte	.LVL52
 1281 02eb 0200     		.2byte	0x2
 1282 02ed 34       		.byte	0x34
 1283 02ee 9F       		.byte	0x9f
 1284 02ef 0A000000 		.4byte	.LVL52
 1285 02f3 22000000 		.4byte	.LVL59
 1286 02f7 0100     		.2byte	0x1
 1287 02f9 54       		.byte	0x54
 1288 02fa 24000000 		.4byte	.LVL60
 1289 02fe 32000000 		.4byte	.LVL64
 1290 0302 0100     		.2byte	0x1
 1291 0304 54       		.byte	0x54
 1292 0305 00000000 		.4byte	0
 1293 0309 00000000 		.4byte	0
 1294              	.LLST17:
 1295 030d 10000000 		.4byte	.LVL53
 1296 0311 16000000 		.4byte	.LVL54
 1297 0315 0100     		.2byte	0x1
 1298 0317 52       		.byte	0x52
 1299 0318 16000000 		.4byte	.LVL54
 1300 031c 1A000000 		.4byte	.LVL55
 1301 0320 0300     		.2byte	0x3
 1302 0322 72       		.byte	0x72
 1303 0323 50       		.sleb128 -48
 1304 0324 9F       		.byte	0x9f
 1305 0325 1A000000 		.4byte	.LVL55
 1306 0329 1C000000 		.4byte	.LVL56
 1307 032d 0100     		.2byte	0x1
 1308 032f 52       		.byte	0x52
 1309 0330 1C000000 		.4byte	.LVL56
 1310 0334 1E000000 		.4byte	.LVL57
 1311 0338 0300     		.2byte	0x3
 1312 033a 72       		.byte	0x72
 1313 033b 49       		.sleb128 -55
 1314 033c 9F       		.byte	0x9f
 1315 033d 1E000000 		.4byte	.LVL57
 1316 0341 20000000 		.4byte	.LVL58
 1317 0345 0900     		.2byte	0x9
 1318 0347 70       		.byte	0x70
 1319 0348 00       		.sleb128 0
 1320 0349 75       		.byte	0x75
 1321 034a 00       		.sleb128 0
 1322 034b 1A       		.byte	0x1a
 1323 034c 74       		.byte	0x74
 1324 034d 00       		.sleb128 0
ARM GAS  C:\Users\DGILLI~1\AppData\Local\Temp\cc3PgkPV.s 			page 27


 1325 034e 25       		.byte	0x25
 1326 034f 9F       		.byte	0x9f
 1327 0350 00000000 		.4byte	0
 1328 0354 00000000 		.4byte	0
 1329              	.LLST18:
 1330 0358 02000000 		.4byte	.LVL51
 1331 035c 0A000000 		.4byte	.LVL52
 1332 0360 0200     		.2byte	0x2
 1333 0362 30       		.byte	0x30
 1334 0363 9F       		.byte	0x9f
 1335 0364 0A000000 		.4byte	.LVL52
 1336 0368 26000000 		.4byte	.LVL61
 1337 036c 0100     		.2byte	0x1
 1338 036e 53       		.byte	0x53
 1339 036f 28000000 		.4byte	.LVL62
 1340 0373 2E000000 		.4byte	.LVL63
 1341 0377 0100     		.2byte	0x1
 1342 0379 53       		.byte	0x53
 1343 037a 00000000 		.4byte	0
 1344 037e 00000000 		.4byte	0
 1345              		.section	.debug_aranges,"",%progbits
 1346 0000 44000000 		.4byte	0x44
 1347 0004 0200     		.2byte	0x2
 1348 0006 00000000 		.4byte	.Ldebug_info0
 1349 000a 04       		.byte	0x4
 1350 000b 00       		.byte	0
 1351 000c 0000     		.2byte	0
 1352 000e 0000     		.2byte	0
 1353 0010 00000000 		.4byte	.LFB63
 1354 0014 1E000000 		.4byte	.LFE63-.LFB63
 1355 0018 00000000 		.4byte	.LFB64
 1356 001c 32000000 		.4byte	.LFE64-.LFB64
 1357 0020 00000000 		.4byte	.LFB65
 1358 0024 20000000 		.4byte	.LFE65-.LFB65
 1359 0028 00000000 		.4byte	.LFB66
 1360 002c 36000000 		.4byte	.LFE66-.LFB66
 1361 0030 00000000 		.4byte	.LFB67
 1362 0034 36000000 		.4byte	.LFE67-.LFB67
 1363 0038 00000000 		.4byte	.LFB68
 1364 003c 34000000 		.4byte	.LFE68-.LFB68
 1365 0040 00000000 		.4byte	0
 1366 0044 00000000 		.4byte	0
 1367              		.section	.debug_ranges,"",%progbits
 1368              	.Ldebug_ranges0:
 1369 0000 00000000 		.4byte	.LFB63
 1370 0004 1E000000 		.4byte	.LFE63
 1371 0008 00000000 		.4byte	.LFB64
 1372 000c 32000000 		.4byte	.LFE64
 1373 0010 00000000 		.4byte	.LFB65
 1374 0014 20000000 		.4byte	.LFE65
 1375 0018 00000000 		.4byte	.LFB66
 1376 001c 36000000 		.4byte	.LFE66
 1377 0020 00000000 		.4byte	.LFB67
 1378 0024 36000000 		.4byte	.LFE67
 1379 0028 00000000 		.4byte	.LFB68
 1380 002c 34000000 		.4byte	.LFE68
 1381 0030 00000000 		.4byte	0
ARM GAS  C:\Users\DGILLI~1\AppData\Local\Temp\cc3PgkPV.s 			page 28


 1382 0034 00000000 		.4byte	0
 1383              		.section	.debug_line,"",%progbits
 1384              	.Ldebug_line0:
 1385 0000 34020000 		.section	.debug_str,"MS",%progbits,1
 1385      02004E01 
 1385      00000201 
 1385      FB0E0D00 
 1385      01010101 
 1386              	.LASF37:
 1387 0000 7356616C 		.ascii	"sValue\000"
 1387      756500
 1388              	.LASF32:
 1389 0007 6E696262 		.ascii	"nibbleOffset\000"
 1389      6C654F66 
 1389      66736574 
 1389      00
 1390              	.LASF42:
 1391 0014 433A5C55 		.ascii	"C:\\Users\\DGilliland\\Documents\\GitHub\\ODAS\\ODA"
 1391      73657273 
 1391      5C444769 
 1391      6C6C696C 
 1391      616E645C 
 1392 0041 532D5053 		.ascii	"S-PSOC5\\Projects\\ODAS-PSOC5-USB_Serial-01.cydsn\000"
 1392      4F43355C 
 1392      50726F6A 
 1392      65637473 
 1392      5C4F4441 
 1393              	.LASF9:
 1394 0071 5F5F696E 		.ascii	"__int32_t\000"
 1394      7433325F 
 1394      7400
 1395              	.LASF41:
 1396 007b 73747269 		.ascii	"stringConvs.c\000"
 1396      6E67436F 
 1396      6E76732E 
 1396      6300
 1397              	.LASF38:
 1398 0089 62797465 		.ascii	"byteToString\000"
 1398      546F5374 
 1398      72696E67 
 1398      00
 1399              	.LASF15:
 1400 0096 666C6F61 		.ascii	"float\000"
 1400      7400
 1401              	.LASF31:
 1402 009c 6E696262 		.ascii	"nibbleMask\000"
 1402      6C654D61 
 1402      736B00
 1403              	.LASF1:
 1404 00a7 756E7369 		.ascii	"unsigned char\000"
 1404      676E6564 
 1404      20636861 
 1404      7200
 1405              	.LASF5:
 1406 00b5 6C6F6E67 		.ascii	"long unsigned int\000"
 1406      20756E73 
 1406      69676E65 
ARM GAS  C:\Users\DGILLI~1\AppData\Local\Temp\cc3PgkPV.s 			page 29


 1406      6420696E 
 1406      7400
 1407              	.LASF3:
 1408 00c7 73686F72 		.ascii	"short unsigned int\000"
 1408      7420756E 
 1408      7369676E 
 1408      65642069 
 1408      6E7400
 1409              	.LASF20:
 1410 00da 76616C54 		.ascii	"valToFind\000"
 1410      6F46696E 
 1410      6400
 1411              	.LASF35:
 1412 00e4 6C6F6E67 		.ascii	"longToString\000"
 1412      546F5374 
 1412      72696E67 
 1412      00
 1413              	.LASF23:
 1414 00f1 66696E64 		.ascii	"findInString\000"
 1414      496E5374 
 1414      72696E67 
 1414      00
 1415              	.LASF43:
 1416 00fe 49544D5F 		.ascii	"ITM_RxBuffer\000"
 1416      52784275 
 1416      66666572 
 1416      00
 1417              	.LASF34:
 1418 010b 72657375 		.ascii	"resultOffset\000"
 1418      6C744F66 
 1418      66736574 
 1418      00
 1419              	.LASF33:
 1420 0118 6E696262 		.ascii	"nibbleVal\000"
 1420      6C655661 
 1420      6C00
 1421              	.LASF16:
 1422 0122 646F7562 		.ascii	"double\000"
 1422      6C6500
 1423              	.LASF36:
 1424 0129 73686F72 		.ascii	"shortToString\000"
 1424      74546F53 
 1424      7472696E 
 1424      6700
 1425              	.LASF24:
 1426 0137 63686172 		.ascii	"charToNibble\000"
 1426      546F4E69 
 1426      62626C65 
 1426      00
 1427              	.LASF12:
 1428 0144 75696E74 		.ascii	"uint16\000"
 1428      313600
 1429              	.LASF14:
 1430 014b 696E7438 		.ascii	"int8\000"
 1430      00
 1431              	.LASF13:
 1432 0150 75696E74 		.ascii	"uint32\000"
ARM GAS  C:\Users\DGILLI~1\AppData\Local\Temp\cc3PgkPV.s 			page 30


 1432      333200
 1433              	.LASF40:
 1434 0157 474E5520 		.ascii	"GNU C 4.9.3 20150303 (release) [ARM/embedded-4_9-br"
 1434      4320342E 
 1434      392E3320 
 1434      32303135 
 1434      30333033 
 1435 018a 616E6368 		.ascii	"anch revision 221220] -mcpu=cortex-m3 -mthumb -g -O"
 1435      20726576 
 1435      6973696F 
 1435      6E203232 
 1435      31323230 
 1436 01bd 67202D66 		.ascii	"g -ffunction-sections -ffat-lto-objects\000"
 1436      66756E63 
 1436      74696F6E 
 1436      2D736563 
 1436      74696F6E 
 1437              	.LASF8:
 1438 01e5 756E7369 		.ascii	"unsigned int\000"
 1438      676E6564 
 1438      20696E74 
 1438      00
 1439              	.LASF7:
 1440 01f2 6C6F6E67 		.ascii	"long long unsigned int\000"
 1440      206C6F6E 
 1440      6720756E 
 1440      7369676E 
 1440      65642069 
 1441              	.LASF39:
 1442 0209 6256616C 		.ascii	"bValue\000"
 1442      756500
 1443              	.LASF25:
 1444 0210 64696769 		.ascii	"digitChar\000"
 1444      74436861 
 1444      7200
 1445              	.LASF26:
 1446 021a 73747269 		.ascii	"stringToLong\000"
 1446      6E67546F 
 1446      4C6F6E67 
 1446      00
 1447              	.LASF0:
 1448 0227 7369676E 		.ascii	"signed char\000"
 1448      65642063 
 1448      68617200 
 1449              	.LASF30:
 1450 0233 72657375 		.ascii	"resultString\000"
 1450      6C745374 
 1450      72696E67 
 1450      00
 1451              	.LASF10:
 1452 0240 696E7433 		.ascii	"int32_t\000"
 1452      325F7400 
 1453              	.LASF18:
 1454 0248 73697A65 		.ascii	"sizetype\000"
 1454      74797065 
 1454      00
 1455              	.LASF6:
ARM GAS  C:\Users\DGILLI~1\AppData\Local\Temp\cc3PgkPV.s 			page 31


 1456 0251 6C6F6E67 		.ascii	"long long int\000"
 1456      206C6F6E 
 1456      6720696E 
 1456      7400
 1457              	.LASF17:
 1458 025f 63686172 		.ascii	"char\000"
 1458      00
 1459              	.LASF29:
 1460 0264 6C56616C 		.ascii	"lValue\000"
 1460      756500
 1461              	.LASF22:
 1462 026b 6F666673 		.ascii	"offset\000"
 1462      657400
 1463              	.LASF2:
 1464 0272 73686F72 		.ascii	"short int\000"
 1464      7420696E 
 1464      7400
 1465              	.LASF11:
 1466 027c 75696E74 		.ascii	"uint8\000"
 1466      3800
 1467              	.LASF28:
 1468 0282 74686542 		.ascii	"theBigNumber\000"
 1468      69674E75 
 1468      6D626572 
 1468      00
 1469              	.LASF4:
 1470 028f 6C6F6E67 		.ascii	"long int\000"
 1470      20696E74 
 1470      00
 1471              	.LASF21:
 1472 0298 73747269 		.ascii	"stringPointer\000"
 1472      6E67506F 
 1472      696E7465 
 1472      7200
 1473              	.LASF27:
 1474 02a6 6E756D53 		.ascii	"numString\000"
 1474      7472696E 
 1474      6700
 1475              	.LASF19:
 1476 02b0 73747269 		.ascii	"stringToParse\000"
 1476      6E67546F 
 1476      50617273 
 1476      6500
 1477              		.ident	"GCC: (GNU Tools for ARM Embedded Processors) 4.9.3 20150303 (release) [ARM/embedded-4_9-br
