ARM GAS  C:\Users\DGILLI~1\AppData\Local\Temp\cc5nN76S.s 			page 1


   1              		.syntax unified
   2              		.cpu cortex-m3
   3              		.fpu softvfp
   4              		.eabi_attribute 20, 1
   5              		.eabi_attribute 21, 1
   6              		.eabi_attribute 23, 3
   7              		.eabi_attribute 24, 1
   8              		.eabi_attribute 25, 1
   9              		.eabi_attribute 26, 1
  10              		.eabi_attribute 30, 1
  11              		.eabi_attribute 34, 1
  12              		.eabi_attribute 18, 4
  13              		.thumb
  14              		.file	"USBUART_1_descr.c"
  15              		.text
  16              	.Ltext0:
  17              		.cfi_sections	.debug_frame
  18              		.comm	USBUART_1_idSerialNumberStringDescriptor,34,4
  19              		.global	USBUART_1_TABLE
  20              		.global	USBUART_1_DEVICE0_TABLE
  21              		.global	USBUART_1_DEVICE0_CONFIGURATION0_TABLE
  22              		.global	USBUART_1_DEVICE0_CONFIGURATION0_INTERFACE_CLASS
  23              		.global	USBUART_1_DEVICE0_CONFIGURATION0_EP_SETTINGS_TABLE
  24              		.global	USBUART_1_SN_STRING_DESCRIPTOR
  25              		.global	USBUART_1_STRING_DESCRIPTORS
  26              		.global	USBUART_1_DEVICE0_CONFIGURATION0_DESCR
  27              		.global	USBUART_1_DEVICE0_DESCR
  28              		.section	.rodata
  29              		.align	2
  30              		.type	USBUART_1_TABLE, %object
  31              		.size	USBUART_1_TABLE, 8
  32              	USBUART_1_TABLE:
  33 0000 01       		.byte	1
  34 0001 000000   		.space	3
  35 0004 00000000 		.word	USBUART_1_DEVICE0_TABLE
  36              		.type	USBUART_1_DEVICE0_TABLE, %object
  37              		.size	USBUART_1_DEVICE0_TABLE, 24
  38              	USBUART_1_DEVICE0_TABLE:
  39 0008 01       		.byte	1
  40 0009 000000   		.space	3
  41 000c 00000000 		.word	USBUART_1_DEVICE0_DESCR
  42 0010 00       		.byte	0
  43 0011 000000   		.space	3
  44 0014 00000000 		.word	0
  45 0018 01       		.byte	1
  46 0019 000000   		.space	3
  47 001c 00000000 		.word	USBUART_1_DEVICE0_CONFIGURATION0_TABLE
  48              		.type	USBUART_1_DEVICE0_CONFIGURATION0_TABLE, %object
  49              		.size	USBUART_1_DEVICE0_CONFIGURATION0_TABLE, 40
  50              	USBUART_1_DEVICE0_CONFIGURATION0_TABLE:
  51 0020 01       		.byte	1
  52 0021 000000   		.space	3
  53 0024 00000000 		.word	USBUART_1_DEVICE0_CONFIGURATION0_DESCR
  54 0028 03       		.byte	3
  55 0029 000000   		.space	3
  56 002c 00000000 		.word	USBUART_1_DEVICE0_CONFIGURATION0_EP_SETTINGS_TABLE
  57 0030 00       		.byte	0
ARM GAS  C:\Users\DGILLI~1\AppData\Local\Temp\cc5nN76S.s 			page 2


  58 0031 000000   		.space	3
  59 0034 00000000 		.word	0
  60 0038 00       		.byte	0
  61 0039 000000   		.space	3
  62 003c 00000000 		.word	0
  63 0040 00       		.byte	0
  64 0041 000000   		.space	3
  65 0044 00000000 		.word	USBUART_1_DEVICE0_CONFIGURATION0_INTERFACE_CLASS
  66              		.type	USBUART_1_DEVICE0_CONFIGURATION0_INTERFACE_CLASS, %object
  67              		.size	USBUART_1_DEVICE0_CONFIGURATION0_INTERFACE_CLASS, 2
  68              	USBUART_1_DEVICE0_CONFIGURATION0_INTERFACE_CLASS:
  69 0048 02       		.byte	2
  70 0049 0A       		.byte	10
  71 004a 0000     		.space	2
  72              		.type	USBUART_1_DEVICE0_CONFIGURATION0_EP_SETTINGS_TABLE, %object
  73              		.size	USBUART_1_DEVICE0_CONFIGURATION0_EP_SETTINGS_TABLE, 24
  74              	USBUART_1_DEVICE0_CONFIGURATION0_EP_SETTINGS_TABLE:
  75 004c 00       		.byte	0
  76 004d 00       		.byte	0
  77 004e 81       		.byte	-127
  78 004f 03       		.byte	3
  79 0050 0800     		.short	8
  80 0052 02       		.byte	2
  81 0053 00       		.space	1
  82 0054 01       		.byte	1
  83 0055 00       		.byte	0
  84 0056 82       		.byte	-126
  85 0057 02       		.byte	2
  86 0058 4000     		.short	64
  87 005a 0A       		.byte	10
  88 005b 00       		.space	1
  89 005c 01       		.byte	1
  90 005d 00       		.byte	0
  91 005e 03       		.byte	3
  92 005f 02       		.byte	2
  93 0060 4000     		.short	64
  94 0062 0A       		.byte	10
  95 0063 00       		.space	1
  96              		.type	USBUART_1_SN_STRING_DESCRIPTOR, %object
  97              		.size	USBUART_1_SN_STRING_DESCRIPTOR, 2
  98              	USBUART_1_SN_STRING_DESCRIPTOR:
  99 0064 02       		.byte	2
 100 0065 03       		.byte	3
 101 0066 0000     		.space	2
 102              		.type	USBUART_1_STRING_DESCRIPTORS, %object
 103              		.size	USBUART_1_STRING_DESCRIPTORS, 159
 104              	USBUART_1_STRING_DESCRIPTORS:
 105 0068 04       		.byte	4
 106 0069 03       		.byte	3
 107 006a 09       		.byte	9
 108 006b 04       		.byte	4
 109 006c 2C       		.byte	44
 110 006d 03       		.byte	3
 111 006e 43       		.byte	67
 112 006f 00       		.byte	0
 113 0070 79       		.byte	121
 114 0071 00       		.byte	0
ARM GAS  C:\Users\DGILLI~1\AppData\Local\Temp\cc5nN76S.s 			page 3


 115 0072 70       		.byte	112
 116 0073 00       		.byte	0
 117 0074 72       		.byte	114
 118 0075 00       		.byte	0
 119 0076 65       		.byte	101
 120 0077 00       		.byte	0
 121 0078 73       		.byte	115
 122 0079 00       		.byte	0
 123 007a 73       		.byte	115
 124 007b 00       		.byte	0
 125 007c 20       		.byte	32
 126 007d 00       		.byte	0
 127 007e 53       		.byte	83
 128 007f 00       		.byte	0
 129 0080 65       		.byte	101
 130 0081 00       		.byte	0
 131 0082 6D       		.byte	109
 132 0083 00       		.byte	0
 133 0084 69       		.byte	105
 134 0085 00       		.byte	0
 135 0086 63       		.byte	99
 136 0087 00       		.byte	0
 137 0088 6F       		.byte	111
 138 0089 00       		.byte	0
 139 008a 6E       		.byte	110
 140 008b 00       		.byte	0
 141 008c 64       		.byte	100
 142 008d 00       		.byte	0
 143 008e 75       		.byte	117
 144 008f 00       		.byte	0
 145 0090 63       		.byte	99
 146 0091 00       		.byte	0
 147 0092 74       		.byte	116
 148 0093 00       		.byte	0
 149 0094 6F       		.byte	111
 150 0095 00       		.byte	0
 151 0096 72       		.byte	114
 152 0097 00       		.byte	0
 153 0098 10       		.byte	16
 154 0099 03       		.byte	3
 155 009a 55       		.byte	85
 156 009b 00       		.byte	0
 157 009c 53       		.byte	83
 158 009d 00       		.byte	0
 159 009e 42       		.byte	66
 160 009f 00       		.byte	0
 161 00a0 55       		.byte	85
 162 00a1 00       		.byte	0
 163 00a2 41       		.byte	65
 164 00a3 00       		.byte	0
 165 00a4 52       		.byte	82
 166 00a5 00       		.byte	0
 167 00a6 54       		.byte	84
 168 00a7 00       		.byte	0
 169 00a8 38       		.byte	56
 170 00a9 03       		.byte	3
 171 00aa 43       		.byte	67
ARM GAS  C:\Users\DGILLI~1\AppData\Local\Temp\cc5nN76S.s 			page 4


 172 00ab 00       		.byte	0
 173 00ac 44       		.byte	68
 174 00ad 00       		.byte	0
 175 00ae 43       		.byte	67
 176 00af 00       		.byte	0
 177 00b0 20       		.byte	32
 178 00b1 00       		.byte	0
 179 00b2 43       		.byte	67
 180 00b3 00       		.byte	0
 181 00b4 6F       		.byte	111
 182 00b5 00       		.byte	0
 183 00b6 6D       		.byte	109
 184 00b7 00       		.byte	0
 185 00b8 6D       		.byte	109
 186 00b9 00       		.byte	0
 187 00ba 75       		.byte	117
 188 00bb 00       		.byte	0
 189 00bc 6E       		.byte	110
 190 00bd 00       		.byte	0
 191 00be 69       		.byte	105
 192 00bf 00       		.byte	0
 193 00c0 63       		.byte	99
 194 00c1 00       		.byte	0
 195 00c2 61       		.byte	97
 196 00c3 00       		.byte	0
 197 00c4 74       		.byte	116
 198 00c5 00       		.byte	0
 199 00c6 69       		.byte	105
 200 00c7 00       		.byte	0
 201 00c8 6F       		.byte	111
 202 00c9 00       		.byte	0
 203 00ca 6E       		.byte	110
 204 00cb 00       		.byte	0
 205 00cc 20       		.byte	32
 206 00cd 00       		.byte	0
 207 00ce 49       		.byte	73
 208 00cf 00       		.byte	0
 209 00d0 6E       		.byte	110
 210 00d1 00       		.byte	0
 211 00d2 74       		.byte	116
 212 00d3 00       		.byte	0
 213 00d4 65       		.byte	101
 214 00d5 00       		.byte	0
 215 00d6 72       		.byte	114
 216 00d7 00       		.byte	0
 217 00d8 66       		.byte	102
 218 00d9 00       		.byte	0
 219 00da 61       		.byte	97
 220 00db 00       		.byte	0
 221 00dc 63       		.byte	99
 222 00dd 00       		.byte	0
 223 00de 65       		.byte	101
 224 00df 00       		.byte	0
 225 00e0 26       		.byte	38
 226 00e1 03       		.byte	3
 227 00e2 43       		.byte	67
 228 00e3 00       		.byte	0
ARM GAS  C:\Users\DGILLI~1\AppData\Local\Temp\cc5nN76S.s 			page 5


 229 00e4 44       		.byte	68
 230 00e5 00       		.byte	0
 231 00e6 43       		.byte	67
 232 00e7 00       		.byte	0
 233 00e8 20       		.byte	32
 234 00e9 00       		.byte	0
 235 00ea 44       		.byte	68
 236 00eb 00       		.byte	0
 237 00ec 61       		.byte	97
 238 00ed 00       		.byte	0
 239 00ee 74       		.byte	116
 240 00ef 00       		.byte	0
 241 00f0 61       		.byte	97
 242 00f1 00       		.byte	0
 243 00f2 20       		.byte	32
 244 00f3 00       		.byte	0
 245 00f4 49       		.byte	73
 246 00f5 00       		.byte	0
 247 00f6 6E       		.byte	110
 248 00f7 00       		.byte	0
 249 00f8 74       		.byte	116
 250 00f9 00       		.byte	0
 251 00fa 65       		.byte	101
 252 00fb 00       		.byte	0
 253 00fc 72       		.byte	114
 254 00fd 00       		.byte	0
 255 00fe 66       		.byte	102
 256 00ff 00       		.byte	0
 257 0100 61       		.byte	97
 258 0101 00       		.byte	0
 259 0102 63       		.byte	99
 260 0103 00       		.byte	0
 261 0104 65       		.byte	101
 262 0105 00       		.byte	0
 263 0106 00       		.byte	0
 264 0107 00       		.space	1
 265              		.type	USBUART_1_DEVICE0_CONFIGURATION0_DESCR, %object
 266              		.size	USBUART_1_DEVICE0_CONFIGURATION0_DESCR, 67
 267              	USBUART_1_DEVICE0_CONFIGURATION0_DESCR:
 268 0108 09       		.byte	9
 269 0109 02       		.byte	2
 270 010a 43       		.byte	67
 271 010b 00       		.byte	0
 272 010c 02       		.byte	2
 273 010d 01       		.byte	1
 274 010e 01       		.byte	1
 275 010f 80       		.byte	-128
 276 0110 32       		.byte	50
 277 0111 09       		.byte	9
 278 0112 04       		.byte	4
 279 0113 00       		.byte	0
 280 0114 00       		.byte	0
 281 0115 01       		.byte	1
 282 0116 02       		.byte	2
 283 0117 02       		.byte	2
 284 0118 01       		.byte	1
 285 0119 03       		.byte	3
ARM GAS  C:\Users\DGILLI~1\AppData\Local\Temp\cc5nN76S.s 			page 6


 286 011a 05       		.byte	5
 287 011b 24       		.byte	36
 288 011c 00       		.byte	0
 289 011d 10       		.byte	16
 290 011e 01       		.byte	1
 291 011f 04       		.byte	4
 292 0120 24       		.byte	36
 293 0121 02       		.byte	2
 294 0122 02       		.byte	2
 295 0123 05       		.byte	5
 296 0124 24       		.byte	36
 297 0125 06       		.byte	6
 298 0126 00       		.byte	0
 299 0127 01       		.byte	1
 300 0128 05       		.byte	5
 301 0129 24       		.byte	36
 302 012a 01       		.byte	1
 303 012b 00       		.byte	0
 304 012c 01       		.byte	1
 305 012d 07       		.byte	7
 306 012e 05       		.byte	5
 307 012f 81       		.byte	-127
 308 0130 03       		.byte	3
 309 0131 08       		.byte	8
 310 0132 00       		.byte	0
 311 0133 0A       		.byte	10
 312 0134 09       		.byte	9
 313 0135 04       		.byte	4
 314 0136 01       		.byte	1
 315 0137 00       		.byte	0
 316 0138 02       		.byte	2
 317 0139 0A       		.byte	10
 318 013a 00       		.byte	0
 319 013b 00       		.byte	0
 320 013c 04       		.byte	4
 321 013d 07       		.byte	7
 322 013e 05       		.byte	5
 323 013f 82       		.byte	-126
 324 0140 02       		.byte	2
 325 0141 40       		.byte	64
 326 0142 00       		.byte	0
 327 0143 00       		.byte	0
 328 0144 07       		.byte	7
 329 0145 05       		.byte	5
 330 0146 03       		.byte	3
 331 0147 02       		.byte	2
 332 0148 40       		.byte	64
 333 0149 00       		.byte	0
 334 014a 00       		.byte	0
 335 014b 00       		.space	1
 336              		.type	USBUART_1_DEVICE0_DESCR, %object
 337              		.size	USBUART_1_DEVICE0_DESCR, 18
 338              	USBUART_1_DEVICE0_DESCR:
 339 014c 12       		.byte	18
 340 014d 01       		.byte	1
 341 014e 00       		.byte	0
 342 014f 02       		.byte	2
ARM GAS  C:\Users\DGILLI~1\AppData\Local\Temp\cc5nN76S.s 			page 7


 343 0150 02       		.byte	2
 344 0151 00       		.byte	0
 345 0152 00       		.byte	0
 346 0153 08       		.byte	8
 347 0154 B4       		.byte	-76
 348 0155 04       		.byte	4
 349 0156 32       		.byte	50
 350 0157 F2       		.byte	-14
 351 0158 01       		.byte	1
 352 0159 00       		.byte	0
 353 015a 01       		.byte	1
 354 015b 02       		.byte	2
 355 015c 80       		.byte	-128
 356 015d 01       		.byte	1
 357 015e 0000     		.text
 358              	.Letext0:
 359              		.file 1 "Generated_Source\\PSoC5\\cytypes.h"
 360              		.file 2 "Generated_Source\\PSoC5\\USBUART_1.h"
 361              		.file 3 "Generated_Source\\PSoC5\\USBUART_1_descr.c"
 362              		.section	.debug_info,"",%progbits
 363              	.Ldebug_info0:
 364 0000 89020000 		.4byte	0x289
 365 0004 0400     		.2byte	0x4
 366 0006 00000000 		.4byte	.Ldebug_abbrev0
 367 000a 04       		.byte	0x4
 368 000b 01       		.uleb128 0x1
 369 000c C2010000 		.4byte	.LASF34
 370 0010 01       		.byte	0x1
 371 0011 59030000 		.4byte	.LASF35
 372 0015 1F000000 		.4byte	.LASF36
 373 0019 00000000 		.4byte	.Ldebug_line0
 374 001d 02       		.uleb128 0x2
 375 001e 01       		.byte	0x1
 376 001f 06       		.byte	0x6
 377 0020 4D030000 		.4byte	.LASF0
 378 0024 02       		.uleb128 0x2
 379 0025 01       		.byte	0x1
 380 0026 08       		.byte	0x8
 381 0027 49010000 		.4byte	.LASF1
 382 002b 02       		.uleb128 0x2
 383 002c 02       		.byte	0x2
 384 002d 05       		.byte	0x5
 385 002e B1010000 		.4byte	.LASF2
 386 0032 02       		.uleb128 0x2
 387 0033 02       		.byte	0x2
 388 0034 07       		.byte	0x7
 389 0035 D0000000 		.4byte	.LASF3
 390 0039 02       		.uleb128 0x2
 391 003a 04       		.byte	0x4
 392 003b 05       		.byte	0x5
 393 003c 44030000 		.4byte	.LASF4
 394 0040 02       		.uleb128 0x2
 395 0041 04       		.byte	0x4
 396 0042 07       		.byte	0x7
 397 0043 62010000 		.4byte	.LASF5
 398 0047 02       		.uleb128 0x2
 399 0048 08       		.byte	0x8
ARM GAS  C:\Users\DGILLI~1\AppData\Local\Temp\cc5nN76S.s 			page 8


 400 0049 05       		.byte	0x5
 401 004a 9C020000 		.4byte	.LASF6
 402 004e 02       		.uleb128 0x2
 403 004f 08       		.byte	0x8
 404 0050 07       		.byte	0x7
 405 0051 5D020000 		.4byte	.LASF7
 406 0055 03       		.uleb128 0x3
 407 0056 04       		.byte	0x4
 408 0057 05       		.byte	0x5
 409 0058 696E7400 		.ascii	"int\000"
 410 005c 02       		.uleb128 0x2
 411 005d 04       		.byte	0x4
 412 005e 07       		.byte	0x7
 413 005f 50020000 		.4byte	.LASF8
 414 0063 04       		.uleb128 0x4
 415 0064 01030000 		.4byte	.LASF9
 416 0068 01       		.byte	0x1
 417 0069 9201     		.2byte	0x192
 418 006b 24000000 		.4byte	0x24
 419 006f 04       		.uleb128 0x4
 420 0070 BB010000 		.4byte	.LASF10
 421 0074 01       		.byte	0x1
 422 0075 9301     		.2byte	0x193
 423 0077 32000000 		.4byte	0x32
 424 007b 02       		.uleb128 0x2
 425 007c 04       		.byte	0x4
 426 007d 04       		.byte	0x4
 427 007e 11010000 		.4byte	.LASF11
 428 0082 02       		.uleb128 0x2
 429 0083 08       		.byte	0x8
 430 0084 04       		.byte	0x4
 431 0085 AA010000 		.4byte	.LASF12
 432 0089 02       		.uleb128 0x2
 433 008a 01       		.byte	0x1
 434 008b 08       		.byte	0x8
 435 008c AA020000 		.4byte	.LASF13
 436 0090 02       		.uleb128 0x2
 437 0091 04       		.byte	0x4
 438 0092 07       		.byte	0x7
 439 0093 93020000 		.4byte	.LASF14
 440 0097 05       		.uleb128 0x5
 441 0098 08       		.byte	0x8
 442 0099 02       		.byte	0x2
 443 009a 9A       		.byte	0x9a
 444 009b E8000000 		.4byte	0xe8
 445 009f 06       		.uleb128 0x6
 446 00a0 07030000 		.4byte	.LASF15
 447 00a4 02       		.byte	0x2
 448 00a5 9C       		.byte	0x9c
 449 00a6 63000000 		.4byte	0x63
 450 00aa 00       		.byte	0
 451 00ab 06       		.uleb128 0x6
 452 00ac 3E010000 		.4byte	.LASF16
 453 00b0 02       		.byte	0x2
 454 00b1 9D       		.byte	0x9d
 455 00b2 63000000 		.4byte	0x63
 456 00b6 01       		.byte	0x1
ARM GAS  C:\Users\DGILLI~1\AppData\Local\Temp\cc5nN76S.s 			page 9


 457 00b7 06       		.uleb128 0x6
 458 00b8 74010000 		.4byte	.LASF17
 459 00bc 02       		.byte	0x2
 460 00bd 9E       		.byte	0x9e
 461 00be 63000000 		.4byte	0x63
 462 00c2 02       		.byte	0x2
 463 00c3 06       		.uleb128 0x6
 464 00c4 57010000 		.4byte	.LASF18
 465 00c8 02       		.byte	0x2
 466 00c9 9F       		.byte	0x9f
 467 00ca 63000000 		.4byte	0x63
 468 00ce 03       		.byte	0x3
 469 00cf 06       		.uleb128 0x6
 470 00d0 B5020000 		.4byte	.LASF19
 471 00d4 02       		.byte	0x2
 472 00d5 A0       		.byte	0xa0
 473 00d6 6F000000 		.4byte	0x6f
 474 00da 04       		.byte	0x4
 475 00db 06       		.uleb128 0x6
 476 00dc AF020000 		.4byte	.LASF20
 477 00e0 02       		.byte	0x2
 478 00e1 A1       		.byte	0xa1
 479 00e2 63000000 		.4byte	0x63
 480 00e6 06       		.byte	0x6
 481 00e7 00       		.byte	0
 482 00e8 07       		.uleb128 0x7
 483 00e9 F3000000 		.4byte	.LASF21
 484 00ed 02       		.byte	0x2
 485 00ee A2       		.byte	0xa2
 486 00ef 97000000 		.4byte	0x97
 487 00f3 05       		.uleb128 0x5
 488 00f4 08       		.byte	0x8
 489 00f5 02       		.byte	0x2
 490 00f6 B1       		.byte	0xb1
 491 00f7 12010000 		.4byte	0x112
 492 00fb 08       		.uleb128 0x8
 493 00fc 6300     		.ascii	"c\000"
 494 00fe 02       		.byte	0x2
 495 00ff B3       		.byte	0xb3
 496 0100 63000000 		.4byte	0x63
 497 0104 00       		.byte	0
 498 0105 06       		.uleb128 0x6
 499 0106 8C020000 		.4byte	.LASF22
 500 010a 02       		.byte	0x2
 501 010b B4       		.byte	0xb4
 502 010c 12010000 		.4byte	0x112
 503 0110 04       		.byte	0x4
 504 0111 00       		.byte	0
 505 0112 09       		.uleb128 0x9
 506 0113 04       		.byte	0x4
 507 0114 18010000 		.4byte	0x118
 508 0118 0A       		.uleb128 0xa
 509 0119 07       		.uleb128 0x7
 510 011a E3000000 		.4byte	.LASF23
 511 011e 02       		.byte	0x2
 512 011f B5       		.byte	0xb5
 513 0120 F3000000 		.4byte	0xf3
ARM GAS  C:\Users\DGILLI~1\AppData\Local\Temp\cc5nN76S.s 			page 10


 514 0124 0B       		.uleb128 0xb
 515 0125 63000000 		.4byte	0x63
 516 0129 34010000 		.4byte	0x134
 517 012d 0C       		.uleb128 0xc
 518 012e 90000000 		.4byte	0x90
 519 0132 11       		.byte	0x11
 520 0133 00       		.byte	0
 521 0134 0D       		.uleb128 0xd
 522 0135 E9020000 		.4byte	.LASF24
 523 0139 03       		.byte	0x3
 524 013a 24       		.byte	0x24
 525 013b 45010000 		.4byte	0x145
 526 013f 05       		.uleb128 0x5
 527 0140 03       		.byte	0x3
 528 0141 00000000 		.4byte	USBUART_1_DEVICE0_DESCR
 529 0145 0E       		.uleb128 0xe
 530 0146 24010000 		.4byte	0x124
 531 014a 0B       		.uleb128 0xb
 532 014b 63000000 		.4byte	0x63
 533 014f 5A010000 		.4byte	0x15a
 534 0153 0C       		.uleb128 0xc
 535 0154 90000000 		.4byte	0x90
 536 0158 42       		.byte	0x42
 537 0159 00       		.byte	0
 538 015a 0D       		.uleb128 0xd
 539 015b 17010000 		.4byte	.LASF25
 540 015f 03       		.byte	0x3
 541 0160 37       		.byte	0x37
 542 0161 6B010000 		.4byte	0x16b
 543 0165 05       		.uleb128 0x5
 544 0166 03       		.byte	0x3
 545 0167 00000000 		.4byte	USBUART_1_DEVICE0_CONFIGURATION0_DESCR
 546 016b 0E       		.uleb128 0xe
 547 016c 4A010000 		.4byte	0x14a
 548 0170 0B       		.uleb128 0xb
 549 0171 E8000000 		.4byte	0xe8
 550 0175 80010000 		.4byte	0x180
 551 0179 0C       		.uleb128 0xc
 552 017a 90000000 		.4byte	0x90
 553 017e 02       		.byte	0x2
 554 017f 00       		.byte	0
 555 0180 0D       		.uleb128 0xd
 556 0181 11030000 		.4byte	.LASF26
 557 0185 03       		.byte	0x3
 558 0186 D8       		.byte	0xd8
 559 0187 91010000 		.4byte	0x191
 560 018b 05       		.uleb128 0x5
 561 018c 03       		.byte	0x3
 562 018d 00000000 		.4byte	USBUART_1_DEVICE0_CONFIGURATION0_EP_SETTINGS_TABLE
 563 0191 0E       		.uleb128 0xe
 564 0192 70010000 		.4byte	0x170
 565 0196 0B       		.uleb128 0xb
 566 0197 63000000 		.4byte	0x63
 567 019b A6010000 		.4byte	0x1a6
 568 019f 0C       		.uleb128 0xc
 569 01a0 90000000 		.4byte	0x90
 570 01a4 01       		.byte	0x1
ARM GAS  C:\Users\DGILLI~1\AppData\Local\Temp\cc5nN76S.s 			page 11


 571 01a5 00       		.byte	0
 572 01a6 0D       		.uleb128 0xd
 573 01a7 79010000 		.4byte	.LASF27
 574 01ab 03       		.byte	0x3
 575 01ac DE       		.byte	0xde
 576 01ad B7010000 		.4byte	0x1b7
 577 01b1 05       		.uleb128 0x5
 578 01b2 03       		.byte	0x3
 579 01b3 00000000 		.4byte	USBUART_1_DEVICE0_CONFIGURATION0_INTERFACE_CLASS
 580 01b7 0E       		.uleb128 0xe
 581 01b8 96010000 		.4byte	0x196
 582 01bc 0B       		.uleb128 0xb
 583 01bd 19010000 		.4byte	0x119
 584 01c1 CC010000 		.4byte	0x1cc
 585 01c5 0C       		.uleb128 0xc
 586 01c6 90000000 		.4byte	0x90
 587 01ca 04       		.byte	0x4
 588 01cb 00       		.byte	0
 589 01cc 0D       		.uleb128 0xd
 590 01cd A9000000 		.4byte	.LASF28
 591 01d1 03       		.byte	0x3
 592 01d2 E6       		.byte	0xe6
 593 01d3 DD010000 		.4byte	0x1dd
 594 01d7 05       		.uleb128 0x5
 595 01d8 03       		.byte	0x3
 596 01d9 00000000 		.4byte	USBUART_1_DEVICE0_CONFIGURATION0_TABLE
 597 01dd 0E       		.uleb128 0xe
 598 01de BC010000 		.4byte	0x1bc
 599 01e2 0B       		.uleb128 0xb
 600 01e3 19010000 		.4byte	0x119
 601 01e7 F2010000 		.4byte	0x1f2
 602 01eb 0C       		.uleb128 0xc
 603 01ec 90000000 		.4byte	0x90
 604 01f0 02       		.byte	0x2
 605 01f1 00       		.byte	0
 606 01f2 0D       		.uleb128 0xd
 607 01f3 74020000 		.4byte	.LASF29
 608 01f7 03       		.byte	0x3
 609 01f8 F1       		.byte	0xf1
 610 01f9 03020000 		.4byte	0x203
 611 01fd 05       		.uleb128 0x5
 612 01fe 03       		.byte	0x3
 613 01ff 00000000 		.4byte	USBUART_1_DEVICE0_TABLE
 614 0203 0E       		.uleb128 0xe
 615 0204 E2010000 		.4byte	0x1e2
 616 0208 0B       		.uleb128 0xb
 617 0209 19010000 		.4byte	0x119
 618 020d 18020000 		.4byte	0x218
 619 0211 0C       		.uleb128 0xc
 620 0212 90000000 		.4byte	0x90
 621 0216 00       		.byte	0
 622 0217 00       		.byte	0
 623 0218 0D       		.uleb128 0xd
 624 0219 99000000 		.4byte	.LASF30
 625 021d 03       		.byte	0x3
 626 021e F9       		.byte	0xf9
 627 021f 29020000 		.4byte	0x229
ARM GAS  C:\Users\DGILLI~1\AppData\Local\Temp\cc5nN76S.s 			page 12


 628 0223 05       		.uleb128 0x5
 629 0224 03       		.byte	0x3
 630 0225 00000000 		.4byte	USBUART_1_TABLE
 631 0229 0E       		.uleb128 0xe
 632 022a 08020000 		.4byte	0x208
 633 022e 0D       		.uleb128 0xd
 634 022f 00000000 		.4byte	.LASF31
 635 0233 03       		.byte	0x3
 636 0234 C9       		.byte	0xc9
 637 0235 3F020000 		.4byte	0x23f
 638 0239 05       		.uleb128 0x5
 639 023a 03       		.byte	0x3
 640 023b 00000000 		.4byte	USBUART_1_SN_STRING_DESCRIPTOR
 641 023f 0E       		.uleb128 0xe
 642 0240 96010000 		.4byte	0x196
 643 0244 0B       		.uleb128 0xb
 644 0245 63000000 		.4byte	0x63
 645 0249 54020000 		.4byte	0x254
 646 024d 0C       		.uleb128 0xc
 647 024e 90000000 		.4byte	0x90
 648 0252 9E       		.byte	0x9e
 649 0253 00       		.byte	0
 650 0254 0D       		.uleb128 0xd
 651 0255 7C000000 		.4byte	.LASF32
 652 0259 03       		.byte	0x3
 653 025a 96       		.byte	0x96
 654 025b 65020000 		.4byte	0x265
 655 025f 05       		.uleb128 0x5
 656 0260 03       		.byte	0x3
 657 0261 00000000 		.4byte	USBUART_1_STRING_DESCRIPTORS
 658 0265 0E       		.uleb128 0xe
 659 0266 44020000 		.4byte	0x244
 660 026a 0B       		.uleb128 0xb
 661 026b 63000000 		.4byte	0x63
 662 026f 7A020000 		.4byte	0x27a
 663 0273 0C       		.uleb128 0xc
 664 0274 90000000 		.4byte	0x90
 665 0278 21       		.byte	0x21
 666 0279 00       		.byte	0
 667 027a 0F       		.uleb128 0xf
 668 027b C0020000 		.4byte	.LASF33
 669 027f 03       		.byte	0x3
 670 0280 2701     		.2byte	0x127
 671 0282 6A020000 		.4byte	0x26a
 672 0286 05       		.uleb128 0x5
 673 0287 03       		.byte	0x3
 674 0288 00000000 		.4byte	USBUART_1_idSerialNumberStringDescriptor
 675 028c 00       		.byte	0
 676              		.section	.debug_abbrev,"",%progbits
 677              	.Ldebug_abbrev0:
 678 0000 01       		.uleb128 0x1
 679 0001 11       		.uleb128 0x11
 680 0002 01       		.byte	0x1
 681 0003 25       		.uleb128 0x25
 682 0004 0E       		.uleb128 0xe
 683 0005 13       		.uleb128 0x13
 684 0006 0B       		.uleb128 0xb
ARM GAS  C:\Users\DGILLI~1\AppData\Local\Temp\cc5nN76S.s 			page 13


 685 0007 03       		.uleb128 0x3
 686 0008 0E       		.uleb128 0xe
 687 0009 1B       		.uleb128 0x1b
 688 000a 0E       		.uleb128 0xe
 689 000b 10       		.uleb128 0x10
 690 000c 17       		.uleb128 0x17
 691 000d 00       		.byte	0
 692 000e 00       		.byte	0
 693 000f 02       		.uleb128 0x2
 694 0010 24       		.uleb128 0x24
 695 0011 00       		.byte	0
 696 0012 0B       		.uleb128 0xb
 697 0013 0B       		.uleb128 0xb
 698 0014 3E       		.uleb128 0x3e
 699 0015 0B       		.uleb128 0xb
 700 0016 03       		.uleb128 0x3
 701 0017 0E       		.uleb128 0xe
 702 0018 00       		.byte	0
 703 0019 00       		.byte	0
 704 001a 03       		.uleb128 0x3
 705 001b 24       		.uleb128 0x24
 706 001c 00       		.byte	0
 707 001d 0B       		.uleb128 0xb
 708 001e 0B       		.uleb128 0xb
 709 001f 3E       		.uleb128 0x3e
 710 0020 0B       		.uleb128 0xb
 711 0021 03       		.uleb128 0x3
 712 0022 08       		.uleb128 0x8
 713 0023 00       		.byte	0
 714 0024 00       		.byte	0
 715 0025 04       		.uleb128 0x4
 716 0026 16       		.uleb128 0x16
 717 0027 00       		.byte	0
 718 0028 03       		.uleb128 0x3
 719 0029 0E       		.uleb128 0xe
 720 002a 3A       		.uleb128 0x3a
 721 002b 0B       		.uleb128 0xb
 722 002c 3B       		.uleb128 0x3b
 723 002d 05       		.uleb128 0x5
 724 002e 49       		.uleb128 0x49
 725 002f 13       		.uleb128 0x13
 726 0030 00       		.byte	0
 727 0031 00       		.byte	0
 728 0032 05       		.uleb128 0x5
 729 0033 13       		.uleb128 0x13
 730 0034 01       		.byte	0x1
 731 0035 0B       		.uleb128 0xb
 732 0036 0B       		.uleb128 0xb
 733 0037 3A       		.uleb128 0x3a
 734 0038 0B       		.uleb128 0xb
 735 0039 3B       		.uleb128 0x3b
 736 003a 0B       		.uleb128 0xb
 737 003b 01       		.uleb128 0x1
 738 003c 13       		.uleb128 0x13
 739 003d 00       		.byte	0
 740 003e 00       		.byte	0
 741 003f 06       		.uleb128 0x6
ARM GAS  C:\Users\DGILLI~1\AppData\Local\Temp\cc5nN76S.s 			page 14


 742 0040 0D       		.uleb128 0xd
 743 0041 00       		.byte	0
 744 0042 03       		.uleb128 0x3
 745 0043 0E       		.uleb128 0xe
 746 0044 3A       		.uleb128 0x3a
 747 0045 0B       		.uleb128 0xb
 748 0046 3B       		.uleb128 0x3b
 749 0047 0B       		.uleb128 0xb
 750 0048 49       		.uleb128 0x49
 751 0049 13       		.uleb128 0x13
 752 004a 38       		.uleb128 0x38
 753 004b 0B       		.uleb128 0xb
 754 004c 00       		.byte	0
 755 004d 00       		.byte	0
 756 004e 07       		.uleb128 0x7
 757 004f 16       		.uleb128 0x16
 758 0050 00       		.byte	0
 759 0051 03       		.uleb128 0x3
 760 0052 0E       		.uleb128 0xe
 761 0053 3A       		.uleb128 0x3a
 762 0054 0B       		.uleb128 0xb
 763 0055 3B       		.uleb128 0x3b
 764 0056 0B       		.uleb128 0xb
 765 0057 49       		.uleb128 0x49
 766 0058 13       		.uleb128 0x13
 767 0059 00       		.byte	0
 768 005a 00       		.byte	0
 769 005b 08       		.uleb128 0x8
 770 005c 0D       		.uleb128 0xd
 771 005d 00       		.byte	0
 772 005e 03       		.uleb128 0x3
 773 005f 08       		.uleb128 0x8
 774 0060 3A       		.uleb128 0x3a
 775 0061 0B       		.uleb128 0xb
 776 0062 3B       		.uleb128 0x3b
 777 0063 0B       		.uleb128 0xb
 778 0064 49       		.uleb128 0x49
 779 0065 13       		.uleb128 0x13
 780 0066 38       		.uleb128 0x38
 781 0067 0B       		.uleb128 0xb
 782 0068 00       		.byte	0
 783 0069 00       		.byte	0
 784 006a 09       		.uleb128 0x9
 785 006b 0F       		.uleb128 0xf
 786 006c 00       		.byte	0
 787 006d 0B       		.uleb128 0xb
 788 006e 0B       		.uleb128 0xb
 789 006f 49       		.uleb128 0x49
 790 0070 13       		.uleb128 0x13
 791 0071 00       		.byte	0
 792 0072 00       		.byte	0
 793 0073 0A       		.uleb128 0xa
 794 0074 26       		.uleb128 0x26
 795 0075 00       		.byte	0
 796 0076 00       		.byte	0
 797 0077 00       		.byte	0
 798 0078 0B       		.uleb128 0xb
ARM GAS  C:\Users\DGILLI~1\AppData\Local\Temp\cc5nN76S.s 			page 15


 799 0079 01       		.uleb128 0x1
 800 007a 01       		.byte	0x1
 801 007b 49       		.uleb128 0x49
 802 007c 13       		.uleb128 0x13
 803 007d 01       		.uleb128 0x1
 804 007e 13       		.uleb128 0x13
 805 007f 00       		.byte	0
 806 0080 00       		.byte	0
 807 0081 0C       		.uleb128 0xc
 808 0082 21       		.uleb128 0x21
 809 0083 00       		.byte	0
 810 0084 49       		.uleb128 0x49
 811 0085 13       		.uleb128 0x13
 812 0086 2F       		.uleb128 0x2f
 813 0087 0B       		.uleb128 0xb
 814 0088 00       		.byte	0
 815 0089 00       		.byte	0
 816 008a 0D       		.uleb128 0xd
 817 008b 34       		.uleb128 0x34
 818 008c 00       		.byte	0
 819 008d 03       		.uleb128 0x3
 820 008e 0E       		.uleb128 0xe
 821 008f 3A       		.uleb128 0x3a
 822 0090 0B       		.uleb128 0xb
 823 0091 3B       		.uleb128 0x3b
 824 0092 0B       		.uleb128 0xb
 825 0093 49       		.uleb128 0x49
 826 0094 13       		.uleb128 0x13
 827 0095 3F       		.uleb128 0x3f
 828 0096 19       		.uleb128 0x19
 829 0097 02       		.uleb128 0x2
 830 0098 18       		.uleb128 0x18
 831 0099 00       		.byte	0
 832 009a 00       		.byte	0
 833 009b 0E       		.uleb128 0xe
 834 009c 26       		.uleb128 0x26
 835 009d 00       		.byte	0
 836 009e 49       		.uleb128 0x49
 837 009f 13       		.uleb128 0x13
 838 00a0 00       		.byte	0
 839 00a1 00       		.byte	0
 840 00a2 0F       		.uleb128 0xf
 841 00a3 34       		.uleb128 0x34
 842 00a4 00       		.byte	0
 843 00a5 03       		.uleb128 0x3
 844 00a6 0E       		.uleb128 0xe
 845 00a7 3A       		.uleb128 0x3a
 846 00a8 0B       		.uleb128 0xb
 847 00a9 3B       		.uleb128 0x3b
 848 00aa 05       		.uleb128 0x5
 849 00ab 49       		.uleb128 0x49
 850 00ac 13       		.uleb128 0x13
 851 00ad 3F       		.uleb128 0x3f
 852 00ae 19       		.uleb128 0x19
 853 00af 02       		.uleb128 0x2
 854 00b0 18       		.uleb128 0x18
 855 00b1 00       		.byte	0
ARM GAS  C:\Users\DGILLI~1\AppData\Local\Temp\cc5nN76S.s 			page 16


 856 00b2 00       		.byte	0
 857 00b3 00       		.byte	0
 858              		.section	.debug_aranges,"",%progbits
 859 0000 14000000 		.4byte	0x14
 860 0004 0200     		.2byte	0x2
 861 0006 00000000 		.4byte	.Ldebug_info0
 862 000a 04       		.byte	0x4
 863 000b 00       		.byte	0
 864 000c 0000     		.2byte	0
 865 000e 0000     		.2byte	0
 866 0010 00000000 		.4byte	0
 867 0014 00000000 		.4byte	0
 868              		.section	.debug_line,"",%progbits
 869              	.Ldebug_line0:
 870 0000 61000000 		.section	.debug_str,"MS",%progbits,1
 870      02005B00 
 870      00000201 
 870      FB0E0D00 
 870      01010101 
 871              	.LASF31:
 872 0000 55534255 		.ascii	"USBUART_1_SN_STRING_DESCRIPTOR\000"
 872      4152545F 
 872      315F534E 
 872      5F535452 
 872      494E475F 
 873              	.LASF36:
 874 001f 433A5C55 		.ascii	"C:\\Users\\DGilliland\\Documents\\GitHub\\ODAS\\ODA"
 874      73657273 
 874      5C444769 
 874      6C6C696C 
 874      616E645C 
 875 004c 532D5053 		.ascii	"S-PSOC5\\Projects\\ODAS-PSOC5-USB_Serial-01.cydsn\000"
 875      4F43355C 
 875      50726F6A 
 875      65637473 
 875      5C4F4441 
 876              	.LASF32:
 877 007c 55534255 		.ascii	"USBUART_1_STRING_DESCRIPTORS\000"
 877      4152545F 
 877      315F5354 
 877      52494E47 
 877      5F444553 
 878              	.LASF30:
 879 0099 55534255 		.ascii	"USBUART_1_TABLE\000"
 879      4152545F 
 879      315F5441 
 879      424C4500 
 880              	.LASF28:
 881 00a9 55534255 		.ascii	"USBUART_1_DEVICE0_CONFIGURATION0_TABLE\000"
 881      4152545F 
 881      315F4445 
 881      56494345 
 881      305F434F 
 882              	.LASF3:
 883 00d0 73686F72 		.ascii	"short unsigned int\000"
 883      7420756E 
 883      7369676E 
ARM GAS  C:\Users\DGILLI~1\AppData\Local\Temp\cc5nN76S.s 			page 17


 883      65642069 
 883      6E7400
 884              	.LASF23:
 885 00e3 545F5553 		.ascii	"T_USBUART_1_LUT\000"
 885      42554152 
 885      545F315F 
 885      4C555400 
 886              	.LASF21:
 887 00f3 545F5553 		.ascii	"T_USBUART_1_EP_SETTINGS_BLOCK\000"
 887      42554152 
 887      545F315F 
 887      45505F53 
 887      45545449 
 888              	.LASF11:
 889 0111 666C6F61 		.ascii	"float\000"
 889      7400
 890              	.LASF25:
 891 0117 55534255 		.ascii	"USBUART_1_DEVICE0_CONFIGURATION0_DESCR\000"
 891      4152545F 
 891      315F4445 
 891      56494345 
 891      305F434F 
 892              	.LASF16:
 893 013e 616C7453 		.ascii	"altSetting\000"
 893      65747469 
 893      6E6700
 894              	.LASF1:
 895 0149 756E7369 		.ascii	"unsigned char\000"
 895      676E6564 
 895      20636861 
 895      7200
 896              	.LASF18:
 897 0157 61747472 		.ascii	"attributes\000"
 897      69627574 
 897      657300
 898              	.LASF5:
 899 0162 6C6F6E67 		.ascii	"long unsigned int\000"
 899      20756E73 
 899      69676E65 
 899      6420696E 
 899      7400
 900              	.LASF17:
 901 0174 61646472 		.ascii	"addr\000"
 901      00
 902              	.LASF27:
 903 0179 55534255 		.ascii	"USBUART_1_DEVICE0_CONFIGURATION0_INTERFACE_CLASS\000"
 903      4152545F 
 903      315F4445 
 903      56494345 
 903      305F434F 
 904              	.LASF12:
 905 01aa 646F7562 		.ascii	"double\000"
 905      6C6500
 906              	.LASF2:
 907 01b1 73686F72 		.ascii	"short int\000"
 907      7420696E 
 907      7400
ARM GAS  C:\Users\DGILLI~1\AppData\Local\Temp\cc5nN76S.s 			page 18


 908              	.LASF10:
 909 01bb 75696E74 		.ascii	"uint16\000"
 909      313600
 910              	.LASF34:
 911 01c2 474E5520 		.ascii	"GNU C 4.9.3 20150303 (release) [ARM/embedded-4_9-br"
 911      4320342E 
 911      392E3320 
 911      32303135 
 911      30333033 
 912 01f5 616E6368 		.ascii	"anch revision 221220] -mcpu=cortex-m3 -mthumb -g -O"
 912      20726576 
 912      6973696F 
 912      6E203232 
 912      31323230 
 913 0228 67202D66 		.ascii	"g -ffunction-sections -ffat-lto-objects\000"
 913      66756E63 
 913      74696F6E 
 913      2D736563 
 913      74696F6E 
 914              	.LASF8:
 915 0250 756E7369 		.ascii	"unsigned int\000"
 915      676E6564 
 915      20696E74 
 915      00
 916              	.LASF7:
 917 025d 6C6F6E67 		.ascii	"long long unsigned int\000"
 917      206C6F6E 
 917      6720756E 
 917      7369676E 
 917      65642069 
 918              	.LASF29:
 919 0274 55534255 		.ascii	"USBUART_1_DEVICE0_TABLE\000"
 919      4152545F 
 919      315F4445 
 919      56494345 
 919      305F5441 
 920              	.LASF22:
 921 028c 705F6C69 		.ascii	"p_list\000"
 921      737400
 922              	.LASF14:
 923 0293 73697A65 		.ascii	"sizetype\000"
 923      74797065 
 923      00
 924              	.LASF6:
 925 029c 6C6F6E67 		.ascii	"long long int\000"
 925      206C6F6E 
 925      6720696E 
 925      7400
 926              	.LASF13:
 927 02aa 63686172 		.ascii	"char\000"
 927      00
 928              	.LASF20:
 929 02af 624D6973 		.ascii	"bMisc\000"
 929      6300
 930              	.LASF19:
 931 02b5 62756666 		.ascii	"bufferSize\000"
 931      65725369 
ARM GAS  C:\Users\DGILLI~1\AppData\Local\Temp\cc5nN76S.s 			page 19


 931      7A6500
 932              	.LASF33:
 933 02c0 55534255 		.ascii	"USBUART_1_idSerialNumberStringDescriptor\000"
 933      4152545F 
 933      315F6964 
 933      53657269 
 933      616C4E75 
 934              	.LASF24:
 935 02e9 55534255 		.ascii	"USBUART_1_DEVICE0_DESCR\000"
 935      4152545F 
 935      315F4445 
 935      56494345 
 935      305F4445 
 936              	.LASF9:
 937 0301 75696E74 		.ascii	"uint8\000"
 937      3800
 938              	.LASF15:
 939 0307 696E7465 		.ascii	"interface\000"
 939      72666163 
 939      6500
 940              	.LASF26:
 941 0311 55534255 		.ascii	"USBUART_1_DEVICE0_CONFIGURATION0_EP_SETTINGS_TABLE\000"
 941      4152545F 
 941      315F4445 
 941      56494345 
 941      305F434F 
 942              	.LASF4:
 943 0344 6C6F6E67 		.ascii	"long int\000"
 943      20696E74 
 943      00
 944              	.LASF0:
 945 034d 7369676E 		.ascii	"signed char\000"
 945      65642063 
 945      68617200 
 946              	.LASF35:
 947 0359 47656E65 		.ascii	"Generated_Source\\PSoC5\\USBUART_1_descr.c\000"
 947      72617465 
 947      645F536F 
 947      75726365 
 947      5C50536F 
 948              		.ident	"GCC: (GNU Tools for ARM Embedded Processors) 4.9.3 20150303 (release) [ARM/embedded-4_9-br
