ARM GAS  C:\Users\DGILLI~1\AppData\Local\Temp\cc3Tj8zw.s 			page 1


   1              		.syntax unified
   2              		.cpu cortex-m3
   3              		.fpu softvfp
   4              		.eabi_attribute 20, 1
   5              		.eabi_attribute 21, 1
   6              		.eabi_attribute 23, 3
   7              		.eabi_attribute 24, 1
   8              		.eabi_attribute 25, 1
   9              		.eabi_attribute 26, 1
  10              		.eabi_attribute 30, 1
  11              		.eabi_attribute 34, 1
  12              		.eabi_attribute 18, 4
  13              		.thumb
  14              		.syntax unified
  15              		.file	"GS_9_MON_BASIC_ROM.c"
  16              		.text
  17              	.Ltext0:
  18              		.cfi_sections	.debug_frame
  19              	.Letext0:
  20              		.section	.debug_line,"",%progbits
  21              	.Ldebug_line0:
  22              		.section	.debug_str,"MS",%progbits,1
  23              	.LASF0:
  24 0000 47535F39 		.ascii	"GS_9_MON_BASIC_ROM.c\000"
  24      5F4D4F4E 
  24      5F424153 
  24      49435F52 
  24      4F4D2E63 
  25              	.LASF1:
  26 0015 474E5520 		.ascii	"GNU C11 5.4.1 20160609 (release) [ARM/embedded-5-br"
  26      43313120 
  26      352E342E 
  26      31203230 
  26      31363036 
  27 0048 616E6368 		.ascii	"anch revision 237715] -mcpu=cortex-m3 -mthumb -g -O"
  27      20726576 
  27      6973696F 
  27      6E203233 
  27      37373135 
  28 007b 67202D66 		.ascii	"g -ffunction-sections -ffat-lto-objects\000"
  28      66756E63 
  28      74696F6E 
  28      2D736563 
  28      74696F6E 
  29              	.LASF2:
  30 00a3 433A5C55 		.ascii	"C:\\Users\\dgilliland\\Documents\\GitHub\\Retro-Com"
  30      73657273 
  30      5C646769 
  30      6C6C696C 
  30      616E645C 
  31 00d1 70757465 		.ascii	"puters\\Z80\\PSOC\\PSOC_Design_Files\\Z80-PSoC-3-Ch"
  31      72735C5A 
  31      38305C50 
  31      534F435C 
  31      50534F43 
  32 0100 6970735F 		.ascii	"ips_002\\Z80_3Pin.cydsn\000"
  32      3030325C 
ARM GAS  C:\Users\DGILLI~1\AppData\Local\Temp\cc3Tj8zw.s 			page 2


  32      5A38305F 
  32      3350696E 
  32      2E637964 
  33              		.ident	"GCC: (GNU Tools for ARM Embedded Processors) 5.4.1 20160609 (release) [ARM/embedded-5-bran
