ARM GAS  C:\Users\HPz420\AppData\Local\Temp\ccqNwcDe.s 			page 1


   1              		.syntax unified
   2              		.cpu cortex-m3
   3              		.fpu softvfp
   4              		.eabi_attribute 20, 1
   5              		.eabi_attribute 21, 1
   6              		.eabi_attribute 23, 3
   7              		.eabi_attribute 24, 1
   8              		.eabi_attribute 25, 1
   9              		.eabi_attribute 26, 1
  10              		.eabi_attribute 30, 1
  11              		.eabi_attribute 34, 1
  12              		.eabi_attribute 18, 4
  13              		.thumb
  14              		.syntax unified
  15              		.file	"LoadSRAM.c"
  16              		.text
  17              	.Ltext0:
  18              		.cfi_sections	.debug_frame
  19              		.section	.text.loadSRAM,"ax",%progbits
  20              		.align	2
  21              		.global	loadSRAM
  22              		.thumb
  23              		.thumb_func
  24              		.type	loadSRAM, %function
  25              	loadSRAM:
  26              	.LFB63:
  27              		.file 1 "LoadSRAM.c"
   1:LoadSRAM.c    **** /* ========================================
   2:LoadSRAM.c    ****  *
   3:LoadSRAM.c    ****  * Copyright LAND BOARDS, LLC, 2019
   4:LoadSRAM.c    ****  * All Rights Reserved
   5:LoadSRAM.c    ****  * UNPUBLISHED, LICENSED SOFTWARE.
   6:LoadSRAM.c    ****  *
   7:LoadSRAM.c    ****  * CONFIDENTIAL AND PROPRIETARY INFORMATION
   8:LoadSRAM.c    ****  * WHICH IS THE PROPERTY OF Land Boards, LLC.
   9:LoadSRAM.c    ****  *
  10:LoadSRAM.c    ****  * ========================================
  11:LoadSRAM.c    **** */
  12:LoadSRAM.c    **** /* http://srecord.sourceforge.net/ */
  13:LoadSRAM.c    **** 
  14:LoadSRAM.c    **** #include "project.h"
  15:LoadSRAM.c    **** #include "ExtSRAM.h"
  16:LoadSRAM.c    **** 
  17:LoadSRAM.c    **** #define MONITOR_TERMINATION 0x00000000
  18:LoadSRAM.c    **** #define MONITOR_START       0x00000000
  19:LoadSRAM.c    **** #define MONITOR_FINISH      0x00004000
  20:LoadSRAM.c    **** #define MONITOR_LENGTH      0x00004000
  21:LoadSRAM.c    **** 
  22:LoadSRAM.c    **** extern unsigned char monitor_eprom[];
  23:LoadSRAM.c    **** 
  24:LoadSRAM.c    **** void loadSRAM(void)
  25:LoadSRAM.c    **** {
  28              		.loc 1 25 0
  29              		.cfi_startproc
  30              		@ args = 0, pretend = 0, frame = 8
  31              		@ frame_needed = 0, uses_anonymous_args = 0
  32 0000 30B5     		push	{r4, r5, lr}
ARM GAS  C:\Users\HPz420\AppData\Local\Temp\ccqNwcDe.s 			page 2


  33              		.cfi_def_cfa_offset 12
  34              		.cfi_offset 4, -12
  35              		.cfi_offset 5, -8
  36              		.cfi_offset 14, -4
  37 0002 83B0     		sub	sp, sp, #12
  38              		.cfi_def_cfa_offset 24
  39              	.LVL0:
  26:LoadSRAM.c    ****     uint32 charCount;
  27:LoadSRAM.c    ****     uint32 SRAMAddr = MONITOR_START;
  40              		.loc 1 27 0
  41 0004 0025     		movs	r5, #0
  28:LoadSRAM.c    ****     volatile uint8 dataVal;
  29:LoadSRAM.c    ****     for (charCount = 0; charCount < MONITOR_LENGTH; charCount++)
  42              		.loc 1 29 0
  43 0006 2C46     		mov	r4, r5
  44 0008 0AE0     		b	.L2
  45              	.LVL1:
  46              	.L3:
  30:LoadSRAM.c    ****     {
  31:LoadSRAM.c    ****         dataVal = monitor_eprom[charCount];
  47              		.loc 1 31 0 discriminator 3
  48 000a 084B     		ldr	r3, .L5
  49 000c 1B5D     		ldrb	r3, [r3, r4]	@ zero_extendqisi2
  50 000e 8DF80730 		strb	r3, [sp, #7]
  32:LoadSRAM.c    ****         WriteExtSRAM(SRAMAddr,dataVal);
  51              		.loc 1 32 0 discriminator 3
  52 0012 9DF80710 		ldrb	r1, [sp, #7]	@ zero_extendqisi2
  53 0016 2846     		mov	r0, r5
  54 0018 FFF7FEFF 		bl	WriteExtSRAM
  55              	.LVL2:
  33:LoadSRAM.c    ****         SRAMAddr++;
  56              		.loc 1 33 0 discriminator 3
  57 001c 0135     		adds	r5, r5, #1
  58              	.LVL3:
  29:LoadSRAM.c    ****     {
  59              		.loc 1 29 0 discriminator 3
  60 001e 0134     		adds	r4, r4, #1
  61              	.LVL4:
  62              	.L2:
  29:LoadSRAM.c    ****     {
  63              		.loc 1 29 0 is_stmt 0 discriminator 1
  64 0020 B4F5804F 		cmp	r4, #16384
  65 0024 F1D3     		bcc	.L3
  34:LoadSRAM.c    ****     }
  35:LoadSRAM.c    **** }
  66              		.loc 1 35 0 is_stmt 1
  67 0026 03B0     		add	sp, sp, #12
  68              		.cfi_def_cfa_offset 12
  69              		@ sp needed
  70 0028 30BD     		pop	{r4, r5, pc}
  71              	.LVL5:
  72              	.L6:
  73 002a 00BF     		.align	2
  74              	.L5:
  75 002c 00000000 		.word	monitor_eprom
  76              		.cfi_endproc
  77              	.LFE63:
ARM GAS  C:\Users\HPz420\AppData\Local\Temp\ccqNwcDe.s 			page 3


  78              		.size	loadSRAM, .-loadSRAM
  79              		.text
  80              	.Letext0:
  81              		.file 2 "c:\\program files (x86)\\cypress\\psoc creator\\4.2\\psoc creator\\import\\gnu\\arm\\5.4.
  82              		.file 3 "c:\\program files (x86)\\cypress\\psoc creator\\4.2\\psoc creator\\import\\gnu\\arm\\5.4.
  83              		.file 4 "Generated_Source\\PSoC5/cytypes.h"
  84              		.file 5 "Generated_Source\\PSoC5/core_cm3.h"
  85              		.file 6 "ExtSRAM.h"
  86              		.section	.debug_info,"",%progbits
  87              	.Ldebug_info0:
  88 0000 42010000 		.4byte	0x142
  89 0004 0400     		.2byte	0x4
  90 0006 00000000 		.4byte	.Ldebug_abbrev0
  91 000a 04       		.byte	0x4
  92 000b 01       		.uleb128 0x1
  93 000c 3D000000 		.4byte	.LASF23
  94 0010 0C       		.byte	0xc
  95 0011 16010000 		.4byte	.LASF24
  96 0015 7F010000 		.4byte	.LASF25
  97 0019 00000000 		.4byte	.Ldebug_ranges0+0
  98 001d 00000000 		.4byte	0
  99 0021 00000000 		.4byte	.Ldebug_line0
 100 0025 02       		.uleb128 0x2
 101 0026 01       		.byte	0x1
 102 0027 06       		.byte	0x6
 103 0028 67010000 		.4byte	.LASF0
 104 002c 02       		.uleb128 0x2
 105 002d 01       		.byte	0x1
 106 002e 08       		.byte	0x8
 107 002f 22000000 		.4byte	.LASF1
 108 0033 02       		.uleb128 0x2
 109 0034 02       		.byte	0x2
 110 0035 05       		.byte	0x5
 111 0036 FF010000 		.4byte	.LASF2
 112 003a 02       		.uleb128 0x2
 113 003b 02       		.byte	0x2
 114 003c 07       		.byte	0x7
 115 003d 03010000 		.4byte	.LASF3
 116 0041 03       		.uleb128 0x3
 117 0042 EF010000 		.4byte	.LASF9
 118 0046 02       		.byte	0x2
 119 0047 3F       		.byte	0x3f
 120 0048 4C000000 		.4byte	0x4c
 121 004c 02       		.uleb128 0x2
 122 004d 04       		.byte	0x4
 123 004e 05       		.byte	0x5
 124 004f 37010000 		.4byte	.LASF4
 125 0053 02       		.uleb128 0x2
 126 0054 04       		.byte	0x4
 127 0055 07       		.byte	0x7
 128 0056 D1000000 		.4byte	.LASF5
 129 005a 02       		.uleb128 0x2
 130 005b 08       		.byte	0x8
 131 005c 05       		.byte	0x5
 132 005d 00000000 		.4byte	.LASF6
 133 0061 02       		.uleb128 0x2
 134 0062 08       		.byte	0x8
ARM GAS  C:\Users\HPz420\AppData\Local\Temp\ccqNwcDe.s 			page 4


 135 0063 07       		.byte	0x7
 136 0064 E3000000 		.4byte	.LASF7
 137 0068 04       		.uleb128 0x4
 138 0069 04       		.byte	0x4
 139 006a 05       		.byte	0x5
 140 006b 696E7400 		.ascii	"int\000"
 141 006f 02       		.uleb128 0x2
 142 0070 04       		.byte	0x4
 143 0071 07       		.byte	0x7
 144 0072 15000000 		.4byte	.LASF8
 145 0076 03       		.uleb128 0x3
 146 0077 09020000 		.4byte	.LASF10
 147 007b 03       		.byte	0x3
 148 007c 2C       		.byte	0x2c
 149 007d 41000000 		.4byte	0x41
 150 0081 05       		.uleb128 0x5
 151 0082 CB000000 		.4byte	.LASF11
 152 0086 04       		.byte	0x4
 153 0087 E401     		.2byte	0x1e4
 154 0089 2C000000 		.4byte	0x2c
 155 008d 05       		.uleb128 0x5
 156 008e 0E000000 		.4byte	.LASF12
 157 0092 04       		.byte	0x4
 158 0093 E601     		.2byte	0x1e6
 159 0095 53000000 		.4byte	0x53
 160 0099 02       		.uleb128 0x2
 161 009a 04       		.byte	0x4
 162 009b 04       		.byte	0x4
 163 009c F9010000 		.4byte	.LASF13
 164 00a0 02       		.uleb128 0x2
 165 00a1 08       		.byte	0x8
 166 00a2 04       		.byte	0x4
 167 00a3 4A010000 		.4byte	.LASF14
 168 00a7 02       		.uleb128 0x2
 169 00a8 01       		.byte	0x1
 170 00a9 08       		.byte	0x8
 171 00aa 2A010000 		.4byte	.LASF15
 172 00ae 06       		.uleb128 0x6
 173 00af 81000000 		.4byte	0x81
 174 00b3 02       		.uleb128 0x2
 175 00b4 08       		.byte	0x8
 176 00b5 04       		.byte	0x4
 177 00b6 73010000 		.4byte	.LASF16
 178 00ba 02       		.uleb128 0x2
 179 00bb 04       		.byte	0x4
 180 00bc 07       		.byte	0x7
 181 00bd 51010000 		.4byte	.LASF17
 182 00c1 07       		.uleb128 0x7
 183 00c2 FA000000 		.4byte	.LASF26
 184 00c6 01       		.byte	0x1
 185 00c7 18       		.byte	0x18
 186 00c8 00000000 		.4byte	.LFB63
 187 00cc 30000000 		.4byte	.LFE63-.LFB63
 188 00d0 01       		.uleb128 0x1
 189 00d1 9C       		.byte	0x9c
 190 00d2 13010000 		.4byte	0x113
 191 00d6 08       		.uleb128 0x8
ARM GAS  C:\Users\HPz420\AppData\Local\Temp\ccqNwcDe.s 			page 5


 192 00d7 40010000 		.4byte	.LASF18
 193 00db 01       		.byte	0x1
 194 00dc 1A       		.byte	0x1a
 195 00dd 8D000000 		.4byte	0x8d
 196 00e1 00000000 		.4byte	.LLST0
 197 00e5 08       		.uleb128 0x8
 198 00e6 21010000 		.4byte	.LASF19
 199 00ea 01       		.byte	0x1
 200 00eb 1B       		.byte	0x1b
 201 00ec 8D000000 		.4byte	0x8d
 202 00f0 1F000000 		.4byte	.LLST1
 203 00f4 09       		.uleb128 0x9
 204 00f5 2F010000 		.4byte	.LASF20
 205 00f9 01       		.byte	0x1
 206 00fa 1C       		.byte	0x1c
 207 00fb AE000000 		.4byte	0xae
 208 00ff 02       		.uleb128 0x2
 209 0100 91       		.byte	0x91
 210 0101 6F       		.sleb128 -17
 211 0102 0A       		.uleb128 0xa
 212 0103 1C000000 		.4byte	.LVL2
 213 0107 3A010000 		.4byte	0x13a
 214 010b 0B       		.uleb128 0xb
 215 010c 01       		.uleb128 0x1
 216 010d 50       		.byte	0x50
 217 010e 02       		.uleb128 0x2
 218 010f 75       		.byte	0x75
 219 0110 00       		.sleb128 0
 220 0111 00       		.byte	0
 221 0112 00       		.byte	0
 222 0113 0C       		.uleb128 0xc
 223 0114 5A010000 		.4byte	.LASF21
 224 0118 05       		.byte	0x5
 225 0119 1207     		.2byte	0x712
 226 011b 1F010000 		.4byte	0x11f
 227 011f 06       		.uleb128 0x6
 228 0120 76000000 		.4byte	0x76
 229 0124 0D       		.uleb128 0xd
 230 0125 2C000000 		.4byte	0x2c
 231 0129 2F010000 		.4byte	0x12f
 232 012d 0E       		.uleb128 0xe
 233 012e 00       		.byte	0
 234 012f 0F       		.uleb128 0xf
 235 0130 11020000 		.4byte	.LASF22
 236 0134 01       		.byte	0x1
 237 0135 16       		.byte	0x16
 238 0136 24010000 		.4byte	0x124
 239 013a 10       		.uleb128 0x10
 240 013b 30000000 		.4byte	.LASF27
 241 013f 30000000 		.4byte	.LASF27
 242 0143 06       		.byte	0x6
 243 0144 10       		.byte	0x10
 244 0145 00       		.byte	0
 245              		.section	.debug_abbrev,"",%progbits
 246              	.Ldebug_abbrev0:
 247 0000 01       		.uleb128 0x1
 248 0001 11       		.uleb128 0x11
ARM GAS  C:\Users\HPz420\AppData\Local\Temp\ccqNwcDe.s 			page 6


 249 0002 01       		.byte	0x1
 250 0003 25       		.uleb128 0x25
 251 0004 0E       		.uleb128 0xe
 252 0005 13       		.uleb128 0x13
 253 0006 0B       		.uleb128 0xb
 254 0007 03       		.uleb128 0x3
 255 0008 0E       		.uleb128 0xe
 256 0009 1B       		.uleb128 0x1b
 257 000a 0E       		.uleb128 0xe
 258 000b 55       		.uleb128 0x55
 259 000c 17       		.uleb128 0x17
 260 000d 11       		.uleb128 0x11
 261 000e 01       		.uleb128 0x1
 262 000f 10       		.uleb128 0x10
 263 0010 17       		.uleb128 0x17
 264 0011 00       		.byte	0
 265 0012 00       		.byte	0
 266 0013 02       		.uleb128 0x2
 267 0014 24       		.uleb128 0x24
 268 0015 00       		.byte	0
 269 0016 0B       		.uleb128 0xb
 270 0017 0B       		.uleb128 0xb
 271 0018 3E       		.uleb128 0x3e
 272 0019 0B       		.uleb128 0xb
 273 001a 03       		.uleb128 0x3
 274 001b 0E       		.uleb128 0xe
 275 001c 00       		.byte	0
 276 001d 00       		.byte	0
 277 001e 03       		.uleb128 0x3
 278 001f 16       		.uleb128 0x16
 279 0020 00       		.byte	0
 280 0021 03       		.uleb128 0x3
 281 0022 0E       		.uleb128 0xe
 282 0023 3A       		.uleb128 0x3a
 283 0024 0B       		.uleb128 0xb
 284 0025 3B       		.uleb128 0x3b
 285 0026 0B       		.uleb128 0xb
 286 0027 49       		.uleb128 0x49
 287 0028 13       		.uleb128 0x13
 288 0029 00       		.byte	0
 289 002a 00       		.byte	0
 290 002b 04       		.uleb128 0x4
 291 002c 24       		.uleb128 0x24
 292 002d 00       		.byte	0
 293 002e 0B       		.uleb128 0xb
 294 002f 0B       		.uleb128 0xb
 295 0030 3E       		.uleb128 0x3e
 296 0031 0B       		.uleb128 0xb
 297 0032 03       		.uleb128 0x3
 298 0033 08       		.uleb128 0x8
 299 0034 00       		.byte	0
 300 0035 00       		.byte	0
 301 0036 05       		.uleb128 0x5
 302 0037 16       		.uleb128 0x16
 303 0038 00       		.byte	0
 304 0039 03       		.uleb128 0x3
 305 003a 0E       		.uleb128 0xe
ARM GAS  C:\Users\HPz420\AppData\Local\Temp\ccqNwcDe.s 			page 7


 306 003b 3A       		.uleb128 0x3a
 307 003c 0B       		.uleb128 0xb
 308 003d 3B       		.uleb128 0x3b
 309 003e 05       		.uleb128 0x5
 310 003f 49       		.uleb128 0x49
 311 0040 13       		.uleb128 0x13
 312 0041 00       		.byte	0
 313 0042 00       		.byte	0
 314 0043 06       		.uleb128 0x6
 315 0044 35       		.uleb128 0x35
 316 0045 00       		.byte	0
 317 0046 49       		.uleb128 0x49
 318 0047 13       		.uleb128 0x13
 319 0048 00       		.byte	0
 320 0049 00       		.byte	0
 321 004a 07       		.uleb128 0x7
 322 004b 2E       		.uleb128 0x2e
 323 004c 01       		.byte	0x1
 324 004d 3F       		.uleb128 0x3f
 325 004e 19       		.uleb128 0x19
 326 004f 03       		.uleb128 0x3
 327 0050 0E       		.uleb128 0xe
 328 0051 3A       		.uleb128 0x3a
 329 0052 0B       		.uleb128 0xb
 330 0053 3B       		.uleb128 0x3b
 331 0054 0B       		.uleb128 0xb
 332 0055 27       		.uleb128 0x27
 333 0056 19       		.uleb128 0x19
 334 0057 11       		.uleb128 0x11
 335 0058 01       		.uleb128 0x1
 336 0059 12       		.uleb128 0x12
 337 005a 06       		.uleb128 0x6
 338 005b 40       		.uleb128 0x40
 339 005c 18       		.uleb128 0x18
 340 005d 9742     		.uleb128 0x2117
 341 005f 19       		.uleb128 0x19
 342 0060 01       		.uleb128 0x1
 343 0061 13       		.uleb128 0x13
 344 0062 00       		.byte	0
 345 0063 00       		.byte	0
 346 0064 08       		.uleb128 0x8
 347 0065 34       		.uleb128 0x34
 348 0066 00       		.byte	0
 349 0067 03       		.uleb128 0x3
 350 0068 0E       		.uleb128 0xe
 351 0069 3A       		.uleb128 0x3a
 352 006a 0B       		.uleb128 0xb
 353 006b 3B       		.uleb128 0x3b
 354 006c 0B       		.uleb128 0xb
 355 006d 49       		.uleb128 0x49
 356 006e 13       		.uleb128 0x13
 357 006f 02       		.uleb128 0x2
 358 0070 17       		.uleb128 0x17
 359 0071 00       		.byte	0
 360 0072 00       		.byte	0
 361 0073 09       		.uleb128 0x9
 362 0074 34       		.uleb128 0x34
ARM GAS  C:\Users\HPz420\AppData\Local\Temp\ccqNwcDe.s 			page 8


 363 0075 00       		.byte	0
 364 0076 03       		.uleb128 0x3
 365 0077 0E       		.uleb128 0xe
 366 0078 3A       		.uleb128 0x3a
 367 0079 0B       		.uleb128 0xb
 368 007a 3B       		.uleb128 0x3b
 369 007b 0B       		.uleb128 0xb
 370 007c 49       		.uleb128 0x49
 371 007d 13       		.uleb128 0x13
 372 007e 02       		.uleb128 0x2
 373 007f 18       		.uleb128 0x18
 374 0080 00       		.byte	0
 375 0081 00       		.byte	0
 376 0082 0A       		.uleb128 0xa
 377 0083 898201   		.uleb128 0x4109
 378 0086 01       		.byte	0x1
 379 0087 11       		.uleb128 0x11
 380 0088 01       		.uleb128 0x1
 381 0089 31       		.uleb128 0x31
 382 008a 13       		.uleb128 0x13
 383 008b 00       		.byte	0
 384 008c 00       		.byte	0
 385 008d 0B       		.uleb128 0xb
 386 008e 8A8201   		.uleb128 0x410a
 387 0091 00       		.byte	0
 388 0092 02       		.uleb128 0x2
 389 0093 18       		.uleb128 0x18
 390 0094 9142     		.uleb128 0x2111
 391 0096 18       		.uleb128 0x18
 392 0097 00       		.byte	0
 393 0098 00       		.byte	0
 394 0099 0C       		.uleb128 0xc
 395 009a 34       		.uleb128 0x34
 396 009b 00       		.byte	0
 397 009c 03       		.uleb128 0x3
 398 009d 0E       		.uleb128 0xe
 399 009e 3A       		.uleb128 0x3a
 400 009f 0B       		.uleb128 0xb
 401 00a0 3B       		.uleb128 0x3b
 402 00a1 05       		.uleb128 0x5
 403 00a2 49       		.uleb128 0x49
 404 00a3 13       		.uleb128 0x13
 405 00a4 3F       		.uleb128 0x3f
 406 00a5 19       		.uleb128 0x19
 407 00a6 3C       		.uleb128 0x3c
 408 00a7 19       		.uleb128 0x19
 409 00a8 00       		.byte	0
 410 00a9 00       		.byte	0
 411 00aa 0D       		.uleb128 0xd
 412 00ab 01       		.uleb128 0x1
 413 00ac 01       		.byte	0x1
 414 00ad 49       		.uleb128 0x49
 415 00ae 13       		.uleb128 0x13
 416 00af 01       		.uleb128 0x1
 417 00b0 13       		.uleb128 0x13
 418 00b1 00       		.byte	0
 419 00b2 00       		.byte	0
ARM GAS  C:\Users\HPz420\AppData\Local\Temp\ccqNwcDe.s 			page 9


 420 00b3 0E       		.uleb128 0xe
 421 00b4 21       		.uleb128 0x21
 422 00b5 00       		.byte	0
 423 00b6 00       		.byte	0
 424 00b7 00       		.byte	0
 425 00b8 0F       		.uleb128 0xf
 426 00b9 34       		.uleb128 0x34
 427 00ba 00       		.byte	0
 428 00bb 03       		.uleb128 0x3
 429 00bc 0E       		.uleb128 0xe
 430 00bd 3A       		.uleb128 0x3a
 431 00be 0B       		.uleb128 0xb
 432 00bf 3B       		.uleb128 0x3b
 433 00c0 0B       		.uleb128 0xb
 434 00c1 49       		.uleb128 0x49
 435 00c2 13       		.uleb128 0x13
 436 00c3 3F       		.uleb128 0x3f
 437 00c4 19       		.uleb128 0x19
 438 00c5 3C       		.uleb128 0x3c
 439 00c6 19       		.uleb128 0x19
 440 00c7 00       		.byte	0
 441 00c8 00       		.byte	0
 442 00c9 10       		.uleb128 0x10
 443 00ca 2E       		.uleb128 0x2e
 444 00cb 00       		.byte	0
 445 00cc 3F       		.uleb128 0x3f
 446 00cd 19       		.uleb128 0x19
 447 00ce 3C       		.uleb128 0x3c
 448 00cf 19       		.uleb128 0x19
 449 00d0 6E       		.uleb128 0x6e
 450 00d1 0E       		.uleb128 0xe
 451 00d2 03       		.uleb128 0x3
 452 00d3 0E       		.uleb128 0xe
 453 00d4 3A       		.uleb128 0x3a
 454 00d5 0B       		.uleb128 0xb
 455 00d6 3B       		.uleb128 0x3b
 456 00d7 0B       		.uleb128 0xb
 457 00d8 00       		.byte	0
 458 00d9 00       		.byte	0
 459 00da 00       		.byte	0
 460              		.section	.debug_loc,"",%progbits
 461              	.Ldebug_loc0:
 462              	.LLST0:
 463 0000 04000000 		.4byte	.LVL0
 464 0004 0A000000 		.4byte	.LVL1
 465 0008 0200     		.2byte	0x2
 466 000a 30       		.byte	0x30
 467 000b 9F       		.byte	0x9f
 468 000c 0A000000 		.4byte	.LVL1
 469 0010 2A000000 		.4byte	.LVL5
 470 0014 0100     		.2byte	0x1
 471 0016 54       		.byte	0x54
 472 0017 00000000 		.4byte	0
 473 001b 00000000 		.4byte	0
 474              	.LLST1:
 475 001f 04000000 		.4byte	.LVL0
 476 0023 0A000000 		.4byte	.LVL1
ARM GAS  C:\Users\HPz420\AppData\Local\Temp\ccqNwcDe.s 			page 10


 477 0027 0200     		.2byte	0x2
 478 0029 30       		.byte	0x30
 479 002a 9F       		.byte	0x9f
 480 002b 0A000000 		.4byte	.LVL1
 481 002f 2A000000 		.4byte	.LVL5
 482 0033 0100     		.2byte	0x1
 483 0035 55       		.byte	0x55
 484 0036 00000000 		.4byte	0
 485 003a 00000000 		.4byte	0
 486              		.section	.debug_aranges,"",%progbits
 487 0000 1C000000 		.4byte	0x1c
 488 0004 0200     		.2byte	0x2
 489 0006 00000000 		.4byte	.Ldebug_info0
 490 000a 04       		.byte	0x4
 491 000b 00       		.byte	0
 492 000c 0000     		.2byte	0
 493 000e 0000     		.2byte	0
 494 0010 00000000 		.4byte	.LFB63
 495 0014 30000000 		.4byte	.LFE63-.LFB63
 496 0018 00000000 		.4byte	0
 497 001c 00000000 		.4byte	0
 498              		.section	.debug_ranges,"",%progbits
 499              	.Ldebug_ranges0:
 500 0000 00000000 		.4byte	.LFB63
 501 0004 30000000 		.4byte	.LFE63
 502 0008 00000000 		.4byte	0
 503 000c 00000000 		.4byte	0
 504              		.section	.debug_line,"",%progbits
 505              	.Ldebug_line0:
 506 0000 90010000 		.section	.debug_str,"MS",%progbits,1
 506      02005D01 
 506      00000201 
 506      FB0E0D00 
 506      01010101 
 507              	.LASF6:
 508 0000 6C6F6E67 		.ascii	"long long int\000"
 508      206C6F6E 
 508      6720696E 
 508      7400
 509              	.LASF12:
 510 000e 75696E74 		.ascii	"uint32\000"
 510      333200
 511              	.LASF8:
 512 0015 756E7369 		.ascii	"unsigned int\000"
 512      676E6564 
 512      20696E74 
 512      00
 513              	.LASF1:
 514 0022 756E7369 		.ascii	"unsigned char\000"
 514      676E6564 
 514      20636861 
 514      7200
 515              	.LASF27:
 516 0030 57726974 		.ascii	"WriteExtSRAM\000"
 516      65457874 
 516      5352414D 
 516      00
ARM GAS  C:\Users\HPz420\AppData\Local\Temp\ccqNwcDe.s 			page 11


 517              	.LASF23:
 518 003d 474E5520 		.ascii	"GNU C11 5.4.1 20160609 (release) [ARM/embedded-5-br"
 518      43313120 
 518      352E342E 
 518      31203230 
 518      31363036 
 519 0070 616E6368 		.ascii	"anch revision 237715] -mcpu=cortex-m3 -mthumb -g -O"
 519      20726576 
 519      6973696F 
 519      6E203233 
 519      37373135 
 520 00a3 67202D66 		.ascii	"g -ffunction-sections -ffat-lto-objects\000"
 520      66756E63 
 520      74696F6E 
 520      2D736563 
 520      74696F6E 
 521              	.LASF11:
 522 00cb 75696E74 		.ascii	"uint8\000"
 522      3800
 523              	.LASF5:
 524 00d1 6C6F6E67 		.ascii	"long unsigned int\000"
 524      20756E73 
 524      69676E65 
 524      6420696E 
 524      7400
 525              	.LASF7:
 526 00e3 6C6F6E67 		.ascii	"long long unsigned int\000"
 526      206C6F6E 
 526      6720756E 
 526      7369676E 
 526      65642069 
 527              	.LASF26:
 528 00fa 6C6F6164 		.ascii	"loadSRAM\000"
 528      5352414D 
 528      00
 529              	.LASF3:
 530 0103 73686F72 		.ascii	"short unsigned int\000"
 530      7420756E 
 530      7369676E 
 530      65642069 
 530      6E7400
 531              	.LASF24:
 532 0116 4C6F6164 		.ascii	"LoadSRAM.c\000"
 532      5352414D 
 532      2E6300
 533              	.LASF19:
 534 0121 5352414D 		.ascii	"SRAMAddr\000"
 534      41646472 
 534      00
 535              	.LASF15:
 536 012a 63686172 		.ascii	"char\000"
 536      00
 537              	.LASF20:
 538 012f 64617461 		.ascii	"dataVal\000"
 538      56616C00 
 539              	.LASF4:
 540 0137 6C6F6E67 		.ascii	"long int\000"
ARM GAS  C:\Users\HPz420\AppData\Local\Temp\ccqNwcDe.s 			page 12


 540      20696E74 
 540      00
 541              	.LASF18:
 542 0140 63686172 		.ascii	"charCount\000"
 542      436F756E 
 542      7400
 543              	.LASF14:
 544 014a 646F7562 		.ascii	"double\000"
 544      6C6500
 545              	.LASF17:
 546 0151 73697A65 		.ascii	"sizetype\000"
 546      74797065 
 546      00
 547              	.LASF21:
 548 015a 49544D5F 		.ascii	"ITM_RxBuffer\000"
 548      52784275 
 548      66666572 
 548      00
 549              	.LASF0:
 550 0167 7369676E 		.ascii	"signed char\000"
 550      65642063 
 550      68617200 
 551              	.LASF16:
 552 0173 6C6F6E67 		.ascii	"long double\000"
 552      20646F75 
 552      626C6500 
 553              	.LASF25:
 554 017f 433A5C55 		.ascii	"C:\\Users\\HPz420\\Documents\\GitHub\\Retro-Compute"
 554      73657273 
 554      5C48507A 
 554      3432305C 
 554      446F6375 
 555 01ad 72735C5A 		.ascii	"rs\\Z80\\PSOC\\PSOC_Design_Files\\Z80-PSoC-3-Chips_"
 555      38305C50 
 555      534F435C 
 555      50534F43 
 555      5F446573 
 556 01dc 3030325C 		.ascii	"002\\Z80_3Pin.cydsn\000"
 556      5A38305F 
 556      3350696E 
 556      2E637964 
 556      736E00
 557              	.LASF9:
 558 01ef 5F5F696E 		.ascii	"__int32_t\000"
 558      7433325F 
 558      7400
 559              	.LASF13:
 560 01f9 666C6F61 		.ascii	"float\000"
 560      7400
 561              	.LASF2:
 562 01ff 73686F72 		.ascii	"short int\000"
 562      7420696E 
 562      7400
 563              	.LASF10:
 564 0209 696E7433 		.ascii	"int32_t\000"
 564      325F7400 
 565              	.LASF22:
ARM GAS  C:\Users\HPz420\AppData\Local\Temp\ccqNwcDe.s 			page 13


 566 0211 6D6F6E69 		.ascii	"monitor_eprom\000"
 566      746F725F 
 566      6570726F 
 566      6D00
 567              		.ident	"GCC: (GNU Tools for ARM Embedded Processors) 5.4.1 20160609 (release) [ARM/embedded-5-bran
