ARM GAS  C:\Users\DGILLI~1\AppData\Local\Temp\ccaQkdar.s 			page 1


   1              		.syntax unified
   2              		.cpu cortex-m3
   3              		.fpu softvfp
   4              		.eabi_attribute 20, 1
   5              		.eabi_attribute 21, 1
   6              		.eabi_attribute 23, 3
   7              		.eabi_attribute 24, 1
   8              		.eabi_attribute 25, 1
   9              		.eabi_attribute 26, 1
  10              		.eabi_attribute 30, 1
  11              		.eabi_attribute 34, 1
  12              		.eabi_attribute 18, 4
  13              		.thumb
  14              		.syntax unified
  15              		.file	"main.c"
  16              		.text
  17              	.Ltext0:
  18              		.cfi_sections	.debug_frame
  19              		.section	.text.PostLed,"ax",%progbits
  20              		.align	2
  21              		.global	PostLed
  22              		.thumb
  23              		.thumb_func
  24              		.type	PostLed, %function
  25              	PostLed:
  26              	.LFB64:
  27              		.file 1 "main.c"
   1:main.c        **** /* ========================================
   2:main.c        ****  *
   3:main.c        ****  * Copyright LAND BOARDS, LLC, 2019
   4:main.c        ****  * All Rights Reserved
   5:main.c        ****  * UNPUBLISHED, LICENSED SOFTWARE.
   6:main.c        ****  *
   7:main.c        ****  * CONFIDENTIAL AND PROPRIETARY INFORMATION
   8:main.c        ****  * WHICH IS THE PROPERTY OF your company.
   9:main.c        ****  *
  10:main.c        ****  * ========================================
  11:main.c        **** */
  12:main.c        **** #include "project.h"        // all of the #includes from Cypress generated Hardware APIs
  13:main.c        **** #include "stdio.h"
  14:main.c        **** #include "ExtSRAM.h"
  15:main.c        **** #include "FrontPanel.h"
  16:main.c        **** #include "Z80_IO_Handle.h"
  17:main.c        **** #include "Z80_SIO_emul.h"
  18:main.c        **** 
  19:main.c        **** extern void loadSRAM(void);
  20:main.c        **** 
  21:main.c        **** #define USBFS_DEVICE    (0u)
  22:main.c        **** 
  23:main.c        **** /* The buffer size is equal to the maximum packet size of the IN and OUT bulk
  24:main.c        **** * endpoints.
  25:main.c        **** */
  26:main.c        **** #define USBUART_BUFFER_SIZE (64u)
  27:main.c        **** #define LINE_STR_LENGTH     (20u)
  28:main.c        **** 
  29:main.c        **** ////////////////////////////////////////////////////////////////////////////
  30:main.c        **** // Function prototypes
ARM GAS  C:\Users\DGILLI~1\AppData\Local\Temp\ccaQkdar.s 			page 2


  31:main.c        **** 
  32:main.c        **** uint32 TestSRAM(void);
  33:main.c        **** void HandleZ80IO(void);
  34:main.c        **** 
  35:main.c        **** ////////////////////////////////////////////////////////////////////////////
  36:main.c        **** // PostLed(postVal) - Blink the LED the number of times (postVal)
  37:main.c        **** 
  38:main.c        **** void PostLed(uint32 postVal)
  39:main.c        **** {
  28              		.loc 1 39 0
  29              		.cfi_startproc
  30              		@ args = 0, pretend = 0, frame = 0
  31              		@ frame_needed = 0, uses_anonymous_args = 0
  32              	.LVL0:
  33 0000 10B5     		push	{r4, lr}
  34              		.cfi_def_cfa_offset 8
  35              		.cfi_offset 4, -8
  36              		.cfi_offset 14, -4
  37 0002 0446     		mov	r4, r0
  38              	.LVL1:
  40:main.c        ****     uint32 blinkCount = postVal;
  41:main.c        ****     while(blinkCount > 0)
  39              		.loc 1 41 0
  40 0004 0DE0     		b	.L2
  41              	.LVL2:
  42              	.L3:
  42:main.c        ****     {
  43:main.c        ****         IO_Ctrl_Reg_Write(2);   // Turn on the LED
  43              		.loc 1 43 0
  44 0006 0220     		movs	r0, #2
  45 0008 FFF7FEFF 		bl	IO_Ctrl_Reg_Write
  46              	.LVL3:
  44:main.c        ****         CyDelay(500);
  47              		.loc 1 44 0
  48 000c 4FF4FA70 		mov	r0, #500
  49 0010 FFF7FEFF 		bl	CyDelay
  50              	.LVL4:
  45:main.c        ****         IO_Ctrl_Reg_Write(0);   // Turn off the LED
  51              		.loc 1 45 0
  52 0014 0020     		movs	r0, #0
  53 0016 FFF7FEFF 		bl	IO_Ctrl_Reg_Write
  54              	.LVL5:
  46:main.c        ****         CyDelay(250);
  55              		.loc 1 46 0
  56 001a FA20     		movs	r0, #250
  57 001c FFF7FEFF 		bl	CyDelay
  58              	.LVL6:
  47:main.c        ****         blinkCount--;   // loop as many times as the POST code
  59              		.loc 1 47 0
  60 0020 013C     		subs	r4, r4, #1
  61              	.LVL7:
  62              	.L2:
  41:main.c        ****     {
  63              		.loc 1 41 0
  64 0022 002C     		cmp	r4, #0
  65 0024 EFD1     		bne	.L3
  48:main.c        ****     }
ARM GAS  C:\Users\DGILLI~1\AppData\Local\Temp\ccaQkdar.s 			page 3


  49:main.c        **** }
  66              		.loc 1 49 0
  67 0026 10BD     		pop	{r4, pc}
  68              		.cfi_endproc
  69              	.LFE64:
  70              		.size	PostLed, .-PostLed
  71              		.section	.text.main,"ax",%progbits
  72              		.align	2
  73              		.global	main
  74              		.thumb
  75              		.thumb_func
  76              		.type	main, %function
  77              	main:
  78              	.LFB65:
  50:main.c        **** ////////////////////////////////////////////////////////////////////////////
  51:main.c        **** // main() - Setup and Loop code goes in here
  52:main.c        **** 
  53:main.c        **** int main(void)
  54:main.c        **** {
  79              		.loc 1 54 0
  80              		.cfi_startproc
  81              		@ args = 0, pretend = 0, frame = 64
  82              		@ frame_needed = 0, uses_anonymous_args = 0
  83 0000 10B5     		push	{r4, lr}
  84              		.cfi_def_cfa_offset 8
  85              		.cfi_offset 4, -8
  86              		.cfi_offset 14, -4
  87 0002 90B0     		sub	sp, sp, #64
  88              		.cfi_def_cfa_offset 72
  55:main.c        ****     uint16 count;
  56:main.c        ****     
  57:main.c        ****     uint8 buffer[USBUART_BUFFER_SIZE];
  58:main.c        ****     uint32 postVal;
  59:main.c        ****     
  60:main.c        ****     /* Start USBFS operation with 5-V operation. */
  61:main.c        ****     USBUART_Start(USBFS_DEVICE, USBUART_5V_OPERATION);
  89              		.loc 1 61 0
  90 0004 0121     		movs	r1, #1
  91 0006 0020     		movs	r0, #0
  92 0008 FFF7FEFF 		bl	USBUART_Start
  93              	.LVL8:
  62:main.c        ****     I2C_Start();
  94              		.loc 1 62 0
  95 000c FFF7FEFF 		bl	I2C_Start
  96              	.LVL9:
  63:main.c        ****     
  64:main.c        ****     CyGlobalIntEnable;          /* Enable global interrupts. */
  97              		.loc 1 64 0
  98              		.syntax unified
  99              	@ 64 "main.c" 1
 100 0010 62B6     		CPSIE   i
 101              	@ 0 "" 2
  65:main.c        ****     
  66:main.c        ****     // Do Power On Self Tests (POST)
  67:main.c        ****     // SRAM POST
  68:main.c        ****     postVal = TestSRAM();       // Run External SRAM POST
 102              		.loc 1 68 0
ARM GAS  C:\Users\DGILLI~1\AppData\Local\Temp\ccaQkdar.s 			page 4


 103              		.thumb
 104              		.syntax unified
 105 0012 FFF7FEFF 		bl	TestSRAM
 106              	.LVL10:
 107 0016 0446     		mov	r4, r0
 108              	.LVL11:
  69:main.c        ****     PostLed(postVal+1);         // 1 blink = pass, more than 1 = fail
 109              		.loc 1 69 0
 110 0018 0130     		adds	r0, r0, #1
 111              	.LVL12:
 112 001a FFF7FEFF 		bl	PostLed
 113              	.LVL13:
  70:main.c        ****     if (postVal != 0)
 114              		.loc 1 70 0
 115 001e 04B1     		cbz	r4, .L6
 116              	.L7:
 117 0020 FEE7     		b	.L7
 118              	.L6:
  71:main.c        ****         while(1);
  72:main.c        ****     loadSRAM();
 119              		.loc 1 72 0
 120 0022 FFF7FEFF 		bl	loadSRAM
 121              	.LVL14:
  73:main.c        ****     runFrontPanel();            // Exits either by pressing EXitFrontPanel or RUN button on front p
 122              		.loc 1 73 0
 123 0026 FFF7FEFF 		bl	runFrontPanel
 124              	.LVL15:
 125              	.L11:
  74:main.c        **** 
  75:main.c        ****     for(;;)
  76:main.c        ****     {
  77:main.c        ****         /* Host can send double SET_INTERFACE request. */
  78:main.c        ****         if (0u != USBUART_IsConfigurationChanged())
 126              		.loc 1 78 0
 127 002a FFF7FEFF 		bl	USBUART_IsConfigurationChanged
 128              	.LVL16:
 129 002e 20B1     		cbz	r0, .L8
  79:main.c        ****         {
  80:main.c        ****             /* Initialize IN endpoints when device is configured. */
  81:main.c        ****             if (0u != USBUART_GetConfiguration())
 130              		.loc 1 81 0
 131 0030 FFF7FEFF 		bl	USBUART_GetConfiguration
 132              	.LVL17:
 133 0034 08B1     		cbz	r0, .L8
  82:main.c        ****             {
  83:main.c        ****                 /* Enumeration is done, enable OUT endpoint to receive data 
  84:main.c        ****                  * from host. */
  85:main.c        ****                 USBUART_CDC_Init();
 134              		.loc 1 85 0
 135 0036 FFF7FEFF 		bl	USBUART_CDC_Init
 136              	.LVL18:
 137              	.L8:
  86:main.c        ****             }
  87:main.c        ****         }
  88:main.c        **** 
  89:main.c        ****         /* Service USB CDC when device is configured. */
  90:main.c        ****         if (0u != USBUART_GetConfiguration())
ARM GAS  C:\Users\DGILLI~1\AppData\Local\Temp\ccaQkdar.s 			page 5


 138              		.loc 1 90 0
 139 003a FFF7FEFF 		bl	USBUART_GetConfiguration
 140              	.LVL19:
 141 003e 78B1     		cbz	r0, .L9
  91:main.c        ****         {
  92:main.c        ****             /* Check for input data from host. */
  93:main.c        ****             if (0u != USBUART_DataIsReady())
 142              		.loc 1 93 0
 143 0040 FFF7FEFF 		bl	USBUART_DataIsReady
 144              	.LVL20:
 145 0044 60B1     		cbz	r0, .L9
  94:main.c        ****             {
  95:main.c        ****                 /* Read received data and re-enable OUT endpoint. */
  96:main.c        ****                 count = USBUART_GetAll(buffer);
 146              		.loc 1 96 0
 147 0046 6846     		mov	r0, sp
 148 0048 FFF7FEFF 		bl	USBUART_GetAll
 149              	.LVL21:
  97:main.c        ****                 if (count == 1)     // Input 1 character immediately
 150              		.loc 1 97 0
 151 004c 0128     		cmp	r0, #1
 152 004e 04D1     		bne	.L10
  98:main.c        ****                 {
  99:main.c        ****                     sendCharToZ80(buffer[0]);
 153              		.loc 1 99 0
 154 0050 9DF80000 		ldrb	r0, [sp]	@ zero_extendqisi2
 155              	.LVL22:
 156 0054 FFF7FEFF 		bl	sendCharToZ80
 157              	.LVL23:
 158 0058 02E0     		b	.L9
 159              	.LVL24:
 160              	.L10:
 100:main.c        ****                 }
 101:main.c        ****                 else                // more than 1 char was in the USB packet received from the hos
 102:main.c        ****                 {
 103:main.c        ****                     putBufferToZ80(count,buffer);
 161              		.loc 1 103 0
 162 005a 6946     		mov	r1, sp
 163 005c FFF7FEFF 		bl	putBufferToZ80
 164              	.LVL25:
 165              	.L9:
 104:main.c        ****                 }
 105:main.c        **** 
 106:main.c        **** //                if (0u != count)
 107:main.c        **** //                {
 108:main.c        **** //                    /* Wait until component is ready to send data to host. */
 109:main.c        **** //                    while (0u == USBUART_CDCIsReady())
 110:main.c        **** //                    {
 111:main.c        **** //                    }
 112:main.c        **** //
 113:main.c        **** //                    /* Send data back to host. */
 114:main.c        **** //                    USBUART_PutData(buffer, count);
 115:main.c        **** //
 116:main.c        **** //                    /* If the last sent packet is exactly the maximum packet 
 117:main.c        **** //                    *  size, it is followed by a zero-length packet to assure
 118:main.c        **** //                    *  that the end of the segment is properly identified by 
 119:main.c        **** //                    *  the terminal.
ARM GAS  C:\Users\DGILLI~1\AppData\Local\Temp\ccaQkdar.s 			page 6


 120:main.c        **** //                    */
 121:main.c        **** //                    if (USBUART_BUFFER_SIZE == count)
 122:main.c        **** //                    {
 123:main.c        **** //                        /* Wait until component is ready to send data to PC. */
 124:main.c        **** //                        while (0u == USBUART_CDCIsReady())
 125:main.c        **** //                        {
 126:main.c        **** //                        }
 127:main.c        **** //
 128:main.c        **** //                        /* Send zero-length packet to PC. */
 129:main.c        **** //                        USBUART_PutData(NULL, 0u);
 130:main.c        **** //                    }
 131:main.c        **** //                }
 132:main.c        ****                 
 133:main.c        ****             }
 134:main.c        ****         }
 135:main.c        **** 
 136:main.c        ****         if ((IO_Stat_Reg_Read() & IOBUSY_BIT) == IOBUSY_BIT)
 166              		.loc 1 136 0
 167 0060 FFF7FEFF 		bl	IO_Stat_Reg_Read
 168              	.LVL26:
 169 0064 10F0100F 		tst	r0, #16
 170 0068 DFD0     		beq	.L11
 137:main.c        ****         {
 138:main.c        ****             HandleZ80IO();
 171              		.loc 1 138 0
 172 006a FFF7FEFF 		bl	HandleZ80IO
 173              	.LVL27:
 174 006e DCE7     		b	.L11
 175              		.cfi_endproc
 176              	.LFE65:
 177              		.size	main, .-main
 178              		.comm	LEDsVal,4,4
 179              		.text
 180              	.Letext0:
 181              		.file 2 "c:\\program files (x86)\\cypress\\psoc creator\\4.2\\psoc creator\\import\\gnu\\arm\\5.4.
 182              		.file 3 "c:\\program files (x86)\\cypress\\psoc creator\\4.2\\psoc creator\\import\\gnu\\arm\\5.4.
 183              		.file 4 "Generated_Source\\PSoC5/cytypes.h"
 184              		.file 5 "Generated_Source\\PSoC5/core_cm3.h"
 185              		.file 6 "FrontPanel.h"
 186              		.file 7 "Generated_Source\\PSoC5/IO_Ctrl_Reg.h"
 187              		.file 8 "Generated_Source\\PSoC5/CyLib.h"
 188              		.file 9 "Generated_Source\\PSoC5/USBUART.h"
 189              		.file 10 "Generated_Source\\PSoC5/I2C.h"
 190              		.file 11 "Generated_Source\\PSoC5/USBUART_cdc.h"
 191              		.file 12 "Z80_SIO_emul.h"
 192              		.file 13 "Z80_IO_Handle.h"
 193              		.file 14 "Generated_Source\\PSoC5/IO_Stat_Reg.h"
 194              		.section	.debug_info,"",%progbits
 195              	.Ldebug_info0:
 196 0000 30030000 		.4byte	0x330
 197 0004 0400     		.2byte	0x4
 198 0006 00000000 		.4byte	.Ldebug_abbrev0
 199 000a 04       		.byte	0x4
 200 000b 01       		.uleb128 0x1
 201 000c E7000000 		.4byte	.LASF41
 202 0010 0C       		.byte	0xc
 203 0011 A7020000 		.4byte	.LASF42
ARM GAS  C:\Users\DGILLI~1\AppData\Local\Temp\ccaQkdar.s 			page 7


 204 0015 1C000000 		.4byte	.LASF43
 205 0019 00000000 		.4byte	.Ldebug_ranges0+0
 206 001d 00000000 		.4byte	0
 207 0021 00000000 		.4byte	.Ldebug_line0
 208 0025 02       		.uleb128 0x2
 209 0026 01       		.byte	0x1
 210 0027 06       		.byte	0x6
 211 0028 00030000 		.4byte	.LASF0
 212 002c 02       		.uleb128 0x2
 213 002d 01       		.byte	0x1
 214 002e 08       		.byte	0x8
 215 002f D9000000 		.4byte	.LASF1
 216 0033 02       		.uleb128 0x2
 217 0034 02       		.byte	0x2
 218 0035 05       		.byte	0x5
 219 0036 CB020000 		.4byte	.LASF2
 220 003a 02       		.uleb128 0x2
 221 003b 02       		.byte	0x2
 222 003c 07       		.byte	0x7
 223 003d 86010000 		.4byte	.LASF3
 224 0041 03       		.uleb128 0x3
 225 0042 90000000 		.4byte	.LASF9
 226 0046 02       		.byte	0x2
 227 0047 3F       		.byte	0x3f
 228 0048 4C000000 		.4byte	0x4c
 229 004c 02       		.uleb128 0x2
 230 004d 04       		.byte	0x4
 231 004e 05       		.byte	0x5
 232 004f EB020000 		.4byte	.LASF4
 233 0053 02       		.uleb128 0x2
 234 0054 04       		.byte	0x4
 235 0055 07       		.byte	0x7
 236 0056 BA010000 		.4byte	.LASF5
 237 005a 02       		.uleb128 0x2
 238 005b 08       		.byte	0x8
 239 005c 05       		.byte	0x5
 240 005d 00000000 		.4byte	.LASF6
 241 0061 02       		.uleb128 0x2
 242 0062 08       		.byte	0x8
 243 0063 07       		.byte	0x7
 244 0064 4A020000 		.4byte	.LASF7
 245 0068 04       		.uleb128 0x4
 246 0069 04       		.byte	0x4
 247 006a 05       		.byte	0x5
 248 006b 696E7400 		.ascii	"int\000"
 249 006f 02       		.uleb128 0x2
 250 0070 04       		.byte	0x4
 251 0071 07       		.byte	0x7
 252 0072 2C020000 		.4byte	.LASF8
 253 0076 03       		.uleb128 0x3
 254 0077 8B020000 		.4byte	.LASF10
 255 007b 03       		.byte	0x3
 256 007c 2C       		.byte	0x2c
 257 007d 41000000 		.4byte	0x41
 258 0081 05       		.uleb128 0x5
 259 0082 DC020000 		.4byte	.LASF11
 260 0086 04       		.byte	0x4
ARM GAS  C:\Users\DGILLI~1\AppData\Local\Temp\ccaQkdar.s 			page 8


 261 0087 E401     		.2byte	0x1e4
 262 0089 2C000000 		.4byte	0x2c
 263 008d 05       		.uleb128 0x5
 264 008e 02020000 		.4byte	.LASF12
 265 0092 04       		.byte	0x4
 266 0093 E501     		.2byte	0x1e5
 267 0095 3A000000 		.4byte	0x3a
 268 0099 05       		.uleb128 0x5
 269 009a 09020000 		.4byte	.LASF13
 270 009e 04       		.byte	0x4
 271 009f E601     		.2byte	0x1e6
 272 00a1 53000000 		.4byte	0x53
 273 00a5 02       		.uleb128 0x2
 274 00a6 04       		.byte	0x4
 275 00a7 04       		.byte	0x4
 276 00a8 D3000000 		.4byte	.LASF14
 277 00ac 02       		.uleb128 0x2
 278 00ad 08       		.byte	0x8
 279 00ae 04       		.byte	0x4
 280 00af A9000000 		.4byte	.LASF15
 281 00b3 02       		.uleb128 0x2
 282 00b4 01       		.byte	0x1
 283 00b5 08       		.byte	0x8
 284 00b6 AE020000 		.4byte	.LASF16
 285 00ba 02       		.uleb128 0x2
 286 00bb 08       		.byte	0x8
 287 00bc 04       		.byte	0x4
 288 00bd F4020000 		.4byte	.LASF17
 289 00c1 02       		.uleb128 0x2
 290 00c2 04       		.byte	0x4
 291 00c3 07       		.byte	0x7
 292 00c4 93020000 		.4byte	.LASF18
 293 00c8 06       		.uleb128 0x6
 294 00c9 B2010000 		.4byte	.LASF44
 295 00cd 01       		.byte	0x1
 296 00ce 26       		.byte	0x26
 297 00cf 00000000 		.4byte	.LFB64
 298 00d3 28000000 		.4byte	.LFE64-.LFB64
 299 00d7 01       		.uleb128 0x1
 300 00d8 9C       		.byte	0x9c
 301 00d9 47010000 		.4byte	0x147
 302 00dd 07       		.uleb128 0x7
 303 00de 61020000 		.4byte	.LASF22
 304 00e2 01       		.byte	0x1
 305 00e3 26       		.byte	0x26
 306 00e4 99000000 		.4byte	0x99
 307 00e8 00000000 		.4byte	.LLST0
 308 00ec 08       		.uleb128 0x8
 309 00ed 9C020000 		.4byte	.LASF19
 310 00f1 01       		.byte	0x1
 311 00f2 28       		.byte	0x28
 312 00f3 99000000 		.4byte	0x99
 313 00f7 21000000 		.4byte	.LLST1
 314 00fb 09       		.uleb128 0x9
 315 00fc 0C000000 		.4byte	.LVL3
 316 0100 80020000 		.4byte	0x280
 317 0104 0E010000 		.4byte	0x10e
ARM GAS  C:\Users\DGILLI~1\AppData\Local\Temp\ccaQkdar.s 			page 9


 318 0108 0A       		.uleb128 0xa
 319 0109 01       		.uleb128 0x1
 320 010a 50       		.byte	0x50
 321 010b 01       		.uleb128 0x1
 322 010c 32       		.byte	0x32
 323 010d 00       		.byte	0
 324 010e 09       		.uleb128 0x9
 325 010f 14000000 		.4byte	.LVL4
 326 0113 8B020000 		.4byte	0x28b
 327 0117 23010000 		.4byte	0x123
 328 011b 0A       		.uleb128 0xa
 329 011c 01       		.uleb128 0x1
 330 011d 50       		.byte	0x50
 331 011e 03       		.uleb128 0x3
 332 011f 0A       		.byte	0xa
 333 0120 F401     		.2byte	0x1f4
 334 0122 00       		.byte	0
 335 0123 09       		.uleb128 0x9
 336 0124 1A000000 		.4byte	.LVL5
 337 0128 80020000 		.4byte	0x280
 338 012c 36010000 		.4byte	0x136
 339 0130 0A       		.uleb128 0xa
 340 0131 01       		.uleb128 0x1
 341 0132 50       		.byte	0x50
 342 0133 01       		.uleb128 0x1
 343 0134 30       		.byte	0x30
 344 0135 00       		.byte	0
 345 0136 0B       		.uleb128 0xb
 346 0137 20000000 		.4byte	.LVL6
 347 013b 8B020000 		.4byte	0x28b
 348 013f 0A       		.uleb128 0xa
 349 0140 01       		.uleb128 0x1
 350 0141 50       		.byte	0x50
 351 0142 02       		.uleb128 0x2
 352 0143 08       		.byte	0x8
 353 0144 FA       		.byte	0xfa
 354 0145 00       		.byte	0
 355 0146 00       		.byte	0
 356 0147 0C       		.uleb128 0xc
 357 0148 10020000 		.4byte	.LASF45
 358 014c 01       		.byte	0x1
 359 014d 35       		.byte	0x35
 360 014e 68000000 		.4byte	0x68
 361 0152 00000000 		.4byte	.LFB65
 362 0156 70000000 		.4byte	.LFE65-.LFB65
 363 015a 01       		.uleb128 0x1
 364 015b 9C       		.byte	0x9c
 365 015c 4E020000 		.4byte	0x24e
 366 0160 08       		.uleb128 0x8
 367 0161 C5020000 		.4byte	.LASF20
 368 0165 01       		.byte	0x1
 369 0166 37       		.byte	0x37
 370 0167 8D000000 		.4byte	0x8d
 371 016b 3F000000 		.4byte	.LLST2
 372 016f 0D       		.uleb128 0xd
 373 0170 D5020000 		.4byte	.LASF21
 374 0174 01       		.byte	0x1
ARM GAS  C:\Users\DGILLI~1\AppData\Local\Temp\ccaQkdar.s 			page 10


 375 0175 39       		.byte	0x39
 376 0176 4E020000 		.4byte	0x24e
 377 017a 03       		.uleb128 0x3
 378 017b 91       		.byte	0x91
 379 017c B87F     		.sleb128 -72
 380 017e 08       		.uleb128 0x8
 381 017f 61020000 		.4byte	.LASF22
 382 0183 01       		.byte	0x1
 383 0184 3A       		.byte	0x3a
 384 0185 99000000 		.4byte	0x99
 385 0189 5D000000 		.4byte	.LLST3
 386 018d 09       		.uleb128 0x9
 387 018e 0C000000 		.4byte	.LVL8
 388 0192 96020000 		.4byte	0x296
 389 0196 A5010000 		.4byte	0x1a5
 390 019a 0A       		.uleb128 0xa
 391 019b 01       		.uleb128 0x1
 392 019c 50       		.byte	0x50
 393 019d 01       		.uleb128 0x1
 394 019e 30       		.byte	0x30
 395 019f 0A       		.uleb128 0xa
 396 01a0 01       		.uleb128 0x1
 397 01a1 51       		.byte	0x51
 398 01a2 01       		.uleb128 0x1
 399 01a3 31       		.byte	0x31
 400 01a4 00       		.byte	0
 401 01a5 0E       		.uleb128 0xe
 402 01a6 10000000 		.4byte	.LVL9
 403 01aa A2020000 		.4byte	0x2a2
 404 01ae 0E       		.uleb128 0xe
 405 01af 16000000 		.4byte	.LVL10
 406 01b3 AD020000 		.4byte	0x2ad
 407 01b7 09       		.uleb128 0x9
 408 01b8 1E000000 		.4byte	.LVL13
 409 01bc C8000000 		.4byte	0xc8
 410 01c0 CB010000 		.4byte	0x1cb
 411 01c4 0A       		.uleb128 0xa
 412 01c5 01       		.uleb128 0x1
 413 01c6 50       		.byte	0x50
 414 01c7 02       		.uleb128 0x2
 415 01c8 74       		.byte	0x74
 416 01c9 01       		.sleb128 1
 417 01ca 00       		.byte	0
 418 01cb 0E       		.uleb128 0xe
 419 01cc 26000000 		.4byte	.LVL14
 420 01d0 B8020000 		.4byte	0x2b8
 421 01d4 0E       		.uleb128 0xe
 422 01d5 2A000000 		.4byte	.LVL15
 423 01d9 C3020000 		.4byte	0x2c3
 424 01dd 0E       		.uleb128 0xe
 425 01de 2E000000 		.4byte	.LVL16
 426 01e2 CE020000 		.4byte	0x2ce
 427 01e6 0E       		.uleb128 0xe
 428 01e7 34000000 		.4byte	.LVL17
 429 01eb DA020000 		.4byte	0x2da
 430 01ef 0E       		.uleb128 0xe
 431 01f0 3A000000 		.4byte	.LVL18
ARM GAS  C:\Users\DGILLI~1\AppData\Local\Temp\ccaQkdar.s 			page 11


 432 01f4 E6020000 		.4byte	0x2e6
 433 01f8 0E       		.uleb128 0xe
 434 01f9 3E000000 		.4byte	.LVL19
 435 01fd DA020000 		.4byte	0x2da
 436 0201 0E       		.uleb128 0xe
 437 0202 44000000 		.4byte	.LVL20
 438 0206 F1020000 		.4byte	0x2f1
 439 020a 09       		.uleb128 0x9
 440 020b 4C000000 		.4byte	.LVL21
 441 020f FC020000 		.4byte	0x2fc
 442 0213 1E020000 		.4byte	0x21e
 443 0217 0A       		.uleb128 0xa
 444 0218 01       		.uleb128 0x1
 445 0219 50       		.byte	0x50
 446 021a 02       		.uleb128 0x2
 447 021b 7D       		.byte	0x7d
 448 021c 00       		.sleb128 0
 449 021d 00       		.byte	0
 450 021e 0E       		.uleb128 0xe
 451 021f 58000000 		.4byte	.LVL23
 452 0223 07030000 		.4byte	0x307
 453 0227 09       		.uleb128 0x9
 454 0228 60000000 		.4byte	.LVL25
 455 022c 12030000 		.4byte	0x312
 456 0230 3B020000 		.4byte	0x23b
 457 0234 0A       		.uleb128 0xa
 458 0235 01       		.uleb128 0x1
 459 0236 51       		.byte	0x51
 460 0237 02       		.uleb128 0x2
 461 0238 7D       		.byte	0x7d
 462 0239 00       		.sleb128 0
 463 023a 00       		.byte	0
 464 023b 0E       		.uleb128 0xe
 465 023c 64000000 		.4byte	.LVL26
 466 0240 1D030000 		.4byte	0x31d
 467 0244 0E       		.uleb128 0xe
 468 0245 6E000000 		.4byte	.LVL27
 469 0249 28030000 		.4byte	0x328
 470 024d 00       		.byte	0
 471 024e 0F       		.uleb128 0xf
 472 024f 81000000 		.4byte	0x81
 473 0253 5E020000 		.4byte	0x25e
 474 0257 10       		.uleb128 0x10
 475 0258 C1000000 		.4byte	0xc1
 476 025c 3F       		.byte	0x3f
 477 025d 00       		.byte	0
 478 025e 11       		.uleb128 0x11
 479 025f A5010000 		.4byte	.LASF23
 480 0263 05       		.byte	0x5
 481 0264 1207     		.2byte	0x712
 482 0266 6A020000 		.4byte	0x26a
 483 026a 12       		.uleb128 0x12
 484 026b 76000000 		.4byte	0x76
 485 026f 13       		.uleb128 0x13
 486 0270 DB010000 		.4byte	.LASF24
 487 0274 06       		.byte	0x6
 488 0275 2B       		.byte	0x2b
ARM GAS  C:\Users\DGILLI~1\AppData\Local\Temp\ccaQkdar.s 			page 12


 489 0276 99000000 		.4byte	0x99
 490 027a 05       		.uleb128 0x5
 491 027b 03       		.byte	0x3
 492 027c 00000000 		.4byte	LEDsVal
 493 0280 14       		.uleb128 0x14
 494 0281 B3020000 		.4byte	.LASF25
 495 0285 B3020000 		.4byte	.LASF25
 496 0289 07       		.byte	0x7
 497 028a 2F       		.byte	0x2f
 498 028b 14       		.uleb128 0x14
 499 028c 0C030000 		.4byte	.LASF26
 500 0290 0C030000 		.4byte	.LASF26
 501 0294 08       		.byte	0x8
 502 0295 76       		.byte	0x76
 503 0296 15       		.uleb128 0x15
 504 0297 15020000 		.4byte	.LASF27
 505 029b 15020000 		.4byte	.LASF27
 506 029f 09       		.byte	0x9
 507 02a0 2A01     		.2byte	0x12a
 508 02a2 14       		.uleb128 0x14
 509 02a3 C9000000 		.4byte	.LASF28
 510 02a7 C9000000 		.4byte	.LASF28
 511 02ab 0A       		.byte	0xa
 512 02ac 93       		.byte	0x93
 513 02ad 14       		.uleb128 0x14
 514 02ae 23020000 		.4byte	.LASF29
 515 02b2 23020000 		.4byte	.LASF29
 516 02b6 01       		.byte	0x1
 517 02b7 20       		.byte	0x20
 518 02b8 14       		.uleb128 0x14
 519 02b9 E2020000 		.4byte	.LASF30
 520 02bd E2020000 		.4byte	.LASF30
 521 02c1 01       		.byte	0x1
 522 02c2 13       		.byte	0x13
 523 02c3 14       		.uleb128 0x14
 524 02c4 0E000000 		.4byte	.LASF31
 525 02c8 0E000000 		.4byte	.LASF31
 526 02cc 06       		.byte	0x6
 527 02cd 2E       		.byte	0x2e
 528 02ce 15       		.uleb128 0x15
 529 02cf E3010000 		.4byte	.LASF32
 530 02d3 E3010000 		.4byte	.LASF32
 531 02d7 09       		.byte	0x9
 532 02d8 2E01     		.2byte	0x12e
 533 02da 15       		.uleb128 0x15
 534 02db B0000000 		.4byte	.LASF33
 535 02df B0000000 		.4byte	.LASF33
 536 02e3 09       		.byte	0x9
 537 02e4 2D01     		.2byte	0x12d
 538 02e6 14       		.uleb128 0x14
 539 02e7 39020000 		.4byte	.LASF34
 540 02eb 39020000 		.4byte	.LASF34
 541 02ef 0B       		.byte	0xb
 542 02f0 22       		.byte	0x22
 543 02f1 14       		.uleb128 0x14
 544 02f2 69020000 		.4byte	.LASF35
 545 02f6 69020000 		.4byte	.LASF35
ARM GAS  C:\Users\DGILLI~1\AppData\Local\Temp\ccaQkdar.s 			page 13


 546 02fa 0B       		.byte	0xb
 547 02fb 29       		.byte	0x29
 548 02fc 14       		.uleb128 0x14
 549 02fd 9A000000 		.4byte	.LASF36
 550 0301 9A000000 		.4byte	.LASF36
 551 0305 0B       		.byte	0xb
 552 0306 2B       		.byte	0x2b
 553 0307 14       		.uleb128 0x14
 554 0308 7D020000 		.4byte	.LASF37
 555 030c 7D020000 		.4byte	.LASF37
 556 0310 0C       		.byte	0xc
 557 0311 0F       		.byte	0xf
 558 0312 14       		.uleb128 0x14
 559 0313 CC010000 		.4byte	.LASF38
 560 0317 CC010000 		.4byte	.LASF38
 561 031b 0D       		.byte	0xd
 562 031c 1C       		.byte	0x1c
 563 031d 14       		.uleb128 0x14
 564 031e 75010000 		.4byte	.LASF39
 565 0322 75010000 		.4byte	.LASF39
 566 0326 0E       		.byte	0xe
 567 0327 30       		.byte	0x30
 568 0328 14       		.uleb128 0x14
 569 0329 99010000 		.4byte	.LASF40
 570 032d 99010000 		.4byte	.LASF40
 571 0331 01       		.byte	0x1
 572 0332 21       		.byte	0x21
 573 0333 00       		.byte	0
 574              		.section	.debug_abbrev,"",%progbits
 575              	.Ldebug_abbrev0:
 576 0000 01       		.uleb128 0x1
 577 0001 11       		.uleb128 0x11
 578 0002 01       		.byte	0x1
 579 0003 25       		.uleb128 0x25
 580 0004 0E       		.uleb128 0xe
 581 0005 13       		.uleb128 0x13
 582 0006 0B       		.uleb128 0xb
 583 0007 03       		.uleb128 0x3
 584 0008 0E       		.uleb128 0xe
 585 0009 1B       		.uleb128 0x1b
 586 000a 0E       		.uleb128 0xe
 587 000b 55       		.uleb128 0x55
 588 000c 17       		.uleb128 0x17
 589 000d 11       		.uleb128 0x11
 590 000e 01       		.uleb128 0x1
 591 000f 10       		.uleb128 0x10
 592 0010 17       		.uleb128 0x17
 593 0011 00       		.byte	0
 594 0012 00       		.byte	0
 595 0013 02       		.uleb128 0x2
 596 0014 24       		.uleb128 0x24
 597 0015 00       		.byte	0
 598 0016 0B       		.uleb128 0xb
 599 0017 0B       		.uleb128 0xb
 600 0018 3E       		.uleb128 0x3e
 601 0019 0B       		.uleb128 0xb
 602 001a 03       		.uleb128 0x3
ARM GAS  C:\Users\DGILLI~1\AppData\Local\Temp\ccaQkdar.s 			page 14


 603 001b 0E       		.uleb128 0xe
 604 001c 00       		.byte	0
 605 001d 00       		.byte	0
 606 001e 03       		.uleb128 0x3
 607 001f 16       		.uleb128 0x16
 608 0020 00       		.byte	0
 609 0021 03       		.uleb128 0x3
 610 0022 0E       		.uleb128 0xe
 611 0023 3A       		.uleb128 0x3a
 612 0024 0B       		.uleb128 0xb
 613 0025 3B       		.uleb128 0x3b
 614 0026 0B       		.uleb128 0xb
 615 0027 49       		.uleb128 0x49
 616 0028 13       		.uleb128 0x13
 617 0029 00       		.byte	0
 618 002a 00       		.byte	0
 619 002b 04       		.uleb128 0x4
 620 002c 24       		.uleb128 0x24
 621 002d 00       		.byte	0
 622 002e 0B       		.uleb128 0xb
 623 002f 0B       		.uleb128 0xb
 624 0030 3E       		.uleb128 0x3e
 625 0031 0B       		.uleb128 0xb
 626 0032 03       		.uleb128 0x3
 627 0033 08       		.uleb128 0x8
 628 0034 00       		.byte	0
 629 0035 00       		.byte	0
 630 0036 05       		.uleb128 0x5
 631 0037 16       		.uleb128 0x16
 632 0038 00       		.byte	0
 633 0039 03       		.uleb128 0x3
 634 003a 0E       		.uleb128 0xe
 635 003b 3A       		.uleb128 0x3a
 636 003c 0B       		.uleb128 0xb
 637 003d 3B       		.uleb128 0x3b
 638 003e 05       		.uleb128 0x5
 639 003f 49       		.uleb128 0x49
 640 0040 13       		.uleb128 0x13
 641 0041 00       		.byte	0
 642 0042 00       		.byte	0
 643 0043 06       		.uleb128 0x6
 644 0044 2E       		.uleb128 0x2e
 645 0045 01       		.byte	0x1
 646 0046 3F       		.uleb128 0x3f
 647 0047 19       		.uleb128 0x19
 648 0048 03       		.uleb128 0x3
 649 0049 0E       		.uleb128 0xe
 650 004a 3A       		.uleb128 0x3a
 651 004b 0B       		.uleb128 0xb
 652 004c 3B       		.uleb128 0x3b
 653 004d 0B       		.uleb128 0xb
 654 004e 27       		.uleb128 0x27
 655 004f 19       		.uleb128 0x19
 656 0050 11       		.uleb128 0x11
 657 0051 01       		.uleb128 0x1
 658 0052 12       		.uleb128 0x12
 659 0053 06       		.uleb128 0x6
ARM GAS  C:\Users\DGILLI~1\AppData\Local\Temp\ccaQkdar.s 			page 15


 660 0054 40       		.uleb128 0x40
 661 0055 18       		.uleb128 0x18
 662 0056 9742     		.uleb128 0x2117
 663 0058 19       		.uleb128 0x19
 664 0059 01       		.uleb128 0x1
 665 005a 13       		.uleb128 0x13
 666 005b 00       		.byte	0
 667 005c 00       		.byte	0
 668 005d 07       		.uleb128 0x7
 669 005e 05       		.uleb128 0x5
 670 005f 00       		.byte	0
 671 0060 03       		.uleb128 0x3
 672 0061 0E       		.uleb128 0xe
 673 0062 3A       		.uleb128 0x3a
 674 0063 0B       		.uleb128 0xb
 675 0064 3B       		.uleb128 0x3b
 676 0065 0B       		.uleb128 0xb
 677 0066 49       		.uleb128 0x49
 678 0067 13       		.uleb128 0x13
 679 0068 02       		.uleb128 0x2
 680 0069 17       		.uleb128 0x17
 681 006a 00       		.byte	0
 682 006b 00       		.byte	0
 683 006c 08       		.uleb128 0x8
 684 006d 34       		.uleb128 0x34
 685 006e 00       		.byte	0
 686 006f 03       		.uleb128 0x3
 687 0070 0E       		.uleb128 0xe
 688 0071 3A       		.uleb128 0x3a
 689 0072 0B       		.uleb128 0xb
 690 0073 3B       		.uleb128 0x3b
 691 0074 0B       		.uleb128 0xb
 692 0075 49       		.uleb128 0x49
 693 0076 13       		.uleb128 0x13
 694 0077 02       		.uleb128 0x2
 695 0078 17       		.uleb128 0x17
 696 0079 00       		.byte	0
 697 007a 00       		.byte	0
 698 007b 09       		.uleb128 0x9
 699 007c 898201   		.uleb128 0x4109
 700 007f 01       		.byte	0x1
 701 0080 11       		.uleb128 0x11
 702 0081 01       		.uleb128 0x1
 703 0082 31       		.uleb128 0x31
 704 0083 13       		.uleb128 0x13
 705 0084 01       		.uleb128 0x1
 706 0085 13       		.uleb128 0x13
 707 0086 00       		.byte	0
 708 0087 00       		.byte	0
 709 0088 0A       		.uleb128 0xa
 710 0089 8A8201   		.uleb128 0x410a
 711 008c 00       		.byte	0
 712 008d 02       		.uleb128 0x2
 713 008e 18       		.uleb128 0x18
 714 008f 9142     		.uleb128 0x2111
 715 0091 18       		.uleb128 0x18
 716 0092 00       		.byte	0
ARM GAS  C:\Users\DGILLI~1\AppData\Local\Temp\ccaQkdar.s 			page 16


 717 0093 00       		.byte	0
 718 0094 0B       		.uleb128 0xb
 719 0095 898201   		.uleb128 0x4109
 720 0098 01       		.byte	0x1
 721 0099 11       		.uleb128 0x11
 722 009a 01       		.uleb128 0x1
 723 009b 31       		.uleb128 0x31
 724 009c 13       		.uleb128 0x13
 725 009d 00       		.byte	0
 726 009e 00       		.byte	0
 727 009f 0C       		.uleb128 0xc
 728 00a0 2E       		.uleb128 0x2e
 729 00a1 01       		.byte	0x1
 730 00a2 3F       		.uleb128 0x3f
 731 00a3 19       		.uleb128 0x19
 732 00a4 03       		.uleb128 0x3
 733 00a5 0E       		.uleb128 0xe
 734 00a6 3A       		.uleb128 0x3a
 735 00a7 0B       		.uleb128 0xb
 736 00a8 3B       		.uleb128 0x3b
 737 00a9 0B       		.uleb128 0xb
 738 00aa 27       		.uleb128 0x27
 739 00ab 19       		.uleb128 0x19
 740 00ac 49       		.uleb128 0x49
 741 00ad 13       		.uleb128 0x13
 742 00ae 8701     		.uleb128 0x87
 743 00b0 19       		.uleb128 0x19
 744 00b1 11       		.uleb128 0x11
 745 00b2 01       		.uleb128 0x1
 746 00b3 12       		.uleb128 0x12
 747 00b4 06       		.uleb128 0x6
 748 00b5 40       		.uleb128 0x40
 749 00b6 18       		.uleb128 0x18
 750 00b7 9742     		.uleb128 0x2117
 751 00b9 19       		.uleb128 0x19
 752 00ba 01       		.uleb128 0x1
 753 00bb 13       		.uleb128 0x13
 754 00bc 00       		.byte	0
 755 00bd 00       		.byte	0
 756 00be 0D       		.uleb128 0xd
 757 00bf 34       		.uleb128 0x34
 758 00c0 00       		.byte	0
 759 00c1 03       		.uleb128 0x3
 760 00c2 0E       		.uleb128 0xe
 761 00c3 3A       		.uleb128 0x3a
 762 00c4 0B       		.uleb128 0xb
 763 00c5 3B       		.uleb128 0x3b
 764 00c6 0B       		.uleb128 0xb
 765 00c7 49       		.uleb128 0x49
 766 00c8 13       		.uleb128 0x13
 767 00c9 02       		.uleb128 0x2
 768 00ca 18       		.uleb128 0x18
 769 00cb 00       		.byte	0
 770 00cc 00       		.byte	0
 771 00cd 0E       		.uleb128 0xe
 772 00ce 898201   		.uleb128 0x4109
 773 00d1 00       		.byte	0
ARM GAS  C:\Users\DGILLI~1\AppData\Local\Temp\ccaQkdar.s 			page 17


 774 00d2 11       		.uleb128 0x11
 775 00d3 01       		.uleb128 0x1
 776 00d4 31       		.uleb128 0x31
 777 00d5 13       		.uleb128 0x13
 778 00d6 00       		.byte	0
 779 00d7 00       		.byte	0
 780 00d8 0F       		.uleb128 0xf
 781 00d9 01       		.uleb128 0x1
 782 00da 01       		.byte	0x1
 783 00db 49       		.uleb128 0x49
 784 00dc 13       		.uleb128 0x13
 785 00dd 01       		.uleb128 0x1
 786 00de 13       		.uleb128 0x13
 787 00df 00       		.byte	0
 788 00e0 00       		.byte	0
 789 00e1 10       		.uleb128 0x10
 790 00e2 21       		.uleb128 0x21
 791 00e3 00       		.byte	0
 792 00e4 49       		.uleb128 0x49
 793 00e5 13       		.uleb128 0x13
 794 00e6 2F       		.uleb128 0x2f
 795 00e7 0B       		.uleb128 0xb
 796 00e8 00       		.byte	0
 797 00e9 00       		.byte	0
 798 00ea 11       		.uleb128 0x11
 799 00eb 34       		.uleb128 0x34
 800 00ec 00       		.byte	0
 801 00ed 03       		.uleb128 0x3
 802 00ee 0E       		.uleb128 0xe
 803 00ef 3A       		.uleb128 0x3a
 804 00f0 0B       		.uleb128 0xb
 805 00f1 3B       		.uleb128 0x3b
 806 00f2 05       		.uleb128 0x5
 807 00f3 49       		.uleb128 0x49
 808 00f4 13       		.uleb128 0x13
 809 00f5 3F       		.uleb128 0x3f
 810 00f6 19       		.uleb128 0x19
 811 00f7 3C       		.uleb128 0x3c
 812 00f8 19       		.uleb128 0x19
 813 00f9 00       		.byte	0
 814 00fa 00       		.byte	0
 815 00fb 12       		.uleb128 0x12
 816 00fc 35       		.uleb128 0x35
 817 00fd 00       		.byte	0
 818 00fe 49       		.uleb128 0x49
 819 00ff 13       		.uleb128 0x13
 820 0100 00       		.byte	0
 821 0101 00       		.byte	0
 822 0102 13       		.uleb128 0x13
 823 0103 34       		.uleb128 0x34
 824 0104 00       		.byte	0
 825 0105 03       		.uleb128 0x3
 826 0106 0E       		.uleb128 0xe
 827 0107 3A       		.uleb128 0x3a
 828 0108 0B       		.uleb128 0xb
 829 0109 3B       		.uleb128 0x3b
 830 010a 0B       		.uleb128 0xb
ARM GAS  C:\Users\DGILLI~1\AppData\Local\Temp\ccaQkdar.s 			page 18


 831 010b 49       		.uleb128 0x49
 832 010c 13       		.uleb128 0x13
 833 010d 3F       		.uleb128 0x3f
 834 010e 19       		.uleb128 0x19
 835 010f 02       		.uleb128 0x2
 836 0110 18       		.uleb128 0x18
 837 0111 00       		.byte	0
 838 0112 00       		.byte	0
 839 0113 14       		.uleb128 0x14
 840 0114 2E       		.uleb128 0x2e
 841 0115 00       		.byte	0
 842 0116 3F       		.uleb128 0x3f
 843 0117 19       		.uleb128 0x19
 844 0118 3C       		.uleb128 0x3c
 845 0119 19       		.uleb128 0x19
 846 011a 6E       		.uleb128 0x6e
 847 011b 0E       		.uleb128 0xe
 848 011c 03       		.uleb128 0x3
 849 011d 0E       		.uleb128 0xe
 850 011e 3A       		.uleb128 0x3a
 851 011f 0B       		.uleb128 0xb
 852 0120 3B       		.uleb128 0x3b
 853 0121 0B       		.uleb128 0xb
 854 0122 00       		.byte	0
 855 0123 00       		.byte	0
 856 0124 15       		.uleb128 0x15
 857 0125 2E       		.uleb128 0x2e
 858 0126 00       		.byte	0
 859 0127 3F       		.uleb128 0x3f
 860 0128 19       		.uleb128 0x19
 861 0129 3C       		.uleb128 0x3c
 862 012a 19       		.uleb128 0x19
 863 012b 6E       		.uleb128 0x6e
 864 012c 0E       		.uleb128 0xe
 865 012d 03       		.uleb128 0x3
 866 012e 0E       		.uleb128 0xe
 867 012f 3A       		.uleb128 0x3a
 868 0130 0B       		.uleb128 0xb
 869 0131 3B       		.uleb128 0x3b
 870 0132 05       		.uleb128 0x5
 871 0133 00       		.byte	0
 872 0134 00       		.byte	0
 873 0135 00       		.byte	0
 874              		.section	.debug_loc,"",%progbits
 875              	.Ldebug_loc0:
 876              	.LLST0:
 877 0000 00000000 		.4byte	.LVL0
 878 0004 06000000 		.4byte	.LVL2
 879 0008 0100     		.2byte	0x1
 880 000a 50       		.byte	0x50
 881 000b 06000000 		.4byte	.LVL2
 882 000f 28000000 		.4byte	.LFE64
 883 0013 0400     		.2byte	0x4
 884 0015 F3       		.byte	0xf3
 885 0016 01       		.uleb128 0x1
 886 0017 50       		.byte	0x50
 887 0018 9F       		.byte	0x9f
ARM GAS  C:\Users\DGILLI~1\AppData\Local\Temp\ccaQkdar.s 			page 19


 888 0019 00000000 		.4byte	0
 889 001d 00000000 		.4byte	0
 890              	.LLST1:
 891 0021 04000000 		.4byte	.LVL1
 892 0025 06000000 		.4byte	.LVL2
 893 0029 0100     		.2byte	0x1
 894 002b 50       		.byte	0x50
 895 002c 06000000 		.4byte	.LVL2
 896 0030 28000000 		.4byte	.LFE64
 897 0034 0100     		.2byte	0x1
 898 0036 54       		.byte	0x54
 899 0037 00000000 		.4byte	0
 900 003b 00000000 		.4byte	0
 901              	.LLST2:
 902 003f 4C000000 		.4byte	.LVL21
 903 0043 54000000 		.4byte	.LVL22
 904 0047 0100     		.2byte	0x1
 905 0049 50       		.byte	0x50
 906 004a 5A000000 		.4byte	.LVL24
 907 004e 5F000000 		.4byte	.LVL25-1
 908 0052 0100     		.2byte	0x1
 909 0054 50       		.byte	0x50
 910 0055 00000000 		.4byte	0
 911 0059 00000000 		.4byte	0
 912              	.LLST3:
 913 005d 18000000 		.4byte	.LVL11
 914 0061 1A000000 		.4byte	.LVL12
 915 0065 0100     		.2byte	0x1
 916 0067 50       		.byte	0x50
 917 0068 1A000000 		.4byte	.LVL12
 918 006c 70000000 		.4byte	.LFE65
 919 0070 0100     		.2byte	0x1
 920 0072 54       		.byte	0x54
 921 0073 00000000 		.4byte	0
 922 0077 00000000 		.4byte	0
 923              		.section	.debug_aranges,"",%progbits
 924 0000 24000000 		.4byte	0x24
 925 0004 0200     		.2byte	0x2
 926 0006 00000000 		.4byte	.Ldebug_info0
 927 000a 04       		.byte	0x4
 928 000b 00       		.byte	0
 929 000c 0000     		.2byte	0
 930 000e 0000     		.2byte	0
 931 0010 00000000 		.4byte	.LFB64
 932 0014 28000000 		.4byte	.LFE64-.LFB64
 933 0018 00000000 		.4byte	.LFB65
 934 001c 70000000 		.4byte	.LFE65-.LFB65
 935 0020 00000000 		.4byte	0
 936 0024 00000000 		.4byte	0
 937              		.section	.debug_ranges,"",%progbits
 938              	.Ldebug_ranges0:
 939 0000 00000000 		.4byte	.LFB64
 940 0004 28000000 		.4byte	.LFE64
 941 0008 00000000 		.4byte	.LFB65
 942 000c 70000000 		.4byte	.LFE65
 943 0010 00000000 		.4byte	0
 944 0014 00000000 		.4byte	0
ARM GAS  C:\Users\DGILLI~1\AppData\Local\Temp\ccaQkdar.s 			page 20


 945              		.section	.debug_line,"",%progbits
 946              	.Ldebug_line0:
 947 0000 18020000 		.section	.debug_str,"MS",%progbits,1
 947      0200D501 
 947      00000201 
 947      FB0E0D00 
 947      01010101 
 948              	.LASF6:
 949 0000 6C6F6E67 		.ascii	"long long int\000"
 949      206C6F6E 
 949      6720696E 
 949      7400
 950              	.LASF31:
 951 000e 72756E46 		.ascii	"runFrontPanel\000"
 951      726F6E74 
 951      50616E65 
 951      6C00
 952              	.LASF43:
 953 001c 433A5C55 		.ascii	"C:\\Users\\dgilliland\\Documents\\GitHub\\Retro-Com"
 953      73657273 
 953      5C646769 
 953      6C6C696C 
 953      616E645C 
 954 004a 70757465 		.ascii	"puters\\Z80\\PSOC\\PSOC_Design_Files\\Z80-PSoC-3-Ch"
 954      72735C5A 
 954      38305C50 
 954      534F435C 
 954      50534F43 
 955 0079 6970735F 		.ascii	"ips_002\\Z80_3Pin.cydsn\000"
 955      3030325C 
 955      5A38305F 
 955      3350696E 
 955      2E637964 
 956              	.LASF9:
 957 0090 5F5F696E 		.ascii	"__int32_t\000"
 957      7433325F 
 957      7400
 958              	.LASF36:
 959 009a 55534255 		.ascii	"USBUART_GetAll\000"
 959      4152545F 
 959      47657441 
 959      6C6C00
 960              	.LASF15:
 961 00a9 646F7562 		.ascii	"double\000"
 961      6C6500
 962              	.LASF33:
 963 00b0 55534255 		.ascii	"USBUART_GetConfiguration\000"
 963      4152545F 
 963      47657443 
 963      6F6E6669 
 963      67757261 
 964              	.LASF28:
 965 00c9 4932435F 		.ascii	"I2C_Start\000"
 965      53746172 
 965      7400
 966              	.LASF14:
 967 00d3 666C6F61 		.ascii	"float\000"
ARM GAS  C:\Users\DGILLI~1\AppData\Local\Temp\ccaQkdar.s 			page 21


 967      7400
 968              	.LASF1:
 969 00d9 756E7369 		.ascii	"unsigned char\000"
 969      676E6564 
 969      20636861 
 969      7200
 970              	.LASF41:
 971 00e7 474E5520 		.ascii	"GNU C11 5.4.1 20160609 (release) [ARM/embedded-5-br"
 971      43313120 
 971      352E342E 
 971      31203230 
 971      31363036 
 972 011a 616E6368 		.ascii	"anch revision 237715] -mcpu=cortex-m3 -mthumb -g -O"
 972      20726576 
 972      6973696F 
 972      6E203233 
 972      37373135 
 973 014d 67202D66 		.ascii	"g -ffunction-sections -ffat-lto-objects\000"
 973      66756E63 
 973      74696F6E 
 973      2D736563 
 973      74696F6E 
 974              	.LASF39:
 975 0175 494F5F53 		.ascii	"IO_Stat_Reg_Read\000"
 975      7461745F 
 975      5265675F 
 975      52656164 
 975      00
 976              	.LASF3:
 977 0186 73686F72 		.ascii	"short unsigned int\000"
 977      7420756E 
 977      7369676E 
 977      65642069 
 977      6E7400
 978              	.LASF40:
 979 0199 48616E64 		.ascii	"HandleZ80IO\000"
 979      6C655A38 
 979      30494F00 
 980              	.LASF23:
 981 01a5 49544D5F 		.ascii	"ITM_RxBuffer\000"
 981      52784275 
 981      66666572 
 981      00
 982              	.LASF44:
 983 01b2 506F7374 		.ascii	"PostLed\000"
 983      4C656400 
 984              	.LASF5:
 985 01ba 6C6F6E67 		.ascii	"long unsigned int\000"
 985      20756E73 
 985      69676E65 
 985      6420696E 
 985      7400
 986              	.LASF38:
 987 01cc 70757442 		.ascii	"putBufferToZ80\000"
 987      75666665 
 987      72546F5A 
 987      383000
ARM GAS  C:\Users\DGILLI~1\AppData\Local\Temp\ccaQkdar.s 			page 22


 988              	.LASF24:
 989 01db 4C454473 		.ascii	"LEDsVal\000"
 989      56616C00 
 990              	.LASF32:
 991 01e3 55534255 		.ascii	"USBUART_IsConfigurationChanged\000"
 991      4152545F 
 991      4973436F 
 991      6E666967 
 991      75726174 
 992              	.LASF12:
 993 0202 75696E74 		.ascii	"uint16\000"
 993      313600
 994              	.LASF13:
 995 0209 75696E74 		.ascii	"uint32\000"
 995      333200
 996              	.LASF45:
 997 0210 6D61696E 		.ascii	"main\000"
 997      00
 998              	.LASF27:
 999 0215 55534255 		.ascii	"USBUART_Start\000"
 999      4152545F 
 999      53746172 
 999      7400
 1000              	.LASF29:
 1001 0223 54657374 		.ascii	"TestSRAM\000"
 1001      5352414D 
 1001      00
 1002              	.LASF8:
 1003 022c 756E7369 		.ascii	"unsigned int\000"
 1003      676E6564 
 1003      20696E74 
 1003      00
 1004              	.LASF34:
 1005 0239 55534255 		.ascii	"USBUART_CDC_Init\000"
 1005      4152545F 
 1005      4344435F 
 1005      496E6974 
 1005      00
 1006              	.LASF7:
 1007 024a 6C6F6E67 		.ascii	"long long unsigned int\000"
 1007      206C6F6E 
 1007      6720756E 
 1007      7369676E 
 1007      65642069 
 1008              	.LASF22:
 1009 0261 706F7374 		.ascii	"postVal\000"
 1009      56616C00 
 1010              	.LASF35:
 1011 0269 55534255 		.ascii	"USBUART_DataIsReady\000"
 1011      4152545F 
 1011      44617461 
 1011      49735265 
 1011      61647900 
 1012              	.LASF37:
 1013 027d 73656E64 		.ascii	"sendCharToZ80\000"
 1013      43686172 
 1013      546F5A38 
ARM GAS  C:\Users\DGILLI~1\AppData\Local\Temp\ccaQkdar.s 			page 23


 1013      3000
 1014              	.LASF10:
 1015 028b 696E7433 		.ascii	"int32_t\000"
 1015      325F7400 
 1016              	.LASF18:
 1017 0293 73697A65 		.ascii	"sizetype\000"
 1017      74797065 
 1017      00
 1018              	.LASF19:
 1019 029c 626C696E 		.ascii	"blinkCount\000"
 1019      6B436F75 
 1019      6E7400
 1020              	.LASF42:
 1021 02a7 6D61696E 		.ascii	"main.c\000"
 1021      2E6300
 1022              	.LASF16:
 1023 02ae 63686172 		.ascii	"char\000"
 1023      00
 1024              	.LASF25:
 1025 02b3 494F5F43 		.ascii	"IO_Ctrl_Reg_Write\000"
 1025      74726C5F 
 1025      5265675F 
 1025      57726974 
 1025      6500
 1026              	.LASF20:
 1027 02c5 636F756E 		.ascii	"count\000"
 1027      7400
 1028              	.LASF2:
 1029 02cb 73686F72 		.ascii	"short int\000"
 1029      7420696E 
 1029      7400
 1030              	.LASF21:
 1031 02d5 62756666 		.ascii	"buffer\000"
 1031      657200
 1032              	.LASF11:
 1033 02dc 75696E74 		.ascii	"uint8\000"
 1033      3800
 1034              	.LASF30:
 1035 02e2 6C6F6164 		.ascii	"loadSRAM\000"
 1035      5352414D 
 1035      00
 1036              	.LASF4:
 1037 02eb 6C6F6E67 		.ascii	"long int\000"
 1037      20696E74 
 1037      00
 1038              	.LASF17:
 1039 02f4 6C6F6E67 		.ascii	"long double\000"
 1039      20646F75 
 1039      626C6500 
 1040              	.LASF0:
 1041 0300 7369676E 		.ascii	"signed char\000"
 1041      65642063 
 1041      68617200 
 1042              	.LASF26:
 1043 030c 43794465 		.ascii	"CyDelay\000"
 1043      6C617900 
 1044              		.ident	"GCC: (GNU Tools for ARM Embedded Processors) 5.4.1 20160609 (release) [ARM/embedded-5-bran
ARM GAS  C:\Users\DGILLI~1\AppData\Local\Temp\ccaQkdar.s 			page 24


