--------------- Rebuild Started: 09/22/2019 18:41:13 Project: Z80_3Pin, Configuration: ARM GCC 5.4-2016-q2-update Debug ---------------
Deleting file ".\CortexM3\ARM_GCC_541\Debug\main.o"
Deleting file ".\CortexM3\ARM_GCC_541\Debug\cyfitter_cfg.o"
Deleting file ".\CortexM3\ARM_GCC_541\Debug\cymetadata.o"
Deleting file ".\CortexM3\ARM_GCC_541\Debug\CPUD0.o"
Deleting file ".\CortexM3\ARM_GCC_541\Debug\CPUD1.o"
Deleting file ".\CortexM3\ARM_GCC_541\Debug\CPUD2.o"
Deleting file ".\CortexM3\ARM_GCC_541\Debug\CPUD3.o"
Deleting file ".\CortexM3\ARM_GCC_541\Debug\CPUD4.o"
Deleting file ".\CortexM3\ARM_GCC_541\Debug\CPUD5.o"
Deleting file ".\CortexM3\ARM_GCC_541\Debug\CPUD6.o"
Deleting file ".\CortexM3\ARM_GCC_541\Debug\CPUD7.o"
Deleting file ".\CortexM3\ARM_GCC_541\Debug\Control_Reg_1.o"
Deleting file ".\CortexM3\ARM_GCC_541\Debug\Control_Reg_1_PM.o"
Deleting file ".\CortexM3\ARM_GCC_541\Debug\Status_Reg_1.o"
Deleting file ".\CortexM3\ARM_GCC_541\Debug\Clock_1.o"
Deleting file ".\CortexM3\ARM_GCC_541\Debug\IORQ_n.o"
Deleting file ".\CortexM3\ARM_GCC_541\Debug\cy_em_eeprom.o"
Deleting file ".\CortexM3\ARM_GCC_541\Debug\Cm3Start.o"
Deleting file ".\CortexM3\ARM_GCC_541\Debug\CyBootAsmGnu.o"
Deleting file ".\CortexM3\ARM_GCC_541\Debug\CyDmac.o"
Deleting file ".\CortexM3\ARM_GCC_541\Debug\CyFlash.o"
Deleting file ".\CortexM3\ARM_GCC_541\Debug\CyLib.o"
Deleting file ".\CortexM3\ARM_GCC_541\Debug\cyPm.o"
Deleting file ".\CortexM3\ARM_GCC_541\Debug\CySpc.o"
Deleting file ".\CortexM3\ARM_GCC_541\Debug\cyutils.o"
Deleting file ".\CortexM3\ARM_GCC_541\Debug\CPURD_n.o"
Deleting file ".\CortexM3\ARM_GCC_541\Debug\Status_Reg_2.o"
Deleting file ".\CortexM3\ARM_GCC_541\Debug\CPUA0.o"
Deleting file ".\CortexM3\ARM_GCC_541\Debug\CPUA1.o"
Deleting file ".\CortexM3\ARM_GCC_541\Debug\CPUA2.o"
Deleting file ".\CortexM3\ARM_GCC_541\Debug\CPUA3.o"
Deleting file ".\CortexM3\ARM_GCC_541\Debug\CPUA4.o"
Deleting file ".\CortexM3\ARM_GCC_541\Debug\CPUA5.o"
Deleting file ".\CortexM3\ARM_GCC_541\Debug\CPUA6.o"
Deleting file ".\CortexM3\ARM_GCC_541\Debug\CPUA7.o"
Deleting file ".\CortexM3\ARM_GCC_541\Debug\AdrLowIn.o"
Deleting file ".\CortexM3\ARM_GCC_541\Debug\AdrLowOut.o"
Deleting file ".\CortexM3\ARM_GCC_541\Debug\AdrLowOut_PM.o"
Deleting file ".\CortexM3\ARM_GCC_541\Debug\MemCtlReg.o"
Deleting file ".\CortexM3\ARM_GCC_541\Debug\MemCtlReg_PM.o"
Deleting file ".\CortexM3\ARM_GCC_541\Debug\WAIT_n.o"
Deleting file ".\CortexM3\ARM_GCC_541\Debug\USBUART_1.o"
Deleting file ".\CortexM3\ARM_GCC_541\Debug\USBUART_1_audio.o"
Deleting file ".\CortexM3\ARM_GCC_541\Debug\USBUART_1_boot.o"
Deleting file ".\CortexM3\ARM_GCC_541\Debug\USBUART_1_cdc.o"
Deleting file ".\CortexM3\ARM_GCC_541\Debug\USBUART_1_cls.o"
Deleting file ".\CortexM3\ARM_GCC_541\Debug\USBUART_1_descr.o"
Deleting file ".\CortexM3\ARM_GCC_541\Debug\USBUART_1_drv.o"
Deleting file ".\CortexM3\ARM_GCC_541\Debug\USBUART_1_episr.o"
Deleting file ".\CortexM3\ARM_GCC_541\Debug\USBUART_1_hid.o"
Deleting file ".\CortexM3\ARM_GCC_541\Debug\USBUART_1_pm.o"
Deleting file ".\CortexM3\ARM_GCC_541\Debug\USBUART_1_std.o"
Deleting file ".\CortexM3\ARM_GCC_541\Debug\USBUART_1_vnd.o"
Deleting file ".\CortexM3\ARM_GCC_541\Debug\USBUART_1_midi.o"
Deleting file ".\CortexM3\ARM_GCC_541\Debug\USBUART_1_msc.o"
Deleting file ".\CortexM3\ARM_GCC_541\Debug\USBUART_1_Dm.o"
Deleting file ".\CortexM3\ARM_GCC_541\Debug\USBUART_1_Dp.o"
Deleting file ".\CortexM3\ARM_GCC_541\Debug\UART_1.o"
Deleting file ".\CortexM3\ARM_GCC_541\Debug\UART_1_PM.o"
Deleting file ".\CortexM3\ARM_GCC_541\Debug\UART_1_INT.o"
Deleting file ".\CortexM3\ARM_GCC_541\Debug\UART_1_BOOT.o"
Deleting file ".\CortexM3\ARM_GCC_541\Debug\UART_1_IntClock.o"
Deleting file ".\CortexM3\ARM_GCC_541\Debug\CTS_n.o"
Deleting file ".\CortexM3\ARM_GCC_541\Debug\RTS_n.o"
Deleting file ".\CortexM3\ARM_GCC_541\Debug\CPUWR_n.o"
Deleting file ".\CortexM3\ARM_GCC_541\Debug\CPUA13.o"
Deleting file ".\CortexM3\ARM_GCC_541\Debug\CPUA14.o"
Deleting file ".\CortexM3\ARM_GCC_541\Debug\CPUA15.o"
Deleting file ".\CortexM3\ARM_GCC_541\Debug\SRAMA13.o"
Deleting file ".\CortexM3\ARM_GCC_541\Debug\SRAMA14.o"
Deleting file ".\CortexM3\ARM_GCC_541\Debug\SRAMA15.o"
Deleting file ".\CortexM3\ARM_GCC_541\Debug\SRAMA16.o"
Deleting file ".\CortexM3\ARM_GCC_541\Debug\SRAMA17.o"
Deleting file ".\CortexM3\ARM_GCC_541\Debug\SRAMA18.o"
Deleting file ".\CortexM3\ARM_GCC_541\Debug\TOP_ADDR_REG.o"
Deleting file ".\CortexM3\ARM_GCC_541\Debug\TOP_ADDR_REG_PM.o"
Deleting file ".\CortexM3\ARM_GCC_541\Debug\CPUA8.o"
Deleting file ".\CortexM3\ARM_GCC_541\Debug\CPUA9.o"
Deleting file ".\CortexM3\ARM_GCC_541\Debug\CPUA10.o"
Deleting file ".\CortexM3\ARM_GCC_541\Debug\CPUA11.o"
Deleting file ".\CortexM3\ARM_GCC_541\Debug\CPUA12.o"
Deleting file ".\CortexM3\ARM_GCC_541\Debug\LED.o"
Deleting file ".\CortexM3\ARM_GCC_541\Debug\SDA_1.o"
Deleting file ".\CortexM3\ARM_GCC_541\Debug\SCL_1.o"
Deleting file ".\CortexM3\ARM_GCC_541\Debug\Clock_2.o"
Deleting file ".\CortexM3\ARM_GCC_541\Debug\I2C_1.o"
Deleting file ".\CortexM3\ARM_GCC_541\Debug\I2C_1_BOOT.o"
Deleting file ".\CortexM3\ARM_GCC_541\Debug\I2C_1_INT.o"
Deleting file ".\CortexM3\ARM_GCC_541\Debug\I2C_1_PM.o"
Deleting file ".\CortexM3\ARM_GCC_541\Debug\I2C_1_SLAVE.o"
Deleting file ".\CortexM3\ARM_GCC_541\Debug\I2C_1_MASTER.o"
Deleting file ".\CortexM3\ARM_GCC_541\Debug\MREQ_n.o"
Deleting file ".\CortexM3\ARM_GCC_541\Debug\BUSRQ_n.o"
Deleting file ".\CortexM3\ARM_GCC_541\Debug\MEMWR_n.o"
Deleting file ".\CortexM3\ARM_GCC_541\Debug\MEMRD_n.o"
Deleting file ".\CortexM3\ARM_GCC_541\Debug\M1_n.o"
Deleting file ".\CortexM3\ARM_GCC_541\Debug\INT_n.o"
Deleting file ".\CortexM3\ARM_GCC_541\Debug\NMI_n.o"
Deleting file ".\CortexM3\ARM_GCC_541\Debug\HALT_n.o"
Deleting file ".\CortexM3\ARM_GCC_541\Debug\MID_ADDR_REG.o"
Deleting file ".\CortexM3\ARM_GCC_541\Debug\MID_ADDR_REG_PM.o"
Deleting file ".\CortexM3\ARM_GCC_541\Debug\SRAMCS_n.o"
Deleting file ".\CortexM3\ARM_GCC_541\Debug\Z80_3Pin.hex"
Deleting file ".\CortexM3\ARM_GCC_541\Debug\Z80_3Pin.elf"
Deleting file ".\CortexM3\ARM_GCC_541\Debug\Z80_3Pin.map"
Deleting file ".\Z80_3Pin.rpt"
Deleting file ".\Z80_3Pin_timing.html"
Deleting file ".\CortexM3\ARM_GCC_541\Debug\.deps\SOURCE_C__ARM_GCC_GENERIC.P"
Deleting file ".\CortexM3\ARM_GCC_541\Debug\.deps\SOURCE_ASM__ARM_GCC_GENERIC.P"
cydsfit.exe -.appdatapath "C:\Users\HPz420\AppData\Local\Cypress Semiconductor\PSoC Creator\4.2" -.fdsnotice -.fdswarpdepfile=warp_dependencies.txt -.fdselabdepfile=elab_dependencies.txt -.fdsbldfile=generated_files.txt -.fdsreffile=referenced_files.txt -p C:\Users\HPz420\Documents\GitHub\Retro-Computers\Z80\PSOC\PSOC_Design_Files\Workspace01\Z80_3Pin.cydsn\Z80_3Pin.cyprj -d CY8C5287AXI-LP095 -s C:\Users\HPz420\Documents\GitHub\Retro-Computers\Z80\PSOC\PSOC_Design_Files\Workspace01\Z80_3Pin.cydsn\Generated_Source\PSoC5 -- -yv2 -q10 -ygs -o2 -v3 -.fftcfgtype=LE
Elaborating Design...
ADD: sdb.M0017: error: No drivers on signal "DRV_RAM", bit(s) "0".
 * C:\Users\HPz420\Documents\GitHub\Retro-Computers\Z80\PSOC\PSOC_Design_Files\Workspace01\Z80_3Pin.cydsn\TopDesign\TopDesign.cysch (Signal: DRV_RAM)
 * C:\Users\HPz420\Documents\GitHub\Retro-Computers\Z80\PSOC\PSOC_Design_Files\Workspace01\Z80_3Pin.cydsn\TopDesign\TopDesign.cysch (Shape_130.6)
 * C:\Users\HPz420\Documents\GitHub\Retro-Computers\Z80\PSOC\PSOC_Design_Files\Workspace01\Z80_3Pin.cydsn\TopDesign\TopDesign.cysch (Shape_131.6)
 * C:\Users\HPz420\Documents\GitHub\Retro-Computers\Z80\PSOC\PSOC_Design_Files\Workspace01\Z80_3Pin.cydsn\TopDesign\TopDesign.cysch (Shape_132.6)
 * C:\Users\HPz420\Documents\GitHub\Retro-Computers\Z80\PSOC\PSOC_Design_Files\Workspace01\Z80_3Pin.cydsn\TopDesign\TopDesign.cysch (Shape_133.6)
 * C:\Users\HPz420\Documents\GitHub\Retro-Computers\Z80\PSOC\PSOC_Design_Files\Workspace01\Z80_3Pin.cydsn\TopDesign\TopDesign.cysch (Shape_134.6)
 * C:\Users\HPz420\Documents\GitHub\Retro-Computers\Z80\PSOC\PSOC_Design_Files\Workspace01\Z80_3Pin.cydsn\TopDesign\TopDesign.cysch (Shape_135.6)
 * C:\Users\HPz420\Documents\GitHub\Retro-Computers\Z80\PSOC\PSOC_Design_Files\Workspace01\Z80_3Pin.cydsn\TopDesign\TopDesign.cysch (Shape_136.6)
 * C:\Users\HPz420\Documents\GitHub\Retro-Computers\Z80\PSOC\PSOC_Design_Files\Workspace01\Z80_3Pin.cydsn\TopDesign\TopDesign.cysch (Shape_137.6)
 * C:\Users\HPz420\Documents\GitHub\Retro-Computers\Z80\PSOC\PSOC_Design_Files\Workspace01\Z80_3Pin.cydsn\TopDesign\TopDesign.cysch (Shape_176)
 * C:\Users\HPz420\Documents\GitHub\Retro-Computers\Z80\PSOC\PSOC_Design_Files\Workspace01\Z80_3Pin.cydsn\TopDesign\TopDesign.cysch (Shape_178)
 * C:\Users\HPz420\Documents\GitHub\Retro-Computers\Z80\PSOC\PSOC_Design_Files\Workspace01\Z80_3Pin.cydsn\TopDesign\TopDesign.cysch (Shape_179)
 * C:\Users\HPz420\Documents\GitHub\Retro-Computers\Z80\PSOC\PSOC_Design_Files\Workspace01\Z80_3Pin.cydsn\TopDesign\TopDesign.cysch (Shape_181)
 * C:\Users\HPz420\Documents\GitHub\Retro-Computers\Z80\PSOC\PSOC_Design_Files\Workspace01\Z80_3Pin.cydsn\TopDesign\TopDesign.cysch (Shape_182)
 * C:\Users\HPz420\Documents\GitHub\Retro-Computers\Z80\PSOC\PSOC_Design_Files\Workspace01\Z80_3Pin.cydsn\TopDesign\TopDesign.cysch (Shape_184)
 * C:\Users\HPz420\Documents\GitHub\Retro-Computers\Z80\PSOC\PSOC_Design_Files\Workspace01\Z80_3Pin.cydsn\TopDesign\TopDesign.cysch (Shape_185)
 * C:\Users\HPz420\Documents\GitHub\Retro-Computers\Z80\PSOC\PSOC_Design_Files\Workspace01\Z80_3Pin.cydsn\TopDesign\TopDesign.cysch (Shape_187)
 * C:\Users\HPz420\Documents\GitHub\Retro-Computers\Z80\PSOC\PSOC_Design_Files\Workspace01\Z80_3Pin.cydsn\TopDesign\TopDesign.cysch (Shape_188)
 * C:\Users\HPz420\Documents\GitHub\Retro-Computers\Z80\PSOC\PSOC_Design_Files\Workspace01\Z80_3Pin.cydsn\TopDesign\TopDesign.cysch (Shape_190)
 * C:\Users\HPz420\Documents\GitHub\Retro-Computers\Z80\PSOC\PSOC_Design_Files\Workspace01\Z80_3Pin.cydsn\TopDesign\TopDesign.cysch (Shape_191)
 * C:\Users\HPz420\Documents\GitHub\Retro-Computers\Z80\PSOC\PSOC_Design_Files\Workspace01\Z80_3Pin.cydsn\TopDesign\TopDesign.cysch (Shape_193)
 * C:\Users\HPz420\Documents\GitHub\Retro-Computers\Z80\PSOC\PSOC_Design_Files\Workspace01\Z80_3Pin.cydsn\TopDesign\TopDesign.cysch (Shape_194)
 * C:\Users\HPz420\Documents\GitHub\Retro-Computers\Z80\PSOC\PSOC_Design_Files\Workspace01\Z80_3Pin.cydsn\TopDesign\TopDesign.cysch (Shape_195)
 * C:\Users\HPz420\Documents\GitHub\Retro-Computers\Z80\PSOC\PSOC_Design_Files\Workspace01\Z80_3Pin.cydsn\TopDesign\TopDesign.cysch (Shape_196)
 * C:\Users\HPz420\Documents\GitHub\Retro-Computers\Z80\PSOC\PSOC_Design_Files\Workspace01\Z80_3Pin.cydsn\TopDesign\TopDesign.cysch (Shape_331.9)
 * C:\Users\HPz420\Documents\GitHub\Retro-Computers\Z80\PSOC\PSOC_Design_Files\Workspace01\Z80_3Pin.cydsn\TopDesign\TopDesign.cysch (Shape_333.9)
 * C:\Users\HPz420\Documents\GitHub\Retro-Computers\Z80\PSOC\PSOC_Design_Files\Workspace01\Z80_3Pin.cydsn\TopDesign\TopDesign.cysch (Shape_334.9)
 * C:\Users\HPz420\Documents\GitHub\Retro-Computers\Z80\PSOC\PSOC_Design_Files\Workspace01\Z80_3Pin.cydsn\TopDesign\TopDesign.cysch (Shape_335.9)
 * C:\Users\HPz420\Documents\GitHub\Retro-Computers\Z80\PSOC\PSOC_Design_Files\Workspace01\Z80_3Pin.cydsn\TopDesign\TopDesign.cysch (Shape_336.9)
 * C:\Users\HPz420\Documents\GitHub\Retro-Computers\Z80\PSOC\PSOC_Design_Files\Workspace01\Z80_3Pin.cydsn\TopDesign\TopDesign.cysch (Shape_337.9)
 * C:\Users\HPz420\Documents\GitHub\Retro-Computers\Z80\PSOC\PSOC_Design_Files\Workspace01\Z80_3Pin.cydsn\TopDesign\TopDesign.cysch (Shape_526)
 * C:\Users\HPz420\Documents\GitHub\Retro-Computers\Z80\PSOC\PSOC_Design_Files\Workspace01\Z80_3Pin.cydsn\TopDesign\TopDesign.cysch (Shape_527)
 * C:\Users\HPz420\Documents\GitHub\Retro-Computers\Z80\PSOC\PSOC_Design_Files\Workspace01\Z80_3Pin.cydsn\TopDesign\TopDesign.cysch (Shape_530)
 * C:\Users\HPz420\Documents\GitHub\Retro-Computers\Z80\PSOC\PSOC_Design_Files\Workspace01\Z80_3Pin.cydsn\TopDesign\TopDesign.cysch (Shape_533)
 * C:\Users\HPz420\Documents\GitHub\Retro-Computers\Z80\PSOC\PSOC_Design_Files\Workspace01\Z80_3Pin.cydsn\TopDesign\TopDesign.cysch (Shape_534)
 * C:\Users\HPz420\Documents\GitHub\Retro-Computers\Z80\PSOC\PSOC_Design_Files\Workspace01\Z80_3Pin.cydsn\TopDesign\TopDesign.cysch (Shape_537)
 * C:\Users\HPz420\Documents\GitHub\Retro-Computers\Z80\PSOC\PSOC_Design_Files\Workspace01\Z80_3Pin.cydsn\TopDesign\TopDesign.cysch (Shape_538)
 * C:\Users\HPz420\Documents\GitHub\Retro-Computers\Z80\PSOC\PSOC_Design_Files\Workspace01\Z80_3Pin.cydsn\TopDesign\TopDesign.cysch (Shape_540)
 * C:\Users\HPz420\Documents\GitHub\Retro-Computers\Z80\PSOC\PSOC_Design_Files\Workspace01\Z80_3Pin.cydsn\TopDesign\TopDesign.cysch (Shape_542)
 * C:\Users\HPz420\Documents\GitHub\Retro-Computers\Z80\PSOC\PSOC_Design_Files\Workspace01\Z80_3Pin.cydsn\TopDesign\TopDesign.cysch (Shape_545)
 * C:\Users\HPz420\Documents\GitHub\Retro-Computers\Z80\PSOC\PSOC_Design_Files\Workspace01\Z80_3Pin.cydsn\TopDesign\TopDesign.cysch (Shape_546)
 * C:\Users\HPz420\Documents\GitHub\Retro-Computers\Z80\PSOC\PSOC_Design_Files\Workspace01\Z80_3Pin.cydsn\TopDesign\TopDesign.cysch (Shape_547)
 * C:\Users\HPz420\Documents\GitHub\Retro-Computers\Z80\PSOC\PSOC_Design_Files\Workspace01\Z80_3Pin.cydsn\TopDesign\TopDesign.cysch (Shape_555)
 * C:\Users\HPz420\Documents\GitHub\Retro-Computers\Z80\PSOC\PSOC_Design_Files\Workspace01\Z80_3Pin.cydsn\TopDesign\TopDesign.cysch (Shape_558)
 * C:\Users\HPz420\Documents\GitHub\Retro-Computers\Z80\PSOC\PSOC_Design_Files\Workspace01\Z80_3Pin.cydsn\TopDesign\TopDesign.cysch (Shape_562)
 * C:\Users\HPz420\Documents\GitHub\Retro-Computers\Z80\PSOC\PSOC_Design_Files\Workspace01\Z80_3Pin.cydsn\TopDesign\TopDesign.cysch (Shape_564)
 * C:\Users\HPz420\Documents\GitHub\Retro-Computers\Z80\PSOC\PSOC_Design_Files\Workspace01\Z80_3Pin.cydsn\TopDesign\TopDesign.cysch (Shape_565)
 * C:\Users\HPz420\Documents\GitHub\Retro-Computers\Z80\PSOC\PSOC_Design_Files\Workspace01\Z80_3Pin.cydsn\TopDesign\TopDesign.cysch (Shape_736.9)
 * C:\Users\HPz420\Documents\GitHub\Retro-Computers\Z80\PSOC\PSOC_Design_Files\Workspace01\Z80_3Pin.cydsn\TopDesign\TopDesign.cysch (Shape_737.9)
 * C:\Users\HPz420\Documents\GitHub\Retro-Computers\Z80\PSOC\PSOC_Design_Files\Workspace01\Z80_3Pin.cydsn\TopDesign\TopDesign.cysch (Shape_738.9)
 * C:\Users\HPz420\Documents\GitHub\Retro-Computers\Z80\PSOC\PSOC_Design_Files\Workspace01\Z80_3Pin.cydsn\TopDesign\TopDesign.cysch (Shape_819)
 * C:\Users\HPz420\Documents\GitHub\Retro-Computers\Z80\PSOC\PSOC_Design_Files\Workspace01\Z80_3Pin.cydsn\TopDesign\TopDesign.cysch (Shape_824)
 * C:\Users\HPz420\Documents\GitHub\Retro-Computers\Z80\PSOC\PSOC_Design_Files\Workspace01\Z80_3Pin.cydsn\TopDesign\TopDesign.cysch (Shape_826)
 * C:\Users\HPz420\Documents\GitHub\Retro-Computers\Z80\PSOC\PSOC_Design_Files\Workspace01\Z80_3Pin.cydsn\TopDesign\TopDesign.cysch (Shape_827)
 * C:\Users\HPz420\Documents\GitHub\Retro-Computers\Z80\PSOC\PSOC_Design_Files\Workspace01\Z80_3Pin.cydsn\TopDesign\TopDesign.cysch (Shape_828)
 * C:\Users\HPz420\Documents\GitHub\Retro-Computers\Z80\PSOC\PSOC_Design_Files\Workspace01\Z80_3Pin.cydsn\TopDesign\TopDesign.cysch (Shape_829)
 * C:\Users\HPz420\Documents\GitHub\Retro-Computers\Z80\PSOC\PSOC_Design_Files\Workspace01\Z80_3Pin.cydsn\TopDesign\TopDesign.cysch (Shape_831)
 * C:\Users\HPz420\Documents\GitHub\Retro-Computers\Z80\PSOC\PSOC_Design_Files\Workspace01\Z80_3Pin.cydsn\TopDesign\TopDesign.cysch (Shape_834)
 * C:\Users\HPz420\Documents\GitHub\Retro-Computers\Z80\PSOC\PSOC_Design_Files\Workspace01\Z80_3Pin.cydsn\TopDesign\TopDesign.cysch (Shape_835)
 * C:\Users\HPz420\Documents\GitHub\Retro-Computers\Z80\PSOC\PSOC_Design_Files\Workspace01\Z80_3Pin.cydsn\TopDesign\TopDesign.cysch (Shape_836)
 * C:\Users\HPz420\Documents\GitHub\Retro-Computers\Z80\PSOC\PSOC_Design_Files\Workspace01\Z80_3Pin.cydsn\TopDesign\TopDesign.cysch (Shape_838)
 * C:\Users\HPz420\Documents\GitHub\Retro-Computers\Z80\PSOC\PSOC_Design_Files\Workspace01\Z80_3Pin.cydsn\TopDesign\TopDesign.cysch (Shape_839)
 * C:\Users\HPz420\Documents\GitHub\Retro-Computers\Z80\PSOC\PSOC_Design_Files\Workspace01\Z80_3Pin.cydsn\TopDesign\TopDesign.cysch (Shape_847)
 * C:\Users\HPz420\Documents\GitHub\Retro-Computers\Z80\PSOC\PSOC_Design_Files\Workspace01\Z80_3Pin.cydsn\TopDesign\TopDesign.cysch (Shape_864)
 * C:\Users\HPz420\Documents\GitHub\Retro-Computers\Z80\PSOC\PSOC_Design_Files\Workspace01\Z80_3Pin.cydsn\TopDesign\TopDesign.cysch (Shape_868)
 * C:\Users\HPz420\Documents\GitHub\Retro-Computers\Z80\PSOC\PSOC_Design_Files\Workspace01\Z80_3Pin.cydsn\TopDesign\TopDesign.cysch (Shape_870)
Error: fit.M0050: The fitter aborted due to errors, please address all errors and rebuild. (App=cydsfit)
--------------- Rebuild Failed: 09/22/2019 18:41:18 ---------------
