ARM GAS  C:\Users\santoree\AppData\Local\Temp\ccnbY8NP.s 			page 1


   1              		.syntax unified
   2              		.cpu cortex-m3
   3              		.fpu softvfp
   4              		.eabi_attribute 20, 1
   5              		.eabi_attribute 21, 1
   6              		.eabi_attribute 23, 3
   7              		.eabi_attribute 24, 1
   8              		.eabi_attribute 25, 1
   9              		.eabi_attribute 26, 1
  10              		.eabi_attribute 30, 1
  11              		.eabi_attribute 34, 1
  12              		.eabi_attribute 18, 4
  13              		.thumb
  14              		.syntax unified
  15              		.file	"cymetadata.c"
  16              		.text
  17              	.Ltext0:
  18              		.cfi_sections	.debug_frame
  19              		.global	cy_metadata
  20              		.global	cy_meta_flashprotect
  21              		.global	cy_meta_wonvl
  22              		.global	cy_meta_custnvl
  23              		.global	cy_meta_configecc
  24              		.section	.cyconfigecc,"a",%progbits
  25              		.align	2
  26              		.type	cy_meta_configecc, %object
  27              		.size	cy_meta_configecc, 704
  28              	cy_meta_configecc:
  29 0000 01       		.byte	1
  30 0001 45       		.byte	69
  31 0002 00       		.byte	0
  32 0003 40       		.byte	64
  33 0004 0A       		.byte	10
  34 0005 52       		.byte	82
  35 0006 00       		.byte	0
  36 0007 40       		.byte	64
  37 0008 01       		.byte	1
  38 0009 01       		.byte	1
  39 000a 01       		.byte	1
  40 000b 40       		.byte	64
  41 000c 02       		.byte	2
  42 000d 03       		.byte	3
  43 000e 01       		.byte	1
  44 000f 40       		.byte	64
  45 0010 06       		.byte	6
  46 0011 05       		.byte	5
  47 0012 01       		.byte	1
  48 0013 40       		.byte	64
  49 0014 38       		.byte	56
  50 0015 06       		.byte	6
  51 0016 01       		.byte	1
  52 0017 40       		.byte	64
  53 0018 31       		.byte	49
  54 0019 07       		.byte	7
  55 001a 01       		.byte	1
  56 001b 40       		.byte	64
  57 001c 01       		.byte	1
ARM GAS  C:\Users\santoree\AppData\Local\Temp\ccnbY8NP.s 			page 2


  58 001d 09       		.byte	9
  59 001e 01       		.byte	1
  60 001f 40       		.byte	64
  61 0020 01       		.byte	1
  62 0021 0F       		.byte	15
  63 0022 01       		.byte	1
  64 0023 40       		.byte	64
  65 0024 04       		.byte	4
  66 0025 15       		.byte	21
  67 0026 01       		.byte	1
  68 0027 40       		.byte	64
  69 0028 04       		.byte	4
  70 0029 16       		.byte	22
  71 002a 01       		.byte	1
  72 002b 40       		.byte	64
  73 002c 17       		.byte	23
  74 002d 17       		.byte	23
  75 002e 01       		.byte	1
  76 002f 40       		.byte	64
  77 0030 01       		.byte	1
  78 0031 19       		.byte	25
  79 0032 01       		.byte	1
  80 0033 40       		.byte	64
  81 0034 0F       		.byte	15
  82 0035 40       		.byte	64
  83 0036 01       		.byte	1
  84 0037 40       		.byte	64
  85 0038 12       		.byte	18
  86 0039 41       		.byte	65
  87 003a 01       		.byte	1
  88 003b 40       		.byte	64
  89 003c 11       		.byte	17
  90 003d 42       		.byte	66
  91 003e 01       		.byte	1
  92 003f 40       		.byte	64
  93 0040 12       		.byte	18
  94 0041 43       		.byte	67
  95 0042 01       		.byte	1
  96 0043 40       		.byte	64
  97 0044 01       		.byte	1
  98 0045 44       		.byte	68
  99 0046 01       		.byte	1
 100 0047 40       		.byte	64
 101 0048 01       		.byte	1
 102 0049 45       		.byte	69
 103 004a 01       		.byte	1
 104 004b 40       		.byte	64
 105 004c 01       		.byte	1
 106 004d 46       		.byte	70
 107 004e 01       		.byte	1
 108 004f 40       		.byte	64
 109 0050 06       		.byte	6
 110 0051 47       		.byte	71
 111 0052 01       		.byte	1
 112 0053 40       		.byte	64
 113 0054 10       		.byte	16
 114 0055 48       		.byte	72
ARM GAS  C:\Users\santoree\AppData\Local\Temp\ccnbY8NP.s 			page 3


 115 0056 01       		.byte	1
 116 0057 40       		.byte	64
 117 0058 0C       		.byte	12
 118 0059 49       		.byte	73
 119 005a 01       		.byte	1
 120 005b 40       		.byte	64
 121 005c 01       		.byte	1
 122 005d 4C       		.byte	76
 123 005e 01       		.byte	1
 124 005f 40       		.byte	64
 125 0060 04       		.byte	4
 126 0061 50       		.byte	80
 127 0062 01       		.byte	1
 128 0063 40       		.byte	64
 129 0064 01       		.byte	1
 130 0065 51       		.byte	81
 131 0066 01       		.byte	1
 132 0067 40       		.byte	64
 133 0068 7E       		.byte	126
 134 0069 02       		.byte	2
 135 006a 00       		.byte	0
 136 006b 33       		.byte	51
 137 006c 01       		.byte	1
 138 006d A5       		.byte	-91
 139 006e 18       		.byte	24
 140 006f 44       		.byte	68
 141 0070 19       		.byte	25
 142 0071 A1       		.byte	-95
 143 0072 20       		.byte	32
 144 0073 CA       		.byte	-54
 145 0074 21       		.byte	33
 146 0075 AC       		.byte	-84
 147 0076 60       		.byte	96
 148 0077 04       		.byte	4
 149 0078 61       		.byte	97
 150 0079 05       		.byte	5
 151 007a 78       		.byte	120
 152 007b 04       		.byte	4
 153 007c 7C       		.byte	124
 154 007d 40       		.byte	64
 155 007e E2       		.byte	-30
 156 007f 08       		.byte	8
 157 0080 89       		.byte	-119
 158 0081 10       		.byte	16
 159 0082 E2       		.byte	-30
 160 0083 80       		.byte	-128
 161 0084 81       		.byte	-127
 162 0085 80       		.byte	-128
 163 0086 87       		.byte	-121
 164 0087 01       		.byte	1
 165 0088 88       		.byte	-120
 166 0089 08       		.byte	8
 167 008a 89       		.byte	-119
 168 008b 80       		.byte	-128
 169 008c 95       		.byte	-107
 170 008d 10       		.byte	16
 171 008e E6       		.byte	-26
ARM GAS  C:\Users\santoree\AppData\Local\Temp\ccnbY8NP.s 			page 4


 172 008f A0       		.byte	-96
 173 0090 04       		.byte	4
 174 0091 01       		.byte	1
 175 0092 06       		.byte	6
 176 0093 0E       		.byte	14
 177 0094 0C       		.byte	12
 178 0095 0A       		.byte	10
 179 0096 0D       		.byte	13
 180 0097 01       		.byte	1
 181 0098 0E       		.byte	14
 182 0099 05       		.byte	5
 183 009a 0F       		.byte	15
 184 009b 0E       		.byte	14
 185 009c 10       		.byte	16
 186 009d 0F       		.byte	15
 187 009e 15       		.byte	21
 188 009f 06       		.byte	6
 189 00a0 17       		.byte	23
 190 00a1 09       		.byte	9
 191 00a2 1B       		.byte	27
 192 00a3 07       		.byte	7
 193 00a4 21       		.byte	33
 194 00a5 02       		.byte	2
 195 00a6 23       		.byte	35
 196 00a7 0D       		.byte	13
 197 00a8 28       		.byte	40
 198 00a9 07       		.byte	7
 199 00aa 2A       		.byte	42
 200 00ab 08       		.byte	8
 201 00ac 30       		.byte	48
 202 00ad 04       		.byte	4
 203 00ae 31       		.byte	49
 204 00af 04       		.byte	4
 205 00b0 32       		.byte	50
 206 00b1 02       		.byte	2
 207 00b2 33       		.byte	51
 208 00b3 08       		.byte	8
 209 00b4 34       		.byte	52
 210 00b5 01       		.byte	1
 211 00b6 35       		.byte	53
 212 00b7 01       		.byte	1
 213 00b8 36       		.byte	54
 214 00b9 08       		.byte	8
 215 00ba 37       		.byte	55
 216 00bb 02       		.byte	2
 217 00bc 3B       		.byte	59
 218 00bd 08       		.byte	8
 219 00be 3E       		.byte	62
 220 00bf 55       		.byte	85
 221 00c0 3F       		.byte	63
 222 00c1 51       		.byte	81
 223 00c2 58       		.byte	88
 224 00c3 04       		.byte	4
 225 00c4 59       		.byte	89
 226 00c5 04       		.byte	4
 227 00c6 5F       		.byte	95
 228 00c7 01       		.byte	1
ARM GAS  C:\Users\santoree\AppData\Local\Temp\ccnbY8NP.s 			page 5


 229 00c8 80       		.byte	-128
 230 00c9 07       		.byte	7
 231 00ca 82       		.byte	-126
 232 00cb 08       		.byte	8
 233 00cc 84       		.byte	-124
 234 00cd 0D       		.byte	13
 235 00ce 86       		.byte	-122
 236 00cf 02       		.byte	2
 237 00d0 8F       		.byte	-113
 238 00d1 03       		.byte	3
 239 00d2 90       		.byte	-112
 240 00d3 0D       		.byte	13
 241 00d4 92       		.byte	-110
 242 00d5 02       		.byte	2
 243 00d6 95       		.byte	-107
 244 00d7 03       		.byte	3
 245 00d8 97       		.byte	-105
 246 00d9 04       		.byte	4
 247 00da 99       		.byte	-103
 248 00db 03       		.byte	3
 249 00dc A8       		.byte	-88
 250 00dd 04       		.byte	4
 251 00de AA       		.byte	-86
 252 00df 0B       		.byte	11
 253 00e0 AD       		.byte	-83
 254 00e1 01       		.byte	1
 255 00e2 AF       		.byte	-81
 256 00e3 0E       		.byte	14
 257 00e4 B0       		.byte	-80
 258 00e5 01       		.byte	1
 259 00e6 B1       		.byte	-79
 260 00e7 04       		.byte	4
 261 00e8 B2       		.byte	-78
 262 00e9 02       		.byte	2
 263 00ea B3       		.byte	-77
 264 00eb 08       		.byte	8
 265 00ec B4       		.byte	-76
 266 00ed 04       		.byte	4
 267 00ee B5       		.byte	-75
 268 00ef 01       		.byte	1
 269 00f0 B6       		.byte	-74
 270 00f1 08       		.byte	8
 271 00f2 B7       		.byte	-73
 272 00f3 02       		.byte	2
 273 00f4 BB       		.byte	-69
 274 00f5 0A       		.byte	10
 275 00f6 BE       		.byte	-66
 276 00f7 55       		.byte	85
 277 00f8 BF       		.byte	-65
 278 00f9 50       		.byte	80
 279 00fa D8       		.byte	-40
 280 00fb 04       		.byte	4
 281 00fc D9       		.byte	-39
 282 00fd 04       		.byte	4
 283 00fe DF       		.byte	-33
 284 00ff 01       		.byte	1
 285 0100 00       		.byte	0
ARM GAS  C:\Users\santoree\AppData\Local\Temp\ccnbY8NP.s 			page 6


 286 0101 01       		.byte	1
 287 0102 03       		.byte	3
 288 0103 10       		.byte	16
 289 0104 05       		.byte	5
 290 0105 40       		.byte	64
 291 0106 07       		.byte	7
 292 0107 10       		.byte	16
 293 0108 0B       		.byte	11
 294 0109 40       		.byte	64
 295 010a 0F       		.byte	15
 296 010b 40       		.byte	64
 297 010c 12       		.byte	18
 298 010d 08       		.byte	8
 299 010e 17       		.byte	23
 300 010f 20       		.byte	32
 301 0110 19       		.byte	25
 302 0111 80       		.byte	-128
 303 0112 1A       		.byte	26
 304 0113 04       		.byte	4
 305 0114 1B       		.byte	27
 306 0115 09       		.byte	9
 307 0116 1C       		.byte	28
 308 0117 28       		.byte	40
 309 0118 1E       		.byte	30
 310 0119 01       		.byte	1
 311 011a 1F       		.byte	31
 312 011b 02       		.byte	2
 313 011c 21       		.byte	33
 314 011d 80       		.byte	-128
 315 011e 22       		.byte	34
 316 011f 08       		.byte	8
 317 0120 23       		.byte	35
 318 0121 68       		.byte	104
 319 0122 25       		.byte	37
 320 0123 10       		.byte	16
 321 0124 26       		.byte	38
 322 0125 42       		.byte	66
 323 0126 27       		.byte	39
 324 0127 10       		.byte	16
 325 0128 29       		.byte	41
 326 0129 40       		.byte	64
 327 012a 2F       		.byte	47
 328 012b 80       		.byte	-128
 329 012c 32       		.byte	50
 330 012d 08       		.byte	8
 331 012e 33       		.byte	51
 332 012f 10       		.byte	16
 333 0130 36       		.byte	54
 334 0131 08       		.byte	8
 335 0132 37       		.byte	55
 336 0133 10       		.byte	16
 337 0134 3B       		.byte	59
 338 0135 40       		.byte	64
 339 0136 3F       		.byte	63
 340 0137 40       		.byte	64
 341 0138 83       		.byte	-125
 342 0139 08       		.byte	8
ARM GAS  C:\Users\santoree\AppData\Local\Temp\ccnbY8NP.s 			page 7


 343 013a 84       		.byte	-124
 344 013b 10       		.byte	16
 345 013c 86       		.byte	-122
 346 013d 44       		.byte	68
 347 013e 8B       		.byte	-117
 348 013f 08       		.byte	8
 349 0140 8E       		.byte	-114
 350 0141 02       		.byte	2
 351 0142 8F       		.byte	-113
 352 0143 02       		.byte	2
 353 0144 95       		.byte	-107
 354 0145 10       		.byte	16
 355 0146 96       		.byte	-106
 356 0147 01       		.byte	1
 357 0148 9D       		.byte	-99
 358 0149 80       		.byte	-128
 359 014a A4       		.byte	-92
 360 014b 08       		.byte	8
 361 014c A5       		.byte	-91
 362 014d 80       		.byte	-128
 363 014e A7       		.byte	-89
 364 014f 01       		.byte	1
 365 0150 AE       		.byte	-82
 366 0151 01       		.byte	1
 367 0152 C0       		.byte	-64
 368 0153 AC       		.byte	-84
 369 0154 C2       		.byte	-62
 370 0155 18       		.byte	24
 371 0156 C4       		.byte	-60
 372 0157 42       		.byte	66
 373 0158 CA       		.byte	-54
 374 0159 88       		.byte	-120
 375 015a CC       		.byte	-52
 376 015b 66       		.byte	102
 377 015c CE       		.byte	-50
 378 015d 18       		.byte	24
 379 015e E2       		.byte	-30
 380 015f 20       		.byte	32
 381 0160 E6       		.byte	-26
 382 0161 51       		.byte	81
 383 0162 E6       		.byte	-26
 384 0163 01       		.byte	1
 385 0164 E2       		.byte	-30
 386 0165 08       		.byte	8
 387 0166 B2       		.byte	-78
 388 0167 40       		.byte	64
 389 0168 B6       		.byte	-74
 390 0169 04       		.byte	4
 391 016a EA       		.byte	-22
 392 016b 40       		.byte	64
 393 016c EE       		.byte	-18
 394 016d 80       		.byte	-128
 395 016e 3A       		.byte	58
 396 016f C0       		.byte	-64
 397 0170 58       		.byte	88
 398 0171 04       		.byte	4
 399 0172 5B       		.byte	91
ARM GAS  C:\Users\santoree\AppData\Local\Temp\ccnbY8NP.s 			page 8


 400 0173 04       		.byte	4
 401 0174 5F       		.byte	95
 402 0175 01       		.byte	1
 403 0176 1C       		.byte	28
 404 0177 01       		.byte	1
 405 0178 1D       		.byte	29
 406 0179 40       		.byte	64
 407 017a 1F       		.byte	31
 408 017b 80       		.byte	-128
 409 017c 6C       		.byte	108
 410 017d 01       		.byte	1
 411 017e 6D       		.byte	109
 412 017f 10       		.byte	16
 413 0180 6E       		.byte	110
 414 0181 09       		.byte	9
 415 0182 74       		.byte	116
 416 0183 08       		.byte	8
 417 0184 76       		.byte	118
 418 0185 4A       		.byte	74
 419 0186 8A       		.byte	-118
 420 0187 09       		.byte	9
 421 0188 8C       		.byte	-116
 422 0189 01       		.byte	1
 423 018a 94       		.byte	-108
 424 018b 01       		.byte	1
 425 018c 95       		.byte	-107
 426 018d 10       		.byte	16
 427 018e 9D       		.byte	-99
 428 018f 40       		.byte	64
 429 0190 9E       		.byte	-98
 430 0191 02       		.byte	2
 431 0192 A4       		.byte	-92
 432 0193 08       		.byte	8
 433 0194 A7       		.byte	-89
 434 0195 80       		.byte	-128
 435 0196 B0       		.byte	-80
 436 0197 04       		.byte	4
 437 0198 B2       		.byte	-78
 438 0199 02       		.byte	2
 439 019a B5       		.byte	-75
 440 019b 10       		.byte	16
 441 019c E2       		.byte	-30
 442 019d 60       		.byte	96
 443 019e E6       		.byte	-26
 444 019f 80       		.byte	-128
 445 01a0 EA       		.byte	-22
 446 01a1 A2       		.byte	-94
 447 01a2 EE       		.byte	-18
 448 01a3 10       		.byte	16
 449 01a4 EA       		.byte	-22
 450 01a5 02       		.byte	2
 451 01a6 33       		.byte	51
 452 01a7 41       		.byte	65
 453 01a8 35       		.byte	53
 454 01a9 80       		.byte	-128
 455 01aa 51       		.byte	81
 456 01ab 04       		.byte	4
ARM GAS  C:\Users\santoree\AppData\Local\Temp\ccnbY8NP.s 			page 9


 457 01ac 54       		.byte	84
 458 01ad 01       		.byte	1
 459 01ae 58       		.byte	88
 460 01af 20       		.byte	32
 461 01b0 5E       		.byte	94
 462 01b1 08       		.byte	8
 463 01b2 61       		.byte	97
 464 01b3 40       		.byte	64
 465 01b4 63       		.byte	99
 466 01b5 40       		.byte	64
 467 01b6 66       		.byte	102
 468 01b7 10       		.byte	16
 469 01b8 85       		.byte	-123
 470 01b9 80       		.byte	-128
 471 01ba CC       		.byte	-52
 472 01bb 70       		.byte	112
 473 01bc D4       		.byte	-44
 474 01bd A0       		.byte	-96
 475 01be D6       		.byte	-42
 476 01bf E0       		.byte	-32
 477 01c0 D8       		.byte	-40
 478 01c1 C0       		.byte	-64
 479 01c2 E2       		.byte	-30
 480 01c3 10       		.byte	16
 481 01c4 50       		.byte	80
 482 01c5 04       		.byte	4
 483 01c6 58       		.byte	88
 484 01c7 14       		.byte	20
 485 01c8 5C       		.byte	92
 486 01c9 08       		.byte	8
 487 01ca 5F       		.byte	95
 488 01cb 80       		.byte	-128
 489 01cc 62       		.byte	98
 490 01cd 08       		.byte	8
 491 01ce 65       		.byte	101
 492 01cf 01       		.byte	1
 493 01d0 89       		.byte	-119
 494 01d1 40       		.byte	64
 495 01d2 95       		.byte	-107
 496 01d3 08       		.byte	8
 497 01d4 97       		.byte	-105
 498 01d5 40       		.byte	64
 499 01d6 9C       		.byte	-100
 500 01d7 20       		.byte	32
 501 01d8 9D       		.byte	-99
 502 01d9 40       		.byte	64
 503 01da 9E       		.byte	-98
 504 01db 10       		.byte	16
 505 01dc 9F       		.byte	-97
 506 01dd 41       		.byte	65
 507 01de A4       		.byte	-92
 508 01df 01       		.byte	1
 509 01e0 A6       		.byte	-90
 510 01e1 04       		.byte	4
 511 01e2 D4       		.byte	-44
 512 01e3 A0       		.byte	-96
 513 01e4 D6       		.byte	-42
ARM GAS  C:\Users\santoree\AppData\Local\Temp\ccnbY8NP.s 			page 10


 514 01e5 E0       		.byte	-32
 515 01e6 D8       		.byte	-40
 516 01e7 C0       		.byte	-64
 517 01e8 52       		.byte	82
 518 01e9 40       		.byte	64
 519 01ea 54       		.byte	84
 520 01eb 80       		.byte	-128
 521 01ec 80       		.byte	-128
 522 01ed 04       		.byte	4
 523 01ee 84       		.byte	-124
 524 01ef 01       		.byte	1
 525 01f0 8A       		.byte	-118
 526 01f1 08       		.byte	8
 527 01f2 8B       		.byte	-117
 528 01f3 80       		.byte	-128
 529 01f4 94       		.byte	-108
 530 01f5 08       		.byte	8
 531 01f6 95       		.byte	-107
 532 01f7 08       		.byte	8
 533 01f8 97       		.byte	-105
 534 01f9 40       		.byte	64
 535 01fa 9C       		.byte	-100
 536 01fb 3C       		.byte	60
 537 01fc 9D       		.byte	-99
 538 01fd 01       		.byte	1
 539 01fe 9E       		.byte	-98
 540 01ff 10       		.byte	16
 541 0200 9F       		.byte	-97
 542 0201 C1       		.byte	-63
 543 0202 A4       		.byte	-92
 544 0203 01       		.byte	1
 545 0204 A6       		.byte	-90
 546 0205 0C       		.byte	12
 547 0206 D4       		.byte	-44
 548 0207 60       		.byte	96
 549 0208 E6       		.byte	-26
 550 0209 90       		.byte	-112
 551 020a 81       		.byte	-127
 552 020b 01       		.byte	1
 553 020c 83       		.byte	-125
 554 020d 40       		.byte	64
 555 020e 84       		.byte	-124
 556 020f 82       		.byte	-126
 557 0210 86       		.byte	-122
 558 0211 10       		.byte	16
 559 0212 89       		.byte	-119
 560 0213 20       		.byte	32
 561 0214 8E       		.byte	-114
 562 0215 24       		.byte	36
 563 0216 95       		.byte	-107
 564 0217 08       		.byte	8
 565 0218 97       		.byte	-105
 566 0219 40       		.byte	64
 567 021a 9C       		.byte	-100
 568 021b 3C       		.byte	60
 569 021c 9D       		.byte	-99
 570 021d 01       		.byte	1
ARM GAS  C:\Users\santoree\AppData\Local\Temp\ccnbY8NP.s 			page 11


 571 021e 9E       		.byte	-98
 572 021f 10       		.byte	16
 573 0220 9F       		.byte	-97
 574 0221 41       		.byte	65
 575 0222 A4       		.byte	-92
 576 0223 80       		.byte	-128
 577 0224 A6       		.byte	-90
 578 0225 04       		.byte	4
 579 0226 AE       		.byte	-82
 580 0227 40       		.byte	64
 581 0228 E2       		.byte	-30
 582 0229 70       		.byte	112
 583 022a E6       		.byte	-26
 584 022b C0       		.byte	-64
 585 022c EA       		.byte	-22
 586 022d 10       		.byte	16
 587 022e 87       		.byte	-121
 588 022f 10       		.byte	16
 589 0230 97       		.byte	-105
 590 0231 10       		.byte	16
 591 0232 97       		.byte	-105
 592 0233 10       		.byte	16
 593 0234 0A       		.byte	10
 594 0235 80       		.byte	-128
 595 0236 0B       		.byte	11
 596 0237 04       		.byte	4
 597 0238 0F       		.byte	15
 598 0239 10       		.byte	16
 599 023a 82       		.byte	-126
 600 023b 40       		.byte	64
 601 023c 97       		.byte	-105
 602 023d 10       		.byte	16
 603 023e C2       		.byte	-62
 604 023f 0E       		.byte	14
 605 0240 56       		.byte	86
 606 0241 20       		.byte	32
 607 0242 88       		.byte	-120
 608 0243 14       		.byte	20
 609 0244 8E       		.byte	-114
 610 0245 04       		.byte	4
 611 0246 90       		.byte	-112
 612 0247 01       		.byte	1
 613 0248 95       		.byte	-107
 614 0249 08       		.byte	8
 615 024a 98       		.byte	-104
 616 024b 02       		.byte	2
 617 024c 99       		.byte	-103
 618 024d 20       		.byte	32
 619 024e 9A       		.byte	-102
 620 024f 24       		.byte	36
 621 0250 9C       		.byte	-100
 622 0251 34       		.byte	52
 623 0252 A6       		.byte	-90
 624 0253 04       		.byte	4
 625 0254 AF       		.byte	-81
 626 0255 01       		.byte	1
 627 0256 B0       		.byte	-80
ARM GAS  C:\Users\santoree\AppData\Local\Temp\ccnbY8NP.s 			page 12


 628 0257 08       		.byte	8
 629 0258 B3       		.byte	-77
 630 0259 40       		.byte	64
 631 025a B4       		.byte	-76
 632 025b 01       		.byte	1
 633 025c D4       		.byte	-44
 634 025d 40       		.byte	64
 635 025e EA       		.byte	-22
 636 025f 40       		.byte	64
 637 0260 56       		.byte	86
 638 0261 04       		.byte	4
 639 0262 58       		.byte	88
 640 0263 02       		.byte	2
 641 0264 59       		.byte	89
 642 0265 20       		.byte	32
 643 0266 5C       		.byte	92
 644 0267 01       		.byte	1
 645 0268 90       		.byte	-112
 646 0269 01       		.byte	1
 647 026a 98       		.byte	-104
 648 026b 02       		.byte	2
 649 026c 99       		.byte	-103
 650 026d 20       		.byte	32
 651 026e 9A       		.byte	-102
 652 026f 04       		.byte	4
 653 0270 B1       		.byte	-79
 654 0271 04       		.byte	4
 655 0272 B4       		.byte	-76
 656 0273 20       		.byte	32
 657 0274 D4       		.byte	-44
 658 0275 C0       		.byte	-64
 659 0276 D6       		.byte	-42
 660 0277 C0       		.byte	-64
 661 0278 AF       		.byte	-81
 662 0279 04       		.byte	4
 663 027a 00       		.byte	0
 664 027b 01       		.byte	1
 665 027c 0A       		.byte	10
 666 027d 01       		.byte	1
 667 027e 10       		.byte	16
 668 027f 01       		.byte	1
 669 0280 1A       		.byte	26
 670 0281 01       		.byte	1
 671 0282 00       		.byte	0
 672 0283 2A       		.byte	42
 673 0284 00       		.byte	0
 674 0285 FF       		.byte	-1
 675 0286 FF       		.byte	-1
 676 0287 00       		.byte	0
 677 0288 FF       		.byte	-1
 678 0289 00       		.byte	0
 679 028a 00       		.byte	0
 680 028b 00       		.byte	0
 681 028c 00       		.byte	0
 682 028d 0F       		.byte	15
 683 028e 0F       		.byte	15
 684 028f 00       		.byte	0
ARM GAS  C:\Users\santoree\AppData\Local\Temp\ccnbY8NP.s 			page 13


 685 0290 0F       		.byte	15
 686 0291 00       		.byte	0
 687 0292 00       		.byte	0
 688 0293 00       		.byte	0
 689 0294 40       		.byte	64
 690 0295 00       		.byte	0
 691 0296 00       		.byte	0
 692 0297 0C       		.byte	12
 693 0298 0C       		.byte	12
 694 0299 00       		.byte	0
 695 029a 0C       		.byte	12
 696 029b 00       		.byte	0
 697 029c C0       		.byte	-64
 698 029d 00       		.byte	0
 699 029e 00       		.byte	0
 700 029f 00       		.byte	0
 701 02a0 00       		.byte	0
 702 02a1 0B       		.byte	11
 703 02a2 0B       		.byte	11
 704 02a3 00       		.byte	0
 705 02a4 00       		.byte	0
 706 02a5 00       		.byte	0
 707 02a6 00       		.byte	0
 708 02a7 00       		.byte	0
 709 02a8 00       		.byte	0
 710 02a9 F5       		.byte	-11
 711 02aa F5       		.byte	-11
 712 02ab F5       		.byte	-11
 713 02ac F5       		.byte	-11
 714 02ad 00       		.byte	0
 715 02ae 00       		.byte	0
 716 02af 00       		.byte	0
 717 02b0 00       		.byte	0
 718 02b1 FF       		.byte	-1
 719 02b2 FF       		.byte	-1
 720 02b3 00       		.byte	0
 721 02b4 FF       		.byte	-1
 722 02b5 00       		.byte	0
 723 02b6 00       		.byte	0
 724 02b7 00       		.byte	0
 725 02b8 00       		.byte	0
 726 02b9 10       		.byte	16
 727 02ba 10       		.byte	16
 728 02bb 00       		.byte	0
 729 02bc 00       		.byte	0
 730 02bd 00       		.byte	0
 731 02be 00       		.byte	0
 732 02bf 00       		.byte	0
 733              		.section	.cywolatch,"a",%progbits
 734              		.align	2
 735              		.type	cy_meta_wonvl, %object
 736              		.size	cy_meta_wonvl, 4
 737              	cy_meta_wonvl:
 738 0000 BC       		.byte	-68
 739 0001 90       		.byte	-112
 740 0002 AC       		.byte	-84
 741 0003 AF       		.byte	-81
ARM GAS  C:\Users\santoree\AppData\Local\Temp\ccnbY8NP.s 			page 14


 742              		.section	.cycustnvl,"a",%progbits
 743              		.align	2
 744              		.type	cy_meta_custnvl, %object
 745              		.size	cy_meta_custnvl, 4
 746              	cy_meta_custnvl:
 747 0000 00       		.byte	0
 748 0001 00       		.byte	0
 749 0002 40       		.byte	64
 750 0003 05       		.byte	5
 751              		.section	.cymeta,"a",%progbits
 752              		.align	2
 753              		.type	cy_metadata, %object
 754              		.size	cy_metadata, 12
 755              	cy_metadata:
 756 0000 00       		.byte	0
 757 0001 01       		.byte	1
 758 0002 2E       		.byte	46
 759 0003 13       		.byte	19
 760 0004 30       		.byte	48
 761 0005 69       		.byte	105
 762 0006 00       		.byte	0
 763 0007 01       		.byte	1
 764 0008 00       		.byte	0
 765 0009 00       		.byte	0
 766 000a 00       		.byte	0
 767 000b 00       		.byte	0
 768              		.section	.cyflashprotect,"a",%progbits
 769              		.align	2
 770              		.type	cy_meta_flashprotect, %object
 771              		.size	cy_meta_flashprotect, 128
 772              	cy_meta_flashprotect:
 773 0000 00000000 		.space	128
 773      00000000 
 773      00000000 
 773      00000000 
 773      00000000 
 774              		.text
 775              	.Letext0:
 776              		.file 1 "c:\\program files (x86)\\cypress\\psoc creator\\4.2\\psoc creator\\import\\gnu\\arm\\5.4.
 777              		.file 2 "c:\\program files (x86)\\cypress\\psoc creator\\4.2\\psoc creator\\import\\gnu\\arm\\5.4.
 778              		.file 3 "Generated_Source\\PSoC5\\cymetadata.c"
 779              		.section	.debug_info,"",%progbits
 780              	.Ldebug_info0:
 781 0000 31010000 		.4byte	0x131
 782 0004 0400     		.2byte	0x4
 783 0006 00000000 		.4byte	.Ldebug_abbrev0
 784 000a 04       		.byte	0x4
 785 000b 01       		.uleb128 0x1
 786 000c 24000000 		.4byte	.LASF17
 787 0010 0C       		.byte	0xc
 788 0011 FC010000 		.4byte	.LASF18
 789 0015 5F010000 		.4byte	.LASF19
 790 0019 00000000 		.4byte	.Ldebug_line0
 791 001d 02       		.uleb128 0x2
 792 001e 01       		.byte	0x1
 793 001f 06       		.byte	0x6
 794 0020 F0010000 		.4byte	.LASF0
ARM GAS  C:\Users\santoree\AppData\Local\Temp\ccnbY8NP.s 			page 15


 795 0024 03       		.uleb128 0x3
 796 0025 00000000 		.4byte	.LASF9
 797 0029 01       		.byte	0x1
 798 002a 1D       		.byte	0x1d
 799 002b 2F000000 		.4byte	0x2f
 800 002f 02       		.uleb128 0x2
 801 0030 01       		.byte	0x1
 802 0031 08       		.byte	0x8
 803 0032 16000000 		.4byte	.LASF1
 804 0036 02       		.uleb128 0x2
 805 0037 02       		.byte	0x2
 806 0038 05       		.byte	0x5
 807 0039 DD010000 		.4byte	.LASF2
 808 003d 02       		.uleb128 0x2
 809 003e 02       		.byte	0x2
 810 003f 07       		.byte	0x7
 811 0040 C4000000 		.4byte	.LASF3
 812 0044 02       		.uleb128 0x2
 813 0045 04       		.byte	0x4
 814 0046 05       		.byte	0x5
 815 0047 E7010000 		.4byte	.LASF4
 816 004b 02       		.uleb128 0x2
 817 004c 04       		.byte	0x4
 818 004d 07       		.byte	0x7
 819 004e B2000000 		.4byte	.LASF5
 820 0052 02       		.uleb128 0x2
 821 0053 08       		.byte	0x8
 822 0054 05       		.byte	0x5
 823 0055 51010000 		.4byte	.LASF6
 824 0059 02       		.uleb128 0x2
 825 005a 08       		.byte	0x8
 826 005b 07       		.byte	0x7
 827 005c 06010000 		.4byte	.LASF7
 828 0060 04       		.uleb128 0x4
 829 0061 04       		.byte	0x4
 830 0062 05       		.byte	0x5
 831 0063 696E7400 		.ascii	"int\000"
 832 0067 02       		.uleb128 0x2
 833 0068 04       		.byte	0x4
 834 0069 07       		.byte	0x7
 835 006a F9000000 		.4byte	.LASF8
 836 006e 03       		.uleb128 0x3
 837 006f 1D010000 		.4byte	.LASF10
 838 0073 02       		.byte	0x2
 839 0074 18       		.byte	0x18
 840 0075 24000000 		.4byte	0x24
 841 0079 05       		.uleb128 0x5
 842 007a 91000000 		.4byte	0x91
 843 007e 8A000000 		.4byte	0x8a
 844 0082 06       		.uleb128 0x6
 845 0083 8A000000 		.4byte	0x8a
 846 0087 BF02     		.2byte	0x2bf
 847 0089 00       		.byte	0
 848 008a 02       		.uleb128 0x2
 849 008b 04       		.byte	0x4
 850 008c 07       		.byte	0x7
 851 008d 48010000 		.4byte	.LASF11
ARM GAS  C:\Users\santoree\AppData\Local\Temp\ccnbY8NP.s 			page 16


 852 0091 07       		.uleb128 0x7
 853 0092 6E000000 		.4byte	0x6e
 854 0096 08       		.uleb128 0x8
 855 0097 E7000000 		.4byte	.LASF12
 856 009b 03       		.byte	0x3
 857 009c 1F       		.byte	0x1f
 858 009d A7000000 		.4byte	0xa7
 859 00a1 05       		.uleb128 0x5
 860 00a2 03       		.byte	0x3
 861 00a3 00000000 		.4byte	cy_meta_configecc
 862 00a7 07       		.uleb128 0x7
 863 00a8 79000000 		.4byte	0x79
 864 00ac 05       		.uleb128 0x5
 865 00ad 91000000 		.4byte	0x91
 866 00b1 BC000000 		.4byte	0xbc
 867 00b5 09       		.uleb128 0x9
 868 00b6 8A000000 		.4byte	0x8a
 869 00ba 03       		.byte	0x3
 870 00bb 00       		.byte	0
 871 00bc 08       		.uleb128 0x8
 872 00bd D7000000 		.4byte	.LASF13
 873 00c1 03       		.byte	0x3
 874 00c2 84       		.byte	0x84
 875 00c3 CD000000 		.4byte	0xcd
 876 00c7 05       		.uleb128 0x5
 877 00c8 03       		.byte	0x3
 878 00c9 00000000 		.4byte	cy_meta_custnvl
 879 00cd 07       		.uleb128 0x7
 880 00ce AC000000 		.4byte	0xac
 881 00d2 08       		.uleb128 0x8
 882 00d3 3A010000 		.4byte	.LASF14
 883 00d7 03       		.byte	0x3
 884 00d8 92       		.byte	0x92
 885 00d9 E3000000 		.4byte	0xe3
 886 00dd 05       		.uleb128 0x5
 887 00de 03       		.byte	0x3
 888 00df 00000000 		.4byte	cy_meta_wonvl
 889 00e3 07       		.uleb128 0x7
 890 00e4 AC000000 		.4byte	0xac
 891 00e8 05       		.uleb128 0x5
 892 00e9 91000000 		.4byte	0x91
 893 00ed F8000000 		.4byte	0xf8
 894 00f1 09       		.uleb128 0x9
 895 00f2 8A000000 		.4byte	0x8a
 896 00f6 7F       		.byte	0x7f
 897 00f7 00       		.byte	0
 898 00f8 08       		.uleb128 0x8
 899 00f9 25010000 		.4byte	.LASF15
 900 00fd 03       		.byte	0x3
 901 00fe A0       		.byte	0xa0
 902 00ff 09010000 		.4byte	0x109
 903 0103 05       		.uleb128 0x5
 904 0104 03       		.byte	0x3
 905 0105 00000000 		.4byte	cy_meta_flashprotect
 906 0109 07       		.uleb128 0x7
 907 010a E8000000 		.4byte	0xe8
 908 010e 05       		.uleb128 0x5
ARM GAS  C:\Users\santoree\AppData\Local\Temp\ccnbY8NP.s 			page 17


 909 010f 91000000 		.4byte	0x91
 910 0113 1E010000 		.4byte	0x11e
 911 0117 09       		.uleb128 0x9
 912 0118 8A000000 		.4byte	0x8a
 913 011c 0B       		.byte	0xb
 914 011d 00       		.byte	0
 915 011e 08       		.uleb128 0x8
 916 011f 0A000000 		.4byte	.LASF16
 917 0123 03       		.byte	0x3
 918 0124 BD       		.byte	0xbd
 919 0125 2F010000 		.4byte	0x12f
 920 0129 05       		.uleb128 0x5
 921 012a 03       		.byte	0x3
 922 012b 00000000 		.4byte	cy_metadata
 923 012f 07       		.uleb128 0x7
 924 0130 0E010000 		.4byte	0x10e
 925 0134 00       		.byte	0
 926              		.section	.debug_abbrev,"",%progbits
 927              	.Ldebug_abbrev0:
 928 0000 01       		.uleb128 0x1
 929 0001 11       		.uleb128 0x11
 930 0002 01       		.byte	0x1
 931 0003 25       		.uleb128 0x25
 932 0004 0E       		.uleb128 0xe
 933 0005 13       		.uleb128 0x13
 934 0006 0B       		.uleb128 0xb
 935 0007 03       		.uleb128 0x3
 936 0008 0E       		.uleb128 0xe
 937 0009 1B       		.uleb128 0x1b
 938 000a 0E       		.uleb128 0xe
 939 000b 10       		.uleb128 0x10
 940 000c 17       		.uleb128 0x17
 941 000d 00       		.byte	0
 942 000e 00       		.byte	0
 943 000f 02       		.uleb128 0x2
 944 0010 24       		.uleb128 0x24
 945 0011 00       		.byte	0
 946 0012 0B       		.uleb128 0xb
 947 0013 0B       		.uleb128 0xb
 948 0014 3E       		.uleb128 0x3e
 949 0015 0B       		.uleb128 0xb
 950 0016 03       		.uleb128 0x3
 951 0017 0E       		.uleb128 0xe
 952 0018 00       		.byte	0
 953 0019 00       		.byte	0
 954 001a 03       		.uleb128 0x3
 955 001b 16       		.uleb128 0x16
 956 001c 00       		.byte	0
 957 001d 03       		.uleb128 0x3
 958 001e 0E       		.uleb128 0xe
 959 001f 3A       		.uleb128 0x3a
 960 0020 0B       		.uleb128 0xb
 961 0021 3B       		.uleb128 0x3b
 962 0022 0B       		.uleb128 0xb
 963 0023 49       		.uleb128 0x49
 964 0024 13       		.uleb128 0x13
 965 0025 00       		.byte	0
ARM GAS  C:\Users\santoree\AppData\Local\Temp\ccnbY8NP.s 			page 18


 966 0026 00       		.byte	0
 967 0027 04       		.uleb128 0x4
 968 0028 24       		.uleb128 0x24
 969 0029 00       		.byte	0
 970 002a 0B       		.uleb128 0xb
 971 002b 0B       		.uleb128 0xb
 972 002c 3E       		.uleb128 0x3e
 973 002d 0B       		.uleb128 0xb
 974 002e 03       		.uleb128 0x3
 975 002f 08       		.uleb128 0x8
 976 0030 00       		.byte	0
 977 0031 00       		.byte	0
 978 0032 05       		.uleb128 0x5
 979 0033 01       		.uleb128 0x1
 980 0034 01       		.byte	0x1
 981 0035 49       		.uleb128 0x49
 982 0036 13       		.uleb128 0x13
 983 0037 01       		.uleb128 0x1
 984 0038 13       		.uleb128 0x13
 985 0039 00       		.byte	0
 986 003a 00       		.byte	0
 987 003b 06       		.uleb128 0x6
 988 003c 21       		.uleb128 0x21
 989 003d 00       		.byte	0
 990 003e 49       		.uleb128 0x49
 991 003f 13       		.uleb128 0x13
 992 0040 2F       		.uleb128 0x2f
 993 0041 05       		.uleb128 0x5
 994 0042 00       		.byte	0
 995 0043 00       		.byte	0
 996 0044 07       		.uleb128 0x7
 997 0045 26       		.uleb128 0x26
 998 0046 00       		.byte	0
 999 0047 49       		.uleb128 0x49
 1000 0048 13       		.uleb128 0x13
 1001 0049 00       		.byte	0
 1002 004a 00       		.byte	0
 1003 004b 08       		.uleb128 0x8
 1004 004c 34       		.uleb128 0x34
 1005 004d 00       		.byte	0
 1006 004e 03       		.uleb128 0x3
 1007 004f 0E       		.uleb128 0xe
 1008 0050 3A       		.uleb128 0x3a
 1009 0051 0B       		.uleb128 0xb
 1010 0052 3B       		.uleb128 0x3b
 1011 0053 0B       		.uleb128 0xb
 1012 0054 49       		.uleb128 0x49
 1013 0055 13       		.uleb128 0x13
 1014 0056 3F       		.uleb128 0x3f
 1015 0057 19       		.uleb128 0x19
 1016 0058 02       		.uleb128 0x2
 1017 0059 18       		.uleb128 0x18
 1018 005a 00       		.byte	0
 1019 005b 00       		.byte	0
 1020 005c 09       		.uleb128 0x9
 1021 005d 21       		.uleb128 0x21
 1022 005e 00       		.byte	0
ARM GAS  C:\Users\santoree\AppData\Local\Temp\ccnbY8NP.s 			page 19


 1023 005f 49       		.uleb128 0x49
 1024 0060 13       		.uleb128 0x13
 1025 0061 2F       		.uleb128 0x2f
 1026 0062 0B       		.uleb128 0xb
 1027 0063 00       		.byte	0
 1028 0064 00       		.byte	0
 1029 0065 00       		.byte	0
 1030              		.section	.debug_aranges,"",%progbits
 1031 0000 14000000 		.4byte	0x14
 1032 0004 0200     		.2byte	0x2
 1033 0006 00000000 		.4byte	.Ldebug_info0
 1034 000a 04       		.byte	0x4
 1035 000b 00       		.byte	0
 1036 000c 0000     		.2byte	0
 1037 000e 0000     		.2byte	0
 1038 0010 00000000 		.4byte	0
 1039 0014 00000000 		.4byte	0
 1040              		.section	.debug_line,"",%progbits
 1041              	.Ldebug_line0:
 1042 0000 3D010000 		.section	.debug_str,"MS",%progbits,1
 1042      02003701 
 1042      00000201 
 1042      FB0E0D00 
 1042      01010101 
 1043              	.LASF9:
 1044 0000 5F5F7569 		.ascii	"__uint8_t\000"
 1044      6E74385F 
 1044      7400
 1045              	.LASF16:
 1046 000a 63795F6D 		.ascii	"cy_metadata\000"
 1046      65746164 
 1046      61746100 
 1047              	.LASF1:
 1048 0016 756E7369 		.ascii	"unsigned char\000"
 1048      676E6564 
 1048      20636861 
 1048      7200
 1049              	.LASF17:
 1050 0024 474E5520 		.ascii	"GNU C11 5.4.1 20160609 (release) [ARM/embedded-5-br"
 1050      43313120 
 1050      352E342E 
 1050      31203230 
 1050      31363036 
 1051 0057 616E6368 		.ascii	"anch revision 237715] -mcpu=cortex-m3 -mthumb -g -O"
 1051      20726576 
 1051      6973696F 
 1051      6E203233 
 1051      37373135 
 1052 008a 67202D66 		.ascii	"g -ffunction-sections -ffat-lto-objects\000"
 1052      66756E63 
 1052      74696F6E 
 1052      2D736563 
 1052      74696F6E 
 1053              	.LASF5:
 1054 00b2 6C6F6E67 		.ascii	"long unsigned int\000"
 1054      20756E73 
 1054      69676E65 
ARM GAS  C:\Users\santoree\AppData\Local\Temp\ccnbY8NP.s 			page 20


 1054      6420696E 
 1054      7400
 1055              	.LASF3:
 1056 00c4 73686F72 		.ascii	"short unsigned int\000"
 1056      7420756E 
 1056      7369676E 
 1056      65642069 
 1056      6E7400
 1057              	.LASF13:
 1058 00d7 63795F6D 		.ascii	"cy_meta_custnvl\000"
 1058      6574615F 
 1058      63757374 
 1058      6E766C00 
 1059              	.LASF12:
 1060 00e7 63795F6D 		.ascii	"cy_meta_configecc\000"
 1060      6574615F 
 1060      636F6E66 
 1060      69676563 
 1060      6300
 1061              	.LASF8:
 1062 00f9 756E7369 		.ascii	"unsigned int\000"
 1062      676E6564 
 1062      20696E74 
 1062      00
 1063              	.LASF7:
 1064 0106 6C6F6E67 		.ascii	"long long unsigned int\000"
 1064      206C6F6E 
 1064      6720756E 
 1064      7369676E 
 1064      65642069 
 1065              	.LASF10:
 1066 011d 75696E74 		.ascii	"uint8_t\000"
 1066      385F7400 
 1067              	.LASF15:
 1068 0125 63795F6D 		.ascii	"cy_meta_flashprotect\000"
 1068      6574615F 
 1068      666C6173 
 1068      6870726F 
 1068      74656374 
 1069              	.LASF14:
 1070 013a 63795F6D 		.ascii	"cy_meta_wonvl\000"
 1070      6574615F 
 1070      776F6E76 
 1070      6C00
 1071              	.LASF11:
 1072 0148 73697A65 		.ascii	"sizetype\000"
 1072      74797065 
 1072      00
 1073              	.LASF6:
 1074 0151 6C6F6E67 		.ascii	"long long int\000"
 1074      206C6F6E 
 1074      6720696E 
 1074      7400
 1075              	.LASF19:
 1076 015f 433A5C55 		.ascii	"C:\\Users\\dgilliland\\Documents\\GitHub\\Retro-Com"
 1076      73657273 
 1076      5C646769 
ARM GAS  C:\Users\santoree\AppData\Local\Temp\ccnbY8NP.s 			page 21


 1076      6C6C696C 
 1076      616E645C 
 1077 018d 70757465 		.ascii	"puters\\Z80\\PSOC\\PSOC_Design_Files\\GS_9_Chip_PSo"
 1077      72735C5A 
 1077      38305C50 
 1077      534F435C 
 1077      50534F43 
 1078 01bc 435C4F44 		.ascii	"C\\ODAS-PSOC5-USB_Serial-01.cydsn\000"
 1078      41532D50 
 1078      534F4335 
 1078      2D555342 
 1078      5F536572 
 1079              	.LASF2:
 1080 01dd 73686F72 		.ascii	"short int\000"
 1080      7420696E 
 1080      7400
 1081              	.LASF4:
 1082 01e7 6C6F6E67 		.ascii	"long int\000"
 1082      20696E74 
 1082      00
 1083              	.LASF0:
 1084 01f0 7369676E 		.ascii	"signed char\000"
 1084      65642063 
 1084      68617200 
 1085              	.LASF18:
 1086 01fc 47656E65 		.ascii	"Generated_Source\\PSoC5\\cymetadata.c\000"
 1086      72617465 
 1086      645F536F 
 1086      75726365 
 1086      5C50536F 
 1087              		.ident	"GCC: (GNU Tools for ARM Embedded Processors) 5.4.1 20160609 (release) [ARM/embedded-5-bran
