Flow report for LED-SWITCHES-2
Tue Jul 06 19:05:19 2021
Quartus Prime Version 20.1.0 Build 711 06/05/2020 SJ Lite Edition


---------------------
; Table of Contents ;
---------------------
  1. Legal Notice
  2. Flow Summary
  3. Flow Settings
  4. Flow Non-Default Global Settings
  5. Flow Elapsed Time
  6. Flow OS Summary
  7. Flow Log
  8. Flow Messages
  9. Flow Suppressed Messages



----------------
; Legal Notice ;
----------------
Copyright (C) 2020  Intel Corporation. All rights reserved.
Your use of Intel Corporation's design tools, logic functions 
and other software and tools, and any partner logic 
functions, and any output files from any of the foregoing 
(including device programming or simulation files), and any 
associated documentation or information are expressly subject 
to the terms and conditions of the Intel Program License 
Subscription Agreement, the Intel Quartus Prime License Agreement,
the Intel FPGA IP License Agreement, or other applicable license
agreement, including, without limitation, that your use is for
the sole purpose of programming logic devices manufactured by
Intel and sold by Intel or its authorized distributors.  Please
refer to the applicable agreement for further details, at
https://fpgasoftware.intel.com/eula.



+-------------------------------------------------------------------------------+
; Flow Summary                                                                  ;
+---------------------------------+---------------------------------------------+
; Flow Status                     ; Successful - Tue Jul 06 19:05:05 2021       ;
; Quartus Prime Version           ; 20.1.0 Build 711 06/05/2020 SJ Lite Edition ;
; Revision Name                   ; LED-SWITCHES-2                              ;
; Top-level Entity Name           ; LEDSWITCHES2                                ;
; Family                          ; Cyclone V                                   ;
; Device                          ; 5CEFA2F23I7                                 ;
; Timing Models                   ; Final                                       ;
; Logic utilization (in ALMs)     ; 5 / 9,430 ( < 1 % )                         ;
; Total registers                 ; 16                                          ;
; Total pins                      ; 26 / 224 ( 12 % )                           ;
; Total virtual pins              ; 0                                           ;
; Total block memory bits         ; 0 / 1,802,240 ( 0 % )                       ;
; Total DSP Blocks                ; 0 / 25 ( 0 % )                              ;
; Total HSSI RX PCSs              ; 0                                           ;
; Total HSSI PMA RX Deserializers ; 0                                           ;
; Total HSSI TX PCSs              ; 0                                           ;
; Total HSSI PMA TX Serializers   ; 0                                           ;
; Total PLLs                      ; 0 / 4 ( 0 % )                               ;
; Total DLLs                      ; 0 / 4 ( 0 % )                               ;
+---------------------------------+---------------------------------------------+


+-----------------------------------------+
; Flow Settings                           ;
+-------------------+---------------------+
; Option            ; Setting             ;
+-------------------+---------------------+
; Start date & time ; 07/06/2021 14:12:18 ;
; Main task         ; Compilation         ;
; Revision Name     ; LED-SWITCHES-2      ;
+-------------------+---------------------+


+---------------------------------------------------------------------------------------------------------------------------+
; Flow Non-Default Global Settings                                                                                          ;
+-------------------------------------+----------------------------------------+----------------+--------------+------------+
; Assignment Name                     ; Value                                  ; Default Value  ; Entity Name  ; Section Id ;
+-------------------------------------+----------------------------------------+----------------+--------------+------------+
; COMPILER_SIGNATURE_ID               ; 10995770589187.162559513702960         ; --             ; --           ; --         ;
; MAX_CORE_JUNCTION_TEMP              ; 85                                     ; --             ; --           ; --         ;
; MIN_CORE_JUNCTION_TEMP              ; 0                                      ; --             ; --           ; --         ;
; PARTITION_COLOR                     ; -- (Not supported for targeted family) ; --             ; LEDSWITCHES2 ; Top        ;
; PARTITION_FITTER_PRESERVATION_LEVEL ; -- (Not supported for targeted family) ; --             ; LEDSWITCHES2 ; Top        ;
; PARTITION_NETLIST_TYPE              ; -- (Not supported for targeted family) ; --             ; LEDSWITCHES2 ; Top        ;
; POWER_BOARD_THERMAL_MODEL           ; None (CONSERVATIVE)                    ; --             ; --           ; --         ;
; POWER_PRESET_COOLING_SOLUTION       ; 23 MM HEAT SINK WITH 200 LFPM AIRFLOW  ; --             ; --           ; --         ;
; PROJECT_OUTPUT_DIRECTORY            ; output_files                           ; --             ; --           ; --         ;
; SMART_RECOMPILE                     ; On                                     ; Off            ; --           ; --         ;
; TOP_LEVEL_ENTITY                    ; LEDSWITCHES2                           ; LED-SWITCHES-2 ; --           ; --         ;
+-------------------------------------+----------------------------------------+----------------+--------------+------------+


+--------------------------------------------------------------------------------------------------------------------------+
; Flow Elapsed Time                                                                                                        ;
+----------------------+--------------+-------------------------+---------------------+------------------------------------+
; Module Name          ; Elapsed Time ; Average Processors Used ; Peak Virtual Memory ; Total CPU Time (on all processors) ;
+----------------------+--------------+-------------------------+---------------------+------------------------------------+
; Analysis & Synthesis ; 00:00:17     ; 1.0                     ; 4854 MB             ; 00:00:36                           ;
; Fitter               ; 00:00:28     ; 1.0                     ; 6215 MB             ; 00:00:41                           ;
; Assembler            ; 00:00:05     ; 1.0                     ; 4815 MB             ; 00:00:06                           ;
; Timing Analyzer      ; 00:00:09     ; 1.0                     ; 5052 MB             ; 00:00:09                           ;
; Fitter               ; 00:00:34     ; 1.0                     ; 6224 MB             ; 00:00:42                           ;
; Assembler            ; 00:00:06     ; 1.0                     ; 4815 MB             ; 00:00:07                           ;
; Timing Analyzer      ; 00:00:09     ; 1.0                     ; 5050 MB             ; 00:00:09                           ;
; Fitter               ; 00:00:30     ; 1.0                     ; 6222 MB             ; 00:00:42                           ;
; Assembler            ; 00:00:07     ; 1.0                     ; 4814 MB             ; 00:00:06                           ;
; Timing Analyzer      ; 00:00:10     ; 1.0                     ; 5050 MB             ; 00:00:09                           ;
; Fitter               ; 00:00:46     ; 1.0                     ; 6271 MB             ; 00:00:46                           ;
; Assembler            ; 00:00:10     ; 1.0                     ; 4822 MB             ; 00:00:08                           ;
; Timing Analyzer      ; 00:00:12     ; 1.1                     ; 5097 MB             ; 00:00:11                           ;
; Total                ; 00:03:43     ; --                      ; --                  ; 00:04:32                           ;
+----------------------+--------------+-------------------------+---------------------+------------------------------------+


+------------------------------------------------------------------------------------+
; Flow OS Summary                                                                    ;
+----------------------+------------------+------------+------------+----------------+
; Module Name          ; Machine Hostname ; OS Name    ; OS Version ; Processor type ;
+----------------------+------------------+------------+------------+----------------+
; Analysis & Synthesis ; DESKTOP-2UF8LNB  ; Windows 10 ; 10.0       ; x86_64         ;
; Fitter               ; DESKTOP-2UF8LNB  ; Windows 10 ; 10.0       ; x86_64         ;
; Assembler            ; DESKTOP-2UF8LNB  ; Windows 10 ; 10.0       ; x86_64         ;
; Timing Analyzer      ; DESKTOP-2UF8LNB  ; Windows 10 ; 10.0       ; x86_64         ;
; Fitter               ; DESKTOP-2UF8LNB  ; Windows 10 ; 10.0       ; x86_64         ;
; Assembler            ; DESKTOP-2UF8LNB  ; Windows 10 ; 10.0       ; x86_64         ;
; Timing Analyzer      ; DESKTOP-2UF8LNB  ; Windows 10 ; 10.0       ; x86_64         ;
; Fitter               ; DESKTOP-2UF8LNB  ; Windows 10 ; 10.0       ; x86_64         ;
; Assembler            ; DESKTOP-2UF8LNB  ; Windows 10 ; 10.0       ; x86_64         ;
; Timing Analyzer      ; DESKTOP-2UF8LNB  ; Windows 10 ; 10.0       ; x86_64         ;
; Fitter               ; DESKTOP-2UF8LNB  ; Windows 10 ; 10.0       ; x86_64         ;
; Assembler            ; DESKTOP-2UF8LNB  ; Windows 10 ; 10.0       ; x86_64         ;
; Timing Analyzer      ; DESKTOP-2UF8LNB  ; Windows 10 ; 10.0       ; x86_64         ;
+----------------------+------------------+------------+------------+----------------+


------------
; Flow Log ;
------------
quartus_map --read_settings_files=on --write_settings_files=off LED-SWITCHES-2 -c LED-SWITCHES-2
quartus_fit --read_settings_files=off --write_settings_files=off LED-SWITCHES-2 -c LED-SWITCHES-2
quartus_asm --read_settings_files=off --write_settings_files=off LED-SWITCHES-2 -c LED-SWITCHES-2
quartus_sta LED-SWITCHES-2 -c LED-SWITCHES-2
quartus_fit --read_settings_files=on --write_settings_files=off LED-SWITCHES-2 -c LED-SWITCHES-2
quartus_asm --read_settings_files=off --write_settings_files=off LED-SWITCHES-2 -c LED-SWITCHES-2
quartus_sta LED-SWITCHES-2 -c LED-SWITCHES-2
quartus_fit --read_settings_files=on --write_settings_files=off LED-SWITCHES-2 -c LED-SWITCHES-2
quartus_asm --read_settings_files=off --write_settings_files=off LED-SWITCHES-2 -c LED-SWITCHES-2
quartus_sta LED-SWITCHES-2 -c LED-SWITCHES-2
quartus_fit --read_settings_files=on --write_settings_files=off LED-SWITCHES-2 -c LED-SWITCHES-2
quartus_asm --read_settings_files=off --write_settings_files=off LED-SWITCHES-2 -c LED-SWITCHES-2
quartus_sta LED-SWITCHES-2 -c LED-SWITCHES-2



